[Init] Inputs : eta=0.10, epsilon=0.50, r=0.50
[Init] LSH Parameters : w=1.577, p1=0.7472, p2=0.6267, rho=0.6236
[Init] Data Structure Parameters : k=24, L=1140, key_bits=768, mode=speed
[Build] Starting insertion...
[Build] Inserted 100/50000 points, avg insert time: 9.310 ms
[Build] Inserted 200/50000 points, avg insert time: 6.569 ms
[Build] Inserted 300/50000 points, avg insert time: 11.591 ms
[Build] Inserted 400/50000 points, avg insert time: 10.255 ms
[Build] Inserted 500/50000 points, avg insert time: 8.467 ms
[Build] Inserted 600/50000 points, avg insert time: 9.849 ms
[Build] Inserted 700/50000 points, avg insert time: 7.024 ms
[Build] Inserted 800/50000 points, avg insert time: 4.940 ms
[Build] Inserted 900/50000 points, avg insert time: 6.574 ms
[Build] Inserted 1000/50000 points, avg insert time: 20.894 ms
[Build] Inserted 1100/50000 points, avg insert time: 7.012 ms
[Build] Inserted 1200/50000 points, avg insert time: 7.148 ms
[Build] Inserted 1300/50000 points, avg insert time: 6.395 ms
[Build] Inserted 1400/50000 points, avg insert time: 5.691 ms
[Build] Inserted 1500/50000 points, avg insert time: 7.824 ms
[Build] Inserted 1600/50000 points, avg insert time: 5.624 ms
[Build] Inserted 1700/50000 points, avg insert time: 7.920 ms
[Build] Inserted 1800/50000 points, avg insert time: 4.662 ms
[Build] Inserted 1900/50000 points, avg insert time: 5.137 ms
[Build] Inserted 2000/50000 points, avg insert time: 6.086 ms
[Build] Inserted 2100/50000 points, avg insert time: 6.447 ms
[Build] Inserted 2200/50000 points, avg insert time: 4.568 ms
[Build] Inserted 2300/50000 points, avg insert time: 7.967 ms
[Build] Inserted 2400/50000 points, avg insert time: 4.345 ms
[Build] Inserted 2500/50000 points, avg insert time: 7.498 ms
[Build] Inserted 2600/50000 points, avg insert time: 5.453 ms
[Build] Inserted 2700/50000 points, avg insert time: 7.696 ms
[Build] Inserted 2800/50000 points, avg insert time: 4.132 ms
[Build] Inserted 2900/50000 points, avg insert time: 6.131 ms
[Build] Inserted 3000/50000 points, avg insert time: 5.448 ms
[Build] Inserted 3100/50000 points, avg insert time: 9.008 ms
[Build] Inserted 3200/50000 points, avg insert time: 9.162 ms
[Build] Inserted 3300/50000 points, avg insert time: 6.715 ms
[Build] Inserted 3400/50000 points, avg insert time: 6.769 ms
[Build] Inserted 3500/50000 points, avg insert time: 7.493 ms
[Build] Inserted 3600/50000 points, avg insert time: 8.054 ms
[Build] Inserted 3700/50000 points, avg insert time: 6.414 ms
[Build] Inserted 3800/50000 points, avg insert time: 7.091 ms
[Build] Inserted 3900/50000 points, avg insert time: 8.329 ms
[Build] Inserted 4000/50000 points, avg insert time: 9.717 ms
[Build] Inserted 4100/50000 points, avg insert time: 7.071 ms
[Build] Inserted 4200/50000 points, avg insert time: 7.100 ms
[Build] Inserted 4300/50000 points, avg insert time: 8.486 ms
[Build] Inserted 4400/50000 points, avg insert time: 6.341 ms
[Build] Inserted 4500/50000 points, avg insert time: 5.680 ms
[Build] Inserted 4600/50000 points, avg insert time: 6.608 ms
[Build] Inserted 4700/50000 points, avg insert time: 8.253 ms
[Build] Inserted 4800/50000 points, avg insert time: 7.474 ms
[Build] Inserted 4900/50000 points, avg insert time: 6.471 ms
[Build] Inserted 5000/50000 points, avg insert time: 6.988 ms
[Build] Inserted 5100/50000 points, avg insert time: 7.093 ms
[Build] Inserted 5200/50000 points, avg insert time: 10.056 ms
[Build] Inserted 5300/50000 points, avg insert time: 7.030 ms
[Build] Inserted 5400/50000 points, avg insert time: 7.487 ms
[Build] Inserted 5500/50000 points, avg insert time: 7.576 ms
[Build] Inserted 5600/50000 points, avg insert time: 4.852 ms
[Build] Inserted 5700/50000 points, avg insert time: 15.604 ms
[Build] Inserted 5800/50000 points, avg insert time: 7.303 ms
[Build] Inserted 5900/50000 points, avg insert time: 7.813 ms
[Build] Inserted 6000/50000 points, avg insert time: 8.113 ms
[Build] Inserted 6100/50000 points, avg insert time: 7.048 ms
[Build] Inserted 6200/50000 points, avg insert time: 6.432 ms
[Build] Inserted 6300/50000 points, avg insert time: 9.643 ms
[Build] Inserted 6400/50000 points, avg insert time: 7.951 ms
[Build] Inserted 6500/50000 points, avg insert time: 6.980 ms
[Build] Inserted 6600/50000 points, avg insert time: 5.076 ms
[Build] Inserted 6700/50000 points, avg insert time: 6.416 ms
[Build] Inserted 6800/50000 points, avg insert time: 9.043 ms
[Build] Inserted 6900/50000 points, avg insert time: 8.885 ms
[Build] Inserted 7000/50000 points, avg insert time: 6.298 ms
[Build] Inserted 7100/50000 points, avg insert time: 9.059 ms
[Build] Inserted 7200/50000 points, avg insert time: 6.283 ms
[Build] Inserted 7300/50000 points, avg insert time: 7.374 ms
[Build] Inserted 7400/50000 points, avg insert time: 7.296 ms
[Build] Inserted 7500/50000 points, avg insert time: 6.883 ms
[Build] Inserted 7600/50000 points, avg insert time: 7.028 ms
[Build] Inserted 7700/50000 points, avg insert time: 7.230 ms
[Build] Inserted 7800/50000 points, avg insert time: 6.005 ms
[Build] Inserted 7900/50000 points, avg insert time: 7.104 ms
[Build] Inserted 8000/50000 points, avg insert time: 7.722 ms
[Build] Inserted 8100/50000 points, avg insert time: 7.289 ms
[Build] Inserted 8200/50000 points, avg insert time: 5.180 ms
[Build] Inserted 8300/50000 points, avg insert time: 6.747 ms
[Build] Inserted 8400/50000 points, avg insert time: 7.442 ms
[Build] Inserted 8500/50000 points, avg insert time: 6.880 ms
[Build] Inserted 8600/50000 points, avg insert time: 6.683 ms
[Build] Inserted 8700/50000 points, avg insert time: 7.651 ms
[Build] Inserted 8800/50000 points, avg insert time: 7.807 ms
[Build] Inserted 8900/50000 points, avg insert time: 6.472 ms
[Build] Inserted 9000/50000 points, avg insert time: 12.605 ms
[Build] Inserted 9100/50000 points, avg insert time: 7.441 ms
[Build] Inserted 9200/50000 points, avg insert time: 7.042 ms
[Build] Inserted 9300/50000 points, avg insert time: 7.981 ms
[Build] Inserted 9400/50000 points, avg insert time: 5.353 ms
[Build] Inserted 9500/50000 points, avg insert time: 6.724 ms
[Build] Inserted 9600/50000 points, avg insert time: 6.719 ms
[Build] Inserted 9700/50000 points, avg insert time: 5.867 ms
[Build] Inserted 9800/50000 points, avg insert time: 5.750 ms
[Build] Inserted 9900/50000 points, avg insert time: 6.152 ms
[Build] Inserted 10000/50000 points, avg insert time: 5.663 ms
[Build] Inserted 10100/50000 points, avg insert time: 7.326 ms
[Build] Inserted 10200/50000 points, avg insert time: 17.918 ms
[Build] Inserted 10300/50000 points, avg insert time: 7.347 ms
[Build] Inserted 10400/50000 points, avg insert time: 6.996 ms
[Build] Inserted 10500/50000 points, avg insert time: 6.299 ms
[Build] Inserted 10600/50000 points, avg insert time: 5.807 ms
[Build] Inserted 10700/50000 points, avg insert time: 8.644 ms
[Build] Inserted 10800/50000 points, avg insert time: 5.553 ms
[Build] Inserted 10900/50000 points, avg insert time: 6.237 ms
[Build] Inserted 11000/50000 points, avg insert time: 6.062 ms
[Build] Inserted 11100/50000 points, avg insert time: 7.115 ms
[Build] Inserted 11200/50000 points, avg insert time: 8.045 ms
[Build] Inserted 11300/50000 points, avg insert time: 6.669 ms
[Build] Inserted 11400/50000 points, avg insert time: 6.932 ms
[Build] Inserted 11500/50000 points, avg insert time: 7.390 ms
[Build] Inserted 11600/50000 points, avg insert time: 6.386 ms
[Build] Inserted 11700/50000 points, avg insert time: 5.908 ms
[Build] Inserted 11800/50000 points, avg insert time: 6.354 ms
[Build] Inserted 11900/50000 points, avg insert time: 7.506 ms
[Build] Inserted 12000/50000 points, avg insert time: 6.740 ms
[Build] Inserted 12100/50000 points, avg insert time: 11.844 ms
[Build] Inserted 12200/50000 points, avg insert time: 7.126 ms
[Build] Inserted 12300/50000 points, avg insert time: 6.854 ms
[Build] Inserted 12400/50000 points, avg insert time: 6.783 ms
[Build] Inserted 12500/50000 points, avg insert time: 8.337 ms
[Build] Inserted 12600/50000 points, avg insert time: 6.665 ms
[Build] Inserted 12700/50000 points, avg insert time: 6.890 ms
[Build] Inserted 12800/50000 points, avg insert time: 6.907 ms
[Build] Inserted 12900/50000 points, avg insert time: 7.218 ms
[Build] Inserted 13000/50000 points, avg insert time: 5.498 ms
[Build] Inserted 13100/50000 points, avg insert time: 8.275 ms
[Build] Inserted 13200/50000 points, avg insert time: 7.937 ms
[Build] Inserted 13300/50000 points, avg insert time: 7.375 ms
[Build] Inserted 13400/50000 points, avg insert time: 6.891 ms
[Build] Inserted 13500/50000 points, avg insert time: 7.066 ms
[Build] Inserted 13600/50000 points, avg insert time: 7.950 ms
[Build] Inserted 13700/50000 points, avg insert time: 9.018 ms
[Build] Inserted 13800/50000 points, avg insert time: 5.437 ms
[Build] Inserted 13900/50000 points, avg insert time: 6.783 ms
[Build] Inserted 14000/50000 points, avg insert time: 8.516 ms
[Build] Inserted 14100/50000 points, avg insert time: 5.955 ms
[Build] Inserted 14200/50000 points, avg insert time: 6.651 ms
[Build] Inserted 14300/50000 points, avg insert time: 5.438 ms
[Build] Inserted 14400/50000 points, avg insert time: 5.474 ms
[Build] Inserted 14500/50000 points, avg insert time: 8.089 ms
[Build] Inserted 14600/50000 points, avg insert time: 5.088 ms
[Build] Inserted 14700/50000 points, avg insert time: 5.282 ms
[Build] Inserted 14800/50000 points, avg insert time: 5.321 ms
[Build] Inserted 14900/50000 points, avg insert time: 15.545 ms
[Build] Inserted 15000/50000 points, avg insert time: 4.290 ms
[Build] Inserted 15100/50000 points, avg insert time: 4.704 ms
[Build] Inserted 15200/50000 points, avg insert time: 6.749 ms
[Build] Inserted 15300/50000 points, avg insert time: 5.178 ms
[Build] Inserted 15400/50000 points, avg insert time: 5.230 ms
[Build] Inserted 15500/50000 points, avg insert time: 6.430 ms
[Build] Inserted 15600/50000 points, avg insert time: 5.488 ms
[Build] Inserted 15700/50000 points, avg insert time: 5.007 ms
[Build] Inserted 15800/50000 points, avg insert time: 4.719 ms
[Build] Inserted 15900/50000 points, avg insert time: 5.994 ms
[Build] Inserted 16000/50000 points, avg insert time: 4.634 ms
[Build] Inserted 16100/50000 points, avg insert time: 9.583 ms
[Build] Inserted 16200/50000 points, avg insert time: 5.711 ms
[Build] Inserted 16300/50000 points, avg insert time: 5.312 ms
[Build] Inserted 16400/50000 points, avg insert time: 4.379 ms
[Build] Inserted 16500/50000 points, avg insert time: 5.401 ms
[Build] Inserted 16600/50000 points, avg insert time: 5.847 ms
[Build] Inserted 16700/50000 points, avg insert time: 5.703 ms
[Build] Inserted 16800/50000 points, avg insert time: 4.758 ms
[Build] Inserted 16900/50000 points, avg insert time: 5.140 ms
[Build] Inserted 17000/50000 points, avg insert time: 7.234 ms
[Build] Inserted 17100/50000 points, avg insert time: 4.550 ms
[Build] Inserted 17200/50000 points, avg insert time: 6.007 ms
[Build] Inserted 17300/50000 points, avg insert time: 5.871 ms
[Build] Inserted 17400/50000 points, avg insert time: 4.347 ms
[Build] Inserted 17500/50000 points, avg insert time: 4.548 ms
[Build] Inserted 17600/50000 points, avg insert time: 6.542 ms
[Build] Inserted 17700/50000 points, avg insert time: 4.332 ms
[Build] Inserted 17800/50000 points, avg insert time: 4.542 ms
[Build] Inserted 17900/50000 points, avg insert time: 5.057 ms
[Build] Inserted 18000/50000 points, avg insert time: 4.958 ms
[Build] Inserted 18100/50000 points, avg insert time: 4.919 ms
[Build] Inserted 18200/50000 points, avg insert time: 5.389 ms
[Build] Inserted 18300/50000 points, avg insert time: 6.189 ms
[Build] Inserted 18400/50000 points, avg insert time: 4.938 ms
[Build] Inserted 18500/50000 points, avg insert time: 5.450 ms
[Build] Inserted 18600/50000 points, avg insert time: 4.638 ms
[Build] Inserted 18700/50000 points, avg insert time: 6.337 ms
[Build] Inserted 18800/50000 points, avg insert time: 4.922 ms
[Build] Inserted 18900/50000 points, avg insert time: 4.208 ms
[Build] Inserted 19000/50000 points, avg insert time: 5.518 ms
[Build] Inserted 19100/50000 points, avg insert time: 4.585 ms
[Build] Inserted 19200/50000 points, avg insert time: 7.889 ms
[Build] Inserted 19300/50000 points, avg insert time: 5.112 ms
[Build] Inserted 19400/50000 points, avg insert time: 5.716 ms
[Build] Inserted 19500/50000 points, avg insert time: 5.224 ms
[Build] Inserted 19600/50000 points, avg insert time: 4.522 ms
[Build] Inserted 19700/50000 points, avg insert time: 6.259 ms
[Build] Inserted 19800/50000 points, avg insert time: 3.847 ms
[Build] Inserted 19900/50000 points, avg insert time: 6.342 ms
[Build] Inserted 20000/50000 points, avg insert time: 5.865 ms
[Build] Inserted 20100/50000 points, avg insert time: 5.573 ms
[Build] Inserted 20200/50000 points, avg insert time: 6.606 ms
[Build] Inserted 20300/50000 points, avg insert time: 5.672 ms
[Build] Inserted 20400/50000 points, avg insert time: 6.611 ms
[Build] Inserted 20500/50000 points, avg insert time: 6.496 ms
[Build] Inserted 20600/50000 points, avg insert time: 5.505 ms
[Build] Inserted 20700/50000 points, avg insert time: 16.791 ms
[Build] Inserted 20800/50000 points, avg insert time: 7.061 ms
[Build] Inserted 20900/50000 points, avg insert time: 5.595 ms
[Build] Inserted 21000/50000 points, avg insert time: 5.896 ms
[Build] Inserted 21100/50000 points, avg insert time: 7.441 ms
[Build] Inserted 21200/50000 points, avg insert time: 5.985 ms
[Build] Inserted 21300/50000 points, avg insert time: 8.909 ms
[Build] Inserted 21400/50000 points, avg insert time: 5.378 ms
[Build] Inserted 21500/50000 points, avg insert time: 15.415 ms
[Build] Inserted 21600/50000 points, avg insert time: 5.748 ms
[Build] Inserted 21700/50000 points, avg insert time: 7.001 ms
[Build] Inserted 21800/50000 points, avg insert time: 5.376 ms
[Build] Inserted 21900/50000 points, avg insert time: 5.726 ms
[Build] Inserted 22000/50000 points, avg insert time: 5.740 ms
[Build] Inserted 22100/50000 points, avg insert time: 6.961 ms
[Build] Inserted 22200/50000 points, avg insert time: 6.425 ms
[Build] Inserted 22300/50000 points, avg insert time: 4.315 ms
[Build] Inserted 22400/50000 points, avg insert time: 6.109 ms
[Build] Inserted 22500/50000 points, avg insert time: 5.982 ms
[Build] Inserted 22600/50000 points, avg insert time: 4.588 ms
[Build] Inserted 22700/50000 points, avg insert time: 5.372 ms
[Build] Inserted 22800/50000 points, avg insert time: 7.672 ms
[Build] Inserted 22900/50000 points, avg insert time: 6.099 ms
[Build] Inserted 23000/50000 points, avg insert time: 4.764 ms
[Build] Inserted 23100/50000 points, avg insert time: 10.009 ms
[Build] Inserted 23200/50000 points, avg insert time: 5.392 ms
[Build] Inserted 23300/50000 points, avg insert time: 5.544 ms
[Build] Inserted 23400/50000 points, avg insert time: 6.577 ms
[Build] Inserted 23500/50000 points, avg insert time: 5.183 ms
[Build] Inserted 23600/50000 points, avg insert time: 5.608 ms
[Build] Inserted 23700/50000 points, avg insert time: 6.757 ms
[Build] Inserted 23800/50000 points, avg insert time: 5.899 ms
[Build] Inserted 23900/50000 points, avg insert time: 7.486 ms
[Build] Inserted 24000/50000 points, avg insert time: 5.653 ms
[Build] Inserted 24100/50000 points, avg insert time: 5.462 ms
[Build] Inserted 24200/50000 points, avg insert time: 5.461 ms
[Build] Inserted 24300/50000 points, avg insert time: 5.796 ms
[Build] Inserted 24400/50000 points, avg insert time: 5.331 ms
[Build] Inserted 24500/50000 points, avg insert time: 5.666 ms
[Build] Inserted 24600/50000 points, avg insert time: 5.630 ms
[Build] Inserted 24700/50000 points, avg insert time: 6.578 ms
[Build] Inserted 24800/50000 points, avg insert time: 5.652 ms
[Build] Inserted 24900/50000 points, avg insert time: 6.818 ms
[Build] Inserted 25000/50000 points, avg insert time: 4.848 ms
[Build] Inserted 25100/50000 points, avg insert time: 5.996 ms
[Build] Inserted 25200/50000 points, avg insert time: 7.666 ms
[Build] Inserted 25300/50000 points, avg insert time: 5.562 ms
[Build] Inserted 25400/50000 points, avg insert time: 4.783 ms
[Build] Inserted 25500/50000 points, avg insert time: 6.384 ms
[Build] Inserted 25600/50000 points, avg insert time: 5.886 ms
[Build] Inserted 25700/50000 points, avg insert time: 5.084 ms
[Build] Inserted 25800/50000 points, avg insert time: 4.829 ms
[Build] Inserted 25900/50000 points, avg insert time: 17.200 ms
[Build] Inserted 26000/50000 points, avg insert time: 6.285 ms
[Build] Inserted 26100/50000 points, avg insert time: 5.245 ms
[Build] Inserted 26200/50000 points, avg insert time: 7.039 ms
[Build] Inserted 26300/50000 points, avg insert time: 4.770 ms
[Build] Inserted 26400/50000 points, avg insert time: 4.001 ms
[Build] Inserted 26500/50000 points, avg insert time: 8.802 ms
[Build] Inserted 26600/50000 points, avg insert time: 5.581 ms
[Build] Inserted 26700/50000 points, avg insert time: 6.985 ms
[Build] Inserted 26800/50000 points, avg insert time: 7.081 ms
[Build] Inserted 26900/50000 points, avg insert time: 5.135 ms
[Build] Inserted 27000/50000 points, avg insert time: 4.965 ms
[Build] Inserted 27100/50000 points, avg insert time: 6.344 ms
[Build] Inserted 27200/50000 points, avg insert time: 6.226 ms
[Build] Inserted 27300/50000 points, avg insert time: 5.875 ms
[Build] Inserted 27400/50000 points, avg insert time: 5.054 ms
[Build] Inserted 27500/50000 points, avg insert time: 5.163 ms
[Build] Inserted 27600/50000 points, avg insert time: 5.226 ms
[Build] Inserted 27700/50000 points, avg insert time: 4.958 ms
[Build] Inserted 27800/50000 points, avg insert time: 5.836 ms
[Build] Inserted 27900/50000 points, avg insert time: 6.865 ms
[Build] Inserted 28000/50000 points, avg insert time: 4.693 ms
[Build] Inserted 28100/50000 points, avg insert time: 6.018 ms
[Build] Inserted 28200/50000 points, avg insert time: 7.581 ms
[Build] Inserted 28300/50000 points, avg insert time: 5.417 ms
[Build] Inserted 28400/50000 points, avg insert time: 5.269 ms
[Build] Inserted 28500/50000 points, avg insert time: 6.183 ms
[Build] Inserted 28600/50000 points, avg insert time: 6.002 ms
[Build] Inserted 28700/50000 points, avg insert time: 7.073 ms
[Build] Inserted 28800/50000 points, avg insert time: 4.781 ms
[Build] Inserted 28900/50000 points, avg insert time: 16.127 ms
[Build] Inserted 29000/50000 points, avg insert time: 5.419 ms
[Build] Inserted 29100/50000 points, avg insert time: 4.969 ms
[Build] Inserted 29200/50000 points, avg insert time: 6.101 ms
[Build] Inserted 29300/50000 points, avg insert time: 5.865 ms
[Build] Inserted 29400/50000 points, avg insert time: 6.279 ms
[Build] Inserted 29500/50000 points, avg insert time: 4.000 ms
[Build] Inserted 29600/50000 points, avg insert time: 3.801 ms
[Build] Inserted 29700/50000 points, avg insert time: 5.352 ms
[Build] Inserted 29800/50000 points, avg insert time: 5.987 ms
[Build] Inserted 29900/50000 points, avg insert time: 4.962 ms
[Build] Inserted 30000/50000 points, avg insert time: 5.985 ms
[Build] Inserted 30100/50000 points, avg insert time: 6.413 ms
[Build] Inserted 30200/50000 points, avg insert time: 5.857 ms
[Build] Inserted 30300/50000 points, avg insert time: 6.142 ms
[Build] Inserted 30400/50000 points, avg insert time: 5.973 ms
[Build] Inserted 30500/50000 points, avg insert time: 7.616 ms
[Build] Inserted 30600/50000 points, avg insert time: 7.511 ms
[Build] Inserted 30700/50000 points, avg insert time: 6.442 ms
[Build] Inserted 30800/50000 points, avg insert time: 6.468 ms
[Build] Inserted 30900/50000 points, avg insert time: 4.668 ms
[Build] Inserted 31000/50000 points, avg insert time: 6.019 ms
[Build] Inserted 31100/50000 points, avg insert time: 7.210 ms
[Build] Inserted 31200/50000 points, avg insert time: 16.389 ms
[Build] Inserted 31300/50000 points, avg insert time: 7.281 ms
[Build] Inserted 31400/50000 points, avg insert time: 7.542 ms
[Build] Inserted 31500/50000 points, avg insert time: 8.941 ms
[Build] Inserted 31600/50000 points, avg insert time: 8.647 ms
[Build] Inserted 31700/50000 points, avg insert time: 7.981 ms
[Build] Inserted 31800/50000 points, avg insert time: 8.710 ms
[Build] Inserted 31900/50000 points, avg insert time: 8.966 ms
[Build] Inserted 32000/50000 points, avg insert time: 5.384 ms
[Build] Inserted 32100/50000 points, avg insert time: 8.053 ms
[Build] Inserted 32200/50000 points, avg insert time: 6.413 ms
[Build] Inserted 32300/50000 points, avg insert time: 5.813 ms
[Build] Inserted 32400/50000 points, avg insert time: 6.355 ms
[Build] Inserted 32500/50000 points, avg insert time: 6.091 ms
[Build] Inserted 32600/50000 points, avg insert time: 7.856 ms
[Build] Inserted 32700/50000 points, avg insert time: 8.292 ms
[Build] Inserted 32800/50000 points, avg insert time: 5.751 ms
[Build] Inserted 32900/50000 points, avg insert time: 8.233 ms
[Build] Inserted 33000/50000 points, avg insert time: 6.989 ms
[Build] Inserted 33100/50000 points, avg insert time: 7.141 ms
[Build] Inserted 33200/50000 points, avg insert time: 5.492 ms
[Build] Inserted 33300/50000 points, avg insert time: 6.015 ms
[Build] Inserted 33400/50000 points, avg insert time: 4.663 ms
[Build] Inserted 33500/50000 points, avg insert time: 6.302 ms
[Build] Inserted 33600/50000 points, avg insert time: 6.678 ms
[Build] Inserted 33700/50000 points, avg insert time: 5.659 ms
[Build] Inserted 33800/50000 points, avg insert time: 4.800 ms
[Build] Inserted 33900/50000 points, avg insert time: 4.542 ms
[Build] Inserted 34000/50000 points, avg insert time: 6.241 ms
[Build] Inserted 34100/50000 points, avg insert time: 4.677 ms
[Build] Inserted 34200/50000 points, avg insert time: 5.343 ms
[Build] Inserted 34300/50000 points, avg insert time: 7.239 ms
[Build] Inserted 34400/50000 points, avg insert time: 9.540 ms
[Build] Inserted 34500/50000 points, avg insert time: 6.376 ms
[Build] Inserted 34600/50000 points, avg insert time: 5.406 ms
[Build] Inserted 34700/50000 points, avg insert time: 7.886 ms
[Build] Inserted 34800/50000 points, avg insert time: 9.050 ms
[Build] Inserted 34900/50000 points, avg insert time: 8.800 ms
[Build] Inserted 35000/50000 points, avg insert time: 7.215 ms
[Build] Inserted 35100/50000 points, avg insert time: 8.559 ms
[Build] Inserted 35200/50000 points, avg insert time: 9.712 ms
[Build] Inserted 35300/50000 points, avg insert time: 7.651 ms
[Build] Inserted 35400/50000 points, avg insert time: 5.828 ms
[Build] Inserted 35500/50000 points, avg insert time: 7.243 ms
[Build] Inserted 35600/50000 points, avg insert time: 5.581 ms
[Build] Inserted 35700/50000 points, avg insert time: 17.984 ms
[Build] Inserted 35800/50000 points, avg insert time: 9.741 ms
[Build] Inserted 35900/50000 points, avg insert time: 9.357 ms
[Build] Inserted 36000/50000 points, avg insert time: 9.172 ms
[Build] Inserted 36100/50000 points, avg insert time: 6.687 ms
[Build] Inserted 36200/50000 points, avg insert time: 8.222 ms
[Build] Inserted 36300/50000 points, avg insert time: 6.399 ms
[Build] Inserted 36400/50000 points, avg insert time: 7.880 ms
[Build] Inserted 36500/50000 points, avg insert time: 6.348 ms
[Build] Inserted 36600/50000 points, avg insert time: 6.224 ms
[Build] Inserted 36700/50000 points, avg insert time: 9.066 ms
[Build] Inserted 36800/50000 points, avg insert time: 8.179 ms
[Build] Inserted 36900/50000 points, avg insert time: 7.841 ms
[Build] Inserted 37000/50000 points, avg insert time: 5.927 ms
[Build] Inserted 37100/50000 points, avg insert time: 7.453 ms
[Build] Inserted 37200/50000 points, avg insert time: 6.806 ms
[Build] Inserted 37300/50000 points, avg insert time: 6.761 ms
[Build] Inserted 37400/50000 points, avg insert time: 6.051 ms
[Build] Inserted 37500/50000 points, avg insert time: 5.898 ms
[Build] Inserted 37600/50000 points, avg insert time: 6.904 ms
[Build] Inserted 37700/50000 points, avg insert time: 7.637 ms
[Build] Inserted 37800/50000 points, avg insert time: 6.496 ms
[Build] Inserted 37900/50000 points, avg insert time: 5.266 ms
[Build] Inserted 38000/50000 points, avg insert time: 5.298 ms
[Build] Inserted 38100/50000 points, avg insert time: 7.103 ms
[Build] Inserted 38200/50000 points, avg insert time: 5.026 ms
[Build] Inserted 38300/50000 points, avg insert time: 5.710 ms
[Build] Inserted 38400/50000 points, avg insert time: 5.475 ms
[Build] Inserted 38500/50000 points, avg insert time: 3.796 ms
[Build] Inserted 38600/50000 points, avg insert time: 7.327 ms
[Build] Inserted 38700/50000 points, avg insert time: 5.237 ms
[Build] Inserted 38800/50000 points, avg insert time: 6.682 ms
[Build] Inserted 38900/50000 points, avg insert time: 5.292 ms
[Build] Inserted 39000/50000 points, avg insert time: 5.047 ms
[Build] Inserted 39100/50000 points, avg insert time: 6.378 ms
[Build] Inserted 39200/50000 points, avg insert time: 5.840 ms
[Build] Inserted 39300/50000 points, avg insert time: 22.088 ms
[Build] Inserted 39400/50000 points, avg insert time: 5.794 ms
[Build] Inserted 39500/50000 points, avg insert time: 6.835 ms
[Build] Inserted 39600/50000 points, avg insert time: 6.707 ms
[Build] Inserted 39700/50000 points, avg insert time: 5.897 ms
[Build] Inserted 39800/50000 points, avg insert time: 5.878 ms
[Build] Inserted 39900/50000 points, avg insert time: 6.911 ms
[Build] Inserted 40000/50000 points, avg insert time: 5.074 ms
[Build] Inserted 40100/50000 points, avg insert time: 5.137 ms
[Build] Inserted 40200/50000 points, avg insert time: 6.540 ms
[Build] Inserted 40300/50000 points, avg insert time: 5.723 ms
[Build] Inserted 40400/50000 points, avg insert time: 17.795 ms
[Build] Inserted 40500/50000 points, avg insert time: 6.127 ms
[Build] Inserted 40600/50000 points, avg insert time: 7.347 ms
[Build] Inserted 40700/50000 points, avg insert time: 5.185 ms
[Build] Inserted 40800/50000 points, avg insert time: 5.290 ms
[Build] Inserted 40900/50000 points, avg insert time: 5.625 ms
[Build] Inserted 41000/50000 points, avg insert time: 4.683 ms
[Build] Inserted 41100/50000 points, avg insert time: 5.277 ms
[Build] Inserted 41200/50000 points, avg insert time: 5.428 ms
[Build] Inserted 41300/50000 points, avg insert time: 4.655 ms
[Build] Inserted 41400/50000 points, avg insert time: 6.542 ms
[Build] Inserted 41500/50000 points, avg insert time: 5.793 ms
[Build] Inserted 41600/50000 points, avg insert time: 4.823 ms
[Build] Inserted 41700/50000 points, avg insert time: 4.770 ms
[Build] Inserted 41800/50000 points, avg insert time: 7.112 ms
[Build] Inserted 41900/50000 points, avg insert time: 5.069 ms
[Build] Inserted 42000/50000 points, avg insert time: 4.463 ms
[Build] Inserted 42100/50000 points, avg insert time: 4.953 ms
[Build] Inserted 42200/50000 points, avg insert time: 5.773 ms
[Build] Inserted 42300/50000 points, avg insert time: 5.784 ms
[Build] Inserted 42400/50000 points, avg insert time: 5.586 ms
[Build] Inserted 42500/50000 points, avg insert time: 6.243 ms
[Build] Inserted 42600/50000 points, avg insert time: 4.889 ms
[Build] Inserted 42700/50000 points, avg insert time: 6.223 ms
[Build] Inserted 42800/50000 points, avg insert time: 5.890 ms
[Build] Inserted 42900/50000 points, avg insert time: 5.113 ms
[Build] Inserted 43000/50000 points, avg insert time: 6.834 ms
[Build] Inserted 43100/50000 points, avg insert time: 4.253 ms
[Build] Inserted 43200/50000 points, avg insert time: 5.151 ms
[Build] Inserted 43300/50000 points, avg insert time: 5.514 ms
[Build] Inserted 43400/50000 points, avg insert time: 5.644 ms
[Build] Inserted 43500/50000 points, avg insert time: 6.427 ms
[Build] Inserted 43600/50000 points, avg insert time: 7.001 ms
[Build] Inserted 43700/50000 points, avg insert time: 6.019 ms
[Build] Inserted 43800/50000 points, avg insert time: 6.575 ms
[Build] Inserted 43900/50000 points, avg insert time: 5.434 ms
[Build] Inserted 44000/50000 points, avg insert time: 4.648 ms
[Build] Inserted 44100/50000 points, avg insert time: 5.180 ms
[Build] Inserted 44200/50000 points, avg insert time: 6.273 ms
[Build] Inserted 44300/50000 points, avg insert time: 5.606 ms
[Build] Inserted 44400/50000 points, avg insert time: 5.692 ms
[Build] Inserted 44500/50000 points, avg insert time: 5.674 ms
[Build] Inserted 44600/50000 points, avg insert time: 5.181 ms
[Build] Inserted 44700/50000 points, avg insert time: 5.160 ms
[Build] Inserted 44800/50000 points, avg insert time: 4.014 ms
[Build] Inserted 44900/50000 points, avg insert time: 6.152 ms
[Build] Inserted 45000/50000 points, avg insert time: 5.732 ms
[Build] Inserted 45100/50000 points, avg insert time: 4.348 ms
[Build] Inserted 45200/50000 points, avg insert time: 5.050 ms
[Build] Inserted 45300/50000 points, avg insert time: 5.271 ms
[Build] Inserted 45400/50000 points, avg insert time: 5.626 ms
[Build] Inserted 45500/50000 points, avg insert time: 5.813 ms
[Build] Inserted 45600/50000 points, avg insert time: 4.614 ms
[Build] Inserted 45700/50000 points, avg insert time: 5.969 ms
[Build] Inserted 45800/50000 points, avg insert time: 5.715 ms
[Build] Inserted 45900/50000 points, avg insert time: 8.346 ms
[Build] Inserted 46000/50000 points, avg insert time: 6.867 ms
[Build] Inserted 46100/50000 points, avg insert time: 5.166 ms
[Build] Inserted 46200/50000 points, avg insert time: 16.812 ms
[Build] Inserted 46300/50000 points, avg insert time: 4.852 ms
[Build] Inserted 46400/50000 points, avg insert time: 5.018 ms
[Build] Inserted 46500/50000 points, avg insert time: 7.154 ms
[Build] Inserted 46600/50000 points, avg insert time: 5.700 ms
[Build] Inserted 46700/50000 points, avg insert time: 6.538 ms
[Build] Inserted 46800/50000 points, avg insert time: 6.020 ms
[Build] Inserted 46900/50000 points, avg insert time: 6.693 ms
[Build] Inserted 47000/50000 points, avg insert time: 5.653 ms
[Build] Inserted 47100/50000 points, avg insert time: 6.219 ms
[Build] Inserted 47200/50000 points, avg insert time: 6.370 ms
[Build] Inserted 47300/50000 points, avg insert time: 6.169 ms
[Build] Inserted 47400/50000 points, avg insert time: 4.773 ms
[Build] Inserted 47500/50000 points, avg insert time: 5.517 ms
[Build] Inserted 47600/50000 points, avg insert time: 5.520 ms
[Build] Inserted 47700/50000 points, avg insert time: 6.209 ms
[Build] Inserted 47800/50000 points, avg insert time: 6.336 ms
[Build] Inserted 47900/50000 points, avg insert time: 6.874 ms
[Build] Inserted 48000/50000 points, avg insert time: 5.495 ms
[Build] Inserted 48100/50000 points, avg insert time: 5.887 ms
[Build] Inserted 48200/50000 points, avg insert time: 6.248 ms
[Build] Inserted 48300/50000 points, avg insert time: 4.898 ms
[Build] Inserted 48400/50000 points, avg insert time: 6.299 ms
[Build] Inserted 48500/50000 points, avg insert time: 7.339 ms
[Build] Inserted 48600/50000 points, avg insert time: 7.192 ms
[Build] Inserted 48700/50000 points, avg insert time: 6.812 ms
[Build] Inserted 48800/50000 points, avg insert time: 6.705 ms
[Build] Inserted 48900/50000 points, avg insert time: 6.086 ms
[Build] Inserted 49000/50000 points, avg insert time: 6.848 ms
[Build] Inserted 49100/50000 points, avg insert time: 7.050 ms
[Build] Inserted 49200/50000 points, avg insert time: 8.031 ms
[Build] Inserted 49300/50000 points, avg insert time: 7.255 ms
[Build] Inserted 49400/50000 points, avg insert time: 6.983 ms
[Build] Inserted 49500/50000 points, avg insert time: 5.900 ms
[Build] Inserted 49600/50000 points, avg insert time: 7.963 ms
[Build] Inserted 49700/50000 points, avg insert time: 6.833 ms
[Build] Inserted 49800/50000 points, avg insert time: 11.901 ms
[Build] Inserted 49900/50000 points, avg insert time: 6.626 ms
[Build] Inserted 50000/50000 points, avg insert time: 6.968 ms
[Build] Starting queries...
[Query] Processed 100/5000 queries, avg query time: 107.215 ms
[Query] Processed 200/5000 queries, avg query time: 77.955 ms
[Query] Processed 300/5000 queries, avg query time: 68.103 ms
[Query] Processed 400/5000 queries, avg query time: 63.458 ms
[Query] Processed 500/5000 queries, avg query time: 59.697 ms
[Query] Processed 600/5000 queries, avg query time: 59.187 ms
[Query] Processed 700/5000 queries, avg query time: 57.105 ms
[Query] Processed 800/5000 queries, avg query time: 57.496 ms
[Query] Processed 900/5000 queries, avg query time: 56.277 ms
[Query] Processed 1000/5000 queries, avg query time: 54.982 ms
[Query] Processed 1100/5000 queries, avg query time: 54.282 ms
[Query] Processed 1200/5000 queries, avg query time: 53.793 ms
[Query] Processed 1300/5000 queries, avg query time: 53.485 ms
[Query] Processed 1400/5000 queries, avg query time: 53.998 ms
[Query] Processed 1500/5000 queries, avg query time: 53.278 ms
[Query] Processed 1600/5000 queries, avg query time: 52.757 ms
[Query] Processed 1700/5000 queries, avg query time: 52.086 ms
[Query] Processed 1800/5000 queries, avg query time: 51.624 ms
[Query] Processed 1900/5000 queries, avg query time: 51.146 ms
[Query] Processed 2000/5000 queries, avg query time: 50.661 ms
[Query] Processed 2100/5000 queries, avg query time: 50.549 ms
[Query] Processed 2200/5000 queries, avg query time: 50.839 ms
[Query] Processed 2300/5000 queries, avg query time: 50.691 ms
[Query] Processed 2400/5000 queries, avg query time: 50.424 ms
[Query] Processed 2500/5000 queries, avg query time: 50.187 ms
[Query] Processed 2600/5000 queries, avg query time: 49.838 ms
[Query] Processed 2700/5000 queries, avg query time: 49.671 ms
[Query] Processed 2800/5000 queries, avg query time: 49.608 ms
[Query] Processed 2900/5000 queries, avg query time: 49.862 ms
[Query] Processed 3000/5000 queries, avg query time: 49.736 ms
[Query] Processed 3100/5000 queries, avg query time: 49.505 ms
[Query] Processed 3200/5000 queries, avg query time: 49.247 ms
[Query] Processed 3300/5000 queries, avg query time: 49.076 ms
[Query] Processed 3400/5000 queries, avg query time: 48.978 ms
[Query] Processed 3500/5000 queries, avg query time: 51.595 ms
[Query] Processed 3600/5000 queries, avg query time: 51.915 ms
[Query] Processed 3700/5000 queries, avg query time: 51.935 ms
[Query] Processed 3800/5000 queries, avg query time: 51.822 ms
[Query] Processed 3900/5000 queries, avg query time: 51.656 ms
[Query] Processed 4000/5000 queries, avg query time: 51.574 ms
[Query] Processed 4100/5000 queries, avg query time: 51.796 ms
[Query] Processed 4200/5000 queries, avg query time: 51.624 ms
[Query] Processed 4300/5000 queries, avg query time: 51.445 ms
[Query] Processed 4400/5000 queries, avg query time: 51.221 ms
[Query] Processed 4500/5000 queries, avg query time: 50.980 ms
[Query] Processed 4600/5000 queries, avg query time: 50.898 ms
[Query] Processed 4700/5000 queries, avg query time: 50.758 ms
[Query] Processed 4800/5000 queries, avg query time: 50.977 ms
[Query] Processed 4900/5000 queries, avg query time: 50.910 ms
[Query] Processed 5000/5000 queries, avg query time: 50.828 ms
[Sanity Check] Total Relevant =  3722
[Result] Memory breakdown (MB): {'hash_functions_MB': 13.568115234375, 'bucket_ids_MB': 73.62007141113281, 'num_ids': 19299060, 'num_buckets': 8487164, 'hash_tables_overhead_MB': 712.2711486816406, 'total_MB': 799.4593353271484}
[Result] Epsilon-recall: 1.0000
[Result] (c,r)-ANN accuracy: 1.0000
[SUMMARY] r=0.5, eps=0.5, eta=0.1, recall=1.0000, (c,r)-ANN accuracy=1.0, memory=799.4593353271484
