[Init] Inputs : eta=0.30, epsilon=0.50, r=0.50
[Init] LSH Parameters : w=1.577, p1=0.7472, p2=0.6267, rho=0.6236
[Init] Data Structure Parameters : k=24, L=1140, key_bits=768, mode=speed
[Build] Starting insertion...
[Build] Inserted 100/50000 points, avg insert time: 0.560 ms
[Build] Inserted 200/50000 points, avg insert time: 1.210 ms
[Build] Inserted 300/50000 points, avg insert time: 2.115 ms
[Build] Inserted 400/50000 points, avg insert time: 0.804 ms
[Build] Inserted 500/50000 points, avg insert time: 1.123 ms
[Build] Inserted 600/50000 points, avg insert time: 1.474 ms
[Build] Inserted 700/50000 points, avg insert time: 2.173 ms
[Build] Inserted 800/50000 points, avg insert time: 1.420 ms
[Build] Inserted 900/50000 points, avg insert time: 1.168 ms
[Build] Inserted 1000/50000 points, avg insert time: 0.597 ms
[Build] Inserted 1100/50000 points, avg insert time: 1.452 ms
[Build] Inserted 1200/50000 points, avg insert time: 0.990 ms
[Build] Inserted 1300/50000 points, avg insert time: 2.528 ms
[Build] Inserted 1400/50000 points, avg insert time: 1.666 ms
[Build] Inserted 1500/50000 points, avg insert time: 1.031 ms
[Build] Inserted 1600/50000 points, avg insert time: 1.101 ms
[Build] Inserted 1700/50000 points, avg insert time: 2.397 ms
[Build] Inserted 1800/50000 points, avg insert time: 1.702 ms
[Build] Inserted 1900/50000 points, avg insert time: 0.353 ms
[Build] Inserted 2000/50000 points, avg insert time: 2.366 ms
[Build] Inserted 2100/50000 points, avg insert time: 0.874 ms
[Build] Inserted 2200/50000 points, avg insert time: 1.205 ms
[Build] Inserted 2300/50000 points, avg insert time: 0.386 ms
[Build] Inserted 2400/50000 points, avg insert time: 0.619 ms
[Build] Inserted 2500/50000 points, avg insert time: 0.434 ms
[Build] Inserted 2600/50000 points, avg insert time: 0.879 ms
[Build] Inserted 2700/50000 points, avg insert time: 0.530 ms
[Build] Inserted 2800/50000 points, avg insert time: 1.819 ms
[Build] Inserted 2900/50000 points, avg insert time: 1.042 ms
[Build] Inserted 3000/50000 points, avg insert time: 1.409 ms
[Build] Inserted 3100/50000 points, avg insert time: 1.260 ms
[Build] Inserted 3200/50000 points, avg insert time: 1.605 ms
[Build] Inserted 3300/50000 points, avg insert time: 1.047 ms
[Build] Inserted 3400/50000 points, avg insert time: 0.427 ms
[Build] Inserted 3500/50000 points, avg insert time: 1.457 ms
[Build] Inserted 3600/50000 points, avg insert time: 0.952 ms
[Build] Inserted 3700/50000 points, avg insert time: 1.378 ms
[Build] Inserted 3800/50000 points, avg insert time: 1.074 ms
[Build] Inserted 3900/50000 points, avg insert time: 1.748 ms
[Build] Inserted 4000/50000 points, avg insert time: 0.881 ms
[Build] Inserted 4100/50000 points, avg insert time: 0.321 ms
[Build] Inserted 4200/50000 points, avg insert time: 1.002 ms
[Build] Inserted 4300/50000 points, avg insert time: 0.306 ms
[Build] Inserted 4400/50000 points, avg insert time: 1.442 ms
[Build] Inserted 4500/50000 points, avg insert time: 1.075 ms
[Build] Inserted 4600/50000 points, avg insert time: 0.476 ms
[Build] Inserted 4700/50000 points, avg insert time: 0.467 ms
[Build] Inserted 4800/50000 points, avg insert time: 0.803 ms
[Build] Inserted 4900/50000 points, avg insert time: 0.790 ms
[Build] Inserted 5000/50000 points, avg insert time: 0.254 ms
[Build] Inserted 5100/50000 points, avg insert time: 0.663 ms
[Build] Inserted 5200/50000 points, avg insert time: 0.685 ms
[Build] Inserted 5300/50000 points, avg insert time: 1.432 ms
[Build] Inserted 5400/50000 points, avg insert time: 0.705 ms
[Build] Inserted 5500/50000 points, avg insert time: 0.323 ms
[Build] Inserted 5600/50000 points, avg insert time: 0.449 ms
[Build] Inserted 5700/50000 points, avg insert time: 0.367 ms
[Build] Inserted 5800/50000 points, avg insert time: 0.648 ms
[Build] Inserted 5900/50000 points, avg insert time: 1.601 ms
[Build] Inserted 6000/50000 points, avg insert time: 0.756 ms
[Build] Inserted 6100/50000 points, avg insert time: 0.899 ms
[Build] Inserted 6200/50000 points, avg insert time: 0.557 ms
[Build] Inserted 6300/50000 points, avg insert time: 1.037 ms
[Build] Inserted 6400/50000 points, avg insert time: 0.545 ms
[Build] Inserted 6500/50000 points, avg insert time: 1.216 ms
[Build] Inserted 6600/50000 points, avg insert time: 0.864 ms
[Build] Inserted 6700/50000 points, avg insert time: 0.594 ms
[Build] Inserted 6800/50000 points, avg insert time: 1.137 ms
[Build] Inserted 6900/50000 points, avg insert time: 0.616 ms
[Build] Inserted 7000/50000 points, avg insert time: 1.164 ms
[Build] Inserted 7100/50000 points, avg insert time: 0.379 ms
[Build] Inserted 7200/50000 points, avg insert time: 0.615 ms
[Build] Inserted 7300/50000 points, avg insert time: 0.603 ms
[Build] Inserted 7400/50000 points, avg insert time: 0.650 ms
[Build] Inserted 7500/50000 points, avg insert time: 0.672 ms
[Build] Inserted 7600/50000 points, avg insert time: 16.486 ms
[Build] Inserted 7700/50000 points, avg insert time: 0.644 ms
[Build] Inserted 7800/50000 points, avg insert time: 0.437 ms
[Build] Inserted 7900/50000 points, avg insert time: 0.856 ms
[Build] Inserted 8000/50000 points, avg insert time: 0.146 ms
[Build] Inserted 8100/50000 points, avg insert time: 0.586 ms
[Build] Inserted 8200/50000 points, avg insert time: 1.149 ms
[Build] Inserted 8300/50000 points, avg insert time: 1.096 ms
[Build] Inserted 8400/50000 points, avg insert time: 0.723 ms
[Build] Inserted 8500/50000 points, avg insert time: 0.942 ms
[Build] Inserted 8600/50000 points, avg insert time: 1.730 ms
[Build] Inserted 8700/50000 points, avg insert time: 2.832 ms
[Build] Inserted 8800/50000 points, avg insert time: 1.099 ms
[Build] Inserted 8900/50000 points, avg insert time: 0.332 ms
[Build] Inserted 9000/50000 points, avg insert time: 0.481 ms
[Build] Inserted 9100/50000 points, avg insert time: 0.659 ms
[Build] Inserted 9200/50000 points, avg insert time: 1.546 ms
[Build] Inserted 9300/50000 points, avg insert time: 2.626 ms
[Build] Inserted 9400/50000 points, avg insert time: 1.421 ms
[Build] Inserted 9500/50000 points, avg insert time: 1.160 ms
[Build] Inserted 9600/50000 points, avg insert time: 0.505 ms
[Build] Inserted 9700/50000 points, avg insert time: 0.958 ms
[Build] Inserted 9800/50000 points, avg insert time: 0.295 ms
[Build] Inserted 9900/50000 points, avg insert time: 0.513 ms
[Build] Inserted 10000/50000 points, avg insert time: 1.065 ms
[Build] Inserted 10100/50000 points, avg insert time: 0.397 ms
[Build] Inserted 10200/50000 points, avg insert time: 0.904 ms
[Build] Inserted 10300/50000 points, avg insert time: 1.573 ms
[Build] Inserted 10400/50000 points, avg insert time: 0.719 ms
[Build] Inserted 10500/50000 points, avg insert time: 1.171 ms
[Build] Inserted 10600/50000 points, avg insert time: 0.449 ms
[Build] Inserted 10700/50000 points, avg insert time: 0.842 ms
[Build] Inserted 10800/50000 points, avg insert time: 0.548 ms
[Build] Inserted 10900/50000 points, avg insert time: 0.630 ms
[Build] Inserted 11000/50000 points, avg insert time: 0.001 ms
[Build] Inserted 11100/50000 points, avg insert time: 0.557 ms
[Build] Inserted 11200/50000 points, avg insert time: 0.302 ms
[Build] Inserted 11300/50000 points, avg insert time: 0.290 ms
[Build] Inserted 11400/50000 points, avg insert time: 0.793 ms
[Build] Inserted 11500/50000 points, avg insert time: 1.457 ms
[Build] Inserted 11600/50000 points, avg insert time: 1.062 ms
[Build] Inserted 11700/50000 points, avg insert time: 0.001 ms
[Build] Inserted 11800/50000 points, avg insert time: 1.012 ms
[Build] Inserted 11900/50000 points, avg insert time: 0.776 ms
[Build] Inserted 12000/50000 points, avg insert time: 0.304 ms
[Build] Inserted 12100/50000 points, avg insert time: 0.152 ms
[Build] Inserted 12200/50000 points, avg insert time: 0.665 ms
[Build] Inserted 12300/50000 points, avg insert time: 0.807 ms
[Build] Inserted 12400/50000 points, avg insert time: 1.001 ms
[Build] Inserted 12500/50000 points, avg insert time: 1.646 ms
[Build] Inserted 12600/50000 points, avg insert time: 0.738 ms
[Build] Inserted 12700/50000 points, avg insert time: 0.764 ms
[Build] Inserted 12800/50000 points, avg insert time: 0.634 ms
[Build] Inserted 12900/50000 points, avg insert time: 1.485 ms
[Build] Inserted 13000/50000 points, avg insert time: 0.157 ms
[Build] Inserted 13100/50000 points, avg insert time: 0.262 ms
[Build] Inserted 13200/50000 points, avg insert time: 1.128 ms
[Build] Inserted 13300/50000 points, avg insert time: 0.771 ms
[Build] Inserted 13400/50000 points, avg insert time: 0.800 ms
[Build] Inserted 13500/50000 points, avg insert time: 0.905 ms
[Build] Inserted 13600/50000 points, avg insert time: 0.765 ms
[Build] Inserted 13700/50000 points, avg insert time: 0.440 ms
[Build] Inserted 13800/50000 points, avg insert time: 0.145 ms
[Build] Inserted 13900/50000 points, avg insert time: 0.427 ms
[Build] Inserted 14000/50000 points, avg insert time: 0.321 ms
[Build] Inserted 14100/50000 points, avg insert time: 0.803 ms
[Build] Inserted 14200/50000 points, avg insert time: 1.578 ms
[Build] Inserted 14300/50000 points, avg insert time: 1.106 ms
[Build] Inserted 14400/50000 points, avg insert time: 0.274 ms
[Build] Inserted 14500/50000 points, avg insert time: 0.870 ms
[Build] Inserted 14600/50000 points, avg insert time: 0.949 ms
[Build] Inserted 14700/50000 points, avg insert time: 0.452 ms
[Build] Inserted 14800/50000 points, avg insert time: 0.939 ms
[Build] Inserted 14900/50000 points, avg insert time: 1.056 ms
[Build] Inserted 15000/50000 points, avg insert time: 0.151 ms
[Build] Inserted 15100/50000 points, avg insert time: 1.105 ms
[Build] Inserted 15200/50000 points, avg insert time: 0.928 ms
[Build] Inserted 15300/50000 points, avg insert time: 0.590 ms
[Build] Inserted 15400/50000 points, avg insert time: 0.534 ms
[Build] Inserted 15500/50000 points, avg insert time: 0.774 ms
[Build] Inserted 15600/50000 points, avg insert time: 1.939 ms
[Build] Inserted 15700/50000 points, avg insert time: 1.181 ms
[Build] Inserted 15800/50000 points, avg insert time: 0.486 ms
[Build] Inserted 15900/50000 points, avg insert time: 0.426 ms
[Build] Inserted 16000/50000 points, avg insert time: 0.951 ms
[Build] Inserted 16100/50000 points, avg insert time: 0.836 ms
[Build] Inserted 16200/50000 points, avg insert time: 0.420 ms
[Build] Inserted 16300/50000 points, avg insert time: 0.474 ms
[Build] Inserted 16400/50000 points, avg insert time: 0.767 ms
[Build] Inserted 16500/50000 points, avg insert time: 0.844 ms
[Build] Inserted 16600/50000 points, avg insert time: 0.756 ms
[Build] Inserted 16700/50000 points, avg insert time: 0.148 ms
[Build] Inserted 16800/50000 points, avg insert time: 0.366 ms
[Build] Inserted 16900/50000 points, avg insert time: 1.036 ms
[Build] Inserted 17000/50000 points, avg insert time: 0.629 ms
[Build] Inserted 17100/50000 points, avg insert time: 0.461 ms
[Build] Inserted 17200/50000 points, avg insert time: 1.481 ms
[Build] Inserted 17300/50000 points, avg insert time: 0.596 ms
[Build] Inserted 17400/50000 points, avg insert time: 0.001 ms
[Build] Inserted 17500/50000 points, avg insert time: 1.154 ms
[Build] Inserted 17600/50000 points, avg insert time: 0.596 ms
[Build] Inserted 17700/50000 points, avg insert time: 0.291 ms
[Build] Inserted 17800/50000 points, avg insert time: 1.451 ms
[Build] Inserted 17900/50000 points, avg insert time: 0.669 ms
[Build] Inserted 18000/50000 points, avg insert time: 1.003 ms
[Build] Inserted 18100/50000 points, avg insert time: 1.055 ms
[Build] Inserted 18200/50000 points, avg insert time: 0.954 ms
[Build] Inserted 18300/50000 points, avg insert time: 0.178 ms
[Build] Inserted 18400/50000 points, avg insert time: 1.252 ms
[Build] Inserted 18500/50000 points, avg insert time: 0.618 ms
[Build] Inserted 18600/50000 points, avg insert time: 0.187 ms
[Build] Inserted 18700/50000 points, avg insert time: 0.323 ms
[Build] Inserted 18800/50000 points, avg insert time: 0.780 ms
[Build] Inserted 18900/50000 points, avg insert time: 1.039 ms
[Build] Inserted 19000/50000 points, avg insert time: 0.165 ms
[Build] Inserted 19100/50000 points, avg insert time: 0.365 ms
[Build] Inserted 19200/50000 points, avg insert time: 1.604 ms
[Build] Inserted 19300/50000 points, avg insert time: 0.686 ms
[Build] Inserted 19400/50000 points, avg insert time: 0.713 ms
[Build] Inserted 19500/50000 points, avg insert time: 0.766 ms
[Build] Inserted 19600/50000 points, avg insert time: 1.257 ms
[Build] Inserted 19700/50000 points, avg insert time: 1.055 ms
[Build] Inserted 19800/50000 points, avg insert time: 0.847 ms
[Build] Inserted 19900/50000 points, avg insert time: 0.922 ms
[Build] Inserted 20000/50000 points, avg insert time: 1.014 ms
[Build] Inserted 20100/50000 points, avg insert time: 1.472 ms
[Build] Inserted 20200/50000 points, avg insert time: 0.267 ms
[Build] Inserted 20300/50000 points, avg insert time: 0.681 ms
[Build] Inserted 20400/50000 points, avg insert time: 0.779 ms
[Build] Inserted 20500/50000 points, avg insert time: 1.376 ms
[Build] Inserted 20600/50000 points, avg insert time: 1.174 ms
[Build] Inserted 20700/50000 points, avg insert time: 1.032 ms
[Build] Inserted 20800/50000 points, avg insert time: 0.868 ms
[Build] Inserted 20900/50000 points, avg insert time: 1.704 ms
[Build] Inserted 21000/50000 points, avg insert time: 0.306 ms
[Build] Inserted 21100/50000 points, avg insert time: 0.678 ms
[Build] Inserted 21200/50000 points, avg insert time: 1.190 ms
[Build] Inserted 21300/50000 points, avg insert time: 1.558 ms
[Build] Inserted 21400/50000 points, avg insert time: 1.278 ms
[Build] Inserted 21500/50000 points, avg insert time: 1.308 ms
[Build] Inserted 21600/50000 points, avg insert time: 0.555 ms
[Build] Inserted 21700/50000 points, avg insert time: 0.759 ms
[Build] Inserted 21800/50000 points, avg insert time: 0.324 ms
[Build] Inserted 21900/50000 points, avg insert time: 0.730 ms
[Build] Inserted 22000/50000 points, avg insert time: 0.637 ms
[Build] Inserted 22100/50000 points, avg insert time: 0.298 ms
[Build] Inserted 22200/50000 points, avg insert time: 0.313 ms
[Build] Inserted 22300/50000 points, avg insert time: 1.099 ms
[Build] Inserted 22400/50000 points, avg insert time: 0.679 ms
[Build] Inserted 22500/50000 points, avg insert time: 0.621 ms
[Build] Inserted 22600/50000 points, avg insert time: 0.365 ms
[Build] Inserted 22700/50000 points, avg insert time: 0.766 ms
[Build] Inserted 22800/50000 points, avg insert time: 0.240 ms
[Build] Inserted 22900/50000 points, avg insert time: 0.744 ms
[Build] Inserted 23000/50000 points, avg insert time: 0.240 ms
[Build] Inserted 23100/50000 points, avg insert time: 0.980 ms
[Build] Inserted 23200/50000 points, avg insert time: 0.720 ms
[Build] Inserted 23300/50000 points, avg insert time: 0.781 ms
[Build] Inserted 23400/50000 points, avg insert time: 0.001 ms
[Build] Inserted 23500/50000 points, avg insert time: 0.625 ms
[Build] Inserted 23600/50000 points, avg insert time: 0.696 ms
[Build] Inserted 23700/50000 points, avg insert time: 0.681 ms
[Build] Inserted 23800/50000 points, avg insert time: 0.621 ms
[Build] Inserted 23900/50000 points, avg insert time: 0.171 ms
[Build] Inserted 24000/50000 points, avg insert time: 0.675 ms
[Build] Inserted 24100/50000 points, avg insert time: 2.710 ms
[Build] Inserted 24200/50000 points, avg insert time: 1.121 ms
[Build] Inserted 24300/50000 points, avg insert time: 1.103 ms
[Build] Inserted 24400/50000 points, avg insert time: 1.138 ms
[Build] Inserted 24500/50000 points, avg insert time: 0.547 ms
[Build] Inserted 24600/50000 points, avg insert time: 0.711 ms
[Build] Inserted 24700/50000 points, avg insert time: 1.003 ms
[Build] Inserted 24800/50000 points, avg insert time: 0.781 ms
[Build] Inserted 24900/50000 points, avg insert time: 1.037 ms
[Build] Inserted 25000/50000 points, avg insert time: 0.749 ms
[Build] Inserted 25100/50000 points, avg insert time: 0.658 ms
[Build] Inserted 25200/50000 points, avg insert time: 0.365 ms
[Build] Inserted 25300/50000 points, avg insert time: 0.861 ms
[Build] Inserted 25400/50000 points, avg insert time: 1.156 ms
[Build] Inserted 25500/50000 points, avg insert time: 0.869 ms
[Build] Inserted 25600/50000 points, avg insert time: 0.759 ms
[Build] Inserted 25700/50000 points, avg insert time: 1.013 ms
[Build] Inserted 25800/50000 points, avg insert time: 0.657 ms
[Build] Inserted 25900/50000 points, avg insert time: 0.698 ms
[Build] Inserted 26000/50000 points, avg insert time: 0.539 ms
[Build] Inserted 26100/50000 points, avg insert time: 0.979 ms
[Build] Inserted 26200/50000 points, avg insert time: 0.721 ms
[Build] Inserted 26300/50000 points, avg insert time: 1.109 ms
[Build] Inserted 26400/50000 points, avg insert time: 0.646 ms
[Build] Inserted 26500/50000 points, avg insert time: 0.736 ms
[Build] Inserted 26600/50000 points, avg insert time: 1.297 ms
[Build] Inserted 26700/50000 points, avg insert time: 0.001 ms
[Build] Inserted 26800/50000 points, avg insert time: 0.803 ms
[Build] Inserted 26900/50000 points, avg insert time: 0.997 ms
[Build] Inserted 27000/50000 points, avg insert time: 0.771 ms
[Build] Inserted 27100/50000 points, avg insert time: 1.154 ms
[Build] Inserted 27200/50000 points, avg insert time: 0.535 ms
[Build] Inserted 27300/50000 points, avg insert time: 0.606 ms
[Build] Inserted 27400/50000 points, avg insert time: 0.548 ms
[Build] Inserted 27500/50000 points, avg insert time: 0.897 ms
[Build] Inserted 27600/50000 points, avg insert time: 1.173 ms
[Build] Inserted 27700/50000 points, avg insert time: 0.389 ms
[Build] Inserted 27800/50000 points, avg insert time: 0.809 ms
[Build] Inserted 27900/50000 points, avg insert time: 1.483 ms
[Build] Inserted 28000/50000 points, avg insert time: 0.463 ms
[Build] Inserted 28100/50000 points, avg insert time: 0.930 ms
[Build] Inserted 28200/50000 points, avg insert time: 0.395 ms
[Build] Inserted 28300/50000 points, avg insert time: 0.394 ms
[Build] Inserted 28400/50000 points, avg insert time: 0.543 ms
[Build] Inserted 28500/50000 points, avg insert time: 0.780 ms
[Build] Inserted 28600/50000 points, avg insert time: 0.156 ms
[Build] Inserted 28700/50000 points, avg insert time: 0.977 ms
[Build] Inserted 28800/50000 points, avg insert time: 1.300 ms
[Build] Inserted 28900/50000 points, avg insert time: 0.001 ms
[Build] Inserted 29000/50000 points, avg insert time: 1.874 ms
[Build] Inserted 29100/50000 points, avg insert time: 0.985 ms
[Build] Inserted 29200/50000 points, avg insert time: 1.599 ms
[Build] Inserted 29300/50000 points, avg insert time: 1.316 ms
[Build] Inserted 29400/50000 points, avg insert time: 0.422 ms
[Build] Inserted 29500/50000 points, avg insert time: 0.327 ms
[Build] Inserted 29600/50000 points, avg insert time: 0.988 ms
[Build] Inserted 29700/50000 points, avg insert time: 0.378 ms
[Build] Inserted 29800/50000 points, avg insert time: 1.014 ms
[Build] Inserted 29900/50000 points, avg insert time: 1.636 ms
[Build] Inserted 30000/50000 points, avg insert time: 0.320 ms
[Build] Inserted 30100/50000 points, avg insert time: 0.834 ms
[Build] Inserted 30200/50000 points, avg insert time: 0.656 ms
[Build] Inserted 30300/50000 points, avg insert time: 1.043 ms
[Build] Inserted 30400/50000 points, avg insert time: 0.310 ms
[Build] Inserted 30500/50000 points, avg insert time: 1.143 ms
[Build] Inserted 30600/50000 points, avg insert time: 0.993 ms
[Build] Inserted 30700/50000 points, avg insert time: 1.382 ms
[Build] Inserted 30800/50000 points, avg insert time: 0.972 ms
[Build] Inserted 30900/50000 points, avg insert time: 0.664 ms
[Build] Inserted 31000/50000 points, avg insert time: 0.776 ms
[Build] Inserted 31100/50000 points, avg insert time: 0.738 ms
[Build] Inserted 31200/50000 points, avg insert time: 0.947 ms
[Build] Inserted 31300/50000 points, avg insert time: 1.064 ms
[Build] Inserted 31400/50000 points, avg insert time: 0.561 ms
[Build] Inserted 31500/50000 points, avg insert time: 1.422 ms
[Build] Inserted 31600/50000 points, avg insert time: 1.060 ms
[Build] Inserted 31700/50000 points, avg insert time: 0.486 ms
[Build] Inserted 31800/50000 points, avg insert time: 0.784 ms
[Build] Inserted 31900/50000 points, avg insert time: 0.438 ms
[Build] Inserted 32000/50000 points, avg insert time: 3.019 ms
[Build] Inserted 32100/50000 points, avg insert time: 1.104 ms
[Build] Inserted 32200/50000 points, avg insert time: 0.001 ms
[Build] Inserted 32300/50000 points, avg insert time: 0.648 ms
[Build] Inserted 32400/50000 points, avg insert time: 0.748 ms
[Build] Inserted 32500/50000 points, avg insert time: 0.794 ms
[Build] Inserted 32600/50000 points, avg insert time: 0.549 ms
[Build] Inserted 32700/50000 points, avg insert time: 0.161 ms
[Build] Inserted 32800/50000 points, avg insert time: 1.265 ms
[Build] Inserted 32900/50000 points, avg insert time: 1.001 ms
[Build] Inserted 33000/50000 points, avg insert time: 1.167 ms
[Build] Inserted 33100/50000 points, avg insert time: 0.708 ms
[Build] Inserted 33200/50000 points, avg insert time: 0.949 ms
[Build] Inserted 33300/50000 points, avg insert time: 0.498 ms
[Build] Inserted 33400/50000 points, avg insert time: 0.818 ms
[Build] Inserted 33500/50000 points, avg insert time: 1.265 ms
[Build] Inserted 33600/50000 points, avg insert time: 0.167 ms
[Build] Inserted 33700/50000 points, avg insert time: 1.427 ms
[Build] Inserted 33800/50000 points, avg insert time: 1.346 ms
[Build] Inserted 33900/50000 points, avg insert time: 0.815 ms
[Build] Inserted 34000/50000 points, avg insert time: 0.960 ms
[Build] Inserted 34100/50000 points, avg insert time: 0.613 ms
[Build] Inserted 34200/50000 points, avg insert time: 0.797 ms
[Build] Inserted 34300/50000 points, avg insert time: 1.371 ms
[Build] Inserted 34400/50000 points, avg insert time: 0.445 ms
[Build] Inserted 34500/50000 points, avg insert time: 0.001 ms
[Build] Inserted 34600/50000 points, avg insert time: 0.146 ms
[Build] Inserted 34700/50000 points, avg insert time: 0.302 ms
[Build] Inserted 34800/50000 points, avg insert time: 0.464 ms
[Build] Inserted 34900/50000 points, avg insert time: 0.672 ms
[Build] Inserted 35000/50000 points, avg insert time: 0.903 ms
[Build] Inserted 35100/50000 points, avg insert time: 1.115 ms
[Build] Inserted 35200/50000 points, avg insert time: 0.614 ms
[Build] Inserted 35300/50000 points, avg insert time: 0.236 ms
[Build] Inserted 35400/50000 points, avg insert time: 0.572 ms
[Build] Inserted 35500/50000 points, avg insert time: 0.872 ms
[Build] Inserted 35600/50000 points, avg insert time: 1.153 ms
[Build] Inserted 35700/50000 points, avg insert time: 0.738 ms
[Build] Inserted 35800/50000 points, avg insert time: 0.291 ms
[Build] Inserted 35900/50000 points, avg insert time: 1.122 ms
[Build] Inserted 36000/50000 points, avg insert time: 0.819 ms
[Build] Inserted 36100/50000 points, avg insert time: 1.166 ms
[Build] Inserted 36200/50000 points, avg insert time: 1.165 ms
[Build] Inserted 36300/50000 points, avg insert time: 0.329 ms
[Build] Inserted 36400/50000 points, avg insert time: 1.086 ms
[Build] Inserted 36500/50000 points, avg insert time: 1.121 ms
[Build] Inserted 36600/50000 points, avg insert time: 0.391 ms
[Build] Inserted 36700/50000 points, avg insert time: 0.158 ms
[Build] Inserted 36800/50000 points, avg insert time: 0.515 ms
[Build] Inserted 36900/50000 points, avg insert time: 0.001 ms
[Build] Inserted 37000/50000 points, avg insert time: 0.449 ms
[Build] Inserted 37100/50000 points, avg insert time: 0.963 ms
[Build] Inserted 37200/50000 points, avg insert time: 1.733 ms
[Build] Inserted 37300/50000 points, avg insert time: 0.782 ms
[Build] Inserted 37400/50000 points, avg insert time: 0.722 ms
[Build] Inserted 37500/50000 points, avg insert time: 0.175 ms
[Build] Inserted 37600/50000 points, avg insert time: 1.504 ms
[Build] Inserted 37700/50000 points, avg insert time: 0.267 ms
[Build] Inserted 37800/50000 points, avg insert time: 1.118 ms
[Build] Inserted 37900/50000 points, avg insert time: 1.948 ms
[Build] Inserted 38000/50000 points, avg insert time: 1.215 ms
[Build] Inserted 38100/50000 points, avg insert time: 0.633 ms
[Build] Inserted 38200/50000 points, avg insert time: 0.959 ms
[Build] Inserted 38300/50000 points, avg insert time: 0.939 ms
[Build] Inserted 38400/50000 points, avg insert time: 0.562 ms
[Build] Inserted 38500/50000 points, avg insert time: 0.823 ms
[Build] Inserted 38600/50000 points, avg insert time: 0.784 ms
[Build] Inserted 38700/50000 points, avg insert time: 1.365 ms
[Build] Inserted 38800/50000 points, avg insert time: 0.513 ms
[Build] Inserted 38900/50000 points, avg insert time: 0.489 ms
[Build] Inserted 39000/50000 points, avg insert time: 1.307 ms
[Build] Inserted 39100/50000 points, avg insert time: 0.938 ms
[Build] Inserted 39200/50000 points, avg insert time: 1.163 ms
[Build] Inserted 39300/50000 points, avg insert time: 0.798 ms
[Build] Inserted 39400/50000 points, avg insert time: 1.165 ms
[Build] Inserted 39500/50000 points, avg insert time: 0.664 ms
[Build] Inserted 39600/50000 points, avg insert time: 1.322 ms
[Build] Inserted 39700/50000 points, avg insert time: 1.738 ms
[Build] Inserted 39800/50000 points, avg insert time: 1.070 ms
[Build] Inserted 39900/50000 points, avg insert time: 0.216 ms
[Build] Inserted 40000/50000 points, avg insert time: 0.973 ms
[Build] Inserted 40100/50000 points, avg insert time: 0.837 ms
[Build] Inserted 40200/50000 points, avg insert time: 0.813 ms
[Build] Inserted 40300/50000 points, avg insert time: 0.472 ms
[Build] Inserted 40400/50000 points, avg insert time: 0.616 ms
[Build] Inserted 40500/50000 points, avg insert time: 0.484 ms
[Build] Inserted 40600/50000 points, avg insert time: 0.352 ms
[Build] Inserted 40700/50000 points, avg insert time: 1.011 ms
[Build] Inserted 40800/50000 points, avg insert time: 1.355 ms
[Build] Inserted 40900/50000 points, avg insert time: 1.201 ms
[Build] Inserted 41000/50000 points, avg insert time: 1.492 ms
[Build] Inserted 41100/50000 points, avg insert time: 1.329 ms
[Build] Inserted 41200/50000 points, avg insert time: 1.047 ms
[Build] Inserted 41300/50000 points, avg insert time: 0.490 ms
[Build] Inserted 41400/50000 points, avg insert time: 0.479 ms
[Build] Inserted 41500/50000 points, avg insert time: 1.246 ms
[Build] Inserted 41600/50000 points, avg insert time: 1.538 ms
[Build] Inserted 41700/50000 points, avg insert time: 0.900 ms
[Build] Inserted 41800/50000 points, avg insert time: 0.477 ms
[Build] Inserted 41900/50000 points, avg insert time: 0.914 ms
[Build] Inserted 42000/50000 points, avg insert time: 1.349 ms
[Build] Inserted 42100/50000 points, avg insert time: 0.932 ms
[Build] Inserted 42200/50000 points, avg insert time: 3.864 ms
[Build] Inserted 42300/50000 points, avg insert time: 0.646 ms
[Build] Inserted 42400/50000 points, avg insert time: 0.336 ms
[Build] Inserted 42500/50000 points, avg insert time: 0.450 ms
[Build] Inserted 42600/50000 points, avg insert time: 0.605 ms
[Build] Inserted 42700/50000 points, avg insert time: 0.550 ms
[Build] Inserted 42800/50000 points, avg insert time: 1.607 ms
[Build] Inserted 42900/50000 points, avg insert time: 0.859 ms
[Build] Inserted 43000/50000 points, avg insert time: 1.042 ms
[Build] Inserted 43100/50000 points, avg insert time: 1.070 ms
[Build] Inserted 43200/50000 points, avg insert time: 0.908 ms
[Build] Inserted 43300/50000 points, avg insert time: 0.816 ms
[Build] Inserted 43400/50000 points, avg insert time: 0.606 ms
[Build] Inserted 43500/50000 points, avg insert time: 0.207 ms
[Build] Inserted 43600/50000 points, avg insert time: 1.243 ms
[Build] Inserted 43700/50000 points, avg insert time: 1.322 ms
[Build] Inserted 43800/50000 points, avg insert time: 1.284 ms
[Build] Inserted 43900/50000 points, avg insert time: 0.283 ms
[Build] Inserted 44000/50000 points, avg insert time: 0.456 ms
[Build] Inserted 44100/50000 points, avg insert time: 1.463 ms
[Build] Inserted 44200/50000 points, avg insert time: 1.025 ms
[Build] Inserted 44300/50000 points, avg insert time: 1.870 ms
[Build] Inserted 44400/50000 points, avg insert time: 0.258 ms
[Build] Inserted 44500/50000 points, avg insert time: 1.465 ms
[Build] Inserted 44600/50000 points, avg insert time: 1.053 ms
[Build] Inserted 44700/50000 points, avg insert time: 0.570 ms
[Build] Inserted 44800/50000 points, avg insert time: 1.133 ms
[Build] Inserted 44900/50000 points, avg insert time: 0.869 ms
[Build] Inserted 45000/50000 points, avg insert time: 1.018 ms
[Build] Inserted 45100/50000 points, avg insert time: 0.001 ms
[Build] Inserted 45200/50000 points, avg insert time: 0.771 ms
[Build] Inserted 45300/50000 points, avg insert time: 0.330 ms
[Build] Inserted 45400/50000 points, avg insert time: 0.626 ms
[Build] Inserted 45500/50000 points, avg insert time: 0.453 ms
[Build] Inserted 45600/50000 points, avg insert time: 0.928 ms
[Build] Inserted 45700/50000 points, avg insert time: 2.126 ms
[Build] Inserted 45800/50000 points, avg insert time: 0.484 ms
[Build] Inserted 45900/50000 points, avg insert time: 0.379 ms
[Build] Inserted 46000/50000 points, avg insert time: 0.344 ms
[Build] Inserted 46100/50000 points, avg insert time: 0.800 ms
[Build] Inserted 46200/50000 points, avg insert time: 12.642 ms
[Build] Inserted 46300/50000 points, avg insert time: 1.241 ms
[Build] Inserted 46400/50000 points, avg insert time: 1.179 ms
[Build] Inserted 46500/50000 points, avg insert time: 0.883 ms
[Build] Inserted 46600/50000 points, avg insert time: 0.544 ms
[Build] Inserted 46700/50000 points, avg insert time: 0.978 ms
[Build] Inserted 46800/50000 points, avg insert time: 0.473 ms
[Build] Inserted 46900/50000 points, avg insert time: 0.982 ms
[Build] Inserted 47000/50000 points, avg insert time: 0.496 ms
[Build] Inserted 47100/50000 points, avg insert time: 1.464 ms
[Build] Inserted 47200/50000 points, avg insert time: 0.488 ms
[Build] Inserted 47300/50000 points, avg insert time: 0.655 ms
[Build] Inserted 47400/50000 points, avg insert time: 1.379 ms
[Build] Inserted 47500/50000 points, avg insert time: 0.858 ms
[Build] Inserted 47600/50000 points, avg insert time: 0.933 ms
[Build] Inserted 47700/50000 points, avg insert time: 0.744 ms
[Build] Inserted 47800/50000 points, avg insert time: 0.608 ms
[Build] Inserted 47900/50000 points, avg insert time: 1.347 ms
[Build] Inserted 48000/50000 points, avg insert time: 0.952 ms
[Build] Inserted 48100/50000 points, avg insert time: 1.054 ms
[Build] Inserted 48200/50000 points, avg insert time: 0.511 ms
[Build] Inserted 48300/50000 points, avg insert time: 1.069 ms
[Build] Inserted 48400/50000 points, avg insert time: 0.835 ms
[Build] Inserted 48500/50000 points, avg insert time: 1.909 ms
[Build] Inserted 48600/50000 points, avg insert time: 0.635 ms
[Build] Inserted 48700/50000 points, avg insert time: 2.672 ms
[Build] Inserted 48800/50000 points, avg insert time: 0.234 ms
[Build] Inserted 48900/50000 points, avg insert time: 0.806 ms
[Build] Inserted 49000/50000 points, avg insert time: 0.157 ms
[Build] Inserted 49100/50000 points, avg insert time: 0.557 ms
[Build] Inserted 49200/50000 points, avg insert time: 0.551 ms
[Build] Inserted 49300/50000 points, avg insert time: 0.818 ms
[Build] Inserted 49400/50000 points, avg insert time: 0.781 ms
[Build] Inserted 49500/50000 points, avg insert time: 0.487 ms
[Build] Inserted 49600/50000 points, avg insert time: 0.899 ms
[Build] Inserted 49700/50000 points, avg insert time: 1.188 ms
[Build] Inserted 49800/50000 points, avg insert time: 0.884 ms
[Build] Inserted 49900/50000 points, avg insert time: 0.157 ms
[Build] Inserted 50000/50000 points, avg insert time: 0.804 ms
[Build] Starting queries...
[Query] Processed 100/5000 queries, avg query time: 35.582 ms
[Query] Processed 200/5000 queries, avg query time: 35.056 ms
[Query] Processed 300/5000 queries, avg query time: 35.370 ms
[Query] Processed 400/5000 queries, avg query time: 35.182 ms
[Query] Processed 500/5000 queries, avg query time: 35.602 ms
[Query] Processed 600/5000 queries, avg query time: 35.737 ms
[Query] Processed 700/5000 queries, avg query time: 36.071 ms
[Query] Processed 800/5000 queries, avg query time: 35.792 ms
[Query] Processed 900/5000 queries, avg query time: 36.955 ms
[Query] Processed 1000/5000 queries, avg query time: 36.800 ms
[Query] Processed 1100/5000 queries, avg query time: 36.561 ms
[Query] Processed 1200/5000 queries, avg query time: 36.330 ms
[Query] Processed 1300/5000 queries, avg query time: 36.293 ms
[Query] Processed 1400/5000 queries, avg query time: 36.315 ms
[Query] Processed 1500/5000 queries, avg query time: 36.299 ms
[Query] Processed 1600/5000 queries, avg query time: 36.209 ms
[Query] Processed 1700/5000 queries, avg query time: 35.788 ms
[Query] Processed 1800/5000 queries, avg query time: 35.765 ms
[Query] Processed 1900/5000 queries, avg query time: 35.214 ms
[Query] Processed 2000/5000 queries, avg query time: 34.739 ms
[Query] Processed 2100/5000 queries, avg query time: 34.315 ms
[Query] Processed 2200/5000 queries, avg query time: 33.907 ms
[Query] Processed 2300/5000 queries, avg query time: 33.642 ms
[Query] Processed 2400/5000 queries, avg query time: 33.301 ms
[Query] Processed 2500/5000 queries, avg query time: 33.082 ms
[Query] Processed 2600/5000 queries, avg query time: 32.834 ms
[Query] Processed 2700/5000 queries, avg query time: 32.648 ms
[Query] Processed 2800/5000 queries, avg query time: 32.424 ms
[Query] Processed 2900/5000 queries, avg query time: 32.287 ms
[Query] Processed 3000/5000 queries, avg query time: 32.537 ms
[Query] Processed 3100/5000 queries, avg query time: 32.407 ms
[Query] Processed 3200/5000 queries, avg query time: 32.302 ms
[Query] Processed 3300/5000 queries, avg query time: 32.191 ms
[Query] Processed 3400/5000 queries, avg query time: 32.129 ms
[Query] Processed 3500/5000 queries, avg query time: 32.101 ms
[Query] Processed 3600/5000 queries, avg query time: 31.960 ms
[Query] Processed 3700/5000 queries, avg query time: 31.851 ms
[Query] Processed 3800/5000 queries, avg query time: 31.731 ms
[Query] Processed 3900/5000 queries, avg query time: 31.605 ms
[Query] Processed 4000/5000 queries, avg query time: 31.594 ms
[Query] Processed 4100/5000 queries, avg query time: 31.766 ms
[Query] Processed 4200/5000 queries, avg query time: 31.685 ms
[Query] Processed 4300/5000 queries, avg query time: 31.659 ms
[Query] Processed 4400/5000 queries, avg query time: 31.552 ms
[Query] Processed 4500/5000 queries, avg query time: 31.423 ms
[Query] Processed 4600/5000 queries, avg query time: 31.396 ms
[Query] Processed 4700/5000 queries, avg query time: 31.354 ms
[Query] Processed 4800/5000 queries, avg query time: 31.274 ms
[Query] Processed 4900/5000 queries, avg query time: 31.211 ms
[Query] Processed 5000/5000 queries, avg query time: 31.156 ms
[Sanity Check] Total Relevant =  3722
[Result] Memory breakdown (MB): {'hash_functions_MB': 13.568115234375, 'bucket_ids_MB': 8.675765991210938, 'num_ids': 2274300, 'num_buckets': 1635648, 'hash_tables_overhead_MB': 137.26904296875, 'total_MB': 159.51292419433594}
[Result] Epsilon-recall: 0.9768
[Result] (c,r)-ANN accuracy: 0.9995
[SUMMARY] r=0.5, eps=0.5, eta=0.3, recall=0.9768, (c,r)-ANN accuracy=0.999462654486835, memory=159.51292419433594
