[Init] Inputs : eta=0.20, epsilon=0.50, r=0.50
[Init] LSH Parameters : w=1.577, p1=0.7472, p2=0.6267, rho=0.6236
[Init] Data Structure Parameters : k=24, L=1140, key_bits=768, mode=speed
[Build] Starting insertion...
[Build] Inserted 100/50000 points, avg insert time: 6.335 ms
[Build] Inserted 200/50000 points, avg insert time: 4.365 ms
[Build] Inserted 300/50000 points, avg insert time: 2.281 ms
[Build] Inserted 400/50000 points, avg insert time: 2.492 ms
[Build] Inserted 500/50000 points, avg insert time: 5.426 ms
[Build] Inserted 600/50000 points, avg insert time: 1.731 ms
[Build] Inserted 700/50000 points, avg insert time: 3.001 ms
[Build] Inserted 800/50000 points, avg insert time: 4.914 ms
[Build] Inserted 900/50000 points, avg insert time: 2.693 ms
[Build] Inserted 1000/50000 points, avg insert time: 2.365 ms
[Build] Inserted 1100/50000 points, avg insert time: 4.357 ms
[Build] Inserted 1200/50000 points, avg insert time: 1.342 ms
[Build] Inserted 1300/50000 points, avg insert time: 2.774 ms
[Build] Inserted 1400/50000 points, avg insert time: 3.153 ms
[Build] Inserted 1500/50000 points, avg insert time: 4.872 ms
[Build] Inserted 1600/50000 points, avg insert time: 1.818 ms
[Build] Inserted 1700/50000 points, avg insert time: 2.321 ms
[Build] Inserted 1800/50000 points, avg insert time: 2.270 ms
[Build] Inserted 1900/50000 points, avg insert time: 1.950 ms
[Build] Inserted 2000/50000 points, avg insert time: 3.576 ms
[Build] Inserted 2100/50000 points, avg insert time: 1.769 ms
[Build] Inserted 2200/50000 points, avg insert time: 1.455 ms
[Build] Inserted 2300/50000 points, avg insert time: 1.764 ms
[Build] Inserted 2400/50000 points, avg insert time: 4.169 ms
[Build] Inserted 2500/50000 points, avg insert time: 2.676 ms
[Build] Inserted 2600/50000 points, avg insert time: 1.451 ms
[Build] Inserted 2700/50000 points, avg insert time: 17.082 ms
[Build] Inserted 2800/50000 points, avg insert time: 1.142 ms
[Build] Inserted 2900/50000 points, avg insert time: 1.796 ms
[Build] Inserted 3000/50000 points, avg insert time: 3.036 ms
[Build] Inserted 3100/50000 points, avg insert time: 3.201 ms
[Build] Inserted 3200/50000 points, avg insert time: 3.224 ms
[Build] Inserted 3300/50000 points, avg insert time: 2.321 ms
[Build] Inserted 3400/50000 points, avg insert time: 3.739 ms
[Build] Inserted 3500/50000 points, avg insert time: 1.948 ms
[Build] Inserted 3600/50000 points, avg insert time: 2.118 ms
[Build] Inserted 3700/50000 points, avg insert time: 2.067 ms
[Build] Inserted 3800/50000 points, avg insert time: 2.411 ms
[Build] Inserted 3900/50000 points, avg insert time: 1.539 ms
[Build] Inserted 4000/50000 points, avg insert time: 3.091 ms
[Build] Inserted 4100/50000 points, avg insert time: 2.482 ms
[Build] Inserted 4200/50000 points, avg insert time: 1.060 ms
[Build] Inserted 4300/50000 points, avg insert time: 2.607 ms
[Build] Inserted 4400/50000 points, avg insert time: 2.075 ms
[Build] Inserted 4500/50000 points, avg insert time: 2.421 ms
[Build] Inserted 4600/50000 points, avg insert time: 2.627 ms
[Build] Inserted 4700/50000 points, avg insert time: 3.828 ms
[Build] Inserted 4800/50000 points, avg insert time: 1.914 ms
[Build] Inserted 4900/50000 points, avg insert time: 3.496 ms
[Build] Inserted 5000/50000 points, avg insert time: 2.120 ms
[Build] Inserted 5100/50000 points, avg insert time: 0.877 ms
[Build] Inserted 5200/50000 points, avg insert time: 2.419 ms
[Build] Inserted 5300/50000 points, avg insert time: 1.683 ms
[Build] Inserted 5400/50000 points, avg insert time: 1.989 ms
[Build] Inserted 5500/50000 points, avg insert time: 2.834 ms
[Build] Inserted 5600/50000 points, avg insert time: 3.600 ms
[Build] Inserted 5700/50000 points, avg insert time: 1.758 ms
[Build] Inserted 5800/50000 points, avg insert time: 2.373 ms
[Build] Inserted 5900/50000 points, avg insert time: 2.406 ms
[Build] Inserted 6000/50000 points, avg insert time: 2.984 ms
[Build] Inserted 6100/50000 points, avg insert time: 2.001 ms
[Build] Inserted 6200/50000 points, avg insert time: 3.655 ms
[Build] Inserted 6300/50000 points, avg insert time: 2.366 ms
[Build] Inserted 6400/50000 points, avg insert time: 2.053 ms
[Build] Inserted 6500/50000 points, avg insert time: 3.326 ms
[Build] Inserted 6600/50000 points, avg insert time: 3.127 ms
[Build] Inserted 6700/50000 points, avg insert time: 3.040 ms
[Build] Inserted 6800/50000 points, avg insert time: 1.905 ms
[Build] Inserted 6900/50000 points, avg insert time: 2.166 ms
[Build] Inserted 7000/50000 points, avg insert time: 1.683 ms
[Build] Inserted 7100/50000 points, avg insert time: 2.282 ms
[Build] Inserted 7200/50000 points, avg insert time: 2.130 ms
[Build] Inserted 7300/50000 points, avg insert time: 2.636 ms
[Build] Inserted 7400/50000 points, avg insert time: 1.609 ms
[Build] Inserted 7500/50000 points, avg insert time: 1.899 ms
[Build] Inserted 7600/50000 points, avg insert time: 3.132 ms
[Build] Inserted 7700/50000 points, avg insert time: 2.390 ms
[Build] Inserted 7800/50000 points, avg insert time: 2.996 ms
[Build] Inserted 7900/50000 points, avg insert time: 2.330 ms
[Build] Inserted 8000/50000 points, avg insert time: 3.604 ms
[Build] Inserted 8100/50000 points, avg insert time: 1.297 ms
[Build] Inserted 8200/50000 points, avg insert time: 2.017 ms
[Build] Inserted 8300/50000 points, avg insert time: 4.764 ms
[Build] Inserted 8400/50000 points, avg insert time: 2.816 ms
[Build] Inserted 8500/50000 points, avg insert time: 2.753 ms
[Build] Inserted 8600/50000 points, avg insert time: 2.152 ms
[Build] Inserted 8700/50000 points, avg insert time: 2.917 ms
[Build] Inserted 8800/50000 points, avg insert time: 1.311 ms
[Build] Inserted 8900/50000 points, avg insert time: 3.463 ms
[Build] Inserted 9000/50000 points, avg insert time: 2.217 ms
[Build] Inserted 9100/50000 points, avg insert time: 1.919 ms
[Build] Inserted 9200/50000 points, avg insert time: 2.570 ms
[Build] Inserted 9300/50000 points, avg insert time: 2.249 ms
[Build] Inserted 9400/50000 points, avg insert time: 2.551 ms
[Build] Inserted 9500/50000 points, avg insert time: 2.162 ms
[Build] Inserted 9600/50000 points, avg insert time: 1.813 ms
[Build] Inserted 9700/50000 points, avg insert time: 2.165 ms
[Build] Inserted 9800/50000 points, avg insert time: 2.002 ms
[Build] Inserted 9900/50000 points, avg insert time: 2.571 ms
[Build] Inserted 10000/50000 points, avg insert time: 1.728 ms
[Build] Inserted 10100/50000 points, avg insert time: 2.797 ms
[Build] Inserted 10200/50000 points, avg insert time: 1.283 ms
[Build] Inserted 10300/50000 points, avg insert time: 2.102 ms
[Build] Inserted 10400/50000 points, avg insert time: 1.493 ms
[Build] Inserted 10500/50000 points, avg insert time: 1.013 ms
[Build] Inserted 10600/50000 points, avg insert time: 2.709 ms
[Build] Inserted 10700/50000 points, avg insert time: 2.734 ms
[Build] Inserted 10800/50000 points, avg insert time: 1.587 ms
[Build] Inserted 10900/50000 points, avg insert time: 2.136 ms
[Build] Inserted 11000/50000 points, avg insert time: 2.277 ms
[Build] Inserted 11100/50000 points, avg insert time: 3.727 ms
[Build] Inserted 11200/50000 points, avg insert time: 1.502 ms
[Build] Inserted 11300/50000 points, avg insert time: 1.968 ms
[Build] Inserted 11400/50000 points, avg insert time: 1.744 ms
[Build] Inserted 11500/50000 points, avg insert time: 2.558 ms
[Build] Inserted 11600/50000 points, avg insert time: 2.986 ms
[Build] Inserted 11700/50000 points, avg insert time: 1.850 ms
[Build] Inserted 11800/50000 points, avg insert time: 1.720 ms
[Build] Inserted 11900/50000 points, avg insert time: 2.416 ms
[Build] Inserted 12000/50000 points, avg insert time: 2.433 ms
[Build] Inserted 12100/50000 points, avg insert time: 2.616 ms
[Build] Inserted 12200/50000 points, avg insert time: 3.789 ms
[Build] Inserted 12300/50000 points, avg insert time: 1.141 ms
[Build] Inserted 12400/50000 points, avg insert time: 1.527 ms
[Build] Inserted 12500/50000 points, avg insert time: 2.049 ms
[Build] Inserted 12600/50000 points, avg insert time: 2.684 ms
[Build] Inserted 12700/50000 points, avg insert time: 2.663 ms
[Build] Inserted 12800/50000 points, avg insert time: 2.212 ms
[Build] Inserted 12900/50000 points, avg insert time: 2.488 ms
[Build] Inserted 13000/50000 points, avg insert time: 1.245 ms
[Build] Inserted 13100/50000 points, avg insert time: 3.334 ms
[Build] Inserted 13200/50000 points, avg insert time: 1.574 ms
[Build] Inserted 13300/50000 points, avg insert time: 1.288 ms
[Build] Inserted 13400/50000 points, avg insert time: 2.323 ms
[Build] Inserted 13500/50000 points, avg insert time: 1.934 ms
[Build] Inserted 13600/50000 points, avg insert time: 1.883 ms
[Build] Inserted 13700/50000 points, avg insert time: 2.297 ms
[Build] Inserted 13800/50000 points, avg insert time: 2.047 ms
[Build] Inserted 13900/50000 points, avg insert time: 2.001 ms
[Build] Inserted 14000/50000 points, avg insert time: 2.226 ms
[Build] Inserted 14100/50000 points, avg insert time: 3.175 ms
[Build] Inserted 14200/50000 points, avg insert time: 2.835 ms
[Build] Inserted 14300/50000 points, avg insert time: 1.897 ms
[Build] Inserted 14400/50000 points, avg insert time: 3.021 ms
[Build] Inserted 14500/50000 points, avg insert time: 2.148 ms
[Build] Inserted 14600/50000 points, avg insert time: 1.940 ms
[Build] Inserted 14700/50000 points, avg insert time: 2.701 ms
[Build] Inserted 14800/50000 points, avg insert time: 2.793 ms
[Build] Inserted 14900/50000 points, avg insert time: 5.511 ms
[Build] Inserted 15000/50000 points, avg insert time: 1.953 ms
[Build] Inserted 15100/50000 points, avg insert time: 1.971 ms
[Build] Inserted 15200/50000 points, avg insert time: 2.230 ms
[Build] Inserted 15300/50000 points, avg insert time: 2.255 ms
[Build] Inserted 15400/50000 points, avg insert time: 3.209 ms
[Build] Inserted 15500/50000 points, avg insert time: 2.267 ms
[Build] Inserted 15600/50000 points, avg insert time: 2.043 ms
[Build] Inserted 15700/50000 points, avg insert time: 3.090 ms
[Build] Inserted 15800/50000 points, avg insert time: 1.859 ms
[Build] Inserted 15900/50000 points, avg insert time: 0.668 ms
[Build] Inserted 16000/50000 points, avg insert time: 2.112 ms
[Build] Inserted 16100/50000 points, avg insert time: 2.694 ms
[Build] Inserted 16200/50000 points, avg insert time: 2.038 ms
[Build] Inserted 16300/50000 points, avg insert time: 1.683 ms
[Build] Inserted 16400/50000 points, avg insert time: 12.870 ms
[Build] Inserted 16500/50000 points, avg insert time: 1.435 ms
[Build] Inserted 16600/50000 points, avg insert time: 2.504 ms
[Build] Inserted 16700/50000 points, avg insert time: 2.376 ms
[Build] Inserted 16800/50000 points, avg insert time: 3.135 ms
[Build] Inserted 16900/50000 points, avg insert time: 2.589 ms
[Build] Inserted 17000/50000 points, avg insert time: 1.304 ms
[Build] Inserted 17100/50000 points, avg insert time: 1.243 ms
[Build] Inserted 17200/50000 points, avg insert time: 0.693 ms
[Build] Inserted 17300/50000 points, avg insert time: 1.539 ms
[Build] Inserted 17400/50000 points, avg insert time: 2.344 ms
[Build] Inserted 17500/50000 points, avg insert time: 2.016 ms
[Build] Inserted 17600/50000 points, avg insert time: 0.847 ms
[Build] Inserted 17700/50000 points, avg insert time: 1.565 ms
[Build] Inserted 17800/50000 points, avg insert time: 1.481 ms
[Build] Inserted 17900/50000 points, avg insert time: 3.048 ms
[Build] Inserted 18000/50000 points, avg insert time: 1.259 ms
[Build] Inserted 18100/50000 points, avg insert time: 3.394 ms
[Build] Inserted 18200/50000 points, avg insert time: 2.433 ms
[Build] Inserted 18300/50000 points, avg insert time: 2.736 ms
[Build] Inserted 18400/50000 points, avg insert time: 2.611 ms
[Build] Inserted 18500/50000 points, avg insert time: 2.264 ms
[Build] Inserted 18600/50000 points, avg insert time: 3.299 ms
[Build] Inserted 18700/50000 points, avg insert time: 2.740 ms
[Build] Inserted 18800/50000 points, avg insert time: 1.612 ms
[Build] Inserted 18900/50000 points, avg insert time: 3.471 ms
[Build] Inserted 19000/50000 points, avg insert time: 1.918 ms
[Build] Inserted 19100/50000 points, avg insert time: 1.530 ms
[Build] Inserted 19200/50000 points, avg insert time: 2.581 ms
[Build] Inserted 19300/50000 points, avg insert time: 1.399 ms
[Build] Inserted 19400/50000 points, avg insert time: 1.122 ms
[Build] Inserted 19500/50000 points, avg insert time: 2.674 ms
[Build] Inserted 19600/50000 points, avg insert time: 2.604 ms
[Build] Inserted 19700/50000 points, avg insert time: 1.893 ms
[Build] Inserted 19800/50000 points, avg insert time: 2.846 ms
[Build] Inserted 19900/50000 points, avg insert time: 2.800 ms
[Build] Inserted 20000/50000 points, avg insert time: 1.898 ms
[Build] Inserted 20100/50000 points, avg insert time: 4.983 ms
[Build] Inserted 20200/50000 points, avg insert time: 1.746 ms
[Build] Inserted 20300/50000 points, avg insert time: 2.389 ms
[Build] Inserted 20400/50000 points, avg insert time: 2.496 ms
[Build] Inserted 20500/50000 points, avg insert time: 2.166 ms
[Build] Inserted 20600/50000 points, avg insert time: 2.508 ms
[Build] Inserted 20700/50000 points, avg insert time: 2.461 ms
[Build] Inserted 20800/50000 points, avg insert time: 1.635 ms
[Build] Inserted 20900/50000 points, avg insert time: 3.536 ms
[Build] Inserted 21000/50000 points, avg insert time: 2.664 ms
[Build] Inserted 21100/50000 points, avg insert time: 1.316 ms
[Build] Inserted 21200/50000 points, avg insert time: 1.889 ms
[Build] Inserted 21300/50000 points, avg insert time: 3.409 ms
[Build] Inserted 21400/50000 points, avg insert time: 1.444 ms
[Build] Inserted 21500/50000 points, avg insert time: 2.116 ms
[Build] Inserted 21600/50000 points, avg insert time: 2.447 ms
[Build] Inserted 21700/50000 points, avg insert time: 3.266 ms
[Build] Inserted 21800/50000 points, avg insert time: 1.547 ms
[Build] Inserted 21900/50000 points, avg insert time: 2.105 ms
[Build] Inserted 22000/50000 points, avg insert time: 1.710 ms
[Build] Inserted 22100/50000 points, avg insert time: 3.605 ms
[Build] Inserted 22200/50000 points, avg insert time: 2.242 ms
[Build] Inserted 22300/50000 points, avg insert time: 2.692 ms
[Build] Inserted 22400/50000 points, avg insert time: 2.494 ms
[Build] Inserted 22500/50000 points, avg insert time: 2.051 ms
[Build] Inserted 22600/50000 points, avg insert time: 2.137 ms
[Build] Inserted 22700/50000 points, avg insert time: 2.790 ms
[Build] Inserted 22800/50000 points, avg insert time: 3.084 ms
[Build] Inserted 22900/50000 points, avg insert time: 2.215 ms
[Build] Inserted 23000/50000 points, avg insert time: 2.952 ms
[Build] Inserted 23100/50000 points, avg insert time: 1.065 ms
[Build] Inserted 23200/50000 points, avg insert time: 1.185 ms
[Build] Inserted 23300/50000 points, avg insert time: 1.617 ms
[Build] Inserted 23400/50000 points, avg insert time: 3.822 ms
[Build] Inserted 23500/50000 points, avg insert time: 1.972 ms
[Build] Inserted 23600/50000 points, avg insert time: 1.595 ms
[Build] Inserted 23700/50000 points, avg insert time: 2.351 ms
[Build] Inserted 23800/50000 points, avg insert time: 3.232 ms
[Build] Inserted 23900/50000 points, avg insert time: 3.331 ms
[Build] Inserted 24000/50000 points, avg insert time: 2.185 ms
[Build] Inserted 24100/50000 points, avg insert time: 2.277 ms
[Build] Inserted 24200/50000 points, avg insert time: 1.554 ms
[Build] Inserted 24300/50000 points, avg insert time: 1.907 ms
[Build] Inserted 24400/50000 points, avg insert time: 3.083 ms
[Build] Inserted 24500/50000 points, avg insert time: 2.367 ms
[Build] Inserted 24600/50000 points, avg insert time: 3.038 ms
[Build] Inserted 24700/50000 points, avg insert time: 2.132 ms
[Build] Inserted 24800/50000 points, avg insert time: 3.623 ms
[Build] Inserted 24900/50000 points, avg insert time: 1.912 ms
[Build] Inserted 25000/50000 points, avg insert time: 4.137 ms
[Build] Inserted 25100/50000 points, avg insert time: 1.777 ms
[Build] Inserted 25200/50000 points, avg insert time: 2.218 ms
[Build] Inserted 25300/50000 points, avg insert time: 2.893 ms
[Build] Inserted 25400/50000 points, avg insert time: 1.657 ms
[Build] Inserted 25500/50000 points, avg insert time: 2.801 ms
[Build] Inserted 25600/50000 points, avg insert time: 1.432 ms
[Build] Inserted 25700/50000 points, avg insert time: 1.678 ms
[Build] Inserted 25800/50000 points, avg insert time: 2.614 ms
[Build] Inserted 25900/50000 points, avg insert time: 0.890 ms
[Build] Inserted 26000/50000 points, avg insert time: 1.420 ms
[Build] Inserted 26100/50000 points, avg insert time: 2.305 ms
[Build] Inserted 26200/50000 points, avg insert time: 2.572 ms
[Build] Inserted 26300/50000 points, avg insert time: 2.270 ms
[Build] Inserted 26400/50000 points, avg insert time: 2.409 ms
[Build] Inserted 26500/50000 points, avg insert time: 2.697 ms
[Build] Inserted 26600/50000 points, avg insert time: 3.750 ms
[Build] Inserted 26700/50000 points, avg insert time: 8.029 ms
[Build] Inserted 26800/50000 points, avg insert time: 1.919 ms
[Build] Inserted 26900/50000 points, avg insert time: 4.101 ms
[Build] Inserted 27000/50000 points, avg insert time: 2.353 ms
[Build] Inserted 27100/50000 points, avg insert time: 2.460 ms
[Build] Inserted 27200/50000 points, avg insert time: 2.278 ms
[Build] Inserted 27300/50000 points, avg insert time: 1.485 ms
[Build] Inserted 27400/50000 points, avg insert time: 2.151 ms
[Build] Inserted 27500/50000 points, avg insert time: 1.223 ms
[Build] Inserted 27600/50000 points, avg insert time: 1.894 ms
[Build] Inserted 27700/50000 points, avg insert time: 1.378 ms
[Build] Inserted 27800/50000 points, avg insert time: 3.482 ms
[Build] Inserted 27900/50000 points, avg insert time: 3.501 ms
[Build] Inserted 28000/50000 points, avg insert time: 1.516 ms
[Build] Inserted 28100/50000 points, avg insert time: 1.455 ms
[Build] Inserted 28200/50000 points, avg insert time: 3.751 ms
[Build] Inserted 28300/50000 points, avg insert time: 2.019 ms
[Build] Inserted 28400/50000 points, avg insert time: 2.011 ms
[Build] Inserted 28500/50000 points, avg insert time: 1.977 ms
[Build] Inserted 28600/50000 points, avg insert time: 1.543 ms
[Build] Inserted 28700/50000 points, avg insert time: 1.465 ms
[Build] Inserted 28800/50000 points, avg insert time: 2.389 ms
[Build] Inserted 28900/50000 points, avg insert time: 3.117 ms
[Build] Inserted 29000/50000 points, avg insert time: 2.706 ms
[Build] Inserted 29100/50000 points, avg insert time: 2.399 ms
[Build] Inserted 29200/50000 points, avg insert time: 3.216 ms
[Build] Inserted 29300/50000 points, avg insert time: 1.390 ms
[Build] Inserted 29400/50000 points, avg insert time: 2.528 ms
[Build] Inserted 29500/50000 points, avg insert time: 2.229 ms
[Build] Inserted 29600/50000 points, avg insert time: 1.927 ms
[Build] Inserted 29700/50000 points, avg insert time: 2.128 ms
[Build] Inserted 29800/50000 points, avg insert time: 3.122 ms
[Build] Inserted 29900/50000 points, avg insert time: 1.818 ms
[Build] Inserted 30000/50000 points, avg insert time: 13.553 ms
[Build] Inserted 30100/50000 points, avg insert time: 2.943 ms
[Build] Inserted 30200/50000 points, avg insert time: 0.607 ms
[Build] Inserted 30300/50000 points, avg insert time: 1.735 ms
[Build] Inserted 30400/50000 points, avg insert time: 1.927 ms
[Build] Inserted 30500/50000 points, avg insert time: 2.078 ms
[Build] Inserted 30600/50000 points, avg insert time: 2.297 ms
[Build] Inserted 30700/50000 points, avg insert time: 1.760 ms
[Build] Inserted 30800/50000 points, avg insert time: 2.656 ms
[Build] Inserted 30900/50000 points, avg insert time: 2.442 ms
[Build] Inserted 31000/50000 points, avg insert time: 1.475 ms
[Build] Inserted 31100/50000 points, avg insert time: 2.421 ms
[Build] Inserted 31200/50000 points, avg insert time: 3.113 ms
[Build] Inserted 31300/50000 points, avg insert time: 2.332 ms
[Build] Inserted 31400/50000 points, avg insert time: 1.103 ms
[Build] Inserted 31500/50000 points, avg insert time: 2.267 ms
[Build] Inserted 31600/50000 points, avg insert time: 1.313 ms
[Build] Inserted 31700/50000 points, avg insert time: 2.079 ms
[Build] Inserted 31800/50000 points, avg insert time: 1.609 ms
[Build] Inserted 31900/50000 points, avg insert time: 1.711 ms
[Build] Inserted 32000/50000 points, avg insert time: 2.720 ms
[Build] Inserted 32100/50000 points, avg insert time: 3.291 ms
[Build] Inserted 32200/50000 points, avg insert time: 1.293 ms
[Build] Inserted 32300/50000 points, avg insert time: 2.749 ms
[Build] Inserted 32400/50000 points, avg insert time: 2.602 ms
[Build] Inserted 32500/50000 points, avg insert time: 1.675 ms
[Build] Inserted 32600/50000 points, avg insert time: 2.179 ms
[Build] Inserted 32700/50000 points, avg insert time: 1.964 ms
[Build] Inserted 32800/50000 points, avg insert time: 3.858 ms
[Build] Inserted 32900/50000 points, avg insert time: 2.763 ms
[Build] Inserted 33000/50000 points, avg insert time: 3.063 ms
[Build] Inserted 33100/50000 points, avg insert time: 3.651 ms
[Build] Inserted 33200/50000 points, avg insert time: 2.325 ms
[Build] Inserted 33300/50000 points, avg insert time: 2.406 ms
[Build] Inserted 33400/50000 points, avg insert time: 4.045 ms
[Build] Inserted 33500/50000 points, avg insert time: 4.405 ms
[Build] Inserted 33600/50000 points, avg insert time: 3.556 ms
[Build] Inserted 33700/50000 points, avg insert time: 2.468 ms
[Build] Inserted 33800/50000 points, avg insert time: 1.396 ms
[Build] Inserted 33900/50000 points, avg insert time: 4.476 ms
[Build] Inserted 34000/50000 points, avg insert time: 2.227 ms
[Build] Inserted 34100/50000 points, avg insert time: 1.860 ms
[Build] Inserted 34200/50000 points, avg insert time: 2.030 ms
[Build] Inserted 34300/50000 points, avg insert time: 2.379 ms
[Build] Inserted 34400/50000 points, avg insert time: 1.331 ms
[Build] Inserted 34500/50000 points, avg insert time: 2.356 ms
[Build] Inserted 34600/50000 points, avg insert time: 1.747 ms
[Build] Inserted 34700/50000 points, avg insert time: 1.953 ms
[Build] Inserted 34800/50000 points, avg insert time: 1.848 ms
[Build] Inserted 34900/50000 points, avg insert time: 2.166 ms
[Build] Inserted 35000/50000 points, avg insert time: 3.390 ms
[Build] Inserted 35100/50000 points, avg insert time: 1.854 ms
[Build] Inserted 35200/50000 points, avg insert time: 2.149 ms
[Build] Inserted 35300/50000 points, avg insert time: 6.485 ms
[Build] Inserted 35400/50000 points, avg insert time: 2.867 ms
[Build] Inserted 35500/50000 points, avg insert time: 2.737 ms
[Build] Inserted 35600/50000 points, avg insert time: 2.873 ms
[Build] Inserted 35700/50000 points, avg insert time: 3.175 ms
[Build] Inserted 35800/50000 points, avg insert time: 2.021 ms
[Build] Inserted 35900/50000 points, avg insert time: 2.910 ms
[Build] Inserted 36000/50000 points, avg insert time: 2.223 ms
[Build] Inserted 36100/50000 points, avg insert time: 1.669 ms
[Build] Inserted 36200/50000 points, avg insert time: 2.129 ms
[Build] Inserted 36300/50000 points, avg insert time: 3.368 ms
[Build] Inserted 36400/50000 points, avg insert time: 1.893 ms
[Build] Inserted 36500/50000 points, avg insert time: 1.975 ms
[Build] Inserted 36600/50000 points, avg insert time: 1.928 ms
[Build] Inserted 36700/50000 points, avg insert time: 0.972 ms
[Build] Inserted 36800/50000 points, avg insert time: 3.561 ms
[Build] Inserted 36900/50000 points, avg insert time: 4.063 ms
[Build] Inserted 37000/50000 points, avg insert time: 1.992 ms
[Build] Inserted 37100/50000 points, avg insert time: 2.353 ms
[Build] Inserted 37200/50000 points, avg insert time: 2.859 ms
[Build] Inserted 37300/50000 points, avg insert time: 3.666 ms
[Build] Inserted 37400/50000 points, avg insert time: 2.380 ms
[Build] Inserted 37500/50000 points, avg insert time: 1.478 ms
[Build] Inserted 37600/50000 points, avg insert time: 2.872 ms
[Build] Inserted 37700/50000 points, avg insert time: 1.623 ms
[Build] Inserted 37800/50000 points, avg insert time: 2.461 ms
[Build] Inserted 37900/50000 points, avg insert time: 2.808 ms
[Build] Inserted 38000/50000 points, avg insert time: 2.788 ms
[Build] Inserted 38100/50000 points, avg insert time: 2.067 ms
[Build] Inserted 38200/50000 points, avg insert time: 5.118 ms
[Build] Inserted 38300/50000 points, avg insert time: 2.460 ms
[Build] Inserted 38400/50000 points, avg insert time: 2.301 ms
[Build] Inserted 38500/50000 points, avg insert time: 3.377 ms
[Build] Inserted 38600/50000 points, avg insert time: 2.478 ms
[Build] Inserted 38700/50000 points, avg insert time: 3.177 ms
[Build] Inserted 38800/50000 points, avg insert time: 2.209 ms
[Build] Inserted 38900/50000 points, avg insert time: 3.054 ms
[Build] Inserted 39000/50000 points, avg insert time: 1.810 ms
[Build] Inserted 39100/50000 points, avg insert time: 2.150 ms
[Build] Inserted 39200/50000 points, avg insert time: 2.204 ms
[Build] Inserted 39300/50000 points, avg insert time: 3.617 ms
[Build] Inserted 39400/50000 points, avg insert time: 3.204 ms
[Build] Inserted 39500/50000 points, avg insert time: 1.404 ms
[Build] Inserted 39600/50000 points, avg insert time: 4.310 ms
[Build] Inserted 39700/50000 points, avg insert time: 2.165 ms
[Build] Inserted 39800/50000 points, avg insert time: 2.747 ms
[Build] Inserted 39900/50000 points, avg insert time: 2.182 ms
[Build] Inserted 40000/50000 points, avg insert time: 3.313 ms
[Build] Inserted 40100/50000 points, avg insert time: 2.547 ms
[Build] Inserted 40200/50000 points, avg insert time: 2.196 ms
[Build] Inserted 40300/50000 points, avg insert time: 4.090 ms
[Build] Inserted 40400/50000 points, avg insert time: 2.837 ms
[Build] Inserted 40500/50000 points, avg insert time: 1.417 ms
[Build] Inserted 40600/50000 points, avg insert time: 2.384 ms
[Build] Inserted 40700/50000 points, avg insert time: 2.127 ms
[Build] Inserted 40800/50000 points, avg insert time: 1.912 ms
[Build] Inserted 40900/50000 points, avg insert time: 2.280 ms
[Build] Inserted 41000/50000 points, avg insert time: 1.689 ms
[Build] Inserted 41100/50000 points, avg insert time: 2.534 ms
[Build] Inserted 41200/50000 points, avg insert time: 0.866 ms
[Build] Inserted 41300/50000 points, avg insert time: 1.538 ms
[Build] Inserted 41400/50000 points, avg insert time: 1.907 ms
[Build] Inserted 41500/50000 points, avg insert time: 1.608 ms
[Build] Inserted 41600/50000 points, avg insert time: 1.523 ms
[Build] Inserted 41700/50000 points, avg insert time: 2.027 ms
[Build] Inserted 41800/50000 points, avg insert time: 2.040 ms
[Build] Inserted 41900/50000 points, avg insert time: 0.721 ms
[Build] Inserted 42000/50000 points, avg insert time: 1.775 ms
[Build] Inserted 42100/50000 points, avg insert time: 0.771 ms
[Build] Inserted 42200/50000 points, avg insert time: 1.101 ms
[Build] Inserted 42300/50000 points, avg insert time: 1.449 ms
[Build] Inserted 42400/50000 points, avg insert time: 1.681 ms
[Build] Inserted 42500/50000 points, avg insert time: 2.091 ms
[Build] Inserted 42600/50000 points, avg insert time: 2.542 ms
[Build] Inserted 42700/50000 points, avg insert time: 1.534 ms
[Build] Inserted 42800/50000 points, avg insert time: 0.981 ms
[Build] Inserted 42900/50000 points, avg insert time: 1.978 ms
[Build] Inserted 43000/50000 points, avg insert time: 2.459 ms
[Build] Inserted 43100/50000 points, avg insert time: 0.725 ms
[Build] Inserted 43200/50000 points, avg insert time: 1.162 ms
[Build] Inserted 43300/50000 points, avg insert time: 2.492 ms
[Build] Inserted 43400/50000 points, avg insert time: 2.362 ms
[Build] Inserted 43500/50000 points, avg insert time: 2.140 ms
[Build] Inserted 43600/50000 points, avg insert time: 1.583 ms
[Build] Inserted 43700/50000 points, avg insert time: 1.115 ms
[Build] Inserted 43800/50000 points, avg insert time: 13.755 ms
[Build] Inserted 43900/50000 points, avg insert time: 1.777 ms
[Build] Inserted 44000/50000 points, avg insert time: 1.710 ms
[Build] Inserted 44100/50000 points, avg insert time: 1.815 ms
[Build] Inserted 44200/50000 points, avg insert time: 0.684 ms
[Build] Inserted 44300/50000 points, avg insert time: 2.065 ms
[Build] Inserted 44400/50000 points, avg insert time: 1.129 ms
[Build] Inserted 44500/50000 points, avg insert time: 2.324 ms
[Build] Inserted 44600/50000 points, avg insert time: 1.512 ms
[Build] Inserted 44700/50000 points, avg insert time: 1.584 ms
[Build] Inserted 44800/50000 points, avg insert time: 1.258 ms
[Build] Inserted 44900/50000 points, avg insert time: 1.851 ms
[Build] Inserted 45000/50000 points, avg insert time: 3.889 ms
[Build] Inserted 45100/50000 points, avg insert time: 1.585 ms
[Build] Inserted 45200/50000 points, avg insert time: 1.865 ms
[Build] Inserted 45300/50000 points, avg insert time: 1.580 ms
[Build] Inserted 45400/50000 points, avg insert time: 2.565 ms
[Build] Inserted 45500/50000 points, avg insert time: 1.397 ms
[Build] Inserted 45600/50000 points, avg insert time: 2.158 ms
[Build] Inserted 45700/50000 points, avg insert time: 2.151 ms
[Build] Inserted 45800/50000 points, avg insert time: 1.049 ms
[Build] Inserted 45900/50000 points, avg insert time: 1.837 ms
[Build] Inserted 46000/50000 points, avg insert time: 2.272 ms
[Build] Inserted 46100/50000 points, avg insert time: 1.445 ms
[Build] Inserted 46200/50000 points, avg insert time: 1.796 ms
[Build] Inserted 46300/50000 points, avg insert time: 0.771 ms
[Build] Inserted 46400/50000 points, avg insert time: 1.018 ms
[Build] Inserted 46500/50000 points, avg insert time: 1.610 ms
[Build] Inserted 46600/50000 points, avg insert time: 7.051 ms
[Build] Inserted 46700/50000 points, avg insert time: 1.301 ms
[Build] Inserted 46800/50000 points, avg insert time: 1.598 ms
[Build] Inserted 46900/50000 points, avg insert time: 1.552 ms
[Build] Inserted 47000/50000 points, avg insert time: 1.857 ms
[Build] Inserted 47100/50000 points, avg insert time: 2.381 ms
[Build] Inserted 47200/50000 points, avg insert time: 3.274 ms
[Build] Inserted 47300/50000 points, avg insert time: 1.248 ms
[Build] Inserted 47400/50000 points, avg insert time: 2.141 ms
[Build] Inserted 47500/50000 points, avg insert time: 1.180 ms
[Build] Inserted 47600/50000 points, avg insert time: 2.311 ms
[Build] Inserted 47700/50000 points, avg insert time: 2.908 ms
[Build] Inserted 47800/50000 points, avg insert time: 1.619 ms
[Build] Inserted 47900/50000 points, avg insert time: 2.020 ms
[Build] Inserted 48000/50000 points, avg insert time: 1.240 ms
[Build] Inserted 48100/50000 points, avg insert time: 1.487 ms
[Build] Inserted 48200/50000 points, avg insert time: 1.758 ms
[Build] Inserted 48300/50000 points, avg insert time: 1.240 ms
[Build] Inserted 48400/50000 points, avg insert time: 0.714 ms
[Build] Inserted 48500/50000 points, avg insert time: 1.909 ms
[Build] Inserted 48600/50000 points, avg insert time: 1.202 ms
[Build] Inserted 48700/50000 points, avg insert time: 1.863 ms
[Build] Inserted 48800/50000 points, avg insert time: 1.708 ms
[Build] Inserted 48900/50000 points, avg insert time: 0.987 ms
[Build] Inserted 49000/50000 points, avg insert time: 1.916 ms
[Build] Inserted 49100/50000 points, avg insert time: 3.018 ms
[Build] Inserted 49200/50000 points, avg insert time: 0.857 ms
[Build] Inserted 49300/50000 points, avg insert time: 2.157 ms
[Build] Inserted 49400/50000 points, avg insert time: 1.964 ms
[Build] Inserted 49500/50000 points, avg insert time: 1.115 ms
[Build] Inserted 49600/50000 points, avg insert time: 1.445 ms
[Build] Inserted 49700/50000 points, avg insert time: 1.284 ms
[Build] Inserted 49800/50000 points, avg insert time: 2.576 ms
[Build] Inserted 49900/50000 points, avg insert time: 1.851 ms
[Build] Inserted 50000/50000 points, avg insert time: 1.624 ms
[Build] Starting queries...
[Query] Processed 100/5000 queries, avg query time: 33.153 ms
[Query] Processed 200/5000 queries, avg query time: 34.328 ms
[Query] Processed 300/5000 queries, avg query time: 35.423 ms
[Query] Processed 400/5000 queries, avg query time: 35.024 ms
[Query] Processed 500/5000 queries, avg query time: 34.620 ms
[Query] Processed 600/5000 queries, avg query time: 36.646 ms
[Query] Processed 700/5000 queries, avg query time: 36.516 ms
[Query] Processed 800/5000 queries, avg query time: 36.627 ms
[Query] Processed 900/5000 queries, avg query time: 36.734 ms
[Query] Processed 1000/5000 queries, avg query time: 36.923 ms
[Query] Processed 1100/5000 queries, avg query time: 36.744 ms
[Query] Processed 1200/5000 queries, avg query time: 36.506 ms
[Query] Processed 1300/5000 queries, avg query time: 36.379 ms
[Query] Processed 1400/5000 queries, avg query time: 36.291 ms
[Query] Processed 1500/5000 queries, avg query time: 37.056 ms
[Query] Processed 1600/5000 queries, avg query time: 36.949 ms
[Query] Processed 1700/5000 queries, avg query time: 37.033 ms
[Query] Processed 1800/5000 queries, avg query time: 36.724 ms
[Query] Processed 1900/5000 queries, avg query time: 36.708 ms
[Query] Processed 2000/5000 queries, avg query time: 36.624 ms
[Query] Processed 2100/5000 queries, avg query time: 36.578 ms
[Query] Processed 2200/5000 queries, avg query time: 36.390 ms
[Query] Processed 2300/5000 queries, avg query time: 36.341 ms
[Query] Processed 2400/5000 queries, avg query time: 36.426 ms
[Query] Processed 2500/5000 queries, avg query time: 37.140 ms
[Query] Processed 2600/5000 queries, avg query time: 37.152 ms
[Query] Processed 2700/5000 queries, avg query time: 37.306 ms
[Query] Processed 2800/5000 queries, avg query time: 37.290 ms
[Query] Processed 2900/5000 queries, avg query time: 37.178 ms
[Query] Processed 3000/5000 queries, avg query time: 37.126 ms
[Query] Processed 3100/5000 queries, avg query time: 37.327 ms
[Query] Processed 3200/5000 queries, avg query time: 37.432 ms
[Query] Processed 3300/5000 queries, avg query time: 37.836 ms
[Query] Processed 3400/5000 queries, avg query time: 37.738 ms
[Query] Processed 3500/5000 queries, avg query time: 37.793 ms
[Query] Processed 3600/5000 queries, avg query time: 37.843 ms
[Query] Processed 3700/5000 queries, avg query time: 37.763 ms
[Query] Processed 3800/5000 queries, avg query time: 37.687 ms
[Query] Processed 3900/5000 queries, avg query time: 37.674 ms
[Query] Processed 4000/5000 queries, avg query time: 37.650 ms
[Query] Processed 4100/5000 queries, avg query time: 37.576 ms
[Query] Processed 4200/5000 queries, avg query time: 37.782 ms
[Query] Processed 4300/5000 queries, avg query time: 37.673 ms
[Query] Processed 4400/5000 queries, avg query time: 37.620 ms
[Query] Processed 4500/5000 queries, avg query time: 37.543 ms
[Query] Processed 4600/5000 queries, avg query time: 37.444 ms
[Query] Processed 4700/5000 queries, avg query time: 37.325 ms
[Query] Processed 4800/5000 queries, avg query time: 37.253 ms
[Query] Processed 4900/5000 queries, avg query time: 37.144 ms
[Query] Processed 5000/5000 queries, avg query time: 37.054 ms
[Sanity Check] Total Relevant =  3722
[Result] Memory breakdown (MB): {'hash_functions_MB': 13.568115234375, 'bucket_ids_MB': 24.470443725585938, 'num_ids': 6414780, 'num_buckets': 3794783, 'hash_tables_overhead_MB': 318.47086334228516, 'total_MB': 356.5094223022461}
[Result] Epsilon-recall: 0.9956
[Result] (c,r)-ANN accuracy: 1.0000
[SUMMARY] r=0.5, eps=0.5, eta=0.2, recall=0.9956, (c,r)-ANN accuracy=1.0, memory=356.5094223022461
