[Init] Inputs : eta=0.10, epsilon=0.60, r=0.50
[Init] LSH Parameters : w=1.638, p1=0.7566, p2=0.6177, rho=0.5790
[Init] Data Structure Parameters : k=23, L=694, key_bits=736, mode=speed
[Build] Starting insertion...
[Build] Inserted 100/50000 points, avg insert time: 2.793 ms
[Build] Inserted 200/50000 points, avg insert time: 2.613 ms
[Build] Inserted 300/50000 points, avg insert time: 2.490 ms
[Build] Inserted 400/50000 points, avg insert time: 2.729 ms
[Build] Inserted 500/50000 points, avg insert time: 2.735 ms
[Build] Inserted 600/50000 points, avg insert time: 3.185 ms
[Build] Inserted 700/50000 points, avg insert time: 7.932 ms
[Build] Inserted 800/50000 points, avg insert time: 3.405 ms
[Build] Inserted 900/50000 points, avg insert time: 3.428 ms
[Build] Inserted 1000/50000 points, avg insert time: 3.043 ms
[Build] Inserted 1100/50000 points, avg insert time: 3.739 ms
[Build] Inserted 1200/50000 points, avg insert time: 2.610 ms
[Build] Inserted 1300/50000 points, avg insert time: 3.621 ms
[Build] Inserted 1400/50000 points, avg insert time: 3.227 ms
[Build] Inserted 1500/50000 points, avg insert time: 2.739 ms
[Build] Inserted 1600/50000 points, avg insert time: 4.753 ms
[Build] Inserted 1700/50000 points, avg insert time: 2.564 ms
[Build] Inserted 1800/50000 points, avg insert time: 2.652 ms
[Build] Inserted 1900/50000 points, avg insert time: 2.502 ms
[Build] Inserted 2000/50000 points, avg insert time: 3.200 ms
[Build] Inserted 2100/50000 points, avg insert time: 2.578 ms
[Build] Inserted 2200/50000 points, avg insert time: 3.803 ms
[Build] Inserted 2300/50000 points, avg insert time: 2.891 ms
[Build] Inserted 2400/50000 points, avg insert time: 3.757 ms
[Build] Inserted 2500/50000 points, avg insert time: 3.209 ms
[Build] Inserted 2600/50000 points, avg insert time: 2.623 ms
[Build] Inserted 2700/50000 points, avg insert time: 1.619 ms
[Build] Inserted 2800/50000 points, avg insert time: 2.783 ms
[Build] Inserted 2900/50000 points, avg insert time: 3.975 ms
[Build] Inserted 3000/50000 points, avg insert time: 2.868 ms
[Build] Inserted 3100/50000 points, avg insert time: 4.411 ms
[Build] Inserted 3200/50000 points, avg insert time: 1.978 ms
[Build] Inserted 3300/50000 points, avg insert time: 2.377 ms
[Build] Inserted 3400/50000 points, avg insert time: 2.774 ms
[Build] Inserted 3500/50000 points, avg insert time: 2.192 ms
[Build] Inserted 3600/50000 points, avg insert time: 2.449 ms
[Build] Inserted 3700/50000 points, avg insert time: 1.930 ms
[Build] Inserted 3800/50000 points, avg insert time: 2.106 ms
[Build] Inserted 3900/50000 points, avg insert time: 2.482 ms
[Build] Inserted 4000/50000 points, avg insert time: 3.122 ms
[Build] Inserted 4100/50000 points, avg insert time: 2.152 ms
[Build] Inserted 4200/50000 points, avg insert time: 1.715 ms
[Build] Inserted 4300/50000 points, avg insert time: 3.583 ms
[Build] Inserted 4400/50000 points, avg insert time: 2.401 ms
[Build] Inserted 4500/50000 points, avg insert time: 3.012 ms
[Build] Inserted 4600/50000 points, avg insert time: 2.538 ms
[Build] Inserted 4700/50000 points, avg insert time: 3.230 ms
[Build] Inserted 4800/50000 points, avg insert time: 2.459 ms
[Build] Inserted 4900/50000 points, avg insert time: 2.255 ms
[Build] Inserted 5000/50000 points, avg insert time: 2.727 ms
[Build] Inserted 5100/50000 points, avg insert time: 2.941 ms
[Build] Inserted 5200/50000 points, avg insert time: 2.900 ms
[Build] Inserted 5300/50000 points, avg insert time: 3.241 ms
[Build] Inserted 5400/50000 points, avg insert time: 3.136 ms
[Build] Inserted 5500/50000 points, avg insert time: 3.492 ms
[Build] Inserted 5600/50000 points, avg insert time: 2.225 ms
[Build] Inserted 5700/50000 points, avg insert time: 2.508 ms
[Build] Inserted 5800/50000 points, avg insert time: 4.439 ms
[Build] Inserted 5900/50000 points, avg insert time: 2.906 ms
[Build] Inserted 6000/50000 points, avg insert time: 5.522 ms
[Build] Inserted 6100/50000 points, avg insert time: 2.845 ms
[Build] Inserted 6200/50000 points, avg insert time: 3.234 ms
[Build] Inserted 6300/50000 points, avg insert time: 3.284 ms
[Build] Inserted 6400/50000 points, avg insert time: 2.670 ms
[Build] Inserted 6500/50000 points, avg insert time: 3.302 ms
[Build] Inserted 6600/50000 points, avg insert time: 2.816 ms
[Build] Inserted 6700/50000 points, avg insert time: 3.378 ms
[Build] Inserted 6800/50000 points, avg insert time: 2.950 ms
[Build] Inserted 6900/50000 points, avg insert time: 3.276 ms
[Build] Inserted 7000/50000 points, avg insert time: 2.559 ms
[Build] Inserted 7100/50000 points, avg insert time: 3.131 ms
[Build] Inserted 7200/50000 points, avg insert time: 2.668 ms
[Build] Inserted 7300/50000 points, avg insert time: 3.451 ms
[Build] Inserted 7400/50000 points, avg insert time: 2.710 ms
[Build] Inserted 7500/50000 points, avg insert time: 3.291 ms
[Build] Inserted 7600/50000 points, avg insert time: 2.182 ms
[Build] Inserted 7700/50000 points, avg insert time: 2.664 ms
[Build] Inserted 7800/50000 points, avg insert time: 2.754 ms
[Build] Inserted 7900/50000 points, avg insert time: 3.425 ms
[Build] Inserted 8000/50000 points, avg insert time: 5.027 ms
[Build] Inserted 8100/50000 points, avg insert time: 3.593 ms
[Build] Inserted 8200/50000 points, avg insert time: 2.738 ms
[Build] Inserted 8300/50000 points, avg insert time: 5.260 ms
[Build] Inserted 8400/50000 points, avg insert time: 4.170 ms
[Build] Inserted 8500/50000 points, avg insert time: 3.462 ms
[Build] Inserted 8600/50000 points, avg insert time: 2.790 ms
[Build] Inserted 8700/50000 points, avg insert time: 2.669 ms
[Build] Inserted 8800/50000 points, avg insert time: 2.230 ms
[Build] Inserted 8900/50000 points, avg insert time: 3.107 ms
[Build] Inserted 9000/50000 points, avg insert time: 2.530 ms
[Build] Inserted 9100/50000 points, avg insert time: 2.874 ms
[Build] Inserted 9200/50000 points, avg insert time: 2.344 ms
[Build] Inserted 9300/50000 points, avg insert time: 2.851 ms
[Build] Inserted 9400/50000 points, avg insert time: 3.136 ms
[Build] Inserted 9500/50000 points, avg insert time: 2.964 ms
[Build] Inserted 9600/50000 points, avg insert time: 3.093 ms
[Build] Inserted 9700/50000 points, avg insert time: 2.479 ms
[Build] Inserted 9800/50000 points, avg insert time: 2.868 ms
[Build] Inserted 9900/50000 points, avg insert time: 3.004 ms
[Build] Inserted 10000/50000 points, avg insert time: 2.796 ms
[Build] Inserted 10100/50000 points, avg insert time: 3.415 ms
[Build] Inserted 10200/50000 points, avg insert time: 4.847 ms
[Build] Inserted 10300/50000 points, avg insert time: 3.531 ms
[Build] Inserted 10400/50000 points, avg insert time: 2.971 ms
[Build] Inserted 10500/50000 points, avg insert time: 2.609 ms
[Build] Inserted 10600/50000 points, avg insert time: 2.417 ms
[Build] Inserted 10700/50000 points, avg insert time: 2.739 ms
[Build] Inserted 10800/50000 points, avg insert time: 2.363 ms
[Build] Inserted 10900/50000 points, avg insert time: 4.662 ms
[Build] Inserted 11000/50000 points, avg insert time: 2.582 ms
[Build] Inserted 11100/50000 points, avg insert time: 2.407 ms
[Build] Inserted 11200/50000 points, avg insert time: 2.784 ms
[Build] Inserted 11300/50000 points, avg insert time: 9.177 ms
[Build] Inserted 11400/50000 points, avg insert time: 3.525 ms
[Build] Inserted 11500/50000 points, avg insert time: 2.932 ms
[Build] Inserted 11600/50000 points, avg insert time: 3.085 ms
[Build] Inserted 11700/50000 points, avg insert time: 3.084 ms
[Build] Inserted 11800/50000 points, avg insert time: 2.433 ms
[Build] Inserted 11900/50000 points, avg insert time: 2.832 ms
[Build] Inserted 12000/50000 points, avg insert time: 2.561 ms
[Build] Inserted 12100/50000 points, avg insert time: 2.283 ms
[Build] Inserted 12200/50000 points, avg insert time: 2.660 ms
[Build] Inserted 12300/50000 points, avg insert time: 2.507 ms
[Build] Inserted 12400/50000 points, avg insert time: 2.868 ms
[Build] Inserted 12500/50000 points, avg insert time: 2.604 ms
[Build] Inserted 12600/50000 points, avg insert time: 2.843 ms
[Build] Inserted 12700/50000 points, avg insert time: 2.842 ms
[Build] Inserted 12800/50000 points, avg insert time: 2.964 ms
[Build] Inserted 12900/50000 points, avg insert time: 2.782 ms
[Build] Inserted 13000/50000 points, avg insert time: 2.284 ms
[Build] Inserted 13100/50000 points, avg insert time: 3.728 ms
[Build] Inserted 13200/50000 points, avg insert time: 3.695 ms
[Build] Inserted 13300/50000 points, avg insert time: 3.641 ms
[Build] Inserted 13400/50000 points, avg insert time: 3.155 ms
[Build] Inserted 13500/50000 points, avg insert time: 3.339 ms
[Build] Inserted 13600/50000 points, avg insert time: 3.786 ms
[Build] Inserted 13700/50000 points, avg insert time: 3.603 ms
[Build] Inserted 13800/50000 points, avg insert time: 3.324 ms
[Build] Inserted 13900/50000 points, avg insert time: 2.971 ms
[Build] Inserted 14000/50000 points, avg insert time: 1.614 ms
[Build] Inserted 14100/50000 points, avg insert time: 2.691 ms
[Build] Inserted 14200/50000 points, avg insert time: 2.268 ms
[Build] Inserted 14300/50000 points, avg insert time: 2.104 ms
[Build] Inserted 14400/50000 points, avg insert time: 2.976 ms
[Build] Inserted 14500/50000 points, avg insert time: 2.387 ms
[Build] Inserted 14600/50000 points, avg insert time: 2.229 ms
[Build] Inserted 14700/50000 points, avg insert time: 3.105 ms
[Build] Inserted 14800/50000 points, avg insert time: 3.536 ms
[Build] Inserted 14900/50000 points, avg insert time: 3.072 ms
[Build] Inserted 15000/50000 points, avg insert time: 5.809 ms
[Build] Inserted 15100/50000 points, avg insert time: 2.311 ms
[Build] Inserted 15200/50000 points, avg insert time: 2.884 ms
[Build] Inserted 15300/50000 points, avg insert time: 2.845 ms
[Build] Inserted 15400/50000 points, avg insert time: 2.337 ms
[Build] Inserted 15500/50000 points, avg insert time: 2.340 ms
[Build] Inserted 15600/50000 points, avg insert time: 2.801 ms
[Build] Inserted 15700/50000 points, avg insert time: 4.372 ms
[Build] Inserted 15800/50000 points, avg insert time: 2.577 ms
[Build] Inserted 15900/50000 points, avg insert time: 3.260 ms
[Build] Inserted 16000/50000 points, avg insert time: 3.510 ms
[Build] Inserted 16100/50000 points, avg insert time: 3.229 ms
[Build] Inserted 16200/50000 points, avg insert time: 3.339 ms
[Build] Inserted 16300/50000 points, avg insert time: 2.419 ms
[Build] Inserted 16400/50000 points, avg insert time: 4.083 ms
[Build] Inserted 16500/50000 points, avg insert time: 2.035 ms
[Build] Inserted 16600/50000 points, avg insert time: 3.151 ms
[Build] Inserted 16700/50000 points, avg insert time: 2.117 ms
[Build] Inserted 16800/50000 points, avg insert time: 3.507 ms
[Build] Inserted 16900/50000 points, avg insert time: 2.885 ms
[Build] Inserted 17000/50000 points, avg insert time: 3.723 ms
[Build] Inserted 17100/50000 points, avg insert time: 2.466 ms
[Build] Inserted 17200/50000 points, avg insert time: 3.484 ms
[Build] Inserted 17300/50000 points, avg insert time: 3.454 ms
[Build] Inserted 17400/50000 points, avg insert time: 2.991 ms
[Build] Inserted 17500/50000 points, avg insert time: 3.253 ms
[Build] Inserted 17600/50000 points, avg insert time: 2.455 ms
[Build] Inserted 17700/50000 points, avg insert time: 3.099 ms
[Build] Inserted 17800/50000 points, avg insert time: 3.348 ms
[Build] Inserted 17900/50000 points, avg insert time: 3.851 ms
[Build] Inserted 18000/50000 points, avg insert time: 3.018 ms
[Build] Inserted 18100/50000 points, avg insert time: 2.915 ms
[Build] Inserted 18200/50000 points, avg insert time: 3.275 ms
[Build] Inserted 18300/50000 points, avg insert time: 2.682 ms
[Build] Inserted 18400/50000 points, avg insert time: 3.247 ms
[Build] Inserted 18500/50000 points, avg insert time: 2.563 ms
[Build] Inserted 18600/50000 points, avg insert time: 3.028 ms
[Build] Inserted 18700/50000 points, avg insert time: 3.593 ms
[Build] Inserted 18800/50000 points, avg insert time: 2.840 ms
[Build] Inserted 18900/50000 points, avg insert time: 2.656 ms
[Build] Inserted 19000/50000 points, avg insert time: 2.274 ms
[Build] Inserted 19100/50000 points, avg insert time: 3.670 ms
[Build] Inserted 19200/50000 points, avg insert time: 3.088 ms
[Build] Inserted 19300/50000 points, avg insert time: 3.097 ms
[Build] Inserted 19400/50000 points, avg insert time: 3.587 ms
[Build] Inserted 19500/50000 points, avg insert time: 2.935 ms
[Build] Inserted 19600/50000 points, avg insert time: 3.492 ms
[Build] Inserted 19700/50000 points, avg insert time: 3.523 ms
[Build] Inserted 19800/50000 points, avg insert time: 2.859 ms
[Build] Inserted 19900/50000 points, avg insert time: 2.674 ms
[Build] Inserted 20000/50000 points, avg insert time: 2.892 ms
[Build] Inserted 20100/50000 points, avg insert time: 4.056 ms
[Build] Inserted 20200/50000 points, avg insert time: 3.070 ms
[Build] Inserted 20300/50000 points, avg insert time: 3.169 ms
[Build] Inserted 20400/50000 points, avg insert time: 3.240 ms
[Build] Inserted 20500/50000 points, avg insert time: 2.899 ms
[Build] Inserted 20600/50000 points, avg insert time: 3.300 ms
[Build] Inserted 20700/50000 points, avg insert time: 5.598 ms
[Build] Inserted 20800/50000 points, avg insert time: 2.792 ms
[Build] Inserted 20900/50000 points, avg insert time: 2.637 ms
[Build] Inserted 21000/50000 points, avg insert time: 2.790 ms
[Build] Inserted 21100/50000 points, avg insert time: 3.198 ms
[Build] Inserted 21200/50000 points, avg insert time: 2.330 ms
[Build] Inserted 21300/50000 points, avg insert time: 2.856 ms
[Build] Inserted 21400/50000 points, avg insert time: 2.787 ms
[Build] Inserted 21500/50000 points, avg insert time: 3.244 ms
[Build] Inserted 21600/50000 points, avg insert time: 3.562 ms
[Build] Inserted 21700/50000 points, avg insert time: 3.169 ms
[Build] Inserted 21800/50000 points, avg insert time: 3.131 ms
[Build] Inserted 21900/50000 points, avg insert time: 7.653 ms
[Build] Inserted 22000/50000 points, avg insert time: 3.043 ms
[Build] Inserted 22100/50000 points, avg insert time: 3.490 ms
[Build] Inserted 22200/50000 points, avg insert time: 2.451 ms
[Build] Inserted 22300/50000 points, avg insert time: 2.918 ms
[Build] Inserted 22400/50000 points, avg insert time: 3.660 ms
[Build] Inserted 22500/50000 points, avg insert time: 3.252 ms
[Build] Inserted 22600/50000 points, avg insert time: 3.468 ms
[Build] Inserted 22700/50000 points, avg insert time: 2.880 ms
[Build] Inserted 22800/50000 points, avg insert time: 2.649 ms
[Build] Inserted 22900/50000 points, avg insert time: 2.688 ms
[Build] Inserted 23000/50000 points, avg insert time: 2.579 ms
[Build] Inserted 23100/50000 points, avg insert time: 2.913 ms
[Build] Inserted 23200/50000 points, avg insert time: 3.258 ms
[Build] Inserted 23300/50000 points, avg insert time: 2.993 ms
[Build] Inserted 23400/50000 points, avg insert time: 3.090 ms
[Build] Inserted 23500/50000 points, avg insert time: 2.410 ms
[Build] Inserted 23600/50000 points, avg insert time: 2.755 ms
[Build] Inserted 23700/50000 points, avg insert time: 2.668 ms
[Build] Inserted 23800/50000 points, avg insert time: 3.293 ms
[Build] Inserted 23900/50000 points, avg insert time: 5.149 ms
[Build] Inserted 24000/50000 points, avg insert time: 2.451 ms
[Build] Inserted 24100/50000 points, avg insert time: 2.705 ms
[Build] Inserted 24200/50000 points, avg insert time: 4.705 ms
[Build] Inserted 24300/50000 points, avg insert time: 3.589 ms
[Build] Inserted 24400/50000 points, avg insert time: 4.417 ms
[Build] Inserted 24500/50000 points, avg insert time: 3.172 ms
[Build] Inserted 24600/50000 points, avg insert time: 2.660 ms
[Build] Inserted 24700/50000 points, avg insert time: 3.466 ms
[Build] Inserted 24800/50000 points, avg insert time: 3.955 ms
[Build] Inserted 24900/50000 points, avg insert time: 3.215 ms
[Build] Inserted 25000/50000 points, avg insert time: 2.484 ms
[Build] Inserted 25100/50000 points, avg insert time: 3.487 ms
[Build] Inserted 25200/50000 points, avg insert time: 3.013 ms
[Build] Inserted 25300/50000 points, avg insert time: 2.895 ms
[Build] Inserted 25400/50000 points, avg insert time: 2.955 ms
[Build] Inserted 25500/50000 points, avg insert time: 3.148 ms
[Build] Inserted 25600/50000 points, avg insert time: 3.779 ms
[Build] Inserted 25700/50000 points, avg insert time: 3.388 ms
[Build] Inserted 25800/50000 points, avg insert time: 2.456 ms
[Build] Inserted 25900/50000 points, avg insert time: 3.468 ms
[Build] Inserted 26000/50000 points, avg insert time: 3.896 ms
[Build] Inserted 26100/50000 points, avg insert time: 3.287 ms
[Build] Inserted 26200/50000 points, avg insert time: 2.982 ms
[Build] Inserted 26300/50000 points, avg insert time: 2.596 ms
[Build] Inserted 26400/50000 points, avg insert time: 2.992 ms
[Build] Inserted 26500/50000 points, avg insert time: 3.813 ms
[Build] Inserted 26600/50000 points, avg insert time: 3.291 ms
[Build] Inserted 26700/50000 points, avg insert time: 3.755 ms
[Build] Inserted 26800/50000 points, avg insert time: 3.056 ms
[Build] Inserted 26900/50000 points, avg insert time: 4.044 ms
[Build] Inserted 27000/50000 points, avg insert time: 3.336 ms
[Build] Inserted 27100/50000 points, avg insert time: 2.802 ms
[Build] Inserted 27200/50000 points, avg insert time: 3.823 ms
[Build] Inserted 27300/50000 points, avg insert time: 2.198 ms
[Build] Inserted 27400/50000 points, avg insert time: 3.324 ms
[Build] Inserted 27500/50000 points, avg insert time: 3.919 ms
[Build] Inserted 27600/50000 points, avg insert time: 3.386 ms
[Build] Inserted 27700/50000 points, avg insert time: 3.027 ms
[Build] Inserted 27800/50000 points, avg insert time: 4.962 ms
[Build] Inserted 27900/50000 points, avg insert time: 3.166 ms
[Build] Inserted 28000/50000 points, avg insert time: 3.879 ms
[Build] Inserted 28100/50000 points, avg insert time: 4.264 ms
[Build] Inserted 28200/50000 points, avg insert time: 2.634 ms
[Build] Inserted 28300/50000 points, avg insert time: 2.569 ms
[Build] Inserted 28400/50000 points, avg insert time: 4.339 ms
[Build] Inserted 28500/50000 points, avg insert time: 4.114 ms
[Build] Inserted 28600/50000 points, avg insert time: 9.673 ms
[Build] Inserted 28700/50000 points, avg insert time: 3.884 ms
[Build] Inserted 28800/50000 points, avg insert time: 3.408 ms
[Build] Inserted 28900/50000 points, avg insert time: 3.857 ms
[Build] Inserted 29000/50000 points, avg insert time: 2.779 ms
[Build] Inserted 29100/50000 points, avg insert time: 3.761 ms
[Build] Inserted 29200/50000 points, avg insert time: 4.746 ms
[Build] Inserted 29300/50000 points, avg insert time: 3.237 ms
[Build] Inserted 29400/50000 points, avg insert time: 3.440 ms
[Build] Inserted 29500/50000 points, avg insert time: 2.830 ms
[Build] Inserted 29600/50000 points, avg insert time: 3.407 ms
[Build] Inserted 29700/50000 points, avg insert time: 3.298 ms
[Build] Inserted 29800/50000 points, avg insert time: 3.759 ms
[Build] Inserted 29900/50000 points, avg insert time: 3.748 ms
[Build] Inserted 30000/50000 points, avg insert time: 3.089 ms
[Build] Inserted 30100/50000 points, avg insert time: 3.857 ms
[Build] Inserted 30200/50000 points, avg insert time: 3.396 ms
[Build] Inserted 30300/50000 points, avg insert time: 3.769 ms
[Build] Inserted 30400/50000 points, avg insert time: 4.236 ms
[Build] Inserted 30500/50000 points, avg insert time: 3.675 ms
[Build] Inserted 30600/50000 points, avg insert time: 3.848 ms
[Build] Inserted 30700/50000 points, avg insert time: 3.786 ms
[Build] Inserted 30800/50000 points, avg insert time: 3.002 ms
[Build] Inserted 30900/50000 points, avg insert time: 3.396 ms
[Build] Inserted 31000/50000 points, avg insert time: 4.321 ms
[Build] Inserted 31100/50000 points, avg insert time: 3.797 ms
[Build] Inserted 31200/50000 points, avg insert time: 8.202 ms
[Build] Inserted 31300/50000 points, avg insert time: 3.541 ms
[Build] Inserted 31400/50000 points, avg insert time: 3.400 ms
[Build] Inserted 31500/50000 points, avg insert time: 2.944 ms
[Build] Inserted 31600/50000 points, avg insert time: 4.454 ms
[Build] Inserted 31700/50000 points, avg insert time: 3.454 ms
[Build] Inserted 31800/50000 points, avg insert time: 3.428 ms
[Build] Inserted 31900/50000 points, avg insert time: 3.394 ms
[Build] Inserted 32000/50000 points, avg insert time: 3.916 ms
[Build] Inserted 32100/50000 points, avg insert time: 3.405 ms
[Build] Inserted 32200/50000 points, avg insert time: 3.561 ms
[Build] Inserted 32300/50000 points, avg insert time: 3.181 ms
[Build] Inserted 32400/50000 points, avg insert time: 3.645 ms
[Build] Inserted 32500/50000 points, avg insert time: 3.406 ms
[Build] Inserted 32600/50000 points, avg insert time: 2.636 ms
[Build] Inserted 32700/50000 points, avg insert time: 3.911 ms
[Build] Inserted 32800/50000 points, avg insert time: 2.987 ms
[Build] Inserted 32900/50000 points, avg insert time: 3.563 ms
[Build] Inserted 33000/50000 points, avg insert time: 3.003 ms
[Build] Inserted 33100/50000 points, avg insert time: 3.893 ms
[Build] Inserted 33200/50000 points, avg insert time: 3.281 ms
[Build] Inserted 33300/50000 points, avg insert time: 3.364 ms
[Build] Inserted 33400/50000 points, avg insert time: 2.953 ms
[Build] Inserted 33500/50000 points, avg insert time: 3.318 ms
[Build] Inserted 33600/50000 points, avg insert time: 3.406 ms
[Build] Inserted 33700/50000 points, avg insert time: 3.321 ms
[Build] Inserted 33800/50000 points, avg insert time: 3.652 ms
[Build] Inserted 33900/50000 points, avg insert time: 4.825 ms
[Build] Inserted 34000/50000 points, avg insert time: 6.075 ms
[Build] Inserted 34100/50000 points, avg insert time: 2.647 ms
[Build] Inserted 34200/50000 points, avg insert time: 2.829 ms
[Build] Inserted 34300/50000 points, avg insert time: 1.833 ms
[Build] Inserted 34400/50000 points, avg insert time: 2.757 ms
[Build] Inserted 34500/50000 points, avg insert time: 4.486 ms
[Build] Inserted 34600/50000 points, avg insert time: 3.593 ms
[Build] Inserted 34700/50000 points, avg insert time: 4.086 ms
[Build] Inserted 34800/50000 points, avg insert time: 3.974 ms
[Build] Inserted 34900/50000 points, avg insert time: 3.682 ms
[Build] Inserted 35000/50000 points, avg insert time: 5.203 ms
[Build] Inserted 35100/50000 points, avg insert time: 3.632 ms
[Build] Inserted 35200/50000 points, avg insert time: 3.033 ms
[Build] Inserted 35300/50000 points, avg insert time: 4.934 ms
[Build] Inserted 35400/50000 points, avg insert time: 3.119 ms
[Build] Inserted 35500/50000 points, avg insert time: 3.132 ms
[Build] Inserted 35600/50000 points, avg insert time: 2.633 ms
[Build] Inserted 35700/50000 points, avg insert time: 4.555 ms
[Build] Inserted 35800/50000 points, avg insert time: 3.297 ms
[Build] Inserted 35900/50000 points, avg insert time: 3.039 ms
[Build] Inserted 36000/50000 points, avg insert time: 3.133 ms
[Build] Inserted 36100/50000 points, avg insert time: 4.364 ms
[Build] Inserted 36200/50000 points, avg insert time: 2.702 ms
[Build] Inserted 36300/50000 points, avg insert time: 3.147 ms
[Build] Inserted 36400/50000 points, avg insert time: 2.958 ms
[Build] Inserted 36500/50000 points, avg insert time: 3.356 ms
[Build] Inserted 36600/50000 points, avg insert time: 3.104 ms
[Build] Inserted 36700/50000 points, avg insert time: 2.794 ms
[Build] Inserted 36800/50000 points, avg insert time: 2.674 ms
[Build] Inserted 36900/50000 points, avg insert time: 3.152 ms
[Build] Inserted 37000/50000 points, avg insert time: 3.801 ms
[Build] Inserted 37100/50000 points, avg insert time: 4.004 ms
[Build] Inserted 37200/50000 points, avg insert time: 3.541 ms
[Build] Inserted 37300/50000 points, avg insert time: 3.483 ms
[Build] Inserted 37400/50000 points, avg insert time: 3.933 ms
[Build] Inserted 37500/50000 points, avg insert time: 5.043 ms
[Build] Inserted 37600/50000 points, avg insert time: 3.875 ms
[Build] Inserted 37700/50000 points, avg insert time: 3.019 ms
[Build] Inserted 37800/50000 points, avg insert time: 4.340 ms
[Build] Inserted 37900/50000 points, avg insert time: 3.781 ms
[Build] Inserted 38000/50000 points, avg insert time: 4.207 ms
[Build] Inserted 38100/50000 points, avg insert time: 4.995 ms
[Build] Inserted 38200/50000 points, avg insert time: 3.517 ms
[Build] Inserted 38300/50000 points, avg insert time: 3.937 ms
[Build] Inserted 38400/50000 points, avg insert time: 4.192 ms
[Build] Inserted 38500/50000 points, avg insert time: 3.990 ms
[Build] Inserted 38600/50000 points, avg insert time: 3.541 ms
[Build] Inserted 38700/50000 points, avg insert time: 3.328 ms
[Build] Inserted 38800/50000 points, avg insert time: 4.574 ms
[Build] Inserted 38900/50000 points, avg insert time: 4.878 ms
[Build] Inserted 39000/50000 points, avg insert time: 3.760 ms
[Build] Inserted 39100/50000 points, avg insert time: 6.903 ms
[Build] Inserted 39200/50000 points, avg insert time: 3.896 ms
[Build] Inserted 39300/50000 points, avg insert time: 15.775 ms
[Build] Inserted 39400/50000 points, avg insert time: 4.283 ms
[Build] Inserted 39500/50000 points, avg insert time: 4.773 ms
[Build] Inserted 39600/50000 points, avg insert time: 3.763 ms
[Build] Inserted 39700/50000 points, avg insert time: 10.049 ms
[Build] Inserted 39800/50000 points, avg insert time: 4.322 ms
[Build] Inserted 39900/50000 points, avg insert time: 5.919 ms
[Build] Inserted 40000/50000 points, avg insert time: 3.393 ms
[Build] Inserted 40100/50000 points, avg insert time: 4.654 ms
[Build] Inserted 40200/50000 points, avg insert time: 3.904 ms
[Build] Inserted 40300/50000 points, avg insert time: 5.257 ms
[Build] Inserted 40400/50000 points, avg insert time: 4.441 ms
[Build] Inserted 40500/50000 points, avg insert time: 3.461 ms
[Build] Inserted 40600/50000 points, avg insert time: 3.768 ms
[Build] Inserted 40700/50000 points, avg insert time: 2.837 ms
[Build] Inserted 40800/50000 points, avg insert time: 3.211 ms
[Build] Inserted 40900/50000 points, avg insert time: 4.425 ms
[Build] Inserted 41000/50000 points, avg insert time: 3.324 ms
[Build] Inserted 41100/50000 points, avg insert time: 4.005 ms
[Build] Inserted 41200/50000 points, avg insert time: 2.800 ms
[Build] Inserted 41300/50000 points, avg insert time: 3.934 ms
[Build] Inserted 41400/50000 points, avg insert time: 2.942 ms
[Build] Inserted 41500/50000 points, avg insert time: 2.859 ms
[Build] Inserted 41600/50000 points, avg insert time: 3.351 ms
[Build] Inserted 41700/50000 points, avg insert time: 2.841 ms
[Build] Inserted 41800/50000 points, avg insert time: 4.764 ms
[Build] Inserted 41900/50000 points, avg insert time: 3.570 ms
[Build] Inserted 42000/50000 points, avg insert time: 3.296 ms
[Build] Inserted 42100/50000 points, avg insert time: 2.771 ms
[Build] Inserted 42200/50000 points, avg insert time: 3.530 ms
[Build] Inserted 42300/50000 points, avg insert time: 4.437 ms
[Build] Inserted 42400/50000 points, avg insert time: 4.563 ms
[Build] Inserted 42500/50000 points, avg insert time: 4.287 ms
[Build] Inserted 42600/50000 points, avg insert time: 3.822 ms
[Build] Inserted 42700/50000 points, avg insert time: 4.677 ms
[Build] Inserted 42800/50000 points, avg insert time: 5.463 ms
[Build] Inserted 42900/50000 points, avg insert time: 4.417 ms
[Build] Inserted 43000/50000 points, avg insert time: 4.409 ms
[Build] Inserted 43100/50000 points, avg insert time: 5.196 ms
[Build] Inserted 43200/50000 points, avg insert time: 3.207 ms
[Build] Inserted 43300/50000 points, avg insert time: 3.425 ms
[Build] Inserted 43400/50000 points, avg insert time: 3.606 ms
[Build] Inserted 43500/50000 points, avg insert time: 4.273 ms
[Build] Inserted 43600/50000 points, avg insert time: 4.192 ms
[Build] Inserted 43700/50000 points, avg insert time: 2.392 ms
[Build] Inserted 43800/50000 points, avg insert time: 3.255 ms
[Build] Inserted 43900/50000 points, avg insert time: 4.237 ms
[Build] Inserted 44000/50000 points, avg insert time: 3.366 ms
[Build] Inserted 44100/50000 points, avg insert time: 3.582 ms
[Build] Inserted 44200/50000 points, avg insert time: 4.269 ms
[Build] Inserted 44300/50000 points, avg insert time: 3.324 ms
[Build] Inserted 44400/50000 points, avg insert time: 5.053 ms
[Build] Inserted 44500/50000 points, avg insert time: 5.146 ms
[Build] Inserted 44600/50000 points, avg insert time: 3.205 ms
[Build] Inserted 44700/50000 points, avg insert time: 4.042 ms
[Build] Inserted 44800/50000 points, avg insert time: 3.532 ms
[Build] Inserted 44900/50000 points, avg insert time: 2.882 ms
[Build] Inserted 45000/50000 points, avg insert time: 2.836 ms
[Build] Inserted 45100/50000 points, avg insert time: 2.255 ms
[Build] Inserted 45200/50000 points, avg insert time: 3.481 ms
[Build] Inserted 45300/50000 points, avg insert time: 2.325 ms
[Build] Inserted 45400/50000 points, avg insert time: 2.950 ms
[Build] Inserted 45500/50000 points, avg insert time: 4.021 ms
[Build] Inserted 45600/50000 points, avg insert time: 3.913 ms
[Build] Inserted 45700/50000 points, avg insert time: 3.538 ms
[Build] Inserted 45800/50000 points, avg insert time: 3.556 ms
[Build] Inserted 45900/50000 points, avg insert time: 3.503 ms
[Build] Inserted 46000/50000 points, avg insert time: 2.809 ms
[Build] Inserted 46100/50000 points, avg insert time: 3.100 ms
[Build] Inserted 46200/50000 points, avg insert time: 4.071 ms
[Build] Inserted 46300/50000 points, avg insert time: 3.374 ms
[Build] Inserted 46400/50000 points, avg insert time: 2.927 ms
[Build] Inserted 46500/50000 points, avg insert time: 2.798 ms
[Build] Inserted 46600/50000 points, avg insert time: 2.819 ms
[Build] Inserted 46700/50000 points, avg insert time: 2.986 ms
[Build] Inserted 46800/50000 points, avg insert time: 3.530 ms
[Build] Inserted 46900/50000 points, avg insert time: 3.799 ms
[Build] Inserted 47000/50000 points, avg insert time: 4.071 ms
[Build] Inserted 47100/50000 points, avg insert time: 3.491 ms
[Build] Inserted 47200/50000 points, avg insert time: 3.104 ms
[Build] Inserted 47300/50000 points, avg insert time: 2.752 ms
[Build] Inserted 47400/50000 points, avg insert time: 3.994 ms
[Build] Inserted 47500/50000 points, avg insert time: 3.764 ms
[Build] Inserted 47600/50000 points, avg insert time: 3.442 ms
[Build] Inserted 47700/50000 points, avg insert time: 3.891 ms
[Build] Inserted 47800/50000 points, avg insert time: 3.096 ms
[Build] Inserted 47900/50000 points, avg insert time: 3.449 ms
[Build] Inserted 48000/50000 points, avg insert time: 3.583 ms
[Build] Inserted 48100/50000 points, avg insert time: 3.687 ms
[Build] Inserted 48200/50000 points, avg insert time: 3.782 ms
[Build] Inserted 48300/50000 points, avg insert time: 3.660 ms
[Build] Inserted 48400/50000 points, avg insert time: 8.581 ms
[Build] Inserted 48500/50000 points, avg insert time: 3.538 ms
[Build] Inserted 48600/50000 points, avg insert time: 3.055 ms
[Build] Inserted 48700/50000 points, avg insert time: 3.051 ms
[Build] Inserted 48800/50000 points, avg insert time: 3.215 ms
[Build] Inserted 48900/50000 points, avg insert time: 2.277 ms
[Build] Inserted 49000/50000 points, avg insert time: 3.204 ms
[Build] Inserted 49100/50000 points, avg insert time: 4.719 ms
[Build] Inserted 49200/50000 points, avg insert time: 3.185 ms
[Build] Inserted 49300/50000 points, avg insert time: 3.302 ms
[Build] Inserted 49400/50000 points, avg insert time: 3.084 ms
[Build] Inserted 49500/50000 points, avg insert time: 3.142 ms
[Build] Inserted 49600/50000 points, avg insert time: 2.966 ms
[Build] Inserted 49700/50000 points, avg insert time: 3.189 ms
[Build] Inserted 49800/50000 points, avg insert time: 4.561 ms
[Build] Inserted 49900/50000 points, avg insert time: 3.388 ms
[Build] Inserted 50000/50000 points, avg insert time: 4.933 ms
[Build] Starting queries...
[Query] Processed 100/5000 queries, avg query time: 30.863 ms
[Query] Processed 200/5000 queries, avg query time: 28.304 ms
[Query] Processed 300/5000 queries, avg query time: 28.690 ms
[Query] Processed 400/5000 queries, avg query time: 29.744 ms
[Query] Processed 500/5000 queries, avg query time: 30.117 ms
[Query] Processed 600/5000 queries, avg query time: 30.782 ms
[Query] Processed 700/5000 queries, avg query time: 31.452 ms
[Query] Processed 800/5000 queries, avg query time: 31.939 ms
[Query] Processed 900/5000 queries, avg query time: 32.508 ms
[Query] Processed 1000/5000 queries, avg query time: 32.779 ms
[Query] Processed 1100/5000 queries, avg query time: 32.457 ms
[Query] Processed 1200/5000 queries, avg query time: 32.261 ms
[Query] Processed 1300/5000 queries, avg query time: 32.056 ms
[Query] Processed 1400/5000 queries, avg query time: 31.944 ms
[Query] Processed 1500/5000 queries, avg query time: 31.791 ms
[Query] Processed 1600/5000 queries, avg query time: 31.771 ms
[Query] Processed 1700/5000 queries, avg query time: 31.913 ms
[Query] Processed 1800/5000 queries, avg query time: 31.943 ms
[Query] Processed 1900/5000 queries, avg query time: 32.327 ms
[Query] Processed 2000/5000 queries, avg query time: 32.428 ms
[Query] Processed 2100/5000 queries, avg query time: 32.461 ms
[Query] Processed 2200/5000 queries, avg query time: 32.060 ms
[Query] Processed 2300/5000 queries, avg query time: 32.020 ms
[Query] Processed 2400/5000 queries, avg query time: 31.955 ms
[Query] Processed 2500/5000 queries, avg query time: 31.911 ms
[Query] Processed 2600/5000 queries, avg query time: 31.846 ms
[Query] Processed 2700/5000 queries, avg query time: 31.799 ms
[Query] Processed 2800/5000 queries, avg query time: 31.698 ms
[Query] Processed 2900/5000 queries, avg query time: 31.652 ms
[Query] Processed 3000/5000 queries, avg query time: 31.907 ms
[Query] Processed 3100/5000 queries, avg query time: 32.008 ms
[Query] Processed 3200/5000 queries, avg query time: 31.935 ms
[Query] Processed 3300/5000 queries, avg query time: 31.859 ms
[Query] Processed 3400/5000 queries, avg query time: 31.752 ms
[Query] Processed 3500/5000 queries, avg query time: 31.685 ms
[Query] Processed 3600/5000 queries, avg query time: 31.665 ms
[Query] Processed 3700/5000 queries, avg query time: 31.582 ms
[Query] Processed 3800/5000 queries, avg query time: 31.508 ms
[Query] Processed 3900/5000 queries, avg query time: 31.541 ms
[Query] Processed 4000/5000 queries, avg query time: 31.665 ms
[Query] Processed 4100/5000 queries, avg query time: 31.764 ms
[Query] Processed 4200/5000 queries, avg query time: 31.701 ms
[Query] Processed 4300/5000 queries, avg query time: 31.595 ms
[Query] Processed 4400/5000 queries, avg query time: 31.530 ms
[Query] Processed 4500/5000 queries, avg query time: 31.444 ms
[Query] Processed 4600/5000 queries, avg query time: 31.412 ms
[Query] Processed 4700/5000 queries, avg query time: 31.356 ms
[Query] Processed 4800/5000 queries, avg query time: 31.526 ms
[Query] Processed 4900/5000 queries, avg query time: 31.444 ms
[Query] Processed 5000/5000 queries, avg query time: 31.571 ms
[Sanity Check] Total Relevant =  3722
[Result] Memory breakdown (MB): {'hash_functions_MB': 7.9157257080078125, 'bucket_ids_MB': 44.57691955566406, 'num_ids': 11685572, 'num_buckets': 4245213, 'hash_tables_overhead_MB': 356.27245330810547, 'total_MB': 408.76509857177734}
[Result] Epsilon-recall: 1.0000
[Result] (c,r)-ANN accuracy: 1.0000
[SUMMARY] r=0.5, eps=0.6, eta=0.1, recall=1.0000, (c,r)-ANN accuracy=1.0, memory=408.76509857177734
