[Init] Inputs : eta=0.10, epsilon=0.70, r=0.50
[Init] LSH Parameters : w=1.700, p1=0.7654, p2=0.6095, rho=0.5401
[Init] Data Structure Parameters : k=22, L=451, key_bits=704, mode=speed
[Build] Starting insertion...
[Build] Inserted 100/50000 points, avg insert time: 2.310 ms
[Build] Inserted 200/50000 points, avg insert time: 1.892 ms
[Build] Inserted 300/50000 points, avg insert time: 1.608 ms
[Build] Inserted 400/50000 points, avg insert time: 1.383 ms
[Build] Inserted 500/50000 points, avg insert time: 2.186 ms
[Build] Inserted 600/50000 points, avg insert time: 1.443 ms
[Build] Inserted 700/50000 points, avg insert time: 1.730 ms
[Build] Inserted 800/50000 points, avg insert time: 1.283 ms
[Build] Inserted 900/50000 points, avg insert time: 2.534 ms
[Build] Inserted 1000/50000 points, avg insert time: 1.920 ms
[Build] Inserted 1100/50000 points, avg insert time: 1.504 ms
[Build] Inserted 1200/50000 points, avg insert time: 1.629 ms
[Build] Inserted 1300/50000 points, avg insert time: 1.982 ms
[Build] Inserted 1400/50000 points, avg insert time: 2.060 ms
[Build] Inserted 1500/50000 points, avg insert time: 1.551 ms
[Build] Inserted 1600/50000 points, avg insert time: 1.451 ms
[Build] Inserted 1700/50000 points, avg insert time: 1.464 ms
[Build] Inserted 1800/50000 points, avg insert time: 1.667 ms
[Build] Inserted 1900/50000 points, avg insert time: 2.642 ms
[Build] Inserted 2000/50000 points, avg insert time: 1.847 ms
[Build] Inserted 2100/50000 points, avg insert time: 1.753 ms
[Build] Inserted 2200/50000 points, avg insert time: 1.945 ms
[Build] Inserted 2300/50000 points, avg insert time: 1.666 ms
[Build] Inserted 2400/50000 points, avg insert time: 1.526 ms
[Build] Inserted 2500/50000 points, avg insert time: 1.942 ms
[Build] Inserted 2600/50000 points, avg insert time: 1.586 ms
[Build] Inserted 2700/50000 points, avg insert time: 1.992 ms
[Build] Inserted 2800/50000 points, avg insert time: 2.864 ms
[Build] Inserted 2900/50000 points, avg insert time: 2.178 ms
[Build] Inserted 3000/50000 points, avg insert time: 2.125 ms
[Build] Inserted 3100/50000 points, avg insert time: 1.456 ms
[Build] Inserted 3200/50000 points, avg insert time: 2.267 ms
[Build] Inserted 3300/50000 points, avg insert time: 1.783 ms
[Build] Inserted 3400/50000 points, avg insert time: 1.419 ms
[Build] Inserted 3500/50000 points, avg insert time: 1.054 ms
[Build] Inserted 3600/50000 points, avg insert time: 1.727 ms
[Build] Inserted 3700/50000 points, avg insert time: 1.620 ms
[Build] Inserted 3800/50000 points, avg insert time: 1.793 ms
[Build] Inserted 3900/50000 points, avg insert time: 1.605 ms
[Build] Inserted 4000/50000 points, avg insert time: 1.715 ms
[Build] Inserted 4100/50000 points, avg insert time: 1.862 ms
[Build] Inserted 4200/50000 points, avg insert time: 1.729 ms
[Build] Inserted 4300/50000 points, avg insert time: 2.524 ms
[Build] Inserted 4400/50000 points, avg insert time: 3.464 ms
[Build] Inserted 4500/50000 points, avg insert time: 1.787 ms
[Build] Inserted 4600/50000 points, avg insert time: 1.342 ms
[Build] Inserted 4700/50000 points, avg insert time: 1.283 ms
[Build] Inserted 4800/50000 points, avg insert time: 2.018 ms
[Build] Inserted 4900/50000 points, avg insert time: 1.778 ms
[Build] Inserted 5000/50000 points, avg insert time: 1.906 ms
[Build] Inserted 5100/50000 points, avg insert time: 1.932 ms
[Build] Inserted 5200/50000 points, avg insert time: 1.794 ms
[Build] Inserted 5300/50000 points, avg insert time: 1.702 ms
[Build] Inserted 5400/50000 points, avg insert time: 1.926 ms
[Build] Inserted 5500/50000 points, avg insert time: 1.128 ms
[Build] Inserted 5600/50000 points, avg insert time: 1.471 ms
[Build] Inserted 5700/50000 points, avg insert time: 1.397 ms
[Build] Inserted 5800/50000 points, avg insert time: 1.918 ms
[Build] Inserted 5900/50000 points, avg insert time: 1.874 ms
[Build] Inserted 6000/50000 points, avg insert time: 1.941 ms
[Build] Inserted 6100/50000 points, avg insert time: 2.090 ms
[Build] Inserted 6200/50000 points, avg insert time: 1.767 ms
[Build] Inserted 6300/50000 points, avg insert time: 1.868 ms
[Build] Inserted 6400/50000 points, avg insert time: 3.314 ms
[Build] Inserted 6500/50000 points, avg insert time: 1.507 ms
[Build] Inserted 6600/50000 points, avg insert time: 1.858 ms
[Build] Inserted 6700/50000 points, avg insert time: 2.049 ms
[Build] Inserted 6800/50000 points, avg insert time: 2.749 ms
[Build] Inserted 6900/50000 points, avg insert time: 2.037 ms
[Build] Inserted 7000/50000 points, avg insert time: 1.692 ms
[Build] Inserted 7100/50000 points, avg insert time: 2.298 ms
[Build] Inserted 7200/50000 points, avg insert time: 1.783 ms
[Build] Inserted 7300/50000 points, avg insert time: 1.571 ms
[Build] Inserted 7400/50000 points, avg insert time: 1.780 ms
[Build] Inserted 7500/50000 points, avg insert time: 2.057 ms
[Build] Inserted 7600/50000 points, avg insert time: 1.312 ms
[Build] Inserted 7700/50000 points, avg insert time: 2.208 ms
[Build] Inserted 7800/50000 points, avg insert time: 2.201 ms
[Build] Inserted 7900/50000 points, avg insert time: 1.745 ms
[Build] Inserted 8000/50000 points, avg insert time: 1.793 ms
[Build] Inserted 8100/50000 points, avg insert time: 1.559 ms
[Build] Inserted 8200/50000 points, avg insert time: 1.729 ms
[Build] Inserted 8300/50000 points, avg insert time: 11.190 ms
[Build] Inserted 8400/50000 points, avg insert time: 1.348 ms
[Build] Inserted 8500/50000 points, avg insert time: 1.682 ms
[Build] Inserted 8600/50000 points, avg insert time: 1.994 ms
[Build] Inserted 8700/50000 points, avg insert time: 2.191 ms
[Build] Inserted 8800/50000 points, avg insert time: 2.124 ms
[Build] Inserted 8900/50000 points, avg insert time: 3.134 ms
[Build] Inserted 9000/50000 points, avg insert time: 1.683 ms
[Build] Inserted 9100/50000 points, avg insert time: 1.900 ms
[Build] Inserted 9200/50000 points, avg insert time: 1.404 ms
[Build] Inserted 9300/50000 points, avg insert time: 2.202 ms
[Build] Inserted 9400/50000 points, avg insert time: 2.188 ms
[Build] Inserted 9500/50000 points, avg insert time: 2.109 ms
[Build] Inserted 9600/50000 points, avg insert time: 1.948 ms
[Build] Inserted 9700/50000 points, avg insert time: 1.759 ms
[Build] Inserted 9800/50000 points, avg insert time: 2.362 ms
[Build] Inserted 9900/50000 points, avg insert time: 1.836 ms
[Build] Inserted 10000/50000 points, avg insert time: 1.757 ms
[Build] Inserted 10100/50000 points, avg insert time: 1.537 ms
[Build] Inserted 10200/50000 points, avg insert time: 1.743 ms
[Build] Inserted 10300/50000 points, avg insert time: 2.128 ms
[Build] Inserted 10400/50000 points, avg insert time: 1.953 ms
[Build] Inserted 10500/50000 points, avg insert time: 1.614 ms
[Build] Inserted 10600/50000 points, avg insert time: 1.684 ms
[Build] Inserted 10700/50000 points, avg insert time: 2.049 ms
[Build] Inserted 10800/50000 points, avg insert time: 1.685 ms
[Build] Inserted 10900/50000 points, avg insert time: 1.557 ms
[Build] Inserted 11000/50000 points, avg insert time: 2.344 ms
[Build] Inserted 11100/50000 points, avg insert time: 1.427 ms
[Build] Inserted 11200/50000 points, avg insert time: 1.356 ms
[Build] Inserted 11300/50000 points, avg insert time: 2.208 ms
[Build] Inserted 11400/50000 points, avg insert time: 1.910 ms
[Build] Inserted 11500/50000 points, avg insert time: 1.687 ms
[Build] Inserted 11600/50000 points, avg insert time: 1.895 ms
[Build] Inserted 11700/50000 points, avg insert time: 1.693 ms
[Build] Inserted 11800/50000 points, avg insert time: 1.761 ms
[Build] Inserted 11900/50000 points, avg insert time: 1.983 ms
[Build] Inserted 12000/50000 points, avg insert time: 2.081 ms
[Build] Inserted 12100/50000 points, avg insert time: 2.339 ms
[Build] Inserted 12200/50000 points, avg insert time: 2.323 ms
[Build] Inserted 12300/50000 points, avg insert time: 1.822 ms
[Build] Inserted 12400/50000 points, avg insert time: 2.941 ms
[Build] Inserted 12500/50000 points, avg insert time: 3.638 ms
[Build] Inserted 12600/50000 points, avg insert time: 1.857 ms
[Build] Inserted 12700/50000 points, avg insert time: 1.618 ms
[Build] Inserted 12800/50000 points, avg insert time: 1.669 ms
[Build] Inserted 12900/50000 points, avg insert time: 1.891 ms
[Build] Inserted 13000/50000 points, avg insert time: 2.035 ms
[Build] Inserted 13100/50000 points, avg insert time: 1.970 ms
[Build] Inserted 13200/50000 points, avg insert time: 1.714 ms
[Build] Inserted 13300/50000 points, avg insert time: 2.048 ms
[Build] Inserted 13400/50000 points, avg insert time: 1.784 ms
[Build] Inserted 13500/50000 points, avg insert time: 1.864 ms
[Build] Inserted 13600/50000 points, avg insert time: 2.187 ms
[Build] Inserted 13700/50000 points, avg insert time: 1.835 ms
[Build] Inserted 13800/50000 points, avg insert time: 1.765 ms
[Build] Inserted 13900/50000 points, avg insert time: 2.272 ms
[Build] Inserted 14000/50000 points, avg insert time: 2.057 ms
[Build] Inserted 14100/50000 points, avg insert time: 2.313 ms
[Build] Inserted 14200/50000 points, avg insert time: 1.542 ms
[Build] Inserted 14300/50000 points, avg insert time: 1.376 ms
[Build] Inserted 14400/50000 points, avg insert time: 1.631 ms
[Build] Inserted 14500/50000 points, avg insert time: 1.835 ms
[Build] Inserted 14600/50000 points, avg insert time: 1.742 ms
[Build] Inserted 14700/50000 points, avg insert time: 1.907 ms
[Build] Inserted 14800/50000 points, avg insert time: 3.039 ms
[Build] Inserted 14900/50000 points, avg insert time: 1.820 ms
[Build] Inserted 15000/50000 points, avg insert time: 2.400 ms
[Build] Inserted 15100/50000 points, avg insert time: 1.800 ms
[Build] Inserted 15200/50000 points, avg insert time: 1.675 ms
[Build] Inserted 15300/50000 points, avg insert time: 2.091 ms
[Build] Inserted 15400/50000 points, avg insert time: 1.859 ms
[Build] Inserted 15500/50000 points, avg insert time: 2.480 ms
[Build] Inserted 15600/50000 points, avg insert time: 2.407 ms
[Build] Inserted 15700/50000 points, avg insert time: 1.506 ms
[Build] Inserted 15800/50000 points, avg insert time: 1.843 ms
[Build] Inserted 15900/50000 points, avg insert time: 1.925 ms
[Build] Inserted 16000/50000 points, avg insert time: 1.705 ms
[Build] Inserted 16100/50000 points, avg insert time: 2.419 ms
[Build] Inserted 16200/50000 points, avg insert time: 2.174 ms
[Build] Inserted 16300/50000 points, avg insert time: 1.730 ms
[Build] Inserted 16400/50000 points, avg insert time: 1.841 ms
[Build] Inserted 16500/50000 points, avg insert time: 1.720 ms
[Build] Inserted 16600/50000 points, avg insert time: 1.584 ms
[Build] Inserted 16700/50000 points, avg insert time: 1.652 ms
[Build] Inserted 16800/50000 points, avg insert time: 1.631 ms
[Build] Inserted 16900/50000 points, avg insert time: 1.795 ms
[Build] Inserted 17000/50000 points, avg insert time: 2.050 ms
[Build] Inserted 17100/50000 points, avg insert time: 1.180 ms
[Build] Inserted 17200/50000 points, avg insert time: 1.856 ms
[Build] Inserted 17300/50000 points, avg insert time: 1.760 ms
[Build] Inserted 17400/50000 points, avg insert time: 1.768 ms
[Build] Inserted 17500/50000 points, avg insert time: 2.050 ms
[Build] Inserted 17600/50000 points, avg insert time: 1.930 ms
[Build] Inserted 17700/50000 points, avg insert time: 1.568 ms
[Build] Inserted 17800/50000 points, avg insert time: 3.391 ms
[Build] Inserted 17900/50000 points, avg insert time: 1.973 ms
[Build] Inserted 18000/50000 points, avg insert time: 2.165 ms
[Build] Inserted 18100/50000 points, avg insert time: 1.557 ms
[Build] Inserted 18200/50000 points, avg insert time: 1.241 ms
[Build] Inserted 18300/50000 points, avg insert time: 2.103 ms
[Build] Inserted 18400/50000 points, avg insert time: 3.644 ms
[Build] Inserted 18500/50000 points, avg insert time: 1.869 ms
[Build] Inserted 18600/50000 points, avg insert time: 1.786 ms
[Build] Inserted 18700/50000 points, avg insert time: 2.246 ms
[Build] Inserted 18800/50000 points, avg insert time: 1.362 ms
[Build] Inserted 18900/50000 points, avg insert time: 2.389 ms
[Build] Inserted 19000/50000 points, avg insert time: 1.429 ms
[Build] Inserted 19100/50000 points, avg insert time: 1.815 ms
[Build] Inserted 19200/50000 points, avg insert time: 1.555 ms
[Build] Inserted 19300/50000 points, avg insert time: 1.744 ms
[Build] Inserted 19400/50000 points, avg insert time: 1.902 ms
[Build] Inserted 19500/50000 points, avg insert time: 1.625 ms
[Build] Inserted 19600/50000 points, avg insert time: 2.457 ms
[Build] Inserted 19700/50000 points, avg insert time: 1.949 ms
[Build] Inserted 19800/50000 points, avg insert time: 1.898 ms
[Build] Inserted 19900/50000 points, avg insert time: 1.298 ms
[Build] Inserted 20000/50000 points, avg insert time: 1.668 ms
[Build] Inserted 20100/50000 points, avg insert time: 2.728 ms
[Build] Inserted 20200/50000 points, avg insert time: 2.752 ms
[Build] Inserted 20300/50000 points, avg insert time: 1.952 ms
[Build] Inserted 20400/50000 points, avg insert time: 1.428 ms
[Build] Inserted 20500/50000 points, avg insert time: 2.128 ms
[Build] Inserted 20600/50000 points, avg insert time: 1.838 ms
[Build] Inserted 20700/50000 points, avg insert time: 2.069 ms
[Build] Inserted 20800/50000 points, avg insert time: 1.904 ms
[Build] Inserted 20900/50000 points, avg insert time: 1.866 ms
[Build] Inserted 21000/50000 points, avg insert time: 1.701 ms
[Build] Inserted 21100/50000 points, avg insert time: 2.497 ms
[Build] Inserted 21200/50000 points, avg insert time: 1.856 ms
[Build] Inserted 21300/50000 points, avg insert time: 2.232 ms
[Build] Inserted 21400/50000 points, avg insert time: 1.888 ms
[Build] Inserted 21500/50000 points, avg insert time: 1.500 ms
[Build] Inserted 21600/50000 points, avg insert time: 1.526 ms
[Build] Inserted 21700/50000 points, avg insert time: 1.451 ms
[Build] Inserted 21800/50000 points, avg insert time: 2.027 ms
[Build] Inserted 21900/50000 points, avg insert time: 2.169 ms
[Build] Inserted 22000/50000 points, avg insert time: 1.738 ms
[Build] Inserted 22100/50000 points, avg insert time: 2.074 ms
[Build] Inserted 22200/50000 points, avg insert time: 2.372 ms
[Build] Inserted 22300/50000 points, avg insert time: 1.920 ms
[Build] Inserted 22400/50000 points, avg insert time: 2.651 ms
[Build] Inserted 22500/50000 points, avg insert time: 4.063 ms
[Build] Inserted 22600/50000 points, avg insert time: 1.685 ms
[Build] Inserted 22700/50000 points, avg insert time: 2.056 ms
[Build] Inserted 22800/50000 points, avg insert time: 1.296 ms
[Build] Inserted 22900/50000 points, avg insert time: 2.401 ms
[Build] Inserted 23000/50000 points, avg insert time: 2.117 ms
[Build] Inserted 23100/50000 points, avg insert time: 1.767 ms
[Build] Inserted 23200/50000 points, avg insert time: 1.659 ms
[Build] Inserted 23300/50000 points, avg insert time: 1.782 ms
[Build] Inserted 23400/50000 points, avg insert time: 2.175 ms
[Build] Inserted 23500/50000 points, avg insert time: 2.371 ms
[Build] Inserted 23600/50000 points, avg insert time: 1.589 ms
[Build] Inserted 23700/50000 points, avg insert time: 3.258 ms
[Build] Inserted 23800/50000 points, avg insert time: 2.541 ms
[Build] Inserted 23900/50000 points, avg insert time: 1.878 ms
[Build] Inserted 24000/50000 points, avg insert time: 1.978 ms
[Build] Inserted 24100/50000 points, avg insert time: 1.906 ms
[Build] Inserted 24200/50000 points, avg insert time: 1.964 ms
[Build] Inserted 24300/50000 points, avg insert time: 2.048 ms
[Build] Inserted 24400/50000 points, avg insert time: 1.894 ms
[Build] Inserted 24500/50000 points, avg insert time: 1.953 ms
[Build] Inserted 24600/50000 points, avg insert time: 11.026 ms
[Build] Inserted 24700/50000 points, avg insert time: 1.626 ms
[Build] Inserted 24800/50000 points, avg insert time: 1.762 ms
[Build] Inserted 24900/50000 points, avg insert time: 1.735 ms
[Build] Inserted 25000/50000 points, avg insert time: 2.269 ms
[Build] Inserted 25100/50000 points, avg insert time: 1.909 ms
[Build] Inserted 25200/50000 points, avg insert time: 2.572 ms
[Build] Inserted 25300/50000 points, avg insert time: 1.518 ms
[Build] Inserted 25400/50000 points, avg insert time: 2.275 ms
[Build] Inserted 25500/50000 points, avg insert time: 5.956 ms
[Build] Inserted 25600/50000 points, avg insert time: 1.783 ms
[Build] Inserted 25700/50000 points, avg insert time: 1.496 ms
[Build] Inserted 25800/50000 points, avg insert time: 1.478 ms
[Build] Inserted 25900/50000 points, avg insert time: 1.504 ms
[Build] Inserted 26000/50000 points, avg insert time: 1.644 ms
[Build] Inserted 26100/50000 points, avg insert time: 1.759 ms
[Build] Inserted 26200/50000 points, avg insert time: 1.864 ms
[Build] Inserted 26300/50000 points, avg insert time: 1.915 ms
[Build] Inserted 26400/50000 points, avg insert time: 2.188 ms
[Build] Inserted 26500/50000 points, avg insert time: 2.187 ms
[Build] Inserted 26600/50000 points, avg insert time: 1.815 ms
[Build] Inserted 26700/50000 points, avg insert time: 1.422 ms
[Build] Inserted 26800/50000 points, avg insert time: 2.147 ms
[Build] Inserted 26900/50000 points, avg insert time: 1.924 ms
[Build] Inserted 27000/50000 points, avg insert time: 2.165 ms
[Build] Inserted 27100/50000 points, avg insert time: 1.763 ms
[Build] Inserted 27200/50000 points, avg insert time: 1.902 ms
[Build] Inserted 27300/50000 points, avg insert time: 1.791 ms
[Build] Inserted 27400/50000 points, avg insert time: 2.500 ms
[Build] Inserted 27500/50000 points, avg insert time: 1.425 ms
[Build] Inserted 27600/50000 points, avg insert time: 1.415 ms
[Build] Inserted 27700/50000 points, avg insert time: 1.448 ms
[Build] Inserted 27800/50000 points, avg insert time: 2.351 ms
[Build] Inserted 27900/50000 points, avg insert time: 1.935 ms
[Build] Inserted 28000/50000 points, avg insert time: 1.919 ms
[Build] Inserted 28100/50000 points, avg insert time: 1.865 ms
[Build] Inserted 28200/50000 points, avg insert time: 2.064 ms
[Build] Inserted 28300/50000 points, avg insert time: 1.533 ms
[Build] Inserted 28400/50000 points, avg insert time: 1.659 ms
[Build] Inserted 28500/50000 points, avg insert time: 1.795 ms
[Build] Inserted 28600/50000 points, avg insert time: 1.703 ms
[Build] Inserted 28700/50000 points, avg insert time: 1.591 ms
[Build] Inserted 28800/50000 points, avg insert time: 2.699 ms
[Build] Inserted 28900/50000 points, avg insert time: 2.220 ms
[Build] Inserted 29000/50000 points, avg insert time: 3.868 ms
[Build] Inserted 29100/50000 points, avg insert time: 2.932 ms
[Build] Inserted 29200/50000 points, avg insert time: 2.377 ms
[Build] Inserted 29300/50000 points, avg insert time: 2.150 ms
[Build] Inserted 29400/50000 points, avg insert time: 2.568 ms
[Build] Inserted 29500/50000 points, avg insert time: 2.796 ms
[Build] Inserted 29600/50000 points, avg insert time: 1.920 ms
[Build] Inserted 29700/50000 points, avg insert time: 2.337 ms
[Build] Inserted 29800/50000 points, avg insert time: 1.849 ms
[Build] Inserted 29900/50000 points, avg insert time: 1.732 ms
[Build] Inserted 30000/50000 points, avg insert time: 1.693 ms
[Build] Inserted 30100/50000 points, avg insert time: 1.806 ms
[Build] Inserted 30200/50000 points, avg insert time: 2.427 ms
[Build] Inserted 30300/50000 points, avg insert time: 1.593 ms
[Build] Inserted 30400/50000 points, avg insert time: 2.878 ms
[Build] Inserted 30500/50000 points, avg insert time: 2.427 ms
[Build] Inserted 30600/50000 points, avg insert time: 1.967 ms
[Build] Inserted 30700/50000 points, avg insert time: 2.258 ms
[Build] Inserted 30800/50000 points, avg insert time: 2.076 ms
[Build] Inserted 30900/50000 points, avg insert time: 2.546 ms
[Build] Inserted 31000/50000 points, avg insert time: 3.014 ms
[Build] Inserted 31100/50000 points, avg insert time: 2.771 ms
[Build] Inserted 31200/50000 points, avg insert time: 2.470 ms
[Build] Inserted 31300/50000 points, avg insert time: 2.581 ms
[Build] Inserted 31400/50000 points, avg insert time: 2.126 ms
[Build] Inserted 31500/50000 points, avg insert time: 3.128 ms
[Build] Inserted 31600/50000 points, avg insert time: 2.645 ms
[Build] Inserted 31700/50000 points, avg insert time: 2.276 ms
[Build] Inserted 31800/50000 points, avg insert time: 2.702 ms
[Build] Inserted 31900/50000 points, avg insert time: 1.734 ms
[Build] Inserted 32000/50000 points, avg insert time: 2.381 ms
[Build] Inserted 32100/50000 points, avg insert time: 1.703 ms
[Build] Inserted 32200/50000 points, avg insert time: 2.518 ms
[Build] Inserted 32300/50000 points, avg insert time: 1.597 ms
[Build] Inserted 32400/50000 points, avg insert time: 1.808 ms
[Build] Inserted 32500/50000 points, avg insert time: 2.899 ms
[Build] Inserted 32600/50000 points, avg insert time: 3.075 ms
[Build] Inserted 32700/50000 points, avg insert time: 2.995 ms
[Build] Inserted 32800/50000 points, avg insert time: 1.943 ms
[Build] Inserted 32900/50000 points, avg insert time: 2.082 ms
[Build] Inserted 33000/50000 points, avg insert time: 3.097 ms
[Build] Inserted 33100/50000 points, avg insert time: 2.280 ms
[Build] Inserted 33200/50000 points, avg insert time: 2.124 ms
[Build] Inserted 33300/50000 points, avg insert time: 1.975 ms
[Build] Inserted 33400/50000 points, avg insert time: 3.086 ms
[Build] Inserted 33500/50000 points, avg insert time: 2.165 ms
[Build] Inserted 33600/50000 points, avg insert time: 2.422 ms
[Build] Inserted 33700/50000 points, avg insert time: 2.228 ms
[Build] Inserted 33800/50000 points, avg insert time: 2.337 ms
[Build] Inserted 33900/50000 points, avg insert time: 2.547 ms
[Build] Inserted 34000/50000 points, avg insert time: 1.696 ms
[Build] Inserted 34100/50000 points, avg insert time: 2.401 ms
[Build] Inserted 34200/50000 points, avg insert time: 3.106 ms
[Build] Inserted 34300/50000 points, avg insert time: 1.884 ms
[Build] Inserted 34400/50000 points, avg insert time: 2.400 ms
[Build] Inserted 34500/50000 points, avg insert time: 2.383 ms
[Build] Inserted 34600/50000 points, avg insert time: 2.361 ms
[Build] Inserted 34700/50000 points, avg insert time: 1.769 ms
[Build] Inserted 34800/50000 points, avg insert time: 1.908 ms
[Build] Inserted 34900/50000 points, avg insert time: 2.066 ms
[Build] Inserted 35000/50000 points, avg insert time: 1.838 ms
[Build] Inserted 35100/50000 points, avg insert time: 2.864 ms
[Build] Inserted 35200/50000 points, avg insert time: 2.133 ms
[Build] Inserted 35300/50000 points, avg insert time: 3.101 ms
[Build] Inserted 35400/50000 points, avg insert time: 2.081 ms
[Build] Inserted 35500/50000 points, avg insert time: 2.538 ms
[Build] Inserted 35600/50000 points, avg insert time: 2.657 ms
[Build] Inserted 35700/50000 points, avg insert time: 2.352 ms
[Build] Inserted 35800/50000 points, avg insert time: 1.970 ms
[Build] Inserted 35900/50000 points, avg insert time: 1.392 ms
[Build] Inserted 36000/50000 points, avg insert time: 2.233 ms
[Build] Inserted 36100/50000 points, avg insert time: 1.973 ms
[Build] Inserted 36200/50000 points, avg insert time: 1.938 ms
[Build] Inserted 36300/50000 points, avg insert time: 1.573 ms
[Build] Inserted 36400/50000 points, avg insert time: 1.936 ms
[Build] Inserted 36500/50000 points, avg insert time: 2.471 ms
[Build] Inserted 36600/50000 points, avg insert time: 2.641 ms
[Build] Inserted 36700/50000 points, avg insert time: 2.390 ms
[Build] Inserted 36800/50000 points, avg insert time: 1.626 ms
[Build] Inserted 36900/50000 points, avg insert time: 1.951 ms
[Build] Inserted 37000/50000 points, avg insert time: 5.865 ms
[Build] Inserted 37100/50000 points, avg insert time: 2.814 ms
[Build] Inserted 37200/50000 points, avg insert time: 1.975 ms
[Build] Inserted 37300/50000 points, avg insert time: 2.344 ms
[Build] Inserted 37400/50000 points, avg insert time: 2.853 ms
[Build] Inserted 37500/50000 points, avg insert time: 2.077 ms
[Build] Inserted 37600/50000 points, avg insert time: 1.926 ms
[Build] Inserted 37700/50000 points, avg insert time: 1.912 ms
[Build] Inserted 37800/50000 points, avg insert time: 1.881 ms
[Build] Inserted 37900/50000 points, avg insert time: 1.401 ms
[Build] Inserted 38000/50000 points, avg insert time: 2.103 ms
[Build] Inserted 38100/50000 points, avg insert time: 2.072 ms
[Build] Inserted 38200/50000 points, avg insert time: 2.139 ms
[Build] Inserted 38300/50000 points, avg insert time: 2.086 ms
[Build] Inserted 38400/50000 points, avg insert time: 2.105 ms
[Build] Inserted 38500/50000 points, avg insert time: 1.722 ms
[Build] Inserted 38600/50000 points, avg insert time: 3.743 ms
[Build] Inserted 38700/50000 points, avg insert time: 1.857 ms
[Build] Inserted 38800/50000 points, avg insert time: 2.258 ms
[Build] Inserted 38900/50000 points, avg insert time: 2.286 ms
[Build] Inserted 39000/50000 points, avg insert time: 2.996 ms
[Build] Inserted 39100/50000 points, avg insert time: 11.149 ms
[Build] Inserted 39200/50000 points, avg insert time: 2.103 ms
[Build] Inserted 39300/50000 points, avg insert time: 2.000 ms
[Build] Inserted 39400/50000 points, avg insert time: 1.499 ms
[Build] Inserted 39500/50000 points, avg insert time: 1.869 ms
[Build] Inserted 39600/50000 points, avg insert time: 2.303 ms
[Build] Inserted 39700/50000 points, avg insert time: 2.403 ms
[Build] Inserted 39800/50000 points, avg insert time: 2.235 ms
[Build] Inserted 39900/50000 points, avg insert time: 2.395 ms
[Build] Inserted 40000/50000 points, avg insert time: 3.260 ms
[Build] Inserted 40100/50000 points, avg insert time: 4.262 ms
[Build] Inserted 40200/50000 points, avg insert time: 2.440 ms
[Build] Inserted 40300/50000 points, avg insert time: 2.400 ms
[Build] Inserted 40400/50000 points, avg insert time: 3.124 ms
[Build] Inserted 40500/50000 points, avg insert time: 2.786 ms
[Build] Inserted 40600/50000 points, avg insert time: 2.452 ms
[Build] Inserted 40700/50000 points, avg insert time: 2.296 ms
[Build] Inserted 40800/50000 points, avg insert time: 2.385 ms
[Build] Inserted 40900/50000 points, avg insert time: 2.345 ms
[Build] Inserted 41000/50000 points, avg insert time: 1.928 ms
[Build] Inserted 41100/50000 points, avg insert time: 2.714 ms
[Build] Inserted 41200/50000 points, avg insert time: 2.617 ms
[Build] Inserted 41300/50000 points, avg insert time: 2.140 ms
[Build] Inserted 41400/50000 points, avg insert time: 2.472 ms
[Build] Inserted 41500/50000 points, avg insert time: 2.600 ms
[Build] Inserted 41600/50000 points, avg insert time: 2.408 ms
[Build] Inserted 41700/50000 points, avg insert time: 2.045 ms
[Build] Inserted 41800/50000 points, avg insert time: 2.326 ms
[Build] Inserted 41900/50000 points, avg insert time: 1.682 ms
[Build] Inserted 42000/50000 points, avg insert time: 1.862 ms
[Build] Inserted 42100/50000 points, avg insert time: 3.158 ms
[Build] Inserted 42200/50000 points, avg insert time: 2.641 ms
[Build] Inserted 42300/50000 points, avg insert time: 1.778 ms
[Build] Inserted 42400/50000 points, avg insert time: 2.170 ms
[Build] Inserted 42500/50000 points, avg insert time: 2.140 ms
[Build] Inserted 42600/50000 points, avg insert time: 1.840 ms
[Build] Inserted 42700/50000 points, avg insert time: 3.009 ms
[Build] Inserted 42800/50000 points, avg insert time: 2.408 ms
[Build] Inserted 42900/50000 points, avg insert time: 1.746 ms
[Build] Inserted 43000/50000 points, avg insert time: 2.681 ms
[Build] Inserted 43100/50000 points, avg insert time: 2.375 ms
[Build] Inserted 43200/50000 points, avg insert time: 1.794 ms
[Build] Inserted 43300/50000 points, avg insert time: 1.818 ms
[Build] Inserted 43400/50000 points, avg insert time: 2.603 ms
[Build] Inserted 43500/50000 points, avg insert time: 2.284 ms
[Build] Inserted 43600/50000 points, avg insert time: 2.535 ms
[Build] Inserted 43700/50000 points, avg insert time: 3.222 ms
[Build] Inserted 43800/50000 points, avg insert time: 2.347 ms
[Build] Inserted 43900/50000 points, avg insert time: 1.937 ms
[Build] Inserted 44000/50000 points, avg insert time: 1.922 ms
[Build] Inserted 44100/50000 points, avg insert time: 3.199 ms
[Build] Inserted 44200/50000 points, avg insert time: 1.751 ms
[Build] Inserted 44300/50000 points, avg insert time: 3.249 ms
[Build] Inserted 44400/50000 points, avg insert time: 2.345 ms
[Build] Inserted 44500/50000 points, avg insert time: 2.423 ms
[Build] Inserted 44600/50000 points, avg insert time: 2.309 ms
[Build] Inserted 44700/50000 points, avg insert time: 2.066 ms
[Build] Inserted 44800/50000 points, avg insert time: 1.771 ms
[Build] Inserted 44900/50000 points, avg insert time: 2.315 ms
[Build] Inserted 45000/50000 points, avg insert time: 2.201 ms
[Build] Inserted 45100/50000 points, avg insert time: 2.201 ms
[Build] Inserted 45200/50000 points, avg insert time: 2.564 ms
[Build] Inserted 45300/50000 points, avg insert time: 2.132 ms
[Build] Inserted 45400/50000 points, avg insert time: 1.601 ms
[Build] Inserted 45500/50000 points, avg insert time: 1.822 ms
[Build] Inserted 45600/50000 points, avg insert time: 2.987 ms
[Build] Inserted 45700/50000 points, avg insert time: 2.687 ms
[Build] Inserted 45800/50000 points, avg insert time: 2.240 ms
[Build] Inserted 45900/50000 points, avg insert time: 2.410 ms
[Build] Inserted 46000/50000 points, avg insert time: 2.656 ms
[Build] Inserted 46100/50000 points, avg insert time: 1.964 ms
[Build] Inserted 46200/50000 points, avg insert time: 2.912 ms
[Build] Inserted 46300/50000 points, avg insert time: 2.400 ms
[Build] Inserted 46400/50000 points, avg insert time: 2.582 ms
[Build] Inserted 46500/50000 points, avg insert time: 2.476 ms
[Build] Inserted 46600/50000 points, avg insert time: 2.665 ms
[Build] Inserted 46700/50000 points, avg insert time: 2.683 ms
[Build] Inserted 46800/50000 points, avg insert time: 2.297 ms
[Build] Inserted 46900/50000 points, avg insert time: 2.403 ms
[Build] Inserted 47000/50000 points, avg insert time: 2.205 ms
[Build] Inserted 47100/50000 points, avg insert time: 2.446 ms
[Build] Inserted 47200/50000 points, avg insert time: 2.165 ms
[Build] Inserted 47300/50000 points, avg insert time: 1.986 ms
[Build] Inserted 47400/50000 points, avg insert time: 2.943 ms
[Build] Inserted 47500/50000 points, avg insert time: 2.316 ms
[Build] Inserted 47600/50000 points, avg insert time: 1.974 ms
[Build] Inserted 47700/50000 points, avg insert time: 2.318 ms
[Build] Inserted 47800/50000 points, avg insert time: 3.045 ms
[Build] Inserted 47900/50000 points, avg insert time: 2.837 ms
[Build] Inserted 48000/50000 points, avg insert time: 2.234 ms
[Build] Inserted 48100/50000 points, avg insert time: 2.299 ms
[Build] Inserted 48200/50000 points, avg insert time: 2.143 ms
[Build] Inserted 48300/50000 points, avg insert time: 3.113 ms
[Build] Inserted 48400/50000 points, avg insert time: 3.178 ms
[Build] Inserted 48500/50000 points, avg insert time: 1.759 ms
[Build] Inserted 48600/50000 points, avg insert time: 2.258 ms
[Build] Inserted 48700/50000 points, avg insert time: 2.621 ms
[Build] Inserted 48800/50000 points, avg insert time: 1.976 ms
[Build] Inserted 48900/50000 points, avg insert time: 2.805 ms
[Build] Inserted 49000/50000 points, avg insert time: 1.778 ms
[Build] Inserted 49100/50000 points, avg insert time: 2.180 ms
[Build] Inserted 49200/50000 points, avg insert time: 2.745 ms
[Build] Inserted 49300/50000 points, avg insert time: 3.116 ms
[Build] Inserted 49400/50000 points, avg insert time: 1.995 ms
[Build] Inserted 49500/50000 points, avg insert time: 2.720 ms
[Build] Inserted 49600/50000 points, avg insert time: 2.446 ms
[Build] Inserted 49700/50000 points, avg insert time: 2.324 ms
[Build] Inserted 49800/50000 points, avg insert time: 2.556 ms
[Build] Inserted 49900/50000 points, avg insert time: 3.219 ms
[Build] Inserted 50000/50000 points, avg insert time: 3.130 ms
[Build] Starting queries...
[Query] Processed 100/5000 queries, avg query time: 23.715 ms
[Query] Processed 200/5000 queries, avg query time: 23.946 ms
[Query] Processed 300/5000 queries, avg query time: 27.245 ms
[Query] Processed 400/5000 queries, avg query time: 26.340 ms
[Query] Processed 500/5000 queries, avg query time: 25.957 ms
[Query] Processed 600/5000 queries, avg query time: 25.615 ms
[Query] Processed 700/5000 queries, avg query time: 25.730 ms
[Query] Processed 800/5000 queries, avg query time: 25.346 ms
[Query] Processed 900/5000 queries, avg query time: 25.423 ms
[Query] Processed 1000/5000 queries, avg query time: 25.412 ms
[Query] Processed 1100/5000 queries, avg query time: 25.391 ms
[Query] Processed 1200/5000 queries, avg query time: 25.284 ms
[Query] Processed 1300/5000 queries, avg query time: 25.634 ms
[Query] Processed 1400/5000 queries, avg query time: 25.623 ms
[Query] Processed 1500/5000 queries, avg query time: 25.658 ms
[Query] Processed 1600/5000 queries, avg query time: 26.519 ms
[Query] Processed 1700/5000 queries, avg query time: 26.562 ms
[Query] Processed 1800/5000 queries, avg query time: 26.582 ms
[Query] Processed 1900/5000 queries, avg query time: 26.549 ms
[Query] Processed 2000/5000 queries, avg query time: 26.510 ms
[Query] Processed 2100/5000 queries, avg query time: 26.688 ms
[Query] Processed 2200/5000 queries, avg query time: 26.676 ms
[Query] Processed 2300/5000 queries, avg query time: 26.632 ms
[Query] Processed 2400/5000 queries, avg query time: 26.612 ms
[Query] Processed 2500/5000 queries, avg query time: 26.690 ms
[Query] Processed 2600/5000 queries, avg query time: 26.693 ms
[Query] Processed 2700/5000 queries, avg query time: 26.595 ms
[Query] Processed 2800/5000 queries, avg query time: 26.877 ms
[Query] Processed 2900/5000 queries, avg query time: 26.788 ms
[Query] Processed 3000/5000 queries, avg query time: 26.673 ms
[Query] Processed 3100/5000 queries, avg query time: 26.579 ms
[Query] Processed 3200/5000 queries, avg query time: 26.450 ms
[Query] Processed 3300/5000 queries, avg query time: 26.399 ms
[Query] Processed 3400/5000 queries, avg query time: 26.354 ms
[Query] Processed 3500/5000 queries, avg query time: 26.238 ms
[Query] Processed 3600/5000 queries, avg query time: 26.198 ms
[Query] Processed 3700/5000 queries, avg query time: 26.121 ms
[Query] Processed 3800/5000 queries, avg query time: 26.145 ms
[Query] Processed 3900/5000 queries, avg query time: 26.072 ms
[Query] Processed 4000/5000 queries, avg query time: 25.998 ms
[Query] Processed 4100/5000 queries, avg query time: 26.217 ms
[Query] Processed 4200/5000 queries, avg query time: 26.145 ms
[Query] Processed 4300/5000 queries, avg query time: 26.101 ms
[Query] Processed 4400/5000 queries, avg query time: 26.108 ms
[Query] Processed 4500/5000 queries, avg query time: 26.083 ms
[Query] Processed 4600/5000 queries, avg query time: 26.053 ms
[Query] Processed 4700/5000 queries, avg query time: 25.990 ms
[Query] Processed 4800/5000 queries, avg query time: 25.927 ms
[Query] Processed 4900/5000 queries, avg query time: 25.828 ms
[Query] Processed 5000/5000 queries, avg query time: 25.733 ms
[Sanity Check] Total Relevant =  3722
[Result] Memory breakdown (MB): {'hash_functions_MB': 4.9204254150390625, 'bucket_ids_MB': 29.362552642822266, 'num_ids': 7697217, 'num_buckets': 2188789, 'hash_tables_overhead_MB': 183.69048309326172, 'total_MB': 217.97346115112305}
[Result] Epsilon-recall: 1.0000
[Result] (c,r)-ANN accuracy: 1.0000
[SUMMARY] r=0.5, eps=0.7, eta=0.1, recall=1.0000, (c,r)-ANN accuracy=1.0, memory=217.97346115112305
