[Init] Inputs : eta=0.20, epsilon=0.60, r=0.50
[Init] LSH Parameters : w=1.638, p1=0.7566, p2=0.6177, rho=0.5790
[Init] Data Structure Parameters : k=23, L=694, key_bits=736, mode=speed
[Build] Starting insertion...
[Build] Inserted 100/50000 points, avg insert time: 0.944 ms
[Build] Inserted 200/50000 points, avg insert time: 0.943 ms
[Build] Inserted 300/50000 points, avg insert time: 0.459 ms
[Build] Inserted 400/50000 points, avg insert time: 0.765 ms
[Build] Inserted 500/50000 points, avg insert time: 0.552 ms
[Build] Inserted 600/50000 points, avg insert time: 0.392 ms
[Build] Inserted 700/50000 points, avg insert time: 0.865 ms
[Build] Inserted 800/50000 points, avg insert time: 0.458 ms
[Build] Inserted 900/50000 points, avg insert time: 0.686 ms
[Build] Inserted 1000/50000 points, avg insert time: 1.038 ms
[Build] Inserted 1100/50000 points, avg insert time: 1.067 ms
[Build] Inserted 1200/50000 points, avg insert time: 0.693 ms
[Build] Inserted 1300/50000 points, avg insert time: 1.151 ms
[Build] Inserted 1400/50000 points, avg insert time: 0.704 ms
[Build] Inserted 1500/50000 points, avg insert time: 0.710 ms
[Build] Inserted 1600/50000 points, avg insert time: 0.533 ms
[Build] Inserted 1700/50000 points, avg insert time: 0.919 ms
[Build] Inserted 1800/50000 points, avg insert time: 1.288 ms
[Build] Inserted 1900/50000 points, avg insert time: 1.359 ms
[Build] Inserted 2000/50000 points, avg insert time: 1.270 ms
[Build] Inserted 2100/50000 points, avg insert time: 0.581 ms
[Build] Inserted 2200/50000 points, avg insert time: 0.541 ms
[Build] Inserted 2300/50000 points, avg insert time: 5.562 ms
[Build] Inserted 2400/50000 points, avg insert time: 1.081 ms
[Build] Inserted 2500/50000 points, avg insert time: 1.296 ms
[Build] Inserted 2600/50000 points, avg insert time: 1.421 ms
[Build] Inserted 2700/50000 points, avg insert time: 0.760 ms
[Build] Inserted 2800/50000 points, avg insert time: 0.995 ms
[Build] Inserted 2900/50000 points, avg insert time: 0.572 ms
[Build] Inserted 3000/50000 points, avg insert time: 0.902 ms
[Build] Inserted 3100/50000 points, avg insert time: 0.480 ms
[Build] Inserted 3200/50000 points, avg insert time: 0.993 ms
[Build] Inserted 3300/50000 points, avg insert time: 0.874 ms
[Build] Inserted 3400/50000 points, avg insert time: 1.726 ms
[Build] Inserted 3500/50000 points, avg insert time: 1.136 ms
[Build] Inserted 3600/50000 points, avg insert time: 0.844 ms
[Build] Inserted 3700/50000 points, avg insert time: 1.064 ms
[Build] Inserted 3800/50000 points, avg insert time: 0.772 ms
[Build] Inserted 3900/50000 points, avg insert time: 1.043 ms
[Build] Inserted 4000/50000 points, avg insert time: 0.968 ms
[Build] Inserted 4100/50000 points, avg insert time: 1.374 ms
[Build] Inserted 4200/50000 points, avg insert time: 0.716 ms
[Build] Inserted 4300/50000 points, avg insert time: 0.830 ms
[Build] Inserted 4400/50000 points, avg insert time: 0.801 ms
[Build] Inserted 4500/50000 points, avg insert time: 0.803 ms
[Build] Inserted 4600/50000 points, avg insert time: 1.672 ms
[Build] Inserted 4700/50000 points, avg insert time: 0.637 ms
[Build] Inserted 4800/50000 points, avg insert time: 1.043 ms
[Build] Inserted 4900/50000 points, avg insert time: 1.100 ms
[Build] Inserted 5000/50000 points, avg insert time: 1.039 ms
[Build] Inserted 5100/50000 points, avg insert time: 1.784 ms
[Build] Inserted 5200/50000 points, avg insert time: 0.735 ms
[Build] Inserted 5300/50000 points, avg insert time: 1.132 ms
[Build] Inserted 5400/50000 points, avg insert time: 0.802 ms
[Build] Inserted 5500/50000 points, avg insert time: 1.752 ms
[Build] Inserted 5600/50000 points, avg insert time: 0.886 ms
[Build] Inserted 5700/50000 points, avg insert time: 1.054 ms
[Build] Inserted 5800/50000 points, avg insert time: 0.805 ms
[Build] Inserted 5900/50000 points, avg insert time: 0.797 ms
[Build] Inserted 6000/50000 points, avg insert time: 0.981 ms
[Build] Inserted 6100/50000 points, avg insert time: 1.386 ms
[Build] Inserted 6200/50000 points, avg insert time: 1.036 ms
[Build] Inserted 6300/50000 points, avg insert time: 1.127 ms
[Build] Inserted 6400/50000 points, avg insert time: 0.911 ms
[Build] Inserted 6500/50000 points, avg insert time: 2.295 ms
[Build] Inserted 6600/50000 points, avg insert time: 0.945 ms
[Build] Inserted 6700/50000 points, avg insert time: 0.876 ms
[Build] Inserted 6800/50000 points, avg insert time: 1.282 ms
[Build] Inserted 6900/50000 points, avg insert time: 1.869 ms
[Build] Inserted 7000/50000 points, avg insert time: 0.949 ms
[Build] Inserted 7100/50000 points, avg insert time: 0.561 ms
[Build] Inserted 7200/50000 points, avg insert time: 0.747 ms
[Build] Inserted 7300/50000 points, avg insert time: 0.567 ms
[Build] Inserted 7400/50000 points, avg insert time: 1.301 ms
[Build] Inserted 7500/50000 points, avg insert time: 1.296 ms
[Build] Inserted 7600/50000 points, avg insert time: 0.873 ms
[Build] Inserted 7700/50000 points, avg insert time: 1.057 ms
[Build] Inserted 7800/50000 points, avg insert time: 1.020 ms
[Build] Inserted 7900/50000 points, avg insert time: 0.852 ms
[Build] Inserted 8000/50000 points, avg insert time: 0.494 ms
[Build] Inserted 8100/50000 points, avg insert time: 0.809 ms
[Build] Inserted 8200/50000 points, avg insert time: 1.287 ms
[Build] Inserted 8300/50000 points, avg insert time: 0.896 ms
[Build] Inserted 8400/50000 points, avg insert time: 1.524 ms
[Build] Inserted 8500/50000 points, avg insert time: 0.639 ms
[Build] Inserted 8600/50000 points, avg insert time: 0.636 ms
[Build] Inserted 8700/50000 points, avg insert time: 0.823 ms
[Build] Inserted 8800/50000 points, avg insert time: 0.656 ms
[Build] Inserted 8900/50000 points, avg insert time: 0.326 ms
[Build] Inserted 9000/50000 points, avg insert time: 1.105 ms
[Build] Inserted 9100/50000 points, avg insert time: 0.826 ms
[Build] Inserted 9200/50000 points, avg insert time: 1.170 ms
[Build] Inserted 9300/50000 points, avg insert time: 0.414 ms
[Build] Inserted 9400/50000 points, avg insert time: 1.000 ms
[Build] Inserted 9500/50000 points, avg insert time: 1.147 ms
[Build] Inserted 9600/50000 points, avg insert time: 0.891 ms
[Build] Inserted 9700/50000 points, avg insert time: 2.270 ms
[Build] Inserted 9800/50000 points, avg insert time: 0.647 ms
[Build] Inserted 9900/50000 points, avg insert time: 0.972 ms
[Build] Inserted 10000/50000 points, avg insert time: 0.413 ms
[Build] Inserted 10100/50000 points, avg insert time: 0.555 ms
[Build] Inserted 10200/50000 points, avg insert time: 1.134 ms
[Build] Inserted 10300/50000 points, avg insert time: 0.865 ms
[Build] Inserted 10400/50000 points, avg insert time: 0.736 ms
[Build] Inserted 10500/50000 points, avg insert time: 1.240 ms
[Build] Inserted 10600/50000 points, avg insert time: 1.066 ms
[Build] Inserted 10700/50000 points, avg insert time: 1.226 ms
[Build] Inserted 10800/50000 points, avg insert time: 1.016 ms
[Build] Inserted 10900/50000 points, avg insert time: 1.005 ms
[Build] Inserted 11000/50000 points, avg insert time: 0.587 ms
[Build] Inserted 11100/50000 points, avg insert time: 1.122 ms
[Build] Inserted 11200/50000 points, avg insert time: 1.510 ms
[Build] Inserted 11300/50000 points, avg insert time: 0.733 ms
[Build] Inserted 11400/50000 points, avg insert time: 0.900 ms
[Build] Inserted 11500/50000 points, avg insert time: 1.482 ms
[Build] Inserted 11600/50000 points, avg insert time: 0.601 ms
[Build] Inserted 11700/50000 points, avg insert time: 0.820 ms
[Build] Inserted 11800/50000 points, avg insert time: 1.252 ms
[Build] Inserted 11900/50000 points, avg insert time: 0.450 ms
[Build] Inserted 12000/50000 points, avg insert time: 0.909 ms
[Build] Inserted 12100/50000 points, avg insert time: 1.050 ms
[Build] Inserted 12200/50000 points, avg insert time: 0.371 ms
[Build] Inserted 12300/50000 points, avg insert time: 0.600 ms
[Build] Inserted 12400/50000 points, avg insert time: 1.107 ms
[Build] Inserted 12500/50000 points, avg insert time: 0.967 ms
[Build] Inserted 12600/50000 points, avg insert time: 1.147 ms
[Build] Inserted 12700/50000 points, avg insert time: 0.593 ms
[Build] Inserted 12800/50000 points, avg insert time: 0.655 ms
[Build] Inserted 12900/50000 points, avg insert time: 0.839 ms
[Build] Inserted 13000/50000 points, avg insert time: 2.147 ms
[Build] Inserted 13100/50000 points, avg insert time: 0.968 ms
[Build] Inserted 13200/50000 points, avg insert time: 0.991 ms
[Build] Inserted 13300/50000 points, avg insert time: 0.869 ms
[Build] Inserted 13400/50000 points, avg insert time: 1.452 ms
[Build] Inserted 13500/50000 points, avg insert time: 0.739 ms
[Build] Inserted 13600/50000 points, avg insert time: 0.807 ms
[Build] Inserted 13700/50000 points, avg insert time: 1.126 ms
[Build] Inserted 13800/50000 points, avg insert time: 0.596 ms
[Build] Inserted 13900/50000 points, avg insert time: 0.884 ms
[Build] Inserted 14000/50000 points, avg insert time: 0.735 ms
[Build] Inserted 14100/50000 points, avg insert time: 1.185 ms
[Build] Inserted 14200/50000 points, avg insert time: 0.814 ms
[Build] Inserted 14300/50000 points, avg insert time: 0.894 ms
[Build] Inserted 14400/50000 points, avg insert time: 1.471 ms
[Build] Inserted 14500/50000 points, avg insert time: 0.896 ms
[Build] Inserted 14600/50000 points, avg insert time: 1.036 ms
[Build] Inserted 14700/50000 points, avg insert time: 0.813 ms
[Build] Inserted 14800/50000 points, avg insert time: 0.815 ms
[Build] Inserted 14900/50000 points, avg insert time: 0.676 ms
[Build] Inserted 15000/50000 points, avg insert time: 1.132 ms
[Build] Inserted 15100/50000 points, avg insert time: 1.056 ms
[Build] Inserted 15200/50000 points, avg insert time: 0.731 ms
[Build] Inserted 15300/50000 points, avg insert time: 1.546 ms
[Build] Inserted 15400/50000 points, avg insert time: 1.309 ms
[Build] Inserted 15500/50000 points, avg insert time: 1.180 ms
[Build] Inserted 15600/50000 points, avg insert time: 0.819 ms
[Build] Inserted 15700/50000 points, avg insert time: 1.771 ms
[Build] Inserted 15800/50000 points, avg insert time: 0.897 ms
[Build] Inserted 15900/50000 points, avg insert time: 1.309 ms
[Build] Inserted 16000/50000 points, avg insert time: 0.882 ms
[Build] Inserted 16100/50000 points, avg insert time: 0.792 ms
[Build] Inserted 16200/50000 points, avg insert time: 1.041 ms
[Build] Inserted 16300/50000 points, avg insert time: 1.063 ms
[Build] Inserted 16400/50000 points, avg insert time: 0.647 ms
[Build] Inserted 16500/50000 points, avg insert time: 1.224 ms
[Build] Inserted 16600/50000 points, avg insert time: 0.757 ms
[Build] Inserted 16700/50000 points, avg insert time: 1.456 ms
[Build] Inserted 16800/50000 points, avg insert time: 0.652 ms
[Build] Inserted 16900/50000 points, avg insert time: 0.925 ms
[Build] Inserted 17000/50000 points, avg insert time: 0.898 ms
[Build] Inserted 17100/50000 points, avg insert time: 0.837 ms
[Build] Inserted 17200/50000 points, avg insert time: 0.943 ms
[Build] Inserted 17300/50000 points, avg insert time: 0.767 ms
[Build] Inserted 17400/50000 points, avg insert time: 1.711 ms
[Build] Inserted 17500/50000 points, avg insert time: 2.779 ms
[Build] Inserted 17600/50000 points, avg insert time: 1.131 ms
[Build] Inserted 17700/50000 points, avg insert time: 0.683 ms
[Build] Inserted 17800/50000 points, avg insert time: 1.277 ms
[Build] Inserted 17900/50000 points, avg insert time: 0.516 ms
[Build] Inserted 18000/50000 points, avg insert time: 0.758 ms
[Build] Inserted 18100/50000 points, avg insert time: 1.104 ms
[Build] Inserted 18200/50000 points, avg insert time: 0.590 ms
[Build] Inserted 18300/50000 points, avg insert time: 1.319 ms
[Build] Inserted 18400/50000 points, avg insert time: 0.896 ms
[Build] Inserted 18500/50000 points, avg insert time: 0.974 ms
[Build] Inserted 18600/50000 points, avg insert time: 0.579 ms
[Build] Inserted 18700/50000 points, avg insert time: 0.732 ms
[Build] Inserted 18800/50000 points, avg insert time: 1.311 ms
[Build] Inserted 18900/50000 points, avg insert time: 1.252 ms
[Build] Inserted 19000/50000 points, avg insert time: 1.505 ms
[Build] Inserted 19100/50000 points, avg insert time: 0.844 ms
[Build] Inserted 19200/50000 points, avg insert time: 0.978 ms
[Build] Inserted 19300/50000 points, avg insert time: 0.833 ms
[Build] Inserted 19400/50000 points, avg insert time: 2.001 ms
[Build] Inserted 19500/50000 points, avg insert time: 1.285 ms
[Build] Inserted 19600/50000 points, avg insert time: 0.837 ms
[Build] Inserted 19700/50000 points, avg insert time: 1.001 ms
[Build] Inserted 19800/50000 points, avg insert time: 0.753 ms
[Build] Inserted 19900/50000 points, avg insert time: 0.926 ms
[Build] Inserted 20000/50000 points, avg insert time: 0.817 ms
[Build] Inserted 20100/50000 points, avg insert time: 1.814 ms
[Build] Inserted 20200/50000 points, avg insert time: 0.652 ms
[Build] Inserted 20300/50000 points, avg insert time: 1.029 ms
[Build] Inserted 20400/50000 points, avg insert time: 1.099 ms
[Build] Inserted 20500/50000 points, avg insert time: 1.483 ms
[Build] Inserted 20600/50000 points, avg insert time: 0.484 ms
[Build] Inserted 20700/50000 points, avg insert time: 0.837 ms
[Build] Inserted 20800/50000 points, avg insert time: 0.757 ms
[Build] Inserted 20900/50000 points, avg insert time: 1.015 ms
[Build] Inserted 21000/50000 points, avg insert time: 0.660 ms
[Build] Inserted 21100/50000 points, avg insert time: 1.036 ms
[Build] Inserted 21200/50000 points, avg insert time: 1.074 ms
[Build] Inserted 21300/50000 points, avg insert time: 1.141 ms
[Build] Inserted 21400/50000 points, avg insert time: 1.105 ms
[Build] Inserted 21500/50000 points, avg insert time: 2.013 ms
[Build] Inserted 21600/50000 points, avg insert time: 0.920 ms
[Build] Inserted 21700/50000 points, avg insert time: 0.816 ms
[Build] Inserted 21800/50000 points, avg insert time: 0.979 ms
[Build] Inserted 21900/50000 points, avg insert time: 0.749 ms
[Build] Inserted 22000/50000 points, avg insert time: 0.856 ms
[Build] Inserted 22100/50000 points, avg insert time: 0.658 ms
[Build] Inserted 22200/50000 points, avg insert time: 1.071 ms
[Build] Inserted 22300/50000 points, avg insert time: 0.989 ms
[Build] Inserted 22400/50000 points, avg insert time: 0.495 ms
[Build] Inserted 22500/50000 points, avg insert time: 1.235 ms
[Build] Inserted 22600/50000 points, avg insert time: 0.657 ms
[Build] Inserted 22700/50000 points, avg insert time: 0.670 ms
[Build] Inserted 22800/50000 points, avg insert time: 0.914 ms
[Build] Inserted 22900/50000 points, avg insert time: 1.147 ms
[Build] Inserted 23000/50000 points, avg insert time: 0.806 ms
[Build] Inserted 23100/50000 points, avg insert time: 0.556 ms
[Build] Inserted 23200/50000 points, avg insert time: 0.888 ms
[Build] Inserted 23300/50000 points, avg insert time: 0.874 ms
[Build] Inserted 23400/50000 points, avg insert time: 1.549 ms
[Build] Inserted 23500/50000 points, avg insert time: 0.898 ms
[Build] Inserted 23600/50000 points, avg insert time: 0.840 ms
[Build] Inserted 23700/50000 points, avg insert time: 1.447 ms
[Build] Inserted 23800/50000 points, avg insert time: 0.772 ms
[Build] Inserted 23900/50000 points, avg insert time: 2.819 ms
[Build] Inserted 24000/50000 points, avg insert time: 0.571 ms
[Build] Inserted 24100/50000 points, avg insert time: 0.895 ms
[Build] Inserted 24200/50000 points, avg insert time: 0.827 ms
[Build] Inserted 24300/50000 points, avg insert time: 0.324 ms
[Build] Inserted 24400/50000 points, avg insert time: 0.725 ms
[Build] Inserted 24500/50000 points, avg insert time: 1.213 ms
[Build] Inserted 24600/50000 points, avg insert time: 1.146 ms
[Build] Inserted 24700/50000 points, avg insert time: 1.277 ms
[Build] Inserted 24800/50000 points, avg insert time: 1.011 ms
[Build] Inserted 24900/50000 points, avg insert time: 0.603 ms
[Build] Inserted 25000/50000 points, avg insert time: 1.174 ms
[Build] Inserted 25100/50000 points, avg insert time: 0.900 ms
[Build] Inserted 25200/50000 points, avg insert time: 1.478 ms
[Build] Inserted 25300/50000 points, avg insert time: 0.773 ms
[Build] Inserted 25400/50000 points, avg insert time: 0.779 ms
[Build] Inserted 25500/50000 points, avg insert time: 0.895 ms
[Build] Inserted 25600/50000 points, avg insert time: 1.124 ms
[Build] Inserted 25700/50000 points, avg insert time: 1.065 ms
[Build] Inserted 25800/50000 points, avg insert time: 1.052 ms
[Build] Inserted 25900/50000 points, avg insert time: 1.178 ms
[Build] Inserted 26000/50000 points, avg insert time: 1.061 ms
[Build] Inserted 26100/50000 points, avg insert time: 0.888 ms
[Build] Inserted 26200/50000 points, avg insert time: 0.912 ms
[Build] Inserted 26300/50000 points, avg insert time: 1.265 ms
[Build] Inserted 26400/50000 points, avg insert time: 0.630 ms
[Build] Inserted 26500/50000 points, avg insert time: 0.869 ms
[Build] Inserted 26600/50000 points, avg insert time: 1.188 ms
[Build] Inserted 26700/50000 points, avg insert time: 0.835 ms
[Build] Inserted 26800/50000 points, avg insert time: 0.833 ms
[Build] Inserted 26900/50000 points, avg insert time: 1.254 ms
[Build] Inserted 27000/50000 points, avg insert time: 0.994 ms
[Build] Inserted 27100/50000 points, avg insert time: 0.732 ms
[Build] Inserted 27200/50000 points, avg insert time: 0.837 ms
[Build] Inserted 27300/50000 points, avg insert time: 1.510 ms
[Build] Inserted 27400/50000 points, avg insert time: 1.169 ms
[Build] Inserted 27500/50000 points, avg insert time: 1.053 ms
[Build] Inserted 27600/50000 points, avg insert time: 1.169 ms
[Build] Inserted 27700/50000 points, avg insert time: 1.062 ms
[Build] Inserted 27800/50000 points, avg insert time: 1.214 ms
[Build] Inserted 27900/50000 points, avg insert time: 1.198 ms
[Build] Inserted 28000/50000 points, avg insert time: 0.990 ms
[Build] Inserted 28100/50000 points, avg insert time: 1.173 ms
[Build] Inserted 28200/50000 points, avg insert time: 0.741 ms
[Build] Inserted 28300/50000 points, avg insert time: 0.742 ms
[Build] Inserted 28400/50000 points, avg insert time: 0.442 ms
[Build] Inserted 28500/50000 points, avg insert time: 0.989 ms
[Build] Inserted 28600/50000 points, avg insert time: 1.088 ms
[Build] Inserted 28700/50000 points, avg insert time: 0.663 ms
[Build] Inserted 28800/50000 points, avg insert time: 0.982 ms
[Build] Inserted 28900/50000 points, avg insert time: 0.969 ms
[Build] Inserted 29000/50000 points, avg insert time: 1.447 ms
[Build] Inserted 29100/50000 points, avg insert time: 0.851 ms
[Build] Inserted 29200/50000 points, avg insert time: 0.750 ms
[Build] Inserted 29300/50000 points, avg insert time: 0.940 ms
[Build] Inserted 29400/50000 points, avg insert time: 0.644 ms
[Build] Inserted 29500/50000 points, avg insert time: 0.752 ms
[Build] Inserted 29600/50000 points, avg insert time: 0.945 ms
[Build] Inserted 29700/50000 points, avg insert time: 0.902 ms
[Build] Inserted 29800/50000 points, avg insert time: 0.987 ms
[Build] Inserted 29900/50000 points, avg insert time: 1.067 ms
[Build] Inserted 30000/50000 points, avg insert time: 1.263 ms
[Build] Inserted 30100/50000 points, avg insert time: 0.827 ms
[Build] Inserted 30200/50000 points, avg insert time: 1.075 ms
[Build] Inserted 30300/50000 points, avg insert time: 0.494 ms
[Build] Inserted 30400/50000 points, avg insert time: 0.988 ms
[Build] Inserted 30500/50000 points, avg insert time: 0.750 ms
[Build] Inserted 30600/50000 points, avg insert time: 1.312 ms
[Build] Inserted 30700/50000 points, avg insert time: 0.965 ms
[Build] Inserted 30800/50000 points, avg insert time: 0.982 ms
[Build] Inserted 30900/50000 points, avg insert time: 1.076 ms
[Build] Inserted 31000/50000 points, avg insert time: 0.974 ms
[Build] Inserted 31100/50000 points, avg insert time: 1.485 ms
[Build] Inserted 31200/50000 points, avg insert time: 0.762 ms
[Build] Inserted 31300/50000 points, avg insert time: 0.681 ms
[Build] Inserted 31400/50000 points, avg insert time: 0.689 ms
[Build] Inserted 31500/50000 points, avg insert time: 1.691 ms
[Build] Inserted 31600/50000 points, avg insert time: 0.932 ms
[Build] Inserted 31700/50000 points, avg insert time: 1.121 ms
[Build] Inserted 31800/50000 points, avg insert time: 0.912 ms
[Build] Inserted 31900/50000 points, avg insert time: 1.162 ms
[Build] Inserted 32000/50000 points, avg insert time: 0.765 ms
[Build] Inserted 32100/50000 points, avg insert time: 1.203 ms
[Build] Inserted 32200/50000 points, avg insert time: 0.686 ms
[Build] Inserted 32300/50000 points, avg insert time: 0.335 ms
[Build] Inserted 32400/50000 points, avg insert time: 1.528 ms
[Build] Inserted 32500/50000 points, avg insert time: 0.763 ms
[Build] Inserted 32600/50000 points, avg insert time: 0.836 ms
[Build] Inserted 32700/50000 points, avg insert time: 2.975 ms
[Build] Inserted 32800/50000 points, avg insert time: 0.956 ms
[Build] Inserted 32900/50000 points, avg insert time: 0.972 ms
[Build] Inserted 33000/50000 points, avg insert time: 1.381 ms
[Build] Inserted 33100/50000 points, avg insert time: 0.942 ms
[Build] Inserted 33200/50000 points, avg insert time: 0.767 ms
[Build] Inserted 33300/50000 points, avg insert time: 1.019 ms
[Build] Inserted 33400/50000 points, avg insert time: 0.410 ms
[Build] Inserted 33500/50000 points, avg insert time: 1.474 ms
[Build] Inserted 33600/50000 points, avg insert time: 1.776 ms
[Build] Inserted 33700/50000 points, avg insert time: 1.016 ms
[Build] Inserted 33800/50000 points, avg insert time: 1.172 ms
[Build] Inserted 33900/50000 points, avg insert time: 0.776 ms
[Build] Inserted 34000/50000 points, avg insert time: 0.711 ms
[Build] Inserted 34100/50000 points, avg insert time: 1.061 ms
[Build] Inserted 34200/50000 points, avg insert time: 5.730 ms
[Build] Inserted 34300/50000 points, avg insert time: 0.783 ms
[Build] Inserted 34400/50000 points, avg insert time: 1.051 ms
[Build] Inserted 34500/50000 points, avg insert time: 0.927 ms
[Build] Inserted 34600/50000 points, avg insert time: 1.144 ms
[Build] Inserted 34700/50000 points, avg insert time: 1.072 ms
[Build] Inserted 34800/50000 points, avg insert time: 1.386 ms
[Build] Inserted 34900/50000 points, avg insert time: 1.212 ms
[Build] Inserted 35000/50000 points, avg insert time: 0.828 ms
[Build] Inserted 35100/50000 points, avg insert time: 0.655 ms
[Build] Inserted 35200/50000 points, avg insert time: 0.495 ms
[Build] Inserted 35300/50000 points, avg insert time: 0.738 ms
[Build] Inserted 35400/50000 points, avg insert time: 0.855 ms
[Build] Inserted 35500/50000 points, avg insert time: 1.425 ms
[Build] Inserted 35600/50000 points, avg insert time: 1.242 ms
[Build] Inserted 35700/50000 points, avg insert time: 1.065 ms
[Build] Inserted 35800/50000 points, avg insert time: 1.437 ms
[Build] Inserted 35900/50000 points, avg insert time: 0.675 ms
[Build] Inserted 36000/50000 points, avg insert time: 0.591 ms
[Build] Inserted 36100/50000 points, avg insert time: 1.274 ms
[Build] Inserted 36200/50000 points, avg insert time: 1.046 ms
[Build] Inserted 36300/50000 points, avg insert time: 0.789 ms
[Build] Inserted 36400/50000 points, avg insert time: 0.953 ms
[Build] Inserted 36500/50000 points, avg insert time: 1.119 ms
[Build] Inserted 36600/50000 points, avg insert time: 1.653 ms
[Build] Inserted 36700/50000 points, avg insert time: 0.940 ms
[Build] Inserted 36800/50000 points, avg insert time: 0.724 ms
[Build] Inserted 36900/50000 points, avg insert time: 0.642 ms
[Build] Inserted 37000/50000 points, avg insert time: 1.021 ms
[Build] Inserted 37100/50000 points, avg insert time: 1.346 ms
[Build] Inserted 37200/50000 points, avg insert time: 1.218 ms
[Build] Inserted 37300/50000 points, avg insert time: 0.750 ms
[Build] Inserted 37400/50000 points, avg insert time: 0.929 ms
[Build] Inserted 37500/50000 points, avg insert time: 1.489 ms
[Build] Inserted 37600/50000 points, avg insert time: 0.983 ms
[Build] Inserted 37700/50000 points, avg insert time: 0.977 ms
[Build] Inserted 37800/50000 points, avg insert time: 1.233 ms
[Build] Inserted 37900/50000 points, avg insert time: 0.329 ms
[Build] Inserted 38000/50000 points, avg insert time: 1.063 ms
[Build] Inserted 38100/50000 points, avg insert time: 0.752 ms
[Build] Inserted 38200/50000 points, avg insert time: 1.684 ms
[Build] Inserted 38300/50000 points, avg insert time: 0.842 ms
[Build] Inserted 38400/50000 points, avg insert time: 0.503 ms
[Build] Inserted 38500/50000 points, avg insert time: 1.469 ms
[Build] Inserted 38600/50000 points, avg insert time: 1.285 ms
[Build] Inserted 38700/50000 points, avg insert time: 0.737 ms
[Build] Inserted 38800/50000 points, avg insert time: 1.435 ms
[Build] Inserted 38900/50000 points, avg insert time: 0.719 ms
[Build] Inserted 39000/50000 points, avg insert time: 0.892 ms
[Build] Inserted 39100/50000 points, avg insert time: 0.761 ms
[Build] Inserted 39200/50000 points, avg insert time: 0.901 ms
[Build] Inserted 39300/50000 points, avg insert time: 0.892 ms
[Build] Inserted 39400/50000 points, avg insert time: 1.240 ms
[Build] Inserted 39500/50000 points, avg insert time: 1.020 ms
[Build] Inserted 39600/50000 points, avg insert time: 0.673 ms
[Build] Inserted 39700/50000 points, avg insert time: 0.855 ms
[Build] Inserted 39800/50000 points, avg insert time: 0.609 ms
[Build] Inserted 39900/50000 points, avg insert time: 1.298 ms
[Build] Inserted 40000/50000 points, avg insert time: 1.187 ms
[Build] Inserted 40100/50000 points, avg insert time: 0.733 ms
[Build] Inserted 40200/50000 points, avg insert time: 0.750 ms
[Build] Inserted 40300/50000 points, avg insert time: 2.229 ms
[Build] Inserted 40400/50000 points, avg insert time: 0.976 ms
[Build] Inserted 40500/50000 points, avg insert time: 1.073 ms
[Build] Inserted 40600/50000 points, avg insert time: 1.680 ms
[Build] Inserted 40700/50000 points, avg insert time: 1.085 ms
[Build] Inserted 40800/50000 points, avg insert time: 1.305 ms
[Build] Inserted 40900/50000 points, avg insert time: 1.264 ms
[Build] Inserted 41000/50000 points, avg insert time: 1.437 ms
[Build] Inserted 41100/50000 points, avg insert time: 1.389 ms
[Build] Inserted 41200/50000 points, avg insert time: 1.406 ms
[Build] Inserted 41300/50000 points, avg insert time: 1.576 ms
[Build] Inserted 41400/50000 points, avg insert time: 1.215 ms
[Build] Inserted 41500/50000 points, avg insert time: 1.486 ms
[Build] Inserted 41600/50000 points, avg insert time: 1.317 ms
[Build] Inserted 41700/50000 points, avg insert time: 1.361 ms
[Build] Inserted 41800/50000 points, avg insert time: 0.721 ms
[Build] Inserted 41900/50000 points, avg insert time: 1.035 ms
[Build] Inserted 42000/50000 points, avg insert time: 0.794 ms
[Build] Inserted 42100/50000 points, avg insert time: 0.639 ms
[Build] Inserted 42200/50000 points, avg insert time: 1.103 ms
[Build] Inserted 42300/50000 points, avg insert time: 0.853 ms
[Build] Inserted 42400/50000 points, avg insert time: 0.613 ms
[Build] Inserted 42500/50000 points, avg insert time: 0.769 ms
[Build] Inserted 42600/50000 points, avg insert time: 1.889 ms
[Build] Inserted 42700/50000 points, avg insert time: 0.892 ms
[Build] Inserted 42800/50000 points, avg insert time: 1.056 ms
[Build] Inserted 42900/50000 points, avg insert time: 0.844 ms
[Build] Inserted 43000/50000 points, avg insert time: 0.717 ms
[Build] Inserted 43100/50000 points, avg insert time: 0.780 ms
[Build] Inserted 43200/50000 points, avg insert time: 0.780 ms
[Build] Inserted 43300/50000 points, avg insert time: 0.551 ms
[Build] Inserted 43400/50000 points, avg insert time: 0.712 ms
[Build] Inserted 43500/50000 points, avg insert time: 0.874 ms
[Build] Inserted 43600/50000 points, avg insert time: 0.953 ms
[Build] Inserted 43700/50000 points, avg insert time: 0.713 ms
[Build] Inserted 43800/50000 points, avg insert time: 1.111 ms
[Build] Inserted 43900/50000 points, avg insert time: 1.582 ms
[Build] Inserted 44000/50000 points, avg insert time: 1.028 ms
[Build] Inserted 44100/50000 points, avg insert time: 1.036 ms
[Build] Inserted 44200/50000 points, avg insert time: 0.638 ms
[Build] Inserted 44300/50000 points, avg insert time: 1.260 ms
[Build] Inserted 44400/50000 points, avg insert time: 0.860 ms
[Build] Inserted 44500/50000 points, avg insert time: 3.818 ms
[Build] Inserted 44600/50000 points, avg insert time: 0.710 ms
[Build] Inserted 44700/50000 points, avg insert time: 1.193 ms
[Build] Inserted 44800/50000 points, avg insert time: 0.954 ms
[Build] Inserted 44900/50000 points, avg insert time: 0.387 ms
[Build] Inserted 45000/50000 points, avg insert time: 1.011 ms
[Build] Inserted 45100/50000 points, avg insert time: 0.938 ms
[Build] Inserted 45200/50000 points, avg insert time: 0.950 ms
[Build] Inserted 45300/50000 points, avg insert time: 1.039 ms
[Build] Inserted 45400/50000 points, avg insert time: 0.897 ms
[Build] Inserted 45500/50000 points, avg insert time: 1.210 ms
[Build] Inserted 45600/50000 points, avg insert time: 1.006 ms
[Build] Inserted 45700/50000 points, avg insert time: 1.036 ms
[Build] Inserted 45800/50000 points, avg insert time: 0.735 ms
[Build] Inserted 45900/50000 points, avg insert time: 1.081 ms
[Build] Inserted 46000/50000 points, avg insert time: 0.448 ms
[Build] Inserted 46100/50000 points, avg insert time: 1.182 ms
[Build] Inserted 46200/50000 points, avg insert time: 0.688 ms
[Build] Inserted 46300/50000 points, avg insert time: 0.871 ms
[Build] Inserted 46400/50000 points, avg insert time: 1.020 ms
[Build] Inserted 46500/50000 points, avg insert time: 1.218 ms
[Build] Inserted 46600/50000 points, avg insert time: 1.506 ms
[Build] Inserted 46700/50000 points, avg insert time: 1.410 ms
[Build] Inserted 46800/50000 points, avg insert time: 0.894 ms
[Build] Inserted 46900/50000 points, avg insert time: 0.877 ms
[Build] Inserted 47000/50000 points, avg insert time: 0.919 ms
[Build] Inserted 47100/50000 points, avg insert time: 0.892 ms
[Build] Inserted 47200/50000 points, avg insert time: 0.945 ms
[Build] Inserted 47300/50000 points, avg insert time: 0.782 ms
[Build] Inserted 47400/50000 points, avg insert time: 1.001 ms
[Build] Inserted 47500/50000 points, avg insert time: 1.182 ms
[Build] Inserted 47600/50000 points, avg insert time: 1.379 ms
[Build] Inserted 47700/50000 points, avg insert time: 1.067 ms
[Build] Inserted 47800/50000 points, avg insert time: 0.886 ms
[Build] Inserted 47900/50000 points, avg insert time: 1.617 ms
[Build] Inserted 48000/50000 points, avg insert time: 0.790 ms
[Build] Inserted 48100/50000 points, avg insert time: 0.935 ms
[Build] Inserted 48200/50000 points, avg insert time: 1.395 ms
[Build] Inserted 48300/50000 points, avg insert time: 1.098 ms
[Build] Inserted 48400/50000 points, avg insert time: 0.807 ms
[Build] Inserted 48500/50000 points, avg insert time: 0.908 ms
[Build] Inserted 48600/50000 points, avg insert time: 0.973 ms
[Build] Inserted 48700/50000 points, avg insert time: 1.086 ms
[Build] Inserted 48800/50000 points, avg insert time: 0.888 ms
[Build] Inserted 48900/50000 points, avg insert time: 1.270 ms
[Build] Inserted 49000/50000 points, avg insert time: 0.865 ms
[Build] Inserted 49100/50000 points, avg insert time: 1.484 ms
[Build] Inserted 49200/50000 points, avg insert time: 0.752 ms
[Build] Inserted 49300/50000 points, avg insert time: 1.144 ms
[Build] Inserted 49400/50000 points, avg insert time: 1.551 ms
[Build] Inserted 49500/50000 points, avg insert time: 1.418 ms
[Build] Inserted 49600/50000 points, avg insert time: 1.413 ms
[Build] Inserted 49700/50000 points, avg insert time: 1.255 ms
[Build] Inserted 49800/50000 points, avg insert time: 1.432 ms
[Build] Inserted 49900/50000 points, avg insert time: 1.361 ms
[Build] Inserted 50000/50000 points, avg insert time: 1.202 ms
[Build] Starting queries...
[Query] Processed 100/5000 queries, avg query time: 23.282 ms
[Query] Processed 200/5000 queries, avg query time: 23.987 ms
[Query] Processed 300/5000 queries, avg query time: 24.281 ms
[Query] Processed 400/5000 queries, avg query time: 24.819 ms
[Query] Processed 500/5000 queries, avg query time: 25.311 ms
[Query] Processed 600/5000 queries, avg query time: 24.736 ms
[Query] Processed 700/5000 queries, avg query time: 25.338 ms
[Query] Processed 800/5000 queries, avg query time: 25.049 ms
[Query] Processed 900/5000 queries, avg query time: 25.240 ms
[Query] Processed 1000/5000 queries, avg query time: 25.278 ms
[Query] Processed 1100/5000 queries, avg query time: 24.965 ms
[Query] Processed 1200/5000 queries, avg query time: 24.939 ms
[Query] Processed 1300/5000 queries, avg query time: 24.764 ms
[Query] Processed 1400/5000 queries, avg query time: 24.873 ms
[Query] Processed 1500/5000 queries, avg query time: 24.727 ms
[Query] Processed 1600/5000 queries, avg query time: 24.791 ms
[Query] Processed 1700/5000 queries, avg query time: 25.019 ms
[Query] Processed 1800/5000 queries, avg query time: 24.841 ms
[Query] Processed 1900/5000 queries, avg query time: 24.803 ms
[Query] Processed 2000/5000 queries, avg query time: 24.942 ms
[Query] Processed 2100/5000 queries, avg query time: 24.869 ms
[Query] Processed 2200/5000 queries, avg query time: 25.027 ms
[Query] Processed 2300/5000 queries, avg query time: 25.142 ms
[Query] Processed 2400/5000 queries, avg query time: 25.350 ms
[Query] Processed 2500/5000 queries, avg query time: 25.286 ms
[Query] Processed 2600/5000 queries, avg query time: 25.164 ms
[Query] Processed 2700/5000 queries, avg query time: 25.103 ms
[Query] Processed 2800/5000 queries, avg query time: 25.050 ms
[Query] Processed 2900/5000 queries, avg query time: 25.008 ms
[Query] Processed 3000/5000 queries, avg query time: 24.996 ms
[Query] Processed 3100/5000 queries, avg query time: 25.063 ms
[Query] Processed 3200/5000 queries, avg query time: 25.137 ms
[Query] Processed 3300/5000 queries, avg query time: 25.229 ms
[Query] Processed 3400/5000 queries, avg query time: 25.297 ms
[Query] Processed 3500/5000 queries, avg query time: 25.399 ms
[Query] Processed 3600/5000 queries, avg query time: 25.361 ms
[Query] Processed 3700/5000 queries, avg query time: 25.362 ms
[Query] Processed 3800/5000 queries, avg query time: 25.452 ms
[Query] Processed 3900/5000 queries, avg query time: 25.669 ms
[Query] Processed 4000/5000 queries, avg query time: 25.629 ms
[Query] Processed 4100/5000 queries, avg query time: 25.749 ms
[Query] Processed 4200/5000 queries, avg query time: 25.667 ms
[Query] Processed 4300/5000 queries, avg query time: 25.662 ms
[Query] Processed 4400/5000 queries, avg query time: 25.685 ms
[Query] Processed 4500/5000 queries, avg query time: 25.745 ms
[Query] Processed 4600/5000 queries, avg query time: 25.807 ms
[Query] Processed 4700/5000 queries, avg query time: 25.774 ms
[Query] Processed 4800/5000 queries, avg query time: 25.674 ms
[Query] Processed 4900/5000 queries, avg query time: 25.619 ms
[Query] Processed 5000/5000 queries, avg query time: 25.565 ms
[Sanity Check] Total Relevant =  3722
[Result] Memory breakdown (MB): {'hash_functions_MB': 7.9157257080078125, 'bucket_ids_MB': 15.299324035644531, 'num_ids': 4010626, 'num_buckets': 1959819, 'hash_tables_overhead_MB': 164.47455596923828, 'total_MB': 187.68960571289062}
[Result] Epsilon-recall: 0.9974
[Result] (c,r)-ANN accuracy: 1.0000
[SUMMARY] r=0.5, eps=0.6, eta=0.2, recall=0.9974, (c,r)-ANN accuracy=1.0, memory=187.68960571289062
