[Init] Inputs : eta=0.20, epsilon=0.10, r=0.50
[Init] LSH Parameters : w=1.330, p1=0.7010, p2=0.6722, rho=0.8945
[Init] Data Structure Parameters : k=28, L=22773, key_bits=896, mode=speed
[Build] Starting insertion...
[Build] Inserted 100/50000 points, avg insert time: 50.184 ms
[Build] Inserted 200/50000 points, avg insert time: 45.388 ms
[Build] Inserted 300/50000 points, avg insert time: 54.382 ms
[Build] Inserted 400/50000 points, avg insert time: 42.884 ms
[Build] Inserted 500/50000 points, avg insert time: 36.879 ms
[Build] Inserted 600/50000 points, avg insert time: 37.565 ms
[Build] Inserted 700/50000 points, avg insert time: 68.547 ms
[Build] Inserted 800/50000 points, avg insert time: 64.711 ms
[Build] Inserted 900/50000 points, avg insert time: 21.380 ms
[Build] Inserted 1000/50000 points, avg insert time: 58.534 ms
[Build] Inserted 1100/50000 points, avg insert time: 16.994 ms
[Build] Inserted 1200/50000 points, avg insert time: 41.837 ms
[Build] Inserted 1300/50000 points, avg insert time: 57.879 ms
[Build] Inserted 1400/50000 points, avg insert time: 33.273 ms
[Build] Inserted 1500/50000 points, avg insert time: 38.661 ms
[Build] Inserted 1600/50000 points, avg insert time: 40.208 ms
[Build] Inserted 1700/50000 points, avg insert time: 48.896 ms
[Build] Inserted 1800/50000 points, avg insert time: 49.862 ms
[Build] Inserted 1900/50000 points, avg insert time: 29.669 ms
[Build] Inserted 2000/50000 points, avg insert time: 27.715 ms
[Build] Inserted 2100/50000 points, avg insert time: 59.485 ms
[Build] Inserted 2200/50000 points, avg insert time: 66.721 ms
[Build] Inserted 2300/50000 points, avg insert time: 28.225 ms
[Build] Inserted 2400/50000 points, avg insert time: 29.023 ms
[Build] Inserted 2500/50000 points, avg insert time: 10.874 ms
[Build] Inserted 2600/50000 points, avg insert time: 46.653 ms
[Build] Inserted 2700/50000 points, avg insert time: 44.610 ms
[Build] Inserted 2800/50000 points, avg insert time: 60.096 ms
[Build] Inserted 2900/50000 points, avg insert time: 125.483 ms
[Build] Inserted 3000/50000 points, avg insert time: 117.731 ms
[Build] Inserted 3100/50000 points, avg insert time: 23.845 ms
[Build] Inserted 3200/50000 points, avg insert time: 79.879 ms
[Build] Inserted 3300/50000 points, avg insert time: 19.080 ms
[Build] Inserted 3400/50000 points, avg insert time: 4265.932 ms
[Build] Inserted 3500/50000 points, avg insert time: 301.007 ms
[Build] Inserted 3600/50000 points, avg insert time: 107.210 ms
[Build] Inserted 3700/50000 points, avg insert time: 88.308 ms
[Build] Inserted 3800/50000 points, avg insert time: 66.242 ms
[Build] Inserted 3900/50000 points, avg insert time: 238.498 ms
[Build] Inserted 4000/50000 points, avg insert time: 315.674 ms
[Build] Inserted 4100/50000 points, avg insert time: 63.479 ms
[Build] Inserted 4200/50000 points, avg insert time: 7220.739 ms
[Build] Inserted 4300/50000 points, avg insert time: 217.290 ms
[Build] Inserted 4400/50000 points, avg insert time: 55.128 ms
[Build] Inserted 4500/50000 points, avg insert time: 86.309 ms
[Build] Inserted 4600/50000 points, avg insert time: 33.527 ms
[Build] Inserted 4700/50000 points, avg insert time: 75.221 ms
[Build] Inserted 4800/50000 points, avg insert time: 194.255 ms
[Build] Inserted 4900/50000 points, avg insert time: 175.632 ms
[Build] Inserted 5000/50000 points, avg insert time: 197.032 ms
[Build] Inserted 5100/50000 points, avg insert time: 49.914 ms
[Build] Inserted 5200/50000 points, avg insert time: 38.333 ms
[Build] Inserted 5300/50000 points, avg insert time: 8815.629 ms
[Build] Inserted 5400/50000 points, avg insert time: 143.606 ms
[Build] Inserted 5500/50000 points, avg insert time: 69.242 ms
[Build] Inserted 5600/50000 points, avg insert time: 68.795 ms
[Build] Inserted 5700/50000 points, avg insert time: 90.870 ms
[Build] Inserted 5800/50000 points, avg insert time: 157.756 ms
[Build] Inserted 5900/50000 points, avg insert time: 308.425 ms
[Build] Inserted 6000/50000 points, avg insert time: 78.043 ms
[Build] Inserted 6100/50000 points, avg insert time: 79.998 ms
[Build] Inserted 6200/50000 points, avg insert time: 182.738 ms
[Build] Inserted 6300/50000 points, avg insert time: 338.993 ms
[Build] Inserted 6400/50000 points, avg insert time: 117.480 ms
[Build] Inserted 6500/50000 points, avg insert time: 68.878 ms
[Build] Inserted 6600/50000 points, avg insert time: 12252.175 ms
[Build] Inserted 6700/50000 points, avg insert time: 190.038 ms
[Build] Inserted 6800/50000 points, avg insert time: 266.256 ms
[Build] Inserted 6900/50000 points, avg insert time: 349.347 ms
[Build] Inserted 7000/50000 points, avg insert time: 85.099 ms
[Build] Inserted 7100/50000 points, avg insert time: 106.307 ms
[Build] Inserted 7200/50000 points, avg insert time: 110.478 ms
[Build] Inserted 7300/50000 points, avg insert time: 268.009 ms
[Build] Inserted 7400/50000 points, avg insert time: 304.130 ms
[Build] Inserted 7500/50000 points, avg insert time: 114.326 ms
[Build] Inserted 7600/50000 points, avg insert time: 102.363 ms
[Build] Inserted 7700/50000 points, avg insert time: 207.843 ms
[Build] Inserted 7800/50000 points, avg insert time: 235.252 ms
[Build] Inserted 7900/50000 points, avg insert time: 431.495 ms
[Build] Inserted 8000/50000 points, avg insert time: 76.127 ms
[Build] Inserted 8100/50000 points, avg insert time: 18072.347 ms
[Build] Inserted 8200/50000 points, avg insert time: 680.994 ms
[Build] Inserted 8300/50000 points, avg insert time: 85.822 ms
[Build] Inserted 8400/50000 points, avg insert time: 68.051 ms
[Build] Inserted 8500/50000 points, avg insert time: 109.659 ms
[Build] Inserted 8600/50000 points, avg insert time: 450.353 ms
[Build] Inserted 8700/50000 points, avg insert time: 242.928 ms
[Build] Inserted 8800/50000 points, avg insert time: 66.455 ms
[Build] Inserted 8900/50000 points, avg insert time: 696.967 ms
[Build] Inserted 9000/50000 points, avg insert time: 115.617 ms
[Build] Inserted 9100/50000 points, avg insert time: 84.286 ms
[Build] Inserted 9200/50000 points, avg insert time: 227.910 ms
[Build] Inserted 9300/50000 points, avg insert time: 362.655 ms
[Build] Inserted 9400/50000 points, avg insert time: 202.216 ms
[Build] Inserted 9500/50000 points, avg insert time: 179.776 ms
[Build] Inserted 9600/50000 points, avg insert time: 441.158 ms
[Build] Inserted 9700/50000 points, avg insert time: 1197.177 ms
[Build] Inserted 9800/50000 points, avg insert time: 77.168 ms
[Build] Inserted 9900/50000 points, avg insert time: 59.406 ms
[Build] Inserted 10000/50000 points, avg insert time: 101.818 ms
[Build] Inserted 10100/50000 points, avg insert time: 90.090 ms
[Build] Inserted 10200/50000 points, avg insert time: 124.352 ms
