[Init] Inputs : eta=0.30, epsilon=0.60, r=0.50
[Init] LSH Parameters : w=1.638, p1=0.7566, p2=0.6177, rho=0.5790
[Init] Data Structure Parameters : k=23, L=694, key_bits=736, mode=speed
[Build] Starting insertion...
[Build] Inserted 100/50000 points, avg insert time: 0.305 ms
[Build] Inserted 200/50000 points, avg insert time: 0.607 ms
[Build] Inserted 300/50000 points, avg insert time: 0.224 ms
[Build] Inserted 400/50000 points, avg insert time: 0.575 ms
[Build] Inserted 500/50000 points, avg insert time: 0.231 ms
[Build] Inserted 600/50000 points, avg insert time: 0.076 ms
[Build] Inserted 700/50000 points, avg insert time: 0.001 ms
[Build] Inserted 800/50000 points, avg insert time: 0.161 ms
[Build] Inserted 900/50000 points, avg insert time: 0.316 ms
[Build] Inserted 1000/50000 points, avg insert time: 0.078 ms
[Build] Inserted 1100/50000 points, avg insert time: 0.318 ms
[Build] Inserted 1200/50000 points, avg insert time: 0.152 ms
[Build] Inserted 1300/50000 points, avg insert time: 0.529 ms
[Build] Inserted 1400/50000 points, avg insert time: 0.787 ms
[Build] Inserted 1500/50000 points, avg insert time: 0.474 ms
[Build] Inserted 1600/50000 points, avg insert time: 0.233 ms
[Build] Inserted 1700/50000 points, avg insert time: 0.233 ms
[Build] Inserted 1800/50000 points, avg insert time: 0.228 ms
[Build] Inserted 1900/50000 points, avg insert time: 0.460 ms
[Build] Inserted 2000/50000 points, avg insert time: 0.240 ms
[Build] Inserted 2100/50000 points, avg insert time: 0.227 ms
[Build] Inserted 2200/50000 points, avg insert time: 0.503 ms
[Build] Inserted 2300/50000 points, avg insert time: 0.001 ms
[Build] Inserted 2400/50000 points, avg insert time: 0.475 ms
[Build] Inserted 2500/50000 points, avg insert time: 0.341 ms
[Build] Inserted 2600/50000 points, avg insert time: 0.331 ms
[Build] Inserted 2700/50000 points, avg insert time: 0.477 ms
[Build] Inserted 2800/50000 points, avg insert time: 0.311 ms
[Build] Inserted 2900/50000 points, avg insert time: 0.311 ms
[Build] Inserted 3000/50000 points, avg insert time: 0.230 ms
[Build] Inserted 3100/50000 points, avg insert time: 0.308 ms
[Build] Inserted 3200/50000 points, avg insert time: 0.389 ms
[Build] Inserted 3300/50000 points, avg insert time: 0.319 ms
[Build] Inserted 3400/50000 points, avg insert time: 0.239 ms
[Build] Inserted 3500/50000 points, avg insert time: 0.400 ms
[Build] Inserted 3600/50000 points, avg insert time: 0.405 ms
[Build] Inserted 3700/50000 points, avg insert time: 0.321 ms
[Build] Inserted 3800/50000 points, avg insert time: 0.464 ms
[Build] Inserted 3900/50000 points, avg insert time: 0.318 ms
[Build] Inserted 4000/50000 points, avg insert time: 0.407 ms
[Build] Inserted 4100/50000 points, avg insert time: 0.316 ms
[Build] Inserted 4200/50000 points, avg insert time: 0.917 ms
[Build] Inserted 4300/50000 points, avg insert time: 0.394 ms
[Build] Inserted 4400/50000 points, avg insert time: 0.239 ms
[Build] Inserted 4500/50000 points, avg insert time: 0.570 ms
[Build] Inserted 4600/50000 points, avg insert time: 0.421 ms
[Build] Inserted 4700/50000 points, avg insert time: 0.560 ms
[Build] Inserted 4800/50000 points, avg insert time: 0.259 ms
[Build] Inserted 4900/50000 points, avg insert time: 0.159 ms
[Build] Inserted 5000/50000 points, avg insert time: 0.460 ms
[Build] Inserted 5100/50000 points, avg insert time: 0.591 ms
[Build] Inserted 5200/50000 points, avg insert time: 5.164 ms
[Build] Inserted 5300/50000 points, avg insert time: 0.325 ms
[Build] Inserted 5400/50000 points, avg insert time: 0.287 ms
[Build] Inserted 5500/50000 points, avg insert time: 0.086 ms
[Build] Inserted 5600/50000 points, avg insert time: 0.389 ms
[Build] Inserted 5700/50000 points, avg insert time: 0.256 ms
[Build] Inserted 5800/50000 points, avg insert time: 0.096 ms
[Build] Inserted 5900/50000 points, avg insert time: 0.284 ms
[Build] Inserted 6000/50000 points, avg insert time: 0.690 ms
[Build] Inserted 6100/50000 points, avg insert time: 0.333 ms
[Build] Inserted 6200/50000 points, avg insert time: 0.168 ms
[Build] Inserted 6300/50000 points, avg insert time: 0.091 ms
[Build] Inserted 6400/50000 points, avg insert time: 0.527 ms
[Build] Inserted 6500/50000 points, avg insert time: 0.443 ms
[Build] Inserted 6600/50000 points, avg insert time: 0.001 ms
[Build] Inserted 6700/50000 points, avg insert time: 0.250 ms
[Build] Inserted 6800/50000 points, avg insert time: 0.351 ms
[Build] Inserted 6900/50000 points, avg insert time: 0.168 ms
[Build] Inserted 7000/50000 points, avg insert time: 0.429 ms
[Build] Inserted 7100/50000 points, avg insert time: 0.090 ms
[Build] Inserted 7200/50000 points, avg insert time: 0.001 ms
[Build] Inserted 7300/50000 points, avg insert time: 0.269 ms
[Build] Inserted 7400/50000 points, avg insert time: 0.165 ms
[Build] Inserted 7500/50000 points, avg insert time: 0.487 ms
[Build] Inserted 7600/50000 points, avg insert time: 0.166 ms
[Build] Inserted 7700/50000 points, avg insert time: 0.166 ms
[Build] Inserted 7800/50000 points, avg insert time: 0.165 ms
[Build] Inserted 7900/50000 points, avg insert time: 0.478 ms
[Build] Inserted 8000/50000 points, avg insert time: 0.241 ms
[Build] Inserted 8100/50000 points, avg insert time: 0.081 ms
[Build] Inserted 8200/50000 points, avg insert time: 0.548 ms
[Build] Inserted 8300/50000 points, avg insert time: 0.411 ms
[Build] Inserted 8400/50000 points, avg insert time: 0.001 ms
[Build] Inserted 8500/50000 points, avg insert time: 0.506 ms
[Build] Inserted 8600/50000 points, avg insert time: 0.481 ms
[Build] Inserted 8700/50000 points, avg insert time: 0.239 ms
[Build] Inserted 8800/50000 points, avg insert time: 0.182 ms
[Build] Inserted 8900/50000 points, avg insert time: 1.251 ms
[Build] Inserted 9000/50000 points, avg insert time: 0.516 ms
[Build] Inserted 9100/50000 points, avg insert time: 0.172 ms
[Build] Inserted 9200/50000 points, avg insert time: 0.506 ms
[Build] Inserted 9300/50000 points, avg insert time: 0.264 ms
[Build] Inserted 9400/50000 points, avg insert time: 0.327 ms
[Build] Inserted 9500/50000 points, avg insert time: 0.350 ms
[Build] Inserted 9600/50000 points, avg insert time: 0.165 ms
[Build] Inserted 9700/50000 points, avg insert time: 0.548 ms
[Build] Inserted 9800/50000 points, avg insert time: 0.531 ms
[Build] Inserted 9900/50000 points, avg insert time: 0.453 ms
[Build] Inserted 10000/50000 points, avg insert time: 0.421 ms
[Build] Inserted 10100/50000 points, avg insert time: 0.416 ms
[Build] Inserted 10200/50000 points, avg insert time: 0.332 ms
[Build] Inserted 10300/50000 points, avg insert time: 0.160 ms
[Build] Inserted 10400/50000 points, avg insert time: 0.160 ms
[Build] Inserted 10500/50000 points, avg insert time: 0.244 ms
[Build] Inserted 10600/50000 points, avg insert time: 0.247 ms
[Build] Inserted 10700/50000 points, avg insert time: 0.402 ms
[Build] Inserted 10800/50000 points, avg insert time: 0.400 ms
[Build] Inserted 10900/50000 points, avg insert time: 0.554 ms
[Build] Inserted 11000/50000 points, avg insert time: 0.172 ms
[Build] Inserted 11100/50000 points, avg insert time: 0.480 ms
[Build] Inserted 11200/50000 points, avg insert time: 0.166 ms
[Build] Inserted 11300/50000 points, avg insert time: 0.324 ms
[Build] Inserted 11400/50000 points, avg insert time: 0.412 ms
[Build] Inserted 11500/50000 points, avg insert time: 0.164 ms
[Build] Inserted 11600/50000 points, avg insert time: 0.245 ms
[Build] Inserted 11700/50000 points, avg insert time: 0.081 ms
[Build] Inserted 11800/50000 points, avg insert time: 0.328 ms
[Build] Inserted 11900/50000 points, avg insert time: 0.244 ms
[Build] Inserted 12000/50000 points, avg insert time: 0.246 ms
[Build] Inserted 12100/50000 points, avg insert time: 0.575 ms
[Build] Inserted 12200/50000 points, avg insert time: 0.490 ms
[Build] Inserted 12300/50000 points, avg insert time: 0.082 ms
[Build] Inserted 12400/50000 points, avg insert time: 0.489 ms
[Build] Inserted 12500/50000 points, avg insert time: 0.161 ms
[Build] Inserted 12600/50000 points, avg insert time: 0.239 ms
[Build] Inserted 12700/50000 points, avg insert time: 0.483 ms
[Build] Inserted 12800/50000 points, avg insert time: 0.573 ms
[Build] Inserted 12900/50000 points, avg insert time: 0.245 ms
[Build] Inserted 13000/50000 points, avg insert time: 0.090 ms
[Build] Inserted 13100/50000 points, avg insert time: 0.327 ms
[Build] Inserted 13200/50000 points, avg insert time: 0.165 ms
[Build] Inserted 13300/50000 points, avg insert time: 0.408 ms
[Build] Inserted 13400/50000 points, avg insert time: 0.178 ms
[Build] Inserted 13500/50000 points, avg insert time: 0.164 ms
[Build] Inserted 13600/50000 points, avg insert time: 0.742 ms
[Build] Inserted 13700/50000 points, avg insert time: 0.395 ms
[Build] Inserted 13800/50000 points, avg insert time: 0.237 ms
[Build] Inserted 13900/50000 points, avg insert time: 1.553 ms
[Build] Inserted 14000/50000 points, avg insert time: 0.667 ms
[Build] Inserted 14100/50000 points, avg insert time: 0.254 ms
[Build] Inserted 14200/50000 points, avg insert time: 0.087 ms
[Build] Inserted 14300/50000 points, avg insert time: 0.092 ms
[Build] Inserted 14400/50000 points, avg insert time: 0.245 ms
[Build] Inserted 14500/50000 points, avg insert time: 0.425 ms
[Build] Inserted 14600/50000 points, avg insert time: 0.245 ms
[Build] Inserted 14700/50000 points, avg insert time: 0.284 ms
[Build] Inserted 14800/50000 points, avg insert time: 0.254 ms
[Build] Inserted 14900/50000 points, avg insert time: 0.241 ms
[Build] Inserted 15000/50000 points, avg insert time: 0.249 ms
[Build] Inserted 15100/50000 points, avg insert time: 0.400 ms
[Build] Inserted 15200/50000 points, avg insert time: 0.714 ms
[Build] Inserted 15300/50000 points, avg insert time: 0.324 ms
[Build] Inserted 15400/50000 points, avg insert time: 0.237 ms
[Build] Inserted 15500/50000 points, avg insert time: 0.407 ms
[Build] Inserted 15600/50000 points, avg insert time: 0.329 ms
[Build] Inserted 15700/50000 points, avg insert time: 0.082 ms
[Build] Inserted 15800/50000 points, avg insert time: 0.583 ms
[Build] Inserted 15900/50000 points, avg insert time: 0.328 ms
[Build] Inserted 16000/50000 points, avg insert time: 0.481 ms
[Build] Inserted 16100/50000 points, avg insert time: 0.170 ms
[Build] Inserted 16200/50000 points, avg insert time: 0.404 ms
[Build] Inserted 16300/50000 points, avg insert time: 0.081 ms
[Build] Inserted 16400/50000 points, avg insert time: 0.159 ms
[Build] Inserted 16500/50000 points, avg insert time: 0.001 ms
[Build] Inserted 16600/50000 points, avg insert time: 0.159 ms
[Build] Inserted 16700/50000 points, avg insert time: 0.317 ms
[Build] Inserted 16800/50000 points, avg insert time: 0.428 ms
[Build] Inserted 16900/50000 points, avg insert time: 0.174 ms
[Build] Inserted 17000/50000 points, avg insert time: 0.163 ms
[Build] Inserted 17100/50000 points, avg insert time: 0.334 ms
[Build] Inserted 17200/50000 points, avg insert time: 0.578 ms
[Build] Inserted 17300/50000 points, avg insert time: 0.487 ms
[Build] Inserted 17400/50000 points, avg insert time: 0.402 ms
[Build] Inserted 17500/50000 points, avg insert time: 0.242 ms
[Build] Inserted 17600/50000 points, avg insert time: 0.241 ms
[Build] Inserted 17700/50000 points, avg insert time: 0.482 ms
[Build] Inserted 17800/50000 points, avg insert time: 0.163 ms
[Build] Inserted 17900/50000 points, avg insert time: 0.408 ms
[Build] Inserted 18000/50000 points, avg insert time: 0.333 ms
[Build] Inserted 18100/50000 points, avg insert time: 0.496 ms
[Build] Inserted 18200/50000 points, avg insert time: 0.242 ms
[Build] Inserted 18300/50000 points, avg insert time: 0.404 ms
[Build] Inserted 18400/50000 points, avg insert time: 0.327 ms
[Build] Inserted 18500/50000 points, avg insert time: 0.408 ms
[Build] Inserted 18600/50000 points, avg insert time: 0.001 ms
[Build] Inserted 18700/50000 points, avg insert time: 0.565 ms
[Build] Inserted 18800/50000 points, avg insert time: 0.317 ms
[Build] Inserted 18900/50000 points, avg insert time: 0.319 ms
[Build] Inserted 19000/50000 points, avg insert time: 0.245 ms
[Build] Inserted 19100/50000 points, avg insert time: 0.734 ms
[Build] Inserted 19200/50000 points, avg insert time: 0.400 ms
[Build] Inserted 19300/50000 points, avg insert time: 0.576 ms
[Build] Inserted 19400/50000 points, avg insert time: 0.001 ms
[Build] Inserted 19500/50000 points, avg insert time: 1.135 ms
[Build] Inserted 19600/50000 points, avg insert time: 0.582 ms
[Build] Inserted 19700/50000 points, avg insert time: 0.328 ms
[Build] Inserted 19800/50000 points, avg insert time: 0.244 ms
[Build] Inserted 19900/50000 points, avg insert time: 0.240 ms
[Build] Inserted 20000/50000 points, avg insert time: 0.499 ms
[Build] Inserted 20100/50000 points, avg insert time: 0.336 ms
[Build] Inserted 20200/50000 points, avg insert time: 0.507 ms
[Build] Inserted 20300/50000 points, avg insert time: 0.581 ms
[Build] Inserted 20400/50000 points, avg insert time: 0.344 ms
[Build] Inserted 20500/50000 points, avg insert time: 0.340 ms
[Build] Inserted 20600/50000 points, avg insert time: 0.248 ms
[Build] Inserted 20700/50000 points, avg insert time: 0.478 ms
[Build] Inserted 20800/50000 points, avg insert time: 0.246 ms
[Build] Inserted 20900/50000 points, avg insert time: 0.661 ms
[Build] Inserted 21000/50000 points, avg insert time: 0.240 ms
[Build] Inserted 21100/50000 points, avg insert time: 0.329 ms
[Build] Inserted 21200/50000 points, avg insert time: 0.084 ms
[Build] Inserted 21300/50000 points, avg insert time: 0.086 ms
[Build] Inserted 21400/50000 points, avg insert time: 0.585 ms
[Build] Inserted 21500/50000 points, avg insert time: 0.322 ms
[Build] Inserted 21600/50000 points, avg insert time: 0.158 ms
[Build] Inserted 21700/50000 points, avg insert time: 0.399 ms
[Build] Inserted 21800/50000 points, avg insert time: 0.417 ms
[Build] Inserted 21900/50000 points, avg insert time: 0.252 ms
[Build] Inserted 22000/50000 points, avg insert time: 0.410 ms
[Build] Inserted 22100/50000 points, avg insert time: 0.277 ms
[Build] Inserted 22200/50000 points, avg insert time: 0.435 ms
[Build] Inserted 22300/50000 points, avg insert time: 0.267 ms
[Build] Inserted 22400/50000 points, avg insert time: 0.175 ms
[Build] Inserted 22500/50000 points, avg insert time: 0.086 ms
[Build] Inserted 22600/50000 points, avg insert time: 0.257 ms
[Build] Inserted 22700/50000 points, avg insert time: 0.249 ms
[Build] Inserted 22800/50000 points, avg insert time: 0.333 ms
[Build] Inserted 22900/50000 points, avg insert time: 0.149 ms
[Build] Inserted 23000/50000 points, avg insert time: 0.486 ms
[Build] Inserted 23100/50000 points, avg insert time: 0.250 ms
[Build] Inserted 23200/50000 points, avg insert time: 0.331 ms
[Build] Inserted 23300/50000 points, avg insert time: 0.245 ms
[Build] Inserted 23400/50000 points, avg insert time: 0.656 ms
[Build] Inserted 23500/50000 points, avg insert time: 0.251 ms
[Build] Inserted 23600/50000 points, avg insert time: 0.327 ms
[Build] Inserted 23700/50000 points, avg insert time: 0.484 ms
[Build] Inserted 23800/50000 points, avg insert time: 0.326 ms
[Build] Inserted 23900/50000 points, avg insert time: 0.245 ms
[Build] Inserted 24000/50000 points, avg insert time: 0.166 ms
[Build] Inserted 24100/50000 points, avg insert time: 0.325 ms
[Build] Inserted 24200/50000 points, avg insert time: 0.327 ms
[Build] Inserted 24300/50000 points, avg insert time: 0.083 ms
[Build] Inserted 24400/50000 points, avg insert time: 0.240 ms
[Build] Inserted 24500/50000 points, avg insert time: 0.159 ms
[Build] Inserted 24600/50000 points, avg insert time: 0.415 ms
[Build] Inserted 24700/50000 points, avg insert time: 0.488 ms
[Build] Inserted 24800/50000 points, avg insert time: 0.227 ms
[Build] Inserted 24900/50000 points, avg insert time: 0.256 ms
[Build] Inserted 25000/50000 points, avg insert time: 0.334 ms
[Build] Inserted 25100/50000 points, avg insert time: 0.333 ms
[Build] Inserted 25200/50000 points, avg insert time: 0.417 ms
[Build] Inserted 25300/50000 points, avg insert time: 0.579 ms
[Build] Inserted 25400/50000 points, avg insert time: 0.529 ms
[Build] Inserted 25500/50000 points, avg insert time: 0.418 ms
[Build] Inserted 25600/50000 points, avg insert time: 0.340 ms
[Build] Inserted 25700/50000 points, avg insert time: 0.424 ms
[Build] Inserted 25800/50000 points, avg insert time: 0.423 ms
[Build] Inserted 25900/50000 points, avg insert time: 0.339 ms
[Build] Inserted 26000/50000 points, avg insert time: 0.337 ms
[Build] Inserted 26100/50000 points, avg insert time: 0.259 ms
[Build] Inserted 26200/50000 points, avg insert time: 0.335 ms
[Build] Inserted 26300/50000 points, avg insert time: 0.339 ms
[Build] Inserted 26400/50000 points, avg insert time: 0.250 ms
[Build] Inserted 26500/50000 points, avg insert time: 0.335 ms
[Build] Inserted 26600/50000 points, avg insert time: 0.415 ms
[Build] Inserted 26700/50000 points, avg insert time: 0.247 ms
[Build] Inserted 26800/50000 points, avg insert time: 0.164 ms
[Build] Inserted 26900/50000 points, avg insert time: 0.659 ms
[Build] Inserted 27000/50000 points, avg insert time: 1.555 ms
[Build] Inserted 27100/50000 points, avg insert time: 0.091 ms
[Build] Inserted 27200/50000 points, avg insert time: 0.239 ms
[Build] Inserted 27300/50000 points, avg insert time: 0.164 ms
[Build] Inserted 27400/50000 points, avg insert time: 0.251 ms
[Build] Inserted 27500/50000 points, avg insert time: 0.484 ms
[Build] Inserted 27600/50000 points, avg insert time: 0.572 ms
[Build] Inserted 27700/50000 points, avg insert time: 0.323 ms
[Build] Inserted 27800/50000 points, avg insert time: 0.254 ms
[Build] Inserted 27900/50000 points, avg insert time: 0.337 ms
[Build] Inserted 28000/50000 points, avg insert time: 0.081 ms
[Build] Inserted 28100/50000 points, avg insert time: 0.320 ms
[Build] Inserted 28200/50000 points, avg insert time: 0.244 ms
[Build] Inserted 28300/50000 points, avg insert time: 0.498 ms
[Build] Inserted 28400/50000 points, avg insert time: 0.001 ms
[Build] Inserted 28500/50000 points, avg insert time: 0.246 ms
[Build] Inserted 28600/50000 points, avg insert time: 0.335 ms
[Build] Inserted 28700/50000 points, avg insert time: 0.758 ms
[Build] Inserted 28800/50000 points, avg insert time: 0.366 ms
[Build] Inserted 28900/50000 points, avg insert time: 0.148 ms
[Build] Inserted 29000/50000 points, avg insert time: 0.520 ms
[Build] Inserted 29100/50000 points, avg insert time: 0.382 ms
[Build] Inserted 29200/50000 points, avg insert time: 0.231 ms
[Build] Inserted 29300/50000 points, avg insert time: 0.228 ms
[Build] Inserted 29400/50000 points, avg insert time: 0.154 ms
[Build] Inserted 29500/50000 points, avg insert time: 0.077 ms
[Build] Inserted 29600/50000 points, avg insert time: 0.077 ms
[Build] Inserted 29700/50000 points, avg insert time: 0.089 ms
[Build] Inserted 29800/50000 points, avg insert time: 0.466 ms
[Build] Inserted 29900/50000 points, avg insert time: 0.232 ms
[Build] Inserted 30000/50000 points, avg insert time: 0.312 ms
[Build] Inserted 30100/50000 points, avg insert time: 0.296 ms
[Build] Inserted 30200/50000 points, avg insert time: 0.219 ms
[Build] Inserted 30300/50000 points, avg insert time: 0.223 ms
[Build] Inserted 30400/50000 points, avg insert time: 0.234 ms
[Build] Inserted 30500/50000 points, avg insert time: 0.076 ms
[Build] Inserted 30600/50000 points, avg insert time: 0.218 ms
[Build] Inserted 30700/50000 points, avg insert time: 0.293 ms
[Build] Inserted 30800/50000 points, avg insert time: 0.369 ms
[Build] Inserted 30900/50000 points, avg insert time: 0.362 ms
[Build] Inserted 31000/50000 points, avg insert time: 0.818 ms
[Build] Inserted 31100/50000 points, avg insert time: 0.670 ms
[Build] Inserted 31200/50000 points, avg insert time: 0.292 ms
[Build] Inserted 31300/50000 points, avg insert time: 0.452 ms
[Build] Inserted 31400/50000 points, avg insert time: 0.233 ms
[Build] Inserted 31500/50000 points, avg insert time: 0.310 ms
[Build] Inserted 31600/50000 points, avg insert time: 0.074 ms
[Build] Inserted 31700/50000 points, avg insert time: 0.222 ms
[Build] Inserted 31800/50000 points, avg insert time: 0.225 ms
[Build] Inserted 31900/50000 points, avg insert time: 0.294 ms
[Build] Inserted 32000/50000 points, avg insert time: 0.220 ms
[Build] Inserted 32100/50000 points, avg insert time: 0.074 ms
[Build] Inserted 32200/50000 points, avg insert time: 0.535 ms
[Build] Inserted 32300/50000 points, avg insert time: 0.148 ms
[Build] Inserted 32400/50000 points, avg insert time: 0.603 ms
[Build] Inserted 32500/50000 points, avg insert time: 0.155 ms
[Build] Inserted 32600/50000 points, avg insert time: 0.156 ms
[Build] Inserted 32700/50000 points, avg insert time: 0.077 ms
[Build] Inserted 32800/50000 points, avg insert time: 0.303 ms
[Build] Inserted 32900/50000 points, avg insert time: 0.371 ms
[Build] Inserted 33000/50000 points, avg insert time: 0.292 ms
[Build] Inserted 33100/50000 points, avg insert time: 0.375 ms
[Build] Inserted 33200/50000 points, avg insert time: 0.305 ms
[Build] Inserted 33300/50000 points, avg insert time: 0.528 ms
[Build] Inserted 33400/50000 points, avg insert time: 0.145 ms
[Build] Inserted 33500/50000 points, avg insert time: 0.219 ms
[Build] Inserted 33600/50000 points, avg insert time: 0.225 ms
[Build] Inserted 33700/50000 points, avg insert time: 0.371 ms
[Build] Inserted 33800/50000 points, avg insert time: 0.386 ms
[Build] Inserted 33900/50000 points, avg insert time: 0.367 ms
[Build] Inserted 34000/50000 points, avg insert time: 0.363 ms
[Build] Inserted 34100/50000 points, avg insert time: 0.470 ms
[Build] Inserted 34200/50000 points, avg insert time: 0.227 ms
[Build] Inserted 34300/50000 points, avg insert time: 0.768 ms
[Build] Inserted 34400/50000 points, avg insert time: 0.232 ms
[Build] Inserted 34500/50000 points, avg insert time: 0.157 ms
[Build] Inserted 34600/50000 points, avg insert time: 0.229 ms
[Build] Inserted 34700/50000 points, avg insert time: 0.297 ms
[Build] Inserted 34800/50000 points, avg insert time: 0.317 ms
[Build] Inserted 34900/50000 points, avg insert time: 0.378 ms
[Build] Inserted 35000/50000 points, avg insert time: 0.321 ms
[Build] Inserted 35100/50000 points, avg insert time: 0.366 ms
[Build] Inserted 35200/50000 points, avg insert time: 0.290 ms
[Build] Inserted 35300/50000 points, avg insert time: 0.522 ms
[Build] Inserted 35400/50000 points, avg insert time: 0.374 ms
[Build] Inserted 35500/50000 points, avg insert time: 0.522 ms
[Build] Inserted 35600/50000 points, avg insert time: 0.154 ms
[Build] Inserted 35700/50000 points, avg insert time: 0.148 ms
[Build] Inserted 35800/50000 points, avg insert time: 0.305 ms
[Build] Inserted 35900/50000 points, avg insert time: 0.301 ms
[Build] Inserted 36000/50000 points, avg insert time: 0.297 ms
[Build] Inserted 36100/50000 points, avg insert time: 0.448 ms
[Build] Inserted 36200/50000 points, avg insert time: 0.445 ms
[Build] Inserted 36300/50000 points, avg insert time: 0.744 ms
[Build] Inserted 36400/50000 points, avg insert time: 1.709 ms
[Build] Inserted 36500/50000 points, avg insert time: 0.393 ms
[Build] Inserted 36600/50000 points, avg insert time: 0.148 ms
[Build] Inserted 36700/50000 points, avg insert time: 0.369 ms
[Build] Inserted 36800/50000 points, avg insert time: 0.318 ms
[Build] Inserted 36900/50000 points, avg insert time: 0.217 ms
[Build] Inserted 37000/50000 points, avg insert time: 0.542 ms
[Build] Inserted 37100/50000 points, avg insert time: 0.305 ms
[Build] Inserted 37200/50000 points, avg insert time: 0.568 ms
[Build] Inserted 37300/50000 points, avg insert time: 0.462 ms
[Build] Inserted 37400/50000 points, avg insert time: 0.240 ms
[Build] Inserted 37500/50000 points, avg insert time: 0.301 ms
[Build] Inserted 37600/50000 points, avg insert time: 0.294 ms
[Build] Inserted 37700/50000 points, avg insert time: 0.292 ms
[Build] Inserted 37800/50000 points, avg insert time: 0.297 ms
[Build] Inserted 37900/50000 points, avg insert time: 0.001 ms
[Build] Inserted 38000/50000 points, avg insert time: 0.150 ms
[Build] Inserted 38100/50000 points, avg insert time: 0.370 ms
[Build] Inserted 38200/50000 points, avg insert time: 0.540 ms
[Build] Inserted 38300/50000 points, avg insert time: 0.075 ms
[Build] Inserted 38400/50000 points, avg insert time: 0.526 ms
[Build] Inserted 38500/50000 points, avg insert time: 0.445 ms
[Build] Inserted 38600/50000 points, avg insert time: 0.151 ms
[Build] Inserted 38700/50000 points, avg insert time: 0.077 ms
[Build] Inserted 38800/50000 points, avg insert time: 0.539 ms
[Build] Inserted 38900/50000 points, avg insert time: 0.222 ms
[Build] Inserted 39000/50000 points, avg insert time: 0.226 ms
[Build] Inserted 39100/50000 points, avg insert time: 0.294 ms
[Build] Inserted 39200/50000 points, avg insert time: 0.225 ms
[Build] Inserted 39300/50000 points, avg insert time: 0.076 ms
[Build] Inserted 39400/50000 points, avg insert time: 0.388 ms
[Build] Inserted 39500/50000 points, avg insert time: 0.516 ms
[Build] Inserted 39600/50000 points, avg insert time: 0.369 ms
[Build] Inserted 39700/50000 points, avg insert time: 0.146 ms
[Build] Inserted 39800/50000 points, avg insert time: 0.362 ms
[Build] Inserted 39900/50000 points, avg insert time: 0.515 ms
[Build] Inserted 40000/50000 points, avg insert time: 0.516 ms
[Build] Inserted 40100/50000 points, avg insert time: 0.444 ms
[Build] Inserted 40200/50000 points, avg insert time: 0.228 ms
[Build] Inserted 40300/50000 points, avg insert time: 0.376 ms
[Build] Inserted 40400/50000 points, avg insert time: 0.370 ms
[Build] Inserted 40500/50000 points, avg insert time: 0.299 ms
[Build] Inserted 40600/50000 points, avg insert time: 0.222 ms
[Build] Inserted 40700/50000 points, avg insert time: 0.328 ms
[Build] Inserted 40800/50000 points, avg insert time: 0.223 ms
[Build] Inserted 40900/50000 points, avg insert time: 0.001 ms
[Build] Inserted 41000/50000 points, avg insert time: 0.225 ms
[Build] Inserted 41100/50000 points, avg insert time: 0.224 ms
[Build] Inserted 41200/50000 points, avg insert time: 0.173 ms
[Build] Inserted 41300/50000 points, avg insert time: 0.152 ms
[Build] Inserted 41400/50000 points, avg insert time: 0.224 ms
[Build] Inserted 41500/50000 points, avg insert time: 0.299 ms
[Build] Inserted 41600/50000 points, avg insert time: 0.373 ms
[Build] Inserted 41700/50000 points, avg insert time: 0.001 ms
[Build] Inserted 41800/50000 points, avg insert time: 0.000 ms
[Build] Inserted 41900/50000 points, avg insert time: 0.224 ms
[Build] Inserted 42000/50000 points, avg insert time: 0.224 ms
[Build] Inserted 42100/50000 points, avg insert time: 0.151 ms
[Build] Inserted 42200/50000 points, avg insert time: 0.297 ms
[Build] Inserted 42300/50000 points, avg insert time: 0.371 ms
[Build] Inserted 42400/50000 points, avg insert time: 0.374 ms
[Build] Inserted 42500/50000 points, avg insert time: 0.372 ms
[Build] Inserted 42600/50000 points, avg insert time: 0.550 ms
[Build] Inserted 42700/50000 points, avg insert time: 0.678 ms
[Build] Inserted 42800/50000 points, avg insert time: 0.075 ms
[Build] Inserted 42900/50000 points, avg insert time: 0.160 ms
[Build] Inserted 43000/50000 points, avg insert time: 0.249 ms
[Build] Inserted 43100/50000 points, avg insert time: 0.572 ms
[Build] Inserted 43200/50000 points, avg insert time: 0.886 ms
[Build] Inserted 43300/50000 points, avg insert time: 0.165 ms
[Build] Inserted 43400/50000 points, avg insert time: 0.339 ms
[Build] Inserted 43500/50000 points, avg insert time: 0.418 ms
[Build] Inserted 43600/50000 points, avg insert time: 0.252 ms
[Build] Inserted 43700/50000 points, avg insert time: 0.579 ms
[Build] Inserted 43800/50000 points, avg insert time: 0.652 ms
[Build] Inserted 43900/50000 points, avg insert time: 0.414 ms
[Build] Inserted 44000/50000 points, avg insert time: 0.327 ms
[Build] Inserted 44100/50000 points, avg insert time: 0.340 ms
[Build] Inserted 44200/50000 points, avg insert time: 0.250 ms
[Build] Inserted 44300/50000 points, avg insert time: 0.418 ms
[Build] Inserted 44400/50000 points, avg insert time: 0.249 ms
[Build] Inserted 44500/50000 points, avg insert time: 0.327 ms
[Build] Inserted 44600/50000 points, avg insert time: 0.414 ms
[Build] Inserted 44700/50000 points, avg insert time: 0.333 ms
[Build] Inserted 44800/50000 points, avg insert time: 0.320 ms
[Build] Inserted 44900/50000 points, avg insert time: 0.411 ms
[Build] Inserted 45000/50000 points, avg insert time: 0.334 ms
[Build] Inserted 45100/50000 points, avg insert time: 0.412 ms
[Build] Inserted 45200/50000 points, avg insert time: 0.406 ms
[Build] Inserted 45300/50000 points, avg insert time: 0.417 ms
[Build] Inserted 45400/50000 points, avg insert time: 0.403 ms
[Build] Inserted 45500/50000 points, avg insert time: 0.084 ms
[Build] Inserted 45600/50000 points, avg insert time: 0.243 ms
[Build] Inserted 45700/50000 points, avg insert time: 0.489 ms
[Build] Inserted 45800/50000 points, avg insert time: 0.250 ms
[Build] Inserted 45900/50000 points, avg insert time: 0.403 ms
[Build] Inserted 46000/50000 points, avg insert time: 0.249 ms
[Build] Inserted 46100/50000 points, avg insert time: 0.249 ms
[Build] Inserted 46200/50000 points, avg insert time: 0.502 ms
[Build] Inserted 46300/50000 points, avg insert time: 0.248 ms
[Build] Inserted 46400/50000 points, avg insert time: 0.422 ms
[Build] Inserted 46500/50000 points, avg insert time: 0.001 ms
[Build] Inserted 46600/50000 points, avg insert time: 0.082 ms
[Build] Inserted 46700/50000 points, avg insert time: 0.001 ms
[Build] Inserted 46800/50000 points, avg insert time: 0.324 ms
[Build] Inserted 46900/50000 points, avg insert time: 0.403 ms
[Build] Inserted 47000/50000 points, avg insert time: 0.332 ms
[Build] Inserted 47100/50000 points, avg insert time: 0.168 ms
[Build] Inserted 47200/50000 points, avg insert time: 0.330 ms
[Build] Inserted 47300/50000 points, avg insert time: 0.433 ms
[Build] Inserted 47400/50000 points, avg insert time: 0.409 ms
[Build] Inserted 47500/50000 points, avg insert time: 0.493 ms
[Build] Inserted 47600/50000 points, avg insert time: 0.330 ms
[Build] Inserted 47700/50000 points, avg insert time: 0.513 ms
[Build] Inserted 47800/50000 points, avg insert time: 0.001 ms
[Build] Inserted 47900/50000 points, avg insert time: 0.087 ms
[Build] Inserted 48000/50000 points, avg insert time: 0.373 ms
[Build] Inserted 48100/50000 points, avg insert time: 0.245 ms
[Build] Inserted 48200/50000 points, avg insert time: 0.242 ms
[Build] Inserted 48300/50000 points, avg insert time: 0.246 ms
[Build] Inserted 48400/50000 points, avg insert time: 0.523 ms
[Build] Inserted 48500/50000 points, avg insert time: 0.163 ms
[Build] Inserted 48600/50000 points, avg insert time: 0.085 ms
[Build] Inserted 48700/50000 points, avg insert time: 0.625 ms
[Build] Inserted 48800/50000 points, avg insert time: 0.249 ms
[Build] Inserted 48900/50000 points, avg insert time: 0.086 ms
[Build] Inserted 49000/50000 points, avg insert time: 0.496 ms
[Build] Inserted 49100/50000 points, avg insert time: 0.423 ms
[Build] Inserted 49200/50000 points, avg insert time: 0.253 ms
[Build] Inserted 49300/50000 points, avg insert time: 0.252 ms
[Build] Inserted 49400/50000 points, avg insert time: 0.343 ms
[Build] Inserted 49500/50000 points, avg insert time: 0.963 ms
[Build] Inserted 49600/50000 points, avg insert time: 0.606 ms
[Build] Inserted 49700/50000 points, avg insert time: 0.080 ms
[Build] Inserted 49800/50000 points, avg insert time: 0.326 ms
[Build] Inserted 49900/50000 points, avg insert time: 0.416 ms
[Build] Inserted 50000/50000 points, avg insert time: 0.262 ms
[Build] Starting queries...
[Query] Processed 100/5000 queries, avg query time: 22.149 ms
[Query] Processed 200/5000 queries, avg query time: 19.871 ms
[Query] Processed 300/5000 queries, avg query time: 19.094 ms
[Query] Processed 400/5000 queries, avg query time: 18.798 ms
[Query] Processed 500/5000 queries, avg query time: 19.477 ms
[Query] Processed 600/5000 queries, avg query time: 19.395 ms
[Query] Processed 700/5000 queries, avg query time: 19.124 ms
[Query] Processed 800/5000 queries, avg query time: 19.048 ms
[Query] Processed 900/5000 queries, avg query time: 18.998 ms
[Query] Processed 1000/5000 queries, avg query time: 19.433 ms
[Query] Processed 1100/5000 queries, avg query time: 19.756 ms
[Query] Processed 1200/5000 queries, avg query time: 19.695 ms
[Query] Processed 1300/5000 queries, avg query time: 19.750 ms
[Query] Processed 1400/5000 queries, avg query time: 19.564 ms
[Query] Processed 1500/5000 queries, avg query time: 19.489 ms
[Query] Processed 1600/5000 queries, avg query time: 19.409 ms
[Query] Processed 1700/5000 queries, avg query time: 19.386 ms
[Query] Processed 1800/5000 queries, avg query time: 19.362 ms
[Query] Processed 1900/5000 queries, avg query time: 19.378 ms
[Query] Processed 2000/5000 queries, avg query time: 19.472 ms
[Query] Processed 2100/5000 queries, avg query time: 19.474 ms
[Query] Processed 2200/5000 queries, avg query time: 19.458 ms
[Query] Processed 2300/5000 queries, avg query time: 19.521 ms
[Query] Processed 2400/5000 queries, avg query time: 19.605 ms
[Query] Processed 2500/5000 queries, avg query time: 19.541 ms
[Query] Processed 2600/5000 queries, avg query time: 19.676 ms
[Query] Processed 2700/5000 queries, avg query time: 19.797 ms
[Query] Processed 2800/5000 queries, avg query time: 19.772 ms
[Query] Processed 2900/5000 queries, avg query time: 19.784 ms
[Query] Processed 3000/5000 queries, avg query time: 19.803 ms
[Query] Processed 3100/5000 queries, avg query time: 19.748 ms
[Query] Processed 3200/5000 queries, avg query time: 19.771 ms
[Query] Processed 3300/5000 queries, avg query time: 19.846 ms
[Query] Processed 3400/5000 queries, avg query time: 19.859 ms
[Query] Processed 3500/5000 queries, avg query time: 19.931 ms
[Query] Processed 3600/5000 queries, avg query time: 19.939 ms
[Query] Processed 3700/5000 queries, avg query time: 20.044 ms
[Query] Processed 3800/5000 queries, avg query time: 20.190 ms
[Query] Processed 3900/5000 queries, avg query time: 20.270 ms
[Query] Processed 4000/5000 queries, avg query time: 20.261 ms
[Query] Processed 4100/5000 queries, avg query time: 20.358 ms
[Query] Processed 4200/5000 queries, avg query time: 20.418 ms
[Query] Processed 4300/5000 queries, avg query time: 20.392 ms
[Query] Processed 4400/5000 queries, avg query time: 20.447 ms
[Query] Processed 4500/5000 queries, avg query time: 20.476 ms
[Query] Processed 4600/5000 queries, avg query time: 20.478 ms
[Query] Processed 4700/5000 queries, avg query time: 20.451 ms
[Query] Processed 4800/5000 queries, avg query time: 20.444 ms
[Query] Processed 4900/5000 queries, avg query time: 20.407 ms
[Query] Processed 5000/5000 queries, avg query time: 20.387 ms
[Sanity Check] Total Relevant =  3722
[Result] Memory breakdown (MB): {'hash_functions_MB': 7.9157257080078125, 'bucket_ids_MB': 5.18890380859375, 'num_ids': 1360240, 'num_buckets': 862862, 'hash_tables_overhead_MB': 72.41426086425781, 'total_MB': 85.51889038085938}
[Result] Epsilon-recall: 0.9831
[Result] (c,r)-ANN accuracy: 1.0000
[SUMMARY] r=0.5, eps=0.6, eta=0.3, recall=0.9831, (c,r)-ANN accuracy=1.0, memory=85.51889038085938
