[Init] Inputs : eta=0.30, epsilon=0.10, r=0.50
[Init] LSH Parameters : w=1.330, p1=0.7010, p2=0.6722, rho=0.8945
[Init] Data Structure Parameters : k=28, L=22773, key_bits=896, mode=speed
[Build] Starting insertion...
[Build] Inserted 100/50000 points, avg insert time: 23.223 ms
[Build] Inserted 200/50000 points, avg insert time: 3.390 ms
[Build] Inserted 300/50000 points, avg insert time: 27.619 ms
[Build] Inserted 400/50000 points, avg insert time: 14.865 ms
[Build] Inserted 500/50000 points, avg insert time: 11.802 ms
[Build] Inserted 600/50000 points, avg insert time: 19.025 ms
[Build] Inserted 700/50000 points, avg insert time: 13.198 ms
[Build] Inserted 800/50000 points, avg insert time: 14.774 ms
[Build] Inserted 900/50000 points, avg insert time: 23.513 ms
[Build] Inserted 1000/50000 points, avg insert time: 22.258 ms
[Build] Inserted 1100/50000 points, avg insert time: 31.929 ms
[Build] Inserted 1200/50000 points, avg insert time: 6.918 ms
[Build] Inserted 1300/50000 points, avg insert time: 10.296 ms
[Build] Inserted 1400/50000 points, avg insert time: 7.289 ms
[Build] Inserted 1500/50000 points, avg insert time: 3.236 ms
[Build] Inserted 1600/50000 points, avg insert time: 11.812 ms
[Build] Inserted 1700/50000 points, avg insert time: 12.181 ms
[Build] Inserted 1800/50000 points, avg insert time: 12.748 ms
[Build] Inserted 1900/50000 points, avg insert time: 20.316 ms
[Build] Inserted 2000/50000 points, avg insert time: 26.292 ms
[Build] Inserted 2100/50000 points, avg insert time: 0.001 ms
[Build] Inserted 2200/50000 points, avg insert time: 13.883 ms
[Build] Inserted 2300/50000 points, avg insert time: 6.297 ms
[Build] Inserted 2400/50000 points, avg insert time: 6.508 ms
[Build] Inserted 2500/50000 points, avg insert time: 17.840 ms
[Build] Inserted 2600/50000 points, avg insert time: 14.938 ms
[Build] Inserted 2700/50000 points, avg insert time: 21.332 ms
[Build] Inserted 2800/50000 points, avg insert time: 19.681 ms
[Build] Inserted 2900/50000 points, avg insert time: 10.558 ms
[Build] Inserted 3000/50000 points, avg insert time: 13.615 ms
[Build] Inserted 3100/50000 points, avg insert time: 12.902 ms
[Build] Inserted 3200/50000 points, avg insert time: 9.539 ms
[Build] Inserted 3300/50000 points, avg insert time: 17.638 ms
[Build] Inserted 3400/50000 points, avg insert time: 28.339 ms
[Build] Inserted 3500/50000 points, avg insert time: 20.355 ms
[Build] Inserted 3600/50000 points, avg insert time: 11.042 ms
[Build] Inserted 3700/50000 points, avg insert time: 3.132 ms
[Build] Inserted 3800/50000 points, avg insert time: 19.899 ms
[Build] Inserted 3900/50000 points, avg insert time: 2.994 ms
[Build] Inserted 4000/50000 points, avg insert time: 23.380 ms
[Build] Inserted 4100/50000 points, avg insert time: 7.186 ms
[Build] Inserted 4200/50000 points, avg insert time: 0.001 ms
[Build] Inserted 4300/50000 points, avg insert time: 12.939 ms
[Build] Inserted 4400/50000 points, avg insert time: 18.534 ms
[Build] Inserted 4500/50000 points, avg insert time: 16.730 ms
[Build] Inserted 4600/50000 points, avg insert time: 6.367 ms
[Build] Inserted 4700/50000 points, avg insert time: 3.320 ms
[Build] Inserted 4800/50000 points, avg insert time: 11.753 ms
[Build] Inserted 4900/50000 points, avg insert time: 10.983 ms
[Build] Inserted 5000/50000 points, avg insert time: 14.242 ms
[Build] Inserted 5100/50000 points, avg insert time: 12.834 ms
[Build] Inserted 5200/50000 points, avg insert time: 16.727 ms
[Build] Inserted 5300/50000 points, avg insert time: 3.027 ms
[Build] Inserted 5400/50000 points, avg insert time: 18.834 ms
[Build] Inserted 5500/50000 points, avg insert time: 17.488 ms
[Build] Inserted 5600/50000 points, avg insert time: 20.726 ms
[Build] Inserted 5700/50000 points, avg insert time: 7.292 ms
[Build] Inserted 5800/50000 points, avg insert time: 7.589 ms
[Build] Inserted 5900/50000 points, avg insert time: 16.143 ms
[Build] Inserted 6000/50000 points, avg insert time: 28.639 ms
[Build] Inserted 6100/50000 points, avg insert time: 10.637 ms
[Build] Inserted 6200/50000 points, avg insert time: 3.262 ms
[Build] Inserted 6300/50000 points, avg insert time: 25.849 ms
[Build] Inserted 6400/50000 points, avg insert time: 3.193 ms
[Build] Inserted 6500/50000 points, avg insert time: 27.285 ms
[Build] Inserted 6600/50000 points, avg insert time: 16.350 ms
[Build] Inserted 6700/50000 points, avg insert time: 15.469 ms
[Build] Inserted 6800/50000 points, avg insert time: 7.733 ms
[Build] Inserted 6900/50000 points, avg insert time: 14.830 ms
[Build] Inserted 7000/50000 points, avg insert time: 10.215 ms
[Build] Inserted 7100/50000 points, avg insert time: 3.247 ms
[Build] Inserted 7200/50000 points, avg insert time: 2.871 ms
[Build] Inserted 7300/50000 points, avg insert time: 10.712 ms
[Build] Inserted 7400/50000 points, avg insert time: 19.584 ms
[Build] Inserted 7500/50000 points, avg insert time: 19.639 ms
[Build] Inserted 7600/50000 points, avg insert time: 22.264 ms
[Build] Inserted 7700/50000 points, avg insert time: 10.606 ms
[Build] Inserted 7800/50000 points, avg insert time: 19.015 ms
[Build] Inserted 7900/50000 points, avg insert time: 13.987 ms
[Build] Inserted 8000/50000 points, avg insert time: 22.252 ms
[Build] Inserted 8100/50000 points, avg insert time: 16.003 ms
[Build] Inserted 8200/50000 points, avg insert time: 3.269 ms
[Build] Inserted 8300/50000 points, avg insert time: 13.488 ms
[Build] Inserted 8400/50000 points, avg insert time: 22.376 ms
[Build] Inserted 8500/50000 points, avg insert time: 24.202 ms
[Build] Inserted 8600/50000 points, avg insert time: 5.006 ms
[Build] Inserted 8700/50000 points, avg insert time: 34.660 ms
[Build] Inserted 8800/50000 points, avg insert time: 11.137 ms
[Build] Inserted 8900/50000 points, avg insert time: 89.695 ms
[Build] Inserted 9000/50000 points, avg insert time: 11.825 ms
[Build] Inserted 9100/50000 points, avg insert time: 14.507 ms
[Build] Inserted 9200/50000 points, avg insert time: 8.659 ms
[Build] Inserted 9300/50000 points, avg insert time: 8.682 ms
[Build] Inserted 9400/50000 points, avg insert time: 11.922 ms
[Build] Inserted 9500/50000 points, avg insert time: 14.003 ms
[Build] Inserted 9600/50000 points, avg insert time: 8.228 ms
[Build] Inserted 9700/50000 points, avg insert time: 3.682 ms
[Build] Inserted 9800/50000 points, avg insert time: 0.001 ms
[Build] Inserted 9900/50000 points, avg insert time: 23.099 ms
[Build] Inserted 10000/50000 points, avg insert time: 6.264 ms
[Build] Inserted 10100/50000 points, avg insert time: 16.097 ms
[Build] Inserted 10200/50000 points, avg insert time: 32.556 ms
[Build] Inserted 10300/50000 points, avg insert time: 3.328 ms
[Build] Inserted 10400/50000 points, avg insert time: 562.915 ms
[Build] Inserted 10500/50000 points, avg insert time: 14.050 ms
[Build] Inserted 10600/50000 points, avg insert time: 15.977 ms
[Build] Inserted 10700/50000 points, avg insert time: 0.001 ms
[Build] Inserted 10800/50000 points, avg insert time: 16.112 ms
[Build] Inserted 10900/50000 points, avg insert time: 3.224 ms
[Build] Inserted 11000/50000 points, avg insert time: 12.325 ms
[Build] Inserted 11100/50000 points, avg insert time: 9.726 ms
[Build] Inserted 11200/50000 points, avg insert time: 32.692 ms
[Build] Inserted 11300/50000 points, avg insert time: 6.421 ms
[Build] Inserted 11400/50000 points, avg insert time: 11.562 ms
[Build] Inserted 11500/50000 points, avg insert time: 50.609 ms
[Build] Inserted 11600/50000 points, avg insert time: 21.880 ms
[Build] Inserted 11700/50000 points, avg insert time: 3.470 ms
[Build] Inserted 11800/50000 points, avg insert time: 50.491 ms
[Build] Inserted 11900/50000 points, avg insert time: 72.466 ms
[Build] Inserted 12000/50000 points, avg insert time: 27.822 ms
[Build] Inserted 12100/50000 points, avg insert time: 92.511 ms
[Build] Inserted 12200/50000 points, avg insert time: 96.019 ms
[Build] Inserted 12300/50000 points, avg insert time: 22.610 ms
[Build] Inserted 12400/50000 points, avg insert time: 26.308 ms
[Build] Inserted 12500/50000 points, avg insert time: 17.658 ms
[Build] Inserted 12600/50000 points, avg insert time: 34.244 ms
[Build] Inserted 12700/50000 points, avg insert time: 28.856 ms
[Build] Inserted 12800/50000 points, avg insert time: 18.095 ms
[Build] Inserted 12900/50000 points, avg insert time: 13.966 ms
[Build] Inserted 13000/50000 points, avg insert time: 29.387 ms
[Build] Inserted 13100/50000 points, avg insert time: 17.347 ms
[Build] Inserted 13200/50000 points, avg insert time: 3874.338 ms
[Build] Inserted 13300/50000 points, avg insert time: 104.127 ms
[Build] Inserted 13400/50000 points, avg insert time: 84.324 ms
[Build] Inserted 13500/50000 points, avg insert time: 24.266 ms
[Build] Inserted 13600/50000 points, avg insert time: 45.475 ms
[Build] Inserted 13700/50000 points, avg insert time: 29.171 ms
[Build] Inserted 13800/50000 points, avg insert time: 22.395 ms
[Build] Inserted 13900/50000 points, avg insert time: 24.681 ms
[Build] Inserted 14000/50000 points, avg insert time: 22.601 ms
[Build] Inserted 14100/50000 points, avg insert time: 20.527 ms
[Build] Inserted 14200/50000 points, avg insert time: 41.669 ms
[Build] Inserted 14300/50000 points, avg insert time: 20.495 ms
[Build] Inserted 14400/50000 points, avg insert time: 19.872 ms
[Build] Inserted 14500/50000 points, avg insert time: 53.480 ms
[Build] Inserted 14600/50000 points, avg insert time: 0.001 ms
[Build] Inserted 14700/50000 points, avg insert time: 24.367 ms
[Build] Inserted 14800/50000 points, avg insert time: 12.087 ms
[Build] Inserted 14900/50000 points, avg insert time: 69.114 ms
[Build] Inserted 15000/50000 points, avg insert time: 66.776 ms
[Build] Inserted 15100/50000 points, avg insert time: 87.060 ms
[Build] Inserted 15200/50000 points, avg insert time: 0.001 ms
[Build] Inserted 15300/50000 points, avg insert time: 313.635 ms
[Build] Inserted 15400/50000 points, avg insert time: 16.801 ms
[Build] Inserted 15500/50000 points, avg insert time: 10.027 ms
[Build] Inserted 15600/50000 points, avg insert time: 26.570 ms
[Build] Inserted 15700/50000 points, avg insert time: 16.080 ms
[Build] Inserted 15800/50000 points, avg insert time: 32.981 ms
[Build] Inserted 15900/50000 points, avg insert time: 9114.254 ms
[Build] Inserted 16000/50000 points, avg insert time: 59.075 ms
[Build] Inserted 16100/50000 points, avg insert time: 41.166 ms
[Build] Inserted 16200/50000 points, avg insert time: 57.699 ms
[Build] Inserted 16300/50000 points, avg insert time: 123.981 ms
[Build] Inserted 16400/50000 points, avg insert time: 17.508 ms
[Build] Inserted 16500/50000 points, avg insert time: 92.077 ms
[Build] Inserted 16600/50000 points, avg insert time: 57.414 ms
[Build] Inserted 16700/50000 points, avg insert time: 31.225 ms
[Build] Inserted 16800/50000 points, avg insert time: 5.385 ms
[Build] Inserted 16900/50000 points, avg insert time: 48.647 ms
[Build] Inserted 17000/50000 points, avg insert time: 13.277 ms
[Build] Inserted 17100/50000 points, avg insert time: 16.346 ms
[Build] Inserted 17200/50000 points, avg insert time: 25.080 ms
[Build] Inserted 17300/50000 points, avg insert time: 27.328 ms
[Build] Inserted 17400/50000 points, avg insert time: 14.707 ms
[Build] Inserted 17500/50000 points, avg insert time: 154.068 ms
[Build] Inserted 17600/50000 points, avg insert time: 81.668 ms
[Build] Inserted 17700/50000 points, avg insert time: 8.772 ms
[Build] Inserted 17800/50000 points, avg insert time: 87.121 ms
[Build] Inserted 17900/50000 points, avg insert time: 88.482 ms
[Build] Inserted 18000/50000 points, avg insert time: 193.857 ms
[Build] Inserted 18100/50000 points, avg insert time: 22.148 ms
[Build] Inserted 18200/50000 points, avg insert time: 22.929 ms
[Build] Inserted 18300/50000 points, avg insert time: 45.736 ms
[Build] Inserted 18400/50000 points, avg insert time: 33.299 ms
[Build] Inserted 18500/50000 points, avg insert time: 21.677 ms
[Build] Inserted 18600/50000 points, avg insert time: 43.212 ms
[Build] Inserted 18700/50000 points, avg insert time: 19.531 ms
[Build] Inserted 18800/50000 points, avg insert time: 36.765 ms
[Build] Inserted 18900/50000 points, avg insert time: 138.333 ms
[Build] Inserted 19000/50000 points, avg insert time: 94.470 ms
[Build] Inserted 19100/50000 points, avg insert time: 92.376 ms
[Build] Inserted 19200/50000 points, avg insert time: 85.537 ms
[Build] Inserted 19300/50000 points, avg insert time: 128.575 ms
[Build] Inserted 19400/50000 points, avg insert time: 43.964 ms
[Build] Inserted 19500/50000 points, avg insert time: 19.943 ms
[Build] Inserted 19600/50000 points, avg insert time: 13160.729 ms
[Build] Inserted 19700/50000 points, avg insert time: 191.769 ms
[Build] Inserted 19800/50000 points, avg insert time: 216.557 ms
[Build] Inserted 19900/50000 points, avg insert time: 45.340 ms
[Build] Inserted 20000/50000 points, avg insert time: 0.000 ms
[Build] Inserted 20100/50000 points, avg insert time: 81.703 ms
[Build] Inserted 20200/50000 points, avg insert time: 71.863 ms
[Build] Inserted 20300/50000 points, avg insert time: 13.949 ms
[Build] Inserted 20400/50000 points, avg insert time: 51.705 ms
[Build] Inserted 20500/50000 points, avg insert time: 33.913 ms
[Build] Inserted 20600/50000 points, avg insert time: 91.123 ms
[Build] Inserted 20700/50000 points, avg insert time: 78.926 ms
[Build] Inserted 20800/50000 points, avg insert time: 27.268 ms
[Build] Inserted 20900/50000 points, avg insert time: 44.362 ms
[Build] Inserted 21000/50000 points, avg insert time: 134.991 ms
[Build] Inserted 21100/50000 points, avg insert time: 117.363 ms
[Build] Inserted 21200/50000 points, avg insert time: 117.427 ms
[Build] Inserted 21300/50000 points, avg insert time: 13.313 ms
[Build] Inserted 21400/50000 points, avg insert time: 16.414 ms
[Build] Inserted 21500/50000 points, avg insert time: 52.234 ms
[Build] Inserted 21600/50000 points, avg insert time: 33.615 ms
[Build] Inserted 21700/50000 points, avg insert time: 23.121 ms
[Build] Inserted 21800/50000 points, avg insert time: 42.611 ms
[Build] Inserted 21900/50000 points, avg insert time: 58.444 ms
[Build] Inserted 22000/50000 points, avg insert time: 22.209 ms
[Build] Inserted 22100/50000 points, avg insert time: 31.098 ms
[Build] Inserted 22200/50000 points, avg insert time: 37.105 ms
[Build] Inserted 22300/50000 points, avg insert time: 47.265 ms
[Build] Inserted 22400/50000 points, avg insert time: 53.658 ms
[Build] Inserted 22500/50000 points, avg insert time: 108.470 ms
[Build] Inserted 22600/50000 points, avg insert time: 20.004 ms
[Build] Inserted 22700/50000 points, avg insert time: 159.638 ms
[Build] Inserted 22800/50000 points, avg insert time: 0.000 ms
[Build] Inserted 22900/50000 points, avg insert time: 158.900 ms
[Build] Inserted 23000/50000 points, avg insert time: 100.969 ms
[Build] Inserted 23100/50000 points, avg insert time: 18.422 ms
[Build] Inserted 23200/50000 points, avg insert time: 51.382 ms
[Build] Inserted 23300/50000 points, avg insert time: 5.938 ms
[Build] Inserted 23400/50000 points, avg insert time: 33.103 ms
[Build] Inserted 23500/50000 points, avg insert time: 22.217 ms
[Build] Inserted 23600/50000 points, avg insert time: 55.732 ms
[Build] Inserted 23700/50000 points, avg insert time: 23.555 ms
[Build] Inserted 23800/50000 points, avg insert time: 20.136 ms
[Build] Inserted 23900/50000 points, avg insert time: 84.546 ms
[Build] Inserted 24000/50000 points, avg insert time: 10.219 ms
[Build] Inserted 24100/50000 points, avg insert time: 129.211 ms
[Build] Inserted 24200/50000 points, avg insert time: 15.459 ms
[Build] Inserted 24300/50000 points, avg insert time: 18273.697 ms
[Build] Inserted 24400/50000 points, avg insert time: 149.273 ms
[Build] Inserted 24500/50000 points, avg insert time: 38.661 ms
[Build] Inserted 24600/50000 points, avg insert time: 71.925 ms
[Build] Inserted 24700/50000 points, avg insert time: 19.738 ms
[Build] Inserted 24800/50000 points, avg insert time: 67.846 ms
[Build] Inserted 24900/50000 points, avg insert time: 43.402 ms
[Build] Inserted 25000/50000 points, avg insert time: 211.344 ms
[Build] Inserted 25100/50000 points, avg insert time: 139.054 ms
[Build] Inserted 25200/50000 points, avg insert time: 111.831 ms
[Build] Inserted 25300/50000 points, avg insert time: 68.995 ms
[Build] Inserted 25400/50000 points, avg insert time: 14.767 ms
[Build] Inserted 25500/50000 points, avg insert time: 59.798 ms
[Build] Inserted 25600/50000 points, avg insert time: 42.694 ms
[Build] Inserted 25700/50000 points, avg insert time: 52.304 ms
[Build] Inserted 25800/50000 points, avg insert time: 173.831 ms
[Build] Inserted 25900/50000 points, avg insert time: 47.654 ms
[Build] Inserted 26000/50000 points, avg insert time: 157.599 ms
[Build] Inserted 26100/50000 points, avg insert time: 242.457 ms
[Build] Inserted 26200/50000 points, avg insert time: 21.520 ms
[Build] Inserted 26300/50000 points, avg insert time: 48.627 ms
[Build] Inserted 26400/50000 points, avg insert time: 40.086 ms
[Build] Inserted 26500/50000 points, avg insert time: 53.705 ms
[Build] Inserted 26600/50000 points, avg insert time: 37.846 ms
[Build] Inserted 26700/50000 points, avg insert time: 27.830 ms
[Build] Inserted 26800/50000 points, avg insert time: 88.616 ms
[Build] Inserted 26900/50000 points, avg insert time: 269.826 ms
[Build] Inserted 27000/50000 points, avg insert time: 104.361 ms
[Build] Inserted 27100/50000 points, avg insert time: 43.735 ms
[Build] Inserted 27200/50000 points, avg insert time: 67.532 ms
[Build] Inserted 27300/50000 points, avg insert time: 15.902 ms
[Build] Inserted 27400/50000 points, avg insert time: 71.039 ms
[Build] Inserted 27500/50000 points, avg insert time: 81.457 ms
[Build] Inserted 27600/50000 points, avg insert time: 38.547 ms
[Build] Inserted 27700/50000 points, avg insert time: 47.539 ms
[Build] Inserted 27800/50000 points, avg insert time: 31.651 ms
[Build] Inserted 27900/50000 points, avg insert time: 14.154 ms
[Build] Inserted 28000/50000 points, avg insert time: 56.596 ms
[Build] Inserted 28100/50000 points, avg insert time: 195.870 ms
[Build] Inserted 28200/50000 points, avg insert time: 349.804 ms
[Build] Inserted 28300/50000 points, avg insert time: 93.433 ms
[Build] Inserted 28400/50000 points, avg insert time: 42.080 ms
[Build] Inserted 28500/50000 points, avg insert time: 148.265 ms
[Build] Inserted 28600/50000 points, avg insert time: 42.417 ms
[Build] Inserted 28700/50000 points, avg insert time: 17.838 ms
[Build] Inserted 28800/50000 points, avg insert time: 16.825 ms
[Build] Inserted 28900/50000 points, avg insert time: 16.162 ms
[Build] Inserted 29000/50000 points, avg insert time: 32.354 ms
[Build] Inserted 29100/50000 points, avg insert time: 31.029 ms
[Build] Inserted 29200/50000 points, avg insert time: 158.501 ms
[Build] Inserted 29300/50000 points, avg insert time: 38.304 ms
[Build] Inserted 29400/50000 points, avg insert time: 240.316 ms
[Build] Inserted 29500/50000 points, avg insert time: 129.012 ms
[Build] Inserted 29600/50000 points, avg insert time: 51.248 ms
[Build] Inserted 29700/50000 points, avg insert time: 57.079 ms
[Build] Inserted 29800/50000 points, avg insert time: 78.339 ms
