[Init] Inputs : eta=0.20, epsilon=0.50, r=1.00
[Init] LSH Parameters : w=3.154, p1=0.7472, p2=0.6267, rho=0.6236
[Init] Data Structure Parameters : k=24, L=1140, key_bits=768, mode=speed
[Build] Starting insertion...
[Build] Inserted 100/50000 points, avg insert time: 2.762 ms
[Build] Inserted 200/50000 points, avg insert time: 2.671 ms
[Build] Inserted 300/50000 points, avg insert time: 1.530 ms
[Build] Inserted 400/50000 points, avg insert time: 1.395 ms
[Build] Inserted 500/50000 points, avg insert time: 1.673 ms
[Build] Inserted 600/50000 points, avg insert time: 1.787 ms
[Build] Inserted 700/50000 points, avg insert time: 1.105 ms
[Build] Inserted 800/50000 points, avg insert time: 1.734 ms
[Build] Inserted 900/50000 points, avg insert time: 3.276 ms
[Build] Inserted 1000/50000 points, avg insert time: 1.271 ms
[Build] Inserted 1100/50000 points, avg insert time: 1.539 ms
[Build] Inserted 1200/50000 points, avg insert time: 1.421 ms
[Build] Inserted 1300/50000 points, avg insert time: 2.110 ms
[Build] Inserted 1400/50000 points, avg insert time: 1.274 ms
[Build] Inserted 1500/50000 points, avg insert time: 1.690 ms
[Build] Inserted 1600/50000 points, avg insert time: 3.229 ms
[Build] Inserted 1700/50000 points, avg insert time: 2.361 ms
[Build] Inserted 1800/50000 points, avg insert time: 2.596 ms
[Build] Inserted 1900/50000 points, avg insert time: 1.576 ms
[Build] Inserted 2000/50000 points, avg insert time: 1.528 ms
[Build] Inserted 2100/50000 points, avg insert time: 1.500 ms
[Build] Inserted 2200/50000 points, avg insert time: 1.097 ms
[Build] Inserted 2300/50000 points, avg insert time: 1.537 ms
[Build] Inserted 2400/50000 points, avg insert time: 1.261 ms
[Build] Inserted 2500/50000 points, avg insert time: 1.991 ms
[Build] Inserted 2600/50000 points, avg insert time: 1.889 ms
[Build] Inserted 2700/50000 points, avg insert time: 2.180 ms
[Build] Inserted 2800/50000 points, avg insert time: 1.110 ms
[Build] Inserted 2900/50000 points, avg insert time: 0.993 ms
[Build] Inserted 3000/50000 points, avg insert time: 2.647 ms
[Build] Inserted 3100/50000 points, avg insert time: 1.785 ms
[Build] Inserted 3200/50000 points, avg insert time: 1.372 ms
[Build] Inserted 3300/50000 points, avg insert time: 1.015 ms
[Build] Inserted 3400/50000 points, avg insert time: 1.589 ms
[Build] Inserted 3500/50000 points, avg insert time: 2.005 ms
[Build] Inserted 3600/50000 points, avg insert time: 1.573 ms
[Build] Inserted 3700/50000 points, avg insert time: 2.381 ms
[Build] Inserted 3800/50000 points, avg insert time: 1.993 ms
[Build] Inserted 3900/50000 points, avg insert time: 1.265 ms
[Build] Inserted 4000/50000 points, avg insert time: 0.814 ms
[Build] Inserted 4100/50000 points, avg insert time: 1.735 ms
[Build] Inserted 4200/50000 points, avg insert time: 1.838 ms
[Build] Inserted 4300/50000 points, avg insert time: 1.170 ms
[Build] Inserted 4400/50000 points, avg insert time: 2.214 ms
[Build] Inserted 4500/50000 points, avg insert time: 2.644 ms
[Build] Inserted 4600/50000 points, avg insert time: 1.156 ms
[Build] Inserted 4700/50000 points, avg insert time: 0.987 ms
[Build] Inserted 4800/50000 points, avg insert time: 1.431 ms
[Build] Inserted 4900/50000 points, avg insert time: 2.474 ms
[Build] Inserted 5000/50000 points, avg insert time: 3.200 ms
[Build] Inserted 5100/50000 points, avg insert time: 2.153 ms
[Build] Inserted 5200/50000 points, avg insert time: 1.297 ms
[Build] Inserted 5300/50000 points, avg insert time: 2.726 ms
[Build] Inserted 5400/50000 points, avg insert time: 1.152 ms
[Build] Inserted 5500/50000 points, avg insert time: 0.842 ms
[Build] Inserted 5600/50000 points, avg insert time: 2.486 ms
[Build] Inserted 5700/50000 points, avg insert time: 1.869 ms
[Build] Inserted 5800/50000 points, avg insert time: 2.733 ms
[Build] Inserted 5900/50000 points, avg insert time: 1.298 ms
[Build] Inserted 6000/50000 points, avg insert time: 2.461 ms
[Build] Inserted 6100/50000 points, avg insert time: 1.814 ms
[Build] Inserted 6200/50000 points, avg insert time: 1.902 ms
[Build] Inserted 6300/50000 points, avg insert time: 1.480 ms
[Build] Inserted 6400/50000 points, avg insert time: 1.410 ms
[Build] Inserted 6500/50000 points, avg insert time: 1.698 ms
[Build] Inserted 6600/50000 points, avg insert time: 1.293 ms
[Build] Inserted 6700/50000 points, avg insert time: 1.987 ms
[Build] Inserted 6800/50000 points, avg insert time: 1.163 ms
[Build] Inserted 6900/50000 points, avg insert time: 2.134 ms
[Build] Inserted 7000/50000 points, avg insert time: 1.863 ms
[Build] Inserted 7100/50000 points, avg insert time: 1.878 ms
[Build] Inserted 7200/50000 points, avg insert time: 1.611 ms
[Build] Inserted 7300/50000 points, avg insert time: 1.020 ms
[Build] Inserted 7400/50000 points, avg insert time: 0.897 ms
[Build] Inserted 7500/50000 points, avg insert time: 0.565 ms
[Build] Inserted 7600/50000 points, avg insert time: 1.446 ms
[Build] Inserted 7700/50000 points, avg insert time: 1.817 ms
[Build] Inserted 7800/50000 points, avg insert time: 2.425 ms
[Build] Inserted 7900/50000 points, avg insert time: 2.300 ms
[Build] Inserted 8000/50000 points, avg insert time: 1.775 ms
[Build] Inserted 8100/50000 points, avg insert time: 1.678 ms
[Build] Inserted 8200/50000 points, avg insert time: 0.871 ms
[Build] Inserted 8300/50000 points, avg insert time: 1.137 ms
[Build] Inserted 8400/50000 points, avg insert time: 2.987 ms
[Build] Inserted 8500/50000 points, avg insert time: 1.828 ms
[Build] Inserted 8600/50000 points, avg insert time: 1.131 ms
[Build] Inserted 8700/50000 points, avg insert time: 1.561 ms
[Build] Inserted 8800/50000 points, avg insert time: 1.387 ms
[Build] Inserted 8900/50000 points, avg insert time: 2.263 ms
[Build] Inserted 9000/50000 points, avg insert time: 1.737 ms
[Build] Inserted 9100/50000 points, avg insert time: 1.549 ms
[Build] Inserted 9200/50000 points, avg insert time: 1.315 ms
[Build] Inserted 9300/50000 points, avg insert time: 0.850 ms
[Build] Inserted 9400/50000 points, avg insert time: 1.887 ms
[Build] Inserted 9500/50000 points, avg insert time: 2.772 ms
[Build] Inserted 9600/50000 points, avg insert time: 1.587 ms
[Build] Inserted 9700/50000 points, avg insert time: 1.339 ms
[Build] Inserted 9800/50000 points, avg insert time: 1.301 ms
[Build] Inserted 9900/50000 points, avg insert time: 1.875 ms
[Build] Inserted 10000/50000 points, avg insert time: 1.247 ms
[Build] Inserted 10100/50000 points, avg insert time: 1.976 ms
[Build] Inserted 10200/50000 points, avg insert time: -20.988 ms
[Build] Inserted 10300/50000 points, avg insert time: 1.957 ms
[Build] Inserted 10400/50000 points, avg insert time: 2.540 ms
[Build] Inserted 10500/50000 points, avg insert time: 1.316 ms
[Build] Inserted 10600/50000 points, avg insert time: 1.353 ms
[Build] Inserted 10700/50000 points, avg insert time: 2.013 ms
[Build] Inserted 10800/50000 points, avg insert time: 1.595 ms
[Build] Inserted 10900/50000 points, avg insert time: 1.542 ms
[Build] Inserted 11000/50000 points, avg insert time: 1.494 ms
[Build] Inserted 11100/50000 points, avg insert time: 1.058 ms
[Build] Inserted 11200/50000 points, avg insert time: 1.108 ms
[Build] Inserted 11300/50000 points, avg insert time: 2.037 ms
[Build] Inserted 11400/50000 points, avg insert time: 1.929 ms
[Build] Inserted 11500/50000 points, avg insert time: 1.996 ms
[Build] Inserted 11600/50000 points, avg insert time: 1.899 ms
[Build] Inserted 11700/50000 points, avg insert time: 0.687 ms
[Build] Inserted 11800/50000 points, avg insert time: 1.747 ms
[Build] Inserted 11900/50000 points, avg insert time: 1.961 ms
[Build] Inserted 12000/50000 points, avg insert time: 2.151 ms
[Build] Inserted 12100/50000 points, avg insert time: 1.397 ms
[Build] Inserted 12200/50000 points, avg insert time: 2.018 ms
[Build] Inserted 12300/50000 points, avg insert time: 1.568 ms
[Build] Inserted 12400/50000 points, avg insert time: 1.551 ms
[Build] Inserted 12500/50000 points, avg insert time: 1.409 ms
[Build] Inserted 12600/50000 points, avg insert time: 1.600 ms
[Build] Inserted 12700/50000 points, avg insert time: 1.688 ms
[Build] Inserted 12800/50000 points, avg insert time: 1.138 ms
[Build] Inserted 12900/50000 points, avg insert time: 1.554 ms
[Build] Inserted 13000/50000 points, avg insert time: 1.874 ms
[Build] Inserted 13100/50000 points, avg insert time: 1.328 ms
[Build] Inserted 13200/50000 points, avg insert time: 1.538 ms
[Build] Inserted 13300/50000 points, avg insert time: 1.274 ms
[Build] Inserted 13400/50000 points, avg insert time: 2.407 ms
[Build] Inserted 13500/50000 points, avg insert time: 1.542 ms
[Build] Inserted 13600/50000 points, avg insert time: 1.595 ms
[Build] Inserted 13700/50000 points, avg insert time: 1.431 ms
[Build] Inserted 13800/50000 points, avg insert time: 1.808 ms
[Build] Inserted 13900/50000 points, avg insert time: 0.999 ms
[Build] Inserted 14000/50000 points, avg insert time: 1.712 ms
[Build] Inserted 14100/50000 points, avg insert time: 1.116 ms
[Build] Inserted 14200/50000 points, avg insert time: 2.708 ms
[Build] Inserted 14300/50000 points, avg insert time: 1.878 ms
[Build] Inserted 14400/50000 points, avg insert time: 1.418 ms
[Build] Inserted 14500/50000 points, avg insert time: 3.481 ms
[Build] Inserted 14600/50000 points, avg insert time: 1.228 ms
[Build] Inserted 14700/50000 points, avg insert time: 1.394 ms
[Build] Inserted 14800/50000 points, avg insert time: 1.303 ms
[Build] Inserted 14900/50000 points, avg insert time: 1.737 ms
[Build] Inserted 15000/50000 points, avg insert time: 1.262 ms
[Build] Inserted 15100/50000 points, avg insert time: 2.095 ms
[Build] Inserted 15200/50000 points, avg insert time: 2.094 ms
[Build] Inserted 15300/50000 points, avg insert time: 2.160 ms
[Build] Inserted 15400/50000 points, avg insert time: 1.120 ms
[Build] Inserted 15500/50000 points, avg insert time: 1.831 ms
[Build] Inserted 15600/50000 points, avg insert time: 1.250 ms
[Build] Inserted 15700/50000 points, avg insert time: 1.370 ms
[Build] Inserted 15800/50000 points, avg insert time: 0.967 ms
[Build] Inserted 15900/50000 points, avg insert time: 1.417 ms
[Build] Inserted 16000/50000 points, avg insert time: 2.977 ms
[Build] Inserted 16100/50000 points, avg insert time: 1.988 ms
[Build] Inserted 16200/50000 points, avg insert time: 1.359 ms
[Build] Inserted 16300/50000 points, avg insert time: 1.724 ms
[Build] Inserted 16400/50000 points, avg insert time: 1.565 ms
[Build] Inserted 16500/50000 points, avg insert time: 2.250 ms
[Build] Inserted 16600/50000 points, avg insert time: 2.023 ms
[Build] Inserted 16700/50000 points, avg insert time: 0.894 ms
[Build] Inserted 16800/50000 points, avg insert time: 1.303 ms
[Build] Inserted 16900/50000 points, avg insert time: 1.878 ms
[Build] Inserted 17000/50000 points, avg insert time: 1.457 ms
[Build] Inserted 17100/50000 points, avg insert time: 1.835 ms
[Build] Inserted 17200/50000 points, avg insert time: 0.578 ms
[Build] Inserted 17300/50000 points, avg insert time: 2.121 ms
[Build] Inserted 17400/50000 points, avg insert time: 1.236 ms
[Build] Inserted 17500/50000 points, avg insert time: 1.647 ms
[Build] Inserted 17600/50000 points, avg insert time: 1.772 ms
[Build] Inserted 17700/50000 points, avg insert time: 1.309 ms
[Build] Inserted 17800/50000 points, avg insert time: 1.633 ms
[Build] Inserted 17900/50000 points, avg insert time: 2.596 ms
[Build] Inserted 18000/50000 points, avg insert time: 2.845 ms
[Build] Inserted 18100/50000 points, avg insert time: 1.914 ms
[Build] Inserted 18200/50000 points, avg insert time: 1.900 ms
[Build] Inserted 18300/50000 points, avg insert time: 1.391 ms
[Build] Inserted 18400/50000 points, avg insert time: 0.902 ms
[Build] Inserted 18500/50000 points, avg insert time: 1.027 ms
[Build] Inserted 18600/50000 points, avg insert time: 1.541 ms
[Build] Inserted 18700/50000 points, avg insert time: 2.372 ms
[Build] Inserted 18800/50000 points, avg insert time: 1.760 ms
[Build] Inserted 18900/50000 points, avg insert time: 3.728 ms
[Build] Inserted 19000/50000 points, avg insert time: 1.583 ms
[Build] Inserted 19100/50000 points, avg insert time: 2.290 ms
[Build] Inserted 19200/50000 points, avg insert time: 1.154 ms
[Build] Inserted 19300/50000 points, avg insert time: 0.873 ms
[Build] Inserted 19400/50000 points, avg insert time: 1.437 ms
[Build] Inserted 19500/50000 points, avg insert time: 1.146 ms
[Build] Inserted 19600/50000 points, avg insert time: 2.448 ms
[Build] Inserted 19700/50000 points, avg insert time: 1.710 ms
[Build] Inserted 19800/50000 points, avg insert time: 1.949 ms
[Build] Inserted 19900/50000 points, avg insert time: 1.468 ms
[Build] Inserted 20000/50000 points, avg insert time: 0.616 ms
[Build] Inserted 20100/50000 points, avg insert time: 1.436 ms
[Build] Inserted 20200/50000 points, avg insert time: 1.314 ms
[Build] Inserted 20300/50000 points, avg insert time: 1.788 ms
[Build] Inserted 20400/50000 points, avg insert time: 1.878 ms
[Build] Inserted 20500/50000 points, avg insert time: 1.323 ms
[Build] Inserted 20600/50000 points, avg insert time: 1.302 ms
[Build] Inserted 20700/50000 points, avg insert time: 2.017 ms
[Build] Inserted 20800/50000 points, avg insert time: 1.947 ms
[Build] Inserted 20900/50000 points, avg insert time: 3.223 ms
[Build] Inserted 21000/50000 points, avg insert time: 1.034 ms
[Build] Inserted 21100/50000 points, avg insert time: 2.433 ms
[Build] Inserted 21200/50000 points, avg insert time: 1.661 ms
[Build] Inserted 21300/50000 points, avg insert time: 1.775 ms
[Build] Inserted 21400/50000 points, avg insert time: 1.697 ms
[Build] Inserted 21500/50000 points, avg insert time: 1.017 ms
[Build] Inserted 21600/50000 points, avg insert time: 2.131 ms
[Build] Inserted 21700/50000 points, avg insert time: 1.414 ms
[Build] Inserted 21800/50000 points, avg insert time: 2.889 ms
[Build] Inserted 21900/50000 points, avg insert time: 1.908 ms
[Build] Inserted 22000/50000 points, avg insert time: 0.861 ms
[Build] Inserted 22100/50000 points, avg insert time: 2.287 ms
[Build] Inserted 22200/50000 points, avg insert time: 1.695 ms
[Build] Inserted 22300/50000 points, avg insert time: 2.338 ms
[Build] Inserted 22400/50000 points, avg insert time: 1.763 ms
[Build] Inserted 22500/50000 points, avg insert time: 2.262 ms
[Build] Inserted 22600/50000 points, avg insert time: 1.753 ms
[Build] Inserted 22700/50000 points, avg insert time: 1.524 ms
[Build] Inserted 22800/50000 points, avg insert time: 1.862 ms
[Build] Inserted 22900/50000 points, avg insert time: 1.806 ms
[Build] Inserted 23000/50000 points, avg insert time: 2.930 ms
[Build] Inserted 23100/50000 points, avg insert time: 1.467 ms
[Build] Inserted 23200/50000 points, avg insert time: 2.577 ms
[Build] Inserted 23300/50000 points, avg insert time: 1.529 ms
[Build] Inserted 23400/50000 points, avg insert time: 0.939 ms
[Build] Inserted 23500/50000 points, avg insert time: 1.641 ms
[Build] Inserted 23600/50000 points, avg insert time: 1.156 ms
[Build] Inserted 23700/50000 points, avg insert time: 2.035 ms
[Build] Inserted 23800/50000 points, avg insert time: 1.544 ms
[Build] Inserted 23900/50000 points, avg insert time: 1.440 ms
[Build] Inserted 24000/50000 points, avg insert time: 1.580 ms
[Build] Inserted 24100/50000 points, avg insert time: 1.019 ms
[Build] Inserted 24200/50000 points, avg insert time: 2.184 ms
[Build] Inserted 24300/50000 points, avg insert time: 1.891 ms
[Build] Inserted 24400/50000 points, avg insert time: 1.824 ms
[Build] Inserted 24500/50000 points, avg insert time: 3.154 ms
[Build] Inserted 24600/50000 points, avg insert time: 1.027 ms
[Build] Inserted 24700/50000 points, avg insert time: 1.997 ms
[Build] Inserted 24800/50000 points, avg insert time: 1.889 ms
[Build] Inserted 24900/50000 points, avg insert time: 1.194 ms
[Build] Inserted 25000/50000 points, avg insert time: 1.345 ms
[Build] Inserted 25100/50000 points, avg insert time: 1.436 ms
[Build] Inserted 25200/50000 points, avg insert time: 1.718 ms
[Build] Inserted 25300/50000 points, avg insert time: 1.761 ms
[Build] Inserted 25400/50000 points, avg insert time: 1.711 ms
[Build] Inserted 25500/50000 points, avg insert time: 1.998 ms
[Build] Inserted 25600/50000 points, avg insert time: 0.597 ms
[Build] Inserted 25700/50000 points, avg insert time: 1.914 ms
[Build] Inserted 25800/50000 points, avg insert time: 1.042 ms
[Build] Inserted 25900/50000 points, avg insert time: 1.418 ms
[Build] Inserted 26000/50000 points, avg insert time: 2.023 ms
[Build] Inserted 26100/50000 points, avg insert time: 0.856 ms
[Build] Inserted 26200/50000 points, avg insert time: 1.985 ms
[Build] Inserted 26300/50000 points, avg insert time: 0.888 ms
[Build] Inserted 26400/50000 points, avg insert time: 1.968 ms
[Build] Inserted 26500/50000 points, avg insert time: 1.502 ms
[Build] Inserted 26600/50000 points, avg insert time: 1.943 ms
[Build] Inserted 26700/50000 points, avg insert time: 2.593 ms
[Build] Inserted 26800/50000 points, avg insert time: 1.720 ms
[Build] Inserted 26900/50000 points, avg insert time: 1.731 ms
[Build] Inserted 27000/50000 points, avg insert time: 1.296 ms
[Build] Inserted 27100/50000 points, avg insert time: 2.060 ms
[Build] Inserted 27200/50000 points, avg insert time: 2.109 ms
[Build] Inserted 27300/50000 points, avg insert time: 0.743 ms
[Build] Inserted 27400/50000 points, avg insert time: 1.878 ms
[Build] Inserted 27500/50000 points, avg insert time: 1.598 ms
[Build] Inserted 27600/50000 points, avg insert time: 1.807 ms
[Build] Inserted 27700/50000 points, avg insert time: 0.888 ms
[Build] Inserted 27800/50000 points, avg insert time: 1.442 ms
[Build] Inserted 27900/50000 points, avg insert time: 1.782 ms
[Build] Inserted 28000/50000 points, avg insert time: 2.439 ms
[Build] Inserted 28100/50000 points, avg insert time: 1.597 ms
[Build] Inserted 28200/50000 points, avg insert time: 1.322 ms
[Build] Inserted 28300/50000 points, avg insert time: 1.650 ms
[Build] Inserted 28400/50000 points, avg insert time: 2.529 ms
[Build] Inserted 28500/50000 points, avg insert time: 2.138 ms
[Build] Inserted 28600/50000 points, avg insert time: 3.187 ms
[Build] Inserted 28700/50000 points, avg insert time: 2.544 ms
[Build] Inserted 28800/50000 points, avg insert time: 2.077 ms
[Build] Inserted 28900/50000 points, avg insert time: 1.765 ms
[Build] Inserted 29000/50000 points, avg insert time: -20.714 ms
[Build] Inserted 29100/50000 points, avg insert time: 1.179 ms
[Build] Inserted 29200/50000 points, avg insert time: 1.773 ms
[Build] Inserted 29300/50000 points, avg insert time: 1.760 ms
[Build] Inserted 29400/50000 points, avg insert time: 1.044 ms
[Build] Inserted 29500/50000 points, avg insert time: 1.311 ms
[Build] Inserted 29600/50000 points, avg insert time: 1.765 ms
[Build] Inserted 29700/50000 points, avg insert time: 1.638 ms
[Build] Inserted 29800/50000 points, avg insert time: 3.177 ms
[Build] Inserted 29900/50000 points, avg insert time: 2.363 ms
[Build] Inserted 30000/50000 points, avg insert time: 1.174 ms
[Build] Inserted 30100/50000 points, avg insert time: 0.993 ms
[Build] Inserted 30200/50000 points, avg insert time: 1.254 ms
[Build] Inserted 30300/50000 points, avg insert time: 2.312 ms
[Build] Inserted 30400/50000 points, avg insert time: 1.444 ms
[Build] Inserted 30500/50000 points, avg insert time: 2.144 ms
[Build] Inserted 30600/50000 points, avg insert time: 2.393 ms
[Build] Inserted 30700/50000 points, avg insert time: 1.270 ms
[Build] Inserted 30800/50000 points, avg insert time: 1.440 ms
[Build] Inserted 30900/50000 points, avg insert time: 1.281 ms
[Build] Inserted 31000/50000 points, avg insert time: 2.398 ms
[Build] Inserted 31100/50000 points, avg insert time: 1.571 ms
[Build] Inserted 31200/50000 points, avg insert time: 1.064 ms
[Build] Inserted 31300/50000 points, avg insert time: 1.642 ms
[Build] Inserted 31400/50000 points, avg insert time: 1.430 ms
[Build] Inserted 31500/50000 points, avg insert time: 1.563 ms
[Build] Inserted 31600/50000 points, avg insert time: 1.934 ms
[Build] Inserted 31700/50000 points, avg insert time: 1.861 ms
[Build] Inserted 31800/50000 points, avg insert time: 1.405 ms
[Build] Inserted 31900/50000 points, avg insert time: 1.367 ms
[Build] Inserted 32000/50000 points, avg insert time: 1.006 ms
[Build] Inserted 32100/50000 points, avg insert time: 1.131 ms
[Build] Inserted 32200/50000 points, avg insert time: 1.303 ms
[Build] Inserted 32300/50000 points, avg insert time: 2.103 ms
[Build] Inserted 32400/50000 points, avg insert time: 1.622 ms
[Build] Inserted 32500/50000 points, avg insert time: 1.440 ms
[Build] Inserted 32600/50000 points, avg insert time: 0.985 ms
[Build] Inserted 32700/50000 points, avg insert time: 1.529 ms
[Build] Inserted 32800/50000 points, avg insert time: 1.490 ms
[Build] Inserted 32900/50000 points, avg insert time: 2.020 ms
[Build] Inserted 33000/50000 points, avg insert time: 1.431 ms
[Build] Inserted 33100/50000 points, avg insert time: 2.655 ms
[Build] Inserted 33200/50000 points, avg insert time: 0.958 ms
[Build] Inserted 33300/50000 points, avg insert time: 1.787 ms
[Build] Inserted 33400/50000 points, avg insert time: 2.011 ms
[Build] Inserted 33500/50000 points, avg insert time: 1.673 ms
[Build] Inserted 33600/50000 points, avg insert time: 1.275 ms
[Build] Inserted 33700/50000 points, avg insert time: 1.384 ms
[Build] Inserted 33800/50000 points, avg insert time: 1.044 ms
[Build] Inserted 33900/50000 points, avg insert time: 1.017 ms
[Build] Inserted 34000/50000 points, avg insert time: 1.477 ms
[Build] Inserted 34100/50000 points, avg insert time: 0.600 ms
[Build] Inserted 34200/50000 points, avg insert time: 0.990 ms
[Build] Inserted 34300/50000 points, avg insert time: 1.335 ms
[Build] Inserted 34400/50000 points, avg insert time: 1.018 ms
[Build] Inserted 34500/50000 points, avg insert time: 2.913 ms
[Build] Inserted 34600/50000 points, avg insert time: 2.162 ms
[Build] Inserted 34700/50000 points, avg insert time: 0.858 ms
[Build] Inserted 34800/50000 points, avg insert time: 2.223 ms
[Build] Inserted 34900/50000 points, avg insert time: 1.925 ms
[Build] Inserted 35000/50000 points, avg insert time: 3.006 ms
[Build] Inserted 35100/50000 points, avg insert time: 1.089 ms
[Build] Inserted 35200/50000 points, avg insert time: 2.248 ms
[Build] Inserted 35300/50000 points, avg insert time: 2.940 ms
[Build] Inserted 35400/50000 points, avg insert time: 1.755 ms
[Build] Inserted 35500/50000 points, avg insert time: 1.579 ms
[Build] Inserted 35600/50000 points, avg insert time: 0.731 ms
[Build] Inserted 35700/50000 points, avg insert time: 1.296 ms
[Build] Inserted 35800/50000 points, avg insert time: 1.435 ms
[Build] Inserted 35900/50000 points, avg insert time: 1.593 ms
[Build] Inserted 36000/50000 points, avg insert time: 1.726 ms
[Build] Inserted 36100/50000 points, avg insert time: 1.639 ms
[Build] Inserted 36200/50000 points, avg insert time: 1.908 ms
[Build] Inserted 36300/50000 points, avg insert time: 1.455 ms
[Build] Inserted 36400/50000 points, avg insert time: 2.101 ms
[Build] Inserted 36500/50000 points, avg insert time: 1.474 ms
[Build] Inserted 36600/50000 points, avg insert time: 1.483 ms
[Build] Inserted 36700/50000 points, avg insert time: 1.927 ms
[Build] Inserted 36800/50000 points, avg insert time: 3.444 ms
[Build] Inserted 36900/50000 points, avg insert time: 1.038 ms
[Build] Inserted 37000/50000 points, avg insert time: 2.056 ms
[Build] Inserted 37100/50000 points, avg insert time: 2.384 ms
[Build] Inserted 37200/50000 points, avg insert time: 1.756 ms
[Build] Inserted 37300/50000 points, avg insert time: 2.777 ms
[Build] Inserted 37400/50000 points, avg insert time: 0.864 ms
[Build] Inserted 37500/50000 points, avg insert time: 1.144 ms
[Build] Inserted 37600/50000 points, avg insert time: 2.214 ms
[Build] Inserted 37700/50000 points, avg insert time: 2.074 ms
[Build] Inserted 37800/50000 points, avg insert time: 1.641 ms
[Build] Inserted 37900/50000 points, avg insert time: 0.771 ms
[Build] Inserted 38000/50000 points, avg insert time: 1.466 ms
[Build] Inserted 38100/50000 points, avg insert time: 1.751 ms
[Build] Inserted 38200/50000 points, avg insert time: 1.455 ms
[Build] Inserted 38300/50000 points, avg insert time: 1.731 ms
[Build] Inserted 38400/50000 points, avg insert time: 1.269 ms
[Build] Inserted 38500/50000 points, avg insert time: 1.957 ms
[Build] Inserted 38600/50000 points, avg insert time: 1.418 ms
[Build] Inserted 38700/50000 points, avg insert time: 1.691 ms
[Build] Inserted 38800/50000 points, avg insert time: 2.414 ms
[Build] Inserted 38900/50000 points, avg insert time: 1.640 ms
[Build] Inserted 39000/50000 points, avg insert time: 2.791 ms
[Build] Inserted 39100/50000 points, avg insert time: 1.454 ms
[Build] Inserted 39200/50000 points, avg insert time: 1.480 ms
[Build] Inserted 39300/50000 points, avg insert time: 1.144 ms
[Build] Inserted 39400/50000 points, avg insert time: 0.878 ms
[Build] Inserted 39500/50000 points, avg insert time: 1.736 ms
[Build] Inserted 39600/50000 points, avg insert time: 1.443 ms
[Build] Inserted 39700/50000 points, avg insert time: 1.882 ms
[Build] Inserted 39800/50000 points, avg insert time: 1.174 ms
[Build] Inserted 39900/50000 points, avg insert time: 2.603 ms
[Build] Inserted 40000/50000 points, avg insert time: 2.895 ms
[Build] Inserted 40100/50000 points, avg insert time: 1.874 ms
[Build] Inserted 40200/50000 points, avg insert time: 1.288 ms
[Build] Inserted 40300/50000 points, avg insert time: 1.652 ms
[Build] Inserted 40400/50000 points, avg insert time: 1.895 ms
[Build] Inserted 40500/50000 points, avg insert time: 0.872 ms
[Build] Inserted 40600/50000 points, avg insert time: 1.113 ms
[Build] Inserted 40700/50000 points, avg insert time: 1.674 ms
[Build] Inserted 40800/50000 points, avg insert time: 0.967 ms
[Build] Inserted 40900/50000 points, avg insert time: 1.117 ms
[Build] Inserted 41000/50000 points, avg insert time: 1.038 ms
[Build] Inserted 41100/50000 points, avg insert time: 1.779 ms
[Build] Inserted 41200/50000 points, avg insert time: 2.109 ms
[Build] Inserted 41300/50000 points, avg insert time: 1.661 ms
[Build] Inserted 41400/50000 points, avg insert time: 1.584 ms
[Build] Inserted 41500/50000 points, avg insert time: 2.517 ms
[Build] Inserted 41600/50000 points, avg insert time: 1.463 ms
[Build] Inserted 41700/50000 points, avg insert time: 1.561 ms
[Build] Inserted 41800/50000 points, avg insert time: 2.006 ms
[Build] Inserted 41900/50000 points, avg insert time: 1.188 ms
[Build] Inserted 42000/50000 points, avg insert time: 0.957 ms
[Build] Inserted 42100/50000 points, avg insert time: 2.202 ms
[Build] Inserted 42200/50000 points, avg insert time: 1.423 ms
[Build] Inserted 42300/50000 points, avg insert time: 1.800 ms
[Build] Inserted 42400/50000 points, avg insert time: 1.865 ms
[Build] Inserted 42500/50000 points, avg insert time: 1.958 ms
[Build] Inserted 42600/50000 points, avg insert time: 2.200 ms
[Build] Inserted 42700/50000 points, avg insert time: 2.682 ms
[Build] Inserted 42800/50000 points, avg insert time: 1.979 ms
[Build] Inserted 42900/50000 points, avg insert time: 1.568 ms
[Build] Inserted 43000/50000 points, avg insert time: 1.570 ms
[Build] Inserted 43100/50000 points, avg insert time: 1.772 ms
[Build] Inserted 43200/50000 points, avg insert time: 2.299 ms
[Build] Inserted 43300/50000 points, avg insert time: 2.704 ms
[Build] Inserted 43400/50000 points, avg insert time: 2.676 ms
[Build] Inserted 43500/50000 points, avg insert time: 2.727 ms
[Build] Inserted 43600/50000 points, avg insert time: 1.284 ms
[Build] Inserted 43700/50000 points, avg insert time: 2.907 ms
[Build] Inserted 43800/50000 points, avg insert time: 1.459 ms
[Build] Inserted 43900/50000 points, avg insert time: 2.405 ms
[Build] Inserted 44000/50000 points, avg insert time: 2.703 ms
[Build] Inserted 44100/50000 points, avg insert time: 1.859 ms
[Build] Inserted 44200/50000 points, avg insert time: 1.103 ms
[Build] Inserted 44300/50000 points, avg insert time: 2.072 ms
[Build] Inserted 44400/50000 points, avg insert time: 1.465 ms
[Build] Inserted 44500/50000 points, avg insert time: 1.997 ms
[Build] Inserted 44600/50000 points, avg insert time: 1.095 ms
[Build] Inserted 44700/50000 points, avg insert time: 1.112 ms
[Build] Inserted 44800/50000 points, avg insert time: 1.865 ms
[Build] Inserted 44900/50000 points, avg insert time: 2.102 ms
[Build] Inserted 45000/50000 points, avg insert time: 1.818 ms
[Build] Inserted 45100/50000 points, avg insert time: 1.907 ms
[Build] Inserted 45200/50000 points, avg insert time: 1.119 ms
[Build] Inserted 45300/50000 points, avg insert time: 2.278 ms
[Build] Inserted 45400/50000 points, avg insert time: 2.084 ms
[Build] Inserted 45500/50000 points, avg insert time: 1.384 ms
[Build] Inserted 45600/50000 points, avg insert time: 2.849 ms
[Build] Inserted 45700/50000 points, avg insert time: 1.482 ms
[Build] Inserted 45800/50000 points, avg insert time: 1.564 ms
[Build] Inserted 45900/50000 points, avg insert time: 1.737 ms
[Build] Inserted 46000/50000 points, avg insert time: 1.877 ms
[Build] Inserted 46100/50000 points, avg insert time: 1.444 ms
[Build] Inserted 46200/50000 points, avg insert time: 2.067 ms
[Build] Inserted 46300/50000 points, avg insert time: 1.361 ms
[Build] Inserted 46400/50000 points, avg insert time: 2.011 ms
[Build] Inserted 46500/50000 points, avg insert time: 2.179 ms
[Build] Inserted 46600/50000 points, avg insert time: 1.709 ms
[Build] Inserted 46700/50000 points, avg insert time: 2.287 ms
[Build] Inserted 46800/50000 points, avg insert time: 1.646 ms
[Build] Inserted 46900/50000 points, avg insert time: 2.255 ms
[Build] Inserted 47000/50000 points, avg insert time: 1.123 ms
[Build] Inserted 47100/50000 points, avg insert time: 1.805 ms
[Build] Inserted 47200/50000 points, avg insert time: 2.240 ms
[Build] Inserted 47300/50000 points, avg insert time: 1.776 ms
[Build] Inserted 47400/50000 points, avg insert time: 1.451 ms
[Build] Inserted 47500/50000 points, avg insert time: 2.446 ms
[Build] Inserted 47600/50000 points, avg insert time: 1.887 ms
[Build] Inserted 47700/50000 points, avg insert time: -20.402 ms
[Build] Inserted 47800/50000 points, avg insert time: 2.432 ms
[Build] Inserted 47900/50000 points, avg insert time: 1.898 ms
[Build] Inserted 48000/50000 points, avg insert time: 1.915 ms
[Build] Inserted 48100/50000 points, avg insert time: 0.633 ms
[Build] Inserted 48200/50000 points, avg insert time: 1.889 ms
[Build] Inserted 48300/50000 points, avg insert time: 2.250 ms
[Build] Inserted 48400/50000 points, avg insert time: 2.372 ms
[Build] Inserted 48500/50000 points, avg insert time: 1.662 ms
[Build] Inserted 48600/50000 points, avg insert time: 1.841 ms
[Build] Inserted 48700/50000 points, avg insert time: 1.866 ms
[Build] Inserted 48800/50000 points, avg insert time: 2.064 ms
[Build] Inserted 48900/50000 points, avg insert time: 2.728 ms
[Build] Inserted 49000/50000 points, avg insert time: 1.687 ms
[Build] Inserted 49100/50000 points, avg insert time: 2.955 ms
[Build] Inserted 49200/50000 points, avg insert time: 1.980 ms
[Build] Inserted 49300/50000 points, avg insert time: 1.143 ms
[Build] Inserted 49400/50000 points, avg insert time: 1.140 ms
[Build] Inserted 49500/50000 points, avg insert time: 0.971 ms
[Build] Inserted 49600/50000 points, avg insert time: 1.946 ms
[Build] Inserted 49700/50000 points, avg insert time: 3.360 ms
[Build] Inserted 49800/50000 points, avg insert time: 2.487 ms
[Build] Inserted 49900/50000 points, avg insert time: 2.561 ms
[Build] Inserted 50000/50000 points, avg insert time: 2.528 ms
[Build] Starting queries...
[Query] Processed 100/5000 queries, avg query time: 43.610 ms
[Query] Processed 200/5000 queries, avg query time: 43.940 ms
[Query] Processed 300/5000 queries, avg query time: 44.158 ms
[Query] Processed 400/5000 queries, avg query time: 45.025 ms
[Query] Processed 500/5000 queries, avg query time: 45.112 ms
[Query] Processed 600/5000 queries, avg query time: 44.707 ms
[Query] Processed 700/5000 queries, avg query time: 41.273 ms
[Query] Processed 800/5000 queries, avg query time: 42.047 ms
[Query] Processed 900/5000 queries, avg query time: 42.209 ms
[Query] Processed 1000/5000 queries, avg query time: 42.418 ms
[Query] Processed 1100/5000 queries, avg query time: 42.323 ms
[Query] Processed 1200/5000 queries, avg query time: 43.585 ms
[Query] Processed 1300/5000 queries, avg query time: 43.562 ms
[Query] Processed 1400/5000 queries, avg query time: 41.935 ms
[Query] Processed 1500/5000 queries, avg query time: 41.865 ms
[Query] Processed 1600/5000 queries, avg query time: 42.301 ms
[Query] Processed 1700/5000 queries, avg query time: 42.631 ms
[Query] Processed 1800/5000 queries, avg query time: 42.943 ms
[Query] Processed 1900/5000 queries, avg query time: 43.084 ms
[Query] Processed 2000/5000 queries, avg query time: 43.309 ms
[Query] Processed 2100/5000 queries, avg query time: 42.671 ms
[Query] Processed 2200/5000 queries, avg query time: 42.759 ms
[Query] Processed 2300/5000 queries, avg query time: 43.161 ms
[Query] Processed 2400/5000 queries, avg query time: 43.219 ms
[Query] Processed 2500/5000 queries, avg query time: 43.291 ms
[Query] Processed 2600/5000 queries, avg query time: 43.340 ms
[Query] Processed 2700/5000 queries, avg query time: 43.389 ms
[Query] Processed 2800/5000 queries, avg query time: 42.695 ms
[Query] Processed 2900/5000 queries, avg query time: 42.764 ms
[Query] Processed 3000/5000 queries, avg query time: 42.749 ms
[Query] Processed 3100/5000 queries, avg query time: 42.820 ms
[Query] Processed 3200/5000 queries, avg query time: 42.862 ms
[Query] Processed 3300/5000 queries, avg query time: 42.819 ms
[Query] Processed 3400/5000 queries, avg query time: 43.095 ms
[Query] Processed 3500/5000 queries, avg query time: 42.679 ms
[Query] Processed 3600/5000 queries, avg query time: 42.801 ms
[Query] Processed 3700/5000 queries, avg query time: 42.895 ms
[Query] Processed 3800/5000 queries, avg query time: 42.806 ms
[Query] Processed 3900/5000 queries, avg query time: 42.785 ms
[Query] Processed 4000/5000 queries, avg query time: 42.729 ms
[Query] Processed 4100/5000 queries, avg query time: 43.100 ms
[Query] Processed 4200/5000 queries, avg query time: 42.535 ms
[Query] Processed 4300/5000 queries, avg query time: 42.525 ms
[Query] Processed 4400/5000 queries, avg query time: 42.608 ms
[Query] Processed 4500/5000 queries, avg query time: 42.666 ms
[Query] Processed 4600/5000 queries, avg query time: 42.666 ms
[Query] Processed 4700/5000 queries, avg query time: 42.633 ms
[Query] Processed 4800/5000 queries, avg query time: 42.761 ms
[Query] Processed 4900/5000 queries, avg query time: 42.459 ms
[Query] Processed 5000/5000 queries, avg query time: 42.612 ms
[Sanity Check] Total Relevant =  5000
[Result] Memory breakdown (MB): {'hash_functions_MB': 13.568115234375, 'bucket_ids_MB': 24.7705078125, 'num_ids': 6493440, 'num_buckets': 572002, 'hash_tables_overhead_MB': 48.00431823730469, 'total_MB': 86.34294128417969}
[Result] Epsilon-recall: 0.9954
[Result] (c,r)-ANN accuracy: 1.0000
[SUMMARY] r=1.0, eps=0.5, eta=0.2, recall=0.9954, (c,r)-ANN accuracy=1.0, memory=86.34294128417969
