[Init] Inputs : eta=0.10, epsilon=1.00, r=1.00
[Init] LSH Parameters : w=3.772, p1=0.7885, p2=0.5891, rho=0.4491
[Init] Data Structure Parameters : k=21, L=163, key_bits=672, mode=speed
[Build] Starting insertion...
[Build] Inserted 100/50000 points, avg insert time: 0.967 ms
[Build] Inserted 200/50000 points, avg insert time: 0.810 ms
[Build] Inserted 300/50000 points, avg insert time: 1.078 ms
[Build] Inserted 400/50000 points, avg insert time: 0.983 ms
[Build] Inserted 500/50000 points, avg insert time: 0.849 ms
[Build] Inserted 600/50000 points, avg insert time: 1.002 ms
[Build] Inserted 700/50000 points, avg insert time: 0.901 ms
[Build] Inserted 800/50000 points, avg insert time: 0.594 ms
[Build] Inserted 900/50000 points, avg insert time: 0.666 ms
[Build] Inserted 1000/50000 points, avg insert time: 1.228 ms
[Build] Inserted 1100/50000 points, avg insert time: 1.336 ms
[Build] Inserted 1200/50000 points, avg insert time: 0.951 ms
[Build] Inserted 1300/50000 points, avg insert time: 1.235 ms
[Build] Inserted 1400/50000 points, avg insert time: 0.758 ms
[Build] Inserted 1500/50000 points, avg insert time: 0.506 ms
[Build] Inserted 1600/50000 points, avg insert time: 0.880 ms
[Build] Inserted 1700/50000 points, avg insert time: 0.856 ms
[Build] Inserted 1800/50000 points, avg insert time: 1.040 ms
[Build] Inserted 1900/50000 points, avg insert time: 0.840 ms
[Build] Inserted 2000/50000 points, avg insert time: 0.768 ms
[Build] Inserted 2100/50000 points, avg insert time: 0.641 ms
[Build] Inserted 2200/50000 points, avg insert time: 0.737 ms
[Build] Inserted 2300/50000 points, avg insert time: 0.744 ms
[Build] Inserted 2400/50000 points, avg insert time: 0.807 ms
[Build] Inserted 2500/50000 points, avg insert time: 0.778 ms
[Build] Inserted 2600/50000 points, avg insert time: 0.667 ms
[Build] Inserted 2700/50000 points, avg insert time: 0.635 ms
[Build] Inserted 2800/50000 points, avg insert time: 0.712 ms
[Build] Inserted 2900/50000 points, avg insert time: 0.710 ms
[Build] Inserted 3000/50000 points, avg insert time: 0.879 ms
[Build] Inserted 3100/50000 points, avg insert time: 0.579 ms
[Build] Inserted 3200/50000 points, avg insert time: -23.478 ms
[Build] Inserted 3300/50000 points, avg insert time: 0.679 ms
[Build] Inserted 3400/50000 points, avg insert time: 0.743 ms
[Build] Inserted 3500/50000 points, avg insert time: 0.668 ms
[Build] Inserted 3600/50000 points, avg insert time: 0.783 ms
[Build] Inserted 3700/50000 points, avg insert time: 0.666 ms
[Build] Inserted 3800/50000 points, avg insert time: 0.845 ms
[Build] Inserted 3900/50000 points, avg insert time: 0.721 ms
[Build] Inserted 4000/50000 points, avg insert time: 0.669 ms
[Build] Inserted 4100/50000 points, avg insert time: 0.773 ms
[Build] Inserted 4200/50000 points, avg insert time: 0.621 ms
[Build] Inserted 4300/50000 points, avg insert time: 0.757 ms
[Build] Inserted 4400/50000 points, avg insert time: 0.736 ms
[Build] Inserted 4500/50000 points, avg insert time: 0.624 ms
[Build] Inserted 4600/50000 points, avg insert time: 0.754 ms
[Build] Inserted 4700/50000 points, avg insert time: 0.849 ms
[Build] Inserted 4800/50000 points, avg insert time: 0.635 ms
[Build] Inserted 4900/50000 points, avg insert time: 0.651 ms
[Build] Inserted 5000/50000 points, avg insert time: 0.546 ms
[Build] Inserted 5100/50000 points, avg insert time: 0.645 ms
[Build] Inserted 5200/50000 points, avg insert time: 0.529 ms
[Build] Inserted 5300/50000 points, avg insert time: 0.509 ms
[Build] Inserted 5400/50000 points, avg insert time: 0.625 ms
[Build] Inserted 5500/50000 points, avg insert time: 0.917 ms
[Build] Inserted 5600/50000 points, avg insert time: 0.595 ms
[Build] Inserted 5700/50000 points, avg insert time: 0.610 ms
[Build] Inserted 5800/50000 points, avg insert time: 1.186 ms
[Build] Inserted 5900/50000 points, avg insert time: 0.608 ms
[Build] Inserted 6000/50000 points, avg insert time: 0.670 ms
[Build] Inserted 6100/50000 points, avg insert time: 1.105 ms
[Build] Inserted 6200/50000 points, avg insert time: 0.676 ms
[Build] Inserted 6300/50000 points, avg insert time: 0.858 ms
[Build] Inserted 6400/50000 points, avg insert time: 0.500 ms
[Build] Inserted 6500/50000 points, avg insert time: 0.944 ms
[Build] Inserted 6600/50000 points, avg insert time: 0.786 ms
[Build] Inserted 6700/50000 points, avg insert time: 0.930 ms
[Build] Inserted 6800/50000 points, avg insert time: 0.726 ms
[Build] Inserted 6900/50000 points, avg insert time: 0.766 ms
[Build] Inserted 7000/50000 points, avg insert time: 0.764 ms
[Build] Inserted 7100/50000 points, avg insert time: 0.739 ms
[Build] Inserted 7200/50000 points, avg insert time: 0.767 ms
[Build] Inserted 7300/50000 points, avg insert time: 0.720 ms
[Build] Inserted 7400/50000 points, avg insert time: 0.696 ms
[Build] Inserted 7500/50000 points, avg insert time: 0.766 ms
[Build] Inserted 7600/50000 points, avg insert time: 0.562 ms
[Build] Inserted 7700/50000 points, avg insert time: 0.883 ms
[Build] Inserted 7800/50000 points, avg insert time: 0.733 ms
[Build] Inserted 7900/50000 points, avg insert time: 1.019 ms
[Build] Inserted 8000/50000 points, avg insert time: 0.680 ms
[Build] Inserted 8100/50000 points, avg insert time: 0.641 ms
[Build] Inserted 8200/50000 points, avg insert time: 0.941 ms
[Build] Inserted 8300/50000 points, avg insert time: 0.759 ms
[Build] Inserted 8400/50000 points, avg insert time: 0.733 ms
[Build] Inserted 8500/50000 points, avg insert time: 0.936 ms
[Build] Inserted 8600/50000 points, avg insert time: 0.848 ms
[Build] Inserted 8700/50000 points, avg insert time: 0.605 ms
[Build] Inserted 8800/50000 points, avg insert time: 0.747 ms
[Build] Inserted 8900/50000 points, avg insert time: 0.652 ms
[Build] Inserted 9000/50000 points, avg insert time: 0.713 ms
[Build] Inserted 9100/50000 points, avg insert time: 0.795 ms
[Build] Inserted 9200/50000 points, avg insert time: 0.825 ms
[Build] Inserted 9300/50000 points, avg insert time: 0.639 ms
[Build] Inserted 9400/50000 points, avg insert time: 0.776 ms
[Build] Inserted 9500/50000 points, avg insert time: 0.663 ms
[Build] Inserted 9600/50000 points, avg insert time: 0.722 ms
[Build] Inserted 9700/50000 points, avg insert time: 0.751 ms
[Build] Inserted 9800/50000 points, avg insert time: 0.624 ms
[Build] Inserted 9900/50000 points, avg insert time: 0.748 ms
[Build] Inserted 10000/50000 points, avg insert time: 1.235 ms
[Build] Inserted 10100/50000 points, avg insert time: 0.667 ms
[Build] Inserted 10200/50000 points, avg insert time: 0.844 ms
[Build] Inserted 10300/50000 points, avg insert time: 0.642 ms
[Build] Inserted 10400/50000 points, avg insert time: 0.769 ms
[Build] Inserted 10500/50000 points, avg insert time: 0.652 ms
[Build] Inserted 10600/50000 points, avg insert time: 0.647 ms
[Build] Inserted 10700/50000 points, avg insert time: 0.738 ms
[Build] Inserted 10800/50000 points, avg insert time: 0.669 ms
[Build] Inserted 10900/50000 points, avg insert time: 0.755 ms
[Build] Inserted 11000/50000 points, avg insert time: 0.795 ms
[Build] Inserted 11100/50000 points, avg insert time: 0.724 ms
[Build] Inserted 11200/50000 points, avg insert time: 0.633 ms
[Build] Inserted 11300/50000 points, avg insert time: 0.707 ms
[Build] Inserted 11400/50000 points, avg insert time: 1.175 ms
[Build] Inserted 11500/50000 points, avg insert time: 0.619 ms
[Build] Inserted 11600/50000 points, avg insert time: 0.720 ms
[Build] Inserted 11700/50000 points, avg insert time: 0.779 ms
[Build] Inserted 11800/50000 points, avg insert time: 0.608 ms
[Build] Inserted 11900/50000 points, avg insert time: 0.696 ms
[Build] Inserted 12000/50000 points, avg insert time: 0.854 ms
[Build] Inserted 12100/50000 points, avg insert time: 0.888 ms
[Build] Inserted 12200/50000 points, avg insert time: 0.668 ms
[Build] Inserted 12300/50000 points, avg insert time: 0.786 ms
[Build] Inserted 12400/50000 points, avg insert time: 0.741 ms
[Build] Inserted 12500/50000 points, avg insert time: 0.788 ms
[Build] Inserted 12600/50000 points, avg insert time: 0.852 ms
[Build] Inserted 12700/50000 points, avg insert time: 1.329 ms
[Build] Inserted 12800/50000 points, avg insert time: 0.593 ms
[Build] Inserted 12900/50000 points, avg insert time: 0.753 ms
[Build] Inserted 13000/50000 points, avg insert time: 0.680 ms
[Build] Inserted 13100/50000 points, avg insert time: 0.610 ms
[Build] Inserted 13200/50000 points, avg insert time: 0.726 ms
[Build] Inserted 13300/50000 points, avg insert time: 0.498 ms
[Build] Inserted 13400/50000 points, avg insert time: 0.539 ms
[Build] Inserted 13500/50000 points, avg insert time: 0.697 ms
[Build] Inserted 13600/50000 points, avg insert time: 0.531 ms
[Build] Inserted 13700/50000 points, avg insert time: 0.622 ms
[Build] Inserted 13800/50000 points, avg insert time: 0.696 ms
[Build] Inserted 13900/50000 points, avg insert time: 0.582 ms
[Build] Inserted 14000/50000 points, avg insert time: 0.861 ms
[Build] Inserted 14100/50000 points, avg insert time: 0.491 ms
[Build] Inserted 14200/50000 points, avg insert time: 0.865 ms
[Build] Inserted 14300/50000 points, avg insert time: 0.881 ms
[Build] Inserted 14400/50000 points, avg insert time: 0.581 ms
[Build] Inserted 14500/50000 points, avg insert time: 0.693 ms
[Build] Inserted 14600/50000 points, avg insert time: 0.641 ms
[Build] Inserted 14700/50000 points, avg insert time: 0.812 ms
[Build] Inserted 14800/50000 points, avg insert time: 0.562 ms
[Build] Inserted 14900/50000 points, avg insert time: 0.640 ms
[Build] Inserted 15000/50000 points, avg insert time: 0.558 ms
[Build] Inserted 15100/50000 points, avg insert time: 0.720 ms
[Build] Inserted 15200/50000 points, avg insert time: 0.623 ms
[Build] Inserted 15300/50000 points, avg insert time: 0.647 ms
[Build] Inserted 15400/50000 points, avg insert time: 0.573 ms
[Build] Inserted 15500/50000 points, avg insert time: 0.882 ms
[Build] Inserted 15600/50000 points, avg insert time: 0.796 ms
[Build] Inserted 15700/50000 points, avg insert time: 0.575 ms
[Build] Inserted 15800/50000 points, avg insert time: 0.824 ms
[Build] Inserted 15900/50000 points, avg insert time: 0.535 ms
[Build] Inserted 16000/50000 points, avg insert time: 0.823 ms
[Build] Inserted 16100/50000 points, avg insert time: 0.822 ms
[Build] Inserted 16200/50000 points, avg insert time: 0.743 ms
[Build] Inserted 16300/50000 points, avg insert time: 0.823 ms
[Build] Inserted 16400/50000 points, avg insert time: 0.641 ms
[Build] Inserted 16500/50000 points, avg insert time: 0.776 ms
[Build] Inserted 16600/50000 points, avg insert time: 0.900 ms
[Build] Inserted 16700/50000 points, avg insert time: 0.599 ms
[Build] Inserted 16800/50000 points, avg insert time: 0.607 ms
[Build] Inserted 16900/50000 points, avg insert time: 0.773 ms
[Build] Inserted 17000/50000 points, avg insert time: 0.616 ms
[Build] Inserted 17100/50000 points, avg insert time: 0.745 ms
[Build] Inserted 17200/50000 points, avg insert time: 0.946 ms
[Build] Inserted 17300/50000 points, avg insert time: 0.482 ms
[Build] Inserted 17400/50000 points, avg insert time: 0.779 ms
[Build] Inserted 17500/50000 points, avg insert time: 0.607 ms
[Build] Inserted 17600/50000 points, avg insert time: 0.645 ms
[Build] Inserted 17700/50000 points, avg insert time: 0.731 ms
[Build] Inserted 17800/50000 points, avg insert time: 0.769 ms
[Build] Inserted 17900/50000 points, avg insert time: 0.577 ms
[Build] Inserted 18000/50000 points, avg insert time: 0.694 ms
[Build] Inserted 18100/50000 points, avg insert time: 0.806 ms
[Build] Inserted 18200/50000 points, avg insert time: 0.899 ms
[Build] Inserted 18300/50000 points, avg insert time: 0.718 ms
[Build] Inserted 18400/50000 points, avg insert time: 0.695 ms
[Build] Inserted 18500/50000 points, avg insert time: 0.683 ms
[Build] Inserted 18600/50000 points, avg insert time: 0.835 ms
[Build] Inserted 18700/50000 points, avg insert time: 1.559 ms
[Build] Inserted 18800/50000 points, avg insert time: 1.121 ms
[Build] Inserted 18900/50000 points, avg insert time: 1.155 ms
[Build] Inserted 19000/50000 points, avg insert time: 0.809 ms
[Build] Inserted 19100/50000 points, avg insert time: 0.858 ms
[Build] Inserted 19200/50000 points, avg insert time: 0.729 ms
[Build] Inserted 19300/50000 points, avg insert time: 0.919 ms
[Build] Inserted 19400/50000 points, avg insert time: 0.876 ms
[Build] Inserted 19500/50000 points, avg insert time: 0.775 ms
[Build] Inserted 19600/50000 points, avg insert time: 0.799 ms
[Build] Inserted 19700/50000 points, avg insert time: 0.861 ms
[Build] Inserted 19800/50000 points, avg insert time: 0.646 ms
[Build] Inserted 19900/50000 points, avg insert time: 0.982 ms
[Build] Inserted 20000/50000 points, avg insert time: 0.899 ms
[Build] Inserted 20100/50000 points, avg insert time: 0.866 ms
[Build] Inserted 20200/50000 points, avg insert time: 0.780 ms
[Build] Inserted 20300/50000 points, avg insert time: 0.688 ms
[Build] Inserted 20400/50000 points, avg insert time: 0.840 ms
[Build] Inserted 20500/50000 points, avg insert time: 1.227 ms
[Build] Inserted 20600/50000 points, avg insert time: 1.022 ms
[Build] Inserted 20700/50000 points, avg insert time: 1.173 ms
[Build] Inserted 20800/50000 points, avg insert time: 1.052 ms
[Build] Inserted 20900/50000 points, avg insert time: 0.951 ms
[Build] Inserted 21000/50000 points, avg insert time: 0.881 ms
[Build] Inserted 21100/50000 points, avg insert time: 0.889 ms
[Build] Inserted 21200/50000 points, avg insert time: 0.728 ms
[Build] Inserted 21300/50000 points, avg insert time: 0.702 ms
[Build] Inserted 21400/50000 points, avg insert time: 0.874 ms
[Build] Inserted 21500/50000 points, avg insert time: 0.722 ms
[Build] Inserted 21600/50000 points, avg insert time: 1.026 ms
[Build] Inserted 21700/50000 points, avg insert time: 0.691 ms
[Build] Inserted 21800/50000 points, avg insert time: 0.857 ms
[Build] Inserted 21900/50000 points, avg insert time: 1.133 ms
[Build] Inserted 22000/50000 points, avg insert time: 0.719 ms
[Build] Inserted 22100/50000 points, avg insert time: 0.575 ms
[Build] Inserted 22200/50000 points, avg insert time: 0.748 ms
[Build] Inserted 22300/50000 points, avg insert time: 0.747 ms
[Build] Inserted 22400/50000 points, avg insert time: 0.641 ms
[Build] Inserted 22500/50000 points, avg insert time: 0.681 ms
[Build] Inserted 22600/50000 points, avg insert time: 0.652 ms
[Build] Inserted 22700/50000 points, avg insert time: 0.753 ms
[Build] Inserted 22800/50000 points, avg insert time: 0.674 ms
[Build] Inserted 22900/50000 points, avg insert time: 0.671 ms
[Build] Inserted 23000/50000 points, avg insert time: 0.510 ms
[Build] Inserted 23100/50000 points, avg insert time: 0.620 ms
[Build] Inserted 23200/50000 points, avg insert time: 0.762 ms
[Build] Inserted 23300/50000 points, avg insert time: 0.742 ms
[Build] Inserted 23400/50000 points, avg insert time: 0.677 ms
[Build] Inserted 23500/50000 points, avg insert time: 0.634 ms
[Build] Inserted 23600/50000 points, avg insert time: 0.728 ms
[Build] Inserted 23700/50000 points, avg insert time: 0.583 ms
[Build] Inserted 23800/50000 points, avg insert time: 0.730 ms
[Build] Inserted 23900/50000 points, avg insert time: 0.668 ms
[Build] Inserted 24000/50000 points, avg insert time: 0.762 ms
[Build] Inserted 24100/50000 points, avg insert time: 0.479 ms
[Build] Inserted 24200/50000 points, avg insert time: 0.657 ms
[Build] Inserted 24300/50000 points, avg insert time: 0.904 ms
[Build] Inserted 24400/50000 points, avg insert time: 0.781 ms
[Build] Inserted 24500/50000 points, avg insert time: 0.779 ms
[Build] Inserted 24600/50000 points, avg insert time: 0.725 ms
[Build] Inserted 24700/50000 points, avg insert time: 0.614 ms
[Build] Inserted 24800/50000 points, avg insert time: 0.668 ms
[Build] Inserted 24900/50000 points, avg insert time: 0.706 ms
[Build] Inserted 25000/50000 points, avg insert time: 1.089 ms
[Build] Inserted 25100/50000 points, avg insert time: 0.755 ms
[Build] Inserted 25200/50000 points, avg insert time: 0.763 ms
[Build] Inserted 25300/50000 points, avg insert time: 0.720 ms
[Build] Inserted 25400/50000 points, avg insert time: 0.852 ms
[Build] Inserted 25500/50000 points, avg insert time: 0.692 ms
[Build] Inserted 25600/50000 points, avg insert time: 0.679 ms
[Build] Inserted 25700/50000 points, avg insert time: 0.803 ms
[Build] Inserted 25800/50000 points, avg insert time: 0.696 ms
[Build] Inserted 25900/50000 points, avg insert time: 0.763 ms
[Build] Inserted 26000/50000 points, avg insert time: 0.783 ms
[Build] Inserted 26100/50000 points, avg insert time: 0.775 ms
[Build] Inserted 26200/50000 points, avg insert time: 0.759 ms
[Build] Inserted 26300/50000 points, avg insert time: 0.795 ms
[Build] Inserted 26400/50000 points, avg insert time: 0.669 ms
[Build] Inserted 26500/50000 points, avg insert time: 0.946 ms
[Build] Inserted 26600/50000 points, avg insert time: 0.658 ms
[Build] Inserted 26700/50000 points, avg insert time: 0.458 ms
[Build] Inserted 26800/50000 points, avg insert time: 0.535 ms
[Build] Inserted 26900/50000 points, avg insert time: 0.676 ms
[Build] Inserted 27000/50000 points, avg insert time: 0.658 ms
[Build] Inserted 27100/50000 points, avg insert time: 0.671 ms
[Build] Inserted 27200/50000 points, avg insert time: 0.597 ms
[Build] Inserted 27300/50000 points, avg insert time: 0.590 ms
[Build] Inserted 27400/50000 points, avg insert time: 0.775 ms
[Build] Inserted 27500/50000 points, avg insert time: 0.697 ms
[Build] Inserted 27600/50000 points, avg insert time: 0.621 ms
[Build] Inserted 27700/50000 points, avg insert time: 0.681 ms
[Build] Inserted 27800/50000 points, avg insert time: 0.656 ms
[Build] Inserted 27900/50000 points, avg insert time: 0.799 ms
[Build] Inserted 28000/50000 points, avg insert time: 0.633 ms
[Build] Inserted 28100/50000 points, avg insert time: 0.813 ms
[Build] Inserted 28200/50000 points, avg insert time: 0.673 ms
[Build] Inserted 28300/50000 points, avg insert time: 0.777 ms
[Build] Inserted 28400/50000 points, avg insert time: 0.741 ms
[Build] Inserted 28500/50000 points, avg insert time: 1.322 ms
[Build] Inserted 28600/50000 points, avg insert time: 0.800 ms
[Build] Inserted 28700/50000 points, avg insert time: 0.623 ms
[Build] Inserted 28800/50000 points, avg insert time: 0.879 ms
[Build] Inserted 28900/50000 points, avg insert time: 0.714 ms
[Build] Inserted 29000/50000 points, avg insert time: 0.805 ms
[Build] Inserted 29100/50000 points, avg insert time: 0.762 ms
[Build] Inserted 29200/50000 points, avg insert time: 0.496 ms
[Build] Inserted 29300/50000 points, avg insert time: 0.937 ms
[Build] Inserted 29400/50000 points, avg insert time: 0.716 ms
[Build] Inserted 29500/50000 points, avg insert time: 0.676 ms
[Build] Inserted 29600/50000 points, avg insert time: 0.570 ms
[Build] Inserted 29700/50000 points, avg insert time: 0.934 ms
[Build] Inserted 29800/50000 points, avg insert time: 0.486 ms
[Build] Inserted 29900/50000 points, avg insert time: 0.833 ms
[Build] Inserted 30000/50000 points, avg insert time: 0.770 ms
[Build] Inserted 30100/50000 points, avg insert time: 0.777 ms
[Build] Inserted 30200/50000 points, avg insert time: 0.770 ms
[Build] Inserted 30300/50000 points, avg insert time: 0.843 ms
[Build] Inserted 30400/50000 points, avg insert time: 0.671 ms
[Build] Inserted 30500/50000 points, avg insert time: 0.839 ms
[Build] Inserted 30600/50000 points, avg insert time: 0.711 ms
[Build] Inserted 30700/50000 points, avg insert time: 0.593 ms
[Build] Inserted 30800/50000 points, avg insert time: 0.650 ms
[Build] Inserted 30900/50000 points, avg insert time: 0.451 ms
[Build] Inserted 31000/50000 points, avg insert time: 0.708 ms
[Build] Inserted 31100/50000 points, avg insert time: 0.796 ms
[Build] Inserted 31200/50000 points, avg insert time: 0.518 ms
[Build] Inserted 31300/50000 points, avg insert time: 0.629 ms
[Build] Inserted 31400/50000 points, avg insert time: 0.780 ms
[Build] Inserted 31500/50000 points, avg insert time: 1.214 ms
[Build] Inserted 31600/50000 points, avg insert time: 0.561 ms
[Build] Inserted 31700/50000 points, avg insert time: 0.898 ms
[Build] Inserted 31800/50000 points, avg insert time: 0.619 ms
[Build] Inserted 31900/50000 points, avg insert time: 0.579 ms
[Build] Inserted 32000/50000 points, avg insert time: 0.695 ms
[Build] Inserted 32100/50000 points, avg insert time: 0.703 ms
[Build] Inserted 32200/50000 points, avg insert time: 0.656 ms
[Build] Inserted 32300/50000 points, avg insert time: 0.795 ms
[Build] Inserted 32400/50000 points, avg insert time: 0.586 ms
[Build] Inserted 32500/50000 points, avg insert time: 0.906 ms
[Build] Inserted 32600/50000 points, avg insert time: 0.659 ms
[Build] Inserted 32700/50000 points, avg insert time: 0.877 ms
[Build] Inserted 32800/50000 points, avg insert time: 0.621 ms
[Build] Inserted 32900/50000 points, avg insert time: 0.754 ms
[Build] Inserted 33000/50000 points, avg insert time: 0.569 ms
[Build] Inserted 33100/50000 points, avg insert time: 0.802 ms
[Build] Inserted 33200/50000 points, avg insert time: 0.776 ms
[Build] Inserted 33300/50000 points, avg insert time: 0.517 ms
[Build] Inserted 33400/50000 points, avg insert time: 0.611 ms
[Build] Inserted 33500/50000 points, avg insert time: 0.679 ms
[Build] Inserted 33600/50000 points, avg insert time: 0.704 ms
[Build] Inserted 33700/50000 points, avg insert time: 0.714 ms
[Build] Inserted 33800/50000 points, avg insert time: 0.628 ms
[Build] Inserted 33900/50000 points, avg insert time: 0.908 ms
[Build] Inserted 34000/50000 points, avg insert time: 0.540 ms
[Build] Inserted 34100/50000 points, avg insert time: 0.853 ms
[Build] Inserted 34200/50000 points, avg insert time: 0.754 ms
[Build] Inserted 34300/50000 points, avg insert time: 0.541 ms
[Build] Inserted 34400/50000 points, avg insert time: 0.571 ms
[Build] Inserted 34500/50000 points, avg insert time: 0.966 ms
[Build] Inserted 34600/50000 points, avg insert time: 0.732 ms
[Build] Inserted 34700/50000 points, avg insert time: 0.589 ms
[Build] Inserted 34800/50000 points, avg insert time: 0.650 ms
[Build] Inserted 34900/50000 points, avg insert time: 0.793 ms
[Build] Inserted 35000/50000 points, avg insert time: 0.859 ms
[Build] Inserted 35100/50000 points, avg insert time: 0.837 ms
[Build] Inserted 35200/50000 points, avg insert time: 0.733 ms
[Build] Inserted 35300/50000 points, avg insert time: 0.937 ms
[Build] Inserted 35400/50000 points, avg insert time: 0.671 ms
[Build] Inserted 35500/50000 points, avg insert time: 0.657 ms
[Build] Inserted 35600/50000 points, avg insert time: 0.560 ms
[Build] Inserted 35700/50000 points, avg insert time: 0.585 ms
[Build] Inserted 35800/50000 points, avg insert time: 0.854 ms
[Build] Inserted 35900/50000 points, avg insert time: 0.629 ms
[Build] Inserted 36000/50000 points, avg insert time: 0.961 ms
[Build] Inserted 36100/50000 points, avg insert time: 0.593 ms
[Build] Inserted 36200/50000 points, avg insert time: 0.607 ms
[Build] Inserted 36300/50000 points, avg insert time: 0.602 ms
[Build] Inserted 36400/50000 points, avg insert time: 0.601 ms
[Build] Inserted 36500/50000 points, avg insert time: 0.605 ms
[Build] Inserted 36600/50000 points, avg insert time: 0.630 ms
[Build] Inserted 36700/50000 points, avg insert time: 0.591 ms
[Build] Inserted 36800/50000 points, avg insert time: 0.779 ms
[Build] Inserted 36900/50000 points, avg insert time: 0.751 ms
[Build] Inserted 37000/50000 points, avg insert time: 0.580 ms
[Build] Inserted 37100/50000 points, avg insert time: 0.665 ms
[Build] Inserted 37200/50000 points, avg insert time: 0.641 ms
[Build] Inserted 37300/50000 points, avg insert time: 0.660 ms
[Build] Inserted 37400/50000 points, avg insert time: 0.615 ms
[Build] Inserted 37500/50000 points, avg insert time: 0.646 ms
[Build] Inserted 37600/50000 points, avg insert time: 0.666 ms
[Build] Inserted 37700/50000 points, avg insert time: 0.611 ms
[Build] Inserted 37800/50000 points, avg insert time: 0.603 ms
[Build] Inserted 37900/50000 points, avg insert time: 0.722 ms
[Build] Inserted 38000/50000 points, avg insert time: 0.645 ms
[Build] Inserted 38100/50000 points, avg insert time: 0.545 ms
[Build] Inserted 38200/50000 points, avg insert time: 0.798 ms
[Build] Inserted 38300/50000 points, avg insert time: 0.800 ms
[Build] Inserted 38400/50000 points, avg insert time: 0.607 ms
[Build] Inserted 38500/50000 points, avg insert time: 0.656 ms
[Build] Inserted 38600/50000 points, avg insert time: 0.624 ms
[Build] Inserted 38700/50000 points, avg insert time: 0.631 ms
[Build] Inserted 38800/50000 points, avg insert time: 0.520 ms
[Build] Inserted 38900/50000 points, avg insert time: 0.887 ms
[Build] Inserted 39000/50000 points, avg insert time: 0.824 ms
[Build] Inserted 39100/50000 points, avg insert time: 0.706 ms
[Build] Inserted 39200/50000 points, avg insert time: 0.741 ms
[Build] Inserted 39300/50000 points, avg insert time: 0.879 ms
[Build] Inserted 39400/50000 points, avg insert time: 0.653 ms
[Build] Inserted 39500/50000 points, avg insert time: 0.811 ms
[Build] Inserted 39600/50000 points, avg insert time: 0.652 ms
[Build] Inserted 39700/50000 points, avg insert time: 0.631 ms
[Build] Inserted 39800/50000 points, avg insert time: 0.721 ms
[Build] Inserted 39900/50000 points, avg insert time: 0.675 ms
[Build] Inserted 40000/50000 points, avg insert time: 0.634 ms
[Build] Inserted 40100/50000 points, avg insert time: 0.556 ms
[Build] Inserted 40200/50000 points, avg insert time: 0.558 ms
[Build] Inserted 40300/50000 points, avg insert time: 0.572 ms
[Build] Inserted 40400/50000 points, avg insert time: 0.610 ms
[Build] Inserted 40500/50000 points, avg insert time: 0.576 ms
[Build] Inserted 40600/50000 points, avg insert time: 0.615 ms
[Build] Inserted 40700/50000 points, avg insert time: 0.520 ms
[Build] Inserted 40800/50000 points, avg insert time: 0.647 ms
[Build] Inserted 40900/50000 points, avg insert time: 0.640 ms
[Build] Inserted 41000/50000 points, avg insert time: 0.727 ms
[Build] Inserted 41100/50000 points, avg insert time: 0.592 ms
[Build] Inserted 41200/50000 points, avg insert time: 0.854 ms
[Build] Inserted 41300/50000 points, avg insert time: 1.098 ms
[Build] Inserted 41400/50000 points, avg insert time: 0.595 ms
[Build] Inserted 41500/50000 points, avg insert time: 0.767 ms
[Build] Inserted 41600/50000 points, avg insert time: 0.649 ms
[Build] Inserted 41700/50000 points, avg insert time: 0.672 ms
[Build] Inserted 41800/50000 points, avg insert time: 0.873 ms
[Build] Inserted 41900/50000 points, avg insert time: 0.941 ms
[Build] Inserted 42000/50000 points, avg insert time: 0.684 ms
[Build] Inserted 42100/50000 points, avg insert time: 0.623 ms
[Build] Inserted 42200/50000 points, avg insert time: 0.674 ms
[Build] Inserted 42300/50000 points, avg insert time: 0.755 ms
[Build] Inserted 42400/50000 points, avg insert time: 0.666 ms
[Build] Inserted 42500/50000 points, avg insert time: 0.632 ms
[Build] Inserted 42600/50000 points, avg insert time: 0.707 ms
[Build] Inserted 42700/50000 points, avg insert time: 0.930 ms
[Build] Inserted 42800/50000 points, avg insert time: 0.872 ms
[Build] Inserted 42900/50000 points, avg insert time: 0.681 ms
[Build] Inserted 43000/50000 points, avg insert time: 1.079 ms
[Build] Inserted 43100/50000 points, avg insert time: 0.522 ms
[Build] Inserted 43200/50000 points, avg insert time: 0.878 ms
[Build] Inserted 43300/50000 points, avg insert time: 0.697 ms
[Build] Inserted 43400/50000 points, avg insert time: 0.514 ms
[Build] Inserted 43500/50000 points, avg insert time: 0.649 ms
[Build] Inserted 43600/50000 points, avg insert time: 0.772 ms
[Build] Inserted 43700/50000 points, avg insert time: 0.834 ms
[Build] Inserted 43800/50000 points, avg insert time: 0.488 ms
[Build] Inserted 43900/50000 points, avg insert time: 0.517 ms
[Build] Inserted 44000/50000 points, avg insert time: 0.777 ms
[Build] Inserted 44100/50000 points, avg insert time: 0.738 ms
[Build] Inserted 44200/50000 points, avg insert time: 0.986 ms
[Build] Inserted 44300/50000 points, avg insert time: 0.859 ms
[Build] Inserted 44400/50000 points, avg insert time: 1.073 ms
[Build] Inserted 44500/50000 points, avg insert time: 0.759 ms
[Build] Inserted 44600/50000 points, avg insert time: 0.667 ms
[Build] Inserted 44700/50000 points, avg insert time: 0.893 ms
[Build] Inserted 44800/50000 points, avg insert time: 0.689 ms
[Build] Inserted 44900/50000 points, avg insert time: 0.801 ms
[Build] Inserted 45000/50000 points, avg insert time: 0.640 ms
[Build] Inserted 45100/50000 points, avg insert time: 0.787 ms
[Build] Inserted 45200/50000 points, avg insert time: 0.493 ms
[Build] Inserted 45300/50000 points, avg insert time: 0.592 ms
[Build] Inserted 45400/50000 points, avg insert time: 0.612 ms
[Build] Inserted 45500/50000 points, avg insert time: 0.788 ms
[Build] Inserted 45600/50000 points, avg insert time: 0.877 ms
[Build] Inserted 45700/50000 points, avg insert time: 0.688 ms
[Build] Inserted 45800/50000 points, avg insert time: 0.699 ms
[Build] Inserted 45900/50000 points, avg insert time: 0.738 ms
[Build] Inserted 46000/50000 points, avg insert time: 0.705 ms
[Build] Inserted 46100/50000 points, avg insert time: 0.599 ms
[Build] Inserted 46200/50000 points, avg insert time: 0.688 ms
[Build] Inserted 46300/50000 points, avg insert time: 1.367 ms
[Build] Inserted 46400/50000 points, avg insert time: 0.795 ms
[Build] Inserted 46500/50000 points, avg insert time: 0.728 ms
[Build] Inserted 46600/50000 points, avg insert time: -23.284 ms
[Build] Inserted 46700/50000 points, avg insert time: 0.784 ms
[Build] Inserted 46800/50000 points, avg insert time: 0.735 ms
[Build] Inserted 46900/50000 points, avg insert time: 0.763 ms
[Build] Inserted 47000/50000 points, avg insert time: 0.694 ms
[Build] Inserted 47100/50000 points, avg insert time: 0.706 ms
[Build] Inserted 47200/50000 points, avg insert time: 0.662 ms
[Build] Inserted 47300/50000 points, avg insert time: 0.588 ms
[Build] Inserted 47400/50000 points, avg insert time: 0.643 ms
[Build] Inserted 47500/50000 points, avg insert time: 0.720 ms
[Build] Inserted 47600/50000 points, avg insert time: 0.656 ms
[Build] Inserted 47700/50000 points, avg insert time: 0.664 ms
[Build] Inserted 47800/50000 points, avg insert time: 0.746 ms
[Build] Inserted 47900/50000 points, avg insert time: 0.752 ms
[Build] Inserted 48000/50000 points, avg insert time: 0.698 ms
[Build] Inserted 48100/50000 points, avg insert time: 0.744 ms
[Build] Inserted 48200/50000 points, avg insert time: 0.825 ms
[Build] Inserted 48300/50000 points, avg insert time: 0.851 ms
[Build] Inserted 48400/50000 points, avg insert time: 0.637 ms
[Build] Inserted 48500/50000 points, avg insert time: 0.643 ms
[Build] Inserted 48600/50000 points, avg insert time: 0.674 ms
[Build] Inserted 48700/50000 points, avg insert time: 0.682 ms
[Build] Inserted 48800/50000 points, avg insert time: 0.551 ms
[Build] Inserted 48900/50000 points, avg insert time: 0.828 ms
[Build] Inserted 49000/50000 points, avg insert time: 0.725 ms
[Build] Inserted 49100/50000 points, avg insert time: 0.626 ms
[Build] Inserted 49200/50000 points, avg insert time: 0.967 ms
[Build] Inserted 49300/50000 points, avg insert time: 0.686 ms
[Build] Inserted 49400/50000 points, avg insert time: 0.608 ms
[Build] Inserted 49500/50000 points, avg insert time: 0.590 ms
[Build] Inserted 49600/50000 points, avg insert time: 0.788 ms
[Build] Inserted 49700/50000 points, avg insert time: 0.597 ms
[Build] Inserted 49800/50000 points, avg insert time: 0.815 ms
[Build] Inserted 49900/50000 points, avg insert time: 0.646 ms
[Build] Inserted 50000/50000 points, avg insert time: 0.669 ms
[Build] Starting queries...
[Query] Processed 100/5000 queries, avg query time: 39.236 ms
[Query] Processed 200/5000 queries, avg query time: 39.738 ms
[Query] Processed 300/5000 queries, avg query time: 41.978 ms
[Query] Processed 400/5000 queries, avg query time: 40.559 ms
[Query] Processed 500/5000 queries, avg query time: 40.837 ms
[Query] Processed 600/5000 queries, avg query time: 40.333 ms
[Query] Processed 700/5000 queries, avg query time: 39.541 ms
[Query] Processed 800/5000 queries, avg query time: 36.259 ms
[Query] Processed 900/5000 queries, avg query time: 36.255 ms
[Query] Processed 1000/5000 queries, avg query time: 35.991 ms
[Query] Processed 1100/5000 queries, avg query time: 36.137 ms
[Query] Processed 1200/5000 queries, avg query time: 36.504 ms
[Query] Processed 1300/5000 queries, avg query time: 36.315 ms
[Query] Processed 1400/5000 queries, avg query time: 36.513 ms
[Query] Processed 1500/5000 queries, avg query time: 36.369 ms
[Query] Processed 1600/5000 queries, avg query time: 36.470 ms
[Query] Processed 1700/5000 queries, avg query time: 35.037 ms
[Query] Processed 1800/5000 queries, avg query time: 35.330 ms
[Query] Processed 1900/5000 queries, avg query time: 35.457 ms
[Query] Processed 2000/5000 queries, avg query time: 35.626 ms
[Query] Processed 2100/5000 queries, avg query time: 35.693 ms
[Query] Processed 2200/5000 queries, avg query time: 35.766 ms
[Query] Processed 2300/5000 queries, avg query time: 35.808 ms
[Query] Processed 2400/5000 queries, avg query time: 35.962 ms
[Query] Processed 2500/5000 queries, avg query time: 35.108 ms
[Query] Processed 2600/5000 queries, avg query time: 35.213 ms
[Query] Processed 2700/5000 queries, avg query time: 35.274 ms
[Query] Processed 2800/5000 queries, avg query time: 35.353 ms
[Query] Processed 2900/5000 queries, avg query time: 35.403 ms
[Query] Processed 3000/5000 queries, avg query time: 35.774 ms
[Query] Processed 3100/5000 queries, avg query time: 35.788 ms
[Query] Processed 3200/5000 queries, avg query time: 35.751 ms
[Query] Processed 3300/5000 queries, avg query time: 35.948 ms
[Query] Processed 3400/5000 queries, avg query time: 35.110 ms
[Query] Processed 3500/5000 queries, avg query time: 35.344 ms
[Query] Processed 3600/5000 queries, avg query time: 35.355 ms
[Query] Processed 3700/5000 queries, avg query time: 35.428 ms
[Query] Processed 3800/5000 queries, avg query time: 35.428 ms
[Query] Processed 3900/5000 queries, avg query time: 35.643 ms
[Query] Processed 4000/5000 queries, avg query time: 35.736 ms
[Query] Processed 4100/5000 queries, avg query time: 35.700 ms
[Query] Processed 4200/5000 queries, avg query time: 35.170 ms
[Query] Processed 4300/5000 queries, avg query time: 35.372 ms
[Query] Processed 4400/5000 queries, avg query time: 35.498 ms
[Query] Processed 4500/5000 queries, avg query time: 35.594 ms
[Query] Processed 4600/5000 queries, avg query time: 35.622 ms
[Query] Processed 4700/5000 queries, avg query time: 35.729 ms
[Query] Processed 4800/5000 queries, avg query time: 35.865 ms
[Query] Processed 4900/5000 queries, avg query time: 35.879 ms
[Query] Processed 5000/5000 queries, avg query time: 35.838 ms
[Sanity Check] Total Relevant =  5000
[Result] Memory breakdown (MB): {'hash_functions_MB': 1.6975021362304688, 'bucket_ids_MB': 10.551872253417969, 'num_ids': 2766110, 'num_buckets': 50132, 'hash_tables_overhead_MB': 4.207244873046875, 'total_MB': 16.456619262695312}
[Result] Epsilon-recall: 0.9997
[Result] (c,r)-ANN accuracy: 1.0000
[SUMMARY] r=1.0, eps=1.0, eta=0.1, recall=0.9997, (c,r)-ANN accuracy=1.0, memory=16.456619262695312
