[Init] Inputs : eta=0.30, epsilon=0.10, r=1.00
[Init] LSH Parameters : w=2.660, p1=0.7010, p2=0.6722, rho=0.8945
[Init] Data Structure Parameters : k=28, L=22773, key_bits=896, mode=speed
[Build] Starting insertion...
[Build] Inserted 100/50000 points, avg insert time: 15.535 ms
[Build] Inserted 200/50000 points, avg insert time: 3.574 ms
[Build] Inserted 300/50000 points, avg insert time: -6.806 ms
[Build] Inserted 400/50000 points, avg insert time: 20.019 ms
[Build] Inserted 500/50000 points, avg insert time: 10.228 ms
[Build] Inserted 600/50000 points, avg insert time: 11.852 ms
[Build] Inserted 700/50000 points, avg insert time: 10.287 ms
[Build] Inserted 800/50000 points, avg insert time: 26.027 ms
[Build] Inserted 900/50000 points, avg insert time: 22.502 ms
[Build] Inserted 1000/50000 points, avg insert time: 9.088 ms
[Build] Inserted 1100/50000 points, avg insert time: 7.774 ms
[Build] Inserted 1200/50000 points, avg insert time: 8.648 ms
[Build] Inserted 1300/50000 points, avg insert time: 17.955 ms
[Build] Inserted 1400/50000 points, avg insert time: 20.732 ms
[Build] Inserted 1500/50000 points, avg insert time: 11.686 ms
[Build] Inserted 1600/50000 points, avg insert time: 18.186 ms
[Build] Inserted 1700/50000 points, avg insert time: 26.074 ms
[Build] Inserted 1800/50000 points, avg insert time: 7.471 ms
[Build] Inserted 1900/50000 points, avg insert time: 12.063 ms
[Build] Inserted 2000/50000 points, avg insert time: 29.780 ms
[Build] Inserted 2100/50000 points, avg insert time: 10.767 ms
[Build] Inserted 2200/50000 points, avg insert time: 6.753 ms
[Build] Inserted 2300/50000 points, avg insert time: 6.762 ms
[Build] Inserted 2400/50000 points, avg insert time: -8.228 ms
[Build] Inserted 2500/50000 points, avg insert time: 32.778 ms
[Build] Inserted 2600/50000 points, avg insert time: 20.602 ms
[Build] Inserted 2700/50000 points, avg insert time: 23.011 ms
[Build] Inserted 2800/50000 points, avg insert time: 21.945 ms
[Build] Inserted 2900/50000 points, avg insert time: 0.001 ms
[Build] Inserted 3000/50000 points, avg insert time: 6.278 ms
[Build] Inserted 3100/50000 points, avg insert time: 13.162 ms
[Build] Inserted 3200/50000 points, avg insert time: 13.131 ms
[Build] Inserted 3300/50000 points, avg insert time: 12.918 ms
[Build] Inserted 3400/50000 points, avg insert time: 13.988 ms
[Build] Inserted 3500/50000 points, avg insert time: 6.501 ms
[Build] Inserted 3600/50000 points, avg insert time: 6.672 ms
[Build] Inserted 3700/50000 points, avg insert time: 28.442 ms
[Build] Inserted 3800/50000 points, avg insert time: 10.151 ms
[Build] Inserted 3900/50000 points, avg insert time: 9.855 ms
[Build] Inserted 4000/50000 points, avg insert time: 7.206 ms
[Build] Inserted 4100/50000 points, avg insert time: 13.360 ms
[Build] Inserted 4200/50000 points, avg insert time: 9.060 ms
[Build] Inserted 4300/50000 points, avg insert time: 17.295 ms
[Build] Inserted 4400/50000 points, avg insert time: 12.846 ms
[Build] Inserted 4500/50000 points, avg insert time: 16.098 ms
[Build] Inserted 4600/50000 points, avg insert time: 1.001 ms
[Build] Inserted 4700/50000 points, avg insert time: 18.128 ms
[Build] Inserted 4800/50000 points, avg insert time: 6.664 ms
[Build] Inserted 4900/50000 points, avg insert time: 6.440 ms
[Build] Inserted 5000/50000 points, avg insert time: 9.864 ms
[Build] Inserted 5100/50000 points, avg insert time: 24.289 ms
[Build] Inserted 5200/50000 points, avg insert time: 10.979 ms
[Build] Inserted 5300/50000 points, avg insert time: 13.573 ms
[Build] Inserted 5400/50000 points, avg insert time: 10.523 ms
[Build] Inserted 5500/50000 points, avg insert time: 15.142 ms
[Build] Inserted 5600/50000 points, avg insert time: 13.423 ms
[Build] Inserted 5700/50000 points, avg insert time: 3.265 ms
[Build] Inserted 5800/50000 points, avg insert time: 13.348 ms
[Build] Inserted 5900/50000 points, avg insert time: 9.831 ms
[Build] Inserted 6000/50000 points, avg insert time: 13.450 ms
[Build] Inserted 6100/50000 points, avg insert time: 10.200 ms
[Build] Inserted 6200/50000 points, avg insert time: 17.049 ms
[Build] Inserted 6300/50000 points, avg insert time: 28.945 ms
[Build] Inserted 6400/50000 points, avg insert time: 6.698 ms
[Build] Inserted 6500/50000 points, avg insert time: 15.729 ms
[Build] Inserted 6600/50000 points, avg insert time: 25.629 ms
[Build] Inserted 6700/50000 points, avg insert time: 20.544 ms
[Build] Inserted 6800/50000 points, avg insert time: 0.700 ms
[Build] Inserted 6900/50000 points, avg insert time: 12.894 ms
[Build] Inserted 7000/50000 points, avg insert time: 24.332 ms
[Build] Inserted 7100/50000 points, avg insert time: 13.449 ms
[Build] Inserted 7200/50000 points, avg insert time: 20.593 ms
[Build] Inserted 7300/50000 points, avg insert time: 9.939 ms
[Build] Inserted 7400/50000 points, avg insert time: 14.718 ms
[Build] Inserted 7500/50000 points, avg insert time: 20.094 ms
[Build] Inserted 7600/50000 points, avg insert time: 10.031 ms
[Build] Inserted 7700/50000 points, avg insert time: 3.774 ms
[Build] Inserted 7800/50000 points, avg insert time: 13.499 ms
[Build] Inserted 7900/50000 points, avg insert time: 16.630 ms
[Build] Inserted 8000/50000 points, avg insert time: 13.714 ms
[Build] Inserted 8100/50000 points, avg insert time: 19.703 ms
[Build] Inserted 8200/50000 points, avg insert time: 38.196 ms
[Build] Inserted 8300/50000 points, avg insert time: 9.784 ms
[Build] Inserted 8400/50000 points, avg insert time: 21.495 ms
[Build] Inserted 8500/50000 points, avg insert time: 9.949 ms
[Build] Inserted 8600/50000 points, avg insert time: 15.573 ms
[Build] Inserted 8700/50000 points, avg insert time: 20.014 ms
[Build] Inserted 8800/50000 points, avg insert time: -22.716 ms
[Build] Inserted 8900/50000 points, avg insert time: 6.872 ms
[Build] Inserted 9000/50000 points, avg insert time: 10.542 ms
[Build] Inserted 9100/50000 points, avg insert time: 13.847 ms
[Build] Inserted 9200/50000 points, avg insert time: 19.736 ms
[Build] Inserted 9300/50000 points, avg insert time: 9.902 ms
[Build] Inserted 9400/50000 points, avg insert time: 11.724 ms
[Build] Inserted 9500/50000 points, avg insert time: 19.506 ms
[Build] Inserted 9600/50000 points, avg insert time: 19.772 ms
[Build] Inserted 9700/50000 points, avg insert time: 17.357 ms
[Build] Inserted 9800/50000 points, avg insert time: 9.757 ms
[Build] Inserted 9900/50000 points, avg insert time: 16.224 ms
[Build] Inserted 10000/50000 points, avg insert time: 20.777 ms
[Build] Inserted 10100/50000 points, avg insert time: 0.001 ms
[Build] Inserted 10200/50000 points, avg insert time: 16.497 ms
[Build] Inserted 10300/50000 points, avg insert time: 13.667 ms
[Build] Inserted 10400/50000 points, avg insert time: 19.866 ms
[Build] Inserted 10500/50000 points, avg insert time: 19.990 ms
[Build] Inserted 10600/50000 points, avg insert time: 6.653 ms
[Build] Inserted 10700/50000 points, avg insert time: 26.934 ms
[Build] Inserted 10800/50000 points, avg insert time: 3.687 ms
[Build] Inserted 10900/50000 points, avg insert time: 21.114 ms
[Build] Inserted 11000/50000 points, avg insert time: 3.503 ms
[Build] Inserted 11100/50000 points, avg insert time: 33.624 ms
[Build] Inserted 11200/50000 points, avg insert time: 22.802 ms
[Build] Inserted 11300/50000 points, avg insert time: 0.001 ms
[Build] Inserted 11400/50000 points, avg insert time: 22.730 ms
[Build] Inserted 11500/50000 points, avg insert time: 12.915 ms
[Build] Inserted 11600/50000 points, avg insert time: 16.370 ms
[Build] Inserted 11700/50000 points, avg insert time: 12.929 ms
[Build] Inserted 11800/50000 points, avg insert time: 26.456 ms
[Build] Inserted 11900/50000 points, avg insert time: 9.867 ms
[Build] Inserted 12000/50000 points, avg insert time: 9.866 ms
[Build] Inserted 12100/50000 points, avg insert time: 19.820 ms
[Build] Inserted 12200/50000 points, avg insert time: 3.638 ms
[Build] Inserted 12300/50000 points, avg insert time: 7.032 ms
[Build] Inserted 12400/50000 points, avg insert time: 13.701 ms
[Build] Inserted 12500/50000 points, avg insert time: 10.830 ms
[Build] Inserted 12600/50000 points, avg insert time: 18.517 ms
[Build] Inserted 12700/50000 points, avg insert time: 7.276 ms
[Build] Inserted 12800/50000 points, avg insert time: 7.440 ms
[Build] Inserted 12900/50000 points, avg insert time: 17.162 ms
[Build] Inserted 13000/50000 points, avg insert time: 14.362 ms
[Build] Inserted 13100/50000 points, avg insert time: -6.011 ms
[Build] Inserted 13200/50000 points, avg insert time: 30.359 ms
[Build] Inserted 13300/50000 points, avg insert time: 11.819 ms
[Build] Inserted 13400/50000 points, avg insert time: 4.002 ms
[Build] Inserted 13500/50000 points, avg insert time: 25.955 ms
[Build] Inserted 13600/50000 points, avg insert time: 19.429 ms
[Build] Inserted 13700/50000 points, avg insert time: 34.692 ms
[Build] Inserted 13800/50000 points, avg insert time: 36.320 ms
[Build] Inserted 13900/50000 points, avg insert time: 39.991 ms
[Build] Inserted 14000/50000 points, avg insert time: 31.389 ms
[Build] Inserted 14100/50000 points, avg insert time: 40.650 ms
[Build] Inserted 14200/50000 points, avg insert time: 28.885 ms
[Build] Inserted 14300/50000 points, avg insert time: 10.697 ms
[Build] Inserted 14400/50000 points, avg insert time: -5.164 ms
[Build] Inserted 14500/50000 points, avg insert time: 22.637 ms
[Build] Inserted 14600/50000 points, avg insert time: 16.812 ms
[Build] Inserted 14700/50000 points, avg insert time: 16.526 ms
[Build] Inserted 14800/50000 points, avg insert time: 8.224 ms
[Build] Inserted 14900/50000 points, avg insert time: 9.953 ms
[Build] Inserted 15000/50000 points, avg insert time: 36.897 ms
[Build] Inserted 15100/50000 points, avg insert time: 14.723 ms
[Build] Inserted 15200/50000 points, avg insert time: 110.880 ms
[Build] Inserted 15300/50000 points, avg insert time: 10.612 ms
[Build] Inserted 15400/50000 points, avg insert time: 13.261 ms
[Build] Inserted 15500/50000 points, avg insert time: 3.460 ms
[Build] Inserted 15600/50000 points, avg insert time: 10.111 ms
[Build] Inserted 15700/50000 points, avg insert time: 10.189 ms
[Build] Inserted 15800/50000 points, avg insert time: 10.148 ms
[Build] Inserted 15900/50000 points, avg insert time: -16.346 ms
[Build] Inserted 16000/50000 points, avg insert time: 11.088 ms
[Build] Inserted 16100/50000 points, avg insert time: 22.533 ms
[Build] Inserted 16200/50000 points, avg insert time: 7.531 ms
[Build] Inserted 16300/50000 points, avg insert time: 3.444 ms
[Build] Inserted 16400/50000 points, avg insert time: 30.764 ms
[Build] Inserted 16500/50000 points, avg insert time: 6.775 ms
[Build] Inserted 16600/50000 points, avg insert time: 26.118 ms
[Build] Inserted 16700/50000 points, avg insert time: 20.029 ms
[Build] Inserted 16800/50000 points, avg insert time: 10.246 ms
[Build] Inserted 16900/50000 points, avg insert time: 19.853 ms
[Build] Inserted 17000/50000 points, avg insert time: 40.266 ms
[Build] Inserted 17100/50000 points, avg insert time: 20.442 ms
[Build] Inserted 17200/50000 points, avg insert time: 11.313 ms
[Build] Inserted 17300/50000 points, avg insert time: 15.613 ms
[Build] Inserted 17400/50000 points, avg insert time: 28.678 ms
[Build] Inserted 17500/50000 points, avg insert time: 8.786 ms
[Build] Inserted 17600/50000 points, avg insert time: 24.009 ms
[Build] Inserted 17700/50000 points, avg insert time: 10.333 ms
[Build] Inserted 17800/50000 points, avg insert time: -4.582 ms
[Build] Inserted 17900/50000 points, avg insert time: 15.444 ms
[Build] Inserted 18000/50000 points, avg insert time: 26.898 ms
[Build] Inserted 18100/50000 points, avg insert time: 21.970 ms
[Build] Inserted 18200/50000 points, avg insert time: 18.839 ms
[Build] Inserted 18300/50000 points, avg insert time: 10.672 ms
[Build] Inserted 18400/50000 points, avg insert time: 20.825 ms
[Build] Inserted 18500/50000 points, avg insert time: 3.891 ms
[Build] Inserted 18600/50000 points, avg insert time: 24.415 ms
[Build] Inserted 18700/50000 points, avg insert time: 32.831 ms
[Build] Inserted 18800/50000 points, avg insert time: 11.316 ms
[Build] Inserted 18900/50000 points, avg insert time: 28.910 ms
[Build] Inserted 19000/50000 points, avg insert time: 7.654 ms
[Build] Inserted 19100/50000 points, avg insert time: 20.523 ms
[Build] Inserted 19200/50000 points, avg insert time: 15.782 ms
[Build] Inserted 19300/50000 points, avg insert time: 9.215 ms
[Build] Inserted 19400/50000 points, avg insert time: 25.956 ms
[Build] Inserted 19500/50000 points, avg insert time: -2.058 ms
[Build] Inserted 19600/50000 points, avg insert time: 11.203 ms
[Build] Inserted 19700/50000 points, avg insert time: 26.945 ms
[Build] Inserted 19800/50000 points, avg insert time: 47.351 ms
[Build] Inserted 19900/50000 points, avg insert time: 5.298 ms
[Build] Inserted 20000/50000 points, avg insert time: 20.183 ms
[Build] Inserted 20100/50000 points, avg insert time: 20.138 ms
[Build] Inserted 20200/50000 points, avg insert time: 16.283 ms
[Build] Inserted 20300/50000 points, avg insert time: 16.319 ms
[Build] Inserted 20400/50000 points, avg insert time: 12.161 ms
[Build] Inserted 20500/50000 points, avg insert time: 36.928 ms
[Build] Inserted 20600/50000 points, avg insert time: 20.275 ms
[Build] Inserted 20700/50000 points, avg insert time: 25.391 ms
[Build] Inserted 20800/50000 points, avg insert time: 17.807 ms
[Build] Inserted 20900/50000 points, avg insert time: 20.786 ms
[Build] Inserted 21000/50000 points, avg insert time: 90.088 ms
[Build] Inserted 21100/50000 points, avg insert time: 15.545 ms
[Build] Inserted 21200/50000 points, avg insert time: 11.513 ms
[Build] Inserted 21300/50000 points, avg insert time: 15.678 ms
[Build] Inserted 21400/50000 points, avg insert time: 17.733 ms
[Build] Inserted 21500/50000 points, avg insert time: 21.699 ms
[Build] Inserted 21600/50000 points, avg insert time: 27.684 ms
[Build] Inserted 21700/50000 points, avg insert time: 12.372 ms
[Build] Inserted 21800/50000 points, avg insert time: 16.301 ms
[Build] Inserted 21900/50000 points, avg insert time: 7.711 ms
[Build] Inserted 22000/50000 points, avg insert time: 11.144 ms
[Build] Inserted 22100/50000 points, avg insert time: 10.647 ms
[Build] Inserted 22200/50000 points, avg insert time: 29.992 ms
[Build] Inserted 22300/50000 points, avg insert time: 0.001 ms
[Build] Inserted 22400/50000 points, avg insert time: -7.294 ms
[Build] Inserted 22500/50000 points, avg insert time: 16.133 ms
[Build] Inserted 22600/50000 points, avg insert time: 31.048 ms
[Build] Inserted 22700/50000 points, avg insert time: 32.362 ms
[Build] Inserted 22800/50000 points, avg insert time: 35.096 ms
[Build] Inserted 22900/50000 points, avg insert time: 39.805 ms
[Build] Inserted 23000/50000 points, avg insert time: 30.636 ms
[Build] Inserted 23100/50000 points, avg insert time: 24.667 ms
[Build] Inserted 23200/50000 points, avg insert time: 24.017 ms
[Build] Inserted 23300/50000 points, avg insert time: 5.609 ms
[Build] Inserted 23400/50000 points, avg insert time: 17.499 ms
[Build] Inserted 23500/50000 points, avg insert time: 31.896 ms
[Build] Inserted 23600/50000 points, avg insert time: 16.334 ms
[Build] Inserted 23700/50000 points, avg insert time: 0.467 ms
[Build] Inserted 23800/50000 points, avg insert time: 15.757 ms
[Build] Inserted 23900/50000 points, avg insert time: 55.972 ms
[Build] Inserted 24000/50000 points, avg insert time: 85.243 ms
[Build] Inserted 24100/50000 points, avg insert time: 26.467 ms
[Build] Inserted 24200/50000 points, avg insert time: 8.630 ms
[Build] Inserted 24300/50000 points, avg insert time: 25.506 ms
[Build] Inserted 24400/50000 points, avg insert time: 16.999 ms
[Build] Inserted 24500/50000 points, avg insert time: 25.972 ms
[Build] Inserted 24600/50000 points, avg insert time: 22.110 ms
[Build] Inserted 24700/50000 points, avg insert time: 36.117 ms
[Build] Inserted 24800/50000 points, avg insert time: 8.089 ms
[Build] Inserted 24900/50000 points, avg insert time: 33.689 ms
[Build] Inserted 25000/50000 points, avg insert time: 54.544 ms
[Build] Inserted 25100/50000 points, avg insert time: 26.675 ms
[Build] Inserted 25200/50000 points, avg insert time: 16.224 ms
[Build] Inserted 25300/50000 points, avg insert time: 19.768 ms
[Build] Inserted 25400/50000 points, avg insert time: 16.527 ms
[Build] Inserted 25500/50000 points, avg insert time: 19.436 ms
[Build] Inserted 25600/50000 points, avg insert time: 22.785 ms
[Build] Inserted 25700/50000 points, avg insert time: 19.659 ms
[Build] Inserted 25800/50000 points, avg insert time: 26.356 ms
[Build] Inserted 25900/50000 points, avg insert time: 9.881 ms
[Build] Inserted 26000/50000 points, avg insert time: -15.704 ms
[Build] Inserted 26100/50000 points, avg insert time: 0.001 ms
[Build] Inserted 26200/50000 points, avg insert time: 9.989 ms
[Build] Inserted 26300/50000 points, avg insert time: 6.478 ms
[Build] Inserted 26400/50000 points, avg insert time: 9.676 ms
[Build] Inserted 26500/50000 points, avg insert time: 19.709 ms
[Build] Inserted 26600/50000 points, avg insert time: 20.107 ms
[Build] Inserted 26700/50000 points, avg insert time: 9.887 ms
[Build] Inserted 26800/50000 points, avg insert time: 13.498 ms
[Build] Inserted 26900/50000 points, avg insert time: 6.952 ms
[Build] Inserted 27000/50000 points, avg insert time: 6.531 ms
[Build] Inserted 27100/50000 points, avg insert time: 10.108 ms
[Build] Inserted 27200/50000 points, avg insert time: 6.640 ms
[Build] Inserted 27300/50000 points, avg insert time: 10.060 ms
[Build] Inserted 27400/50000 points, avg insert time: 23.442 ms
[Build] Inserted 27500/50000 points, avg insert time: 0.001 ms
[Build] Inserted 27600/50000 points, avg insert time: 26.867 ms
[Build] Inserted 27700/50000 points, avg insert time: 3.400 ms
[Build] Inserted 27800/50000 points, avg insert time: 16.811 ms
[Build] Inserted 27900/50000 points, avg insert time: 13.478 ms
[Build] Inserted 28000/50000 points, avg insert time: 13.737 ms
[Build] Inserted 28100/50000 points, avg insert time: 16.905 ms
[Build] Inserted 28200/50000 points, avg insert time: 13.341 ms
[Build] Inserted 28300/50000 points, avg insert time: 10.187 ms
[Build] Inserted 28400/50000 points, avg insert time: 16.962 ms
[Build] Inserted 28500/50000 points, avg insert time: 27.433 ms
[Build] Inserted 28600/50000 points, avg insert time: -15.813 ms
[Build] Inserted 28700/50000 points, avg insert time: 10.119 ms
[Build] Inserted 28800/50000 points, avg insert time: 10.142 ms
[Build] Inserted 28900/50000 points, avg insert time: 10.298 ms
[Build] Inserted 29000/50000 points, avg insert time: 6.880 ms
[Build] Inserted 29100/50000 points, avg insert time: 13.559 ms
[Build] Inserted 29200/50000 points, avg insert time: 10.016 ms
[Build] Inserted 29300/50000 points, avg insert time: 18.138 ms
[Build] Inserted 29400/50000 points, avg insert time: 14.585 ms
[Build] Inserted 29500/50000 points, avg insert time: 64.514 ms
[Build] Inserted 29600/50000 points, avg insert time: 27.640 ms
[Build] Inserted 29700/50000 points, avg insert time: 3.574 ms
[Build] Inserted 29800/50000 points, avg insert time: 20.800 ms
[Build] Inserted 29900/50000 points, avg insert time: 20.330 ms
[Build] Inserted 30000/50000 points, avg insert time: 14.267 ms
[Build] Inserted 30100/50000 points, avg insert time: 7.357 ms
[Build] Inserted 30200/50000 points, avg insert time: 6.926 ms
[Build] Inserted 30300/50000 points, avg insert time: 15.038 ms
[Build] Inserted 30400/50000 points, avg insert time: 14.503 ms
[Build] Inserted 30500/50000 points, avg insert time: 19.290 ms
[Build] Inserted 30600/50000 points, avg insert time: 24.946 ms
[Build] Inserted 30700/50000 points, avg insert time: 11.077 ms
[Build] Inserted 30800/50000 points, avg insert time: 24.449 ms
[Build] Inserted 30900/50000 points, avg insert time: 6.720 ms
[Build] Inserted 31000/50000 points, avg insert time: 16.802 ms
[Build] Inserted 31100/50000 points, avg insert time: 17.632 ms
[Build] Inserted 31200/50000 points, avg insert time: 7.975 ms
[Build] Inserted 31300/50000 points, avg insert time: 17.968 ms
[Build] Inserted 31400/50000 points, avg insert time: 3.311 ms
[Build] Inserted 31500/50000 points, avg insert time: 13.624 ms
[Build] Inserted 31600/50000 points, avg insert time: -25.180 ms
[Build] Inserted 31700/50000 points, avg insert time: 14.047 ms
[Build] Inserted 31800/50000 points, avg insert time: 16.572 ms
[Build] Inserted 31900/50000 points, avg insert time: 13.744 ms
[Build] Inserted 32000/50000 points, avg insert time: 10.415 ms
[Build] Inserted 32100/50000 points, avg insert time: 7.403 ms
[Build] Inserted 32200/50000 points, avg insert time: 17.896 ms
[Build] Inserted 32300/50000 points, avg insert time: 10.832 ms
[Build] Inserted 32400/50000 points, avg insert time: 18.552 ms
[Build] Inserted 32500/50000 points, avg insert time: 19.802 ms
[Build] Inserted 32600/50000 points, avg insert time: 6.892 ms
[Build] Inserted 32700/50000 points, avg insert time: 16.587 ms
[Build] Inserted 32800/50000 points, avg insert time: 6.782 ms
[Build] Inserted 32900/50000 points, avg insert time: 23.490 ms
[Build] Inserted 33000/50000 points, avg insert time: 3.184 ms
[Build] Inserted 33100/50000 points, avg insert time: 13.953 ms
[Build] Inserted 33200/50000 points, avg insert time: 10.301 ms
[Build] Inserted 33300/50000 points, avg insert time: 16.647 ms
[Build] Inserted 33400/50000 points, avg insert time: 10.102 ms
[Build] Inserted 33500/50000 points, avg insert time: 23.168 ms
[Build] Inserted 33600/50000 points, avg insert time: 13.347 ms
[Build] Inserted 33700/50000 points, avg insert time: 23.356 ms
[Build] Inserted 33800/50000 points, avg insert time: 10.496 ms
[Build] Inserted 33900/50000 points, avg insert time: 6.739 ms
[Build] Inserted 34000/50000 points, avg insert time: -17.815 ms
[Build] Inserted 34100/50000 points, avg insert time: 14.631 ms
[Build] Inserted 34200/50000 points, avg insert time: 10.539 ms
[Build] Inserted 34300/50000 points, avg insert time: 3.950 ms
[Build] Inserted 34400/50000 points, avg insert time: 3.618 ms
[Build] Inserted 34500/50000 points, avg insert time: 22.283 ms
[Build] Inserted 34600/50000 points, avg insert time: 7.732 ms
[Build] Inserted 34700/50000 points, avg insert time: 18.486 ms
[Build] Inserted 34800/50000 points, avg insert time: 17.462 ms
[Build] Inserted 34900/50000 points, avg insert time: 3.624 ms
[Build] Inserted 35000/50000 points, avg insert time: 34.252 ms
[Build] Inserted 35100/50000 points, avg insert time: 17.707 ms
[Build] Inserted 35200/50000 points, avg insert time: 10.810 ms
[Build] Inserted 35300/50000 points, avg insert time: 7.602 ms
[Build] Inserted 35400/50000 points, avg insert time: 7.538 ms
[Build] Inserted 35500/50000 points, avg insert time: 7.903 ms
[Build] Inserted 35600/50000 points, avg insert time: 16.235 ms
[Build] Inserted 35700/50000 points, avg insert time: 11.569 ms
[Build] Inserted 35800/50000 points, avg insert time: 7.187 ms
[Build] Inserted 35900/50000 points, avg insert time: 16.079 ms
[Build] Inserted 36000/50000 points, avg insert time: 17.207 ms
[Build] Inserted 36100/50000 points, avg insert time: 15.552 ms
[Build] Inserted 36200/50000 points, avg insert time: 16.774 ms
[Build] Inserted 36300/50000 points, avg insert time: 12.563 ms
[Build] Inserted 36400/50000 points, avg insert time: -2.001 ms
[Build] Inserted 36500/50000 points, avg insert time: 13.324 ms
[Build] Inserted 36600/50000 points, avg insert time: 22.766 ms
[Build] Inserted 36700/50000 points, avg insert time: 20.197 ms
[Build] Inserted 36800/50000 points, avg insert time: 20.101 ms
[Build] Inserted 36900/50000 points, avg insert time: 29.397 ms
[Build] Inserted 37000/50000 points, avg insert time: 22.431 ms
[Build] Inserted 37100/50000 points, avg insert time: 13.607 ms
[Build] Inserted 37200/50000 points, avg insert time: 38.733 ms
[Build] Inserted 37300/50000 points, avg insert time: 30.197 ms
[Build] Inserted 37400/50000 points, avg insert time: 0.001 ms
[Build] Inserted 37500/50000 points, avg insert time: 29.711 ms
[Build] Inserted 37600/50000 points, avg insert time: 30.474 ms
[Build] Inserted 37700/50000 points, avg insert time: 14.636 ms
[Build] Inserted 37800/50000 points, avg insert time: 0.001 ms
[Build] Inserted 37900/50000 points, avg insert time: 22.586 ms
[Build] Inserted 38000/50000 points, avg insert time: -16.241 ms
[Build] Inserted 38100/50000 points, avg insert time: 20.797 ms
[Build] Inserted 38200/50000 points, avg insert time: 26.026 ms
[Build] Inserted 38300/50000 points, avg insert time: 37.556 ms
[Build] Inserted 38400/50000 points, avg insert time: 10.508 ms
[Build] Inserted 38500/50000 points, avg insert time: 36.418 ms
[Build] Inserted 38600/50000 points, avg insert time: 15.328 ms
[Build] Inserted 38700/50000 points, avg insert time: 13.072 ms
[Build] Inserted 38800/50000 points, avg insert time: 16.759 ms
[Build] Inserted 38900/50000 points, avg insert time: 33.846 ms
[Build] Inserted 39000/50000 points, avg insert time: 24.329 ms
[Build] Inserted 39100/50000 points, avg insert time: 41.939 ms
[Build] Inserted 39200/50000 points, avg insert time: 13.446 ms
[Build] Inserted 39300/50000 points, avg insert time: 20.185 ms
[Build] Inserted 39400/50000 points, avg insert time: -5.729 ms
[Build] Inserted 39500/50000 points, avg insert time: 29.037 ms
[Build] Inserted 39600/50000 points, avg insert time: 9.455 ms
[Build] Inserted 39700/50000 points, avg insert time: 27.653 ms
[Build] Inserted 39800/50000 points, avg insert time: 19.628 ms
[Build] Inserted 39900/50000 points, avg insert time: 26.026 ms
[Build] Inserted 40000/50000 points, avg insert time: 30.609 ms
[Build] Inserted 40100/50000 points, avg insert time: 38.824 ms
[Build] Inserted 40200/50000 points, avg insert time: 20.205 ms
[Build] Inserted 40300/50000 points, avg insert time: 13.621 ms
[Build] Inserted 40400/50000 points, avg insert time: 20.160 ms
[Build] Inserted 40500/50000 points, avg insert time: 60.771 ms
[Build] Inserted 40600/50000 points, avg insert time: 25.159 ms
[Build] Inserted 40700/50000 points, avg insert time: 50.319 ms
[Build] Inserted 40800/50000 points, avg insert time: 62.988 ms
[Build] Inserted 40900/50000 points, avg insert time: 86.716 ms
[Build] Inserted 41000/50000 points, avg insert time: 16.588 ms
[Build] Inserted 41100/50000 points, avg insert time: 45.949 ms
[Build] Inserted 41200/50000 points, avg insert time: 0.464 ms
[Build] Inserted 41300/50000 points, avg insert time: 1581.706 ms
[Build] Inserted 41400/50000 points, avg insert time: 117.938 ms
[Build] Inserted 41500/50000 points, avg insert time: 62.250 ms
[Build] Inserted 41600/50000 points, avg insert time: 29.423 ms
[Build] Inserted 41700/50000 points, avg insert time: 62.110 ms
[Build] Inserted 41800/50000 points, avg insert time: 197.016 ms
[Build] Inserted 41900/50000 points, avg insert time: 55.172 ms
[Build] Inserted 42000/50000 points, avg insert time: 99.536 ms
[Build] Inserted 42100/50000 points, avg insert time: 184.005 ms
[Build] Inserted 42200/50000 points, avg insert time: 135.686 ms
[Build] Inserted 42300/50000 points, avg insert time: 77.502 ms
[Build] Inserted 42400/50000 points, avg insert time: 39.875 ms
[Build] Inserted 42500/50000 points, avg insert time: 75.083 ms
[Build] Inserted 42600/50000 points, avg insert time: 103.598 ms
[Build] Inserted 42700/50000 points, avg insert time: 135.950 ms
[Build] Inserted 42800/50000 points, avg insert time: 53.853 ms
[Build] Inserted 42900/50000 points, avg insert time: 214.233 ms
[Build] Inserted 43000/50000 points, avg insert time: 411.484 ms
[Build] Inserted 43100/50000 points, avg insert time: 83.060 ms
[Build] Inserted 43200/50000 points, avg insert time: 118.403 ms
[Build] Inserted 43300/50000 points, avg insert time: 38.768 ms
[Build] Inserted 43400/50000 points, avg insert time: 26.405 ms
[Build] Inserted 43500/50000 points, avg insert time: 118.681 ms
[Build] Inserted 43600/50000 points, avg insert time: 77.947 ms
[Build] Inserted 43700/50000 points, avg insert time: 23.102 ms
[Build] Inserted 43800/50000 points, avg insert time: 18.510 ms
[Build] Inserted 43900/50000 points, avg insert time: 80.702 ms
[Build] Inserted 44000/50000 points, avg insert time: 142.045 ms
[Build] Inserted 44100/50000 points, avg insert time: 424.457 ms
[Build] Inserted 44200/50000 points, avg insert time: 134.927 ms
[Build] Inserted 44300/50000 points, avg insert time: 81.271 ms
[Build] Inserted 44400/50000 points, avg insert time: 167.632 ms
[Build] Inserted 44500/50000 points, avg insert time: 90.631 ms
[Build] Inserted 44600/50000 points, avg insert time: 328.645 ms
[Build] Inserted 44700/50000 points, avg insert time: 669.398 ms
[Build] Inserted 44800/50000 points, avg insert time: 168.448 ms
[Build] Inserted 44900/50000 points, avg insert time: 284.663 ms
[Build] Inserted 45000/50000 points, avg insert time: 339.516 ms
[Build] Inserted 45100/50000 points, avg insert time: 43.148 ms
[Build] Inserted 45200/50000 points, avg insert time: 133.810 ms
[Build] Inserted 45300/50000 points, avg insert time: 75.190 ms
[Build] Inserted 45400/50000 points, avg insert time: 587.020 ms
[Build] Inserted 45500/50000 points, avg insert time: 64.367 ms
[Build] Inserted 45600/50000 points, avg insert time: 138.525 ms
[Build] Inserted 45700/50000 points, avg insert time: 99.366 ms
[Build] Inserted 45800/50000 points, avg insert time: 215.266 ms
[Build] Inserted 45900/50000 points, avg insert time: 265.808 ms
[Build] Inserted 46000/50000 points, avg insert time: 0.001 ms
[Build] Inserted 46100/50000 points, avg insert time: 261.906 ms
[Build] Inserted 46200/50000 points, avg insert time: 105.270 ms
[Build] Inserted 46300/50000 points, avg insert time: 104.835 ms
[Build] Inserted 46400/50000 points, avg insert time: 111.520 ms
[Build] Inserted 46500/50000 points, avg insert time: 299.485 ms
[Build] Inserted 46600/50000 points, avg insert time: 421.851 ms
[Build] Inserted 46700/50000 points, avg insert time: 32.170 ms
[Build] Inserted 46800/50000 points, avg insert time: 5.673 ms
[Build] Inserted 46900/50000 points, avg insert time: 35.259 ms
[Build] Inserted 47000/50000 points, avg insert time: 94.661 ms
[Build] Inserted 47100/50000 points, avg insert time: 139.768 ms
[Build] Inserted 47200/50000 points, avg insert time: 31.497 ms
[Build] Inserted 47300/50000 points, avg insert time: 0.001 ms
[Build] Inserted 47400/50000 points, avg insert time: 231.068 ms
[Build] Inserted 47500/50000 points, avg insert time: 319.200 ms
[Build] Inserted 47600/50000 points, avg insert time: 315.620 ms
[Build] Inserted 47700/50000 points, avg insert time: 94.318 ms
[Build] Inserted 47800/50000 points, avg insert time: 71.449 ms
[Build] Inserted 47900/50000 points, avg insert time: 157.421 ms
[Build] Inserted 48000/50000 points, avg insert time: 115.502 ms
[Build] Inserted 48100/50000 points, avg insert time: 116.826 ms
[Build] Inserted 48200/50000 points, avg insert time: 206.025 ms
[Build] Inserted 48300/50000 points, avg insert time: 453.048 ms
[Build] Inserted 48400/50000 points, avg insert time: 35.101 ms
[Build] Inserted 48500/50000 points, avg insert time: 162.513 ms
[Build] Inserted 48600/50000 points, avg insert time: 66.110 ms
[Build] Inserted 48700/50000 points, avg insert time: 43.811 ms
[Build] Inserted 48800/50000 points, avg insert time: 97.072 ms
[Build] Inserted 48900/50000 points, avg insert time: 89.042 ms
[Build] Inserted 49000/50000 points, avg insert time: 289.066 ms
[Build] Inserted 49100/50000 points, avg insert time: 324.761 ms
[Build] Inserted 49200/50000 points, avg insert time: 117.096 ms
[Build] Inserted 49300/50000 points, avg insert time: 43.741 ms
[Build] Inserted 49400/50000 points, avg insert time: 0.001 ms
[Build] Inserted 49500/50000 points, avg insert time: 33.194 ms
[Build] Inserted 49600/50000 points, avg insert time: 106.402 ms
[Build] Inserted 49700/50000 points, avg insert time: 138.077 ms
[Build] Inserted 49800/50000 points, avg insert time: 133.805 ms
[Build] Inserted 49900/50000 points, avg insert time: 156.838 ms
[Build] Inserted 50000/50000 points, avg insert time: 285.505 ms
[Build] Starting queries...
[Query] Processed 100/5000 queries, avg query time: 257.230 ms
[Query] Processed 200/5000 queries, avg query time: 199.109 ms
[Query] Processed 300/5000 queries, avg query time: 172.725 ms
[Query] Processed 400/5000 queries, avg query time: 148.775 ms
[Query] Processed 500/5000 queries, avg query time: 155.974 ms
[Query] Processed 600/5000 queries, avg query time: 160.490 ms
[Query] Processed 700/5000 queries, avg query time: 169.126 ms
[Query] Processed 800/5000 queries, avg query time: 163.302 ms
[Query] Processed 900/5000 queries, avg query time: 155.754 ms
[Query] Processed 1000/5000 queries, avg query time: 147.035 ms
[Query] Processed 1100/5000 queries, avg query time: 141.510 ms
[Query] Processed 1200/5000 queries, avg query time: 136.798 ms
[Query] Processed 1300/5000 queries, avg query time: 131.004 ms
[Query] Processed 1400/5000 queries, avg query time: 127.586 ms
[Query] Processed 1500/5000 queries, avg query time: 124.763 ms
[Query] Processed 1600/5000 queries, avg query time: 122.433 ms
[Query] Processed 1700/5000 queries, avg query time: 121.247 ms
[Query] Processed 1800/5000 queries, avg query time: 122.569 ms
[Query] Processed 1900/5000 queries, avg query time: 121.165 ms
[Query] Processed 2000/5000 queries, avg query time: 123.936 ms
[Query] Processed 2100/5000 queries, avg query time: 125.056 ms
[Query] Processed 2200/5000 queries, avg query time: 124.692 ms
[Query] Processed 2300/5000 queries, avg query time: 123.260 ms
[Query] Processed 2400/5000 queries, avg query time: 120.805 ms
[Query] Processed 2500/5000 queries, avg query time: 119.673 ms
[Query] Processed 2600/5000 queries, avg query time: 118.442 ms
[Query] Processed 2700/5000 queries, avg query time: 117.219 ms
[Query] Processed 2800/5000 queries, avg query time: 115.268 ms
[Query] Processed 2900/5000 queries, avg query time: 114.344 ms
[Query] Processed 3000/5000 queries, avg query time: 113.377 ms
[Query] Processed 3100/5000 queries, avg query time: 117.154 ms
[Query] Processed 3200/5000 queries, avg query time: 119.738 ms
[Query] Processed 3300/5000 queries, avg query time: 120.616 ms
[Query] Processed 3400/5000 queries, avg query time: 119.739 ms
[Query] Processed 3500/5000 queries, avg query time: 118.407 ms
[Query] Processed 3600/5000 queries, avg query time: 117.819 ms
[Query] Processed 3700/5000 queries, avg query time: 117.024 ms
[Query] Processed 3800/5000 queries, avg query time: 115.747 ms
[Query] Processed 3900/5000 queries, avg query time: 115.069 ms
[Query] Processed 4000/5000 queries, avg query time: 114.953 ms
[Query] Processed 4100/5000 queries, avg query time: 114.844 ms
[Query] Processed 4200/5000 queries, avg query time: 116.178 ms
[Query] Processed 4300/5000 queries, avg query time: 117.325 ms
[Query] Processed 4400/5000 queries, avg query time: 118.008 ms
[Query] Processed 4500/5000 queries, avg query time: 118.543 ms
[Query] Processed 4600/5000 queries, avg query time: 117.904 ms
[Query] Processed 4700/5000 queries, avg query time: 117.483 ms
[Query] Processed 4800/5000 queries, avg query time: 116.361 ms
[Query] Processed 4900/5000 queries, avg query time: 115.776 ms
[Query] Processed 5000/5000 queries, avg query time: 115.289 ms
[Sanity Check] Total Relevant =  5000
[Result] Memory breakdown (MB): {'hash_functions_MB': 316.2144470214844, 'bucket_ids_MB': 173.22296905517578, 'num_ids': 45409362, 'num_buckets': 14685956, 'hash_tables_overhead_MB': 1232.4944763183594, 'total_MB': 1721.9318923950195}
[Result] Epsilon-recall: 0.2295
[Result] (c,r)-ANN accuracy: 1.0000
[SUMMARY] r=1.0, eps=0.1, eta=0.3, recall=0.2295, (c,r)-ANN accuracy=1.0, memory=1721.9318923950195
