[Init] Inputs : eta=0.10, epsilon=0.50, r=1.00
[Init] LSH Parameters : w=3.154, p1=0.7472, p2=0.6267, rho=0.6236
[Init] Data Structure Parameters : k=24, L=1140, key_bits=768, mode=speed
[Build] Starting insertion...
[Build] Inserted 100/50000 points, avg insert time: 8.077 ms
[Build] Inserted 200/50000 points, avg insert time: 3.507 ms
[Build] Inserted 300/50000 points, avg insert time: 5.526 ms
[Build] Inserted 400/50000 points, avg insert time: 5.141 ms
[Build] Inserted 500/50000 points, avg insert time: 4.564 ms
[Build] Inserted 600/50000 points, avg insert time: 5.910 ms
[Build] Inserted 700/50000 points, avg insert time: 4.949 ms
[Build] Inserted 800/50000 points, avg insert time: 4.306 ms
[Build] Inserted 900/50000 points, avg insert time: 5.155 ms
[Build] Inserted 1000/50000 points, avg insert time: 3.706 ms
[Build] Inserted 1100/50000 points, avg insert time: 4.641 ms
[Build] Inserted 1200/50000 points, avg insert time: 5.077 ms
[Build] Inserted 1300/50000 points, avg insert time: 4.014 ms
[Build] Inserted 1400/50000 points, avg insert time: 5.378 ms
[Build] Inserted 1500/50000 points, avg insert time: 6.167 ms
[Build] Inserted 1600/50000 points, avg insert time: 5.016 ms
[Build] Inserted 1700/50000 points, avg insert time: 4.874 ms
[Build] Inserted 1800/50000 points, avg insert time: 3.763 ms
[Build] Inserted 1900/50000 points, avg insert time: 4.032 ms
[Build] Inserted 2000/50000 points, avg insert time: 2.869 ms
[Build] Inserted 2100/50000 points, avg insert time: 6.594 ms
[Build] Inserted 2200/50000 points, avg insert time: 5.366 ms
[Build] Inserted 2300/50000 points, avg insert time: 5.278 ms
[Build] Inserted 2400/50000 points, avg insert time: 4.497 ms
[Build] Inserted 2500/50000 points, avg insert time: 3.741 ms
[Build] Inserted 2600/50000 points, avg insert time: 4.998 ms
[Build] Inserted 2700/50000 points, avg insert time: 4.652 ms
[Build] Inserted 2800/50000 points, avg insert time: 4.816 ms
[Build] Inserted 2900/50000 points, avg insert time: 4.204 ms
[Build] Inserted 3000/50000 points, avg insert time: 4.562 ms
[Build] Inserted 3100/50000 points, avg insert time: 4.319 ms
[Build] Inserted 3200/50000 points, avg insert time: 3.406 ms
[Build] Inserted 3300/50000 points, avg insert time: 6.104 ms
[Build] Inserted 3400/50000 points, avg insert time: 4.864 ms
[Build] Inserted 3500/50000 points, avg insert time: 5.276 ms
[Build] Inserted 3600/50000 points, avg insert time: 5.851 ms
[Build] Inserted 3700/50000 points, avg insert time: -16.281 ms
[Build] Inserted 3800/50000 points, avg insert time: 5.724 ms
[Build] Inserted 3900/50000 points, avg insert time: 5.323 ms
[Build] Inserted 4000/50000 points, avg insert time: 6.954 ms
[Build] Inserted 4100/50000 points, avg insert time: 5.365 ms
[Build] Inserted 4200/50000 points, avg insert time: 5.238 ms
[Build] Inserted 4300/50000 points, avg insert time: 5.215 ms
[Build] Inserted 4400/50000 points, avg insert time: 5.018 ms
[Build] Inserted 4500/50000 points, avg insert time: 4.198 ms
[Build] Inserted 4600/50000 points, avg insert time: 4.990 ms
[Build] Inserted 4700/50000 points, avg insert time: 5.697 ms
[Build] Inserted 4800/50000 points, avg insert time: 5.524 ms
[Build] Inserted 4900/50000 points, avg insert time: 3.485 ms
[Build] Inserted 5000/50000 points, avg insert time: 7.352 ms
[Build] Inserted 5100/50000 points, avg insert time: 5.384 ms
[Build] Inserted 5200/50000 points, avg insert time: 5.601 ms
[Build] Inserted 5300/50000 points, avg insert time: 8.004 ms
[Build] Inserted 5400/50000 points, avg insert time: 5.724 ms
[Build] Inserted 5500/50000 points, avg insert time: 4.587 ms
[Build] Inserted 5600/50000 points, avg insert time: 4.417 ms
[Build] Inserted 5700/50000 points, avg insert time: 4.905 ms
[Build] Inserted 5800/50000 points, avg insert time: 5.850 ms
[Build] Inserted 5900/50000 points, avg insert time: 5.576 ms
[Build] Inserted 6000/50000 points, avg insert time: 6.026 ms
[Build] Inserted 6100/50000 points, avg insert time: 6.871 ms
[Build] Inserted 6200/50000 points, avg insert time: 6.388 ms
[Build] Inserted 6300/50000 points, avg insert time: 6.623 ms
[Build] Inserted 6400/50000 points, avg insert time: 5.780 ms
[Build] Inserted 6500/50000 points, avg insert time: 5.373 ms
[Build] Inserted 6600/50000 points, avg insert time: 3.687 ms
[Build] Inserted 6700/50000 points, avg insert time: 5.605 ms
[Build] Inserted 6800/50000 points, avg insert time: 6.331 ms
[Build] Inserted 6900/50000 points, avg insert time: 5.424 ms
[Build] Inserted 7000/50000 points, avg insert time: 4.414 ms
[Build] Inserted 7100/50000 points, avg insert time: 6.949 ms
[Build] Inserted 7200/50000 points, avg insert time: 7.304 ms
[Build] Inserted 7300/50000 points, avg insert time: 4.635 ms
[Build] Inserted 7400/50000 points, avg insert time: 5.258 ms
[Build] Inserted 7500/50000 points, avg insert time: 8.303 ms
[Build] Inserted 7600/50000 points, avg insert time: 4.981 ms
[Build] Inserted 7700/50000 points, avg insert time: 5.962 ms
[Build] Inserted 7800/50000 points, avg insert time: 4.274 ms
[Build] Inserted 7900/50000 points, avg insert time: 4.726 ms
[Build] Inserted 8000/50000 points, avg insert time: 4.354 ms
[Build] Inserted 8100/50000 points, avg insert time: 5.597 ms
[Build] Inserted 8200/50000 points, avg insert time: 4.858 ms
[Build] Inserted 8300/50000 points, avg insert time: 3.476 ms
[Build] Inserted 8400/50000 points, avg insert time: 4.788 ms
[Build] Inserted 8500/50000 points, avg insert time: 4.834 ms
[Build] Inserted 8600/50000 points, avg insert time: 4.905 ms
[Build] Inserted 8700/50000 points, avg insert time: 4.356 ms
[Build] Inserted 8800/50000 points, avg insert time: 4.161 ms
[Build] Inserted 8900/50000 points, avg insert time: 4.731 ms
[Build] Inserted 9000/50000 points, avg insert time: 5.215 ms
[Build] Inserted 9100/50000 points, avg insert time: 4.519 ms
[Build] Inserted 9200/50000 points, avg insert time: 4.702 ms
[Build] Inserted 9300/50000 points, avg insert time: 4.797 ms
[Build] Inserted 9400/50000 points, avg insert time: 4.474 ms
[Build] Inserted 9500/50000 points, avg insert time: 5.164 ms
[Build] Inserted 9600/50000 points, avg insert time: 5.102 ms
[Build] Inserted 9700/50000 points, avg insert time: -17.031 ms
[Build] Inserted 9800/50000 points, avg insert time: 4.565 ms
[Build] Inserted 9900/50000 points, avg insert time: 5.442 ms
[Build] Inserted 10000/50000 points, avg insert time: 6.100 ms
[Build] Inserted 10100/50000 points, avg insert time: 4.832 ms
[Build] Inserted 10200/50000 points, avg insert time: 3.420 ms
[Build] Inserted 10300/50000 points, avg insert time: 5.043 ms
[Build] Inserted 10400/50000 points, avg insert time: 5.709 ms
[Build] Inserted 10500/50000 points, avg insert time: 4.585 ms
[Build] Inserted 10600/50000 points, avg insert time: 6.917 ms
[Build] Inserted 10700/50000 points, avg insert time: 5.433 ms
[Build] Inserted 10800/50000 points, avg insert time: 5.951 ms
[Build] Inserted 10900/50000 points, avg insert time: 5.150 ms
[Build] Inserted 11000/50000 points, avg insert time: 5.677 ms
[Build] Inserted 11100/50000 points, avg insert time: 6.124 ms
[Build] Inserted 11200/50000 points, avg insert time: 6.035 ms
[Build] Inserted 11300/50000 points, avg insert time: 5.216 ms
[Build] Inserted 11400/50000 points, avg insert time: 3.791 ms
[Build] Inserted 11500/50000 points, avg insert time: 6.427 ms
[Build] Inserted 11600/50000 points, avg insert time: 3.673 ms
[Build] Inserted 11700/50000 points, avg insert time: 4.403 ms
[Build] Inserted 11800/50000 points, avg insert time: 5.961 ms
[Build] Inserted 11900/50000 points, avg insert time: 4.287 ms
[Build] Inserted 12000/50000 points, avg insert time: 4.877 ms
[Build] Inserted 12100/50000 points, avg insert time: 4.164 ms
[Build] Inserted 12200/50000 points, avg insert time: 5.064 ms
[Build] Inserted 12300/50000 points, avg insert time: 4.425 ms
[Build] Inserted 12400/50000 points, avg insert time: 6.628 ms
[Build] Inserted 12500/50000 points, avg insert time: 5.939 ms
[Build] Inserted 12600/50000 points, avg insert time: 5.775 ms
[Build] Inserted 12700/50000 points, avg insert time: 4.964 ms
[Build] Inserted 12800/50000 points, avg insert time: 4.591 ms
[Build] Inserted 12900/50000 points, avg insert time: 4.276 ms
[Build] Inserted 13000/50000 points, avg insert time: 4.692 ms
[Build] Inserted 13100/50000 points, avg insert time: 4.485 ms
[Build] Inserted 13200/50000 points, avg insert time: 3.891 ms
[Build] Inserted 13300/50000 points, avg insert time: 5.987 ms
[Build] Inserted 13400/50000 points, avg insert time: 4.688 ms
[Build] Inserted 13500/50000 points, avg insert time: 4.345 ms
[Build] Inserted 13600/50000 points, avg insert time: 4.793 ms
[Build] Inserted 13700/50000 points, avg insert time: 4.576 ms
[Build] Inserted 13800/50000 points, avg insert time: 4.557 ms
[Build] Inserted 13900/50000 points, avg insert time: 3.765 ms
[Build] Inserted 14000/50000 points, avg insert time: 8.187 ms
[Build] Inserted 14100/50000 points, avg insert time: 5.284 ms
[Build] Inserted 14200/50000 points, avg insert time: 6.324 ms
[Build] Inserted 14300/50000 points, avg insert time: 5.786 ms
[Build] Inserted 14400/50000 points, avg insert time: 6.002 ms
[Build] Inserted 14500/50000 points, avg insert time: 5.607 ms
[Build] Inserted 14600/50000 points, avg insert time: 6.297 ms
[Build] Inserted 14700/50000 points, avg insert time: 6.176 ms
[Build] Inserted 14800/50000 points, avg insert time: 6.437 ms
[Build] Inserted 14900/50000 points, avg insert time: 5.692 ms
[Build] Inserted 15000/50000 points, avg insert time: 5.801 ms
[Build] Inserted 15100/50000 points, avg insert time: 5.014 ms
[Build] Inserted 15200/50000 points, avg insert time: 5.160 ms
[Build] Inserted 15300/50000 points, avg insert time: 5.318 ms
[Build] Inserted 15400/50000 points, avg insert time: 4.774 ms
[Build] Inserted 15500/50000 points, avg insert time: 8.360 ms
[Build] Inserted 15600/50000 points, avg insert time: 4.886 ms
[Build] Inserted 15700/50000 points, avg insert time: 6.099 ms
[Build] Inserted 15800/50000 points, avg insert time: -15.092 ms
[Build] Inserted 15900/50000 points, avg insert time: 6.413 ms
[Build] Inserted 16000/50000 points, avg insert time: 5.192 ms
[Build] Inserted 16100/50000 points, avg insert time: 5.294 ms
[Build] Inserted 16200/50000 points, avg insert time: 9.012 ms
[Build] Inserted 16300/50000 points, avg insert time: 4.721 ms
[Build] Inserted 16400/50000 points, avg insert time: 6.739 ms
[Build] Inserted 16500/50000 points, avg insert time: 6.758 ms
[Build] Inserted 16600/50000 points, avg insert time: 5.586 ms
[Build] Inserted 16700/50000 points, avg insert time: 5.806 ms
[Build] Inserted 16800/50000 points, avg insert time: 5.804 ms
[Build] Inserted 16900/50000 points, avg insert time: 5.279 ms
[Build] Inserted 17000/50000 points, avg insert time: 5.309 ms
[Build] Inserted 17100/50000 points, avg insert time: 6.401 ms
[Build] Inserted 17200/50000 points, avg insert time: 6.290 ms
[Build] Inserted 17300/50000 points, avg insert time: 5.310 ms
[Build] Inserted 17400/50000 points, avg insert time: 5.252 ms
[Build] Inserted 17500/50000 points, avg insert time: 6.886 ms
[Build] Inserted 17600/50000 points, avg insert time: 6.706 ms
[Build] Inserted 17700/50000 points, avg insert time: 4.537 ms
[Build] Inserted 17800/50000 points, avg insert time: 6.087 ms
[Build] Inserted 17900/50000 points, avg insert time: 4.801 ms
[Build] Inserted 18000/50000 points, avg insert time: 7.014 ms
[Build] Inserted 18100/50000 points, avg insert time: 7.351 ms
[Build] Inserted 18200/50000 points, avg insert time: 6.564 ms
[Build] Inserted 18300/50000 points, avg insert time: 5.119 ms
[Build] Inserted 18400/50000 points, avg insert time: 5.418 ms
[Build] Inserted 18500/50000 points, avg insert time: 5.151 ms
[Build] Inserted 18600/50000 points, avg insert time: 8.762 ms
[Build] Inserted 18700/50000 points, avg insert time: 4.310 ms
[Build] Inserted 18800/50000 points, avg insert time: 5.045 ms
[Build] Inserted 18900/50000 points, avg insert time: 7.377 ms
[Build] Inserted 19000/50000 points, avg insert time: 5.278 ms
[Build] Inserted 19100/50000 points, avg insert time: 3.861 ms
[Build] Inserted 19200/50000 points, avg insert time: 4.248 ms
[Build] Inserted 19300/50000 points, avg insert time: 5.715 ms
[Build] Inserted 19400/50000 points, avg insert time: 7.056 ms
[Build] Inserted 19500/50000 points, avg insert time: 6.127 ms
[Build] Inserted 19600/50000 points, avg insert time: 5.023 ms
[Build] Inserted 19700/50000 points, avg insert time: 5.362 ms
[Build] Inserted 19800/50000 points, avg insert time: 5.250 ms
[Build] Inserted 19900/50000 points, avg insert time: 4.767 ms
[Build] Inserted 20000/50000 points, avg insert time: 5.823 ms
[Build] Inserted 20100/50000 points, avg insert time: 7.182 ms
[Build] Inserted 20200/50000 points, avg insert time: 5.543 ms
[Build] Inserted 20300/50000 points, avg insert time: 4.868 ms
[Build] Inserted 20400/50000 points, avg insert time: 5.274 ms
[Build] Inserted 20500/50000 points, avg insert time: 5.950 ms
[Build] Inserted 20600/50000 points, avg insert time: 4.673 ms
[Build] Inserted 20700/50000 points, avg insert time: 5.413 ms
[Build] Inserted 20800/50000 points, avg insert time: 5.089 ms
[Build] Inserted 20900/50000 points, avg insert time: 6.029 ms
[Build] Inserted 21000/50000 points, avg insert time: 8.450 ms
[Build] Inserted 21100/50000 points, avg insert time: 5.757 ms
[Build] Inserted 21200/50000 points, avg insert time: 4.718 ms
[Build] Inserted 21300/50000 points, avg insert time: -17.480 ms
[Build] Inserted 21400/50000 points, avg insert time: 6.483 ms
[Build] Inserted 21500/50000 points, avg insert time: 5.244 ms
[Build] Inserted 21600/50000 points, avg insert time: 4.358 ms
[Build] Inserted 21700/50000 points, avg insert time: 6.597 ms
[Build] Inserted 21800/50000 points, avg insert time: 4.478 ms
[Build] Inserted 21900/50000 points, avg insert time: 4.581 ms
[Build] Inserted 22000/50000 points, avg insert time: 5.680 ms
[Build] Inserted 22100/50000 points, avg insert time: 5.185 ms
[Build] Inserted 22200/50000 points, avg insert time: 5.771 ms
[Build] Inserted 22300/50000 points, avg insert time: 5.692 ms
[Build] Inserted 22400/50000 points, avg insert time: 5.517 ms
[Build] Inserted 22500/50000 points, avg insert time: 5.759 ms
[Build] Inserted 22600/50000 points, avg insert time: 4.259 ms
[Build] Inserted 22700/50000 points, avg insert time: 5.163 ms
[Build] Inserted 22800/50000 points, avg insert time: 4.109 ms
[Build] Inserted 22900/50000 points, avg insert time: 7.420 ms
[Build] Inserted 23000/50000 points, avg insert time: 5.461 ms
[Build] Inserted 23100/50000 points, avg insert time: 4.619 ms
[Build] Inserted 23200/50000 points, avg insert time: 8.637 ms
[Build] Inserted 23300/50000 points, avg insert time: 6.702 ms
[Build] Inserted 23400/50000 points, avg insert time: 6.485 ms
[Build] Inserted 23500/50000 points, avg insert time: 5.143 ms
[Build] Inserted 23600/50000 points, avg insert time: 5.481 ms
[Build] Inserted 23700/50000 points, avg insert time: 5.568 ms
[Build] Inserted 23800/50000 points, avg insert time: 9.863 ms
[Build] Inserted 23900/50000 points, avg insert time: 6.484 ms
[Build] Inserted 24000/50000 points, avg insert time: 5.233 ms
[Build] Inserted 24100/50000 points, avg insert time: 5.156 ms
[Build] Inserted 24200/50000 points, avg insert time: 5.339 ms
[Build] Inserted 24300/50000 points, avg insert time: 5.176 ms
[Build] Inserted 24400/50000 points, avg insert time: 5.475 ms
[Build] Inserted 24500/50000 points, avg insert time: 6.548 ms
[Build] Inserted 24600/50000 points, avg insert time: 6.363 ms
[Build] Inserted 24700/50000 points, avg insert time: 5.578 ms
[Build] Inserted 24800/50000 points, avg insert time: 6.054 ms
[Build] Inserted 24900/50000 points, avg insert time: 5.760 ms
[Build] Inserted 25000/50000 points, avg insert time: 5.217 ms
[Build] Inserted 25100/50000 points, avg insert time: 5.129 ms
[Build] Inserted 25200/50000 points, avg insert time: 6.783 ms
[Build] Inserted 25300/50000 points, avg insert time: 5.953 ms
[Build] Inserted 25400/50000 points, avg insert time: 9.144 ms
[Build] Inserted 25500/50000 points, avg insert time: 5.334 ms
[Build] Inserted 25600/50000 points, avg insert time: 5.731 ms
[Build] Inserted 25700/50000 points, avg insert time: 4.708 ms
[Build] Inserted 25800/50000 points, avg insert time: 4.670 ms
[Build] Inserted 25900/50000 points, avg insert time: 6.528 ms
[Build] Inserted 26000/50000 points, avg insert time: 5.934 ms
[Build] Inserted 26100/50000 points, avg insert time: 4.793 ms
[Build] Inserted 26200/50000 points, avg insert time: 5.071 ms
[Build] Inserted 26300/50000 points, avg insert time: 5.711 ms
[Build] Inserted 26400/50000 points, avg insert time: 6.137 ms
[Build] Inserted 26500/50000 points, avg insert time: 5.381 ms
[Build] Inserted 26600/50000 points, avg insert time: 6.463 ms
[Build] Inserted 26700/50000 points, avg insert time: 5.261 ms
[Build] Inserted 26800/50000 points, avg insert time: 5.106 ms
[Build] Inserted 26900/50000 points, avg insert time: 4.172 ms
[Build] Inserted 27000/50000 points, avg insert time: -17.854 ms
[Build] Inserted 27100/50000 points, avg insert time: 4.159 ms
[Build] Inserted 27200/50000 points, avg insert time: 5.041 ms
[Build] Inserted 27300/50000 points, avg insert time: 4.715 ms
[Build] Inserted 27400/50000 points, avg insert time: 7.005 ms
[Build] Inserted 27500/50000 points, avg insert time: 5.117 ms
[Build] Inserted 27600/50000 points, avg insert time: 5.358 ms
[Build] Inserted 27700/50000 points, avg insert time: 6.710 ms
[Build] Inserted 27800/50000 points, avg insert time: 5.525 ms
[Build] Inserted 27900/50000 points, avg insert time: 6.526 ms
[Build] Inserted 28000/50000 points, avg insert time: 4.595 ms
[Build] Inserted 28100/50000 points, avg insert time: 5.272 ms
[Build] Inserted 28200/50000 points, avg insert time: 6.298 ms
[Build] Inserted 28300/50000 points, avg insert time: 5.136 ms
[Build] Inserted 28400/50000 points, avg insert time: 5.478 ms
[Build] Inserted 28500/50000 points, avg insert time: 5.516 ms
[Build] Inserted 28600/50000 points, avg insert time: 5.168 ms
[Build] Inserted 28700/50000 points, avg insert time: 6.410 ms
[Build] Inserted 28800/50000 points, avg insert time: 5.677 ms
[Build] Inserted 28900/50000 points, avg insert time: 8.145 ms
[Build] Inserted 29000/50000 points, avg insert time: 5.598 ms
[Build] Inserted 29100/50000 points, avg insert time: 6.134 ms
[Build] Inserted 29200/50000 points, avg insert time: 6.152 ms
[Build] Inserted 29300/50000 points, avg insert time: 7.885 ms
[Build] Inserted 29400/50000 points, avg insert time: 5.081 ms
[Build] Inserted 29500/50000 points, avg insert time: 4.617 ms
[Build] Inserted 29600/50000 points, avg insert time: 6.511 ms
[Build] Inserted 29700/50000 points, avg insert time: 6.584 ms
[Build] Inserted 29800/50000 points, avg insert time: 6.715 ms
[Build] Inserted 29900/50000 points, avg insert time: 5.903 ms
[Build] Inserted 30000/50000 points, avg insert time: 7.888 ms
[Build] Inserted 30100/50000 points, avg insert time: 5.560 ms
[Build] Inserted 30200/50000 points, avg insert time: 5.967 ms
[Build] Inserted 30300/50000 points, avg insert time: 7.666 ms
[Build] Inserted 30400/50000 points, avg insert time: 4.625 ms
[Build] Inserted 30500/50000 points, avg insert time: 7.617 ms
[Build] Inserted 30600/50000 points, avg insert time: 6.962 ms
[Build] Inserted 30700/50000 points, avg insert time: 6.142 ms
[Build] Inserted 30800/50000 points, avg insert time: 8.175 ms
[Build] Inserted 30900/50000 points, avg insert time: 7.067 ms
[Build] Inserted 31000/50000 points, avg insert time: 4.313 ms
[Build] Inserted 31100/50000 points, avg insert time: 6.684 ms
[Build] Inserted 31200/50000 points, avg insert time: 5.581 ms
[Build] Inserted 31300/50000 points, avg insert time: 5.613 ms
[Build] Inserted 31400/50000 points, avg insert time: 6.033 ms
[Build] Inserted 31500/50000 points, avg insert time: 7.004 ms
[Build] Inserted 31600/50000 points, avg insert time: 5.750 ms
[Build] Inserted 31700/50000 points, avg insert time: 9.293 ms
[Build] Inserted 31800/50000 points, avg insert time: 6.644 ms
[Build] Inserted 31900/50000 points, avg insert time: 7.868 ms
[Build] Inserted 32000/50000 points, avg insert time: 6.530 ms
[Build] Inserted 32100/50000 points, avg insert time: 5.879 ms
[Build] Inserted 32200/50000 points, avg insert time: 4.749 ms
[Build] Inserted 32300/50000 points, avg insert time: -15.053 ms
[Build] Inserted 32400/50000 points, avg insert time: 7.027 ms
[Build] Inserted 32500/50000 points, avg insert time: 8.000 ms
[Build] Inserted 32600/50000 points, avg insert time: 6.080 ms
[Build] Inserted 32700/50000 points, avg insert time: 6.532 ms
[Build] Inserted 32800/50000 points, avg insert time: 5.657 ms
[Build] Inserted 32900/50000 points, avg insert time: 6.793 ms
[Build] Inserted 33000/50000 points, avg insert time: 4.533 ms
[Build] Inserted 33100/50000 points, avg insert time: 5.547 ms
[Build] Inserted 33200/50000 points, avg insert time: 6.785 ms
[Build] Inserted 33300/50000 points, avg insert time: 6.996 ms
[Build] Inserted 33400/50000 points, avg insert time: 5.360 ms
[Build] Inserted 33500/50000 points, avg insert time: 6.273 ms
[Build] Inserted 33600/50000 points, avg insert time: 4.343 ms
[Build] Inserted 33700/50000 points, avg insert time: 5.543 ms
[Build] Inserted 33800/50000 points, avg insert time: 4.646 ms
[Build] Inserted 33900/50000 points, avg insert time: 5.518 ms
[Build] Inserted 34000/50000 points, avg insert time: 6.053 ms
[Build] Inserted 34100/50000 points, avg insert time: 6.842 ms
[Build] Inserted 34200/50000 points, avg insert time: 6.306 ms
[Build] Inserted 34300/50000 points, avg insert time: 6.242 ms
[Build] Inserted 34400/50000 points, avg insert time: 6.402 ms
[Build] Inserted 34500/50000 points, avg insert time: 4.327 ms
[Build] Inserted 34600/50000 points, avg insert time: 5.905 ms
[Build] Inserted 34700/50000 points, avg insert time: 6.298 ms
[Build] Inserted 34800/50000 points, avg insert time: 4.998 ms
[Build] Inserted 34900/50000 points, avg insert time: 6.800 ms
[Build] Inserted 35000/50000 points, avg insert time: 4.998 ms
[Build] Inserted 35100/50000 points, avg insert time: 5.120 ms
[Build] Inserted 35200/50000 points, avg insert time: 6.645 ms
[Build] Inserted 35300/50000 points, avg insert time: 11.975 ms
[Build] Inserted 35400/50000 points, avg insert time: 6.078 ms
[Build] Inserted 35500/50000 points, avg insert time: 4.891 ms
[Build] Inserted 35600/50000 points, avg insert time: 5.133 ms
[Build] Inserted 35700/50000 points, avg insert time: 4.780 ms
[Build] Inserted 35800/50000 points, avg insert time: 4.730 ms
[Build] Inserted 35900/50000 points, avg insert time: 3.785 ms
[Build] Inserted 36000/50000 points, avg insert time: 5.367 ms
[Build] Inserted 36100/50000 points, avg insert time: 6.037 ms
[Build] Inserted 36200/50000 points, avg insert time: 5.191 ms
[Build] Inserted 36300/50000 points, avg insert time: 6.856 ms
[Build] Inserted 36400/50000 points, avg insert time: 7.696 ms
[Build] Inserted 36500/50000 points, avg insert time: 3.710 ms
[Build] Inserted 36600/50000 points, avg insert time: 5.018 ms
[Build] Inserted 36700/50000 points, avg insert time: 5.473 ms
[Build] Inserted 36800/50000 points, avg insert time: 5.038 ms
[Build] Inserted 36900/50000 points, avg insert time: 5.744 ms
[Build] Inserted 37000/50000 points, avg insert time: 5.915 ms
[Build] Inserted 37100/50000 points, avg insert time: 4.279 ms
[Build] Inserted 37200/50000 points, avg insert time: 5.806 ms
[Build] Inserted 37300/50000 points, avg insert time: 5.390 ms
[Build] Inserted 37400/50000 points, avg insert time: 6.873 ms
[Build] Inserted 37500/50000 points, avg insert time: 7.003 ms
[Build] Inserted 37600/50000 points, avg insert time: 6.497 ms
[Build] Inserted 37700/50000 points, avg insert time: -16.977 ms
[Build] Inserted 37800/50000 points, avg insert time: 5.060 ms
[Build] Inserted 37900/50000 points, avg insert time: 4.742 ms
[Build] Inserted 38000/50000 points, avg insert time: 6.461 ms
[Build] Inserted 38100/50000 points, avg insert time: 5.534 ms
[Build] Inserted 38200/50000 points, avg insert time: 4.789 ms
[Build] Inserted 38300/50000 points, avg insert time: 4.955 ms
[Build] Inserted 38400/50000 points, avg insert time: 5.535 ms
[Build] Inserted 38500/50000 points, avg insert time: 5.856 ms
[Build] Inserted 38600/50000 points, avg insert time: 7.540 ms
[Build] Inserted 38700/50000 points, avg insert time: 7.983 ms
[Build] Inserted 38800/50000 points, avg insert time: 5.565 ms
[Build] Inserted 38900/50000 points, avg insert time: 7.541 ms
[Build] Inserted 39000/50000 points, avg insert time: 5.489 ms
[Build] Inserted 39100/50000 points, avg insert time: 10.043 ms
[Build] Inserted 39200/50000 points, avg insert time: 7.311 ms
[Build] Inserted 39300/50000 points, avg insert time: 7.309 ms
[Build] Inserted 39400/50000 points, avg insert time: 5.257 ms
[Build] Inserted 39500/50000 points, avg insert time: 5.147 ms
[Build] Inserted 39600/50000 points, avg insert time: 4.810 ms
[Build] Inserted 39700/50000 points, avg insert time: 7.246 ms
[Build] Inserted 39800/50000 points, avg insert time: 6.436 ms
[Build] Inserted 39900/50000 points, avg insert time: 7.931 ms
[Build] Inserted 40000/50000 points, avg insert time: 7.215 ms
[Build] Inserted 40100/50000 points, avg insert time: 6.033 ms
[Build] Inserted 40200/50000 points, avg insert time: 6.817 ms
[Build] Inserted 40300/50000 points, avg insert time: 4.382 ms
[Build] Inserted 40400/50000 points, avg insert time: 5.383 ms
[Build] Inserted 40500/50000 points, avg insert time: 6.248 ms
[Build] Inserted 40600/50000 points, avg insert time: 9.717 ms
[Build] Inserted 40700/50000 points, avg insert time: 5.051 ms
[Build] Inserted 40800/50000 points, avg insert time: 5.651 ms
[Build] Inserted 40900/50000 points, avg insert time: 6.465 ms
[Build] Inserted 41000/50000 points, avg insert time: 4.331 ms
[Build] Inserted 41100/50000 points, avg insert time: 6.275 ms
[Build] Inserted 41200/50000 points, avg insert time: 6.011 ms
[Build] Inserted 41300/50000 points, avg insert time: 6.747 ms
[Build] Inserted 41400/50000 points, avg insert time: 6.942 ms
[Build] Inserted 41500/50000 points, avg insert time: 5.566 ms
[Build] Inserted 41600/50000 points, avg insert time: 4.446 ms
[Build] Inserted 41700/50000 points, avg insert time: 6.349 ms
[Build] Inserted 41800/50000 points, avg insert time: 5.653 ms
[Build] Inserted 41900/50000 points, avg insert time: 6.861 ms
[Build] Inserted 42000/50000 points, avg insert time: 5.384 ms
[Build] Inserted 42100/50000 points, avg insert time: 6.434 ms
[Build] Inserted 42200/50000 points, avg insert time: 4.509 ms
[Build] Inserted 42300/50000 points, avg insert time: 5.290 ms
[Build] Inserted 42400/50000 points, avg insert time: 8.455 ms
[Build] Inserted 42500/50000 points, avg insert time: 3.834 ms
[Build] Inserted 42600/50000 points, avg insert time: 6.722 ms
[Build] Inserted 42700/50000 points, avg insert time: 4.769 ms
[Build] Inserted 42800/50000 points, avg insert time: 5.411 ms
[Build] Inserted 42900/50000 points, avg insert time: 4.166 ms
[Build] Inserted 43000/50000 points, avg insert time: 4.757 ms
[Build] Inserted 43100/50000 points, avg insert time: -18.479 ms
[Build] Inserted 43200/50000 points, avg insert time: 5.149 ms
[Build] Inserted 43300/50000 points, avg insert time: 4.846 ms
[Build] Inserted 43400/50000 points, avg insert time: 5.406 ms
[Build] Inserted 43500/50000 points, avg insert time: 5.202 ms
[Build] Inserted 43600/50000 points, avg insert time: 5.859 ms
[Build] Inserted 43700/50000 points, avg insert time: 6.131 ms
[Build] Inserted 43800/50000 points, avg insert time: 6.186 ms
[Build] Inserted 43900/50000 points, avg insert time: 4.635 ms
[Build] Inserted 44000/50000 points, avg insert time: 11.214 ms
[Build] Inserted 44100/50000 points, avg insert time: 4.789 ms
[Build] Inserted 44200/50000 points, avg insert time: 5.955 ms
[Build] Inserted 44300/50000 points, avg insert time: 5.998 ms
[Build] Inserted 44400/50000 points, avg insert time: 4.940 ms
[Build] Inserted 44500/50000 points, avg insert time: 5.241 ms
[Build] Inserted 44600/50000 points, avg insert time: 6.706 ms
[Build] Inserted 44700/50000 points, avg insert time: 5.292 ms
[Build] Inserted 44800/50000 points, avg insert time: 5.874 ms
[Build] Inserted 44900/50000 points, avg insert time: 5.012 ms
[Build] Inserted 45000/50000 points, avg insert time: 4.582 ms
[Build] Inserted 45100/50000 points, avg insert time: 8.921 ms
[Build] Inserted 45200/50000 points, avg insert time: 5.130 ms
[Build] Inserted 45300/50000 points, avg insert time: 5.604 ms
[Build] Inserted 45400/50000 points, avg insert time: 4.592 ms
[Build] Inserted 45500/50000 points, avg insert time: 4.967 ms
[Build] Inserted 45600/50000 points, avg insert time: 5.509 ms
[Build] Inserted 45700/50000 points, avg insert time: 4.286 ms
[Build] Inserted 45800/50000 points, avg insert time: 4.371 ms
[Build] Inserted 45900/50000 points, avg insert time: 4.518 ms
[Build] Inserted 46000/50000 points, avg insert time: 4.756 ms
[Build] Inserted 46100/50000 points, avg insert time: 4.353 ms
[Build] Inserted 46200/50000 points, avg insert time: 7.265 ms
[Build] Inserted 46300/50000 points, avg insert time: 5.059 ms
[Build] Inserted 46400/50000 points, avg insert time: 5.273 ms
[Build] Inserted 46500/50000 points, avg insert time: 4.799 ms
[Build] Inserted 46600/50000 points, avg insert time: 5.156 ms
[Build] Inserted 46700/50000 points, avg insert time: 4.420 ms
[Build] Inserted 46800/50000 points, avg insert time: 6.577 ms
[Build] Inserted 46900/50000 points, avg insert time: 4.014 ms
[Build] Inserted 47000/50000 points, avg insert time: 5.444 ms
[Build] Inserted 47100/50000 points, avg insert time: 6.012 ms
[Build] Inserted 47200/50000 points, avg insert time: 4.420 ms
[Build] Inserted 47300/50000 points, avg insert time: 5.324 ms
[Build] Inserted 47400/50000 points, avg insert time: 3.387 ms
[Build] Inserted 47500/50000 points, avg insert time: 5.852 ms
[Build] Inserted 47600/50000 points, avg insert time: 6.309 ms
[Build] Inserted 47700/50000 points, avg insert time: 6.050 ms
[Build] Inserted 47800/50000 points, avg insert time: 5.318 ms
[Build] Inserted 47900/50000 points, avg insert time: 6.608 ms
[Build] Inserted 48000/50000 points, avg insert time: 10.257 ms
[Build] Inserted 48100/50000 points, avg insert time: 7.500 ms
[Build] Inserted 48200/50000 points, avg insert time: 5.193 ms
[Build] Inserted 48300/50000 points, avg insert time: 6.162 ms
[Build] Inserted 48400/50000 points, avg insert time: 9.406 ms
[Build] Inserted 48500/50000 points, avg insert time: 6.061 ms
[Build] Inserted 48600/50000 points, avg insert time: 6.089 ms
[Build] Inserted 48700/50000 points, avg insert time: -15.088 ms
[Build] Inserted 48800/50000 points, avg insert time: 5.549 ms
[Build] Inserted 48900/50000 points, avg insert time: 4.783 ms
[Build] Inserted 49000/50000 points, avg insert time: 8.233 ms
[Build] Inserted 49100/50000 points, avg insert time: 4.880 ms
[Build] Inserted 49200/50000 points, avg insert time: 4.551 ms
[Build] Inserted 49300/50000 points, avg insert time: 5.046 ms
[Build] Inserted 49400/50000 points, avg insert time: 5.854 ms
[Build] Inserted 49500/50000 points, avg insert time: 3.955 ms
[Build] Inserted 49600/50000 points, avg insert time: 5.729 ms
[Build] Inserted 49700/50000 points, avg insert time: 5.913 ms
[Build] Inserted 49800/50000 points, avg insert time: 5.457 ms
[Build] Inserted 49900/50000 points, avg insert time: 4.893 ms
[Build] Inserted 50000/50000 points, avg insert time: 5.160 ms
[Build] Starting queries...
[Query] Processed 100/5000 queries, avg query time: 65.518 ms
[Query] Processed 200/5000 queries, avg query time: 62.911 ms
[Query] Processed 300/5000 queries, avg query time: 63.872 ms
[Query] Processed 400/5000 queries, avg query time: 59.512 ms
[Query] Processed 500/5000 queries, avg query time: 61.466 ms
[Query] Processed 600/5000 queries, avg query time: 63.136 ms
[Query] Processed 700/5000 queries, avg query time: 62.619 ms
[Query] Processed 800/5000 queries, avg query time: 62.456 ms
[Query] Processed 900/5000 queries, avg query time: 60.331 ms
[Query] Processed 1000/5000 queries, avg query time: 60.798 ms
[Query] Processed 1100/5000 queries, avg query time: 61.469 ms
[Query] Processed 1200/5000 queries, avg query time: 61.715 ms
[Query] Processed 1300/5000 queries, avg query time: 62.128 ms
[Query] Processed 1400/5000 queries, avg query time: 60.807 ms
[Query] Processed 1500/5000 queries, avg query time: 61.309 ms
[Query] Processed 1600/5000 queries, avg query time: 63.201 ms
[Query] Processed 1700/5000 queries, avg query time: 63.707 ms
[Query] Processed 1800/5000 queries, avg query time: 63.950 ms
[Query] Processed 1900/5000 queries, avg query time: 62.980 ms
[Query] Processed 2000/5000 queries, avg query time: 62.998 ms
[Query] Processed 2100/5000 queries, avg query time: 63.055 ms
[Query] Processed 2200/5000 queries, avg query time: 63.270 ms
[Query] Processed 2300/5000 queries, avg query time: 62.502 ms
[Query] Processed 2400/5000 queries, avg query time: 62.703 ms
[Query] Processed 2500/5000 queries, avg query time: 62.663 ms
[Query] Processed 2600/5000 queries, avg query time: 62.764 ms
[Query] Processed 2700/5000 queries, avg query time: 62.911 ms
[Query] Processed 2800/5000 queries, avg query time: 62.212 ms
[Query] Processed 2900/5000 queries, avg query time: 62.413 ms
[Query] Processed 3000/5000 queries, avg query time: 62.611 ms
[Query] Processed 3100/5000 queries, avg query time: 62.991 ms
[Query] Processed 3200/5000 queries, avg query time: 63.225 ms
[Query] Processed 3300/5000 queries, avg query time: 62.754 ms
[Query] Processed 3400/5000 queries, avg query time: 62.703 ms
[Query] Processed 3500/5000 queries, avg query time: 62.762 ms
[Query] Processed 3600/5000 queries, avg query time: 63.025 ms
[Query] Processed 3700/5000 queries, avg query time: 63.008 ms
[Query] Processed 3800/5000 queries, avg query time: 62.478 ms
[Query] Processed 3900/5000 queries, avg query time: 62.467 ms
[Query] Processed 4000/5000 queries, avg query time: 62.484 ms
[Query] Processed 4100/5000 queries, avg query time: 62.695 ms
[Query] Processed 4200/5000 queries, avg query time: 62.836 ms
[Query] Processed 4300/5000 queries, avg query time: 62.732 ms
[Query] Processed 4400/5000 queries, avg query time: 62.969 ms
[Query] Processed 4500/5000 queries, avg query time: 63.198 ms
[Query] Processed 4600/5000 queries, avg query time: 63.270 ms
[Query] Processed 4700/5000 queries, avg query time: 62.817 ms
[Query] Processed 4800/5000 queries, avg query time: 63.008 ms
[Query] Processed 4900/5000 queries, avg query time: 63.057 ms
[Query] Processed 5000/5000 queries, avg query time: 63.179 ms
[Sanity Check] Total Relevant =  5000
[Result] Memory breakdown (MB): {'hash_functions_MB': 13.568115234375, 'bucket_ids_MB': 73.32870483398438, 'num_ids': 19222680, 'num_buckets': 907705, 'hash_tables_overhead_MB': 76.1776351928711, 'total_MB': 163.07445526123047}
[Result] Epsilon-recall: 0.9997
[Result] (c,r)-ANN accuracy: 1.0000
[SUMMARY] r=1.0, eps=0.5, eta=0.1, recall=0.9997, (c,r)-ANN accuracy=1.0, memory=163.07445526123047
