[Init] Inputs : eta=0.30, epsilon=0.50, r=1.00
[Init] LSH Parameters : w=3.154, p1=0.7472, p2=0.6267, rho=0.6236
[Init] Data Structure Parameters : k=24, L=1140, key_bits=768, mode=speed
[Build] Starting insertion...
[Build] Inserted 100/50000 points, avg insert time: 0.288 ms
[Build] Inserted 200/50000 points, avg insert time: 0.708 ms
[Build] Inserted 300/50000 points, avg insert time: 1.519 ms
[Build] Inserted 400/50000 points, avg insert time: 0.416 ms
[Build] Inserted 500/50000 points, avg insert time: 1.114 ms
[Build] Inserted 600/50000 points, avg insert time: 0.286 ms
[Build] Inserted 700/50000 points, avg insert time: 0.745 ms
[Build] Inserted 800/50000 points, avg insert time: 0.564 ms
[Build] Inserted 900/50000 points, avg insert time: 1.130 ms
[Build] Inserted 1000/50000 points, avg insert time: 0.423 ms
[Build] Inserted 1100/50000 points, avg insert time: 0.555 ms
[Build] Inserted 1200/50000 points, avg insert time: 0.709 ms
[Build] Inserted 1300/50000 points, avg insert time: 0.421 ms
[Build] Inserted 1400/50000 points, avg insert time: 0.547 ms
[Build] Inserted 1500/50000 points, avg insert time: 1.421 ms
[Build] Inserted 1600/50000 points, avg insert time: 0.686 ms
[Build] Inserted 1700/50000 points, avg insert time: 0.836 ms
[Build] Inserted 1800/50000 points, avg insert time: 0.691 ms
[Build] Inserted 1900/50000 points, avg insert time: 0.685 ms
[Build] Inserted 2000/50000 points, avg insert time: 0.412 ms
[Build] Inserted 2100/50000 points, avg insert time: 0.414 ms
[Build] Inserted 2200/50000 points, avg insert time: 0.571 ms
[Build] Inserted 2300/50000 points, avg insert time: 0.275 ms
[Build] Inserted 2400/50000 points, avg insert time: 1.132 ms
[Build] Inserted 2500/50000 points, avg insert time: 0.991 ms
[Build] Inserted 2600/50000 points, avg insert time: 0.713 ms
[Build] Inserted 2700/50000 points, avg insert time: 0.434 ms
[Build] Inserted 2800/50000 points, avg insert time: 0.862 ms
[Build] Inserted 2900/50000 points, avg insert time: 0.831 ms
[Build] Inserted 3000/50000 points, avg insert time: 0.583 ms
[Build] Inserted 3100/50000 points, avg insert time: 0.845 ms
[Build] Inserted 3200/50000 points, avg insert time: 0.286 ms
[Build] Inserted 3300/50000 points, avg insert time: 0.146 ms
[Build] Inserted 3400/50000 points, avg insert time: 1.138 ms
[Build] Inserted 3500/50000 points, avg insert time: 0.586 ms
[Build] Inserted 3600/50000 points, avg insert time: 0.861 ms
[Build] Inserted 3700/50000 points, avg insert time: 0.432 ms
[Build] Inserted 3800/50000 points, avg insert time: 0.558 ms
[Build] Inserted 3900/50000 points, avg insert time: 0.420 ms
[Build] Inserted 4000/50000 points, avg insert time: 0.317 ms
[Build] Inserted 4100/50000 points, avg insert time: 0.277 ms
[Build] Inserted 4200/50000 points, avg insert time: 0.849 ms
[Build] Inserted 4300/50000 points, avg insert time: 0.422 ms
[Build] Inserted 4400/50000 points, avg insert time: 0.417 ms
[Build] Inserted 4500/50000 points, avg insert time: 0.275 ms
[Build] Inserted 4600/50000 points, avg insert time: 0.548 ms
[Build] Inserted 4700/50000 points, avg insert time: 0.546 ms
[Build] Inserted 4800/50000 points, avg insert time: 0.274 ms
[Build] Inserted 4900/50000 points, avg insert time: 0.280 ms
[Build] Inserted 5000/50000 points, avg insert time: 0.137 ms
[Build] Inserted 5100/50000 points, avg insert time: 0.274 ms
[Build] Inserted 5200/50000 points, avg insert time: 0.416 ms
[Build] Inserted 5300/50000 points, avg insert time: 0.857 ms
[Build] Inserted 5400/50000 points, avg insert time: 0.706 ms
[Build] Inserted 5500/50000 points, avg insert time: 0.547 ms
[Build] Inserted 5600/50000 points, avg insert time: 1.120 ms
[Build] Inserted 5700/50000 points, avg insert time: 0.280 ms
[Build] Inserted 5800/50000 points, avg insert time: 0.440 ms
[Build] Inserted 5900/50000 points, avg insert time: 0.433 ms
[Build] Inserted 6000/50000 points, avg insert time: 0.999 ms
[Build] Inserted 6100/50000 points, avg insert time: 0.750 ms
[Build] Inserted 6200/50000 points, avg insert time: 0.278 ms
[Build] Inserted 6300/50000 points, avg insert time: 0.564 ms
[Build] Inserted 6400/50000 points, avg insert time: 0.866 ms
[Build] Inserted 6500/50000 points, avg insert time: 0.551 ms
[Build] Inserted 6600/50000 points, avg insert time: 0.697 ms
[Build] Inserted 6700/50000 points, avg insert time: 0.420 ms
[Build] Inserted 6800/50000 points, avg insert time: 0.702 ms
[Build] Inserted 6900/50000 points, avg insert time: 0.327 ms
[Build] Inserted 7000/50000 points, avg insert time: 0.141 ms
[Build] Inserted 7100/50000 points, avg insert time: 0.552 ms
[Build] Inserted 7200/50000 points, avg insert time: 0.754 ms
[Build] Inserted 7300/50000 points, avg insert time: 0.278 ms
[Build] Inserted 7400/50000 points, avg insert time: 0.705 ms
[Build] Inserted 7500/50000 points, avg insert time: 0.148 ms
[Build] Inserted 7600/50000 points, avg insert time: 0.998 ms
[Build] Inserted 7700/50000 points, avg insert time: 0.999 ms
[Build] Inserted 7800/50000 points, avg insert time: 0.001 ms
[Build] Inserted 7900/50000 points, avg insert time: 0.287 ms
[Build] Inserted 8000/50000 points, avg insert time: 0.593 ms
[Build] Inserted 8100/50000 points, avg insert time: 0.749 ms
[Build] Inserted 8200/50000 points, avg insert time: 0.966 ms
[Build] Inserted 8300/50000 points, avg insert time: 0.142 ms
[Build] Inserted 8400/50000 points, avg insert time: 0.707 ms
[Build] Inserted 8500/50000 points, avg insert time: 0.722 ms
[Build] Inserted 8600/50000 points, avg insert time: 0.557 ms
[Build] Inserted 8700/50000 points, avg insert time: 0.566 ms
[Build] Inserted 8800/50000 points, avg insert time: 0.722 ms
[Build] Inserted 8900/50000 points, avg insert time: 0.554 ms
[Build] Inserted 9000/50000 points, avg insert time: 0.730 ms
[Build] Inserted 9100/50000 points, avg insert time: 0.422 ms
[Build] Inserted 9200/50000 points, avg insert time: 0.419 ms
[Build] Inserted 9300/50000 points, avg insert time: 0.277 ms
[Build] Inserted 9400/50000 points, avg insert time: 0.001 ms
[Build] Inserted 9500/50000 points, avg insert time: 0.276 ms
[Build] Inserted 9600/50000 points, avg insert time: 0.420 ms
[Build] Inserted 9700/50000 points, avg insert time: 0.855 ms
[Build] Inserted 9800/50000 points, avg insert time: 0.280 ms
[Build] Inserted 9900/50000 points, avg insert time: 1.109 ms
[Build] Inserted 10000/50000 points, avg insert time: 0.556 ms
[Build] Inserted 10100/50000 points, avg insert time: 0.753 ms
[Build] Inserted 10200/50000 points, avg insert time: 0.590 ms
[Build] Inserted 10300/50000 points, avg insert time: 0.295 ms
[Build] Inserted 10400/50000 points, avg insert time: 0.585 ms
[Build] Inserted 10500/50000 points, avg insert time: 0.426 ms
[Build] Inserted 10600/50000 points, avg insert time: 0.716 ms
[Build] Inserted 10700/50000 points, avg insert time: 0.432 ms
[Build] Inserted 10800/50000 points, avg insert time: 0.577 ms
[Build] Inserted 10900/50000 points, avg insert time: 0.868 ms
[Build] Inserted 11000/50000 points, avg insert time: 0.722 ms
[Build] Inserted 11100/50000 points, avg insert time: 0.600 ms
[Build] Inserted 11200/50000 points, avg insert time: 0.553 ms
[Build] Inserted 11300/50000 points, avg insert time: 0.981 ms
[Build] Inserted 11400/50000 points, avg insert time: 0.708 ms
[Build] Inserted 11500/50000 points, avg insert time: 0.285 ms
[Build] Inserted 11600/50000 points, avg insert time: 0.294 ms
[Build] Inserted 11700/50000 points, avg insert time: 0.442 ms
[Build] Inserted 11800/50000 points, avg insert time: 1.175 ms
[Build] Inserted 11900/50000 points, avg insert time: 0.422 ms
[Build] Inserted 12000/50000 points, avg insert time: 1.779 ms
[Build] Inserted 12100/50000 points, avg insert time: 0.150 ms
[Build] Inserted 12200/50000 points, avg insert time: 0.861 ms
[Build] Inserted 12300/50000 points, avg insert time: 1.001 ms
[Build] Inserted 12400/50000 points, avg insert time: 1.015 ms
[Build] Inserted 12500/50000 points, avg insert time: 0.140 ms
[Build] Inserted 12600/50000 points, avg insert time: 0.590 ms
[Build] Inserted 12700/50000 points, avg insert time: 0.686 ms
[Build] Inserted 12800/50000 points, avg insert time: 0.550 ms
[Build] Inserted 12900/50000 points, avg insert time: 0.141 ms
[Build] Inserted 13000/50000 points, avg insert time: 0.143 ms
[Build] Inserted 13100/50000 points, avg insert time: 1.293 ms
[Build] Inserted 13200/50000 points, avg insert time: 0.860 ms
[Build] Inserted 13300/50000 points, avg insert time: 0.429 ms
[Build] Inserted 13400/50000 points, avg insert time: 0.291 ms
[Build] Inserted 13500/50000 points, avg insert time: 0.285 ms
[Build] Inserted 13600/50000 points, avg insert time: 0.587 ms
[Build] Inserted 13700/50000 points, avg insert time: 0.453 ms
[Build] Inserted 13800/50000 points, avg insert time: 0.858 ms
[Build] Inserted 13900/50000 points, avg insert time: 0.573 ms
[Build] Inserted 14000/50000 points, avg insert time: 0.430 ms
[Build] Inserted 14100/50000 points, avg insert time: 0.574 ms
[Build] Inserted 14200/50000 points, avg insert time: 0.996 ms
[Build] Inserted 14300/50000 points, avg insert time: 0.147 ms
[Build] Inserted 14400/50000 points, avg insert time: 0.571 ms
[Build] Inserted 14500/50000 points, avg insert time: 0.459 ms
[Build] Inserted 14600/50000 points, avg insert time: 1.093 ms
[Build] Inserted 14700/50000 points, avg insert time: 0.880 ms
[Build] Inserted 14800/50000 points, avg insert time: 0.288 ms
[Build] Inserted 14900/50000 points, avg insert time: 0.592 ms
[Build] Inserted 15000/50000 points, avg insert time: 0.723 ms
[Build] Inserted 15100/50000 points, avg insert time: 0.467 ms
[Build] Inserted 15200/50000 points, avg insert time: 0.731 ms
[Build] Inserted 15300/50000 points, avg insert time: 0.851 ms
[Build] Inserted 15400/50000 points, avg insert time: 0.599 ms
[Build] Inserted 15500/50000 points, avg insert time: 0.712 ms
[Build] Inserted 15600/50000 points, avg insert time: 0.866 ms
[Build] Inserted 15700/50000 points, avg insert time: 0.869 ms
[Build] Inserted 15800/50000 points, avg insert time: 0.001 ms
[Build] Inserted 15900/50000 points, avg insert time: 0.729 ms
[Build] Inserted 16000/50000 points, avg insert time: 0.583 ms
[Build] Inserted 16100/50000 points, avg insert time: 0.740 ms
[Build] Inserted 16200/50000 points, avg insert time: 1.315 ms
[Build] Inserted 16300/50000 points, avg insert time: 0.430 ms
[Build] Inserted 16400/50000 points, avg insert time: 0.146 ms
[Build] Inserted 16500/50000 points, avg insert time: 0.417 ms
[Build] Inserted 16600/50000 points, avg insert time: 0.554 ms
[Build] Inserted 16700/50000 points, avg insert time: 0.839 ms
[Build] Inserted 16800/50000 points, avg insert time: 0.435 ms
[Build] Inserted 16900/50000 points, avg insert time: 1.379 ms
[Build] Inserted 17000/50000 points, avg insert time: 0.447 ms
[Build] Inserted 17100/50000 points, avg insert time: 0.690 ms
[Build] Inserted 17200/50000 points, avg insert time: 1.531 ms
[Build] Inserted 17300/50000 points, avg insert time: 0.865 ms
[Build] Inserted 17400/50000 points, avg insert time: 0.290 ms
[Build] Inserted 17500/50000 points, avg insert time: 0.727 ms
[Build] Inserted 17600/50000 points, avg insert time: 0.147 ms
[Build] Inserted 17700/50000 points, avg insert time: 0.292 ms
[Build] Inserted 17800/50000 points, avg insert time: 0.582 ms
[Build] Inserted 17900/50000 points, avg insert time: 0.603 ms
[Build] Inserted 18000/50000 points, avg insert time: 0.423 ms
[Build] Inserted 18100/50000 points, avg insert time: 0.712 ms
[Build] Inserted 18200/50000 points, avg insert time: 0.705 ms
[Build] Inserted 18300/50000 points, avg insert time: 0.431 ms
[Build] Inserted 18400/50000 points, avg insert time: 0.576 ms
[Build] Inserted 18500/50000 points, avg insert time: 0.498 ms
[Build] Inserted 18600/50000 points, avg insert time: 0.432 ms
[Build] Inserted 18700/50000 points, avg insert time: 0.437 ms
[Build] Inserted 18800/50000 points, avg insert time: 1.044 ms
[Build] Inserted 18900/50000 points, avg insert time: 0.561 ms
[Build] Inserted 19000/50000 points, avg insert time: 0.001 ms
[Build] Inserted 19100/50000 points, avg insert time: 0.594 ms
[Build] Inserted 19200/50000 points, avg insert time: 0.430 ms
[Build] Inserted 19300/50000 points, avg insert time: 0.143 ms
[Build] Inserted 19400/50000 points, avg insert time: 0.558 ms
[Build] Inserted 19500/50000 points, avg insert time: 0.744 ms
[Build] Inserted 19600/50000 points, avg insert time: 0.585 ms
[Build] Inserted 19700/50000 points, avg insert time: 1.014 ms
[Build] Inserted 19800/50000 points, avg insert time: 0.864 ms
[Build] Inserted 19900/50000 points, avg insert time: 0.570 ms
[Build] Inserted 20000/50000 points, avg insert time: 0.876 ms
[Build] Inserted 20100/50000 points, avg insert time: 0.447 ms
[Build] Inserted 20200/50000 points, avg insert time: 1.294 ms
[Build] Inserted 20300/50000 points, avg insert time: 0.569 ms
[Build] Inserted 20400/50000 points, avg insert time: 0.442 ms
[Build] Inserted 20500/50000 points, avg insert time: 0.289 ms
[Build] Inserted 20600/50000 points, avg insert time: 0.735 ms
[Build] Inserted 20700/50000 points, avg insert time: 0.567 ms
[Build] Inserted 20800/50000 points, avg insert time: 0.425 ms
[Build] Inserted 20900/50000 points, avg insert time: 0.585 ms
[Build] Inserted 21000/50000 points, avg insert time: 0.746 ms
[Build] Inserted 21100/50000 points, avg insert time: 0.747 ms
[Build] Inserted 21200/50000 points, avg insert time: 0.605 ms
[Build] Inserted 21300/50000 points, avg insert time: 0.595 ms
[Build] Inserted 21400/50000 points, avg insert time: 0.895 ms
[Build] Inserted 21500/50000 points, avg insert time: 0.621 ms
[Build] Inserted 21600/50000 points, avg insert time: 0.593 ms
[Build] Inserted 21700/50000 points, avg insert time: 0.416 ms
[Build] Inserted 21800/50000 points, avg insert time: 0.287 ms
[Build] Inserted 21900/50000 points, avg insert time: 1.036 ms
[Build] Inserted 22000/50000 points, avg insert time: 0.718 ms
[Build] Inserted 22100/50000 points, avg insert time: 0.711 ms
[Build] Inserted 22200/50000 points, avg insert time: 0.274 ms
[Build] Inserted 22300/50000 points, avg insert time: 0.556 ms
[Build] Inserted 22400/50000 points, avg insert time: 0.734 ms
[Build] Inserted 22500/50000 points, avg insert time: 1.015 ms
[Build] Inserted 22600/50000 points, avg insert time: 0.718 ms
[Build] Inserted 22700/50000 points, avg insert time: 1.034 ms
[Build] Inserted 22800/50000 points, avg insert time: 0.878 ms
[Build] Inserted 22900/50000 points, avg insert time: 0.291 ms
[Build] Inserted 23000/50000 points, avg insert time: 0.730 ms
[Build] Inserted 23100/50000 points, avg insert time: 0.884 ms
[Build] Inserted 23200/50000 points, avg insert time: 0.420 ms
[Build] Inserted 23300/50000 points, avg insert time: 0.426 ms
[Build] Inserted 23400/50000 points, avg insert time: 1.027 ms
[Build] Inserted 23500/50000 points, avg insert time: 0.868 ms
[Build] Inserted 23600/50000 points, avg insert time: 0.574 ms
[Build] Inserted 23700/50000 points, avg insert time: 0.576 ms
[Build] Inserted 23800/50000 points, avg insert time: 0.415 ms
[Build] Inserted 23900/50000 points, avg insert time: 0.418 ms
[Build] Inserted 24000/50000 points, avg insert time: 0.598 ms
[Build] Inserted 24100/50000 points, avg insert time: 0.551 ms
[Build] Inserted 24200/50000 points, avg insert time: 0.833 ms
[Build] Inserted 24300/50000 points, avg insert time: 0.569 ms
[Build] Inserted 24400/50000 points, avg insert time: 0.569 ms
[Build] Inserted 24500/50000 points, avg insert time: 0.870 ms
[Build] Inserted 24600/50000 points, avg insert time: 0.559 ms
[Build] Inserted 24700/50000 points, avg insert time: 0.423 ms
[Build] Inserted 24800/50000 points, avg insert time: 0.425 ms
[Build] Inserted 24900/50000 points, avg insert time: 0.453 ms
[Build] Inserted 25000/50000 points, avg insert time: 0.702 ms
[Build] Inserted 25100/50000 points, avg insert time: 0.563 ms
[Build] Inserted 25200/50000 points, avg insert time: 0.568 ms
[Build] Inserted 25300/50000 points, avg insert time: 0.582 ms
[Build] Inserted 25400/50000 points, avg insert time: 0.594 ms
[Build] Inserted 25500/50000 points, avg insert time: 0.290 ms
[Build] Inserted 25600/50000 points, avg insert time: 0.839 ms
[Build] Inserted 25700/50000 points, avg insert time: 0.001 ms
[Build] Inserted 25800/50000 points, avg insert time: 0.287 ms
[Build] Inserted 25900/50000 points, avg insert time: 1.025 ms
[Build] Inserted 26000/50000 points, avg insert time: 0.982 ms
[Build] Inserted 26100/50000 points, avg insert time: 1.313 ms
[Build] Inserted 26200/50000 points, avg insert time: 0.442 ms
[Build] Inserted 26300/50000 points, avg insert time: 0.428 ms
[Build] Inserted 26400/50000 points, avg insert time: 1.211 ms
[Build] Inserted 26500/50000 points, avg insert time: 0.423 ms
[Build] Inserted 26600/50000 points, avg insert time: 0.593 ms
[Build] Inserted 26700/50000 points, avg insert time: 0.572 ms
[Build] Inserted 26800/50000 points, avg insert time: 0.420 ms
[Build] Inserted 26900/50000 points, avg insert time: 0.414 ms
[Build] Inserted 27000/50000 points, avg insert time: 0.829 ms
[Build] Inserted 27100/50000 points, avg insert time: 0.282 ms
[Build] Inserted 27200/50000 points, avg insert time: 0.457 ms
[Build] Inserted 27300/50000 points, avg insert time: 0.145 ms
[Build] Inserted 27400/50000 points, avg insert time: 1.176 ms
[Build] Inserted 27500/50000 points, avg insert time: 0.439 ms
[Build] Inserted 27600/50000 points, avg insert time: 0.617 ms
[Build] Inserted 27700/50000 points, avg insert time: 0.437 ms
[Build] Inserted 27800/50000 points, avg insert time: 0.433 ms
[Build] Inserted 27900/50000 points, avg insert time: 0.290 ms
[Build] Inserted 28000/50000 points, avg insert time: 1.023 ms
[Build] Inserted 28100/50000 points, avg insert time: 0.290 ms
[Build] Inserted 28200/50000 points, avg insert time: 0.584 ms
[Build] Inserted 28300/50000 points, avg insert time: 0.442 ms
[Build] Inserted 28400/50000 points, avg insert time: 0.148 ms
[Build] Inserted 28500/50000 points, avg insert time: 0.421 ms
[Build] Inserted 28600/50000 points, avg insert time: 0.586 ms
[Build] Inserted 28700/50000 points, avg insert time: 0.586 ms
[Build] Inserted 28800/50000 points, avg insert time: 0.558 ms
[Build] Inserted 28900/50000 points, avg insert time: 0.417 ms
[Build] Inserted 29000/50000 points, avg insert time: 0.414 ms
[Build] Inserted 29100/50000 points, avg insert time: 0.426 ms
[Build] Inserted 29200/50000 points, avg insert time: 0.141 ms
[Build] Inserted 29300/50000 points, avg insert time: 0.418 ms
[Build] Inserted 29400/50000 points, avg insert time: -22.507 ms
[Build] Inserted 29500/50000 points, avg insert time: 0.291 ms
[Build] Inserted 29600/50000 points, avg insert time: 1.006 ms
[Build] Inserted 29700/50000 points, avg insert time: 0.278 ms
[Build] Inserted 29800/50000 points, avg insert time: 0.852 ms
[Build] Inserted 29900/50000 points, avg insert time: 0.420 ms
[Build] Inserted 30000/50000 points, avg insert time: 0.142 ms
[Build] Inserted 30100/50000 points, avg insert time: 0.278 ms
[Build] Inserted 30200/50000 points, avg insert time: 0.579 ms
[Build] Inserted 30300/50000 points, avg insert time: 0.579 ms
[Build] Inserted 30400/50000 points, avg insert time: 0.579 ms
[Build] Inserted 30500/50000 points, avg insert time: 0.590 ms
[Build] Inserted 30600/50000 points, avg insert time: 0.446 ms
[Build] Inserted 30700/50000 points, avg insert time: 1.184 ms
[Build] Inserted 30800/50000 points, avg insert time: 0.295 ms
[Build] Inserted 30900/50000 points, avg insert time: 1.357 ms
[Build] Inserted 31000/50000 points, avg insert time: 0.421 ms
[Build] Inserted 31100/50000 points, avg insert time: 0.602 ms
[Build] Inserted 31200/50000 points, avg insert time: 0.297 ms
[Build] Inserted 31300/50000 points, avg insert time: 0.291 ms
[Build] Inserted 31400/50000 points, avg insert time: 0.587 ms
[Build] Inserted 31500/50000 points, avg insert time: 0.293 ms
[Build] Inserted 31600/50000 points, avg insert time: 1.390 ms
[Build] Inserted 31700/50000 points, avg insert time: 0.888 ms
[Build] Inserted 31800/50000 points, avg insert time: 0.588 ms
[Build] Inserted 31900/50000 points, avg insert time: 0.743 ms
[Build] Inserted 32000/50000 points, avg insert time: 0.737 ms
[Build] Inserted 32100/50000 points, avg insert time: 0.555 ms
[Build] Inserted 32200/50000 points, avg insert time: 0.931 ms
[Build] Inserted 32300/50000 points, avg insert time: 0.297 ms
[Build] Inserted 32400/50000 points, avg insert time: 0.891 ms
[Build] Inserted 32500/50000 points, avg insert time: 0.319 ms
[Build] Inserted 32600/50000 points, avg insert time: 0.701 ms
[Build] Inserted 32700/50000 points, avg insert time: 0.283 ms
[Build] Inserted 32800/50000 points, avg insert time: 0.281 ms
[Build] Inserted 32900/50000 points, avg insert time: 1.325 ms
[Build] Inserted 33000/50000 points, avg insert time: 0.581 ms
[Build] Inserted 33100/50000 points, avg insert time: 1.021 ms
[Build] Inserted 33200/50000 points, avg insert time: 0.297 ms
[Build] Inserted 33300/50000 points, avg insert time: 0.774 ms
[Build] Inserted 33400/50000 points, avg insert time: 0.993 ms
[Build] Inserted 33500/50000 points, avg insert time: 0.723 ms
[Build] Inserted 33600/50000 points, avg insert time: 0.300 ms
[Build] Inserted 33700/50000 points, avg insert time: 0.152 ms
[Build] Inserted 33800/50000 points, avg insert time: 0.297 ms
[Build] Inserted 33900/50000 points, avg insert time: 0.437 ms
[Build] Inserted 34000/50000 points, avg insert time: 1.462 ms
[Build] Inserted 34100/50000 points, avg insert time: 0.301 ms
[Build] Inserted 34200/50000 points, avg insert time: 0.423 ms
[Build] Inserted 34300/50000 points, avg insert time: 0.370 ms
[Build] Inserted 34400/50000 points, avg insert time: 0.573 ms
[Build] Inserted 34500/50000 points, avg insert time: 0.138 ms
[Build] Inserted 34600/50000 points, avg insert time: 0.415 ms
[Build] Inserted 34700/50000 points, avg insert time: 0.416 ms
[Build] Inserted 34800/50000 points, avg insert time: 0.704 ms
[Build] Inserted 34900/50000 points, avg insert time: 0.735 ms
[Build] Inserted 35000/50000 points, avg insert time: 0.434 ms
[Build] Inserted 35100/50000 points, avg insert time: 0.292 ms
[Build] Inserted 35200/50000 points, avg insert time: 0.729 ms
[Build] Inserted 35300/50000 points, avg insert time: 0.289 ms
[Build] Inserted 35400/50000 points, avg insert time: 0.877 ms
[Build] Inserted 35500/50000 points, avg insert time: 0.579 ms
[Build] Inserted 35600/50000 points, avg insert time: 0.846 ms
[Build] Inserted 35700/50000 points, avg insert time: 0.570 ms
[Build] Inserted 35800/50000 points, avg insert time: 0.578 ms
[Build] Inserted 35900/50000 points, avg insert time: 0.294 ms
[Build] Inserted 36000/50000 points, avg insert time: 1.488 ms
[Build] Inserted 36100/50000 points, avg insert time: 0.422 ms
[Build] Inserted 36200/50000 points, avg insert time: 0.475 ms
[Build] Inserted 36300/50000 points, avg insert time: 1.312 ms
[Build] Inserted 36400/50000 points, avg insert time: 0.701 ms
[Build] Inserted 36500/50000 points, avg insert time: 0.585 ms
[Build] Inserted 36600/50000 points, avg insert time: 0.726 ms
[Build] Inserted 36700/50000 points, avg insert time: 0.437 ms
[Build] Inserted 36800/50000 points, avg insert time: 0.417 ms
[Build] Inserted 36900/50000 points, avg insert time: 0.427 ms
[Build] Inserted 37000/50000 points, avg insert time: 0.889 ms
[Build] Inserted 37100/50000 points, avg insert time: 1.198 ms
[Build] Inserted 37200/50000 points, avg insert time: 1.026 ms
[Build] Inserted 37300/50000 points, avg insert time: 0.707 ms
[Build] Inserted 37400/50000 points, avg insert time: 0.278 ms
[Build] Inserted 37500/50000 points, avg insert time: 0.848 ms
[Build] Inserted 37600/50000 points, avg insert time: 0.576 ms
[Build] Inserted 37700/50000 points, avg insert time: 0.618 ms
[Build] Inserted 37800/50000 points, avg insert time: 0.288 ms
[Build] Inserted 37900/50000 points, avg insert time: 0.872 ms
[Build] Inserted 38000/50000 points, avg insert time: 0.441 ms
[Build] Inserted 38100/50000 points, avg insert time: 0.731 ms
[Build] Inserted 38200/50000 points, avg insert time: 0.299 ms
[Build] Inserted 38300/50000 points, avg insert time: 0.976 ms
[Build] Inserted 38400/50000 points, avg insert time: 1.016 ms
[Build] Inserted 38500/50000 points, avg insert time: 0.453 ms
[Build] Inserted 38600/50000 points, avg insert time: 0.874 ms
[Build] Inserted 38700/50000 points, avg insert time: 0.729 ms
[Build] Inserted 38800/50000 points, avg insert time: 1.536 ms
[Build] Inserted 38900/50000 points, avg insert time: 1.165 ms
[Build] Inserted 39000/50000 points, avg insert time: 0.141 ms
[Build] Inserted 39100/50000 points, avg insert time: 1.027 ms
[Build] Inserted 39200/50000 points, avg insert time: 0.550 ms
[Build] Inserted 39300/50000 points, avg insert time: 1.488 ms
[Build] Inserted 39400/50000 points, avg insert time: 0.694 ms
[Build] Inserted 39500/50000 points, avg insert time: 0.447 ms
[Build] Inserted 39600/50000 points, avg insert time: 0.878 ms
[Build] Inserted 39700/50000 points, avg insert time: 0.585 ms
[Build] Inserted 39800/50000 points, avg insert time: 0.752 ms
[Build] Inserted 39900/50000 points, avg insert time: 0.001 ms
[Build] Inserted 40000/50000 points, avg insert time: 0.277 ms
[Build] Inserted 40100/50000 points, avg insert time: 0.556 ms
[Build] Inserted 40200/50000 points, avg insert time: 0.984 ms
[Build] Inserted 40300/50000 points, avg insert time: 1.120 ms
[Build] Inserted 40400/50000 points, avg insert time: 0.545 ms
[Build] Inserted 40500/50000 points, avg insert time: 0.547 ms
[Build] Inserted 40600/50000 points, avg insert time: 0.555 ms
[Build] Inserted 40700/50000 points, avg insert time: 0.574 ms
[Build] Inserted 40800/50000 points, avg insert time: 0.806 ms
[Build] Inserted 40900/50000 points, avg insert time: 0.139 ms
[Build] Inserted 41000/50000 points, avg insert time: 0.420 ms
[Build] Inserted 41100/50000 points, avg insert time: 0.703 ms
[Build] Inserted 41200/50000 points, avg insert time: 0.424 ms
[Build] Inserted 41300/50000 points, avg insert time: 1.057 ms
[Build] Inserted 41400/50000 points, avg insert time: 0.410 ms
[Build] Inserted 41500/50000 points, avg insert time: 0.277 ms
[Build] Inserted 41600/50000 points, avg insert time: 0.417 ms
[Build] Inserted 41700/50000 points, avg insert time: 0.588 ms
[Build] Inserted 41800/50000 points, avg insert time: 0.436 ms
[Build] Inserted 41900/50000 points, avg insert time: 0.294 ms
[Build] Inserted 42000/50000 points, avg insert time: 0.427 ms
[Build] Inserted 42100/50000 points, avg insert time: 0.424 ms
[Build] Inserted 42200/50000 points, avg insert time: 1.309 ms
[Build] Inserted 42300/50000 points, avg insert time: 0.147 ms
[Build] Inserted 42400/50000 points, avg insert time: 0.876 ms
[Build] Inserted 42500/50000 points, avg insert time: 0.164 ms
[Build] Inserted 42600/50000 points, avg insert time: 0.612 ms
[Build] Inserted 42700/50000 points, avg insert time: 0.304 ms
[Build] Inserted 42800/50000 points, avg insert time: 0.628 ms
[Build] Inserted 42900/50000 points, avg insert time: 0.304 ms
[Build] Inserted 43000/50000 points, avg insert time: 0.437 ms
[Build] Inserted 43100/50000 points, avg insert time: 0.434 ms
[Build] Inserted 43200/50000 points, avg insert time: 0.145 ms
[Build] Inserted 43300/50000 points, avg insert time: 0.589 ms
[Build] Inserted 43400/50000 points, avg insert time: 0.423 ms
[Build] Inserted 43500/50000 points, avg insert time: 0.594 ms
[Build] Inserted 43600/50000 points, avg insert time: 0.560 ms
[Build] Inserted 43700/50000 points, avg insert time: 0.278 ms
[Build] Inserted 43800/50000 points, avg insert time: 0.567 ms
[Build] Inserted 43900/50000 points, avg insert time: 0.995 ms
[Build] Inserted 44000/50000 points, avg insert time: 0.548 ms
[Build] Inserted 44100/50000 points, avg insert time: 0.426 ms
[Build] Inserted 44200/50000 points, avg insert time: 0.709 ms
[Build] Inserted 44300/50000 points, avg insert time: 0.409 ms
[Build] Inserted 44400/50000 points, avg insert time: 0.999 ms
[Build] Inserted 44500/50000 points, avg insert time: 0.419 ms
[Build] Inserted 44600/50000 points, avg insert time: 0.839 ms
[Build] Inserted 44700/50000 points, avg insert time: 0.743 ms
[Build] Inserted 44800/50000 points, avg insert time: 0.569 ms
[Build] Inserted 44900/50000 points, avg insert time: 0.418 ms
[Build] Inserted 45000/50000 points, avg insert time: 0.730 ms
[Build] Inserted 45100/50000 points, avg insert time: 0.437 ms
[Build] Inserted 45200/50000 points, avg insert time: 0.438 ms
[Build] Inserted 45300/50000 points, avg insert time: 0.582 ms
[Build] Inserted 45400/50000 points, avg insert time: 0.557 ms
[Build] Inserted 45500/50000 points, avg insert time: 0.559 ms
[Build] Inserted 45600/50000 points, avg insert time: 0.421 ms
[Build] Inserted 45700/50000 points, avg insert time: 0.290 ms
[Build] Inserted 45800/50000 points, avg insert time: 1.200 ms
[Build] Inserted 45900/50000 points, avg insert time: 0.716 ms
[Build] Inserted 46000/50000 points, avg insert time: 0.904 ms
[Build] Inserted 46100/50000 points, avg insert time: 0.992 ms
[Build] Inserted 46200/50000 points, avg insert time: 0.143 ms
[Build] Inserted 46300/50000 points, avg insert time: 0.728 ms
[Build] Inserted 46400/50000 points, avg insert time: 0.294 ms
[Build] Inserted 46500/50000 points, avg insert time: 0.900 ms
[Build] Inserted 46600/50000 points, avg insert time: 0.139 ms
[Build] Inserted 46700/50000 points, avg insert time: 0.670 ms
[Build] Inserted 46800/50000 points, avg insert time: 0.408 ms
[Build] Inserted 46900/50000 points, avg insert time: 0.419 ms
[Build] Inserted 47000/50000 points, avg insert time: 1.049 ms
[Build] Inserted 47100/50000 points, avg insert time: 0.531 ms
[Build] Inserted 47200/50000 points, avg insert time: 0.132 ms
[Build] Inserted 47300/50000 points, avg insert time: 0.645 ms
[Build] Inserted 47400/50000 points, avg insert time: 0.814 ms
[Build] Inserted 47500/50000 points, avg insert time: 0.664 ms
[Build] Inserted 47600/50000 points, avg insert time: 0.546 ms
[Build] Inserted 47700/50000 points, avg insert time: 0.547 ms
[Build] Inserted 47800/50000 points, avg insert time: 1.252 ms
[Build] Inserted 47900/50000 points, avg insert time: 0.403 ms
[Build] Inserted 48000/50000 points, avg insert time: 0.549 ms
[Build] Inserted 48100/50000 points, avg insert time: 0.567 ms
[Build] Inserted 48200/50000 points, avg insert time: 0.888 ms
[Build] Inserted 48300/50000 points, avg insert time: 0.725 ms
[Build] Inserted 48400/50000 points, avg insert time: 0.725 ms
[Build] Inserted 48500/50000 points, avg insert time: 0.841 ms
[Build] Inserted 48600/50000 points, avg insert time: 0.141 ms
[Build] Inserted 48700/50000 points, avg insert time: 0.145 ms
[Build] Inserted 48800/50000 points, avg insert time: 0.282 ms
[Build] Inserted 48900/50000 points, avg insert time: 0.832 ms
[Build] Inserted 49000/50000 points, avg insert time: 0.285 ms
[Build] Inserted 49100/50000 points, avg insert time: 0.442 ms
[Build] Inserted 49200/50000 points, avg insert time: 0.763 ms
[Build] Inserted 49300/50000 points, avg insert time: 0.748 ms
[Build] Inserted 49400/50000 points, avg insert time: 0.149 ms
[Build] Inserted 49500/50000 points, avg insert time: 0.446 ms
[Build] Inserted 49600/50000 points, avg insert time: 1.486 ms
[Build] Inserted 49700/50000 points, avg insert time: 0.595 ms
[Build] Inserted 49800/50000 points, avg insert time: 0.737 ms
[Build] Inserted 49900/50000 points, avg insert time: 0.735 ms
[Build] Inserted 50000/50000 points, avg insert time: 0.745 ms
[Build] Starting queries...
[Query] Processed 100/5000 queries, avg query time: 23.264 ms
[Query] Processed 200/5000 queries, avg query time: 23.830 ms
[Query] Processed 300/5000 queries, avg query time: 24.150 ms
[Query] Processed 400/5000 queries, avg query time: 23.694 ms
[Query] Processed 500/5000 queries, avg query time: 23.813 ms
[Query] Processed 600/5000 queries, avg query time: 23.683 ms
[Query] Processed 700/5000 queries, avg query time: 23.560 ms
[Query] Processed 800/5000 queries, avg query time: 23.463 ms
[Query] Processed 900/5000 queries, avg query time: 20.920 ms
[Query] Processed 1000/5000 queries, avg query time: 21.129 ms
[Query] Processed 1100/5000 queries, avg query time: 21.357 ms
[Query] Processed 1200/5000 queries, avg query time: 21.511 ms
[Query] Processed 1300/5000 queries, avg query time: 22.000 ms
[Query] Processed 1400/5000 queries, avg query time: 22.092 ms
[Query] Processed 1500/5000 queries, avg query time: 22.151 ms
[Query] Processed 1600/5000 queries, avg query time: 22.238 ms
[Query] Processed 1700/5000 queries, avg query time: 22.351 ms
[Query] Processed 1800/5000 queries, avg query time: 22.301 ms
[Query] Processed 1900/5000 queries, avg query time: 22.381 ms
[Query] Processed 2000/5000 queries, avg query time: 22.475 ms
[Query] Processed 2100/5000 queries, avg query time: 22.588 ms
[Query] Processed 2200/5000 queries, avg query time: 21.605 ms
[Query] Processed 2300/5000 queries, avg query time: 21.720 ms
[Query] Processed 2400/5000 queries, avg query time: 21.860 ms
[Query] Processed 2500/5000 queries, avg query time: 22.023 ms
[Query] Processed 2600/5000 queries, avg query time: 22.065 ms
[Query] Processed 2700/5000 queries, avg query time: 22.126 ms
[Query] Processed 2800/5000 queries, avg query time: 22.199 ms
[Query] Processed 2900/5000 queries, avg query time: 22.310 ms
[Query] Processed 3000/5000 queries, avg query time: 22.437 ms
[Query] Processed 3100/5000 queries, avg query time: 22.627 ms
[Query] Processed 3200/5000 queries, avg query time: 22.663 ms
[Query] Processed 3300/5000 queries, avg query time: 22.752 ms
[Query] Processed 3400/5000 queries, avg query time: 22.788 ms
[Query] Processed 3500/5000 queries, avg query time: 22.150 ms
[Query] Processed 3600/5000 queries, avg query time: 22.255 ms
[Query] Processed 3700/5000 queries, avg query time: 22.287 ms
[Query] Processed 3800/5000 queries, avg query time: 22.307 ms
[Query] Processed 3900/5000 queries, avg query time: 22.403 ms
[Query] Processed 4000/5000 queries, avg query time: 22.682 ms
[Query] Processed 4100/5000 queries, avg query time: 22.741 ms
[Query] Processed 4200/5000 queries, avg query time: 22.752 ms
[Query] Processed 4300/5000 queries, avg query time: 22.832 ms
[Query] Processed 4400/5000 queries, avg query time: 22.858 ms
[Query] Processed 4500/5000 queries, avg query time: 22.876 ms
[Query] Processed 4600/5000 queries, avg query time: 23.002 ms
[Query] Processed 4700/5000 queries, avg query time: 23.147 ms
[Query] Processed 4800/5000 queries, avg query time: 22.736 ms
[Query] Processed 4900/5000 queries, avg query time: 22.848 ms
[Query] Processed 5000/5000 queries, avg query time: 22.843 ms
[Sanity Check] Total Relevant =  5000
[Result] Memory breakdown (MB): {'hash_functions_MB': 13.568115234375, 'bucket_ids_MB': 8.914947509765625, 'num_ids': 2337000, 'num_buckets': 340574, 'hash_tables_overhead_MB': 28.582107543945312, 'total_MB': 51.06517028808594}
[Result] Epsilon-recall: 0.9816
[Result] (c,r)-ANN accuracy: 1.0000
[SUMMARY] r=1.0, eps=0.5, eta=0.3, recall=0.9816, (c,r)-ANN accuracy=1.0, memory=51.06517028808594
