[Init] Inputs : eta=0.10, epsilon=0.10, r=1.00
[Init] LSH Parameters : w=2.660, p1=0.7010, p2=0.6722, rho=0.8945
[Init] Data Structure Parameters : k=28, L=22773, key_bits=896, mode=speed
[Build] Starting insertion...
[Build] Inserted 100/50000 points, avg insert time: 114.162 ms
[Build] Inserted 200/50000 points, avg insert time: 97.010 ms
[Build] Inserted 300/50000 points, avg insert time: 99.470 ms
[Build] Inserted 400/50000 points, avg insert time: 97.521 ms
[Build] Inserted 500/50000 points, avg insert time: 74.552 ms
[Build] Inserted 600/50000 points, avg insert time: 90.702 ms
[Build] Inserted 700/50000 points, avg insert time: 95.011 ms
[Build] Inserted 800/50000 points, avg insert time: 89.412 ms
[Build] Inserted 900/50000 points, avg insert time: 93.935 ms
[Build] Inserted 1000/50000 points, avg insert time: 117.632 ms
[Build] Inserted 1100/50000 points, avg insert time: 92.706 ms
[Build] Inserted 1200/50000 points, avg insert time: 97.184 ms
[Build] Inserted 1300/50000 points, avg insert time: 94.836 ms
[Build] Inserted 1400/50000 points, avg insert time: 66.519 ms
[Build] Inserted 1500/50000 points, avg insert time: 106.440 ms
[Build] Inserted 1600/50000 points, avg insert time: 106.357 ms
[Build] Inserted 1700/50000 points, avg insert time: 91.996 ms
[Build] Inserted 1800/50000 points, avg insert time: 68.474 ms
[Build] Inserted 1900/50000 points, avg insert time: 113.036 ms
[Build] Inserted 2000/50000 points, avg insert time: 101.330 ms
[Build] Inserted 2100/50000 points, avg insert time: 75.794 ms
[Build] Inserted 2200/50000 points, avg insert time: 109.787 ms
[Build] Inserted 2300/50000 points, avg insert time: 101.073 ms
[Build] Inserted 2400/50000 points, avg insert time: 70.063 ms
[Build] Inserted 2500/50000 points, avg insert time: 96.215 ms
[Build] Inserted 2600/50000 points, avg insert time: 109.931 ms
[Build] Inserted 2700/50000 points, avg insert time: 75.933 ms
[Build] Inserted 2800/50000 points, avg insert time: 109.899 ms
[Build] Inserted 2900/50000 points, avg insert time: 89.291 ms
[Build] Inserted 3000/50000 points, avg insert time: 87.215 ms
[Build] Inserted 3100/50000 points, avg insert time: 96.644 ms
[Build] Inserted 3200/50000 points, avg insert time: 105.600 ms
[Build] Inserted 3300/50000 points, avg insert time: 93.619 ms
[Build] Inserted 3400/50000 points, avg insert time: 80.736 ms
[Build] Inserted 3500/50000 points, avg insert time: 108.935 ms
[Build] Inserted 3600/50000 points, avg insert time: 102.439 ms
[Build] Inserted 3700/50000 points, avg insert time: 98.774 ms
[Build] Inserted 3800/50000 points, avg insert time: 114.824 ms
[Build] Inserted 3900/50000 points, avg insert time: 77.425 ms
[Build] Inserted 4000/50000 points, avg insert time: 105.628 ms
[Build] Inserted 4100/50000 points, avg insert time: 117.579 ms
[Build] Inserted 4200/50000 points, avg insert time: 77.745 ms
[Build] Inserted 4300/50000 points, avg insert time: 105.455 ms
[Build] Inserted 4400/50000 points, avg insert time: 84.551 ms
[Build] Inserted 4500/50000 points, avg insert time: 78.533 ms
[Build] Inserted 4600/50000 points, avg insert time: 77.839 ms
[Build] Inserted 4700/50000 points, avg insert time: 90.560 ms
[Build] Inserted 4800/50000 points, avg insert time: 90.646 ms
[Build] Inserted 4900/50000 points, avg insert time: 108.022 ms
[Build] Inserted 5000/50000 points, avg insert time: 121.108 ms
[Build] Inserted 5100/50000 points, avg insert time: 114.967 ms
[Build] Inserted 5200/50000 points, avg insert time: 83.381 ms
[Build] Inserted 5300/50000 points, avg insert time: 84.809 ms
[Build] Inserted 5400/50000 points, avg insert time: 87.705 ms
[Build] Inserted 5500/50000 points, avg insert time: 75.044 ms
[Build] Inserted 5600/50000 points, avg insert time: 90.484 ms
[Build] Inserted 5700/50000 points, avg insert time: 96.704 ms
[Build] Inserted 5800/50000 points, avg insert time: 108.997 ms
[Build] Inserted 5900/50000 points, avg insert time: 81.326 ms
[Build] Inserted 6000/50000 points, avg insert time: 108.933 ms
[Build] Inserted 6100/50000 points, avg insert time: 93.839 ms
[Build] Inserted 6200/50000 points, avg insert time: 96.000 ms
[Build] Inserted 6300/50000 points, avg insert time: 105.904 ms
[Build] Inserted 6400/50000 points, avg insert time: 117.821 ms
[Build] Inserted 6500/50000 points, avg insert time: 84.265 ms
[Build] Inserted 6600/50000 points, avg insert time: 102.880 ms
[Build] Inserted 6700/50000 points, avg insert time: 97.209 ms
[Build] Inserted 6800/50000 points, avg insert time: 57.133 ms
[Build] Inserted 6900/50000 points, avg insert time: 125.291 ms
[Build] Inserted 7000/50000 points, avg insert time: 94.024 ms
[Build] Inserted 7100/50000 points, avg insert time: 84.095 ms
[Build] Inserted 7200/50000 points, avg insert time: 91.197 ms
[Build] Inserted 7300/50000 points, avg insert time: 106.150 ms
[Build] Inserted 7400/50000 points, avg insert time: 99.936 ms
[Build] Inserted 7500/50000 points, avg insert time: 112.179 ms
[Build] Inserted 7600/50000 points, avg insert time: 109.384 ms
[Build] Inserted 7700/50000 points, avg insert time: 68.549 ms
[Build] Inserted 7800/50000 points, avg insert time: 106.215 ms
[Build] Inserted 7900/50000 points, avg insert time: 112.148 ms
[Build] Inserted 8000/50000 points, avg insert time: 97.054 ms
[Build] Inserted 8100/50000 points, avg insert time: 106.125 ms
[Build] Inserted 8200/50000 points, avg insert time: 81.939 ms
[Build] Inserted 8300/50000 points, avg insert time: 84.304 ms
[Build] Inserted 8400/50000 points, avg insert time: 121.735 ms
[Build] Inserted 8500/50000 points, avg insert time: 115.240 ms
[Build] Inserted 8600/50000 points, avg insert time: 83.886 ms
[Build] Inserted 8700/50000 points, avg insert time: 91.044 ms
[Build] Inserted 8800/50000 points, avg insert time: 121.733 ms
[Build] Inserted 8900/50000 points, avg insert time: 78.325 ms
[Build] Inserted 9000/50000 points, avg insert time: 97.123 ms
[Build] Inserted 9100/50000 points, avg insert time: 103.241 ms
[Build] Inserted 9200/50000 points, avg insert time: 66.281 ms
[Build] Inserted 9300/50000 points, avg insert time: 94.289 ms
[Build] Inserted 9400/50000 points, avg insert time: 106.148 ms
[Build] Inserted 9500/50000 points, avg insert time: 93.311 ms
[Build] Inserted 9600/50000 points, avg insert time: 91.336 ms
[Build] Inserted 9700/50000 points, avg insert time: 106.223 ms
[Build] Inserted 9800/50000 points, avg insert time: 103.386 ms
[Build] Inserted 9900/50000 points, avg insert time: 60.142 ms
[Build] Inserted 10000/50000 points, avg insert time: 131.463 ms
[Build] Inserted 10100/50000 points, avg insert time: 106.727 ms
[Build] Inserted 10200/50000 points, avg insert time: 70.547 ms
[Build] Inserted 10300/50000 points, avg insert time: 122.211 ms
[Build] Inserted 10400/50000 points, avg insert time: 103.385 ms
[Build] Inserted 10500/50000 points, avg insert time: 44.979 ms
[Build] Inserted 10600/50000 points, avg insert time: 100.449 ms
[Build] Inserted 10700/50000 points, avg insert time: 103.423 ms
[Build] Inserted 10800/50000 points, avg insert time: 97.113 ms
[Build] Inserted 10900/50000 points, avg insert time: 85.133 ms
[Build] Inserted 11000/50000 points, avg insert time: 106.544 ms
[Build] Inserted 11100/50000 points, avg insert time: 71.783 ms
[Build] Inserted 11200/50000 points, avg insert time: 82.188 ms
[Build] Inserted 11300/50000 points, avg insert time: 91.311 ms
[Build] Inserted 11400/50000 points, avg insert time: 118.692 ms
[Build] Inserted 11500/50000 points, avg insert time: 52.465 ms
[Build] Inserted 11600/50000 points, avg insert time: 86.683 ms
[Build] Inserted 11700/50000 points, avg insert time: 88.701 ms
[Build] Inserted 11800/50000 points, avg insert time: 84.594 ms
[Build] Inserted 11900/50000 points, avg insert time: 109.752 ms
[Build] Inserted 12000/50000 points, avg insert time: 131.065 ms
[Build] Inserted 12100/50000 points, avg insert time: 93.643 ms
[Build] Inserted 12200/50000 points, avg insert time: 122.113 ms
[Build] Inserted 12300/50000 points, avg insert time: 94.438 ms
[Build] Inserted 12400/50000 points, avg insert time: 57.702 ms
[Build] Inserted 12500/50000 points, avg insert time: 115.600 ms
[Build] Inserted 12600/50000 points, avg insert time: 94.506 ms
[Build] Inserted 12700/50000 points, avg insert time: 84.439 ms
[Build] Inserted 12800/50000 points, avg insert time: 97.670 ms
[Build] Inserted 12900/50000 points, avg insert time: 109.438 ms
[Build] Inserted 13000/50000 points, avg insert time: 112.453 ms
[Build] Inserted 13100/50000 points, avg insert time: 88.235 ms
[Build] Inserted 13200/50000 points, avg insert time: 85.170 ms
[Build] Inserted 13300/50000 points, avg insert time: 84.584 ms
[Build] Inserted 13400/50000 points, avg insert time: 106.711 ms
[Build] Inserted 13500/50000 points, avg insert time: 76.120 ms
[Build] Inserted 13600/50000 points, avg insert time: 109.277 ms
[Build] Inserted 13700/50000 points, avg insert time: 76.024 ms
[Build] Inserted 13800/50000 points, avg insert time: 106.440 ms
[Build] Inserted 13900/50000 points, avg insert time: 85.316 ms
[Build] Inserted 14000/50000 points, avg insert time: 63.096 ms
[Build] Inserted 14100/50000 points, avg insert time: 91.257 ms
[Build] Inserted 14200/50000 points, avg insert time: 91.370 ms
[Build] Inserted 14300/50000 points, avg insert time: 87.801 ms
[Build] Inserted 14400/50000 points, avg insert time: 97.445 ms
[Build] Inserted 14500/50000 points, avg insert time: 103.564 ms
[Build] Inserted 14600/50000 points, avg insert time: 112.392 ms
[Build] Inserted 14700/50000 points, avg insert time: 59.990 ms
[Build] Inserted 14800/50000 points, avg insert time: 131.345 ms
[Build] Inserted 14900/50000 points, avg insert time: 85.543 ms
[Build] Inserted 15000/50000 points, avg insert time: 75.797 ms
[Build] Inserted 15100/50000 points, avg insert time: 109.812 ms
[Build] Inserted 15200/50000 points, avg insert time: 70.108 ms
[Build] Inserted 15300/50000 points, avg insert time: 90.629 ms
[Build] Inserted 15400/50000 points, avg insert time: 137.407 ms
[Build] Inserted 15500/50000 points, avg insert time: 85.283 ms
[Build] Inserted 15600/50000 points, avg insert time: 81.525 ms
[Build] Inserted 15700/50000 points, avg insert time: 103.809 ms
[Build] Inserted 15800/50000 points, avg insert time: 112.859 ms
[Build] Inserted 15900/50000 points, avg insert time: 69.725 ms
[Build] Inserted 16000/50000 points, avg insert time: 94.377 ms
[Build] Inserted 16100/50000 points, avg insert time: 106.800 ms
[Build] Inserted 16200/50000 points, avg insert time: 84.309 ms
[Build] Inserted 16300/50000 points, avg insert time: 94.549 ms
[Build] Inserted 16400/50000 points, avg insert time: 105.139 ms
[Build] Inserted 16500/50000 points, avg insert time: 92.093 ms
[Build] Inserted 16600/50000 points, avg insert time: 98.137 ms
[Build] Inserted 16700/50000 points, avg insert time: 113.489 ms
[Build] Inserted 16800/50000 points, avg insert time: 76.247 ms
[Build] Inserted 16900/50000 points, avg insert time: 85.700 ms
[Build] Inserted 17000/50000 points, avg insert time: 113.136 ms
[Build] Inserted 17100/50000 points, avg insert time: 88.967 ms
[Build] Inserted 17200/50000 points, avg insert time: 73.008 ms
[Build] Inserted 17300/50000 points, avg insert time: 67.326 ms
[Build] Inserted 17400/50000 points, avg insert time: 91.854 ms
[Build] Inserted 17500/50000 points, avg insert time: 94.193 ms
[Build] Inserted 17600/50000 points, avg insert time: 85.565 ms
[Build] Inserted 17700/50000 points, avg insert time: 109.992 ms
[Build] Inserted 17800/50000 points, avg insert time: 79.167 ms
[Build] Inserted 17900/50000 points, avg insert time: 85.640 ms
[Build] Inserted 18000/50000 points, avg insert time: 97.698 ms
[Build] Inserted 18100/50000 points, avg insert time: 128.766 ms
[Build] Inserted 18200/50000 points, avg insert time: 82.228 ms
[Build] Inserted 18300/50000 points, avg insert time: 131.626 ms
[Build] Inserted 18400/50000 points, avg insert time: 88.200 ms
[Build] Inserted 18500/50000 points, avg insert time: 109.979 ms
[Build] Inserted 18600/50000 points, avg insert time: 94.922 ms
[Build] Inserted 18700/50000 points, avg insert time: 73.478 ms
[Build] Inserted 18800/50000 points, avg insert time: 95.543 ms
[Build] Inserted 18900/50000 points, avg insert time: 98.552 ms
[Build] Inserted 19000/50000 points, avg insert time: 104.794 ms
[Build] Inserted 19100/50000 points, avg insert time: 76.811 ms
[Build] Inserted 19200/50000 points, avg insert time: 83.038 ms
[Build] Inserted 19300/50000 points, avg insert time: 123.587 ms
[Build] Inserted 19400/50000 points, avg insert time: 82.578 ms
[Build] Inserted 19500/50000 points, avg insert time: 114.152 ms
[Build] Inserted 19600/50000 points, avg insert time: 105.150 ms
[Build] Inserted 19700/50000 points, avg insert time: 95.867 ms
[Build] Inserted 19800/50000 points, avg insert time: 101.543 ms
[Build] Inserted 19900/50000 points, avg insert time: 92.658 ms
[Build] Inserted 20000/50000 points, avg insert time: 79.825 ms
[Build] Inserted 20100/50000 points, avg insert time: 114.828 ms
[Build] Inserted 20200/50000 points, avg insert time: 108.690 ms
[Build] Inserted 20300/50000 points, avg insert time: 96.031 ms
[Build] Inserted 20400/50000 points, avg insert time: 78.053 ms
[Build] Inserted 20500/50000 points, avg insert time: 112.501 ms
[Build] Inserted 20600/50000 points, avg insert time: 91.130 ms
[Build] Inserted 20700/50000 points, avg insert time: 99.946 ms
[Build] Inserted 20800/50000 points, avg insert time: 112.895 ms
[Build] Inserted 20900/50000 points, avg insert time: 106.116 ms
[Build] Inserted 21000/50000 points, avg insert time: 69.237 ms
[Build] Inserted 21100/50000 points, avg insert time: 99.449 ms
[Build] Inserted 21200/50000 points, avg insert time: 84.280 ms
[Build] Inserted 21300/50000 points, avg insert time: 93.344 ms
[Build] Inserted 21400/50000 points, avg insert time: 112.474 ms
[Build] Inserted 21500/50000 points, avg insert time: 83.814 ms
[Build] Inserted 21600/50000 points, avg insert time: 144.807 ms
[Build] Inserted 21700/50000 points, avg insert time: 126.685 ms
[Build] Inserted 21800/50000 points, avg insert time: 250.183 ms
[Build] Inserted 21900/50000 points, avg insert time: 92.684 ms
[Build] Inserted 22000/50000 points, avg insert time: 122.067 ms
[Build] Inserted 22100/50000 points, avg insert time: 140.518 ms
[Build] Inserted 22200/50000 points, avg insert time: 104.874 ms
[Build] Inserted 22300/50000 points, avg insert time: 123.087 ms
[Build] Inserted 22400/50000 points, avg insert time: 109.274 ms
[Build] Inserted 22500/50000 points, avg insert time: 121.292 ms
[Build] Inserted 22600/50000 points, avg insert time: 121.515 ms
[Build] Inserted 22700/50000 points, avg insert time: 116.150 ms
[Build] Inserted 22800/50000 points, avg insert time: 107.804 ms
[Build] Inserted 22900/50000 points, avg insert time: 93.983 ms
[Build] Inserted 23000/50000 points, avg insert time: 139.486 ms
[Build] Inserted 23100/50000 points, avg insert time: 151.946 ms
[Build] Inserted 23200/50000 points, avg insert time: 110.135 ms
[Build] Inserted 23300/50000 points, avg insert time: 170.642 ms
[Build] Inserted 23400/50000 points, avg insert time: 145.870 ms
[Build] Inserted 23500/50000 points, avg insert time: 158.175 ms
[Build] Inserted 23600/50000 points, avg insert time: 155.967 ms
[Build] Inserted 23700/50000 points, avg insert time: 225.218 ms
[Build] Inserted 23800/50000 points, avg insert time: 213.609 ms
[Build] Inserted 23900/50000 points, avg insert time: 206.934 ms
[Build] Inserted 24000/50000 points, avg insert time: 199.767 ms
[Build] Inserted 24100/50000 points, avg insert time: 237.444 ms
[Build] Inserted 24200/50000 points, avg insert time: 219.651 ms
[Build] Inserted 24300/50000 points, avg insert time: 119.245 ms
[Build] Inserted 24400/50000 points, avg insert time: 172.045 ms
[Build] Inserted 24500/50000 points, avg insert time: 217.773 ms
[Build] Inserted 24600/50000 points, avg insert time: 150.514 ms
[Build] Inserted 24700/50000 points, avg insert time: 193.883 ms
[Build] Inserted 24800/50000 points, avg insert time: 130.773 ms
[Build] Inserted 24900/50000 points, avg insert time: 215.443 ms
[Build] Inserted 25000/50000 points, avg insert time: 177.458 ms
[Build] Inserted 25100/50000 points, avg insert time: 184.475 ms
[Build] Inserted 25200/50000 points, avg insert time: 224.030 ms
[Build] Inserted 25300/50000 points, avg insert time: 176.545 ms
[Build] Inserted 25400/50000 points, avg insert time: 332.332 ms
[Build] Inserted 25500/50000 points, avg insert time: 241.292 ms
[Build] Inserted 25600/50000 points, avg insert time: 208.131 ms
[Build] Inserted 25700/50000 points, avg insert time: 176.957 ms
[Build] Inserted 25800/50000 points, avg insert time: 149.581 ms
[Build] Inserted 25900/50000 points, avg insert time: 195.334 ms
[Build] Inserted 26000/50000 points, avg insert time: 210.052 ms
[Build] Inserted 26100/50000 points, avg insert time: 167.575 ms
[Build] Inserted 26200/50000 points, avg insert time: 197.427 ms
[Build] Inserted 26300/50000 points, avg insert time: 190.200 ms
[Build] Inserted 26400/50000 points, avg insert time: 234.853 ms
[Build] Inserted 26500/50000 points, avg insert time: 251.128 ms
[Build] Inserted 26600/50000 points, avg insert time: 246.694 ms
[Build] Inserted 26700/50000 points, avg insert time: 246.602 ms
[Build] Inserted 26800/50000 points, avg insert time: 278.593 ms
[Build] Inserted 26900/50000 points, avg insert time: 313.578 ms
[Build] Inserted 27000/50000 points, avg insert time: 288.190 ms
[Build] Inserted 27100/50000 points, avg insert time: 315.687 ms
[Build] Inserted 27200/50000 points, avg insert time: 330.648 ms
[Build] Inserted 27300/50000 points, avg insert time: 256.704 ms
[Build] Inserted 27400/50000 points, avg insert time: 210.208 ms
[Build] Inserted 27500/50000 points, avg insert time: 163.872 ms
[Build] Inserted 27600/50000 points, avg insert time: 234.128 ms
[Build] Inserted 27700/50000 points, avg insert time: 175.510 ms
[Build] Inserted 27800/50000 points, avg insert time: 212.817 ms
[Build] Inserted 27900/50000 points, avg insert time: 259.590 ms
[Build] Inserted 28000/50000 points, avg insert time: 263.380 ms
[Build] Inserted 28100/50000 points, avg insert time: 285.930 ms
[Build] Inserted 28200/50000 points, avg insert time: 296.803 ms
[Build] Inserted 28300/50000 points, avg insert time: 191.160 ms
[Build] Inserted 28400/50000 points, avg insert time: 251.412 ms
[Build] Inserted 28500/50000 points, avg insert time: 236.011 ms
[Build] Inserted 28600/50000 points, avg insert time: 198.773 ms
[Build] Inserted 28700/50000 points, avg insert time: 291.891 ms
[Build] Inserted 28800/50000 points, avg insert time: 277.654 ms
[Build] Inserted 28900/50000 points, avg insert time: 337.383 ms
[Build] Inserted 29000/50000 points, avg insert time: 337.540 ms
[Build] Inserted 29100/50000 points, avg insert time: 210.012 ms
[Build] Inserted 29200/50000 points, avg insert time: 250.178 ms
[Build] Inserted 29300/50000 points, avg insert time: 229.268 ms
[Build] Inserted 29400/50000 points, avg insert time: 258.950 ms
[Build] Inserted 29500/50000 points, avg insert time: 230.681 ms
[Build] Inserted 29600/50000 points, avg insert time: 372.516 ms
[Build] Inserted 29700/50000 points, avg insert time: 400.887 ms
[Build] Inserted 29800/50000 points, avg insert time: 492.090 ms
[Build] Inserted 29900/50000 points, avg insert time: 185.578 ms
[Build] Inserted 30000/50000 points, avg insert time: 270.249 ms
[Build] Inserted 30100/50000 points, avg insert time: 324.303 ms
[Build] Inserted 30200/50000 points, avg insert time: 265.004 ms
[Build] Inserted 30300/50000 points, avg insert time: 293.090 ms
[Build] Inserted 30400/50000 points, avg insert time: 248.367 ms
[Build] Inserted 30500/50000 points, avg insert time: 345.283 ms
[Build] Inserted 30600/50000 points, avg insert time: 487.306 ms
[Build] Inserted 30700/50000 points, avg insert time: 437.687 ms
[Build] Inserted 30800/50000 points, avg insert time: 301.684 ms
[Build] Inserted 30900/50000 points, avg insert time: 298.091 ms
[Build] Inserted 31000/50000 points, avg insert time: 314.160 ms
[Build] Inserted 31100/50000 points, avg insert time: 263.410 ms
[Build] Inserted 31200/50000 points, avg insert time: 368.449 ms
[Build] Inserted 31300/50000 points, avg insert time: 339.856 ms
[Build] Inserted 31400/50000 points, avg insert time: 435.199 ms
[Build] Inserted 31500/50000 points, avg insert time: 568.131 ms
[Build] Inserted 31600/50000 points, avg insert time: 307.686 ms
[Build] Inserted 31700/50000 points, avg insert time: 289.264 ms
[Build] Inserted 31800/50000 points, avg insert time: 423.821 ms
[Build] Inserted 31900/50000 points, avg insert time: 359.080 ms
[Build] Inserted 32000/50000 points, avg insert time: 323.401 ms
[Build] Inserted 32100/50000 points, avg insert time: 378.770 ms
[Build] Inserted 32200/50000 points, avg insert time: 520.606 ms
[Build] Inserted 32300/50000 points, avg insert time: 612.274 ms
[Build] Inserted 32400/50000 points, avg insert time: 7891.586 ms
[Build] Inserted 32500/50000 points, avg insert time: 1004.466 ms
[Build] Inserted 32600/50000 points, avg insert time: 621.551 ms
[Build] Inserted 32700/50000 points, avg insert time: 420.040 ms
[Build] Inserted 32800/50000 points, avg insert time: 569.292 ms
[Build] Inserted 32900/50000 points, avg insert time: 591.235 ms
[Build] Inserted 33000/50000 points, avg insert time: 344.024 ms
[Build] Inserted 33100/50000 points, avg insert time: 350.674 ms
[Build] Inserted 33200/50000 points, avg insert time: 296.572 ms
[Build] Inserted 33300/50000 points, avg insert time: 226.964 ms
[Build] Inserted 33400/50000 points, avg insert time: 304.595 ms
[Build] Inserted 33500/50000 points, avg insert time: 423.727 ms
[Build] Inserted 33600/50000 points, avg insert time: 479.657 ms
[Build] Inserted 33700/50000 points, avg insert time: 468.703 ms
[Build] Inserted 33800/50000 points, avg insert time: 319.026 ms
[Build] Inserted 33900/50000 points, avg insert time: 322.438 ms
[Build] Inserted 34000/50000 points, avg insert time: 345.713 ms
[Build] Inserted 34100/50000 points, avg insert time: 298.064 ms
[Build] Inserted 34200/50000 points, avg insert time: 342.764 ms
[Build] Inserted 34300/50000 points, avg insert time: 315.940 ms
[Build] Inserted 34400/50000 points, avg insert time: 268.486 ms
[Build] Inserted 34500/50000 points, avg insert time: 589.362 ms
[Build] Inserted 34600/50000 points, avg insert time: 483.655 ms
[Build] Inserted 34700/50000 points, avg insert time: 309.513 ms
[Build] Inserted 34800/50000 points, avg insert time: 375.678 ms
[Build] Inserted 34900/50000 points, avg insert time: 357.828 ms
[Build] Inserted 35000/50000 points, avg insert time: 346.677 ms
[Build] Inserted 35100/50000 points, avg insert time: 349.917 ms
[Build] Inserted 35200/50000 points, avg insert time: 364.410 ms
[Build] Inserted 35300/50000 points, avg insert time: 444.987 ms
[Build] Inserted 35400/50000 points, avg insert time: 625.495 ms
[Build] Inserted 35500/50000 points, avg insert time: 621.139 ms
[Build] Inserted 35600/50000 points, avg insert time: 307.188 ms
[Build] Inserted 35700/50000 points, avg insert time: 335.719 ms
[Build] Inserted 35800/50000 points, avg insert time: 250.782 ms
[Build] Inserted 35900/50000 points, avg insert time: 357.546 ms
[Build] Inserted 36000/50000 points, avg insert time: 242.722 ms
[Build] Inserted 36100/50000 points, avg insert time: 490.499 ms
[Build] Inserted 36200/50000 points, avg insert time: 664.380 ms
[Build] Inserted 36300/50000 points, avg insert time: 363.741 ms
[Build] Inserted 36400/50000 points, avg insert time: 346.270 ms
[Build] Inserted 36500/50000 points, avg insert time: 500.878 ms
[Build] Inserted 36600/50000 points, avg insert time: 365.487 ms
[Build] Inserted 36700/50000 points, avg insert time: 358.389 ms
[Build] Inserted 36800/50000 points, avg insert time: 462.174 ms
[Build] Inserted 36900/50000 points, avg insert time: 733.225 ms
[Build] Inserted 37000/50000 points, avg insert time: 388.359 ms
[Build] Inserted 37100/50000 points, avg insert time: 424.428 ms
[Build] Inserted 37200/50000 points, avg insert time: 488.670 ms
[Build] Inserted 37300/50000 points, avg insert time: 305.020 ms
[Build] Inserted 37400/50000 points, avg insert time: 363.063 ms
[Build] Inserted 37500/50000 points, avg insert time: 575.134 ms
[Build] Inserted 37600/50000 points, avg insert time: 536.983 ms
[Build] Inserted 37700/50000 points, avg insert time: 428.267 ms
[Build] Inserted 37800/50000 points, avg insert time: 435.582 ms
[Build] Inserted 37900/50000 points, avg insert time: 430.916 ms
[Build] Inserted 38000/50000 points, avg insert time: 345.329 ms
[Build] Inserted 38100/50000 points, avg insert time: 304.796 ms
[Build] Inserted 38200/50000 points, avg insert time: 540.420 ms
[Build] Inserted 38300/50000 points, avg insert time: 627.952 ms
[Build] Inserted 38400/50000 points, avg insert time: 482.248 ms
[Build] Inserted 38500/50000 points, avg insert time: 416.398 ms
[Build] Inserted 38600/50000 points, avg insert time: 393.584 ms
[Build] Inserted 38700/50000 points, avg insert time: 331.803 ms
[Build] Inserted 38800/50000 points, avg insert time: 398.555 ms
[Build] Inserted 38900/50000 points, avg insert time: 539.538 ms
[Build] Inserted 39000/50000 points, avg insert time: 648.743 ms
[Build] Inserted 39100/50000 points, avg insert time: 275.272 ms
[Build] Inserted 39200/50000 points, avg insert time: 361.891 ms
[Build] Inserted 39300/50000 points, avg insert time: 470.923 ms
[Build] Inserted 39400/50000 points, avg insert time: 370.634 ms
[Build] Inserted 39500/50000 points, avg insert time: 314.439 ms
[Build] Inserted 39600/50000 points, avg insert time: 582.527 ms
[Build] Inserted 39700/50000 points, avg insert time: 751.049 ms
[Build] Inserted 39800/50000 points, avg insert time: 457.175 ms
[Build] Inserted 39900/50000 points, avg insert time: 362.424 ms
[Build] Inserted 40000/50000 points, avg insert time: 264.782 ms
[Build] Inserted 40100/50000 points, avg insert time: 324.205 ms
[Build] Inserted 40200/50000 points, avg insert time: 509.214 ms
[Build] Inserted 40300/50000 points, avg insert time: 671.345 ms
[Build] Inserted 40400/50000 points, avg insert time: 607.842 ms
[Build] Inserted 40500/50000 points, avg insert time: 476.431 ms
[Build] Inserted 40600/50000 points, avg insert time: 368.431 ms
[Build] Inserted 40700/50000 points, avg insert time: 403.398 ms
[Build] Inserted 40800/50000 points, avg insert time: 580.435 ms
[Build] Inserted 40900/50000 points, avg insert time: 440.257 ms
[Build] Inserted 41000/50000 points, avg insert time: 693.812 ms
[Build] Inserted 41100/50000 points, avg insert time: 417.636 ms
[Build] Inserted 41200/50000 points, avg insert time: 369.879 ms
[Build] Inserted 41300/50000 points, avg insert time: 412.078 ms
[Build] Inserted 41400/50000 points, avg insert time: 403.230 ms
[Build] Inserted 41500/50000 points, avg insert time: 424.761 ms
[Build] Inserted 41600/50000 points, avg insert time: 714.589 ms
[Build] Inserted 41700/50000 points, avg insert time: 624.967 ms
[Build] Inserted 41800/50000 points, avg insert time: 391.389 ms
[Build] Inserted 41900/50000 points, avg insert time: 464.653 ms
[Build] Inserted 42000/50000 points, avg insert time: 501.160 ms
[Build] Inserted 42100/50000 points, avg insert time: 603.326 ms
[Build] Inserted 42200/50000 points, avg insert time: 634.766 ms
[Build] Inserted 42300/50000 points, avg insert time: 373.731 ms
[Build] Inserted 42400/50000 points, avg insert time: 463.736 ms
[Build] Inserted 42500/50000 points, avg insert time: 398.687 ms
[Build] Inserted 42600/50000 points, avg insert time: 412.194 ms
[Build] Inserted 42700/50000 points, avg insert time: 510.044 ms
[Build] Inserted 42800/50000 points, avg insert time: 796.987 ms
[Build] Inserted 42900/50000 points, avg insert time: 430.288 ms
[Build] Inserted 43000/50000 points, avg insert time: 487.911 ms
[Build] Inserted 43100/50000 points, avg insert time: 357.919 ms
[Build] Inserted 43200/50000 points, avg insert time: 495.880 ms
[Build] Inserted 43300/50000 points, avg insert time: 611.207 ms
[Build] Inserted 43400/50000 points, avg insert time: 722.502 ms
[Build] Inserted 43500/50000 points, avg insert time: 392.322 ms
[Build] Inserted 43600/50000 points, avg insert time: 459.903 ms
[Build] Inserted 43700/50000 points, avg insert time: 352.359 ms
[Build] Inserted 43800/50000 points, avg insert time: 468.013 ms
[Build] Inserted 43900/50000 points, avg insert time: 715.671 ms
[Build] Inserted 44000/50000 points, avg insert time: 703.092 ms
[Build] Inserted 44100/50000 points, avg insert time: 360.441 ms
[Build] Inserted 44200/50000 points, avg insert time: 494.484 ms
[Build] Inserted 44300/50000 points, avg insert time: 500.163 ms
[Build] Inserted 44400/50000 points, avg insert time: 393.198 ms
[Build] Inserted 44500/50000 points, avg insert time: 949.383 ms
[Build] Inserted 44600/50000 points, avg insert time: 406.211 ms
[Build] Inserted 44700/50000 points, avg insert time: 418.495 ms
[Build] Inserted 44800/50000 points, avg insert time: 495.370 ms
[Build] Inserted 44900/50000 points, avg insert time: 425.771 ms
[Build] Inserted 45000/50000 points, avg insert time: 660.611 ms
[Build] Inserted 45100/50000 points, avg insert time: 689.511 ms
[Build] Inserted 45200/50000 points, avg insert time: 727.411 ms
[Build] Inserted 45300/50000 points, avg insert time: 401.874 ms
[Build] Inserted 45400/50000 points, avg insert time: 373.673 ms
[Build] Inserted 45500/50000 points, avg insert time: 781.133 ms
[Build] Inserted 45600/50000 points, avg insert time: 949.718 ms
[Build] Inserted 45700/50000 points, avg insert time: 491.619 ms
[Build] Inserted 45800/50000 points, avg insert time: 581.173 ms
[Build] Inserted 45900/50000 points, avg insert time: 357.517 ms
[Build] Inserted 46000/50000 points, avg insert time: 685.956 ms
[Build] Inserted 46100/50000 points, avg insert time: 832.125 ms
[Build] Inserted 46200/50000 points, avg insert time: 552.725 ms
[Build] Inserted 46300/50000 points, avg insert time: 436.466 ms
[Build] Inserted 46400/50000 points, avg insert time: 485.603 ms
[Build] Inserted 46500/50000 points, avg insert time: 548.151 ms
[Build] Inserted 46600/50000 points, avg insert time: 799.872 ms
[Build] Inserted 46700/50000 points, avg insert time: 372.816 ms
[Build] Inserted 46800/50000 points, avg insert time: 437.197 ms
[Build] Inserted 46900/50000 points, avg insert time: 508.039 ms
[Build] Inserted 47000/50000 points, avg insert time: 645.028 ms
[Build] Inserted 47100/50000 points, avg insert time: 617.913 ms
[Build] Inserted 47200/50000 points, avg insert time: 817.342 ms
[Build] Inserted 47300/50000 points, avg insert time: 561.062 ms
[Build] Inserted 47400/50000 points, avg insert time: 439.571 ms
[Build] Inserted 47500/50000 points, avg insert time: 462.035 ms
[Build] Inserted 47600/50000 points, avg insert time: 679.983 ms
[Build] Inserted 47700/50000 points, avg insert time: 602.904 ms
[Build] Inserted 47800/50000 points, avg insert time: 567.513 ms
[Build] Inserted 47900/50000 points, avg insert time: 574.418 ms
[Build] Inserted 48000/50000 points, avg insert time: 400.069 ms
[Build] Inserted 48100/50000 points, avg insert time: 847.783 ms
[Build] Inserted 48200/50000 points, avg insert time: 786.605 ms
[Build] Inserted 48300/50000 points, avg insert time: 485.382 ms
[Build] Inserted 48400/50000 points, avg insert time: 547.229 ms
[Build] Inserted 48500/50000 points, avg insert time: 564.057 ms
[Build] Inserted 48600/50000 points, avg insert time: 875.790 ms
[Build] Inserted 48700/50000 points, avg insert time: 656.334 ms
[Build] Inserted 48800/50000 points, avg insert time: 593.402 ms
[Build] Inserted 48900/50000 points, avg insert time: 570.172 ms
[Build] Inserted 49000/50000 points, avg insert time: 812.537 ms
[Build] Inserted 49100/50000 points, avg insert time: 972.595 ms
[Build] Inserted 49200/50000 points, avg insert time: 411.288 ms
[Build] Inserted 49300/50000 points, avg insert time: 700.554 ms
[Build] Inserted 49400/50000 points, avg insert time: 622.168 ms
[Build] Inserted 49500/50000 points, avg insert time: 1151.829 ms
[Build] Inserted 49600/50000 points, avg insert time: 19352.767 ms
[Build] Inserted 49700/50000 points, avg insert time: 1345.816 ms
[Build] Inserted 49800/50000 points, avg insert time: 1053.836 ms
[Build] Inserted 49900/50000 points, avg insert time: 810.676 ms
[Build] Inserted 50000/50000 points, avg insert time: 908.575 ms
[Build] Starting queries...
[Query] Processed 100/5000 queries, avg query time: 331.133 ms
[Query] Processed 200/5000 queries, avg query time: 285.478 ms
[Query] Processed 300/5000 queries, avg query time: 272.796 ms
[Query] Processed 400/5000 queries, avg query time: 260.787 ms
[Query] Processed 500/5000 queries, avg query time: 253.942 ms
[Query] Processed 600/5000 queries, avg query time: 248.748 ms
[Query] Processed 700/5000 queries, avg query time: 244.404 ms
[Query] Processed 800/5000 queries, avg query time: 241.711 ms
[Query] Processed 900/5000 queries, avg query time: 239.266 ms
[Query] Processed 1000/5000 queries, avg query time: 237.282 ms
[Query] Processed 1100/5000 queries, avg query time: 234.929 ms
[Query] Processed 1200/5000 queries, avg query time: 233.114 ms
[Query] Processed 1300/5000 queries, avg query time: 232.166 ms
[Query] Processed 1400/5000 queries, avg query time: 230.787 ms
[Query] Processed 1500/5000 queries, avg query time: 229.559 ms
[Query] Processed 1600/5000 queries, avg query time: 228.619 ms
[Query] Processed 1700/5000 queries, avg query time: 227.830 ms
[Query] Processed 1800/5000 queries, avg query time: 227.007 ms
[Query] Processed 1900/5000 queries, avg query time: 226.433 ms
[Query] Processed 2000/5000 queries, avg query time: 225.772 ms
[Query] Processed 2100/5000 queries, avg query time: 225.371 ms
[Query] Processed 2200/5000 queries, avg query time: 224.872 ms
[Query] Processed 2300/5000 queries, avg query time: 224.807 ms
[Query] Processed 2400/5000 queries, avg query time: 224.406 ms
[Query] Processed 2500/5000 queries, avg query time: 224.052 ms
[Query] Processed 2600/5000 queries, avg query time: 223.698 ms
[Query] Processed 2700/5000 queries, avg query time: 223.401 ms
[Query] Processed 2800/5000 queries, avg query time: 223.133 ms
[Query] Processed 2900/5000 queries, avg query time: 222.813 ms
[Query] Processed 3000/5000 queries, avg query time: 222.472 ms
[Query] Processed 3100/5000 queries, avg query time: 222.241 ms
[Query] Processed 3200/5000 queries, avg query time: 222.044 ms
[Query] Processed 3300/5000 queries, avg query time: 221.828 ms
[Query] Processed 3400/5000 queries, avg query time: 221.544 ms
[Query] Processed 3500/5000 queries, avg query time: 221.348 ms
[Query] Processed 3600/5000 queries, avg query time: 221.146 ms
[Query] Processed 3700/5000 queries, avg query time: 221.071 ms
[Query] Processed 3800/5000 queries, avg query time: 220.828 ms
[Query] Processed 3900/5000 queries, avg query time: 220.665 ms
[Query] Processed 4000/5000 queries, avg query time: 220.547 ms
[Query] Processed 4100/5000 queries, avg query time: 220.453 ms
[Query] Processed 4200/5000 queries, avg query time: 220.263 ms
[Query] Processed 4300/5000 queries, avg query time: 220.083 ms
[Query] Processed 4400/5000 queries, avg query time: 219.900 ms
[Query] Processed 4500/5000 queries, avg query time: 219.670 ms
[Query] Processed 4600/5000 queries, avg query time: 219.597 ms
[Query] Processed 4700/5000 queries, avg query time: 219.442 ms
[Query] Processed 4800/5000 queries, avg query time: 219.360 ms
[Query] Processed 4900/5000 queries, avg query time: 219.179 ms
[Query] Processed 5000/5000 queries, avg query time: 219.016 ms
[Sanity Check] Total Relevant =  5000
[Result] Memory breakdown (MB): {'hash_functions_MB': 316.2144470214844, 'bucket_ids_MB': 1465.9667015075684, 'num_ids': 384294375, 'num_buckets': 50568915, 'hash_tables_overhead_MB': 4243.912239074707, 'total_MB': 6026.09338760376}
[Result] Epsilon-recall: 0.9697
[Result] (c,r)-ANN accuracy: 1.0000
[SUMMARY] r=1.0, eps=0.1, eta=0.1, recall=0.9697, (c,r)-ANN accuracy=1.0, memory=6026.09338760376
