[Init] Inputs : eta=0.10, epsilon=0.70, r=0.50
[Init] LSH Parameters : w=1.700, p1=0.7654, p2=0.6095, rho=0.5401
[Init] Data Structure Parameters : k=22, L=451, key_bits=704, mode=speed
[Build] Starting insertion...
[Build] Inserted 100/50000 points, avg insert time (ms): 2.692
[Build] Inserted 200/50000 points, avg insert time (ms): 2.531
[Build] Inserted 300/50000 points, avg insert time (ms): 2.831
[Build] Inserted 400/50000 points, avg insert time (ms): 2.274
[Build] Inserted 500/50000 points, avg insert time (ms): 2.521
[Build] Inserted 600/50000 points, avg insert time (ms): 3.779
[Build] Inserted 700/50000 points, avg insert time (ms): 2.739
[Build] Inserted 800/50000 points, avg insert time (ms): 2.866
[Build] Inserted 900/50000 points, avg insert time (ms): 2.901
[Build] Inserted 1000/50000 points, avg insert time (ms): 2.201
[Build] Inserted 1100/50000 points, avg insert time (ms): 2.286
[Build] Inserted 1200/50000 points, avg insert time (ms): 2.900
[Build] Inserted 1300/50000 points, avg insert time (ms): 2.459
[Build] Inserted 1400/50000 points, avg insert time (ms): 2.210
[Build] Inserted 1500/50000 points, avg insert time (ms): 3.759
[Build] Inserted 1600/50000 points, avg insert time (ms): 2.655
[Build] Inserted 1700/50000 points, avg insert time (ms): 2.817
[Build] Inserted 1800/50000 points, avg insert time (ms): 1.943
[Build] Inserted 1900/50000 points, avg insert time (ms): 2.896
[Build] Inserted 2000/50000 points, avg insert time (ms): 2.555
[Build] Inserted 2100/50000 points, avg insert time (ms): 3.980
[Build] Inserted 2200/50000 points, avg insert time (ms): 3.014
[Build] Inserted 2300/50000 points, avg insert time (ms): 3.776
[Build] Inserted 2400/50000 points, avg insert time (ms): 3.171
[Build] Inserted 2500/50000 points, avg insert time (ms): 3.359
[Build] Inserted 2600/50000 points, avg insert time (ms): 3.648
[Build] Inserted 2700/50000 points, avg insert time (ms): 4.279
[Build] Inserted 2800/50000 points, avg insert time (ms): 2.341
[Build] Inserted 2900/50000 points, avg insert time (ms): 2.732
[Build] Inserted 3000/50000 points, avg insert time (ms): 2.630
[Build] Inserted 3100/50000 points, avg insert time (ms): 2.490
[Build] Inserted 3200/50000 points, avg insert time (ms): 2.560
[Build] Inserted 3300/50000 points, avg insert time (ms): 2.738
[Build] Inserted 3400/50000 points, avg insert time (ms): 2.705
[Build] Inserted 3500/50000 points, avg insert time (ms): 3.223
[Build] Inserted 3600/50000 points, avg insert time (ms): 2.478
[Build] Inserted 3700/50000 points, avg insert time (ms): 2.249
[Build] Inserted 3800/50000 points, avg insert time (ms): 3.728
[Build] Inserted 3900/50000 points, avg insert time (ms): 2.236
[Build] Inserted 4000/50000 points, avg insert time (ms): 2.364
[Build] Inserted 4100/50000 points, avg insert time (ms): 2.446
[Build] Inserted 4200/50000 points, avg insert time (ms): 2.430
[Build] Inserted 4300/50000 points, avg insert time (ms): 2.344
[Build] Inserted 4400/50000 points, avg insert time (ms): 2.663
[Build] Inserted 4500/50000 points, avg insert time (ms): 3.072
[Build] Inserted 4600/50000 points, avg insert time (ms): 3.248
[Build] Inserted 4700/50000 points, avg insert time (ms): 2.353
[Build] Inserted 4800/50000 points, avg insert time (ms): 2.138
[Build] Inserted 4900/50000 points, avg insert time (ms): 2.723
[Build] Inserted 5000/50000 points, avg insert time (ms): 2.776
[Build] Inserted 5100/50000 points, avg insert time (ms): 3.137
[Build] Inserted 5200/50000 points, avg insert time (ms): 2.362
[Build] Inserted 5300/50000 points, avg insert time (ms): 2.857
[Build] Inserted 5400/50000 points, avg insert time (ms): 2.183
[Build] Inserted 5500/50000 points, avg insert time (ms): 2.576
[Build] Inserted 5600/50000 points, avg insert time (ms): 2.942
[Build] Inserted 5700/50000 points, avg insert time (ms): 4.219
[Build] Inserted 5800/50000 points, avg insert time (ms): 4.199
[Build] Inserted 5900/50000 points, avg insert time (ms): 3.233
[Build] Inserted 6000/50000 points, avg insert time (ms): 3.667
[Build] Inserted 6100/50000 points, avg insert time (ms): 3.229
[Build] Inserted 6200/50000 points, avg insert time (ms): 3.754
[Build] Inserted 6300/50000 points, avg insert time (ms): 2.807
[Build] Inserted 6400/50000 points, avg insert time (ms): 2.542
[Build] Inserted 6500/50000 points, avg insert time (ms): 4.089
[Build] Inserted 6600/50000 points, avg insert time (ms): 2.693
[Build] Inserted 6700/50000 points, avg insert time (ms): 3.898
[Build] Inserted 6800/50000 points, avg insert time (ms): 2.390
[Build] Inserted 6900/50000 points, avg insert time (ms): 3.099
[Build] Inserted 7000/50000 points, avg insert time (ms): 2.412
[Build] Inserted 7100/50000 points, avg insert time (ms): 3.179
[Build] Inserted 7200/50000 points, avg insert time (ms): 2.595
[Build] Inserted 7300/50000 points, avg insert time (ms): 3.021
[Build] Inserted 7400/50000 points, avg insert time (ms): 2.989
[Build] Inserted 7500/50000 points, avg insert time (ms): 2.286
[Build] Inserted 7600/50000 points, avg insert time (ms): 3.624
[Build] Inserted 7700/50000 points, avg insert time (ms): 2.237
[Build] Inserted 7800/50000 points, avg insert time (ms): 4.029
[Build] Inserted 7900/50000 points, avg insert time (ms): 4.438
[Build] Inserted 8000/50000 points, avg insert time (ms): 2.906
[Build] Inserted 8100/50000 points, avg insert time (ms): 2.820
[Build] Inserted 8200/50000 points, avg insert time (ms): 3.497
[Build] Inserted 8300/50000 points, avg insert time (ms): 2.290
[Build] Inserted 8400/50000 points, avg insert time (ms): 3.108
[Build] Inserted 8500/50000 points, avg insert time (ms): 2.394
[Build] Inserted 8600/50000 points, avg insert time (ms): 3.806
[Build] Inserted 8700/50000 points, avg insert time (ms): 2.714
[Build] Inserted 8800/50000 points, avg insert time (ms): 3.688
[Build] Inserted 8900/50000 points, avg insert time (ms): 2.730
[Build] Inserted 9000/50000 points, avg insert time (ms): 2.485
[Build] Inserted 9100/50000 points, avg insert time (ms): 3.793
[Build] Inserted 9200/50000 points, avg insert time (ms): 2.065
[Build] Inserted 9300/50000 points, avg insert time (ms): 2.716
[Build] Inserted 9400/50000 points, avg insert time (ms): 2.298
[Build] Inserted 9500/50000 points, avg insert time (ms): 2.832
[Build] Inserted 9600/50000 points, avg insert time (ms): 2.170
[Build] Inserted 9700/50000 points, avg insert time (ms): 2.118
[Build] Inserted 9800/50000 points, avg insert time (ms): 1.859
[Build] Inserted 9900/50000 points, avg insert time (ms): 2.280
[Build] Inserted 10000/50000 points, avg insert time (ms): 1.878
[Build] Inserted 10100/50000 points, avg insert time (ms): 2.380
[Build] Inserted 10200/50000 points, avg insert time (ms): 2.078
[Build] Inserted 10300/50000 points, avg insert time (ms): 2.431
[Build] Inserted 10400/50000 points, avg insert time (ms): 2.570
[Build] Inserted 10500/50000 points, avg insert time (ms): 2.614
[Build] Inserted 10600/50000 points, avg insert time (ms): 2.413
[Build] Inserted 10700/50000 points, avg insert time (ms): 2.737
[Build] Inserted 10800/50000 points, avg insert time (ms): 2.306
[Build] Inserted 10900/50000 points, avg insert time (ms): 2.537
[Build] Inserted 11000/50000 points, avg insert time (ms): 3.107
[Build] Inserted 11100/50000 points, avg insert time (ms): 2.410
[Build] Inserted 11200/50000 points, avg insert time (ms): 2.774
[Build] Inserted 11300/50000 points, avg insert time (ms): 2.520
[Build] Inserted 11400/50000 points, avg insert time (ms): 2.627
[Build] Inserted 11500/50000 points, avg insert time (ms): 3.651
[Build] Inserted 11600/50000 points, avg insert time (ms): 2.696
[Build] Inserted 11700/50000 points, avg insert time (ms): 2.856
[Build] Inserted 11800/50000 points, avg insert time (ms): 2.560
[Build] Inserted 11900/50000 points, avg insert time (ms): 3.247
[Build] Inserted 12000/50000 points, avg insert time (ms): 2.454
[Build] Inserted 12100/50000 points, avg insert time (ms): 2.619
[Build] Inserted 12200/50000 points, avg insert time (ms): 2.510
[Build] Inserted 12300/50000 points, avg insert time (ms): 2.678
[Build] Inserted 12400/50000 points, avg insert time (ms): 2.495
[Build] Inserted 12500/50000 points, avg insert time (ms): 2.584
[Build] Inserted 12600/50000 points, avg insert time (ms): 1.864
[Build] Inserted 12700/50000 points, avg insert time (ms): 2.558
[Build] Inserted 12800/50000 points, avg insert time (ms): 2.604
[Build] Inserted 12900/50000 points, avg insert time (ms): 2.574
[Build] Inserted 13000/50000 points, avg insert time (ms): 1.932
[Build] Inserted 13100/50000 points, avg insert time (ms): 3.090
[Build] Inserted 13200/50000 points, avg insert time (ms): 2.251
[Build] Inserted 13300/50000 points, avg insert time (ms): 2.947
[Build] Inserted 13400/50000 points, avg insert time (ms): 3.393
[Build] Inserted 13500/50000 points, avg insert time (ms): 3.300
[Build] Inserted 13600/50000 points, avg insert time (ms): 3.623
[Build] Inserted 13700/50000 points, avg insert time (ms): 2.625
[Build] Inserted 13800/50000 points, avg insert time (ms): 2.536
[Build] Inserted 13900/50000 points, avg insert time (ms): 2.371
[Build] Inserted 14000/50000 points, avg insert time (ms): 2.094
[Build] Inserted 14100/50000 points, avg insert time (ms): 2.844
[Build] Inserted 14200/50000 points, avg insert time (ms): 2.321
[Build] Inserted 14300/50000 points, avg insert time (ms): 3.370
[Build] Inserted 14400/50000 points, avg insert time (ms): 2.426
[Build] Inserted 14500/50000 points, avg insert time (ms): 3.529
[Build] Inserted 14600/50000 points, avg insert time (ms): 2.949
[Build] Inserted 14700/50000 points, avg insert time (ms): 2.254
[Build] Inserted 14800/50000 points, avg insert time (ms): 2.996
[Build] Inserted 14900/50000 points, avg insert time (ms): 2.836
[Build] Inserted 15000/50000 points, avg insert time (ms): 3.287
[Build] Inserted 15100/50000 points, avg insert time (ms): 3.166
[Build] Inserted 15200/50000 points, avg insert time (ms): 4.694
[Build] Inserted 15300/50000 points, avg insert time (ms): 2.003
[Build] Inserted 15400/50000 points, avg insert time (ms): 2.361
[Build] Inserted 15500/50000 points, avg insert time (ms): 2.420
[Build] Inserted 15600/50000 points, avg insert time (ms): 3.069
[Build] Inserted 15700/50000 points, avg insert time (ms): 2.961
[Build] Inserted 15800/50000 points, avg insert time (ms): 2.928
[Build] Inserted 15900/50000 points, avg insert time (ms): 2.519
[Build] Inserted 16000/50000 points, avg insert time (ms): 2.334
[Build] Inserted 16100/50000 points, avg insert time (ms): 2.167
[Build] Inserted 16200/50000 points, avg insert time (ms): 2.317
[Build] Inserted 16300/50000 points, avg insert time (ms): 2.811
[Build] Inserted 16400/50000 points, avg insert time (ms): 2.634
[Build] Inserted 16500/50000 points, avg insert time (ms): 1.972
[Build] Inserted 16600/50000 points, avg insert time (ms): 2.733
[Build] Inserted 16700/50000 points, avg insert time (ms): 2.427
[Build] Inserted 16800/50000 points, avg insert time (ms): 4.724
[Build] Inserted 16900/50000 points, avg insert time (ms): 2.951
[Build] Inserted 17000/50000 points, avg insert time (ms): 2.594
[Build] Inserted 17100/50000 points, avg insert time (ms): 3.050
[Build] Inserted 17200/50000 points, avg insert time (ms): 2.189
[Build] Inserted 17300/50000 points, avg insert time (ms): 2.392
[Build] Inserted 17400/50000 points, avg insert time (ms): 3.326
[Build] Inserted 17500/50000 points, avg insert time (ms): 3.453
[Build] Inserted 17600/50000 points, avg insert time (ms): 3.136
[Build] Inserted 17700/50000 points, avg insert time (ms): 3.385
[Build] Inserted 17800/50000 points, avg insert time (ms): 3.871
[Build] Inserted 17900/50000 points, avg insert time (ms): 2.571
[Build] Inserted 18000/50000 points, avg insert time (ms): 3.514
[Build] Inserted 18100/50000 points, avg insert time (ms): 3.752
[Build] Inserted 18200/50000 points, avg insert time (ms): 2.936
[Build] Inserted 18300/50000 points, avg insert time (ms): 2.989
[Build] Inserted 18400/50000 points, avg insert time (ms): 3.321
[Build] Inserted 18500/50000 points, avg insert time (ms): 3.196
[Build] Inserted 18600/50000 points, avg insert time (ms): 2.987
[Build] Inserted 18700/50000 points, avg insert time (ms): 2.880
[Build] Inserted 18800/50000 points, avg insert time (ms): 3.904
[Build] Inserted 18900/50000 points, avg insert time (ms): 3.768
[Build] Inserted 19000/50000 points, avg insert time (ms): 2.792
[Build] Inserted 19100/50000 points, avg insert time (ms): 2.549
[Build] Inserted 19200/50000 points, avg insert time (ms): 2.004
[Build] Inserted 19300/50000 points, avg insert time (ms): 3.719
[Build] Inserted 19400/50000 points, avg insert time (ms): 2.234
[Build] Inserted 19500/50000 points, avg insert time (ms): 3.197
[Build] Inserted 19600/50000 points, avg insert time (ms): 3.121
[Build] Inserted 19700/50000 points, avg insert time (ms): 2.325
[Build] Inserted 19800/50000 points, avg insert time (ms): 4.042
[Build] Inserted 19900/50000 points, avg insert time (ms): 3.506
[Build] Inserted 20000/50000 points, avg insert time (ms): 2.863
[Build] Inserted 20100/50000 points, avg insert time (ms): 2.504
[Build] Inserted 20200/50000 points, avg insert time (ms): 2.757
[Build] Inserted 20300/50000 points, avg insert time (ms): 2.209
[Build] Inserted 20400/50000 points, avg insert time (ms): 2.366
[Build] Inserted 20500/50000 points, avg insert time (ms): 2.900
[Build] Inserted 20600/50000 points, avg insert time (ms): 3.064
[Build] Inserted 20700/50000 points, avg insert time (ms): 2.537
[Build] Inserted 20800/50000 points, avg insert time (ms): 3.183
[Build] Inserted 20900/50000 points, avg insert time (ms): 1.822
[Build] Inserted 21000/50000 points, avg insert time (ms): 2.365
[Build] Inserted 21100/50000 points, avg insert time (ms): 2.439
[Build] Inserted 21200/50000 points, avg insert time (ms): 2.585
[Build] Inserted 21300/50000 points, avg insert time (ms): 3.534
[Build] Inserted 21400/50000 points, avg insert time (ms): 2.998
[Build] Inserted 21500/50000 points, avg insert time (ms): 2.177
[Build] Inserted 21600/50000 points, avg insert time (ms): 2.078
[Build] Inserted 21700/50000 points, avg insert time (ms): 2.307
[Build] Inserted 21800/50000 points, avg insert time (ms): 1.650
[Build] Inserted 21900/50000 points, avg insert time (ms): 1.937
[Build] Inserted 22000/50000 points, avg insert time (ms): 2.496
[Build] Inserted 22100/50000 points, avg insert time (ms): 2.446
[Build] Inserted 22200/50000 points, avg insert time (ms): 2.655
[Build] Inserted 22300/50000 points, avg insert time (ms): 2.155
[Build] Inserted 22400/50000 points, avg insert time (ms): 2.374
[Build] Inserted 22500/50000 points, avg insert time (ms): 2.375
[Build] Inserted 22600/50000 points, avg insert time (ms): 3.606
[Build] Inserted 22700/50000 points, avg insert time (ms): 3.264
[Build] Inserted 22800/50000 points, avg insert time (ms): 3.030
[Build] Inserted 22900/50000 points, avg insert time (ms): 2.912
[Build] Inserted 23000/50000 points, avg insert time (ms): 2.606
[Build] Inserted 23100/50000 points, avg insert time (ms): 2.756
[Build] Inserted 23200/50000 points, avg insert time (ms): 2.999
[Build] Inserted 23300/50000 points, avg insert time (ms): 2.493
[Build] Inserted 23400/50000 points, avg insert time (ms): 2.320
[Build] Inserted 23500/50000 points, avg insert time (ms): 2.551
[Build] Inserted 23600/50000 points, avg insert time (ms): 3.171
[Build] Inserted 23700/50000 points, avg insert time (ms): 2.893
[Build] Inserted 23800/50000 points, avg insert time (ms): 2.694
[Build] Inserted 23900/50000 points, avg insert time (ms): 2.453
[Build] Inserted 24000/50000 points, avg insert time (ms): 2.288
[Build] Inserted 24100/50000 points, avg insert time (ms): 2.892
[Build] Inserted 24200/50000 points, avg insert time (ms): 2.130
[Build] Inserted 24300/50000 points, avg insert time (ms): 2.142
[Build] Inserted 24400/50000 points, avg insert time (ms): 3.275
[Build] Inserted 24500/50000 points, avg insert time (ms): 4.371
[Build] Inserted 24600/50000 points, avg insert time (ms): 3.041
[Build] Inserted 24700/50000 points, avg insert time (ms): 3.054
[Build] Inserted 24800/50000 points, avg insert time (ms): 2.811
[Build] Inserted 24900/50000 points, avg insert time (ms): 2.705
[Build] Inserted 25000/50000 points, avg insert time (ms): 2.795
[Build] Inserted 25100/50000 points, avg insert time (ms): 3.128
[Build] Inserted 25200/50000 points, avg insert time (ms): 2.550
[Build] Inserted 25300/50000 points, avg insert time (ms): 3.137
[Build] Inserted 25400/50000 points, avg insert time (ms): 2.554
[Build] Inserted 25500/50000 points, avg insert time (ms): 2.274
[Build] Inserted 25600/50000 points, avg insert time (ms): 2.398
[Build] Inserted 25700/50000 points, avg insert time (ms): 2.181
[Build] Inserted 25800/50000 points, avg insert time (ms): 3.227
[Build] Inserted 25900/50000 points, avg insert time (ms): 2.816
[Build] Inserted 26000/50000 points, avg insert time (ms): 3.244
[Build] Inserted 26100/50000 points, avg insert time (ms): 2.695
[Build] Inserted 26200/50000 points, avg insert time (ms): 2.533
[Build] Inserted 26300/50000 points, avg insert time (ms): 5.174
[Build] Inserted 26400/50000 points, avg insert time (ms): 2.889
[Build] Inserted 26500/50000 points, avg insert time (ms): 2.594
[Build] Inserted 26600/50000 points, avg insert time (ms): 2.563
[Build] Inserted 26700/50000 points, avg insert time (ms): 2.062
[Build] Inserted 26800/50000 points, avg insert time (ms): 2.797
[Build] Inserted 26900/50000 points, avg insert time (ms): 3.100
[Build] Inserted 27000/50000 points, avg insert time (ms): 2.589
[Build] Inserted 27100/50000 points, avg insert time (ms): 2.699
[Build] Inserted 27200/50000 points, avg insert time (ms): 2.738
[Build] Inserted 27300/50000 points, avg insert time (ms): 1.852
[Build] Inserted 27400/50000 points, avg insert time (ms): 2.163
[Build] Inserted 27500/50000 points, avg insert time (ms): 2.094
[Build] Inserted 27600/50000 points, avg insert time (ms): 2.225
[Build] Inserted 27700/50000 points, avg insert time (ms): 3.549
[Build] Inserted 27800/50000 points, avg insert time (ms): 2.887
[Build] Inserted 27900/50000 points, avg insert time (ms): 1.821
[Build] Inserted 28000/50000 points, avg insert time (ms): 2.223
[Build] Inserted 28100/50000 points, avg insert time (ms): 3.027
[Build] Inserted 28200/50000 points, avg insert time (ms): 2.554
[Build] Inserted 28300/50000 points, avg insert time (ms): 3.290
[Build] Inserted 28400/50000 points, avg insert time (ms): 2.814
[Build] Inserted 28500/50000 points, avg insert time (ms): 3.360
[Build] Inserted 28600/50000 points, avg insert time (ms): 2.069
[Build] Inserted 28700/50000 points, avg insert time (ms): 2.714
[Build] Inserted 28800/50000 points, avg insert time (ms): 3.248
[Build] Inserted 28900/50000 points, avg insert time (ms): 3.744
[Build] Inserted 29000/50000 points, avg insert time (ms): 3.180
[Build] Inserted 29100/50000 points, avg insert time (ms): 3.260
[Build] Inserted 29200/50000 points, avg insert time (ms): 5.558
[Build] Inserted 29300/50000 points, avg insert time (ms): 2.316
[Build] Inserted 29400/50000 points, avg insert time (ms): 2.555
[Build] Inserted 29500/50000 points, avg insert time (ms): 2.591
[Build] Inserted 29600/50000 points, avg insert time (ms): 2.633
[Build] Inserted 29700/50000 points, avg insert time (ms): 2.403
[Build] Inserted 29800/50000 points, avg insert time (ms): 2.986
[Build] Inserted 29900/50000 points, avg insert time (ms): 3.284
[Build] Inserted 30000/50000 points, avg insert time (ms): 2.628
[Build] Inserted 30100/50000 points, avg insert time (ms): 2.983
[Build] Inserted 30200/50000 points, avg insert time (ms): 2.363
[Build] Inserted 30300/50000 points, avg insert time (ms): 2.415
[Build] Inserted 30400/50000 points, avg insert time (ms): 2.159
[Build] Inserted 30500/50000 points, avg insert time (ms): 2.594
[Build] Inserted 30600/50000 points, avg insert time (ms): 2.216
[Build] Inserted 30700/50000 points, avg insert time (ms): 2.805
[Build] Inserted 30800/50000 points, avg insert time (ms): 2.240
[Build] Inserted 30900/50000 points, avg insert time (ms): 2.396
[Build] Inserted 31000/50000 points, avg insert time (ms): 2.862
[Build] Inserted 31100/50000 points, avg insert time (ms): 2.547
[Build] Inserted 31200/50000 points, avg insert time (ms): 2.003
[Build] Inserted 31300/50000 points, avg insert time (ms): 2.658
[Build] Inserted 31400/50000 points, avg insert time (ms): 2.605
[Build] Inserted 31500/50000 points, avg insert time (ms): 1.926
[Build] Inserted 31600/50000 points, avg insert time (ms): 2.868
[Build] Inserted 31700/50000 points, avg insert time (ms): 2.682
[Build] Inserted 31800/50000 points, avg insert time (ms): 2.516
[Build] Inserted 31900/50000 points, avg insert time (ms): 3.133
[Build] Inserted 32000/50000 points, avg insert time (ms): 3.252
[Build] Inserted 32100/50000 points, avg insert time (ms): 2.320
[Build] Inserted 32200/50000 points, avg insert time (ms): 3.210
[Build] Inserted 32300/50000 points, avg insert time (ms): 3.289
[Build] Inserted 32400/50000 points, avg insert time (ms): 2.178
[Build] Inserted 32500/50000 points, avg insert time (ms): 3.759
[Build] Inserted 32600/50000 points, avg insert time (ms): 2.889
[Build] Inserted 32700/50000 points, avg insert time (ms): 2.807
[Build] Inserted 32800/50000 points, avg insert time (ms): 2.257
[Build] Inserted 32900/50000 points, avg insert time (ms): 2.361
[Build] Inserted 33000/50000 points, avg insert time (ms): 3.021
[Build] Inserted 33100/50000 points, avg insert time (ms): 3.840
[Build] Inserted 33200/50000 points, avg insert time (ms): 2.762
[Build] Inserted 33300/50000 points, avg insert time (ms): 2.512
[Build] Inserted 33400/50000 points, avg insert time (ms): 2.563
[Build] Inserted 33500/50000 points, avg insert time (ms): 2.272
[Build] Inserted 33600/50000 points, avg insert time (ms): 2.850
[Build] Inserted 33700/50000 points, avg insert time (ms): 2.352
[Build] Inserted 33800/50000 points, avg insert time (ms): 3.029
[Build] Inserted 33900/50000 points, avg insert time (ms): 3.228
[Build] Inserted 34000/50000 points, avg insert time (ms): 2.260
[Build] Inserted 34100/50000 points, avg insert time (ms): 2.069
[Build] Inserted 34200/50000 points, avg insert time (ms): 1.555
[Build] Inserted 34300/50000 points, avg insert time (ms): 2.147
[Build] Inserted 34400/50000 points, avg insert time (ms): 3.749
[Build] Inserted 34500/50000 points, avg insert time (ms): 2.765
[Build] Inserted 34600/50000 points, avg insert time (ms): 2.604
[Build] Inserted 34700/50000 points, avg insert time (ms): 2.007
[Build] Inserted 34800/50000 points, avg insert time (ms): 2.736
[Build] Inserted 34900/50000 points, avg insert time (ms): 2.179
[Build] Inserted 35000/50000 points, avg insert time (ms): 2.671
[Build] Inserted 35100/50000 points, avg insert time (ms): 2.567
[Build] Inserted 35200/50000 points, avg insert time (ms): 2.283
[Build] Inserted 35300/50000 points, avg insert time (ms): 2.616
[Build] Inserted 35400/50000 points, avg insert time (ms): 3.818
[Build] Inserted 35500/50000 points, avg insert time (ms): 2.978
[Build] Inserted 35600/50000 points, avg insert time (ms): 3.440
[Build] Inserted 35700/50000 points, avg insert time (ms): 2.615
[Build] Inserted 35800/50000 points, avg insert time (ms): 2.603
[Build] Inserted 35900/50000 points, avg insert time (ms): 2.385
[Build] Inserted 36000/50000 points, avg insert time (ms): 2.699
[Build] Inserted 36100/50000 points, avg insert time (ms): 2.541
[Build] Inserted 36200/50000 points, avg insert time (ms): 2.548
[Build] Inserted 36300/50000 points, avg insert time (ms): 2.435
[Build] Inserted 36400/50000 points, avg insert time (ms): 2.659
[Build] Inserted 36500/50000 points, avg insert time (ms): 2.259
[Build] Inserted 36600/50000 points, avg insert time (ms): 2.628
[Build] Inserted 36700/50000 points, avg insert time (ms): 2.776
[Build] Inserted 36800/50000 points, avg insert time (ms): 2.111
[Build] Inserted 36900/50000 points, avg insert time (ms): 2.942
[Build] Inserted 37000/50000 points, avg insert time (ms): 2.450
[Build] Inserted 37100/50000 points, avg insert time (ms): 2.229
[Build] Inserted 37200/50000 points, avg insert time (ms): 2.510
[Build] Inserted 37300/50000 points, avg insert time (ms): 2.764
[Build] Inserted 37400/50000 points, avg insert time (ms): 2.906
[Build] Inserted 37500/50000 points, avg insert time (ms): 3.005
[Build] Inserted 37600/50000 points, avg insert time (ms): 2.455
[Build] Inserted 37700/50000 points, avg insert time (ms): 2.323
[Build] Inserted 37800/50000 points, avg insert time (ms): 2.364
[Build] Inserted 37900/50000 points, avg insert time (ms): 3.177
[Build] Inserted 38000/50000 points, avg insert time (ms): 3.452
[Build] Inserted 38100/50000 points, avg insert time (ms): 2.345
[Build] Inserted 38200/50000 points, avg insert time (ms): 2.649
[Build] Inserted 38300/50000 points, avg insert time (ms): 5.324
[Build] Inserted 38400/50000 points, avg insert time (ms): 2.276
[Build] Inserted 38500/50000 points, avg insert time (ms): 3.012
[Build] Inserted 38600/50000 points, avg insert time (ms): 1.800
[Build] Inserted 38700/50000 points, avg insert time (ms): 2.637
[Build] Inserted 38800/50000 points, avg insert time (ms): 2.820
[Build] Inserted 38900/50000 points, avg insert time (ms): 2.154
[Build] Inserted 39000/50000 points, avg insert time (ms): 2.658
[Build] Inserted 39100/50000 points, avg insert time (ms): 2.947
[Build] Inserted 39200/50000 points, avg insert time (ms): 2.586
[Build] Inserted 39300/50000 points, avg insert time (ms): 2.905
[Build] Inserted 39400/50000 points, avg insert time (ms): 2.827
[Build] Inserted 39500/50000 points, avg insert time (ms): 2.778
[Build] Inserted 39600/50000 points, avg insert time (ms): 2.316
[Build] Inserted 39700/50000 points, avg insert time (ms): 2.736
[Build] Inserted 39800/50000 points, avg insert time (ms): 2.807
[Build] Inserted 39900/50000 points, avg insert time (ms): 2.712
[Build] Inserted 40000/50000 points, avg insert time (ms): 2.929
[Build] Inserted 40100/50000 points, avg insert time (ms): 2.565
[Build] Inserted 40200/50000 points, avg insert time (ms): 1.795
[Build] Inserted 40300/50000 points, avg insert time (ms): 2.409
[Build] Inserted 40400/50000 points, avg insert time (ms): 2.771
[Build] Inserted 40500/50000 points, avg insert time (ms): 2.787
[Build] Inserted 40600/50000 points, avg insert time (ms): 2.221
[Build] Inserted 40700/50000 points, avg insert time (ms): 3.395
[Build] Inserted 40800/50000 points, avg insert time (ms): 2.189
[Build] Inserted 40900/50000 points, avg insert time (ms): 2.246
[Build] Inserted 41000/50000 points, avg insert time (ms): 2.541
[Build] Inserted 41100/50000 points, avg insert time (ms): 2.705
[Build] Inserted 41200/50000 points, avg insert time (ms): 3.062
[Build] Inserted 41300/50000 points, avg insert time (ms): 2.596
[Build] Inserted 41400/50000 points, avg insert time (ms): 3.002
[Build] Inserted 41500/50000 points, avg insert time (ms): 3.483
[Build] Inserted 41600/50000 points, avg insert time (ms): 2.457
[Build] Inserted 41700/50000 points, avg insert time (ms): 2.588
[Build] Inserted 41800/50000 points, avg insert time (ms): 2.839
[Build] Inserted 41900/50000 points, avg insert time (ms): 2.598
[Build] Inserted 42000/50000 points, avg insert time (ms): 2.818
[Build] Inserted 42100/50000 points, avg insert time (ms): 2.594
[Build] Inserted 42200/50000 points, avg insert time (ms): 2.265
[Build] Inserted 42300/50000 points, avg insert time (ms): 3.506
[Build] Inserted 42400/50000 points, avg insert time (ms): 2.707
[Build] Inserted 42500/50000 points, avg insert time (ms): 2.394
[Build] Inserted 42600/50000 points, avg insert time (ms): 3.542
[Build] Inserted 42700/50000 points, avg insert time (ms): 2.445
[Build] Inserted 42800/50000 points, avg insert time (ms): 2.950
[Build] Inserted 42900/50000 points, avg insert time (ms): 3.212
[Build] Inserted 43000/50000 points, avg insert time (ms): 2.543
[Build] Inserted 43100/50000 points, avg insert time (ms): 3.125
[Build] Inserted 43200/50000 points, avg insert time (ms): 2.781
[Build] Inserted 43300/50000 points, avg insert time (ms): 5.524
[Build] Inserted 43400/50000 points, avg insert time (ms): 2.444
[Build] Inserted 43500/50000 points, avg insert time (ms): 2.874
[Build] Inserted 43600/50000 points, avg insert time (ms): 2.177
[Build] Inserted 43700/50000 points, avg insert time (ms): 2.681
[Build] Inserted 43800/50000 points, avg insert time (ms): 2.334
[Build] Inserted 43900/50000 points, avg insert time (ms): 2.327
[Build] Inserted 44000/50000 points, avg insert time (ms): 3.085
[Build] Inserted 44100/50000 points, avg insert time (ms): 3.745
[Build] Inserted 44200/50000 points, avg insert time (ms): 2.101
[Build] Inserted 44300/50000 points, avg insert time (ms): 2.270
[Build] Inserted 44400/50000 points, avg insert time (ms): 3.145
[Build] Inserted 44500/50000 points, avg insert time (ms): 2.827
[Build] Inserted 44600/50000 points, avg insert time (ms): 2.932
[Build] Inserted 44700/50000 points, avg insert time (ms): 2.947
[Build] Inserted 44800/50000 points, avg insert time (ms): 3.508
[Build] Inserted 44900/50000 points, avg insert time (ms): 2.807
[Build] Inserted 45000/50000 points, avg insert time (ms): 3.567
[Build] Inserted 45100/50000 points, avg insert time (ms): 1.971
[Build] Inserted 45200/50000 points, avg insert time (ms): 2.750
[Build] Inserted 45300/50000 points, avg insert time (ms): 2.998
[Build] Inserted 45400/50000 points, avg insert time (ms): 2.130
[Build] Inserted 45500/50000 points, avg insert time (ms): 2.290
[Build] Inserted 45600/50000 points, avg insert time (ms): 2.539
[Build] Inserted 45700/50000 points, avg insert time (ms): 2.772
[Build] Inserted 45800/50000 points, avg insert time (ms): 2.506
[Build] Inserted 45900/50000 points, avg insert time (ms): 2.839
[Build] Inserted 46000/50000 points, avg insert time (ms): 3.029
[Build] Inserted 46100/50000 points, avg insert time (ms): 2.697
[Build] Inserted 46200/50000 points, avg insert time (ms): 2.721
[Build] Inserted 46300/50000 points, avg insert time (ms): 1.973
[Build] Inserted 46400/50000 points, avg insert time (ms): 2.177
[Build] Inserted 46500/50000 points, avg insert time (ms): 2.516
[Build] Inserted 46600/50000 points, avg insert time (ms): 2.967
[Build] Inserted 46700/50000 points, avg insert time (ms): 2.935
[Build] Inserted 46800/50000 points, avg insert time (ms): 2.802
[Build] Inserted 46900/50000 points, avg insert time (ms): 2.235
[Build] Inserted 47000/50000 points, avg insert time (ms): 2.483
[Build] Inserted 47100/50000 points, avg insert time (ms): 2.572
[Build] Inserted 47200/50000 points, avg insert time (ms): 2.519
[Build] Inserted 47300/50000 points, avg insert time (ms): 2.746
[Build] Inserted 47400/50000 points, avg insert time (ms): 2.702
[Build] Inserted 47500/50000 points, avg insert time (ms): 2.692
[Build] Inserted 47600/50000 points, avg insert time (ms): 2.217
[Build] Inserted 47700/50000 points, avg insert time (ms): 2.554
[Build] Inserted 47800/50000 points, avg insert time (ms): 3.726
[Build] Inserted 47900/50000 points, avg insert time (ms): 3.113
[Build] Inserted 48000/50000 points, avg insert time (ms): 2.337
[Build] Inserted 48100/50000 points, avg insert time (ms): 2.533
[Build] Inserted 48200/50000 points, avg insert time (ms): 3.124
[Build] Inserted 48300/50000 points, avg insert time (ms): 2.436
[Build] Inserted 48400/50000 points, avg insert time (ms): 2.810
[Build] Inserted 48500/50000 points, avg insert time (ms): 1.869
[Build] Inserted 48600/50000 points, avg insert time (ms): 2.803
[Build] Inserted 48700/50000 points, avg insert time (ms): 2.201
[Build] Inserted 48800/50000 points, avg insert time (ms): 2.089
[Build] Inserted 48900/50000 points, avg insert time (ms): 4.003
[Build] Inserted 49000/50000 points, avg insert time (ms): 2.488
[Build] Inserted 49100/50000 points, avg insert time (ms): 2.309
[Build] Inserted 49200/50000 points, avg insert time (ms): 2.207
[Build] Inserted 49300/50000 points, avg insert time (ms): 3.065
[Build] Inserted 49400/50000 points, avg insert time (ms): 2.541
[Build] Inserted 49500/50000 points, avg insert time (ms): 2.753
[Build] Inserted 49600/50000 points, avg insert time (ms): 2.456
[Build] Inserted 49700/50000 points, avg insert time (ms): 2.529
[Build] Inserted 49800/50000 points, avg insert time (ms): 2.735
[Build] Inserted 49900/50000 points, avg insert time (ms): 2.642
[Build] Inserted 50000/50000 points, avg insert time (ms): 3.105
[Timing] Total insertion time: 138.87 s
[Build] Starting queries...
[Query] Processed 100/5000 queries, avg query time (ms): 22.410
[Query] Processed 200/5000 queries, avg query time (ms): 21.018
[Query] Processed 300/5000 queries, avg query time (ms): 20.946
[Query] Processed 400/5000 queries, avg query time (ms): 19.217
[Query] Processed 500/5000 queries, avg query time (ms): 21.897
[Query] Processed 600/5000 queries, avg query time (ms): 19.993
[Query] Processed 700/5000 queries, avg query time (ms): 17.235
[Query] Processed 800/5000 queries, avg query time (ms): 19.499
[Query] Processed 900/5000 queries, avg query time (ms): 18.794
[Query] Processed 1000/5000 queries, avg query time (ms): 17.645
[Query] Processed 1100/5000 queries, avg query time (ms): 18.495
[Query] Processed 1200/5000 queries, avg query time (ms): 20.779
[Query] Processed 1300/5000 queries, avg query time (ms): 17.525
[Query] Processed 1400/5000 queries, avg query time (ms): 19.564
[Query] Processed 1500/5000 queries, avg query time (ms): 18.113
[Query] Processed 1600/5000 queries, avg query time (ms): 17.650
[Query] Processed 1700/5000 queries, avg query time (ms): 20.965
[Query] Processed 1800/5000 queries, avg query time (ms): 17.785
[Query] Processed 1900/5000 queries, avg query time (ms): 18.551
[Query] Processed 2000/5000 queries, avg query time (ms): 16.002
[Query] Processed 2100/5000 queries, avg query time (ms): 17.250
[Query] Processed 2200/5000 queries, avg query time (ms): 17.348
[Query] Processed 2300/5000 queries, avg query time (ms): 19.196
[Query] Processed 2400/5000 queries, avg query time (ms): 19.622
[Query] Processed 2500/5000 queries, avg query time (ms): 19.658
[Query] Processed 2600/5000 queries, avg query time (ms): 21.575
[Query] Processed 2700/5000 queries, avg query time (ms): 18.915
[Query] Processed 2800/5000 queries, avg query time (ms): 21.818
[Query] Processed 2900/5000 queries, avg query time (ms): 18.452
[Query] Processed 3000/5000 queries, avg query time (ms): 20.433
[Query] Processed 3100/5000 queries, avg query time (ms): 22.017
[Query] Processed 3200/5000 queries, avg query time (ms): 26.412
[Query] Processed 3300/5000 queries, avg query time (ms): 19.577
[Query] Processed 3400/5000 queries, avg query time (ms): 18.756
[Query] Processed 3500/5000 queries, avg query time (ms): 19.591
[Query] Processed 3600/5000 queries, avg query time (ms): 23.154
[Query] Processed 3700/5000 queries, avg query time (ms): 19.234
[Query] Processed 3800/5000 queries, avg query time (ms): 23.018
[Query] Processed 3900/5000 queries, avg query time (ms): 20.709
[Query] Processed 4000/5000 queries, avg query time (ms): 21.362
[Query] Processed 4100/5000 queries, avg query time (ms): 17.774
[Query] Processed 4200/5000 queries, avg query time (ms): 20.713
[Query] Processed 4300/5000 queries, avg query time (ms): 17.689
[Query] Processed 4400/5000 queries, avg query time (ms): 18.957
[Query] Processed 4500/5000 queries, avg query time (ms): 16.729
[Query] Processed 4600/5000 queries, avg query time (ms): 17.580
[Query] Processed 4700/5000 queries, avg query time (ms): 17.998
[Query] Processed 4800/5000 queries, avg query time (ms): 19.887
[Query] Processed 4900/5000 queries, avg query time (ms): 22.633
[Query] Processed 5000/5000 queries, avg query time (ms): 19.256
[Timing] Total query time: 98.22 s
[Eval] Computing ground truth top-K...
[Timing] Ground truth (FAISS): 6.18 s (1.236 ms/query)
[Timing] Ground truth computation: 6.99 s
[Eval] Computing recall metrics...
[Timing] Recall evaluation: 101.64 s
[Eval] Computing (c,r)-ANN accuracy...
[Timing] FAISS r* computation: 5.01 s (1.002 ms/query)
[CR-ANN] 100/5000 processed, avg time (ann.query): 69.943 ms
[CR-ANN] 200/5000 processed, avg time (ann.query): 74.659 ms
[CR-ANN] 300/5000 processed, avg time (ann.query): 76.851 ms
[CR-ANN] 400/5000 processed, avg time (ann.query): 75.642 ms
[CR-ANN] 500/5000 processed, avg time (ann.query): 76.763 ms
[CR-ANN] 600/5000 processed, avg time (ann.query): 72.185 ms
[CR-ANN] 700/5000 processed, avg time (ann.query): 68.449 ms
[CR-ANN] 800/5000 processed, avg time (ann.query): 64.904 ms
[CR-ANN] 900/5000 processed, avg time (ann.query): 65.628 ms
[CR-ANN] 1000/5000 processed, avg time (ann.query): 75.834 ms
[CR-ANN] 1100/5000 processed, avg time (ann.query): 79.760 ms
[CR-ANN] 1200/5000 processed, avg time (ann.query): 71.496 ms
[CR-ANN] 1300/5000 processed, avg time (ann.query): 65.674 ms
[CR-ANN] 1400/5000 processed, avg time (ann.query): 77.926 ms
[CR-ANN] 1500/5000 processed, avg time (ann.query): 88.041 ms
[CR-ANN] 1600/5000 processed, avg time (ann.query): 76.096 ms
[CR-ANN] 1700/5000 processed, avg time (ann.query): 73.519 ms
[CR-ANN] 1800/5000 processed, avg time (ann.query): 68.572 ms
[CR-ANN] 1900/5000 processed, avg time (ann.query): 74.536 ms
[CR-ANN] 2000/5000 processed, avg time (ann.query): 73.966 ms
[CR-ANN] 2100/5000 processed, avg time (ann.query): 81.447 ms
[CR-ANN] 2200/5000 processed, avg time (ann.query): 79.029 ms
[CR-ANN] 2300/5000 processed, avg time (ann.query): 62.745 ms
[CR-ANN] 2400/5000 processed, avg time (ann.query): 73.039 ms
[CR-ANN] 2500/5000 processed, avg time (ann.query): 75.284 ms
[CR-ANN] 2600/5000 processed, avg time (ann.query): 70.926 ms
[CR-ANN] 2700/5000 processed, avg time (ann.query): 66.947 ms
[CR-ANN] 2800/5000 processed, avg time (ann.query): 66.723 ms
[CR-ANN] 2900/5000 processed, avg time (ann.query): 66.092 ms
[CR-ANN] 3000/5000 processed, avg time (ann.query): 75.180 ms
[CR-ANN] 3100/5000 processed, avg time (ann.query): 67.090 ms
[CR-ANN] 3200/5000 processed, avg time (ann.query): 74.209 ms
[CR-ANN] 3300/5000 processed, avg time (ann.query): 72.857 ms
[CR-ANN] 3400/5000 processed, avg time (ann.query): 68.522 ms
[CR-ANN] 3500/5000 processed, avg time (ann.query): 71.266 ms
[CR-ANN] 3600/5000 processed, avg time (ann.query): 74.836 ms
[CR-ANN] 3700/5000 processed, avg time (ann.query): 71.693 ms
[CR-ANN] 3800/5000 processed, avg time (ann.query): 68.598 ms
[CR-ANN] 3900/5000 processed, avg time (ann.query): 68.899 ms
[CR-ANN] 4000/5000 processed, avg time (ann.query): 60.350 ms
[CR-ANN] 4100/5000 processed, avg time (ann.query): 65.933 ms
[CR-ANN] 4200/5000 processed, avg time (ann.query): 64.255 ms
[CR-ANN] 4300/5000 processed, avg time (ann.query): 72.233 ms
[CR-ANN] 4400/5000 processed, avg time (ann.query): 64.017 ms
[CR-ANN] 4500/5000 processed, avg time (ann.query): 73.341 ms
[CR-ANN] 4600/5000 processed, avg time (ann.query): 75.391 ms
[CR-ANN] 4700/5000 processed, avg time (ann.query): 74.885 ms
[CR-ANN] 4800/5000 processed, avg time (ann.query): 64.078 ms
[CR-ANN] 4900/5000 processed, avg time (ann.query): 70.398 ms
[CR-ANN] 5000/5000 processed, avg time (ann.query): 70.194 ms
[Timing] (c,r)-ANN eval: 358.16 s (71.632 ms/query)
[Sanity Check] Total Relevant = 4464
[Timing] (c,r)-ANN evaluation: 363.34 s
[Result] Memory breakdown (MB): {'hash_functions_MB': 29.787498474121094, 'bucket_ids_MB': 29.422767639160156, 'num_ids': 7713002, 'num_buckets': 1473710, 'hash_tables_overhead_MB': 123.67866516113281, 'total_MB': 182.88893127441406}
[Result] Epsilon-recall: 0.9999
[Result] (c,r)-ANN accuracy: 1.0000

[Timing Summary]
  Insert phase: 138.87 s
  Query phase: 98.22 s
  Ground truth: 6.99 s
  Recall eval: 101.64 s
  (c,r)-ANN eval: 363.34 s
  Total time: 709.05 s
[SUMMARY] r=0.5, eps=0.7, eta=0.1, recall=0.9999, (c,r)-ANN accuracy=1.0, memory=182.88893127441406
