[Init] Inputs : eta=0.20, epsilon=0.60, r=0.50
[Init] LSH Parameters : w=1.638, p1=0.7566, p2=0.6177, rho=0.5790
[Init] Data Structure Parameters : k=23, L=694, key_bits=736, mode=speed
[Build] Starting insertion...
[Build] Inserted 100/50000 points, avg insert time (ms): 1.369
[Build] Inserted 200/50000 points, avg insert time (ms): 0.703
[Build] Inserted 300/50000 points, avg insert time (ms): 1.208
[Build] Inserted 400/50000 points, avg insert time (ms): 1.519
[Build] Inserted 500/50000 points, avg insert time (ms): 1.013
[Build] Inserted 600/50000 points, avg insert time (ms): 1.260
[Build] Inserted 700/50000 points, avg insert time (ms): 1.677
[Build] Inserted 800/50000 points, avg insert time (ms): 2.350
[Build] Inserted 900/50000 points, avg insert time (ms): 1.473
[Build] Inserted 1000/50000 points, avg insert time (ms): 2.511
[Build] Inserted 1100/50000 points, avg insert time (ms): 1.142
[Build] Inserted 1200/50000 points, avg insert time (ms): 2.207
[Build] Inserted 1300/50000 points, avg insert time (ms): 0.988
[Build] Inserted 1400/50000 points, avg insert time (ms): 1.156
[Build] Inserted 1500/50000 points, avg insert time (ms): 1.208
[Build] Inserted 1600/50000 points, avg insert time (ms): 1.195
[Build] Inserted 1700/50000 points, avg insert time (ms): 1.272
[Build] Inserted 1800/50000 points, avg insert time (ms): 1.408
[Build] Inserted 1900/50000 points, avg insert time (ms): 1.332
[Build] Inserted 2000/50000 points, avg insert time (ms): 1.006
[Build] Inserted 2100/50000 points, avg insert time (ms): 1.124
[Build] Inserted 2200/50000 points, avg insert time (ms): 0.752
[Build] Inserted 2300/50000 points, avg insert time (ms): 1.583
[Build] Inserted 2400/50000 points, avg insert time (ms): 1.143
[Build] Inserted 2500/50000 points, avg insert time (ms): 1.518
[Build] Inserted 2600/50000 points, avg insert time (ms): 1.557
[Build] Inserted 2700/50000 points, avg insert time (ms): 0.735
[Build] Inserted 2800/50000 points, avg insert time (ms): 1.726
[Build] Inserted 2900/50000 points, avg insert time (ms): 1.477
[Build] Inserted 3000/50000 points, avg insert time (ms): 1.556
[Build] Inserted 3100/50000 points, avg insert time (ms): 1.667
[Build] Inserted 3200/50000 points, avg insert time (ms): 1.695
[Build] Inserted 3300/50000 points, avg insert time (ms): 2.162
[Build] Inserted 3400/50000 points, avg insert time (ms): 1.057
[Build] Inserted 3500/50000 points, avg insert time (ms): 1.534
[Build] Inserted 3600/50000 points, avg insert time (ms): 0.996
[Build] Inserted 3700/50000 points, avg insert time (ms): 1.506
[Build] Inserted 3800/50000 points, avg insert time (ms): 1.516
[Build] Inserted 3900/50000 points, avg insert time (ms): 1.233
[Build] Inserted 4000/50000 points, avg insert time (ms): 1.801
[Build] Inserted 4100/50000 points, avg insert time (ms): 2.002
[Build] Inserted 4200/50000 points, avg insert time (ms): 2.049
[Build] Inserted 4300/50000 points, avg insert time (ms): 1.442
[Build] Inserted 4400/50000 points, avg insert time (ms): 1.386
[Build] Inserted 4500/50000 points, avg insert time (ms): 1.750
[Build] Inserted 4600/50000 points, avg insert time (ms): 1.714
[Build] Inserted 4700/50000 points, avg insert time (ms): 0.964
[Build] Inserted 4800/50000 points, avg insert time (ms): 1.159
[Build] Inserted 4900/50000 points, avg insert time (ms): 1.636
[Build] Inserted 5000/50000 points, avg insert time (ms): 1.070
[Build] Inserted 5100/50000 points, avg insert time (ms): 1.467
[Build] Inserted 5200/50000 points, avg insert time (ms): 1.600
[Build] Inserted 5300/50000 points, avg insert time (ms): 1.750
[Build] Inserted 5400/50000 points, avg insert time (ms): 0.867
[Build] Inserted 5500/50000 points, avg insert time (ms): 2.610
[Build] Inserted 5600/50000 points, avg insert time (ms): 1.732
[Build] Inserted 5700/50000 points, avg insert time (ms): 1.104
[Build] Inserted 5800/50000 points, avg insert time (ms): 0.851
[Build] Inserted 5900/50000 points, avg insert time (ms): 2.073
[Build] Inserted 6000/50000 points, avg insert time (ms): 1.461
[Build] Inserted 6100/50000 points, avg insert time (ms): 1.726
[Build] Inserted 6200/50000 points, avg insert time (ms): 1.382
[Build] Inserted 6300/50000 points, avg insert time (ms): 1.544
[Build] Inserted 6400/50000 points, avg insert time (ms): 1.605
[Build] Inserted 6500/50000 points, avg insert time (ms): 1.033
[Build] Inserted 6600/50000 points, avg insert time (ms): 1.480
[Build] Inserted 6700/50000 points, avg insert time (ms): 1.694
[Build] Inserted 6800/50000 points, avg insert time (ms): 1.803
[Build] Inserted 6900/50000 points, avg insert time (ms): 1.066
[Build] Inserted 7000/50000 points, avg insert time (ms): 1.429
[Build] Inserted 7100/50000 points, avg insert time (ms): 1.598
[Build] Inserted 7200/50000 points, avg insert time (ms): 1.474
[Build] Inserted 7300/50000 points, avg insert time (ms): 1.120
[Build] Inserted 7400/50000 points, avg insert time (ms): 1.281
[Build] Inserted 7500/50000 points, avg insert time (ms): 1.992
[Build] Inserted 7600/50000 points, avg insert time (ms): 1.420
[Build] Inserted 7700/50000 points, avg insert time (ms): 1.615
[Build] Inserted 7800/50000 points, avg insert time (ms): 1.624
[Build] Inserted 7900/50000 points, avg insert time (ms): 1.722
[Build] Inserted 8000/50000 points, avg insert time (ms): 2.910
[Build] Inserted 8100/50000 points, avg insert time (ms): 2.662
[Build] Inserted 8200/50000 points, avg insert time (ms): 1.231
[Build] Inserted 8300/50000 points, avg insert time (ms): 1.466
[Build] Inserted 8400/50000 points, avg insert time (ms): 2.098
[Build] Inserted 8500/50000 points, avg insert time (ms): 0.873
[Build] Inserted 8600/50000 points, avg insert time (ms): 1.623
[Build] Inserted 8700/50000 points, avg insert time (ms): 1.728
[Build] Inserted 8800/50000 points, avg insert time (ms): 1.837
[Build] Inserted 8900/50000 points, avg insert time (ms): 1.265
[Build] Inserted 9000/50000 points, avg insert time (ms): 1.244
[Build] Inserted 9100/50000 points, avg insert time (ms): 2.230
[Build] Inserted 9200/50000 points, avg insert time (ms): 1.882
[Build] Inserted 9300/50000 points, avg insert time (ms): 0.843
[Build] Inserted 9400/50000 points, avg insert time (ms): 1.728
[Build] Inserted 9500/50000 points, avg insert time (ms): 1.460
[Build] Inserted 9600/50000 points, avg insert time (ms): 1.170
[Build] Inserted 9700/50000 points, avg insert time (ms): 1.958
[Build] Inserted 9800/50000 points, avg insert time (ms): 1.728
[Build] Inserted 9900/50000 points, avg insert time (ms): 0.955
[Build] Inserted 10000/50000 points, avg insert time (ms): 1.483
[Build] Inserted 10100/50000 points, avg insert time (ms): 1.322
[Build] Inserted 10200/50000 points, avg insert time (ms): 1.387
[Build] Inserted 10300/50000 points, avg insert time (ms): 1.640
[Build] Inserted 10400/50000 points, avg insert time (ms): 1.027
[Build] Inserted 10500/50000 points, avg insert time (ms): 1.726
[Build] Inserted 10600/50000 points, avg insert time (ms): 1.501
[Build] Inserted 10700/50000 points, avg insert time (ms): 1.494
[Build] Inserted 10800/50000 points, avg insert time (ms): 1.327
[Build] Inserted 10900/50000 points, avg insert time (ms): 2.012
[Build] Inserted 11000/50000 points, avg insert time (ms): 1.688
[Build] Inserted 11100/50000 points, avg insert time (ms): 1.374
[Build] Inserted 11200/50000 points, avg insert time (ms): 2.170
[Build] Inserted 11300/50000 points, avg insert time (ms): 1.603
[Build] Inserted 11400/50000 points, avg insert time (ms): 1.106
[Build] Inserted 11500/50000 points, avg insert time (ms): 2.006
[Build] Inserted 11600/50000 points, avg insert time (ms): 1.108
[Build] Inserted 11700/50000 points, avg insert time (ms): 2.376
[Build] Inserted 11800/50000 points, avg insert time (ms): 1.100
[Build] Inserted 11900/50000 points, avg insert time (ms): 2.064
[Build] Inserted 12000/50000 points, avg insert time (ms): 1.503
[Build] Inserted 12100/50000 points, avg insert time (ms): 1.319
[Build] Inserted 12200/50000 points, avg insert time (ms): 1.415
[Build] Inserted 12300/50000 points, avg insert time (ms): 0.746
[Build] Inserted 12400/50000 points, avg insert time (ms): 0.881
[Build] Inserted 12500/50000 points, avg insert time (ms): 1.866
[Build] Inserted 12600/50000 points, avg insert time (ms): 1.892
[Build] Inserted 12700/50000 points, avg insert time (ms): 1.837
[Build] Inserted 12800/50000 points, avg insert time (ms): 1.865
[Build] Inserted 12900/50000 points, avg insert time (ms): 1.349
[Build] Inserted 13000/50000 points, avg insert time (ms): 1.968
[Build] Inserted 13100/50000 points, avg insert time (ms): 1.212
[Build] Inserted 13200/50000 points, avg insert time (ms): 1.610
[Build] Inserted 13300/50000 points, avg insert time (ms): 1.219
[Build] Inserted 13400/50000 points, avg insert time (ms): 1.284
[Build] Inserted 13500/50000 points, avg insert time (ms): 1.000
[Build] Inserted 13600/50000 points, avg insert time (ms): 1.744
[Build] Inserted 13700/50000 points, avg insert time (ms): 1.567
[Build] Inserted 13800/50000 points, avg insert time (ms): 2.118
[Build] Inserted 13900/50000 points, avg insert time (ms): 1.858
[Build] Inserted 14000/50000 points, avg insert time (ms): 1.212
[Build] Inserted 14100/50000 points, avg insert time (ms): 1.198
[Build] Inserted 14200/50000 points, avg insert time (ms): 1.354
[Build] Inserted 14300/50000 points, avg insert time (ms): 1.722
[Build] Inserted 14400/50000 points, avg insert time (ms): 1.991
[Build] Inserted 14500/50000 points, avg insert time (ms): 2.259
[Build] Inserted 14600/50000 points, avg insert time (ms): 0.628
[Build] Inserted 14700/50000 points, avg insert time (ms): 1.812
[Build] Inserted 14800/50000 points, avg insert time (ms): 0.888
[Build] Inserted 14900/50000 points, avg insert time (ms): 1.643
[Build] Inserted 15000/50000 points, avg insert time (ms): 2.113
[Build] Inserted 15100/50000 points, avg insert time (ms): 0.848
[Build] Inserted 15200/50000 points, avg insert time (ms): 1.110
[Build] Inserted 15300/50000 points, avg insert time (ms): 1.641
[Build] Inserted 15400/50000 points, avg insert time (ms): 1.576
[Build] Inserted 15500/50000 points, avg insert time (ms): 2.558
[Build] Inserted 15600/50000 points, avg insert time (ms): 1.579
[Build] Inserted 15700/50000 points, avg insert time (ms): 1.331
[Build] Inserted 15800/50000 points, avg insert time (ms): 1.093
[Build] Inserted 15900/50000 points, avg insert time (ms): 1.298
[Build] Inserted 16000/50000 points, avg insert time (ms): 1.478
[Build] Inserted 16100/50000 points, avg insert time (ms): 0.863
[Build] Inserted 16200/50000 points, avg insert time (ms): 0.880
[Build] Inserted 16300/50000 points, avg insert time (ms): 2.091
[Build] Inserted 16400/50000 points, avg insert time (ms): 0.733
[Build] Inserted 16500/50000 points, avg insert time (ms): 1.355
[Build] Inserted 16600/50000 points, avg insert time (ms): 1.099
[Build] Inserted 16700/50000 points, avg insert time (ms): 1.381
[Build] Inserted 16800/50000 points, avg insert time (ms): 3.156
[Build] Inserted 16900/50000 points, avg insert time (ms): 1.579
[Build] Inserted 17000/50000 points, avg insert time (ms): 1.725
[Build] Inserted 17100/50000 points, avg insert time (ms): 1.321
[Build] Inserted 17200/50000 points, avg insert time (ms): 1.888
[Build] Inserted 17300/50000 points, avg insert time (ms): 1.268
[Build] Inserted 17400/50000 points, avg insert time (ms): 0.851
[Build] Inserted 17500/50000 points, avg insert time (ms): 3.349
[Build] Inserted 17600/50000 points, avg insert time (ms): 1.215
[Build] Inserted 17700/50000 points, avg insert time (ms): 2.181
[Build] Inserted 17800/50000 points, avg insert time (ms): 1.104
[Build] Inserted 17900/50000 points, avg insert time (ms): 2.218
[Build] Inserted 18000/50000 points, avg insert time (ms): 1.766
[Build] Inserted 18100/50000 points, avg insert time (ms): 1.812
[Build] Inserted 18200/50000 points, avg insert time (ms): 1.540
[Build] Inserted 18300/50000 points, avg insert time (ms): 1.607
[Build] Inserted 18400/50000 points, avg insert time (ms): 2.834
[Build] Inserted 18500/50000 points, avg insert time (ms): 1.905
[Build] Inserted 18600/50000 points, avg insert time (ms): 1.395
[Build] Inserted 18700/50000 points, avg insert time (ms): 1.672
[Build] Inserted 18800/50000 points, avg insert time (ms): 0.960
[Build] Inserted 18900/50000 points, avg insert time (ms): 2.002
[Build] Inserted 19000/50000 points, avg insert time (ms): 1.557
[Build] Inserted 19100/50000 points, avg insert time (ms): 2.153
[Build] Inserted 19200/50000 points, avg insert time (ms): 1.667
[Build] Inserted 19300/50000 points, avg insert time (ms): 1.938
[Build] Inserted 19400/50000 points, avg insert time (ms): 2.062
[Build] Inserted 19500/50000 points, avg insert time (ms): 1.351
[Build] Inserted 19600/50000 points, avg insert time (ms): 1.556
[Build] Inserted 19700/50000 points, avg insert time (ms): 0.825
[Build] Inserted 19800/50000 points, avg insert time (ms): 1.984
[Build] Inserted 19900/50000 points, avg insert time (ms): 2.504
[Build] Inserted 20000/50000 points, avg insert time (ms): 1.945
[Build] Inserted 20100/50000 points, avg insert time (ms): 1.953
[Build] Inserted 20200/50000 points, avg insert time (ms): 0.922
[Build] Inserted 20300/50000 points, avg insert time (ms): 1.883
[Build] Inserted 20400/50000 points, avg insert time (ms): 1.597
[Build] Inserted 20500/50000 points, avg insert time (ms): 1.572
[Build] Inserted 20600/50000 points, avg insert time (ms): 1.553
[Build] Inserted 20700/50000 points, avg insert time (ms): 1.625
[Build] Inserted 20800/50000 points, avg insert time (ms): 0.797
[Build] Inserted 20900/50000 points, avg insert time (ms): 1.477
[Build] Inserted 21000/50000 points, avg insert time (ms): 0.508
[Build] Inserted 21100/50000 points, avg insert time (ms): 1.903
[Build] Inserted 21200/50000 points, avg insert time (ms): 1.389
[Build] Inserted 21300/50000 points, avg insert time (ms): 1.138
[Build] Inserted 21400/50000 points, avg insert time (ms): 0.978
[Build] Inserted 21500/50000 points, avg insert time (ms): 1.833
[Build] Inserted 21600/50000 points, avg insert time (ms): 1.962
[Build] Inserted 21700/50000 points, avg insert time (ms): 1.613
[Build] Inserted 21800/50000 points, avg insert time (ms): 1.400
[Build] Inserted 21900/50000 points, avg insert time (ms): 1.096
[Build] Inserted 22000/50000 points, avg insert time (ms): 1.636
[Build] Inserted 22100/50000 points, avg insert time (ms): 0.976
[Build] Inserted 22200/50000 points, avg insert time (ms): 1.660
[Build] Inserted 22300/50000 points, avg insert time (ms): 1.375
[Build] Inserted 22400/50000 points, avg insert time (ms): 1.999
[Build] Inserted 22500/50000 points, avg insert time (ms): 1.701
[Build] Inserted 22600/50000 points, avg insert time (ms): 2.279
[Build] Inserted 22700/50000 points, avg insert time (ms): 1.299
[Build] Inserted 22800/50000 points, avg insert time (ms): 1.548
[Build] Inserted 22900/50000 points, avg insert time (ms): 1.886
[Build] Inserted 23000/50000 points, avg insert time (ms): 1.218
[Build] Inserted 23100/50000 points, avg insert time (ms): 1.778
[Build] Inserted 23200/50000 points, avg insert time (ms): 0.857
[Build] Inserted 23300/50000 points, avg insert time (ms): 1.054
[Build] Inserted 23400/50000 points, avg insert time (ms): 1.456
[Build] Inserted 23500/50000 points, avg insert time (ms): 1.894
[Build] Inserted 23600/50000 points, avg insert time (ms): 1.472
[Build] Inserted 23700/50000 points, avg insert time (ms): 1.628
[Build] Inserted 23800/50000 points, avg insert time (ms): 0.751
[Build] Inserted 23900/50000 points, avg insert time (ms): 1.651
[Build] Inserted 24000/50000 points, avg insert time (ms): 0.646
[Build] Inserted 24100/50000 points, avg insert time (ms): 2.125
[Build] Inserted 24200/50000 points, avg insert time (ms): 0.744
[Build] Inserted 24300/50000 points, avg insert time (ms): 2.974
[Build] Inserted 24400/50000 points, avg insert time (ms): 1.144
[Build] Inserted 24500/50000 points, avg insert time (ms): 1.516
[Build] Inserted 24600/50000 points, avg insert time (ms): 2.122
[Build] Inserted 24700/50000 points, avg insert time (ms): 1.378
[Build] Inserted 24800/50000 points, avg insert time (ms): 1.388
[Build] Inserted 24900/50000 points, avg insert time (ms): 1.507
[Build] Inserted 25000/50000 points, avg insert time (ms): 1.567
[Build] Inserted 25100/50000 points, avg insert time (ms): 1.041
[Build] Inserted 25200/50000 points, avg insert time (ms): 1.470
[Build] Inserted 25300/50000 points, avg insert time (ms): 2.021
[Build] Inserted 25400/50000 points, avg insert time (ms): 0.904
[Build] Inserted 25500/50000 points, avg insert time (ms): 1.499
[Build] Inserted 25600/50000 points, avg insert time (ms): 1.982
[Build] Inserted 25700/50000 points, avg insert time (ms): 2.149
[Build] Inserted 25800/50000 points, avg insert time (ms): 2.019
[Build] Inserted 25900/50000 points, avg insert time (ms): 0.982
[Build] Inserted 26000/50000 points, avg insert time (ms): 2.162
[Build] Inserted 26100/50000 points, avg insert time (ms): 1.924
[Build] Inserted 26200/50000 points, avg insert time (ms): 1.727
[Build] Inserted 26300/50000 points, avg insert time (ms): 1.809
[Build] Inserted 26400/50000 points, avg insert time (ms): 1.829
[Build] Inserted 26500/50000 points, avg insert time (ms): 1.730
[Build] Inserted 26600/50000 points, avg insert time (ms): 1.128
[Build] Inserted 26700/50000 points, avg insert time (ms): 2.170
[Build] Inserted 26800/50000 points, avg insert time (ms): 1.412
[Build] Inserted 26900/50000 points, avg insert time (ms): 1.328
[Build] Inserted 27000/50000 points, avg insert time (ms): 1.178
[Build] Inserted 27100/50000 points, avg insert time (ms): 1.129
[Build] Inserted 27200/50000 points, avg insert time (ms): 1.712
[Build] Inserted 27300/50000 points, avg insert time (ms): 1.109
[Build] Inserted 27400/50000 points, avg insert time (ms): 2.504
[Build] Inserted 27500/50000 points, avg insert time (ms): 1.465
[Build] Inserted 27600/50000 points, avg insert time (ms): 2.218
[Build] Inserted 27700/50000 points, avg insert time (ms): 2.355
[Build] Inserted 27800/50000 points, avg insert time (ms): 1.262
[Build] Inserted 27900/50000 points, avg insert time (ms): 1.163
[Build] Inserted 28000/50000 points, avg insert time (ms): 1.746
[Build] Inserted 28100/50000 points, avg insert time (ms): 1.882
[Build] Inserted 28200/50000 points, avg insert time (ms): 1.207
[Build] Inserted 28300/50000 points, avg insert time (ms): 0.955
[Build] Inserted 28400/50000 points, avg insert time (ms): 1.244
[Build] Inserted 28500/50000 points, avg insert time (ms): 1.137
[Build] Inserted 28600/50000 points, avg insert time (ms): 1.256
[Build] Inserted 28700/50000 points, avg insert time (ms): 1.078
[Build] Inserted 28800/50000 points, avg insert time (ms): 1.478
[Build] Inserted 28900/50000 points, avg insert time (ms): 1.459
[Build] Inserted 29000/50000 points, avg insert time (ms): 1.421
[Build] Inserted 29100/50000 points, avg insert time (ms): 1.584
[Build] Inserted 29200/50000 points, avg insert time (ms): 1.369
[Build] Inserted 29300/50000 points, avg insert time (ms): 1.703
[Build] Inserted 29400/50000 points, avg insert time (ms): 0.864
[Build] Inserted 29500/50000 points, avg insert time (ms): 0.878
[Build] Inserted 29600/50000 points, avg insert time (ms): 1.905
[Build] Inserted 29700/50000 points, avg insert time (ms): 2.251
[Build] Inserted 29800/50000 points, avg insert time (ms): 1.326
[Build] Inserted 29900/50000 points, avg insert time (ms): 1.137
[Build] Inserted 30000/50000 points, avg insert time (ms): 1.369
[Build] Inserted 30100/50000 points, avg insert time (ms): 1.691
[Build] Inserted 30200/50000 points, avg insert time (ms): 1.161
[Build] Inserted 30300/50000 points, avg insert time (ms): 1.252
[Build] Inserted 30400/50000 points, avg insert time (ms): 0.513
[Build] Inserted 30500/50000 points, avg insert time (ms): 1.703
[Build] Inserted 30600/50000 points, avg insert time (ms): 1.862
[Build] Inserted 30700/50000 points, avg insert time (ms): 1.631
[Build] Inserted 30800/50000 points, avg insert time (ms): 1.261
[Build] Inserted 30900/50000 points, avg insert time (ms): 1.769
[Build] Inserted 31000/50000 points, avg insert time (ms): 1.330
[Build] Inserted 31100/50000 points, avg insert time (ms): 1.554
[Build] Inserted 31200/50000 points, avg insert time (ms): 0.927
[Build] Inserted 31300/50000 points, avg insert time (ms): 0.626
[Build] Inserted 31400/50000 points, avg insert time (ms): 1.579
[Build] Inserted 31500/50000 points, avg insert time (ms): 1.807
[Build] Inserted 31600/50000 points, avg insert time (ms): 0.982
[Build] Inserted 31700/50000 points, avg insert time (ms): 1.760
[Build] Inserted 31800/50000 points, avg insert time (ms): 1.104
[Build] Inserted 31900/50000 points, avg insert time (ms): 1.508
[Build] Inserted 32000/50000 points, avg insert time (ms): 1.354
[Build] Inserted 32100/50000 points, avg insert time (ms): 1.717
[Build] Inserted 32200/50000 points, avg insert time (ms): 1.779
[Build] Inserted 32300/50000 points, avg insert time (ms): 1.534
[Build] Inserted 32400/50000 points, avg insert time (ms): 1.137
[Build] Inserted 32500/50000 points, avg insert time (ms): 1.780
[Build] Inserted 32600/50000 points, avg insert time (ms): 1.630
[Build] Inserted 32700/50000 points, avg insert time (ms): 1.545
[Build] Inserted 32800/50000 points, avg insert time (ms): 1.526
[Build] Inserted 32900/50000 points, avg insert time (ms): 1.308
[Build] Inserted 33000/50000 points, avg insert time (ms): 1.766
[Build] Inserted 33100/50000 points, avg insert time (ms): 1.141
[Build] Inserted 33200/50000 points, avg insert time (ms): 1.133
[Build] Inserted 33300/50000 points, avg insert time (ms): 1.390
[Build] Inserted 33400/50000 points, avg insert time (ms): 0.866
[Build] Inserted 33500/50000 points, avg insert time (ms): 0.747
[Build] Inserted 33600/50000 points, avg insert time (ms): 1.778
[Build] Inserted 33700/50000 points, avg insert time (ms): 0.858
[Build] Inserted 33800/50000 points, avg insert time (ms): 1.121
[Build] Inserted 33900/50000 points, avg insert time (ms): 1.455
[Build] Inserted 34000/50000 points, avg insert time (ms): 0.635
[Build] Inserted 34100/50000 points, avg insert time (ms): 1.438
[Build] Inserted 34200/50000 points, avg insert time (ms): 1.468
[Build] Inserted 34300/50000 points, avg insert time (ms): 0.849
[Build] Inserted 34400/50000 points, avg insert time (ms): 1.671
[Build] Inserted 34500/50000 points, avg insert time (ms): 1.125
[Build] Inserted 34600/50000 points, avg insert time (ms): 1.465
[Build] Inserted 34700/50000 points, avg insert time (ms): 1.578
[Build] Inserted 34800/50000 points, avg insert time (ms): 0.965
[Build] Inserted 34900/50000 points, avg insert time (ms): 3.645
[Build] Inserted 35000/50000 points, avg insert time (ms): 1.241
[Build] Inserted 35100/50000 points, avg insert time (ms): 1.679
[Build] Inserted 35200/50000 points, avg insert time (ms): 1.602
[Build] Inserted 35300/50000 points, avg insert time (ms): 1.214
[Build] Inserted 35400/50000 points, avg insert time (ms): 1.276
[Build] Inserted 35500/50000 points, avg insert time (ms): 1.628
[Build] Inserted 35600/50000 points, avg insert time (ms): 1.495
[Build] Inserted 35700/50000 points, avg insert time (ms): 2.439
[Build] Inserted 35800/50000 points, avg insert time (ms): 1.510
[Build] Inserted 35900/50000 points, avg insert time (ms): 1.182
[Build] Inserted 36000/50000 points, avg insert time (ms): 1.357
[Build] Inserted 36100/50000 points, avg insert time (ms): 1.367
[Build] Inserted 36200/50000 points, avg insert time (ms): 1.348
[Build] Inserted 36300/50000 points, avg insert time (ms): 1.331
[Build] Inserted 36400/50000 points, avg insert time (ms): 1.490
[Build] Inserted 36500/50000 points, avg insert time (ms): 1.835
[Build] Inserted 36600/50000 points, avg insert time (ms): 1.479
[Build] Inserted 36700/50000 points, avg insert time (ms): 1.105
[Build] Inserted 36800/50000 points, avg insert time (ms): 1.063
[Build] Inserted 36900/50000 points, avg insert time (ms): 1.187
[Build] Inserted 37000/50000 points, avg insert time (ms): 1.065
[Build] Inserted 37100/50000 points, avg insert time (ms): 2.221
[Build] Inserted 37200/50000 points, avg insert time (ms): 2.149
[Build] Inserted 37300/50000 points, avg insert time (ms): 0.839
[Build] Inserted 37400/50000 points, avg insert time (ms): 1.409
[Build] Inserted 37500/50000 points, avg insert time (ms): 1.656
[Build] Inserted 37600/50000 points, avg insert time (ms): 1.195
[Build] Inserted 37700/50000 points, avg insert time (ms): 1.626
[Build] Inserted 37800/50000 points, avg insert time (ms): 1.615
[Build] Inserted 37900/50000 points, avg insert time (ms): 1.144
[Build] Inserted 38000/50000 points, avg insert time (ms): 1.494
[Build] Inserted 38100/50000 points, avg insert time (ms): 1.129
[Build] Inserted 38200/50000 points, avg insert time (ms): 1.083
[Build] Inserted 38300/50000 points, avg insert time (ms): 1.127
[Build] Inserted 38400/50000 points, avg insert time (ms): 1.624
[Build] Inserted 38500/50000 points, avg insert time (ms): 1.995
[Build] Inserted 38600/50000 points, avg insert time (ms): 1.546
[Build] Inserted 38700/50000 points, avg insert time (ms): 1.797
[Build] Inserted 38800/50000 points, avg insert time (ms): 2.148
[Build] Inserted 38900/50000 points, avg insert time (ms): 1.698
[Build] Inserted 39000/50000 points, avg insert time (ms): 2.041
[Build] Inserted 39100/50000 points, avg insert time (ms): 1.392
[Build] Inserted 39200/50000 points, avg insert time (ms): 1.953
[Build] Inserted 39300/50000 points, avg insert time (ms): 2.141
[Build] Inserted 39400/50000 points, avg insert time (ms): 2.428
[Build] Inserted 39500/50000 points, avg insert time (ms): 1.899
[Build] Inserted 39600/50000 points, avg insert time (ms): 2.159
[Build] Inserted 39700/50000 points, avg insert time (ms): 1.369
[Build] Inserted 39800/50000 points, avg insert time (ms): 0.825
[Build] Inserted 39900/50000 points, avg insert time (ms): 1.136
[Build] Inserted 40000/50000 points, avg insert time (ms): 1.138
[Build] Inserted 40100/50000 points, avg insert time (ms): 1.502
[Build] Inserted 40200/50000 points, avg insert time (ms): 1.132
[Build] Inserted 40300/50000 points, avg insert time (ms): 2.156
[Build] Inserted 40400/50000 points, avg insert time (ms): 1.900
[Build] Inserted 40500/50000 points, avg insert time (ms): 1.029
[Build] Inserted 40600/50000 points, avg insert time (ms): 1.888
[Build] Inserted 40700/50000 points, avg insert time (ms): 2.129
[Build] Inserted 40800/50000 points, avg insert time (ms): 0.842
[Build] Inserted 40900/50000 points, avg insert time (ms): 1.354
[Build] Inserted 41000/50000 points, avg insert time (ms): 1.682
[Build] Inserted 41100/50000 points, avg insert time (ms): 1.768
[Build] Inserted 41200/50000 points, avg insert time (ms): 1.280
[Build] Inserted 41300/50000 points, avg insert time (ms): 1.112
[Build] Inserted 41400/50000 points, avg insert time (ms): 1.607
[Build] Inserted 41500/50000 points, avg insert time (ms): 1.453
[Build] Inserted 41600/50000 points, avg insert time (ms): 1.488
[Build] Inserted 41700/50000 points, avg insert time (ms): 1.952
[Build] Inserted 41800/50000 points, avg insert time (ms): 1.540
[Build] Inserted 41900/50000 points, avg insert time (ms): 1.612
[Build] Inserted 42000/50000 points, avg insert time (ms): 1.258
[Build] Inserted 42100/50000 points, avg insert time (ms): 1.572
[Build] Inserted 42200/50000 points, avg insert time (ms): 2.020
[Build] Inserted 42300/50000 points, avg insert time (ms): 1.963
[Build] Inserted 42400/50000 points, avg insert time (ms): 0.754
[Build] Inserted 42500/50000 points, avg insert time (ms): 1.274
[Build] Inserted 42600/50000 points, avg insert time (ms): 2.216
[Build] Inserted 42700/50000 points, avg insert time (ms): 0.919
[Build] Inserted 42800/50000 points, avg insert time (ms): 1.564
[Build] Inserted 42900/50000 points, avg insert time (ms): 2.004
[Build] Inserted 43000/50000 points, avg insert time (ms): 1.226
[Build] Inserted 43100/50000 points, avg insert time (ms): 1.677
[Build] Inserted 43200/50000 points, avg insert time (ms): 1.658
[Build] Inserted 43300/50000 points, avg insert time (ms): 1.073
[Build] Inserted 43400/50000 points, avg insert time (ms): 0.707
[Build] Inserted 43500/50000 points, avg insert time (ms): 1.124
[Build] Inserted 43600/50000 points, avg insert time (ms): 1.508
[Build] Inserted 43700/50000 points, avg insert time (ms): 1.346
[Build] Inserted 43800/50000 points, avg insert time (ms): 2.264
[Build] Inserted 43900/50000 points, avg insert time (ms): 1.073
[Build] Inserted 44000/50000 points, avg insert time (ms): 1.834
[Build] Inserted 44100/50000 points, avg insert time (ms): 1.150
[Build] Inserted 44200/50000 points, avg insert time (ms): 1.616
[Build] Inserted 44300/50000 points, avg insert time (ms): 1.715
[Build] Inserted 44400/50000 points, avg insert time (ms): 1.431
[Build] Inserted 44500/50000 points, avg insert time (ms): 1.456
[Build] Inserted 44600/50000 points, avg insert time (ms): 0.618
[Build] Inserted 44700/50000 points, avg insert time (ms): 0.834
[Build] Inserted 44800/50000 points, avg insert time (ms): 1.278
[Build] Inserted 44900/50000 points, avg insert time (ms): 1.547
[Build] Inserted 45000/50000 points, avg insert time (ms): 1.514
[Build] Inserted 45100/50000 points, avg insert time (ms): 1.207
[Build] Inserted 45200/50000 points, avg insert time (ms): 0.753
[Build] Inserted 45300/50000 points, avg insert time (ms): 2.008
[Build] Inserted 45400/50000 points, avg insert time (ms): 1.980
[Build] Inserted 45500/50000 points, avg insert time (ms): 1.323
[Build] Inserted 45600/50000 points, avg insert time (ms): 1.424
[Build] Inserted 45700/50000 points, avg insert time (ms): 1.245
[Build] Inserted 45800/50000 points, avg insert time (ms): 0.577
[Build] Inserted 45900/50000 points, avg insert time (ms): 1.304
[Build] Inserted 46000/50000 points, avg insert time (ms): 1.943
[Build] Inserted 46100/50000 points, avg insert time (ms): 2.064
[Build] Inserted 46200/50000 points, avg insert time (ms): 1.600
[Build] Inserted 46300/50000 points, avg insert time (ms): 1.220
[Build] Inserted 46400/50000 points, avg insert time (ms): 1.111
[Build] Inserted 46500/50000 points, avg insert time (ms): 1.984
[Build] Inserted 46600/50000 points, avg insert time (ms): 1.906
[Build] Inserted 46700/50000 points, avg insert time (ms): 1.725
[Build] Inserted 46800/50000 points, avg insert time (ms): 1.705
[Build] Inserted 46900/50000 points, avg insert time (ms): 1.054
[Build] Inserted 47000/50000 points, avg insert time (ms): 1.010
[Build] Inserted 47100/50000 points, avg insert time (ms): 1.609
[Build] Inserted 47200/50000 points, avg insert time (ms): 2.027
[Build] Inserted 47300/50000 points, avg insert time (ms): 1.122
[Build] Inserted 47400/50000 points, avg insert time (ms): 1.058
[Build] Inserted 47500/50000 points, avg insert time (ms): 1.321
[Build] Inserted 47600/50000 points, avg insert time (ms): 1.414
[Build] Inserted 47700/50000 points, avg insert time (ms): 1.579
[Build] Inserted 47800/50000 points, avg insert time (ms): 1.997
[Build] Inserted 47900/50000 points, avg insert time (ms): 1.068
[Build] Inserted 48000/50000 points, avg insert time (ms): 1.804
[Build] Inserted 48100/50000 points, avg insert time (ms): 1.746
[Build] Inserted 48200/50000 points, avg insert time (ms): 1.253
[Build] Inserted 48300/50000 points, avg insert time (ms): 1.963
[Build] Inserted 48400/50000 points, avg insert time (ms): 1.709
[Build] Inserted 48500/50000 points, avg insert time (ms): 1.545
[Build] Inserted 48600/50000 points, avg insert time (ms): 1.362
[Build] Inserted 48700/50000 points, avg insert time (ms): 1.459
[Build] Inserted 48800/50000 points, avg insert time (ms): 1.215
[Build] Inserted 48900/50000 points, avg insert time (ms): 3.580
[Build] Inserted 49000/50000 points, avg insert time (ms): 1.606
[Build] Inserted 49100/50000 points, avg insert time (ms): 0.977
[Build] Inserted 49200/50000 points, avg insert time (ms): 1.070
[Build] Inserted 49300/50000 points, avg insert time (ms): 1.572
[Build] Inserted 49400/50000 points, avg insert time (ms): 1.434
[Build] Inserted 49500/50000 points, avg insert time (ms): 1.348
[Build] Inserted 49600/50000 points, avg insert time (ms): 1.417
[Build] Inserted 49700/50000 points, avg insert time (ms): 1.677
[Build] Inserted 49800/50000 points, avg insert time (ms): 2.135
[Build] Inserted 49900/50000 points, avg insert time (ms): 1.338
[Build] Inserted 50000/50000 points, avg insert time (ms): 1.723
[Timing] Total insertion time: 76.12 s
[Build] Starting queries...
[Query] Processed 100/5000 queries, avg query time (ms): 20.909
[Query] Processed 200/5000 queries, avg query time (ms): 17.807
[Query] Processed 300/5000 queries, avg query time (ms): 19.338
[Query] Processed 400/5000 queries, avg query time (ms): 19.364
[Query] Processed 500/5000 queries, avg query time (ms): 19.438
[Query] Processed 600/5000 queries, avg query time (ms): 19.402
[Query] Processed 700/5000 queries, avg query time (ms): 17.705
[Query] Processed 800/5000 queries, avg query time (ms): 20.883
[Query] Processed 900/5000 queries, avg query time (ms): 19.226
[Query] Processed 1000/5000 queries, avg query time (ms): 19.471
[Query] Processed 1100/5000 queries, avg query time (ms): 18.017
[Query] Processed 1200/5000 queries, avg query time (ms): 18.570
[Query] Processed 1300/5000 queries, avg query time (ms): 19.271
[Query] Processed 1400/5000 queries, avg query time (ms): 18.110
[Query] Processed 1500/5000 queries, avg query time (ms): 20.615
[Query] Processed 1600/5000 queries, avg query time (ms): 21.842
[Query] Processed 1700/5000 queries, avg query time (ms): 19.910
[Query] Processed 1800/5000 queries, avg query time (ms): 21.188
[Query] Processed 1900/5000 queries, avg query time (ms): 18.179
[Query] Processed 2000/5000 queries, avg query time (ms): 17.778
[Query] Processed 2100/5000 queries, avg query time (ms): 18.135
[Query] Processed 2200/5000 queries, avg query time (ms): 19.974
[Query] Processed 2300/5000 queries, avg query time (ms): 20.778
[Query] Processed 2400/5000 queries, avg query time (ms): 19.122
[Query] Processed 2500/5000 queries, avg query time (ms): 17.597
[Query] Processed 2600/5000 queries, avg query time (ms): 19.328
[Query] Processed 2700/5000 queries, avg query time (ms): 19.402
[Query] Processed 2800/5000 queries, avg query time (ms): 18.473
[Query] Processed 2900/5000 queries, avg query time (ms): 19.484
[Query] Processed 3000/5000 queries, avg query time (ms): 23.529
[Query] Processed 3100/5000 queries, avg query time (ms): 17.338
[Query] Processed 3200/5000 queries, avg query time (ms): 18.354
[Query] Processed 3300/5000 queries, avg query time (ms): 18.546
[Query] Processed 3400/5000 queries, avg query time (ms): 16.936
[Query] Processed 3500/5000 queries, avg query time (ms): 19.082
[Query] Processed 3600/5000 queries, avg query time (ms): 17.192
[Query] Processed 3700/5000 queries, avg query time (ms): 17.363
[Query] Processed 3800/5000 queries, avg query time (ms): 16.792
[Query] Processed 3900/5000 queries, avg query time (ms): 18.539
[Query] Processed 4000/5000 queries, avg query time (ms): 19.927
[Query] Processed 4100/5000 queries, avg query time (ms): 18.367
[Query] Processed 4200/5000 queries, avg query time (ms): 17.079
[Query] Processed 4300/5000 queries, avg query time (ms): 17.413
[Query] Processed 4400/5000 queries, avg query time (ms): 17.551
[Query] Processed 4500/5000 queries, avg query time (ms): 17.608
[Query] Processed 4600/5000 queries, avg query time (ms): 18.334
[Query] Processed 4700/5000 queries, avg query time (ms): 18.045
[Query] Processed 4800/5000 queries, avg query time (ms): 21.607
[Query] Processed 4900/5000 queries, avg query time (ms): 20.778
[Query] Processed 5000/5000 queries, avg query time (ms): 17.325
[Timing] Total query time: 94.79 s
[Eval] Computing ground truth top-K...
[Timing] Ground truth (FAISS): 5.99 s (1.199 ms/query)
[Timing] Ground truth computation: 6.76 s
[Eval] Computing recall metrics...
[Timing] Recall evaluation: 98.33 s
[Eval] Computing (c,r)-ANN accuracy...
[Timing] FAISS r* computation: 5.10 s (1.019 ms/query)
[CR-ANN] 100/5000 processed, avg time (ann.query): 57.190 ms
[CR-ANN] 200/5000 processed, avg time (ann.query): 51.599 ms
[CR-ANN] 300/5000 processed, avg time (ann.query): 59.742 ms
[CR-ANN] 400/5000 processed, avg time (ann.query): 50.650 ms
[CR-ANN] 500/5000 processed, avg time (ann.query): 50.631 ms
[CR-ANN] 600/5000 processed, avg time (ann.query): 48.981 ms
[CR-ANN] 700/5000 processed, avg time (ann.query): 53.170 ms
[CR-ANN] 800/5000 processed, avg time (ann.query): 44.791 ms
[CR-ANN] 900/5000 processed, avg time (ann.query): 48.275 ms
[CR-ANN] 1000/5000 processed, avg time (ann.query): 55.710 ms
[CR-ANN] 1100/5000 processed, avg time (ann.query): 50.174 ms
[CR-ANN] 1200/5000 processed, avg time (ann.query): 55.230 ms
[CR-ANN] 1300/5000 processed, avg time (ann.query): 49.915 ms
[CR-ANN] 1400/5000 processed, avg time (ann.query): 48.891 ms
[CR-ANN] 1500/5000 processed, avg time (ann.query): 54.798 ms
[CR-ANN] 1600/5000 processed, avg time (ann.query): 46.391 ms
[CR-ANN] 1700/5000 processed, avg time (ann.query): 49.502 ms
[CR-ANN] 1800/5000 processed, avg time (ann.query): 48.999 ms
[CR-ANN] 1900/5000 processed, avg time (ann.query): 50.947 ms
[CR-ANN] 2000/5000 processed, avg time (ann.query): 53.714 ms
[CR-ANN] 2100/5000 processed, avg time (ann.query): 50.991 ms
[CR-ANN] 2200/5000 processed, avg time (ann.query): 56.867 ms
[CR-ANN] 2300/5000 processed, avg time (ann.query): 49.585 ms
[CR-ANN] 2400/5000 processed, avg time (ann.query): 49.717 ms
[CR-ANN] 2500/5000 processed, avg time (ann.query): 52.087 ms
[CR-ANN] 2600/5000 processed, avg time (ann.query): 50.596 ms
[CR-ANN] 2700/5000 processed, avg time (ann.query): 54.305 ms
[CR-ANN] 2800/5000 processed, avg time (ann.query): 46.804 ms
[CR-ANN] 2900/5000 processed, avg time (ann.query): 46.169 ms
[CR-ANN] 3000/5000 processed, avg time (ann.query): 48.846 ms
[CR-ANN] 3100/5000 processed, avg time (ann.query): 48.933 ms
[CR-ANN] 3200/5000 processed, avg time (ann.query): 53.652 ms
[CR-ANN] 3300/5000 processed, avg time (ann.query): 52.403 ms
[CR-ANN] 3400/5000 processed, avg time (ann.query): 47.148 ms
[CR-ANN] 3500/5000 processed, avg time (ann.query): 48.755 ms
[CR-ANN] 3600/5000 processed, avg time (ann.query): 50.169 ms
[CR-ANN] 3700/5000 processed, avg time (ann.query): 60.453 ms
[CR-ANN] 3800/5000 processed, avg time (ann.query): 53.229 ms
[CR-ANN] 3900/5000 processed, avg time (ann.query): 47.317 ms
[CR-ANN] 4000/5000 processed, avg time (ann.query): 44.996 ms
[CR-ANN] 4100/5000 processed, avg time (ann.query): 58.493 ms
[CR-ANN] 4200/5000 processed, avg time (ann.query): 46.920 ms
[CR-ANN] 4300/5000 processed, avg time (ann.query): 51.226 ms
[CR-ANN] 4400/5000 processed, avg time (ann.query): 44.497 ms
[CR-ANN] 4500/5000 processed, avg time (ann.query): 54.858 ms
[CR-ANN] 4600/5000 processed, avg time (ann.query): 55.520 ms
[CR-ANN] 4700/5000 processed, avg time (ann.query): 59.799 ms
[CR-ANN] 4800/5000 processed, avg time (ann.query): 51.325 ms
[CR-ANN] 4900/5000 processed, avg time (ann.query): 51.561 ms
[CR-ANN] 5000/5000 processed, avg time (ann.query): 51.730 ms
[Timing] (c,r)-ANN eval: 256.91 s (51.383 ms/query)
[Sanity Check] Total Relevant = 4464
[Timing] (c,r)-ANN evaluation: 262.19 s
[Result] Memory breakdown (MB): {'hash_functions_MB': 47.92058563232422, 'bucket_ids_MB': 15.532295227050781, 'num_ids': 4071698, 'num_buckets': 1366890, 'hash_tables_overhead_MB': 114.71397399902344, 'total_MB': 178.16685485839844}
[Result] Epsilon-recall: 0.9994
[Result] (c,r)-ANN accuracy: 1.0000

[Timing Summary]
  Insert phase: 76.12 s
  Query phase: 94.79 s
  Ground truth: 6.76 s
  Recall eval: 98.33 s
  (c,r)-ANN eval: 262.19 s
  Total time: 538.20 s
[SUMMARY] r=0.5, eps=0.6, eta=0.2, recall=0.9994, (c,r)-ANN accuracy=1.0, memory=178.16685485839844
