[Init] Inputs : eta=0.10, epsilon=0.90, r=0.50
[Init] LSH Parameters : w=1.824, p1=0.7813, p2=0.5953, rho=0.4759
[Init] Data Structure Parameters : k=21, L=220, key_bits=672, mode=speed
[Build] Starting insertion...
[Build] Inserted 100/50000 points, avg insert time (ms): 29.592
[Build] Inserted 200/50000 points, avg insert time (ms): 1.098
[Build] Inserted 300/50000 points, avg insert time (ms): 1.307
[Build] Inserted 400/50000 points, avg insert time (ms): 1.296
[Build] Inserted 500/50000 points, avg insert time (ms): 0.913
[Build] Inserted 600/50000 points, avg insert time (ms): 1.120
[Build] Inserted 700/50000 points, avg insert time (ms): 1.369
[Build] Inserted 800/50000 points, avg insert time (ms): 1.075
[Build] Inserted 900/50000 points, avg insert time (ms): 1.319
[Build] Inserted 1000/50000 points, avg insert time (ms): 1.113
[Build] Inserted 1100/50000 points, avg insert time (ms): 1.055
[Build] Inserted 1200/50000 points, avg insert time (ms): 0.957
[Build] Inserted 1300/50000 points, avg insert time (ms): 0.868
[Build] Inserted 1400/50000 points, avg insert time (ms): 1.445
[Build] Inserted 1500/50000 points, avg insert time (ms): 1.122
[Build] Inserted 1600/50000 points, avg insert time (ms): 1.335
[Build] Inserted 1700/50000 points, avg insert time (ms): 1.409
[Build] Inserted 1800/50000 points, avg insert time (ms): 0.840
[Build] Inserted 1900/50000 points, avg insert time (ms): 1.122
[Build] Inserted 2000/50000 points, avg insert time (ms): 1.225
[Build] Inserted 2100/50000 points, avg insert time (ms): 1.319
[Build] Inserted 2200/50000 points, avg insert time (ms): 1.544
[Build] Inserted 2300/50000 points, avg insert time (ms): 1.147
[Build] Inserted 2400/50000 points, avg insert time (ms): 1.077
[Build] Inserted 2500/50000 points, avg insert time (ms): 1.255
[Build] Inserted 2600/50000 points, avg insert time (ms): 1.044
[Build] Inserted 2700/50000 points, avg insert time (ms): 1.161
[Build] Inserted 2800/50000 points, avg insert time (ms): 1.474
[Build] Inserted 2900/50000 points, avg insert time (ms): 2.328
[Build] Inserted 3000/50000 points, avg insert time (ms): 1.829
[Build] Inserted 3100/50000 points, avg insert time (ms): 1.392
[Build] Inserted 3200/50000 points, avg insert time (ms): 1.395
[Build] Inserted 3300/50000 points, avg insert time (ms): 1.066
[Build] Inserted 3400/50000 points, avg insert time (ms): 0.942
[Build] Inserted 3500/50000 points, avg insert time (ms): 1.193
[Build] Inserted 3600/50000 points, avg insert time (ms): 0.840
[Build] Inserted 3700/50000 points, avg insert time (ms): 0.920
[Build] Inserted 3800/50000 points, avg insert time (ms): 0.928
[Build] Inserted 3900/50000 points, avg insert time (ms): 1.013
[Build] Inserted 4000/50000 points, avg insert time (ms): 0.928
[Build] Inserted 4100/50000 points, avg insert time (ms): 1.313
[Build] Inserted 4200/50000 points, avg insert time (ms): 1.590
[Build] Inserted 4300/50000 points, avg insert time (ms): 1.161
[Build] Inserted 4400/50000 points, avg insert time (ms): 1.222
[Build] Inserted 4500/50000 points, avg insert time (ms): 1.485
[Build] Inserted 4600/50000 points, avg insert time (ms): 1.320
[Build] Inserted 4700/50000 points, avg insert time (ms): 1.273
[Build] Inserted 4800/50000 points, avg insert time (ms): 1.229
[Build] Inserted 4900/50000 points, avg insert time (ms): 0.848
[Build] Inserted 5000/50000 points, avg insert time (ms): 1.003
[Build] Inserted 5100/50000 points, avg insert time (ms): 1.067
[Build] Inserted 5200/50000 points, avg insert time (ms): 1.206
[Build] Inserted 5300/50000 points, avg insert time (ms): 1.055
[Build] Inserted 5400/50000 points, avg insert time (ms): 1.267
[Build] Inserted 5500/50000 points, avg insert time (ms): 1.338
[Build] Inserted 5600/50000 points, avg insert time (ms): 1.214
[Build] Inserted 5700/50000 points, avg insert time (ms): 1.141
[Build] Inserted 5800/50000 points, avg insert time (ms): 1.236
[Build] Inserted 5900/50000 points, avg insert time (ms): 1.177
[Build] Inserted 6000/50000 points, avg insert time (ms): 0.902
[Build] Inserted 6100/50000 points, avg insert time (ms): 1.151
[Build] Inserted 6200/50000 points, avg insert time (ms): 1.566
[Build] Inserted 6300/50000 points, avg insert time (ms): 0.934
[Build] Inserted 6400/50000 points, avg insert time (ms): 1.029
[Build] Inserted 6500/50000 points, avg insert time (ms): 1.172
[Build] Inserted 6600/50000 points, avg insert time (ms): 1.029
[Build] Inserted 6700/50000 points, avg insert time (ms): 1.560
[Build] Inserted 6800/50000 points, avg insert time (ms): 1.219
[Build] Inserted 6900/50000 points, avg insert time (ms): 1.171
[Build] Inserted 7000/50000 points, avg insert time (ms): 1.084
[Build] Inserted 7100/50000 points, avg insert time (ms): 1.153
[Build] Inserted 7200/50000 points, avg insert time (ms): 0.944
[Build] Inserted 7300/50000 points, avg insert time (ms): 1.025
[Build] Inserted 7400/50000 points, avg insert time (ms): 0.828
[Build] Inserted 7500/50000 points, avg insert time (ms): 0.798
[Build] Inserted 7600/50000 points, avg insert time (ms): 1.266
[Build] Inserted 7700/50000 points, avg insert time (ms): 1.841
[Build] Inserted 7800/50000 points, avg insert time (ms): 1.585
[Build] Inserted 7900/50000 points, avg insert time (ms): 1.066
[Build] Inserted 8000/50000 points, avg insert time (ms): 1.427
[Build] Inserted 8100/50000 points, avg insert time (ms): 1.428
[Build] Inserted 8200/50000 points, avg insert time (ms): 1.487
[Build] Inserted 8300/50000 points, avg insert time (ms): 1.194
[Build] Inserted 8400/50000 points, avg insert time (ms): 1.337
[Build] Inserted 8500/50000 points, avg insert time (ms): 1.175
[Build] Inserted 8600/50000 points, avg insert time (ms): 1.166
[Build] Inserted 8700/50000 points, avg insert time (ms): 0.872
[Build] Inserted 8800/50000 points, avg insert time (ms): 1.140
[Build] Inserted 8900/50000 points, avg insert time (ms): 1.533
[Build] Inserted 9000/50000 points, avg insert time (ms): 1.592
[Build] Inserted 9100/50000 points, avg insert time (ms): 1.915
[Build] Inserted 9200/50000 points, avg insert time (ms): 0.987
[Build] Inserted 9300/50000 points, avg insert time (ms): 1.371
[Build] Inserted 9400/50000 points, avg insert time (ms): 1.466
[Build] Inserted 9500/50000 points, avg insert time (ms): 1.165
[Build] Inserted 9600/50000 points, avg insert time (ms): 1.321
[Build] Inserted 9700/50000 points, avg insert time (ms): 1.337
[Build] Inserted 9800/50000 points, avg insert time (ms): 1.334
[Build] Inserted 9900/50000 points, avg insert time (ms): 1.261
[Build] Inserted 10000/50000 points, avg insert time (ms): 1.159
[Build] Inserted 10100/50000 points, avg insert time (ms): 1.035
[Build] Inserted 10200/50000 points, avg insert time (ms): 1.483
[Build] Inserted 10300/50000 points, avg insert time (ms): 1.481
[Build] Inserted 10400/50000 points, avg insert time (ms): 1.266
[Build] Inserted 10500/50000 points, avg insert time (ms): 1.218
[Build] Inserted 10600/50000 points, avg insert time (ms): 1.095
[Build] Inserted 10700/50000 points, avg insert time (ms): 1.259
[Build] Inserted 10800/50000 points, avg insert time (ms): 1.166
[Build] Inserted 10900/50000 points, avg insert time (ms): 1.338
[Build] Inserted 11000/50000 points, avg insert time (ms): 0.869
[Build] Inserted 11100/50000 points, avg insert time (ms): 1.338
[Build] Inserted 11200/50000 points, avg insert time (ms): 1.337
[Build] Inserted 11300/50000 points, avg insert time (ms): 1.066
[Build] Inserted 11400/50000 points, avg insert time (ms): 1.291
[Build] Inserted 11500/50000 points, avg insert time (ms): 1.046
[Build] Inserted 11600/50000 points, avg insert time (ms): 1.096
[Build] Inserted 11700/50000 points, avg insert time (ms): 1.195
[Build] Inserted 11800/50000 points, avg insert time (ms): 1.168
[Build] Inserted 11900/50000 points, avg insert time (ms): 1.127
[Build] Inserted 12000/50000 points, avg insert time (ms): 1.102
[Build] Inserted 12100/50000 points, avg insert time (ms): 1.701
[Build] Inserted 12200/50000 points, avg insert time (ms): 1.023
[Build] Inserted 12300/50000 points, avg insert time (ms): 1.228
[Build] Inserted 12400/50000 points, avg insert time (ms): 1.160
[Build] Inserted 12500/50000 points, avg insert time (ms): 1.234
[Build] Inserted 12600/50000 points, avg insert time (ms): 0.882
[Build] Inserted 12700/50000 points, avg insert time (ms): 1.232
[Build] Inserted 12800/50000 points, avg insert time (ms): 0.804
[Build] Inserted 12900/50000 points, avg insert time (ms): 0.883
[Build] Inserted 13000/50000 points, avg insert time (ms): 1.146
[Build] Inserted 13100/50000 points, avg insert time (ms): 1.281
[Build] Inserted 13200/50000 points, avg insert time (ms): 1.093
[Build] Inserted 13300/50000 points, avg insert time (ms): 1.124
[Build] Inserted 13400/50000 points, avg insert time (ms): 0.813
[Build] Inserted 13500/50000 points, avg insert time (ms): 1.178
[Build] Inserted 13600/50000 points, avg insert time (ms): 1.149
[Build] Inserted 13700/50000 points, avg insert time (ms): 1.136
[Build] Inserted 13800/50000 points, avg insert time (ms): 1.173
[Build] Inserted 13900/50000 points, avg insert time (ms): 1.339
[Build] Inserted 14000/50000 points, avg insert time (ms): 1.295
[Build] Inserted 14100/50000 points, avg insert time (ms): 1.441
[Build] Inserted 14200/50000 points, avg insert time (ms): 1.355
[Build] Inserted 14300/50000 points, avg insert time (ms): 1.438
[Build] Inserted 14400/50000 points, avg insert time (ms): 1.620
[Build] Inserted 14500/50000 points, avg insert time (ms): 1.232
[Build] Inserted 14600/50000 points, avg insert time (ms): 1.046
[Build] Inserted 14700/50000 points, avg insert time (ms): 0.852
[Build] Inserted 14800/50000 points, avg insert time (ms): 1.652
[Build] Inserted 14900/50000 points, avg insert time (ms): 1.335
[Build] Inserted 15000/50000 points, avg insert time (ms): 1.442
[Build] Inserted 15100/50000 points, avg insert time (ms): 1.165
[Build] Inserted 15200/50000 points, avg insert time (ms): 1.118
[Build] Inserted 15300/50000 points, avg insert time (ms): 1.540
[Build] Inserted 15400/50000 points, avg insert time (ms): 1.092
[Build] Inserted 15500/50000 points, avg insert time (ms): 1.033
[Build] Inserted 15600/50000 points, avg insert time (ms): 1.105
[Build] Inserted 15700/50000 points, avg insert time (ms): 1.645
[Build] Inserted 15800/50000 points, avg insert time (ms): 1.497
[Build] Inserted 15900/50000 points, avg insert time (ms): 2.126
[Build] Inserted 16000/50000 points, avg insert time (ms): 1.701
[Build] Inserted 16100/50000 points, avg insert time (ms): 1.343
[Build] Inserted 16200/50000 points, avg insert time (ms): 1.343
[Build] Inserted 16300/50000 points, avg insert time (ms): 1.301
[Build] Inserted 16400/50000 points, avg insert time (ms): 1.569
[Build] Inserted 16500/50000 points, avg insert time (ms): 1.915
[Build] Inserted 16600/50000 points, avg insert time (ms): 1.959
[Build] Inserted 16700/50000 points, avg insert time (ms): 1.324
[Build] Inserted 16800/50000 points, avg insert time (ms): 1.455
[Build] Inserted 16900/50000 points, avg insert time (ms): 0.952
[Build] Inserted 17000/50000 points, avg insert time (ms): 1.170
[Build] Inserted 17100/50000 points, avg insert time (ms): 1.323
[Build] Inserted 17200/50000 points, avg insert time (ms): 0.932
[Build] Inserted 17300/50000 points, avg insert time (ms): 1.471
[Build] Inserted 17400/50000 points, avg insert time (ms): 0.850
[Build] Inserted 17500/50000 points, avg insert time (ms): 1.303
[Build] Inserted 17600/50000 points, avg insert time (ms): 1.000
[Build] Inserted 17700/50000 points, avg insert time (ms): 1.226
[Build] Inserted 17800/50000 points, avg insert time (ms): 1.145
[Build] Inserted 17900/50000 points, avg insert time (ms): 0.971
[Build] Inserted 18000/50000 points, avg insert time (ms): 1.201
[Build] Inserted 18100/50000 points, avg insert time (ms): 1.262
[Build] Inserted 18200/50000 points, avg insert time (ms): 1.685
[Build] Inserted 18300/50000 points, avg insert time (ms): 1.122
[Build] Inserted 18400/50000 points, avg insert time (ms): 2.625
[Build] Inserted 18500/50000 points, avg insert time (ms): 1.366
[Build] Inserted 18600/50000 points, avg insert time (ms): 1.634
[Build] Inserted 18700/50000 points, avg insert time (ms): 1.187
[Build] Inserted 18800/50000 points, avg insert time (ms): 1.715
[Build] Inserted 18900/50000 points, avg insert time (ms): 1.470
[Build] Inserted 19000/50000 points, avg insert time (ms): 1.562
[Build] Inserted 19100/50000 points, avg insert time (ms): 1.825
[Build] Inserted 19200/50000 points, avg insert time (ms): 1.421
[Build] Inserted 19300/50000 points, avg insert time (ms): 1.382
[Build] Inserted 19400/50000 points, avg insert time (ms): 1.322
[Build] Inserted 19500/50000 points, avg insert time (ms): 1.390
[Build] Inserted 19600/50000 points, avg insert time (ms): 1.283
[Build] Inserted 19700/50000 points, avg insert time (ms): 0.972
[Build] Inserted 19800/50000 points, avg insert time (ms): 1.108
[Build] Inserted 19900/50000 points, avg insert time (ms): 1.226
[Build] Inserted 20000/50000 points, avg insert time (ms): 1.408
[Build] Inserted 20100/50000 points, avg insert time (ms): 1.068
[Build] Inserted 20200/50000 points, avg insert time (ms): 1.353
[Build] Inserted 20300/50000 points, avg insert time (ms): 1.148
[Build] Inserted 20400/50000 points, avg insert time (ms): 1.189
[Build] Inserted 20500/50000 points, avg insert time (ms): 1.197
[Build] Inserted 20600/50000 points, avg insert time (ms): 1.437
[Build] Inserted 20700/50000 points, avg insert time (ms): 1.418
[Build] Inserted 20800/50000 points, avg insert time (ms): 1.704
[Build] Inserted 20900/50000 points, avg insert time (ms): 1.212
[Build] Inserted 21000/50000 points, avg insert time (ms): 1.622
[Build] Inserted 21100/50000 points, avg insert time (ms): 1.281
[Build] Inserted 21200/50000 points, avg insert time (ms): 1.252
[Build] Inserted 21300/50000 points, avg insert time (ms): 1.299
[Build] Inserted 21400/50000 points, avg insert time (ms): 1.158
[Build] Inserted 21500/50000 points, avg insert time (ms): 1.211
[Build] Inserted 21600/50000 points, avg insert time (ms): 1.212
[Build] Inserted 21700/50000 points, avg insert time (ms): 1.063
[Build] Inserted 21800/50000 points, avg insert time (ms): 1.133
[Build] Inserted 21900/50000 points, avg insert time (ms): 1.555
[Build] Inserted 22000/50000 points, avg insert time (ms): 0.860
[Build] Inserted 22100/50000 points, avg insert time (ms): 1.012
[Build] Inserted 22200/50000 points, avg insert time (ms): 1.527
[Build] Inserted 22300/50000 points, avg insert time (ms): 1.126
[Build] Inserted 22400/50000 points, avg insert time (ms): 1.130
[Build] Inserted 22500/50000 points, avg insert time (ms): 1.388
[Build] Inserted 22600/50000 points, avg insert time (ms): 1.160
[Build] Inserted 22700/50000 points, avg insert time (ms): 0.773
[Build] Inserted 22800/50000 points, avg insert time (ms): 1.324
[Build] Inserted 22900/50000 points, avg insert time (ms): 1.148
[Build] Inserted 23000/50000 points, avg insert time (ms): 1.011
[Build] Inserted 23100/50000 points, avg insert time (ms): 1.269
[Build] Inserted 23200/50000 points, avg insert time (ms): 1.142
[Build] Inserted 23300/50000 points, avg insert time (ms): 1.762
[Build] Inserted 23400/50000 points, avg insert time (ms): 1.081
[Build] Inserted 23500/50000 points, avg insert time (ms): 1.650
[Build] Inserted 23600/50000 points, avg insert time (ms): 1.153
[Build] Inserted 23700/50000 points, avg insert time (ms): 1.386
[Build] Inserted 23800/50000 points, avg insert time (ms): 1.317
[Build] Inserted 23900/50000 points, avg insert time (ms): 1.744
[Build] Inserted 24000/50000 points, avg insert time (ms): 1.396
[Build] Inserted 24100/50000 points, avg insert time (ms): 0.996
[Build] Inserted 24200/50000 points, avg insert time (ms): 1.548
[Build] Inserted 24300/50000 points, avg insert time (ms): 1.129
[Build] Inserted 24400/50000 points, avg insert time (ms): 1.463
[Build] Inserted 24500/50000 points, avg insert time (ms): 1.967
[Build] Inserted 24600/50000 points, avg insert time (ms): 1.137
[Build] Inserted 24700/50000 points, avg insert time (ms): 1.226
[Build] Inserted 24800/50000 points, avg insert time (ms): 1.198
[Build] Inserted 24900/50000 points, avg insert time (ms): 1.246
[Build] Inserted 25000/50000 points, avg insert time (ms): 1.072
[Build] Inserted 25100/50000 points, avg insert time (ms): 1.357
[Build] Inserted 25200/50000 points, avg insert time (ms): 1.311
[Build] Inserted 25300/50000 points, avg insert time (ms): 1.375
[Build] Inserted 25400/50000 points, avg insert time (ms): 1.103
[Build] Inserted 25500/50000 points, avg insert time (ms): 29.867
[Build] Inserted 25600/50000 points, avg insert time (ms): 1.390
[Build] Inserted 25700/50000 points, avg insert time (ms): 1.344
[Build] Inserted 25800/50000 points, avg insert time (ms): 1.779
[Build] Inserted 25900/50000 points, avg insert time (ms): 0.948
[Build] Inserted 26000/50000 points, avg insert time (ms): 1.557
[Build] Inserted 26100/50000 points, avg insert time (ms): 1.244
[Build] Inserted 26200/50000 points, avg insert time (ms): 1.348
[Build] Inserted 26300/50000 points, avg insert time (ms): 1.089
[Build] Inserted 26400/50000 points, avg insert time (ms): 1.174
[Build] Inserted 26500/50000 points, avg insert time (ms): 0.828
[Build] Inserted 26600/50000 points, avg insert time (ms): 1.159
[Build] Inserted 26700/50000 points, avg insert time (ms): 1.565
[Build] Inserted 26800/50000 points, avg insert time (ms): 1.327
[Build] Inserted 26900/50000 points, avg insert time (ms): 1.124
[Build] Inserted 27000/50000 points, avg insert time (ms): 1.238
[Build] Inserted 27100/50000 points, avg insert time (ms): 0.990
[Build] Inserted 27200/50000 points, avg insert time (ms): 1.739
[Build] Inserted 27300/50000 points, avg insert time (ms): 1.121
[Build] Inserted 27400/50000 points, avg insert time (ms): 1.139
[Build] Inserted 27500/50000 points, avg insert time (ms): 1.091
[Build] Inserted 27600/50000 points, avg insert time (ms): 1.324
[Build] Inserted 27700/50000 points, avg insert time (ms): 1.217
[Build] Inserted 27800/50000 points, avg insert time (ms): 1.340
[Build] Inserted 27900/50000 points, avg insert time (ms): 1.280
[Build] Inserted 28000/50000 points, avg insert time (ms): 1.165
[Build] Inserted 28100/50000 points, avg insert time (ms): 1.058
[Build] Inserted 28200/50000 points, avg insert time (ms): 1.479
[Build] Inserted 28300/50000 points, avg insert time (ms): 1.302
[Build] Inserted 28400/50000 points, avg insert time (ms): 1.506
[Build] Inserted 28500/50000 points, avg insert time (ms): 1.268
[Build] Inserted 28600/50000 points, avg insert time (ms): 1.192
[Build] Inserted 28700/50000 points, avg insert time (ms): 1.694
[Build] Inserted 28800/50000 points, avg insert time (ms): 1.491
[Build] Inserted 28900/50000 points, avg insert time (ms): 1.716
[Build] Inserted 29000/50000 points, avg insert time (ms): 1.292
[Build] Inserted 29100/50000 points, avg insert time (ms): 1.320
[Build] Inserted 29200/50000 points, avg insert time (ms): 1.164
[Build] Inserted 29300/50000 points, avg insert time (ms): 1.130
[Build] Inserted 29400/50000 points, avg insert time (ms): 1.216
[Build] Inserted 29500/50000 points, avg insert time (ms): 1.648
[Build] Inserted 29600/50000 points, avg insert time (ms): 1.128
[Build] Inserted 29700/50000 points, avg insert time (ms): 1.255
[Build] Inserted 29800/50000 points, avg insert time (ms): 2.160
[Build] Inserted 29900/50000 points, avg insert time (ms): 1.186
[Build] Inserted 30000/50000 points, avg insert time (ms): 1.272
[Build] Inserted 30100/50000 points, avg insert time (ms): 1.064
[Build] Inserted 30200/50000 points, avg insert time (ms): 1.118
[Build] Inserted 30300/50000 points, avg insert time (ms): 1.612
[Build] Inserted 30400/50000 points, avg insert time (ms): 1.696
[Build] Inserted 30500/50000 points, avg insert time (ms): 1.371
[Build] Inserted 30600/50000 points, avg insert time (ms): 1.430
[Build] Inserted 30700/50000 points, avg insert time (ms): 2.261
[Build] Inserted 30800/50000 points, avg insert time (ms): 1.697
[Build] Inserted 30900/50000 points, avg insert time (ms): 1.791
[Build] Inserted 31000/50000 points, avg insert time (ms): 1.685
[Build] Inserted 31100/50000 points, avg insert time (ms): 2.201
[Build] Inserted 31200/50000 points, avg insert time (ms): 1.970
[Build] Inserted 31300/50000 points, avg insert time (ms): 2.313
[Build] Inserted 31400/50000 points, avg insert time (ms): 1.362
[Build] Inserted 31500/50000 points, avg insert time (ms): 1.013
[Build] Inserted 31600/50000 points, avg insert time (ms): 1.450
[Build] Inserted 31700/50000 points, avg insert time (ms): 1.468
[Build] Inserted 31800/50000 points, avg insert time (ms): 1.419
[Build] Inserted 31900/50000 points, avg insert time (ms): 1.597
[Build] Inserted 32000/50000 points, avg insert time (ms): 1.363
[Build] Inserted 32100/50000 points, avg insert time (ms): 1.031
[Build] Inserted 32200/50000 points, avg insert time (ms): 1.295
[Build] Inserted 32300/50000 points, avg insert time (ms): 1.394
[Build] Inserted 32400/50000 points, avg insert time (ms): 1.041
[Build] Inserted 32500/50000 points, avg insert time (ms): 1.250
[Build] Inserted 32600/50000 points, avg insert time (ms): 1.157
[Build] Inserted 32700/50000 points, avg insert time (ms): 0.964
[Build] Inserted 32800/50000 points, avg insert time (ms): 1.344
[Build] Inserted 32900/50000 points, avg insert time (ms): 1.389
[Build] Inserted 33000/50000 points, avg insert time (ms): 1.306
[Build] Inserted 33100/50000 points, avg insert time (ms): 1.322
[Build] Inserted 33200/50000 points, avg insert time (ms): 1.747
[Build] Inserted 33300/50000 points, avg insert time (ms): 1.204
[Build] Inserted 33400/50000 points, avg insert time (ms): 1.644
[Build] Inserted 33500/50000 points, avg insert time (ms): 1.166
[Build] Inserted 33600/50000 points, avg insert time (ms): 1.081
[Build] Inserted 33700/50000 points, avg insert time (ms): 1.363
[Build] Inserted 33800/50000 points, avg insert time (ms): 1.233
[Build] Inserted 33900/50000 points, avg insert time (ms): 1.341
[Build] Inserted 34000/50000 points, avg insert time (ms): 1.091
[Build] Inserted 34100/50000 points, avg insert time (ms): 1.473
[Build] Inserted 34200/50000 points, avg insert time (ms): 1.704
[Build] Inserted 34300/50000 points, avg insert time (ms): 1.139
[Build] Inserted 34400/50000 points, avg insert time (ms): 1.334
[Build] Inserted 34500/50000 points, avg insert time (ms): 1.267
[Build] Inserted 34600/50000 points, avg insert time (ms): 1.336
[Build] Inserted 34700/50000 points, avg insert time (ms): 1.057
[Build] Inserted 34800/50000 points, avg insert time (ms): 0.884
[Build] Inserted 34900/50000 points, avg insert time (ms): 1.320
[Build] Inserted 35000/50000 points, avg insert time (ms): 1.050
[Build] Inserted 35100/50000 points, avg insert time (ms): 1.080
[Build] Inserted 35200/50000 points, avg insert time (ms): 1.179
[Build] Inserted 35300/50000 points, avg insert time (ms): 1.216
[Build] Inserted 35400/50000 points, avg insert time (ms): 1.217
[Build] Inserted 35500/50000 points, avg insert time (ms): 1.471
[Build] Inserted 35600/50000 points, avg insert time (ms): 1.143
[Build] Inserted 35700/50000 points, avg insert time (ms): 1.686
[Build] Inserted 35800/50000 points, avg insert time (ms): 1.249
[Build] Inserted 35900/50000 points, avg insert time (ms): 0.788
[Build] Inserted 36000/50000 points, avg insert time (ms): 1.145
[Build] Inserted 36100/50000 points, avg insert time (ms): 1.243
[Build] Inserted 36200/50000 points, avg insert time (ms): 1.321
[Build] Inserted 36300/50000 points, avg insert time (ms): 1.535
[Build] Inserted 36400/50000 points, avg insert time (ms): 0.863
[Build] Inserted 36500/50000 points, avg insert time (ms): 1.419
[Build] Inserted 36600/50000 points, avg insert time (ms): 1.171
[Build] Inserted 36700/50000 points, avg insert time (ms): 0.994
[Build] Inserted 36800/50000 points, avg insert time (ms): 1.412
[Build] Inserted 36900/50000 points, avg insert time (ms): 1.156
[Build] Inserted 37000/50000 points, avg insert time (ms): 1.272
[Build] Inserted 37100/50000 points, avg insert time (ms): 1.027
[Build] Inserted 37200/50000 points, avg insert time (ms): 1.405
[Build] Inserted 37300/50000 points, avg insert time (ms): 0.795
[Build] Inserted 37400/50000 points, avg insert time (ms): 1.117
[Build] Inserted 37500/50000 points, avg insert time (ms): 1.545
[Build] Inserted 37600/50000 points, avg insert time (ms): 1.021
[Build] Inserted 37700/50000 points, avg insert time (ms): 0.931
[Build] Inserted 37800/50000 points, avg insert time (ms): 1.399
[Build] Inserted 37900/50000 points, avg insert time (ms): 1.233
[Build] Inserted 38000/50000 points, avg insert time (ms): 0.975
[Build] Inserted 38100/50000 points, avg insert time (ms): 1.213
[Build] Inserted 38200/50000 points, avg insert time (ms): 1.863
[Build] Inserted 38300/50000 points, avg insert time (ms): 1.256
[Build] Inserted 38400/50000 points, avg insert time (ms): 1.258
[Build] Inserted 38500/50000 points, avg insert time (ms): 1.171
[Build] Inserted 38600/50000 points, avg insert time (ms): 1.088
[Build] Inserted 38700/50000 points, avg insert time (ms): 1.013
[Build] Inserted 38800/50000 points, avg insert time (ms): 1.265
[Build] Inserted 38900/50000 points, avg insert time (ms): 0.959
[Build] Inserted 39000/50000 points, avg insert time (ms): 1.064
[Build] Inserted 39100/50000 points, avg insert time (ms): 1.067
[Build] Inserted 39200/50000 points, avg insert time (ms): 0.887
[Build] Inserted 39300/50000 points, avg insert time (ms): 1.269
[Build] Inserted 39400/50000 points, avg insert time (ms): 1.389
[Build] Inserted 39500/50000 points, avg insert time (ms): 1.382
[Build] Inserted 39600/50000 points, avg insert time (ms): 0.953
[Build] Inserted 39700/50000 points, avg insert time (ms): 1.085
[Build] Inserted 39800/50000 points, avg insert time (ms): 1.241
[Build] Inserted 39900/50000 points, avg insert time (ms): 1.186
[Build] Inserted 40000/50000 points, avg insert time (ms): 1.308
[Build] Inserted 40100/50000 points, avg insert time (ms): 1.058
[Build] Inserted 40200/50000 points, avg insert time (ms): 1.262
[Build] Inserted 40300/50000 points, avg insert time (ms): 0.981
[Build] Inserted 40400/50000 points, avg insert time (ms): 1.227
[Build] Inserted 40500/50000 points, avg insert time (ms): 1.148
[Build] Inserted 40600/50000 points, avg insert time (ms): 0.909
[Build] Inserted 40700/50000 points, avg insert time (ms): 1.259
[Build] Inserted 40800/50000 points, avg insert time (ms): 1.578
[Build] Inserted 40900/50000 points, avg insert time (ms): 1.131
[Build] Inserted 41000/50000 points, avg insert time (ms): 0.999
[Build] Inserted 41100/50000 points, avg insert time (ms): 1.014
[Build] Inserted 41200/50000 points, avg insert time (ms): 1.501
[Build] Inserted 41300/50000 points, avg insert time (ms): 1.129
[Build] Inserted 41400/50000 points, avg insert time (ms): 1.465
[Build] Inserted 41500/50000 points, avg insert time (ms): 1.396
[Build] Inserted 41600/50000 points, avg insert time (ms): 1.257
[Build] Inserted 41700/50000 points, avg insert time (ms): 1.467
[Build] Inserted 41800/50000 points, avg insert time (ms): 1.216
[Build] Inserted 41900/50000 points, avg insert time (ms): 1.371
[Build] Inserted 42000/50000 points, avg insert time (ms): 1.198
[Build] Inserted 42100/50000 points, avg insert time (ms): 1.172
[Build] Inserted 42200/50000 points, avg insert time (ms): 1.356
[Build] Inserted 42300/50000 points, avg insert time (ms): 1.365
[Build] Inserted 42400/50000 points, avg insert time (ms): 1.153
[Build] Inserted 42500/50000 points, avg insert time (ms): 1.034
[Build] Inserted 42600/50000 points, avg insert time (ms): 1.398
[Build] Inserted 42700/50000 points, avg insert time (ms): 1.295
[Build] Inserted 42800/50000 points, avg insert time (ms): 1.422
[Build] Inserted 42900/50000 points, avg insert time (ms): 0.821
[Build] Inserted 43000/50000 points, avg insert time (ms): 1.558
[Build] Inserted 43100/50000 points, avg insert time (ms): 1.251
[Build] Inserted 43200/50000 points, avg insert time (ms): 1.290
[Build] Inserted 43300/50000 points, avg insert time (ms): 1.216
[Build] Inserted 43400/50000 points, avg insert time (ms): 1.296
[Build] Inserted 43500/50000 points, avg insert time (ms): 1.212
[Build] Inserted 43600/50000 points, avg insert time (ms): 1.500
[Build] Inserted 43700/50000 points, avg insert time (ms): 1.268
[Build] Inserted 43800/50000 points, avg insert time (ms): 1.472
[Build] Inserted 43900/50000 points, avg insert time (ms): 1.357
[Build] Inserted 44000/50000 points, avg insert time (ms): 1.486
[Build] Inserted 44100/50000 points, avg insert time (ms): 1.612
[Build] Inserted 44200/50000 points, avg insert time (ms): 1.124
[Build] Inserted 44300/50000 points, avg insert time (ms): 0.795
[Build] Inserted 44400/50000 points, avg insert time (ms): 1.204
[Build] Inserted 44500/50000 points, avg insert time (ms): 1.210
[Build] Inserted 44600/50000 points, avg insert time (ms): 1.111
[Build] Inserted 44700/50000 points, avg insert time (ms): 0.817
[Build] Inserted 44800/50000 points, avg insert time (ms): 1.155
[Build] Inserted 44900/50000 points, avg insert time (ms): 1.036
[Build] Inserted 45000/50000 points, avg insert time (ms): 1.267
[Build] Inserted 45100/50000 points, avg insert time (ms): 1.463
[Build] Inserted 45200/50000 points, avg insert time (ms): 1.256
[Build] Inserted 45300/50000 points, avg insert time (ms): 1.673
[Build] Inserted 45400/50000 points, avg insert time (ms): 0.908
[Build] Inserted 45500/50000 points, avg insert time (ms): 1.469
[Build] Inserted 45600/50000 points, avg insert time (ms): 1.642
[Build] Inserted 45700/50000 points, avg insert time (ms): 1.541
[Build] Inserted 45800/50000 points, avg insert time (ms): 1.570
[Build] Inserted 45900/50000 points, avg insert time (ms): 1.202
[Build] Inserted 46000/50000 points, avg insert time (ms): 1.355
[Build] Inserted 46100/50000 points, avg insert time (ms): 1.472
[Build] Inserted 46200/50000 points, avg insert time (ms): 1.364
[Build] Inserted 46300/50000 points, avg insert time (ms): 1.497
[Build] Inserted 46400/50000 points, avg insert time (ms): 0.993
[Build] Inserted 46500/50000 points, avg insert time (ms): 1.057
[Build] Inserted 46600/50000 points, avg insert time (ms): 1.441
[Build] Inserted 46700/50000 points, avg insert time (ms): 1.432
[Build] Inserted 46800/50000 points, avg insert time (ms): 1.407
[Build] Inserted 46900/50000 points, avg insert time (ms): 1.609
[Build] Inserted 47000/50000 points, avg insert time (ms): 1.483
[Build] Inserted 47100/50000 points, avg insert time (ms): 1.259
[Build] Inserted 47200/50000 points, avg insert time (ms): 2.129
[Build] Inserted 47300/50000 points, avg insert time (ms): 1.541
[Build] Inserted 47400/50000 points, avg insert time (ms): 1.376
[Build] Inserted 47500/50000 points, avg insert time (ms): 1.373
[Build] Inserted 47600/50000 points, avg insert time (ms): 1.056
[Build] Inserted 47700/50000 points, avg insert time (ms): 1.270
[Build] Inserted 47800/50000 points, avg insert time (ms): 1.504
[Build] Inserted 47900/50000 points, avg insert time (ms): 2.105
[Build] Inserted 48000/50000 points, avg insert time (ms): 1.464
[Build] Inserted 48100/50000 points, avg insert time (ms): 1.642
[Build] Inserted 48200/50000 points, avg insert time (ms): 2.119
[Build] Inserted 48300/50000 points, avg insert time (ms): 1.210
[Build] Inserted 48400/50000 points, avg insert time (ms): 0.909
[Build] Inserted 48500/50000 points, avg insert time (ms): 1.179
[Build] Inserted 48600/50000 points, avg insert time (ms): 1.385
[Build] Inserted 48700/50000 points, avg insert time (ms): 1.068
[Build] Inserted 48800/50000 points, avg insert time (ms): 1.020
[Build] Inserted 48900/50000 points, avg insert time (ms): 0.968
[Build] Inserted 49000/50000 points, avg insert time (ms): 3.217
[Build] Inserted 49100/50000 points, avg insert time (ms): 1.257
[Build] Inserted 49200/50000 points, avg insert time (ms): 1.665
[Build] Inserted 49300/50000 points, avg insert time (ms): 0.978
[Build] Inserted 49400/50000 points, avg insert time (ms): 1.240
[Build] Inserted 49500/50000 points, avg insert time (ms): 1.117
[Build] Inserted 49600/50000 points, avg insert time (ms): 1.029
[Build] Inserted 49700/50000 points, avg insert time (ms): 1.589
[Build] Inserted 49800/50000 points, avg insert time (ms): 1.711
[Build] Inserted 49900/50000 points, avg insert time (ms): 30.294
[Build] Inserted 50000/50000 points, avg insert time (ms): 1.562
[Timing] Total insertion time: 73.33 s
[Build] Starting queries...
[Query] Processed 100/5000 queries, avg query time (ms): 16.865
[Query] Processed 200/5000 queries, avg query time (ms): 20.117
[Query] Processed 300/5000 queries, avg query time (ms): 19.977
[Query] Processed 400/5000 queries, avg query time (ms): 16.251
[Query] Processed 500/5000 queries, avg query time (ms): 18.558
[Query] Processed 600/5000 queries, avg query time (ms): 17.538
[Query] Processed 700/5000 queries, avg query time (ms): 18.097
[Query] Processed 800/5000 queries, avg query time (ms): 24.520
[Query] Processed 900/5000 queries, avg query time (ms): 19.320
[Query] Processed 1000/5000 queries, avg query time (ms): 17.133
[Query] Processed 1100/5000 queries, avg query time (ms): 15.349
[Query] Processed 1200/5000 queries, avg query time (ms): 15.043
[Query] Processed 1300/5000 queries, avg query time (ms): 14.399
[Query] Processed 1400/5000 queries, avg query time (ms): 14.574
[Query] Processed 1500/5000 queries, avg query time (ms): 14.420
[Query] Processed 1600/5000 queries, avg query time (ms): 17.889
[Query] Processed 1700/5000 queries, avg query time (ms): 17.023
[Query] Processed 1800/5000 queries, avg query time (ms): 15.425
[Query] Processed 1900/5000 queries, avg query time (ms): 43.873
[Query] Processed 2000/5000 queries, avg query time (ms): 15.240
[Query] Processed 2100/5000 queries, avg query time (ms): 14.519
[Query] Processed 2200/5000 queries, avg query time (ms): 13.720
[Query] Processed 2300/5000 queries, avg query time (ms): 15.243
[Query] Processed 2400/5000 queries, avg query time (ms): 15.440
[Query] Processed 2500/5000 queries, avg query time (ms): 13.824
[Query] Processed 2600/5000 queries, avg query time (ms): 14.835
[Query] Processed 2700/5000 queries, avg query time (ms): 13.481
[Query] Processed 2800/5000 queries, avg query time (ms): 14.704
[Query] Processed 2900/5000 queries, avg query time (ms): 16.683
[Query] Processed 3000/5000 queries, avg query time (ms): 16.197
[Query] Processed 3100/5000 queries, avg query time (ms): 17.405
[Query] Processed 3200/5000 queries, avg query time (ms): 17.146
[Query] Processed 3300/5000 queries, avg query time (ms): 15.915
[Query] Processed 3400/5000 queries, avg query time (ms): 18.509
[Query] Processed 3500/5000 queries, avg query time (ms): 19.153
[Query] Processed 3600/5000 queries, avg query time (ms): 14.512
[Query] Processed 3700/5000 queries, avg query time (ms): 18.514
[Query] Processed 3800/5000 queries, avg query time (ms): 15.578
[Query] Processed 3900/5000 queries, avg query time (ms): 48.627
[Query] Processed 4000/5000 queries, avg query time (ms): 15.631
[Query] Processed 4100/5000 queries, avg query time (ms): 15.216
[Query] Processed 4200/5000 queries, avg query time (ms): 16.304
[Query] Processed 4300/5000 queries, avg query time (ms): 14.476
[Query] Processed 4400/5000 queries, avg query time (ms): 13.364
[Query] Processed 4500/5000 queries, avg query time (ms): 17.224
[Query] Processed 4600/5000 queries, avg query time (ms): 15.136
[Query] Processed 4700/5000 queries, avg query time (ms): 14.583
[Query] Processed 4800/5000 queries, avg query time (ms): 12.629
[Query] Processed 4900/5000 queries, avg query time (ms): 18.408
[Query] Processed 5000/5000 queries, avg query time (ms): 16.422
[Timing] Total query time: 87.58 s
[Eval] Computing ground truth top-K...
[Timing] Ground truth (FAISS): 5.80 s (1.159 ms/query)
[Timing] Ground truth computation: 6.55 s
[Eval] Computing recall metrics...
[Timing] Recall evaluation: 78.32 s
[Eval] Computing (c,r)-ANN accuracy...
[Timing] FAISS r* computation: 7.65 s (1.529 ms/query)
[CR-ANN] 100/5000 processed, avg time (ann.query): 43.420 ms
[CR-ANN] 200/5000 processed, avg time (ann.query): 50.988 ms
[CR-ANN] 300/5000 processed, avg time (ann.query): 50.938 ms
[CR-ANN] 400/5000 processed, avg time (ann.query): 58.022 ms
[CR-ANN] 500/5000 processed, avg time (ann.query): 47.537 ms
[CR-ANN] 600/5000 processed, avg time (ann.query): 74.416 ms
[CR-ANN] 700/5000 processed, avg time (ann.query): 51.126 ms
[CR-ANN] 800/5000 processed, avg time (ann.query): 42.591 ms
[CR-ANN] 900/5000 processed, avg time (ann.query): 46.303 ms
[CR-ANN] 1000/5000 processed, avg time (ann.query): 50.292 ms
[CR-ANN] 1100/5000 processed, avg time (ann.query): 46.743 ms
[CR-ANN] 1200/5000 processed, avg time (ann.query): 43.656 ms
[CR-ANN] 1300/5000 processed, avg time (ann.query): 75.793 ms
[CR-ANN] 1400/5000 processed, avg time (ann.query): 44.155 ms
[CR-ANN] 1500/5000 processed, avg time (ann.query): 41.196 ms
[CR-ANN] 1600/5000 processed, avg time (ann.query): 42.478 ms
[CR-ANN] 1700/5000 processed, avg time (ann.query): 54.546 ms
[CR-ANN] 1800/5000 processed, avg time (ann.query): 51.366 ms
[CR-ANN] 1900/5000 processed, avg time (ann.query): 54.022 ms
[CR-ANN] 2000/5000 processed, avg time (ann.query): 69.293 ms
[CR-ANN] 2100/5000 processed, avg time (ann.query): 60.303 ms
[CR-ANN] 2200/5000 processed, avg time (ann.query): 52.514 ms
[CR-ANN] 2300/5000 processed, avg time (ann.query): 44.709 ms
[CR-ANN] 2400/5000 processed, avg time (ann.query): 47.352 ms
[CR-ANN] 2500/5000 processed, avg time (ann.query): 52.912 ms
[CR-ANN] 2600/5000 processed, avg time (ann.query): 59.164 ms
[CR-ANN] 2700/5000 processed, avg time (ann.query): 50.527 ms
[CR-ANN] 2800/5000 processed, avg time (ann.query): 43.018 ms
[CR-ANN] 2900/5000 processed, avg time (ann.query): 44.921 ms
[CR-ANN] 3000/5000 processed, avg time (ann.query): 46.930 ms
[CR-ANN] 3100/5000 processed, avg time (ann.query): 47.313 ms
[CR-ANN] 3200/5000 processed, avg time (ann.query): 47.562 ms
[CR-ANN] 3300/5000 processed, avg time (ann.query): 56.116 ms
[CR-ANN] 3400/5000 processed, avg time (ann.query): 51.480 ms
[CR-ANN] 3500/5000 processed, avg time (ann.query): 44.177 ms
[CR-ANN] 3600/5000 processed, avg time (ann.query): 49.467 ms
[CR-ANN] 3700/5000 processed, avg time (ann.query): 49.609 ms
[CR-ANN] 3800/5000 processed, avg time (ann.query): 53.397 ms
[CR-ANN] 3900/5000 processed, avg time (ann.query): 52.045 ms
[CR-ANN] 4000/5000 processed, avg time (ann.query): 52.167 ms
[CR-ANN] 4100/5000 processed, avg time (ann.query): 47.491 ms
[CR-ANN] 4200/5000 processed, avg time (ann.query): 50.069 ms
[CR-ANN] 4300/5000 processed, avg time (ann.query): 56.849 ms
[CR-ANN] 4400/5000 processed, avg time (ann.query): 46.196 ms
[CR-ANN] 4500/5000 processed, avg time (ann.query): 52.628 ms
[CR-ANN] 4600/5000 processed, avg time (ann.query): 69.031 ms
[CR-ANN] 4700/5000 processed, avg time (ann.query): 56.303 ms
[CR-ANN] 4800/5000 processed, avg time (ann.query): 53.277 ms
[CR-ANN] 4900/5000 processed, avg time (ann.query): 46.470 ms
[CR-ANN] 5000/5000 processed, avg time (ann.query): 48.681 ms
[Timing] (c,r)-ANN eval: 257.23 s (51.445 ms/query)
[Sanity Check] Total Relevant = 4464
[Timing] (c,r)-ANN evaluation: 265.06 s
[Result] Memory breakdown (MB): {'hash_functions_MB': 13.870010375976562, 'bucket_ids_MB': 14.208221435546875, 'num_ids': 3724600, 'num_buckets': 482064, 'hash_tables_overhead_MB': 40.4564208984375, 'total_MB': 68.53465270996094}
[Result] Epsilon-recall: 0.9984
[Result] (c,r)-ANN accuracy: 1.0000

[Timing Summary]
  Insert phase: 73.33 s
  Query phase: 87.58 s
  Ground truth: 6.55 s
  Recall eval: 78.32 s
  (c,r)-ANN eval: 265.06 s
  Total time: 510.83 s
[SUMMARY] r=0.5, eps=0.9, eta=0.1, recall=0.9984, (c,r)-ANN accuracy=1.0, memory=68.53465270996094
