[Init] Inputs : eta=0.30, epsilon=0.60, r=0.50
[Init] LSH Parameters : w=1.638, p1=0.7566, p2=0.6177, rho=0.5790
[Init] Data Structure Parameters : k=23, L=694, key_bits=736, mode=speed
[Build] Starting insertion...
[Build] Inserted 100/50000 points, avg insert time (ms): 0.354
[Build] Inserted 200/50000 points, avg insert time (ms): 0.347
[Build] Inserted 300/50000 points, avg insert time (ms): 0.394
[Build] Inserted 400/50000 points, avg insert time (ms): 0.500
[Build] Inserted 500/50000 points, avg insert time (ms): 0.235
[Build] Inserted 600/50000 points, avg insert time (ms): 0.854
[Build] Inserted 700/50000 points, avg insert time (ms): 0.651
[Build] Inserted 800/50000 points, avg insert time (ms): 0.605
[Build] Inserted 900/50000 points, avg insert time (ms): 0.233
[Build] Inserted 1000/50000 points, avg insert time (ms): 0.110
[Build] Inserted 1100/50000 points, avg insert time (ms): 0.519
[Build] Inserted 1200/50000 points, avg insert time (ms): 0.755
[Build] Inserted 1300/50000 points, avg insert time (ms): 0.396
[Build] Inserted 1400/50000 points, avg insert time (ms): 0.835
[Build] Inserted 1500/50000 points, avg insert time (ms): 0.829
[Build] Inserted 1600/50000 points, avg insert time (ms): 0.644
[Build] Inserted 1700/50000 points, avg insert time (ms): 0.112
[Build] Inserted 1800/50000 points, avg insert time (ms): 0.391
[Build] Inserted 1900/50000 points, avg insert time (ms): 0.439
[Build] Inserted 2000/50000 points, avg insert time (ms): 0.747
[Build] Inserted 2100/50000 points, avg insert time (ms): 0.625
[Build] Inserted 2200/50000 points, avg insert time (ms): 0.859
[Build] Inserted 2300/50000 points, avg insert time (ms): 0.460
[Build] Inserted 2400/50000 points, avg insert time (ms): 0.760
[Build] Inserted 2500/50000 points, avg insert time (ms): 0.968
[Build] Inserted 2600/50000 points, avg insert time (ms): 0.493
[Build] Inserted 2700/50000 points, avg insert time (ms): 0.924
[Build] Inserted 2800/50000 points, avg insert time (ms): 1.020
[Build] Inserted 2900/50000 points, avg insert time (ms): 0.973
[Build] Inserted 3000/50000 points, avg insert time (ms): 0.219
[Build] Inserted 3100/50000 points, avg insert time (ms): 0.583
[Build] Inserted 3200/50000 points, avg insert time (ms): 0.479
[Build] Inserted 3300/50000 points, avg insert time (ms): 0.272
[Build] Inserted 3400/50000 points, avg insert time (ms): 1.712
[Build] Inserted 3500/50000 points, avg insert time (ms): 0.335
[Build] Inserted 3600/50000 points, avg insert time (ms): 0.000
[Build] Inserted 3700/50000 points, avg insert time (ms): 0.621
[Build] Inserted 3800/50000 points, avg insert time (ms): 0.676
[Build] Inserted 3900/50000 points, avg insert time (ms): 0.372
[Build] Inserted 4000/50000 points, avg insert time (ms): 0.459
[Build] Inserted 4100/50000 points, avg insert time (ms): 1.121
[Build] Inserted 4200/50000 points, avg insert time (ms): 0.634
[Build] Inserted 4300/50000 points, avg insert time (ms): 0.231
[Build] Inserted 4400/50000 points, avg insert time (ms): 0.876
[Build] Inserted 4500/50000 points, avg insert time (ms): 0.114
[Build] Inserted 4600/50000 points, avg insert time (ms): 0.517
[Build] Inserted 4700/50000 points, avg insert time (ms): 0.227
[Build] Inserted 4800/50000 points, avg insert time (ms): 0.628
[Build] Inserted 4900/50000 points, avg insert time (ms): 0.378
[Build] Inserted 5000/50000 points, avg insert time (ms): 0.458
[Build] Inserted 5100/50000 points, avg insert time (ms): 0.629
[Build] Inserted 5200/50000 points, avg insert time (ms): 0.470
[Build] Inserted 5300/50000 points, avg insert time (ms): 0.772
[Build] Inserted 5400/50000 points, avg insert time (ms): 0.947
[Build] Inserted 5500/50000 points, avg insert time (ms): 0.514
[Build] Inserted 5600/50000 points, avg insert time (ms): 0.348
[Build] Inserted 5700/50000 points, avg insert time (ms): 0.268
[Build] Inserted 5800/50000 points, avg insert time (ms): 0.341
[Build] Inserted 5900/50000 points, avg insert time (ms): 0.857
[Build] Inserted 6000/50000 points, avg insert time (ms): 0.395
[Build] Inserted 6100/50000 points, avg insert time (ms): 0.212
[Build] Inserted 6200/50000 points, avg insert time (ms): 0.440
[Build] Inserted 6300/50000 points, avg insert time (ms): 0.515
[Build] Inserted 6400/50000 points, avg insert time (ms): 1.091
[Build] Inserted 6500/50000 points, avg insert time (ms): 0.518
[Build] Inserted 6600/50000 points, avg insert time (ms): 0.988
[Build] Inserted 6700/50000 points, avg insert time (ms): 0.529
[Build] Inserted 6800/50000 points, avg insert time (ms): 0.970
[Build] Inserted 6900/50000 points, avg insert time (ms): 0.118
[Build] Inserted 7000/50000 points, avg insert time (ms): 0.606
[Build] Inserted 7100/50000 points, avg insert time (ms): 0.385
[Build] Inserted 7200/50000 points, avg insert time (ms): 0.509
[Build] Inserted 7300/50000 points, avg insert time (ms): 0.455
[Build] Inserted 7400/50000 points, avg insert time (ms): 0.394
[Build] Inserted 7500/50000 points, avg insert time (ms): 0.230
[Build] Inserted 7600/50000 points, avg insert time (ms): 1.319
[Build] Inserted 7700/50000 points, avg insert time (ms): 0.633
[Build] Inserted 7800/50000 points, avg insert time (ms): 0.621
[Build] Inserted 7900/50000 points, avg insert time (ms): 0.761
[Build] Inserted 8000/50000 points, avg insert time (ms): 0.345
[Build] Inserted 8100/50000 points, avg insert time (ms): 0.264
[Build] Inserted 8200/50000 points, avg insert time (ms): 0.471
[Build] Inserted 8300/50000 points, avg insert time (ms): 1.131
[Build] Inserted 8400/50000 points, avg insert time (ms): 0.224
[Build] Inserted 8500/50000 points, avg insert time (ms): 0.736
[Build] Inserted 8600/50000 points, avg insert time (ms): 1.450
[Build] Inserted 8700/50000 points, avg insert time (ms): 0.273
[Build] Inserted 8800/50000 points, avg insert time (ms): 0.460
[Build] Inserted 8900/50000 points, avg insert time (ms): 0.340
[Build] Inserted 9000/50000 points, avg insert time (ms): 0.227
[Build] Inserted 9100/50000 points, avg insert time (ms): 0.609
[Build] Inserted 9200/50000 points, avg insert time (ms): 0.236
[Build] Inserted 9300/50000 points, avg insert time (ms): 0.520
[Build] Inserted 9400/50000 points, avg insert time (ms): 0.367
[Build] Inserted 9500/50000 points, avg insert time (ms): 0.810
[Build] Inserted 9600/50000 points, avg insert time (ms): 0.114
[Build] Inserted 9700/50000 points, avg insert time (ms): 0.740
[Build] Inserted 9800/50000 points, avg insert time (ms): 0.218
[Build] Inserted 9900/50000 points, avg insert time (ms): 0.351
[Build] Inserted 10000/50000 points, avg insert time (ms): 0.688
[Build] Inserted 10100/50000 points, avg insert time (ms): 0.497
[Build] Inserted 10200/50000 points, avg insert time (ms): 0.406
[Build] Inserted 10300/50000 points, avg insert time (ms): 0.521
[Build] Inserted 10400/50000 points, avg insert time (ms): 0.864
[Build] Inserted 10500/50000 points, avg insert time (ms): 0.680
[Build] Inserted 10600/50000 points, avg insert time (ms): 0.133
[Build] Inserted 10700/50000 points, avg insert time (ms): 0.620
[Build] Inserted 10800/50000 points, avg insert time (ms): 0.126
[Build] Inserted 10900/50000 points, avg insert time (ms): 0.558
[Build] Inserted 11000/50000 points, avg insert time (ms): 0.398
[Build] Inserted 11100/50000 points, avg insert time (ms): 0.231
[Build] Inserted 11200/50000 points, avg insert time (ms): 0.225
[Build] Inserted 11300/50000 points, avg insert time (ms): 1.020
[Build] Inserted 11400/50000 points, avg insert time (ms): 0.349
[Build] Inserted 11500/50000 points, avg insert time (ms): 0.769
[Build] Inserted 11600/50000 points, avg insert time (ms): 0.411
[Build] Inserted 11700/50000 points, avg insert time (ms): 0.576
[Build] Inserted 11800/50000 points, avg insert time (ms): 0.284
[Build] Inserted 11900/50000 points, avg insert time (ms): 0.119
[Build] Inserted 12000/50000 points, avg insert time (ms): 0.404
[Build] Inserted 12100/50000 points, avg insert time (ms): 0.353
[Build] Inserted 12200/50000 points, avg insert time (ms): 0.239
[Build] Inserted 12300/50000 points, avg insert time (ms): 0.551
[Build] Inserted 12400/50000 points, avg insert time (ms): 0.531
[Build] Inserted 12500/50000 points, avg insert time (ms): 0.869
[Build] Inserted 12600/50000 points, avg insert time (ms): 1.034
[Build] Inserted 12700/50000 points, avg insert time (ms): 0.782
[Build] Inserted 12800/50000 points, avg insert time (ms): 0.509
[Build] Inserted 12900/50000 points, avg insert time (ms): 0.693
[Build] Inserted 13000/50000 points, avg insert time (ms): 0.608
[Build] Inserted 13100/50000 points, avg insert time (ms): 0.118
[Build] Inserted 13200/50000 points, avg insert time (ms): 0.394
[Build] Inserted 13300/50000 points, avg insert time (ms): 0.471
[Build] Inserted 13400/50000 points, avg insert time (ms): 0.284
[Build] Inserted 13500/50000 points, avg insert time (ms): 0.595
[Build] Inserted 13600/50000 points, avg insert time (ms): 0.489
[Build] Inserted 13700/50000 points, avg insert time (ms): 0.654
[Build] Inserted 13800/50000 points, avg insert time (ms): 0.477
[Build] Inserted 13900/50000 points, avg insert time (ms): 0.497
[Build] Inserted 14000/50000 points, avg insert time (ms): 0.450
[Build] Inserted 14100/50000 points, avg insert time (ms): 0.001
[Build] Inserted 14200/50000 points, avg insert time (ms): 0.432
[Build] Inserted 14300/50000 points, avg insert time (ms): 1.040
[Build] Inserted 14400/50000 points, avg insert time (ms): 0.494
[Build] Inserted 14500/50000 points, avg insert time (ms): 0.679
[Build] Inserted 14600/50000 points, avg insert time (ms): 0.519
[Build] Inserted 14700/50000 points, avg insert time (ms): 0.746
[Build] Inserted 14800/50000 points, avg insert time (ms): 0.509
[Build] Inserted 14900/50000 points, avg insert time (ms): 0.380
[Build] Inserted 15000/50000 points, avg insert time (ms): 0.906
[Build] Inserted 15100/50000 points, avg insert time (ms): 1.070
[Build] Inserted 15200/50000 points, avg insert time (ms): 0.836
[Build] Inserted 15300/50000 points, avg insert time (ms): 0.254
[Build] Inserted 15400/50000 points, avg insert time (ms): 0.143
[Build] Inserted 15500/50000 points, avg insert time (ms): 1.939
[Build] Inserted 15600/50000 points, avg insert time (ms): 0.598
[Build] Inserted 15700/50000 points, avg insert time (ms): 0.391
[Build] Inserted 15800/50000 points, avg insert time (ms): 0.349
[Build] Inserted 15900/50000 points, avg insert time (ms): 0.280
[Build] Inserted 16000/50000 points, avg insert time (ms): 0.226
[Build] Inserted 16100/50000 points, avg insert time (ms): 0.735
[Build] Inserted 16200/50000 points, avg insert time (ms): 0.857
[Build] Inserted 16300/50000 points, avg insert time (ms): 0.624
[Build] Inserted 16400/50000 points, avg insert time (ms): 0.755
[Build] Inserted 16500/50000 points, avg insert time (ms): 0.272
[Build] Inserted 16600/50000 points, avg insert time (ms): 0.364
[Build] Inserted 16700/50000 points, avg insert time (ms): 0.488
[Build] Inserted 16800/50000 points, avg insert time (ms): 1.240
[Build] Inserted 16900/50000 points, avg insert time (ms): 0.269
[Build] Inserted 17000/50000 points, avg insert time (ms): 0.980
[Build] Inserted 17100/50000 points, avg insert time (ms): 0.636
[Build] Inserted 17200/50000 points, avg insert time (ms): 0.630
[Build] Inserted 17300/50000 points, avg insert time (ms): 0.739
[Build] Inserted 17400/50000 points, avg insert time (ms): 0.532
[Build] Inserted 17500/50000 points, avg insert time (ms): 0.474
[Build] Inserted 17600/50000 points, avg insert time (ms): 1.079
[Build] Inserted 17700/50000 points, avg insert time (ms): 0.614
[Build] Inserted 17800/50000 points, avg insert time (ms): 0.514
[Build] Inserted 17900/50000 points, avg insert time (ms): 0.468
[Build] Inserted 18000/50000 points, avg insert time (ms): 0.293
[Build] Inserted 18100/50000 points, avg insert time (ms): 0.342
[Build] Inserted 18200/50000 points, avg insert time (ms): 0.267
[Build] Inserted 18300/50000 points, avg insert time (ms): 0.230
[Build] Inserted 18400/50000 points, avg insert time (ms): 0.880
[Build] Inserted 18500/50000 points, avg insert time (ms): 0.153
[Build] Inserted 18600/50000 points, avg insert time (ms): 0.667
[Build] Inserted 18700/50000 points, avg insert time (ms): 0.244
[Build] Inserted 18800/50000 points, avg insert time (ms): 0.235
[Build] Inserted 18900/50000 points, avg insert time (ms): 0.769
[Build] Inserted 19000/50000 points, avg insert time (ms): 0.635
[Build] Inserted 19100/50000 points, avg insert time (ms): 0.644
[Build] Inserted 19200/50000 points, avg insert time (ms): 0.353
[Build] Inserted 19300/50000 points, avg insert time (ms): 0.001
[Build] Inserted 19400/50000 points, avg insert time (ms): 0.281
[Build] Inserted 19500/50000 points, avg insert time (ms): 0.745
[Build] Inserted 19600/50000 points, avg insert time (ms): 0.354
[Build] Inserted 19700/50000 points, avg insert time (ms): 0.644
[Build] Inserted 19800/50000 points, avg insert time (ms): 0.331
[Build] Inserted 19900/50000 points, avg insert time (ms): 0.401
[Build] Inserted 20000/50000 points, avg insert time (ms): 0.336
[Build] Inserted 20100/50000 points, avg insert time (ms): 0.387
[Build] Inserted 20200/50000 points, avg insert time (ms): 0.579
[Build] Inserted 20300/50000 points, avg insert time (ms): 0.484
[Build] Inserted 20400/50000 points, avg insert time (ms): 0.119
[Build] Inserted 20500/50000 points, avg insert time (ms): 0.511
[Build] Inserted 20600/50000 points, avg insert time (ms): 1.226
[Build] Inserted 20700/50000 points, avg insert time (ms): 0.269
[Build] Inserted 20800/50000 points, avg insert time (ms): 0.496
[Build] Inserted 20900/50000 points, avg insert time (ms): 0.616
[Build] Inserted 21000/50000 points, avg insert time (ms): 0.744
[Build] Inserted 21100/50000 points, avg insert time (ms): 0.234
[Build] Inserted 21200/50000 points, avg insert time (ms): 0.701
[Build] Inserted 21300/50000 points, avg insert time (ms): 0.719
[Build] Inserted 21400/50000 points, avg insert time (ms): 0.469
[Build] Inserted 21500/50000 points, avg insert time (ms): 0.687
[Build] Inserted 21600/50000 points, avg insert time (ms): 0.398
[Build] Inserted 21700/50000 points, avg insert time (ms): 0.346
[Build] Inserted 21800/50000 points, avg insert time (ms): 0.644
[Build] Inserted 21900/50000 points, avg insert time (ms): 0.267
[Build] Inserted 22000/50000 points, avg insert time (ms): 0.760
[Build] Inserted 22100/50000 points, avg insert time (ms): 0.472
[Build] Inserted 22200/50000 points, avg insert time (ms): 0.401
[Build] Inserted 22300/50000 points, avg insert time (ms): 0.444
[Build] Inserted 22400/50000 points, avg insert time (ms): 0.506
[Build] Inserted 22500/50000 points, avg insert time (ms): 0.486
[Build] Inserted 22600/50000 points, avg insert time (ms): 0.593
[Build] Inserted 22700/50000 points, avg insert time (ms): 0.369
[Build] Inserted 22800/50000 points, avg insert time (ms): 0.488
[Build] Inserted 22900/50000 points, avg insert time (ms): 0.751
[Build] Inserted 23000/50000 points, avg insert time (ms): 1.545
[Build] Inserted 23100/50000 points, avg insert time (ms): 0.556
[Build] Inserted 23200/50000 points, avg insert time (ms): 0.234
[Build] Inserted 23300/50000 points, avg insert time (ms): 0.400
[Build] Inserted 23400/50000 points, avg insert time (ms): 0.834
[Build] Inserted 23500/50000 points, avg insert time (ms): 0.576
[Build] Inserted 23600/50000 points, avg insert time (ms): 0.651
[Build] Inserted 23700/50000 points, avg insert time (ms): 0.001
[Build] Inserted 23800/50000 points, avg insert time (ms): 0.249
[Build] Inserted 23900/50000 points, avg insert time (ms): 0.372
[Build] Inserted 24000/50000 points, avg insert time (ms): 0.628
[Build] Inserted 24100/50000 points, avg insert time (ms): 1.014
[Build] Inserted 24200/50000 points, avg insert time (ms): 0.622
[Build] Inserted 24300/50000 points, avg insert time (ms): 0.358
[Build] Inserted 24400/50000 points, avg insert time (ms): 0.407
[Build] Inserted 24500/50000 points, avg insert time (ms): 0.477
[Build] Inserted 24600/50000 points, avg insert time (ms): 0.405
[Build] Inserted 24700/50000 points, avg insert time (ms): 0.113
[Build] Inserted 24800/50000 points, avg insert time (ms): 0.266
[Build] Inserted 24900/50000 points, avg insert time (ms): 0.254
[Build] Inserted 25000/50000 points, avg insert time (ms): 0.873
[Build] Inserted 25100/50000 points, avg insert time (ms): 0.487
[Build] Inserted 25200/50000 points, avg insert time (ms): 0.489
[Build] Inserted 25300/50000 points, avg insert time (ms): 0.732
[Build] Inserted 25400/50000 points, avg insert time (ms): 0.259
[Build] Inserted 25500/50000 points, avg insert time (ms): 0.749
[Build] Inserted 25600/50000 points, avg insert time (ms): 0.376
[Build] Inserted 25700/50000 points, avg insert time (ms): 0.403
[Build] Inserted 25800/50000 points, avg insert time (ms): 0.448
[Build] Inserted 25900/50000 points, avg insert time (ms): 0.525
[Build] Inserted 26000/50000 points, avg insert time (ms): 0.629
[Build] Inserted 26100/50000 points, avg insert time (ms): 0.499
[Build] Inserted 26200/50000 points, avg insert time (ms): 0.137
[Build] Inserted 26300/50000 points, avg insert time (ms): 0.496
[Build] Inserted 26400/50000 points, avg insert time (ms): 0.263
[Build] Inserted 26500/50000 points, avg insert time (ms): 1.040
[Build] Inserted 26600/50000 points, avg insert time (ms): 0.490
[Build] Inserted 26700/50000 points, avg insert time (ms): 0.632
[Build] Inserted 26800/50000 points, avg insert time (ms): 0.288
[Build] Inserted 26900/50000 points, avg insert time (ms): 0.253
[Build] Inserted 27000/50000 points, avg insert time (ms): 0.508
[Build] Inserted 27100/50000 points, avg insert time (ms): 0.528
[Build] Inserted 27200/50000 points, avg insert time (ms): 0.241
[Build] Inserted 27300/50000 points, avg insert time (ms): 0.559
[Build] Inserted 27400/50000 points, avg insert time (ms): 0.537
[Build] Inserted 27500/50000 points, avg insert time (ms): 0.478
[Build] Inserted 27600/50000 points, avg insert time (ms): 0.284
[Build] Inserted 27700/50000 points, avg insert time (ms): 0.354
[Build] Inserted 27800/50000 points, avg insert time (ms): 0.285
[Build] Inserted 27900/50000 points, avg insert time (ms): 0.347
[Build] Inserted 28000/50000 points, avg insert time (ms): 0.109
[Build] Inserted 28100/50000 points, avg insert time (ms): 0.769
[Build] Inserted 28200/50000 points, avg insert time (ms): 0.111
[Build] Inserted 28300/50000 points, avg insert time (ms): 0.293
[Build] Inserted 28400/50000 points, avg insert time (ms): 0.753
[Build] Inserted 28500/50000 points, avg insert time (ms): 0.117
[Build] Inserted 28600/50000 points, avg insert time (ms): 0.763
[Build] Inserted 28700/50000 points, avg insert time (ms): 0.463
[Build] Inserted 28800/50000 points, avg insert time (ms): 0.267
[Build] Inserted 28900/50000 points, avg insert time (ms): 0.960
[Build] Inserted 29000/50000 points, avg insert time (ms): 0.276
[Build] Inserted 29100/50000 points, avg insert time (ms): 0.492
[Build] Inserted 29200/50000 points, avg insert time (ms): 0.754
[Build] Inserted 29300/50000 points, avg insert time (ms): 0.363
[Build] Inserted 29400/50000 points, avg insert time (ms): 0.155
[Build] Inserted 29500/50000 points, avg insert time (ms): 0.459
[Build] Inserted 29600/50000 points, avg insert time (ms): 0.627
[Build] Inserted 29700/50000 points, avg insert time (ms): 0.001
[Build] Inserted 29800/50000 points, avg insert time (ms): 0.521
[Build] Inserted 29900/50000 points, avg insert time (ms): 0.001
[Build] Inserted 30000/50000 points, avg insert time (ms): 0.477
[Build] Inserted 30100/50000 points, avg insert time (ms): 0.404
[Build] Inserted 30200/50000 points, avg insert time (ms): 0.385
[Build] Inserted 30300/50000 points, avg insert time (ms): 0.524
[Build] Inserted 30400/50000 points, avg insert time (ms): 0.365
[Build] Inserted 30500/50000 points, avg insert time (ms): 0.287
[Build] Inserted 30600/50000 points, avg insert time (ms): 0.552
[Build] Inserted 30700/50000 points, avg insert time (ms): 0.667
[Build] Inserted 30800/50000 points, avg insert time (ms): 0.254
[Build] Inserted 30900/50000 points, avg insert time (ms): 0.738
[Build] Inserted 31000/50000 points, avg insert time (ms): 0.645
[Build] Inserted 31100/50000 points, avg insert time (ms): 0.236
[Build] Inserted 31200/50000 points, avg insert time (ms): 0.174
[Build] Inserted 31300/50000 points, avg insert time (ms): 0.328
[Build] Inserted 31400/50000 points, avg insert time (ms): 0.639
[Build] Inserted 31500/50000 points, avg insert time (ms): 0.232
[Build] Inserted 31600/50000 points, avg insert time (ms): 0.510
[Build] Inserted 31700/50000 points, avg insert time (ms): 0.475
[Build] Inserted 31800/50000 points, avg insert time (ms): 0.560
[Build] Inserted 31900/50000 points, avg insert time (ms): 0.765
[Build] Inserted 32000/50000 points, avg insert time (ms): 0.244
[Build] Inserted 32100/50000 points, avg insert time (ms): 0.520
[Build] Inserted 32200/50000 points, avg insert time (ms): 0.680
[Build] Inserted 32300/50000 points, avg insert time (ms): 0.562
[Build] Inserted 32400/50000 points, avg insert time (ms): 0.634
[Build] Inserted 32500/50000 points, avg insert time (ms): 0.120
[Build] Inserted 32600/50000 points, avg insert time (ms): 0.266
[Build] Inserted 32700/50000 points, avg insert time (ms): 0.767
[Build] Inserted 32800/50000 points, avg insert time (ms): 0.368
[Build] Inserted 32900/50000 points, avg insert time (ms): 0.673
[Build] Inserted 33000/50000 points, avg insert time (ms): 0.123
[Build] Inserted 33100/50000 points, avg insert time (ms): 0.796
[Build] Inserted 33200/50000 points, avg insert time (ms): 0.522
[Build] Inserted 33300/50000 points, avg insert time (ms): 0.233
[Build] Inserted 33400/50000 points, avg insert time (ms): 0.301
[Build] Inserted 33500/50000 points, avg insert time (ms): 0.474
[Build] Inserted 33600/50000 points, avg insert time (ms): 0.270
[Build] Inserted 33700/50000 points, avg insert time (ms): 0.762
[Build] Inserted 33800/50000 points, avg insert time (ms): 0.765
[Build] Inserted 33900/50000 points, avg insert time (ms): 0.645
[Build] Inserted 34000/50000 points, avg insert time (ms): 0.226
[Build] Inserted 34100/50000 points, avg insert time (ms): 0.124
[Build] Inserted 34200/50000 points, avg insert time (ms): 0.647
[Build] Inserted 34300/50000 points, avg insert time (ms): 0.390
[Build] Inserted 34400/50000 points, avg insert time (ms): 0.631
[Build] Inserted 34500/50000 points, avg insert time (ms): 0.408
[Build] Inserted 34600/50000 points, avg insert time (ms): 0.356
[Build] Inserted 34700/50000 points, avg insert time (ms): 0.523
[Build] Inserted 34800/50000 points, avg insert time (ms): 0.231
[Build] Inserted 34900/50000 points, avg insert time (ms): 0.796
[Build] Inserted 35000/50000 points, avg insert time (ms): 0.728
[Build] Inserted 35100/50000 points, avg insert time (ms): 0.464
[Build] Inserted 35200/50000 points, avg insert time (ms): 0.750
[Build] Inserted 35300/50000 points, avg insert time (ms): 0.514
[Build] Inserted 35400/50000 points, avg insert time (ms): 0.229
[Build] Inserted 35500/50000 points, avg insert time (ms): 0.510
[Build] Inserted 35600/50000 points, avg insert time (ms): 1.771
[Build] Inserted 35700/50000 points, avg insert time (ms): 0.485
[Build] Inserted 35800/50000 points, avg insert time (ms): 0.230
[Build] Inserted 35900/50000 points, avg insert time (ms): 0.623
[Build] Inserted 36000/50000 points, avg insert time (ms): 0.396
[Build] Inserted 36100/50000 points, avg insert time (ms): 0.508
[Build] Inserted 36200/50000 points, avg insert time (ms): 0.464
[Build] Inserted 36300/50000 points, avg insert time (ms): 0.514
[Build] Inserted 36400/50000 points, avg insert time (ms): 0.236
[Build] Inserted 36500/50000 points, avg insert time (ms): 0.234
[Build] Inserted 36600/50000 points, avg insert time (ms): 0.143
[Build] Inserted 36700/50000 points, avg insert time (ms): 0.892
[Build] Inserted 36800/50000 points, avg insert time (ms): 0.539
[Build] Inserted 36900/50000 points, avg insert time (ms): 0.236
[Build] Inserted 37000/50000 points, avg insert time (ms): 0.574
[Build] Inserted 37100/50000 points, avg insert time (ms): 0.390
[Build] Inserted 37200/50000 points, avg insert time (ms): 0.768
[Build] Inserted 37300/50000 points, avg insert time (ms): 0.375
[Build] Inserted 37400/50000 points, avg insert time (ms): 0.001
[Build] Inserted 37500/50000 points, avg insert time (ms): 0.645
[Build] Inserted 37600/50000 points, avg insert time (ms): 0.245
[Build] Inserted 37700/50000 points, avg insert time (ms): 0.563
[Build] Inserted 37800/50000 points, avg insert time (ms): 0.359
[Build] Inserted 37900/50000 points, avg insert time (ms): 0.391
[Build] Inserted 38000/50000 points, avg insert time (ms): 0.381
[Build] Inserted 38100/50000 points, avg insert time (ms): 0.220
[Build] Inserted 38200/50000 points, avg insert time (ms): 0.527
[Build] Inserted 38300/50000 points, avg insert time (ms): 0.857
[Build] Inserted 38400/50000 points, avg insert time (ms): 0.340
[Build] Inserted 38500/50000 points, avg insert time (ms): 0.400
[Build] Inserted 38600/50000 points, avg insert time (ms): 0.226
[Build] Inserted 38700/50000 points, avg insert time (ms): 0.403
[Build] Inserted 38800/50000 points, avg insert time (ms): 0.981
[Build] Inserted 38900/50000 points, avg insert time (ms): 0.229
[Build] Inserted 39000/50000 points, avg insert time (ms): 0.296
[Build] Inserted 39100/50000 points, avg insert time (ms): 0.453
[Build] Inserted 39200/50000 points, avg insert time (ms): 0.230
[Build] Inserted 39300/50000 points, avg insert time (ms): 0.313
[Build] Inserted 39400/50000 points, avg insert time (ms): 0.356
[Build] Inserted 39500/50000 points, avg insert time (ms): 0.253
[Build] Inserted 39600/50000 points, avg insert time (ms): 0.356
[Build] Inserted 39700/50000 points, avg insert time (ms): 0.242
[Build] Inserted 39800/50000 points, avg insert time (ms): 0.268
[Build] Inserted 39900/50000 points, avg insert time (ms): 0.460
[Build] Inserted 40000/50000 points, avg insert time (ms): 0.392
[Build] Inserted 40100/50000 points, avg insert time (ms): 0.752
[Build] Inserted 40200/50000 points, avg insert time (ms): 0.852
[Build] Inserted 40300/50000 points, avg insert time (ms): 0.635
[Build] Inserted 40400/50000 points, avg insert time (ms): 0.505
[Build] Inserted 40500/50000 points, avg insert time (ms): 0.582
[Build] Inserted 40600/50000 points, avg insert time (ms): 0.258
[Build] Inserted 40700/50000 points, avg insert time (ms): 0.329
[Build] Inserted 40800/50000 points, avg insert time (ms): 0.550
[Build] Inserted 40900/50000 points, avg insert time (ms): 0.719
[Build] Inserted 41000/50000 points, avg insert time (ms): 0.333
[Build] Inserted 41100/50000 points, avg insert time (ms): 0.479
[Build] Inserted 41200/50000 points, avg insert time (ms): 0.550
[Build] Inserted 41300/50000 points, avg insert time (ms): 0.278
[Build] Inserted 41400/50000 points, avg insert time (ms): 0.001
[Build] Inserted 41500/50000 points, avg insert time (ms): 0.472
[Build] Inserted 41600/50000 points, avg insert time (ms): 0.495
[Build] Inserted 41700/50000 points, avg insert time (ms): 0.143
[Build] Inserted 41800/50000 points, avg insert time (ms): 0.394
[Build] Inserted 41900/50000 points, avg insert time (ms): 0.478
[Build] Inserted 42000/50000 points, avg insert time (ms): 0.274
[Build] Inserted 42100/50000 points, avg insert time (ms): 0.355
[Build] Inserted 42200/50000 points, avg insert time (ms): 0.533
[Build] Inserted 42300/50000 points, avg insert time (ms): 1.061
[Build] Inserted 42400/50000 points, avg insert time (ms): 0.727
[Build] Inserted 42500/50000 points, avg insert time (ms): 0.647
[Build] Inserted 42600/50000 points, avg insert time (ms): 0.862
[Build] Inserted 42700/50000 points, avg insert time (ms): 0.751
[Build] Inserted 42800/50000 points, avg insert time (ms): 0.385
[Build] Inserted 42900/50000 points, avg insert time (ms): 0.363
[Build] Inserted 43000/50000 points, avg insert time (ms): 0.403
[Build] Inserted 43100/50000 points, avg insert time (ms): 0.592
[Build] Inserted 43200/50000 points, avg insert time (ms): 0.265
[Build] Inserted 43300/50000 points, avg insert time (ms): 0.753
[Build] Inserted 43400/50000 points, avg insert time (ms): 0.343
[Build] Inserted 43500/50000 points, avg insert time (ms): 0.119
[Build] Inserted 43600/50000 points, avg insert time (ms): 0.309
[Build] Inserted 43700/50000 points, avg insert time (ms): 0.480
[Build] Inserted 43800/50000 points, avg insert time (ms): 0.468
[Build] Inserted 43900/50000 points, avg insert time (ms): 0.376
[Build] Inserted 44000/50000 points, avg insert time (ms): 0.373
[Build] Inserted 44100/50000 points, avg insert time (ms): 0.511
[Build] Inserted 44200/50000 points, avg insert time (ms): 0.475
[Build] Inserted 44300/50000 points, avg insert time (ms): 1.046
[Build] Inserted 44400/50000 points, avg insert time (ms): 0.778
[Build] Inserted 44500/50000 points, avg insert time (ms): 0.617
[Build] Inserted 44600/50000 points, avg insert time (ms): 1.837
[Build] Inserted 44700/50000 points, avg insert time (ms): 1.046
[Build] Inserted 44800/50000 points, avg insert time (ms): 0.482
[Build] Inserted 44900/50000 points, avg insert time (ms): 0.294
[Build] Inserted 45000/50000 points, avg insert time (ms): 0.480
[Build] Inserted 45100/50000 points, avg insert time (ms): 0.535
[Build] Inserted 45200/50000 points, avg insert time (ms): 0.246
[Build] Inserted 45300/50000 points, avg insert time (ms): 0.357
[Build] Inserted 45400/50000 points, avg insert time (ms): 0.141
[Build] Inserted 45500/50000 points, avg insert time (ms): 0.658
[Build] Inserted 45600/50000 points, avg insert time (ms): 0.342
[Build] Inserted 45700/50000 points, avg insert time (ms): 0.276
[Build] Inserted 45800/50000 points, avg insert time (ms): 0.587
[Build] Inserted 45900/50000 points, avg insert time (ms): 0.232
[Build] Inserted 46000/50000 points, avg insert time (ms): 0.122
[Build] Inserted 46100/50000 points, avg insert time (ms): 0.378
[Build] Inserted 46200/50000 points, avg insert time (ms): 0.237
[Build] Inserted 46300/50000 points, avg insert time (ms): 0.223
[Build] Inserted 46400/50000 points, avg insert time (ms): 0.609
[Build] Inserted 46500/50000 points, avg insert time (ms): 0.688
[Build] Inserted 46600/50000 points, avg insert time (ms): 0.639
[Build] Inserted 46700/50000 points, avg insert time (ms): 0.747
[Build] Inserted 46800/50000 points, avg insert time (ms): 0.636
[Build] Inserted 46900/50000 points, avg insert time (ms): 0.122
[Build] Inserted 47000/50000 points, avg insert time (ms): 0.749
[Build] Inserted 47100/50000 points, avg insert time (ms): 0.755
[Build] Inserted 47200/50000 points, avg insert time (ms): 0.472
[Build] Inserted 47300/50000 points, avg insert time (ms): 0.156
[Build] Inserted 47400/50000 points, avg insert time (ms): 0.577
[Build] Inserted 47500/50000 points, avg insert time (ms): 0.384
[Build] Inserted 47600/50000 points, avg insert time (ms): 0.631
[Build] Inserted 47700/50000 points, avg insert time (ms): 0.342
[Build] Inserted 47800/50000 points, avg insert time (ms): 0.633
[Build] Inserted 47900/50000 points, avg insert time (ms): 0.842
[Build] Inserted 48000/50000 points, avg insert time (ms): 0.574
[Build] Inserted 48100/50000 points, avg insert time (ms): 0.347
[Build] Inserted 48200/50000 points, avg insert time (ms): 0.502
[Build] Inserted 48300/50000 points, avg insert time (ms): 0.323
[Build] Inserted 48400/50000 points, avg insert time (ms): 0.441
[Build] Inserted 48500/50000 points, avg insert time (ms): 0.257
[Build] Inserted 48600/50000 points, avg insert time (ms): 0.916
[Build] Inserted 48700/50000 points, avg insert time (ms): 0.373
[Build] Inserted 48800/50000 points, avg insert time (ms): 0.446
[Build] Inserted 48900/50000 points, avg insert time (ms): 0.663
[Build] Inserted 49000/50000 points, avg insert time (ms): 0.629
[Build] Inserted 49100/50000 points, avg insert time (ms): 0.781
[Build] Inserted 49200/50000 points, avg insert time (ms): 0.667
[Build] Inserted 49300/50000 points, avg insert time (ms): 0.119
[Build] Inserted 49400/50000 points, avg insert time (ms): 0.307
[Build] Inserted 49500/50000 points, avg insert time (ms): 0.370
[Build] Inserted 49600/50000 points, avg insert time (ms): 0.652
[Build] Inserted 49700/50000 points, avg insert time (ms): 0.123
[Build] Inserted 49800/50000 points, avg insert time (ms): 0.692
[Build] Inserted 49900/50000 points, avg insert time (ms): 0.592
[Build] Inserted 50000/50000 points, avg insert time (ms): 0.001
[Timing] Total insertion time: 25.63 s
[Build] Starting queries...
[Query] Processed 100/5000 queries, avg query time (ms): 19.836
[Query] Processed 200/5000 queries, avg query time (ms): 21.545
[Query] Processed 300/5000 queries, avg query time (ms): 23.355
[Query] Processed 400/5000 queries, avg query time (ms): 20.985
[Query] Processed 500/5000 queries, avg query time (ms): 20.459
[Query] Processed 600/5000 queries, avg query time (ms): 21.029
[Query] Processed 700/5000 queries, avg query time (ms): 19.179
[Query] Processed 800/5000 queries, avg query time (ms): 21.364
[Query] Processed 900/5000 queries, avg query time (ms): 19.943
[Query] Processed 1000/5000 queries, avg query time (ms): 20.168
[Query] Processed 1100/5000 queries, avg query time (ms): 19.588
[Query] Processed 1200/5000 queries, avg query time (ms): 19.210
[Query] Processed 1300/5000 queries, avg query time (ms): 20.430
[Query] Processed 1400/5000 queries, avg query time (ms): 23.259
[Query] Processed 1500/5000 queries, avg query time (ms): 20.312
[Query] Processed 1600/5000 queries, avg query time (ms): 21.149
[Query] Processed 1700/5000 queries, avg query time (ms): 18.458
[Query] Processed 1800/5000 queries, avg query time (ms): 18.287
[Query] Processed 1900/5000 queries, avg query time (ms): 19.316
[Query] Processed 2000/5000 queries, avg query time (ms): 17.192
[Query] Processed 2100/5000 queries, avg query time (ms): 19.322
[Query] Processed 2200/5000 queries, avg query time (ms): 21.129
[Query] Processed 2300/5000 queries, avg query time (ms): 21.700
[Query] Processed 2400/5000 queries, avg query time (ms): 18.277
[Query] Processed 2500/5000 queries, avg query time (ms): 20.034
[Query] Processed 2600/5000 queries, avg query time (ms): 19.815
[Query] Processed 2700/5000 queries, avg query time (ms): 20.469
[Query] Processed 2800/5000 queries, avg query time (ms): 21.411
[Query] Processed 2900/5000 queries, avg query time (ms): 22.756
[Query] Processed 3000/5000 queries, avg query time (ms): 18.926
[Query] Processed 3100/5000 queries, avg query time (ms): 19.303
[Query] Processed 3200/5000 queries, avg query time (ms): 20.366
[Query] Processed 3300/5000 queries, avg query time (ms): 19.166
[Query] Processed 3400/5000 queries, avg query time (ms): 21.345
[Query] Processed 3500/5000 queries, avg query time (ms): 22.408
[Query] Processed 3600/5000 queries, avg query time (ms): 23.782
[Query] Processed 3700/5000 queries, avg query time (ms): 17.401
[Query] Processed 3800/5000 queries, avg query time (ms): 21.214
[Query] Processed 3900/5000 queries, avg query time (ms): 20.716
[Query] Processed 4000/5000 queries, avg query time (ms): 20.212
[Query] Processed 4100/5000 queries, avg query time (ms): 18.728
[Query] Processed 4200/5000 queries, avg query time (ms): 20.849
[Query] Processed 4300/5000 queries, avg query time (ms): 19.882
[Query] Processed 4400/5000 queries, avg query time (ms): 20.010
[Query] Processed 4500/5000 queries, avg query time (ms): 20.243
[Query] Processed 4600/5000 queries, avg query time (ms): 20.970
[Query] Processed 4700/5000 queries, avg query time (ms): 18.266
[Query] Processed 4800/5000 queries, avg query time (ms): 20.058
[Query] Processed 4900/5000 queries, avg query time (ms): 20.404
[Query] Processed 5000/5000 queries, avg query time (ms): 19.394
[Timing] Total query time: 101.44 s
[Eval] Computing ground truth top-K...
[Timing] Ground truth (FAISS): 6.28 s (1.255 ms/query)
[Timing] Ground truth computation: 7.18 s
[Eval] Computing recall metrics...
[Timing] Recall evaluation: 79.72 s
[Eval] Computing (c,r)-ANN accuracy...
[Timing] FAISS r* computation: 5.20 s (1.041 ms/query)
[CR-ANN] 100/5000 processed, avg time (ann.query): 26.897 ms
[CR-ANN] 200/5000 processed, avg time (ann.query): 28.726 ms
[CR-ANN] 300/5000 processed, avg time (ann.query): 27.331 ms
[CR-ANN] 400/5000 processed, avg time (ann.query): 28.763 ms
[CR-ANN] 500/5000 processed, avg time (ann.query): 32.392 ms
[CR-ANN] 600/5000 processed, avg time (ann.query): 27.014 ms
[CR-ANN] 700/5000 processed, avg time (ann.query): 33.160 ms
[CR-ANN] 800/5000 processed, avg time (ann.query): 25.004 ms
[CR-ANN] 900/5000 processed, avg time (ann.query): 25.793 ms
[CR-ANN] 1000/5000 processed, avg time (ann.query): 27.155 ms
[CR-ANN] 1100/5000 processed, avg time (ann.query): 38.323 ms
[CR-ANN] 1200/5000 processed, avg time (ann.query): 29.321 ms
[CR-ANN] 1300/5000 processed, avg time (ann.query): 26.712 ms
[CR-ANN] 1400/5000 processed, avg time (ann.query): 25.952 ms
[CR-ANN] 1500/5000 processed, avg time (ann.query): 29.029 ms
[CR-ANN] 1600/5000 processed, avg time (ann.query): 30.379 ms
[CR-ANN] 1700/5000 processed, avg time (ann.query): 29.778 ms
[CR-ANN] 1800/5000 processed, avg time (ann.query): 26.339 ms
[CR-ANN] 1900/5000 processed, avg time (ann.query): 29.166 ms
[CR-ANN] 2000/5000 processed, avg time (ann.query): 36.518 ms
[CR-ANN] 2100/5000 processed, avg time (ann.query): 27.566 ms
[CR-ANN] 2200/5000 processed, avg time (ann.query): 30.430 ms
[CR-ANN] 2300/5000 processed, avg time (ann.query): 26.607 ms
[CR-ANN] 2400/5000 processed, avg time (ann.query): 26.399 ms
[CR-ANN] 2500/5000 processed, avg time (ann.query): 30.300 ms
[CR-ANN] 2600/5000 processed, avg time (ann.query): 32.072 ms
[CR-ANN] 2700/5000 processed, avg time (ann.query): 30.727 ms
[CR-ANN] 2800/5000 processed, avg time (ann.query): 28.299 ms
[CR-ANN] 2900/5000 processed, avg time (ann.query): 27.487 ms
[CR-ANN] 3000/5000 processed, avg time (ann.query): 27.046 ms
[CR-ANN] 3100/5000 processed, avg time (ann.query): 28.847 ms
[CR-ANN] 3200/5000 processed, avg time (ann.query): 32.272 ms
[CR-ANN] 3300/5000 processed, avg time (ann.query): 28.997 ms
[CR-ANN] 3400/5000 processed, avg time (ann.query): 35.465 ms
[CR-ANN] 3500/5000 processed, avg time (ann.query): 29.070 ms
[CR-ANN] 3600/5000 processed, avg time (ann.query): 27.447 ms
[CR-ANN] 3700/5000 processed, avg time (ann.query): 28.746 ms
[CR-ANN] 3800/5000 processed, avg time (ann.query): 29.919 ms
[CR-ANN] 3900/5000 processed, avg time (ann.query): 28.480 ms
[CR-ANN] 4000/5000 processed, avg time (ann.query): 25.370 ms
[CR-ANN] 4100/5000 processed, avg time (ann.query): 31.912 ms
[CR-ANN] 4200/5000 processed, avg time (ann.query): 26.113 ms
[CR-ANN] 4300/5000 processed, avg time (ann.query): 27.206 ms
[CR-ANN] 4400/5000 processed, avg time (ann.query): 25.249 ms
[CR-ANN] 4500/5000 processed, avg time (ann.query): 26.269 ms
[CR-ANN] 4600/5000 processed, avg time (ann.query): 26.988 ms
[CR-ANN] 4700/5000 processed, avg time (ann.query): 26.184 ms
[CR-ANN] 4800/5000 processed, avg time (ann.query): 24.582 ms
[CR-ANN] 4900/5000 processed, avg time (ann.query): 25.374 ms
[CR-ANN] 5000/5000 processed, avg time (ann.query): 31.150 ms
[Timing] (c,r)-ANN eval: 143.71 s (28.742 ms/query)
[Sanity Check] Total Relevant = 4464
[Timing] (c,r)-ANN evaluation: 149.11 s
[Result] Memory breakdown (MB): {'hash_functions_MB': 47.92058563232422, 'bucket_ids_MB': 5.1518402099609375, 'num_ids': 1350524, 'num_buckets': 607066, 'hash_tables_overhead_MB': 50.94700622558594, 'total_MB': 104.0194320678711}
[Result] Epsilon-recall: 0.9607
[Result] (c,r)-ANN accuracy: 0.9991

[Timing Summary]
  Insert phase: 25.63 s
  Query phase: 101.44 s
  Ground truth: 7.18 s
  Recall eval: 79.72 s
  (c,r)-ANN eval: 149.11 s
  Total time: 363.07 s
[SUMMARY] r=0.5, eps=0.6, eta=0.3, recall=0.9607, (c,r)-ANN accuracy=0.9991039426523297, memory=104.0194320678711
