[Init] Inputs : eta=0.30, epsilon=0.70, r=0.50
[Init] LSH Parameters : w=1.700, p1=0.7654, p2=0.6095, rho=0.5401
[Init] Data Structure Parameters : k=22, L=451, key_bits=704, mode=speed
[Build] Starting insertion...
[Build] Inserted 100/50000 points, avg insert time (ms): 0.213
[Build] Inserted 200/50000 points, avg insert time (ms): 0.245
[Build] Inserted 300/50000 points, avg insert time (ms): 0.271
[Build] Inserted 400/50000 points, avg insert time (ms): 0.224
[Build] Inserted 500/50000 points, avg insert time (ms): 0.236
[Build] Inserted 600/50000 points, avg insert time (ms): 0.520
[Build] Inserted 700/50000 points, avg insert time (ms): 0.210
[Build] Inserted 800/50000 points, avg insert time (ms): 0.289
[Build] Inserted 900/50000 points, avg insert time (ms): 0.591
[Build] Inserted 1000/50000 points, avg insert time (ms): 0.324
[Build] Inserted 1100/50000 points, avg insert time (ms): 0.501
[Build] Inserted 1200/50000 points, avg insert time (ms): 0.168
[Build] Inserted 1300/50000 points, avg insert time (ms): 0.443
[Build] Inserted 1400/50000 points, avg insert time (ms): 0.310
[Build] Inserted 1500/50000 points, avg insert time (ms): 0.141
[Build] Inserted 1600/50000 points, avg insert time (ms): 0.294
[Build] Inserted 1700/50000 points, avg insert time (ms): 0.531
[Build] Inserted 1800/50000 points, avg insert time (ms): 0.352
[Build] Inserted 1900/50000 points, avg insert time (ms): 0.837
[Build] Inserted 2000/50000 points, avg insert time (ms): 0.148
[Build] Inserted 2100/50000 points, avg insert time (ms): 0.147
[Build] Inserted 2200/50000 points, avg insert time (ms): 0.256
[Build] Inserted 2300/50000 points, avg insert time (ms): 0.288
[Build] Inserted 2400/50000 points, avg insert time (ms): 0.085
[Build] Inserted 2500/50000 points, avg insert time (ms): 0.588
[Build] Inserted 2600/50000 points, avg insert time (ms): 0.075
[Build] Inserted 2700/50000 points, avg insert time (ms): 0.329
[Build] Inserted 2800/50000 points, avg insert time (ms): 0.233
[Build] Inserted 2900/50000 points, avg insert time (ms): 0.283
[Build] Inserted 3000/50000 points, avg insert time (ms): 0.085
[Build] Inserted 3100/50000 points, avg insert time (ms): 0.097
[Build] Inserted 3200/50000 points, avg insert time (ms): 0.356
[Build] Inserted 3300/50000 points, avg insert time (ms): 0.148
[Build] Inserted 3400/50000 points, avg insert time (ms): 0.164
[Build] Inserted 3500/50000 points, avg insert time (ms): 0.355
[Build] Inserted 3600/50000 points, avg insert time (ms): 0.309
[Build] Inserted 3700/50000 points, avg insert time (ms): 0.372
[Build] Inserted 3800/50000 points, avg insert time (ms): 0.593
[Build] Inserted 3900/50000 points, avg insert time (ms): 0.269
[Build] Inserted 4000/50000 points, avg insert time (ms): 0.141
[Build] Inserted 4100/50000 points, avg insert time (ms): 0.468
[Build] Inserted 4200/50000 points, avg insert time (ms): 0.073
[Build] Inserted 4300/50000 points, avg insert time (ms): 0.213
[Build] Inserted 4400/50000 points, avg insert time (ms): 0.228
[Build] Inserted 4500/50000 points, avg insert time (ms): 0.317
[Build] Inserted 4600/50000 points, avg insert time (ms): 0.148
[Build] Inserted 4700/50000 points, avg insert time (ms): 0.335
[Build] Inserted 4800/50000 points, avg insert time (ms): 0.074
[Build] Inserted 4900/50000 points, avg insert time (ms): 0.231
[Build] Inserted 5000/50000 points, avg insert time (ms): 0.343
[Build] Inserted 5100/50000 points, avg insert time (ms): 0.428
[Build] Inserted 5200/50000 points, avg insert time (ms): 0.291
[Build] Inserted 5300/50000 points, avg insert time (ms): 0.087
[Build] Inserted 5400/50000 points, avg insert time (ms): 0.261
[Build] Inserted 5500/50000 points, avg insert time (ms): 0.144
[Build] Inserted 5600/50000 points, avg insert time (ms): 0.304
[Build] Inserted 5700/50000 points, avg insert time (ms): 0.304
[Build] Inserted 5800/50000 points, avg insert time (ms): 0.549
[Build] Inserted 5900/50000 points, avg insert time (ms): 0.466
[Build] Inserted 6000/50000 points, avg insert time (ms): 0.224
[Build] Inserted 6100/50000 points, avg insert time (ms): 0.309
[Build] Inserted 6200/50000 points, avg insert time (ms): 0.379
[Build] Inserted 6300/50000 points, avg insert time (ms): 0.204
[Build] Inserted 6400/50000 points, avg insert time (ms): 0.400
[Build] Inserted 6500/50000 points, avg insert time (ms): 0.530
[Build] Inserted 6600/50000 points, avg insert time (ms): 0.356
[Build] Inserted 6700/50000 points, avg insert time (ms): 0.139
[Build] Inserted 6800/50000 points, avg insert time (ms): 0.910
[Build] Inserted 6900/50000 points, avg insert time (ms): 0.210
[Build] Inserted 7000/50000 points, avg insert time (ms): 0.388
[Build] Inserted 7100/50000 points, avg insert time (ms): 0.213
[Build] Inserted 7200/50000 points, avg insert time (ms): 0.073
[Build] Inserted 7300/50000 points, avg insert time (ms): 0.257
[Build] Inserted 7400/50000 points, avg insert time (ms): 0.142
[Build] Inserted 7500/50000 points, avg insert time (ms): 0.381
[Build] Inserted 7600/50000 points, avg insert time (ms): 0.211
[Build] Inserted 7700/50000 points, avg insert time (ms): 0.535
[Build] Inserted 7800/50000 points, avg insert time (ms): 0.282
[Build] Inserted 7900/50000 points, avg insert time (ms): 0.152
[Build] Inserted 8000/50000 points, avg insert time (ms): 0.235
[Build] Inserted 8100/50000 points, avg insert time (ms): 0.282
[Build] Inserted 8200/50000 points, avg insert time (ms): 0.252
[Build] Inserted 8300/50000 points, avg insert time (ms): 0.343
[Build] Inserted 8400/50000 points, avg insert time (ms): 0.074
[Build] Inserted 8500/50000 points, avg insert time (ms): 0.598
[Build] Inserted 8600/50000 points, avg insert time (ms): 0.069
[Build] Inserted 8700/50000 points, avg insert time (ms): 0.241
[Build] Inserted 8800/50000 points, avg insert time (ms): 0.308
[Build] Inserted 8900/50000 points, avg insert time (ms): 0.239
[Build] Inserted 9000/50000 points, avg insert time (ms): 0.364
[Build] Inserted 9100/50000 points, avg insert time (ms): 0.232
[Build] Inserted 9200/50000 points, avg insert time (ms): 0.344
[Build] Inserted 9300/50000 points, avg insert time (ms): 0.376
[Build] Inserted 9400/50000 points, avg insert time (ms): 0.290
[Build] Inserted 9500/50000 points, avg insert time (ms): 0.292
[Build] Inserted 9600/50000 points, avg insert time (ms): 0.245
[Build] Inserted 9700/50000 points, avg insert time (ms): 0.295
[Build] Inserted 9800/50000 points, avg insert time (ms): 0.001
[Build] Inserted 9900/50000 points, avg insert time (ms): 0.260
[Build] Inserted 10000/50000 points, avg insert time (ms): 0.369
[Build] Inserted 10100/50000 points, avg insert time (ms): 0.291
[Build] Inserted 10200/50000 points, avg insert time (ms): 0.001
[Build] Inserted 10300/50000 points, avg insert time (ms): 0.239
[Build] Inserted 10400/50000 points, avg insert time (ms): 0.221
[Build] Inserted 10500/50000 points, avg insert time (ms): 0.289
[Build] Inserted 10600/50000 points, avg insert time (ms): 0.438
[Build] Inserted 10700/50000 points, avg insert time (ms): 0.173
[Build] Inserted 10800/50000 points, avg insert time (ms): 0.293
[Build] Inserted 10900/50000 points, avg insert time (ms): 0.521
[Build] Inserted 11000/50000 points, avg insert time (ms): 0.358
[Build] Inserted 11100/50000 points, avg insert time (ms): 0.250
[Build] Inserted 11200/50000 points, avg insert time (ms): 0.478
[Build] Inserted 11300/50000 points, avg insert time (ms): 0.262
[Build] Inserted 11400/50000 points, avg insert time (ms): 0.141
[Build] Inserted 11500/50000 points, avg insert time (ms): 0.309
[Build] Inserted 11600/50000 points, avg insert time (ms): 0.255
[Build] Inserted 11700/50000 points, avg insert time (ms): 0.570
[Build] Inserted 11800/50000 points, avg insert time (ms): 0.456
[Build] Inserted 11900/50000 points, avg insert time (ms): 0.389
[Build] Inserted 12000/50000 points, avg insert time (ms): 0.229
[Build] Inserted 12100/50000 points, avg insert time (ms): 0.276
[Build] Inserted 12200/50000 points, avg insert time (ms): 0.314
[Build] Inserted 12300/50000 points, avg insert time (ms): 0.419
[Build] Inserted 12400/50000 points, avg insert time (ms): 0.081
[Build] Inserted 12500/50000 points, avg insert time (ms): 0.233
[Build] Inserted 12600/50000 points, avg insert time (ms): 0.308
[Build] Inserted 12700/50000 points, avg insert time (ms): 0.317
[Build] Inserted 12800/50000 points, avg insert time (ms): 0.612
[Build] Inserted 12900/50000 points, avg insert time (ms): 0.219
[Build] Inserted 13000/50000 points, avg insert time (ms): 0.153
[Build] Inserted 13100/50000 points, avg insert time (ms): 0.261
[Build] Inserted 13200/50000 points, avg insert time (ms): 0.297
[Build] Inserted 13300/50000 points, avg insert time (ms): 0.399
[Build] Inserted 13400/50000 points, avg insert time (ms): 0.150
[Build] Inserted 13500/50000 points, avg insert time (ms): 0.443
[Build] Inserted 13600/50000 points, avg insert time (ms): 0.231
[Build] Inserted 13700/50000 points, avg insert time (ms): 0.141
[Build] Inserted 13800/50000 points, avg insert time (ms): 0.074
[Build] Inserted 13900/50000 points, avg insert time (ms): 0.382
[Build] Inserted 14000/50000 points, avg insert time (ms): 0.332
[Build] Inserted 14100/50000 points, avg insert time (ms): 0.313
[Build] Inserted 14200/50000 points, avg insert time (ms): 0.292
[Build] Inserted 14300/50000 points, avg insert time (ms): 0.147
[Build] Inserted 14400/50000 points, avg insert time (ms): 0.257
[Build] Inserted 14500/50000 points, avg insert time (ms): 0.001
[Build] Inserted 14600/50000 points, avg insert time (ms): 0.216
[Build] Inserted 14700/50000 points, avg insert time (ms): 0.724
[Build] Inserted 14800/50000 points, avg insert time (ms): 0.309
[Build] Inserted 14900/50000 points, avg insert time (ms): 0.497
[Build] Inserted 15000/50000 points, avg insert time (ms): 0.349
[Build] Inserted 15100/50000 points, avg insert time (ms): 0.540
[Build] Inserted 15200/50000 points, avg insert time (ms): 0.218
[Build] Inserted 15300/50000 points, avg insert time (ms): 0.286
[Build] Inserted 15400/50000 points, avg insert time (ms): 0.072
[Build] Inserted 15500/50000 points, avg insert time (ms): 0.245
[Build] Inserted 15600/50000 points, avg insert time (ms): 0.433
[Build] Inserted 15700/50000 points, avg insert time (ms): 0.419
[Build] Inserted 15800/50000 points, avg insert time (ms): 0.615
[Build] Inserted 15900/50000 points, avg insert time (ms): 0.148
[Build] Inserted 16000/50000 points, avg insert time (ms): 0.142
[Build] Inserted 16100/50000 points, avg insert time (ms): 0.144
[Build] Inserted 16200/50000 points, avg insert time (ms): 0.442
[Build] Inserted 16300/50000 points, avg insert time (ms): 0.403
[Build] Inserted 16400/50000 points, avg insert time (ms): 0.290
[Build] Inserted 16500/50000 points, avg insert time (ms): 0.296
[Build] Inserted 16600/50000 points, avg insert time (ms): 0.257
[Build] Inserted 16700/50000 points, avg insert time (ms): 0.510
[Build] Inserted 16800/50000 points, avg insert time (ms): 0.537
[Build] Inserted 16900/50000 points, avg insert time (ms): 0.210
[Build] Inserted 17000/50000 points, avg insert time (ms): 0.405
[Build] Inserted 17100/50000 points, avg insert time (ms): 0.147
[Build] Inserted 17200/50000 points, avg insert time (ms): 0.300
[Build] Inserted 17300/50000 points, avg insert time (ms): 0.294
[Build] Inserted 17400/50000 points, avg insert time (ms): 0.446
[Build] Inserted 17500/50000 points, avg insert time (ms): 0.279
[Build] Inserted 17600/50000 points, avg insert time (ms): 0.219
[Build] Inserted 17700/50000 points, avg insert time (ms): 0.166
[Build] Inserted 17800/50000 points, avg insert time (ms): 0.585
[Build] Inserted 17900/50000 points, avg insert time (ms): 0.140
[Build] Inserted 18000/50000 points, avg insert time (ms): 0.329
[Build] Inserted 18100/50000 points, avg insert time (ms): 0.281
[Build] Inserted 18200/50000 points, avg insert time (ms): 0.385
[Build] Inserted 18300/50000 points, avg insert time (ms): 0.368
[Build] Inserted 18400/50000 points, avg insert time (ms): 0.976
[Build] Inserted 18500/50000 points, avg insert time (ms): 0.400
[Build] Inserted 18600/50000 points, avg insert time (ms): 0.073
[Build] Inserted 18700/50000 points, avg insert time (ms): 0.346
[Build] Inserted 18800/50000 points, avg insert time (ms): 0.530
[Build] Inserted 18900/50000 points, avg insert time (ms): 0.139
[Build] Inserted 19000/50000 points, avg insert time (ms): 0.466
[Build] Inserted 19100/50000 points, avg insert time (ms): 0.520
[Build] Inserted 19200/50000 points, avg insert time (ms): 0.070
[Build] Inserted 19300/50000 points, avg insert time (ms): 0.439
[Build] Inserted 19400/50000 points, avg insert time (ms): 0.301
[Build] Inserted 19500/50000 points, avg insert time (ms): 0.364
[Build] Inserted 19600/50000 points, avg insert time (ms): 0.248
[Build] Inserted 19700/50000 points, avg insert time (ms): 0.594
[Build] Inserted 19800/50000 points, avg insert time (ms): 0.361
[Build] Inserted 19900/50000 points, avg insert time (ms): 0.323
[Build] Inserted 20000/50000 points, avg insert time (ms): 0.297
[Build] Inserted 20100/50000 points, avg insert time (ms): 0.470
[Build] Inserted 20200/50000 points, avg insert time (ms): 0.317
[Build] Inserted 20300/50000 points, avg insert time (ms): 0.362
[Build] Inserted 20400/50000 points, avg insert time (ms): 0.210
[Build] Inserted 20500/50000 points, avg insert time (ms): 0.331
[Build] Inserted 20600/50000 points, avg insert time (ms): 0.298
[Build] Inserted 20700/50000 points, avg insert time (ms): 0.245
[Build] Inserted 20800/50000 points, avg insert time (ms): 0.379
[Build] Inserted 20900/50000 points, avg insert time (ms): 0.224
[Build] Inserted 21000/50000 points, avg insert time (ms): 0.463
[Build] Inserted 21100/50000 points, avg insert time (ms): 0.219
[Build] Inserted 21200/50000 points, avg insert time (ms): 0.467
[Build] Inserted 21300/50000 points, avg insert time (ms): 0.146
[Build] Inserted 21400/50000 points, avg insert time (ms): 0.163
[Build] Inserted 21500/50000 points, avg insert time (ms): 0.218
[Build] Inserted 21600/50000 points, avg insert time (ms): 0.424
[Build] Inserted 21700/50000 points, avg insert time (ms): 0.001
[Build] Inserted 21800/50000 points, avg insert time (ms): 0.291
[Build] Inserted 21900/50000 points, avg insert time (ms): 0.001
[Build] Inserted 22000/50000 points, avg insert time (ms): 0.648
[Build] Inserted 22100/50000 points, avg insert time (ms): 0.227
[Build] Inserted 22200/50000 points, avg insert time (ms): 0.720
[Build] Inserted 22300/50000 points, avg insert time (ms): 0.328
[Build] Inserted 22400/50000 points, avg insert time (ms): 0.279
[Build] Inserted 22500/50000 points, avg insert time (ms): 0.288
[Build] Inserted 22600/50000 points, avg insert time (ms): 0.231
[Build] Inserted 22700/50000 points, avg insert time (ms): 0.505
[Build] Inserted 22800/50000 points, avg insert time (ms): 0.165
[Build] Inserted 22900/50000 points, avg insert time (ms): 0.430
[Build] Inserted 23000/50000 points, avg insert time (ms): 0.239
[Build] Inserted 23100/50000 points, avg insert time (ms): 0.298
[Build] Inserted 23200/50000 points, avg insert time (ms): 0.526
[Build] Inserted 23300/50000 points, avg insert time (ms): 0.240
[Build] Inserted 23400/50000 points, avg insert time (ms): 0.125
[Build] Inserted 23500/50000 points, avg insert time (ms): 0.536
[Build] Inserted 23600/50000 points, avg insert time (ms): 0.618
[Build] Inserted 23700/50000 points, avg insert time (ms): 0.368
[Build] Inserted 23800/50000 points, avg insert time (ms): 0.154
[Build] Inserted 23900/50000 points, avg insert time (ms): 0.379
[Build] Inserted 24000/50000 points, avg insert time (ms): 0.215
[Build] Inserted 24100/50000 points, avg insert time (ms): 0.218
[Build] Inserted 24200/50000 points, avg insert time (ms): 0.216
[Build] Inserted 24300/50000 points, avg insert time (ms): 0.219
[Build] Inserted 24400/50000 points, avg insert time (ms): 0.450
[Build] Inserted 24500/50000 points, avg insert time (ms): 0.459
[Build] Inserted 24600/50000 points, avg insert time (ms): 0.368
[Build] Inserted 24700/50000 points, avg insert time (ms): 0.001
[Build] Inserted 24800/50000 points, avg insert time (ms): 0.313
[Build] Inserted 24900/50000 points, avg insert time (ms): 0.404
[Build] Inserted 25000/50000 points, avg insert time (ms): 0.536
[Build] Inserted 25100/50000 points, avg insert time (ms): 0.211
[Build] Inserted 25200/50000 points, avg insert time (ms): 0.317
[Build] Inserted 25300/50000 points, avg insert time (ms): 0.281
[Build] Inserted 25400/50000 points, avg insert time (ms): 0.332
[Build] Inserted 25500/50000 points, avg insert time (ms): 0.225
[Build] Inserted 25600/50000 points, avg insert time (ms): 0.316
[Build] Inserted 25700/50000 points, avg insert time (ms): 0.365
[Build] Inserted 25800/50000 points, avg insert time (ms): 0.218
[Build] Inserted 25900/50000 points, avg insert time (ms): 0.073
[Build] Inserted 26000/50000 points, avg insert time (ms): 0.240
[Build] Inserted 26100/50000 points, avg insert time (ms): 0.232
[Build] Inserted 26200/50000 points, avg insert time (ms): 0.710
[Build] Inserted 26300/50000 points, avg insert time (ms): 0.311
[Build] Inserted 26400/50000 points, avg insert time (ms): 0.333
[Build] Inserted 26500/50000 points, avg insert time (ms): 0.154
[Build] Inserted 26600/50000 points, avg insert time (ms): 0.509
[Build] Inserted 26700/50000 points, avg insert time (ms): 0.474
[Build] Inserted 26800/50000 points, avg insert time (ms): 0.438
[Build] Inserted 26900/50000 points, avg insert time (ms): 0.001
[Build] Inserted 27000/50000 points, avg insert time (ms): 0.395
[Build] Inserted 27100/50000 points, avg insert time (ms): 0.426
[Build] Inserted 27200/50000 points, avg insert time (ms): 0.221
[Build] Inserted 27300/50000 points, avg insert time (ms): 0.371
[Build] Inserted 27400/50000 points, avg insert time (ms): 0.172
[Build] Inserted 27500/50000 points, avg insert time (ms): 0.240
[Build] Inserted 27600/50000 points, avg insert time (ms): 0.001
[Build] Inserted 27700/50000 points, avg insert time (ms): 0.528
[Build] Inserted 27800/50000 points, avg insert time (ms): 0.577
[Build] Inserted 27900/50000 points, avg insert time (ms): 0.071
[Build] Inserted 28000/50000 points, avg insert time (ms): 0.001
[Build] Inserted 28100/50000 points, avg insert time (ms): 0.072
[Build] Inserted 28200/50000 points, avg insert time (ms): 0.443
[Build] Inserted 28300/50000 points, avg insert time (ms): 0.295
[Build] Inserted 28400/50000 points, avg insert time (ms): 0.270
[Build] Inserted 28500/50000 points, avg insert time (ms): 0.360
[Build] Inserted 28600/50000 points, avg insert time (ms): 0.295
[Build] Inserted 28700/50000 points, avg insert time (ms): 0.144
[Build] Inserted 28800/50000 points, avg insert time (ms): 0.361
[Build] Inserted 28900/50000 points, avg insert time (ms): 0.448
[Build] Inserted 29000/50000 points, avg insert time (ms): 0.291
[Build] Inserted 29100/50000 points, avg insert time (ms): 0.390
[Build] Inserted 29200/50000 points, avg insert time (ms): 0.353
[Build] Inserted 29300/50000 points, avg insert time (ms): 0.309
[Build] Inserted 29400/50000 points, avg insert time (ms): 0.296
[Build] Inserted 29500/50000 points, avg insert time (ms): 0.531
[Build] Inserted 29600/50000 points, avg insert time (ms): 0.145
[Build] Inserted 29700/50000 points, avg insert time (ms): 0.182
[Build] Inserted 29800/50000 points, avg insert time (ms): 0.212
[Build] Inserted 29900/50000 points, avg insert time (ms): 0.215
[Build] Inserted 30000/50000 points, avg insert time (ms): 0.389
[Build] Inserted 30100/50000 points, avg insert time (ms): 0.150
[Build] Inserted 30200/50000 points, avg insert time (ms): 0.209
[Build] Inserted 30300/50000 points, avg insert time (ms): 0.204
[Build] Inserted 30400/50000 points, avg insert time (ms): 0.457
[Build] Inserted 30500/50000 points, avg insert time (ms): 0.217
[Build] Inserted 30600/50000 points, avg insert time (ms): 0.320
[Build] Inserted 30700/50000 points, avg insert time (ms): 0.211
[Build] Inserted 30800/50000 points, avg insert time (ms): 0.457
[Build] Inserted 30900/50000 points, avg insert time (ms): 0.140
[Build] Inserted 31000/50000 points, avg insert time (ms): 0.070
[Build] Inserted 31100/50000 points, avg insert time (ms): 0.180
[Build] Inserted 31200/50000 points, avg insert time (ms): 0.280
[Build] Inserted 31300/50000 points, avg insert time (ms): 0.072
[Build] Inserted 31400/50000 points, avg insert time (ms): 0.391
[Build] Inserted 31500/50000 points, avg insert time (ms): 0.375
[Build] Inserted 31600/50000 points, avg insert time (ms): 0.223
[Build] Inserted 31700/50000 points, avg insert time (ms): 0.093
[Build] Inserted 31800/50000 points, avg insert time (ms): 0.146
[Build] Inserted 31900/50000 points, avg insert time (ms): 0.282
[Build] Inserted 32000/50000 points, avg insert time (ms): 0.176
[Build] Inserted 32100/50000 points, avg insert time (ms): 0.213
[Build] Inserted 32200/50000 points, avg insert time (ms): 0.216
[Build] Inserted 32300/50000 points, avg insert time (ms): 0.537
[Build] Inserted 32400/50000 points, avg insert time (ms): 0.078
[Build] Inserted 32500/50000 points, avg insert time (ms): 0.330
[Build] Inserted 32600/50000 points, avg insert time (ms): 0.604
[Build] Inserted 32700/50000 points, avg insert time (ms): 0.430
[Build] Inserted 32800/50000 points, avg insert time (ms): 0.080
[Build] Inserted 32900/50000 points, avg insert time (ms): 0.176
[Build] Inserted 33000/50000 points, avg insert time (ms): 0.906
[Build] Inserted 33100/50000 points, avg insert time (ms): 0.069
[Build] Inserted 33200/50000 points, avg insert time (ms): 0.469
[Build] Inserted 33300/50000 points, avg insert time (ms): 0.613
[Build] Inserted 33400/50000 points, avg insert time (ms): 0.449
[Build] Inserted 33500/50000 points, avg insert time (ms): 0.159
[Build] Inserted 33600/50000 points, avg insert time (ms): 0.317
[Build] Inserted 33700/50000 points, avg insert time (ms): 0.221
[Build] Inserted 33800/50000 points, avg insert time (ms): 0.484
[Build] Inserted 33900/50000 points, avg insert time (ms): 0.152
[Build] Inserted 34000/50000 points, avg insert time (ms): 0.369
[Build] Inserted 34100/50000 points, avg insert time (ms): 0.302
[Build] Inserted 34200/50000 points, avg insert time (ms): 0.209
[Build] Inserted 34300/50000 points, avg insert time (ms): 0.397
[Build] Inserted 34400/50000 points, avg insert time (ms): 0.441
[Build] Inserted 34500/50000 points, avg insert time (ms): 0.323
[Build] Inserted 34600/50000 points, avg insert time (ms): 0.300
[Build] Inserted 34700/50000 points, avg insert time (ms): 0.504
[Build] Inserted 34800/50000 points, avg insert time (ms): 0.071
[Build] Inserted 34900/50000 points, avg insert time (ms): 0.394
[Build] Inserted 35000/50000 points, avg insert time (ms): 0.145
[Build] Inserted 35100/50000 points, avg insert time (ms): 0.631
[Build] Inserted 35200/50000 points, avg insert time (ms): 0.154
[Build] Inserted 35300/50000 points, avg insert time (ms): 0.407
[Build] Inserted 35400/50000 points, avg insert time (ms): 0.226
[Build] Inserted 35500/50000 points, avg insert time (ms): 0.421
[Build] Inserted 35600/50000 points, avg insert time (ms): 0.226
[Build] Inserted 35700/50000 points, avg insert time (ms): 0.225
[Build] Inserted 35800/50000 points, avg insert time (ms): 0.250
[Build] Inserted 35900/50000 points, avg insert time (ms): 0.225
[Build] Inserted 36000/50000 points, avg insert time (ms): 0.236
[Build] Inserted 36100/50000 points, avg insert time (ms): 0.361
[Build] Inserted 36200/50000 points, avg insert time (ms): 0.467
[Build] Inserted 36300/50000 points, avg insert time (ms): 0.360
[Build] Inserted 36400/50000 points, avg insert time (ms): 0.561
[Build] Inserted 36500/50000 points, avg insert time (ms): 0.546
[Build] Inserted 36600/50000 points, avg insert time (ms): 0.530
[Build] Inserted 36700/50000 points, avg insert time (ms): 0.178
[Build] Inserted 36800/50000 points, avg insert time (ms): 0.297
[Build] Inserted 36900/50000 points, avg insert time (ms): 0.335
[Build] Inserted 37000/50000 points, avg insert time (ms): 0.143
[Build] Inserted 37100/50000 points, avg insert time (ms): 0.466
[Build] Inserted 37200/50000 points, avg insert time (ms): 0.391
[Build] Inserted 37300/50000 points, avg insert time (ms): 0.070
[Build] Inserted 37400/50000 points, avg insert time (ms): 0.141
[Build] Inserted 37500/50000 points, avg insert time (ms): 0.407
[Build] Inserted 37600/50000 points, avg insert time (ms): 0.149
[Build] Inserted 37700/50000 points, avg insert time (ms): 0.419
[Build] Inserted 37800/50000 points, avg insert time (ms): 0.693
[Build] Inserted 37900/50000 points, avg insert time (ms): 0.215
[Build] Inserted 38000/50000 points, avg insert time (ms): 0.146
[Build] Inserted 38100/50000 points, avg insert time (ms): 0.477
[Build] Inserted 38200/50000 points, avg insert time (ms): 0.233
[Build] Inserted 38300/50000 points, avg insert time (ms): 0.372
[Build] Inserted 38400/50000 points, avg insert time (ms): 0.155
[Build] Inserted 38500/50000 points, avg insert time (ms): 0.383
[Build] Inserted 38600/50000 points, avg insert time (ms): 0.315
[Build] Inserted 38700/50000 points, avg insert time (ms): 0.223
[Build] Inserted 38800/50000 points, avg insert time (ms): 0.216
[Build] Inserted 38900/50000 points, avg insert time (ms): 0.287
[Build] Inserted 39000/50000 points, avg insert time (ms): 0.093
[Build] Inserted 39100/50000 points, avg insert time (ms): 0.230
[Build] Inserted 39200/50000 points, avg insert time (ms): 0.311
[Build] Inserted 39300/50000 points, avg insert time (ms): 0.225
[Build] Inserted 39400/50000 points, avg insert time (ms): 0.329
[Build] Inserted 39500/50000 points, avg insert time (ms): 0.439
[Build] Inserted 39600/50000 points, avg insert time (ms): 0.565
[Build] Inserted 39700/50000 points, avg insert time (ms): 0.296
[Build] Inserted 39800/50000 points, avg insert time (ms): 0.148
[Build] Inserted 39900/50000 points, avg insert time (ms): 0.333
[Build] Inserted 40000/50000 points, avg insert time (ms): 0.155
[Build] Inserted 40100/50000 points, avg insert time (ms): 0.143
[Build] Inserted 40200/50000 points, avg insert time (ms): 0.145
[Build] Inserted 40300/50000 points, avg insert time (ms): 0.243
[Build] Inserted 40400/50000 points, avg insert time (ms): 0.355
[Build] Inserted 40500/50000 points, avg insert time (ms): 0.311
[Build] Inserted 40600/50000 points, avg insert time (ms): 0.346
[Build] Inserted 40700/50000 points, avg insert time (ms): 0.563
[Build] Inserted 40800/50000 points, avg insert time (ms): 0.690
[Build] Inserted 40900/50000 points, avg insert time (ms): 0.469
[Build] Inserted 41000/50000 points, avg insert time (ms): 0.427
[Build] Inserted 41100/50000 points, avg insert time (ms): 0.611
[Build] Inserted 41200/50000 points, avg insert time (ms): 0.142
[Build] Inserted 41300/50000 points, avg insert time (ms): 0.324
[Build] Inserted 41400/50000 points, avg insert time (ms): 0.355
[Build] Inserted 41500/50000 points, avg insert time (ms): 0.317
[Build] Inserted 41600/50000 points, avg insert time (ms): 0.077
[Build] Inserted 41700/50000 points, avg insert time (ms): 0.284
[Build] Inserted 41800/50000 points, avg insert time (ms): 0.156
[Build] Inserted 41900/50000 points, avg insert time (ms): 0.300
[Build] Inserted 42000/50000 points, avg insert time (ms): 0.220
[Build] Inserted 42100/50000 points, avg insert time (ms): 0.316
[Build] Inserted 42200/50000 points, avg insert time (ms): 0.435
[Build] Inserted 42300/50000 points, avg insert time (ms): 0.333
[Build] Inserted 42400/50000 points, avg insert time (ms): 0.299
[Build] Inserted 42500/50000 points, avg insert time (ms): 0.147
[Build] Inserted 42600/50000 points, avg insert time (ms): 0.251
[Build] Inserted 42700/50000 points, avg insert time (ms): 0.071
[Build] Inserted 42800/50000 points, avg insert time (ms): 0.001
[Build] Inserted 42900/50000 points, avg insert time (ms): 0.365
[Build] Inserted 43000/50000 points, avg insert time (ms): 0.465
[Build] Inserted 43100/50000 points, avg insert time (ms): 0.216
[Build] Inserted 43200/50000 points, avg insert time (ms): 0.318
[Build] Inserted 43300/50000 points, avg insert time (ms): 0.291
[Build] Inserted 43400/50000 points, avg insert time (ms): 0.243
[Build] Inserted 43500/50000 points, avg insert time (ms): 0.306
[Build] Inserted 43600/50000 points, avg insert time (ms): 0.214
[Build] Inserted 43700/50000 points, avg insert time (ms): 0.395
[Build] Inserted 43800/50000 points, avg insert time (ms): 0.296
[Build] Inserted 43900/50000 points, avg insert time (ms): 0.322
[Build] Inserted 44000/50000 points, avg insert time (ms): 0.072
[Build] Inserted 44100/50000 points, avg insert time (ms): 0.390
[Build] Inserted 44200/50000 points, avg insert time (ms): 0.236
[Build] Inserted 44300/50000 points, avg insert time (ms): 0.225
[Build] Inserted 44400/50000 points, avg insert time (ms): 0.431
[Build] Inserted 44500/50000 points, avg insert time (ms): 0.287
[Build] Inserted 44600/50000 points, avg insert time (ms): 0.521
[Build] Inserted 44700/50000 points, avg insert time (ms): 0.284
[Build] Inserted 44800/50000 points, avg insert time (ms): 0.158
[Build] Inserted 44900/50000 points, avg insert time (ms): 0.167
[Build] Inserted 45000/50000 points, avg insert time (ms): 0.210
[Build] Inserted 45100/50000 points, avg insert time (ms): 0.217
[Build] Inserted 45200/50000 points, avg insert time (ms): 0.248
[Build] Inserted 45300/50000 points, avg insert time (ms): 0.318
[Build] Inserted 45400/50000 points, avg insert time (ms): 0.391
[Build] Inserted 45500/50000 points, avg insert time (ms): 0.352
[Build] Inserted 45600/50000 points, avg insert time (ms): 0.075
[Build] Inserted 45700/50000 points, avg insert time (ms): 0.153
[Build] Inserted 45800/50000 points, avg insert time (ms): 0.233
[Build] Inserted 45900/50000 points, avg insert time (ms): 0.454
[Build] Inserted 46000/50000 points, avg insert time (ms): 0.268
[Build] Inserted 46100/50000 points, avg insert time (ms): 0.147
[Build] Inserted 46200/50000 points, avg insert time (ms): 0.534
[Build] Inserted 46300/50000 points, avg insert time (ms): 0.145
[Build] Inserted 46400/50000 points, avg insert time (ms): 0.786
[Build] Inserted 46500/50000 points, avg insert time (ms): 0.088
[Build] Inserted 46600/50000 points, avg insert time (ms): 0.074
[Build] Inserted 46700/50000 points, avg insert time (ms): 0.145
[Build] Inserted 46800/50000 points, avg insert time (ms): 0.283
[Build] Inserted 46900/50000 points, avg insert time (ms): 0.362
[Build] Inserted 47000/50000 points, avg insert time (ms): 0.393
[Build] Inserted 47100/50000 points, avg insert time (ms): 0.221
[Build] Inserted 47200/50000 points, avg insert time (ms): 0.263
[Build] Inserted 47300/50000 points, avg insert time (ms): 0.438
[Build] Inserted 47400/50000 points, avg insert time (ms): 0.481
[Build] Inserted 47500/50000 points, avg insert time (ms): 0.164
[Build] Inserted 47600/50000 points, avg insert time (ms): 0.551
[Build] Inserted 47700/50000 points, avg insert time (ms): 0.298
[Build] Inserted 47800/50000 points, avg insert time (ms): 0.084
[Build] Inserted 47900/50000 points, avg insert time (ms): 0.408
[Build] Inserted 48000/50000 points, avg insert time (ms): 0.262
[Build] Inserted 48100/50000 points, avg insert time (ms): 0.292
[Build] Inserted 48200/50000 points, avg insert time (ms): 0.319
[Build] Inserted 48300/50000 points, avg insert time (ms): 0.211
[Build] Inserted 48400/50000 points, avg insert time (ms): 0.627
[Build] Inserted 48500/50000 points, avg insert time (ms): 0.496
[Build] Inserted 48600/50000 points, avg insert time (ms): 0.141
[Build] Inserted 48700/50000 points, avg insert time (ms): 0.219
[Build] Inserted 48800/50000 points, avg insert time (ms): 0.319
[Build] Inserted 48900/50000 points, avg insert time (ms): 0.296
[Build] Inserted 49000/50000 points, avg insert time (ms): 0.384
[Build] Inserted 49100/50000 points, avg insert time (ms): 0.210
[Build] Inserted 49200/50000 points, avg insert time (ms): 0.324
[Build] Inserted 49300/50000 points, avg insert time (ms): 0.349
[Build] Inserted 49400/50000 points, avg insert time (ms): 0.386
[Build] Inserted 49500/50000 points, avg insert time (ms): 0.210
[Build] Inserted 49600/50000 points, avg insert time (ms): 0.218
[Build] Inserted 49700/50000 points, avg insert time (ms): 0.455
[Build] Inserted 49800/50000 points, avg insert time (ms): 0.313
[Build] Inserted 49900/50000 points, avg insert time (ms): 0.445
[Build] Inserted 50000/50000 points, avg insert time (ms): 0.154
[Timing] Total insertion time: 15.64 s
[Build] Starting queries...
[Query] Processed 100/5000 queries, avg query time (ms): 17.442
[Query] Processed 200/5000 queries, avg query time (ms): 19.003
[Query] Processed 300/5000 queries, avg query time (ms): 17.410
[Query] Processed 400/5000 queries, avg query time (ms): 16.556
[Query] Processed 500/5000 queries, avg query time (ms): 16.658
[Query] Processed 600/5000 queries, avg query time (ms): 15.630
[Query] Processed 700/5000 queries, avg query time (ms): 16.555
[Query] Processed 800/5000 queries, avg query time (ms): 18.144
[Query] Processed 900/5000 queries, avg query time (ms): 16.949
[Query] Processed 1000/5000 queries, avg query time (ms): 16.101
[Query] Processed 1100/5000 queries, avg query time (ms): 16.024
[Query] Processed 1200/5000 queries, avg query time (ms): 16.885
[Query] Processed 1300/5000 queries, avg query time (ms): 18.104
[Query] Processed 1400/5000 queries, avg query time (ms): 16.312
[Query] Processed 1500/5000 queries, avg query time (ms): 17.920
[Query] Processed 1600/5000 queries, avg query time (ms): 17.176
[Query] Processed 1700/5000 queries, avg query time (ms): 16.243
[Query] Processed 1800/5000 queries, avg query time (ms): 16.643
[Query] Processed 1900/5000 queries, avg query time (ms): 16.034
[Query] Processed 2000/5000 queries, avg query time (ms): 17.194
[Query] Processed 2100/5000 queries, avg query time (ms): 18.022
[Query] Processed 2200/5000 queries, avg query time (ms): 19.627
[Query] Processed 2300/5000 queries, avg query time (ms): 18.573
[Query] Processed 2400/5000 queries, avg query time (ms): 17.513
[Query] Processed 2500/5000 queries, avg query time (ms): 16.147
[Query] Processed 2600/5000 queries, avg query time (ms): 20.215
[Query] Processed 2700/5000 queries, avg query time (ms): 17.093
[Query] Processed 2800/5000 queries, avg query time (ms): 17.334
[Query] Processed 2900/5000 queries, avg query time (ms): 19.663
[Query] Processed 3000/5000 queries, avg query time (ms): 17.027
[Query] Processed 3100/5000 queries, avg query time (ms): 17.267
[Query] Processed 3200/5000 queries, avg query time (ms): 16.358
[Query] Processed 3300/5000 queries, avg query time (ms): 20.522
[Query] Processed 3400/5000 queries, avg query time (ms): 17.283
[Query] Processed 3500/5000 queries, avg query time (ms): 20.994
[Query] Processed 3600/5000 queries, avg query time (ms): 16.069
[Query] Processed 3700/5000 queries, avg query time (ms): 18.088
[Query] Processed 3800/5000 queries, avg query time (ms): 16.155
[Query] Processed 3900/5000 queries, avg query time (ms): 16.556
[Query] Processed 4000/5000 queries, avg query time (ms): 18.443
[Query] Processed 4100/5000 queries, avg query time (ms): 15.599
[Query] Processed 4200/5000 queries, avg query time (ms): 16.395
[Query] Processed 4300/5000 queries, avg query time (ms): 16.350
[Query] Processed 4400/5000 queries, avg query time (ms): 18.490
[Query] Processed 4500/5000 queries, avg query time (ms): 19.730
[Query] Processed 4600/5000 queries, avg query time (ms): 21.240
[Query] Processed 4700/5000 queries, avg query time (ms): 20.320
[Query] Processed 4800/5000 queries, avg query time (ms): 20.660
[Query] Processed 4900/5000 queries, avg query time (ms): 17.106
[Query] Processed 5000/5000 queries, avg query time (ms): 16.246
[Timing] Total query time: 88.08 s
[Eval] Computing ground truth top-K...
[Timing] Ground truth (FAISS): 6.37 s (1.275 ms/query)
[Timing] Ground truth computation: 7.05 s
[Eval] Computing recall metrics...
[Timing] Recall evaluation: 59.83 s
[Eval] Computing (c,r)-ANN accuracy...
[Timing] FAISS r* computation: 6.30 s (1.261 ms/query)
[CR-ANN] 100/5000 processed, avg time (ann.query): 27.441 ms
[CR-ANN] 200/5000 processed, avg time (ann.query): 26.881 ms
[CR-ANN] 300/5000 processed, avg time (ann.query): 30.171 ms
[CR-ANN] 400/5000 processed, avg time (ann.query): 27.444 ms
[CR-ANN] 500/5000 processed, avg time (ann.query): 23.847 ms
[CR-ANN] 600/5000 processed, avg time (ann.query): 27.395 ms
[CR-ANN] 700/5000 processed, avg time (ann.query): 23.613 ms
[CR-ANN] 800/5000 processed, avg time (ann.query): 20.306 ms
[CR-ANN] 900/5000 processed, avg time (ann.query): 21.117 ms
[CR-ANN] 1000/5000 processed, avg time (ann.query): 23.556 ms
[CR-ANN] 1100/5000 processed, avg time (ann.query): 26.911 ms
[CR-ANN] 1200/5000 processed, avg time (ann.query): 21.796 ms
[CR-ANN] 1300/5000 processed, avg time (ann.query): 21.993 ms
[CR-ANN] 1400/5000 processed, avg time (ann.query): 22.958 ms
[CR-ANN] 1500/5000 processed, avg time (ann.query): 21.678 ms
[CR-ANN] 1600/5000 processed, avg time (ann.query): 21.546 ms
[CR-ANN] 1700/5000 processed, avg time (ann.query): 25.541 ms
[CR-ANN] 1800/5000 processed, avg time (ann.query): 19.822 ms
[CR-ANN] 1900/5000 processed, avg time (ann.query): 22.522 ms
[CR-ANN] 2000/5000 processed, avg time (ann.query): 28.608 ms
[CR-ANN] 2100/5000 processed, avg time (ann.query): 22.025 ms
[CR-ANN] 2200/5000 processed, avg time (ann.query): 25.228 ms
[CR-ANN] 2300/5000 processed, avg time (ann.query): 23.160 ms
[CR-ANN] 2400/5000 processed, avg time (ann.query): 24.579 ms
[CR-ANN] 2500/5000 processed, avg time (ann.query): 23.376 ms
[CR-ANN] 2600/5000 processed, avg time (ann.query): 21.536 ms
[CR-ANN] 2700/5000 processed, avg time (ann.query): 26.214 ms
[CR-ANN] 2800/5000 processed, avg time (ann.query): 24.120 ms
[CR-ANN] 2900/5000 processed, avg time (ann.query): 24.520 ms
[CR-ANN] 3000/5000 processed, avg time (ann.query): 27.520 ms
[CR-ANN] 3100/5000 processed, avg time (ann.query): 22.362 ms
[CR-ANN] 3200/5000 processed, avg time (ann.query): 23.567 ms
[CR-ANN] 3300/5000 processed, avg time (ann.query): 25.015 ms
[CR-ANN] 3400/5000 processed, avg time (ann.query): 27.884 ms
[CR-ANN] 3500/5000 processed, avg time (ann.query): 24.807 ms
[CR-ANN] 3600/5000 processed, avg time (ann.query): 23.932 ms
[CR-ANN] 3700/5000 processed, avg time (ann.query): 27.881 ms
[CR-ANN] 3800/5000 processed, avg time (ann.query): 22.943 ms
[CR-ANN] 3900/5000 processed, avg time (ann.query): 22.911 ms
[CR-ANN] 4000/5000 processed, avg time (ann.query): 20.167 ms
[CR-ANN] 4100/5000 processed, avg time (ann.query): 25.336 ms
[CR-ANN] 4200/5000 processed, avg time (ann.query): 23.984 ms
[CR-ANN] 4300/5000 processed, avg time (ann.query): 22.236 ms
[CR-ANN] 4400/5000 processed, avg time (ann.query): 22.941 ms
[CR-ANN] 4500/5000 processed, avg time (ann.query): 24.611 ms
[CR-ANN] 4600/5000 processed, avg time (ann.query): 21.464 ms
[CR-ANN] 4700/5000 processed, avg time (ann.query): 21.613 ms
[CR-ANN] 4800/5000 processed, avg time (ann.query): 21.254 ms
[CR-ANN] 4900/5000 processed, avg time (ann.query): 22.688 ms
[CR-ANN] 5000/5000 processed, avg time (ann.query): 25.253 ms
[Timing] (c,r)-ANN eval: 120.11 s (24.022 ms/query)
[Sanity Check] Total Relevant = 4464
[Timing] (c,r)-ANN evaluation: 126.47 s
[Result] Memory breakdown (MB): {'hash_functions_MB': 29.787498474121094, 'bucket_ids_MB': 3.3634376525878906, 'num_ids': 881705, 'num_buckets': 348953, 'hash_tables_overhead_MB': 29.285301208496094, 'total_MB': 62.43623733520508}
[Result] Epsilon-recall: 0.9830
[Result] (c,r)-ANN accuracy: 1.0000

[Timing Summary]
  Insert phase: 15.64 s
  Query phase: 88.08 s
  Ground truth: 7.05 s
  Recall eval: 59.83 s
  (c,r)-ANN eval: 126.47 s
  Total time: 297.07 s
[SUMMARY] r=0.5, eps=0.7, eta=0.3, recall=0.9830, (c,r)-ANN accuracy=1.0, memory=62.43623733520508
