[Init] Inputs : eta=0.30, epsilon=0.80, r=0.50
[Init] LSH Parameters : w=1.762, p1=0.7736, p2=0.6021, rho=0.5060
[Init] Data Structure Parameters : k=22, L=308, key_bits=704, mode=speed
[Build] Starting insertion...
[Build] Inserted 100/50000 points, avg insert time (ms): 0.130
[Build] Inserted 200/50000 points, avg insert time (ms): 0.127
[Build] Inserted 300/50000 points, avg insert time (ms): 0.252
[Build] Inserted 400/50000 points, avg insert time (ms): 0.262
[Build] Inserted 500/50000 points, avg insert time (ms): 0.111
[Build] Inserted 600/50000 points, avg insert time (ms): 0.272
[Build] Inserted 700/50000 points, avg insert time (ms): 0.282
[Build] Inserted 800/50000 points, avg insert time (ms): 0.096
[Build] Inserted 900/50000 points, avg insert time (ms): 0.205
[Build] Inserted 1000/50000 points, avg insert time (ms): 0.104
[Build] Inserted 1100/50000 points, avg insert time (ms): 0.185
[Build] Inserted 1200/50000 points, avg insert time (ms): 0.215
[Build] Inserted 1300/50000 points, avg insert time (ms): 0.185
[Build] Inserted 1400/50000 points, avg insert time (ms): 0.146
[Build] Inserted 1500/50000 points, avg insert time (ms): 0.172
[Build] Inserted 1600/50000 points, avg insert time (ms): 0.144
[Build] Inserted 1700/50000 points, avg insert time (ms): 0.367
[Build] Inserted 1800/50000 points, avg insert time (ms): 0.247
[Build] Inserted 1900/50000 points, avg insert time (ms): 0.098
[Build] Inserted 2000/50000 points, avg insert time (ms): 0.173
[Build] Inserted 2100/50000 points, avg insert time (ms): 0.191
[Build] Inserted 2200/50000 points, avg insert time (ms): 0.322
[Build] Inserted 2300/50000 points, avg insert time (ms): 0.324
[Build] Inserted 2400/50000 points, avg insert time (ms): 0.134
[Build] Inserted 2500/50000 points, avg insert time (ms): 0.138
[Build] Inserted 2600/50000 points, avg insert time (ms): 0.188
[Build] Inserted 2700/50000 points, avg insert time (ms): 0.104
[Build] Inserted 2800/50000 points, avg insert time (ms): 0.199
[Build] Inserted 2900/50000 points, avg insert time (ms): 0.224
[Build] Inserted 3000/50000 points, avg insert time (ms): 0.255
[Build] Inserted 3100/50000 points, avg insert time (ms): 0.140
[Build] Inserted 3200/50000 points, avg insert time (ms): 0.185
[Build] Inserted 3300/50000 points, avg insert time (ms): 0.133
[Build] Inserted 3400/50000 points, avg insert time (ms): 0.177
[Build] Inserted 3500/50000 points, avg insert time (ms): 0.233
[Build] Inserted 3600/50000 points, avg insert time (ms): 0.090
[Build] Inserted 3700/50000 points, avg insert time (ms): 0.190
[Build] Inserted 3800/50000 points, avg insert time (ms): 0.164
[Build] Inserted 3900/50000 points, avg insert time (ms): 0.095
[Build] Inserted 4000/50000 points, avg insert time (ms): 0.093
[Build] Inserted 4100/50000 points, avg insert time (ms): 0.276
[Build] Inserted 4200/50000 points, avg insert time (ms): 0.049
[Build] Inserted 4300/50000 points, avg insert time (ms): 0.224
[Build] Inserted 4400/50000 points, avg insert time (ms): 0.111
[Build] Inserted 4500/50000 points, avg insert time (ms): 0.161
[Build] Inserted 4600/50000 points, avg insert time (ms): 0.138
[Build] Inserted 4700/50000 points, avg insert time (ms): 0.199
[Build] Inserted 4800/50000 points, avg insert time (ms): 0.164
[Build] Inserted 4900/50000 points, avg insert time (ms): 0.138
[Build] Inserted 5000/50000 points, avg insert time (ms): 0.091
[Build] Inserted 5100/50000 points, avg insert time (ms): 0.214
[Build] Inserted 5200/50000 points, avg insert time (ms): 0.262
[Build] Inserted 5300/50000 points, avg insert time (ms): 0.181
[Build] Inserted 5400/50000 points, avg insert time (ms): 0.046
[Build] Inserted 5500/50000 points, avg insert time (ms): 0.213
[Build] Inserted 5600/50000 points, avg insert time (ms): 0.183
[Build] Inserted 5700/50000 points, avg insert time (ms): 0.095
[Build] Inserted 5800/50000 points, avg insert time (ms): 0.181
[Build] Inserted 5900/50000 points, avg insert time (ms): 0.187
[Build] Inserted 6000/50000 points, avg insert time (ms): 0.206
[Build] Inserted 6100/50000 points, avg insert time (ms): 0.286
[Build] Inserted 6200/50000 points, avg insert time (ms): 0.264
[Build] Inserted 6300/50000 points, avg insert time (ms): 0.225
[Build] Inserted 6400/50000 points, avg insert time (ms): 0.045
[Build] Inserted 6500/50000 points, avg insert time (ms): 0.356
[Build] Inserted 6600/50000 points, avg insert time (ms): 0.354
[Build] Inserted 6700/50000 points, avg insert time (ms): 0.094
[Build] Inserted 6800/50000 points, avg insert time (ms): 0.317
[Build] Inserted 6900/50000 points, avg insert time (ms): 0.185
[Build] Inserted 7000/50000 points, avg insert time (ms): 0.216
[Build] Inserted 7100/50000 points, avg insert time (ms): 0.279
[Build] Inserted 7200/50000 points, avg insert time (ms): 0.385
[Build] Inserted 7300/50000 points, avg insert time (ms): 0.047
[Build] Inserted 7400/50000 points, avg insert time (ms): 0.136
[Build] Inserted 7500/50000 points, avg insert time (ms): 0.130
[Build] Inserted 7600/50000 points, avg insert time (ms): 0.218
[Build] Inserted 7700/50000 points, avg insert time (ms): 0.306
[Build] Inserted 7800/50000 points, avg insert time (ms): 0.243
[Build] Inserted 7900/50000 points, avg insert time (ms): 0.300
[Build] Inserted 8000/50000 points, avg insert time (ms): 0.051
[Build] Inserted 8100/50000 points, avg insert time (ms): 0.207
[Build] Inserted 8200/50000 points, avg insert time (ms): 0.098
[Build] Inserted 8300/50000 points, avg insert time (ms): 0.223
[Build] Inserted 8400/50000 points, avg insert time (ms): 0.365
[Build] Inserted 8500/50000 points, avg insert time (ms): 0.227
[Build] Inserted 8600/50000 points, avg insert time (ms): 0.329
[Build] Inserted 8700/50000 points, avg insert time (ms): 0.239
[Build] Inserted 8800/50000 points, avg insert time (ms): 0.047
[Build] Inserted 8900/50000 points, avg insert time (ms): 0.108
[Build] Inserted 9000/50000 points, avg insert time (ms): 0.283
[Build] Inserted 9100/50000 points, avg insert time (ms): 0.208
[Build] Inserted 9200/50000 points, avg insert time (ms): 0.090
[Build] Inserted 9300/50000 points, avg insert time (ms): 0.135
[Build] Inserted 9400/50000 points, avg insert time (ms): 0.310
[Build] Inserted 9500/50000 points, avg insert time (ms): 0.046
[Build] Inserted 9600/50000 points, avg insert time (ms): 0.324
[Build] Inserted 9700/50000 points, avg insert time (ms): 0.228
[Build] Inserted 9800/50000 points, avg insert time (ms): 0.280
[Build] Inserted 9900/50000 points, avg insert time (ms): 0.185
[Build] Inserted 10000/50000 points, avg insert time (ms): 0.210
[Build] Inserted 10100/50000 points, avg insert time (ms): 0.099
[Build] Inserted 10200/50000 points, avg insert time (ms): 0.158
[Build] Inserted 10300/50000 points, avg insert time (ms): 0.233
[Build] Inserted 10400/50000 points, avg insert time (ms): 0.278
[Build] Inserted 10500/50000 points, avg insert time (ms): 0.388
[Build] Inserted 10600/50000 points, avg insert time (ms): 0.329
[Build] Inserted 10700/50000 points, avg insert time (ms): 0.227
[Build] Inserted 10800/50000 points, avg insert time (ms): 0.001
[Build] Inserted 10900/50000 points, avg insert time (ms): 0.112
[Build] Inserted 11000/50000 points, avg insert time (ms): 0.159
[Build] Inserted 11100/50000 points, avg insert time (ms): 0.216
[Build] Inserted 11200/50000 points, avg insert time (ms): 0.147
[Build] Inserted 11300/50000 points, avg insert time (ms): 0.282
[Build] Inserted 11400/50000 points, avg insert time (ms): 0.242
[Build] Inserted 11500/50000 points, avg insert time (ms): 0.456
[Build] Inserted 11600/50000 points, avg insert time (ms): 0.141
[Build] Inserted 11700/50000 points, avg insert time (ms): 0.212
[Build] Inserted 11800/50000 points, avg insert time (ms): 0.155
[Build] Inserted 11900/50000 points, avg insert time (ms): 0.093
[Build] Inserted 12000/50000 points, avg insert time (ms): 0.747
[Build] Inserted 12100/50000 points, avg insert time (ms): 0.135
[Build] Inserted 12200/50000 points, avg insert time (ms): 0.100
[Build] Inserted 12300/50000 points, avg insert time (ms): 0.205
[Build] Inserted 12400/50000 points, avg insert time (ms): 0.137
[Build] Inserted 12500/50000 points, avg insert time (ms): 0.347
[Build] Inserted 12600/50000 points, avg insert time (ms): 0.313
[Build] Inserted 12700/50000 points, avg insert time (ms): 0.275
[Build] Inserted 12800/50000 points, avg insert time (ms): 0.283
[Build] Inserted 12900/50000 points, avg insert time (ms): 0.233
[Build] Inserted 13000/50000 points, avg insert time (ms): 0.274
[Build] Inserted 13100/50000 points, avg insert time (ms): 0.323
[Build] Inserted 13200/50000 points, avg insert time (ms): 0.126
[Build] Inserted 13300/50000 points, avg insert time (ms): 0.231
[Build] Inserted 13400/50000 points, avg insert time (ms): 0.225
[Build] Inserted 13500/50000 points, avg insert time (ms): 0.092
[Build] Inserted 13600/50000 points, avg insert time (ms): 0.191
[Build] Inserted 13700/50000 points, avg insert time (ms): 0.203
[Build] Inserted 13800/50000 points, avg insert time (ms): 0.347
[Build] Inserted 13900/50000 points, avg insert time (ms): 0.273
[Build] Inserted 14000/50000 points, avg insert time (ms): 0.102
[Build] Inserted 14100/50000 points, avg insert time (ms): 0.168
[Build] Inserted 14200/50000 points, avg insert time (ms): 0.256
[Build] Inserted 14300/50000 points, avg insert time (ms): 0.097
[Build] Inserted 14400/50000 points, avg insert time (ms): 0.104
[Build] Inserted 14500/50000 points, avg insert time (ms): 0.258
[Build] Inserted 14600/50000 points, avg insert time (ms): 0.101
[Build] Inserted 14700/50000 points, avg insert time (ms): 0.051
[Build] Inserted 14800/50000 points, avg insert time (ms): 0.243
[Build] Inserted 14900/50000 points, avg insert time (ms): 0.141
[Build] Inserted 15000/50000 points, avg insert time (ms): 0.101
[Build] Inserted 15100/50000 points, avg insert time (ms): 0.260
[Build] Inserted 15200/50000 points, avg insert time (ms): 0.341
[Build] Inserted 15300/50000 points, avg insert time (ms): 0.238
[Build] Inserted 15400/50000 points, avg insert time (ms): 0.448
[Build] Inserted 15500/50000 points, avg insert time (ms): 0.045
[Build] Inserted 15600/50000 points, avg insert time (ms): 0.048
[Build] Inserted 15700/50000 points, avg insert time (ms): 0.142
[Build] Inserted 15800/50000 points, avg insert time (ms): 0.407
[Build] Inserted 15900/50000 points, avg insert time (ms): 0.109
[Build] Inserted 16000/50000 points, avg insert time (ms): 0.146
[Build] Inserted 16100/50000 points, avg insert time (ms): 0.048
[Build] Inserted 16200/50000 points, avg insert time (ms): 0.198
[Build] Inserted 16300/50000 points, avg insert time (ms): 0.205
[Build] Inserted 16400/50000 points, avg insert time (ms): 0.351
[Build] Inserted 16500/50000 points, avg insert time (ms): 0.189
[Build] Inserted 16600/50000 points, avg insert time (ms): 0.348
[Build] Inserted 16700/50000 points, avg insert time (ms): 0.249
[Build] Inserted 16800/50000 points, avg insert time (ms): 0.323
[Build] Inserted 16900/50000 points, avg insert time (ms): 0.297
[Build] Inserted 17000/50000 points, avg insert time (ms): 0.067
[Build] Inserted 17100/50000 points, avg insert time (ms): 0.048
[Build] Inserted 17200/50000 points, avg insert time (ms): 0.320
[Build] Inserted 17300/50000 points, avg insert time (ms): 0.228
[Build] Inserted 17400/50000 points, avg insert time (ms): 0.232
[Build] Inserted 17500/50000 points, avg insert time (ms): 0.336
[Build] Inserted 17600/50000 points, avg insert time (ms): 0.247
[Build] Inserted 17700/50000 points, avg insert time (ms): 0.269
[Build] Inserted 17800/50000 points, avg insert time (ms): 0.094
[Build] Inserted 17900/50000 points, avg insert time (ms): 0.097
[Build] Inserted 18000/50000 points, avg insert time (ms): 0.151
[Build] Inserted 18100/50000 points, avg insert time (ms): 0.160
[Build] Inserted 18200/50000 points, avg insert time (ms): 0.286
[Build] Inserted 18300/50000 points, avg insert time (ms): 0.061
[Build] Inserted 18400/50000 points, avg insert time (ms): 0.165
[Build] Inserted 18500/50000 points, avg insert time (ms): 0.417
[Build] Inserted 18600/50000 points, avg insert time (ms): 0.095
[Build] Inserted 18700/50000 points, avg insert time (ms): 0.049
[Build] Inserted 18800/50000 points, avg insert time (ms): 0.051
[Build] Inserted 18900/50000 points, avg insert time (ms): 0.100
[Build] Inserted 19000/50000 points, avg insert time (ms): 0.117
[Build] Inserted 19100/50000 points, avg insert time (ms): 0.245
[Build] Inserted 19200/50000 points, avg insert time (ms): 0.342
[Build] Inserted 19300/50000 points, avg insert time (ms): 0.049
[Build] Inserted 19400/50000 points, avg insert time (ms): 0.048
[Build] Inserted 19500/50000 points, avg insert time (ms): 0.142
[Build] Inserted 19600/50000 points, avg insert time (ms): 0.056
[Build] Inserted 19700/50000 points, avg insert time (ms): 0.168
[Build] Inserted 19800/50000 points, avg insert time (ms): 0.001
[Build] Inserted 19900/50000 points, avg insert time (ms): 0.183
[Build] Inserted 20000/50000 points, avg insert time (ms): 0.140
[Build] Inserted 20100/50000 points, avg insert time (ms): 0.141
[Build] Inserted 20200/50000 points, avg insert time (ms): 0.247
[Build] Inserted 20300/50000 points, avg insert time (ms): 0.160
[Build] Inserted 20400/50000 points, avg insert time (ms): 0.048
[Build] Inserted 20500/50000 points, avg insert time (ms): 0.143
[Build] Inserted 20600/50000 points, avg insert time (ms): 0.219
[Build] Inserted 20700/50000 points, avg insert time (ms): 0.184
[Build] Inserted 20800/50000 points, avg insert time (ms): 0.094
[Build] Inserted 20900/50000 points, avg insert time (ms): 0.267
[Build] Inserted 21000/50000 points, avg insert time (ms): 0.142
[Build] Inserted 21100/50000 points, avg insert time (ms): 0.150
[Build] Inserted 21200/50000 points, avg insert time (ms): 0.122
[Build] Inserted 21300/50000 points, avg insert time (ms): 0.098
[Build] Inserted 21400/50000 points, avg insert time (ms): 0.096
[Build] Inserted 21500/50000 points, avg insert time (ms): 0.146
[Build] Inserted 21600/50000 points, avg insert time (ms): 0.269
[Build] Inserted 21700/50000 points, avg insert time (ms): 0.095
[Build] Inserted 21800/50000 points, avg insert time (ms): 0.149
[Build] Inserted 21900/50000 points, avg insert time (ms): 0.230
[Build] Inserted 22000/50000 points, avg insert time (ms): 0.145
[Build] Inserted 22100/50000 points, avg insert time (ms): 0.516
[Build] Inserted 22200/50000 points, avg insert time (ms): 0.368
[Build] Inserted 22300/50000 points, avg insert time (ms): 0.097
[Build] Inserted 22400/50000 points, avg insert time (ms): 0.285
[Build] Inserted 22500/50000 points, avg insert time (ms): 0.341
[Build] Inserted 22600/50000 points, avg insert time (ms): 0.238
[Build] Inserted 22700/50000 points, avg insert time (ms): 0.094
[Build] Inserted 22800/50000 points, avg insert time (ms): 0.248
[Build] Inserted 22900/50000 points, avg insert time (ms): 0.166
[Build] Inserted 23000/50000 points, avg insert time (ms): 0.361
[Build] Inserted 23100/50000 points, avg insert time (ms): 0.238
[Build] Inserted 23200/50000 points, avg insert time (ms): 0.188
[Build] Inserted 23300/50000 points, avg insert time (ms): 0.142
[Build] Inserted 23400/50000 points, avg insert time (ms): 0.226
[Build] Inserted 23500/50000 points, avg insert time (ms): 0.096
[Build] Inserted 23600/50000 points, avg insert time (ms): 0.254
[Build] Inserted 23700/50000 points, avg insert time (ms): 0.207
[Build] Inserted 23800/50000 points, avg insert time (ms): 0.205
[Build] Inserted 23900/50000 points, avg insert time (ms): 0.114
[Build] Inserted 24000/50000 points, avg insert time (ms): 0.330
[Build] Inserted 24100/50000 points, avg insert time (ms): 0.176
[Build] Inserted 24200/50000 points, avg insert time (ms): 0.247
[Build] Inserted 24300/50000 points, avg insert time (ms): 0.467
[Build] Inserted 24400/50000 points, avg insert time (ms): 0.292
[Build] Inserted 24500/50000 points, avg insert time (ms): 0.376
[Build] Inserted 24600/50000 points, avg insert time (ms): 0.145
[Build] Inserted 24700/50000 points, avg insert time (ms): 0.383
[Build] Inserted 24800/50000 points, avg insert time (ms): 0.201
[Build] Inserted 24900/50000 points, avg insert time (ms): 0.100
[Build] Inserted 25000/50000 points, avg insert time (ms): 0.256
[Build] Inserted 25100/50000 points, avg insert time (ms): 0.198
[Build] Inserted 25200/50000 points, avg insert time (ms): 0.175
[Build] Inserted 25300/50000 points, avg insert time (ms): 0.052
[Build] Inserted 25400/50000 points, avg insert time (ms): 0.294
[Build] Inserted 25500/50000 points, avg insert time (ms): 0.371
[Build] Inserted 25600/50000 points, avg insert time (ms): 0.199
[Build] Inserted 25700/50000 points, avg insert time (ms): 0.294
[Build] Inserted 25800/50000 points, avg insert time (ms): 0.267
[Build] Inserted 25900/50000 points, avg insert time (ms): 0.135
[Build] Inserted 26000/50000 points, avg insert time (ms): 0.356
[Build] Inserted 26100/50000 points, avg insert time (ms): 0.388
[Build] Inserted 26200/50000 points, avg insert time (ms): 0.233
[Build] Inserted 26300/50000 points, avg insert time (ms): 0.146
[Build] Inserted 26400/50000 points, avg insert time (ms): 0.099
[Build] Inserted 26500/50000 points, avg insert time (ms): 0.110
[Build] Inserted 26600/50000 points, avg insert time (ms): 0.164
[Build] Inserted 26700/50000 points, avg insert time (ms): 0.471
[Build] Inserted 26800/50000 points, avg insert time (ms): 0.230
[Build] Inserted 26900/50000 points, avg insert time (ms): 0.186
[Build] Inserted 27000/50000 points, avg insert time (ms): 0.215
[Build] Inserted 27100/50000 points, avg insert time (ms): 0.241
[Build] Inserted 27200/50000 points, avg insert time (ms): 0.001
[Build] Inserted 27300/50000 points, avg insert time (ms): 0.431
[Build] Inserted 27400/50000 points, avg insert time (ms): 0.212
[Build] Inserted 27500/50000 points, avg insert time (ms): 0.243
[Build] Inserted 27600/50000 points, avg insert time (ms): 0.381
[Build] Inserted 27700/50000 points, avg insert time (ms): 0.257
[Build] Inserted 27800/50000 points, avg insert time (ms): 0.312
[Build] Inserted 27900/50000 points, avg insert time (ms): 0.280
[Build] Inserted 28000/50000 points, avg insert time (ms): 0.330
[Build] Inserted 28100/50000 points, avg insert time (ms): 0.303
[Build] Inserted 28200/50000 points, avg insert time (ms): 0.176
[Build] Inserted 28300/50000 points, avg insert time (ms): 0.168
[Build] Inserted 28400/50000 points, avg insert time (ms): 0.132
[Build] Inserted 28500/50000 points, avg insert time (ms): 0.234
[Build] Inserted 28600/50000 points, avg insert time (ms): 0.197
[Build] Inserted 28700/50000 points, avg insert time (ms): 0.087
[Build] Inserted 28800/50000 points, avg insert time (ms): 0.180
[Build] Inserted 28900/50000 points, avg insert time (ms): 0.260
[Build] Inserted 29000/50000 points, avg insert time (ms): 0.176
[Build] Inserted 29100/50000 points, avg insert time (ms): 0.165
[Build] Inserted 29200/50000 points, avg insert time (ms): 0.210
[Build] Inserted 29300/50000 points, avg insert time (ms): 0.043
[Build] Inserted 29400/50000 points, avg insert time (ms): 0.205
[Build] Inserted 29500/50000 points, avg insert time (ms): 0.173
[Build] Inserted 29600/50000 points, avg insert time (ms): 0.337
[Build] Inserted 29700/50000 points, avg insert time (ms): 0.127
[Build] Inserted 29800/50000 points, avg insert time (ms): 0.175
[Build] Inserted 29900/50000 points, avg insert time (ms): 0.354
[Build] Inserted 30000/50000 points, avg insert time (ms): 0.204
[Build] Inserted 30100/50000 points, avg insert time (ms): 0.267
[Build] Inserted 30200/50000 points, avg insert time (ms): 0.265
[Build] Inserted 30300/50000 points, avg insert time (ms): 0.045
[Build] Inserted 30400/50000 points, avg insert time (ms): 0.089
[Build] Inserted 30500/50000 points, avg insert time (ms): 0.134
[Build] Inserted 30600/50000 points, avg insert time (ms): 0.220
[Build] Inserted 30700/50000 points, avg insert time (ms): 0.235
[Build] Inserted 30800/50000 points, avg insert time (ms): 0.207
[Build] Inserted 30900/50000 points, avg insert time (ms): 0.263
[Build] Inserted 31000/50000 points, avg insert time (ms): 0.272
[Build] Inserted 31100/50000 points, avg insert time (ms): 0.354
[Build] Inserted 31200/50000 points, avg insert time (ms): 9.874
[Build] Inserted 31300/50000 points, avg insert time (ms): 0.175
[Build] Inserted 31400/50000 points, avg insert time (ms): 0.343
[Build] Inserted 31500/50000 points, avg insert time (ms): 0.131
[Build] Inserted 31600/50000 points, avg insert time (ms): 0.044
[Build] Inserted 31700/50000 points, avg insert time (ms): 0.303
[Build] Inserted 31800/50000 points, avg insert time (ms): 0.176
[Build] Inserted 31900/50000 points, avg insert time (ms): 0.150
[Build] Inserted 32000/50000 points, avg insert time (ms): 0.297
[Build] Inserted 32100/50000 points, avg insert time (ms): 0.132
[Build] Inserted 32200/50000 points, avg insert time (ms): 0.248
[Build] Inserted 32300/50000 points, avg insert time (ms): 0.402
[Build] Inserted 32400/50000 points, avg insert time (ms): 0.288
[Build] Inserted 32500/50000 points, avg insert time (ms): 0.046
[Build] Inserted 32600/50000 points, avg insert time (ms): 0.235
[Build] Inserted 32700/50000 points, avg insert time (ms): 0.163
[Build] Inserted 32800/50000 points, avg insert time (ms): 0.091
[Build] Inserted 32900/50000 points, avg insert time (ms): 0.045
[Build] Inserted 33000/50000 points, avg insert time (ms): 0.227
[Build] Inserted 33100/50000 points, avg insert time (ms): 0.001
[Build] Inserted 33200/50000 points, avg insert time (ms): 0.294
[Build] Inserted 33300/50000 points, avg insert time (ms): 0.085
[Build] Inserted 33400/50000 points, avg insert time (ms): 0.294
[Build] Inserted 33500/50000 points, avg insert time (ms): 0.046
[Build] Inserted 33600/50000 points, avg insert time (ms): 0.177
[Build] Inserted 33700/50000 points, avg insert time (ms): 0.346
[Build] Inserted 33800/50000 points, avg insert time (ms): 0.192
[Build] Inserted 33900/50000 points, avg insert time (ms): 0.071
[Build] Inserted 34000/50000 points, avg insert time (ms): 0.083
[Build] Inserted 34100/50000 points, avg insert time (ms): 0.871
[Build] Inserted 34200/50000 points, avg insert time (ms): 0.090
[Build] Inserted 34300/50000 points, avg insert time (ms): 0.197
[Build] Inserted 34400/50000 points, avg insert time (ms): 0.128
[Build] Inserted 34500/50000 points, avg insert time (ms): 0.378
[Build] Inserted 34600/50000 points, avg insert time (ms): 0.125
[Build] Inserted 34700/50000 points, avg insert time (ms): 0.143
[Build] Inserted 34800/50000 points, avg insert time (ms): 0.190
[Build] Inserted 34900/50000 points, avg insert time (ms): 0.128
[Build] Inserted 35000/50000 points, avg insert time (ms): 0.177
[Build] Inserted 35100/50000 points, avg insert time (ms): 0.212
[Build] Inserted 35200/50000 points, avg insert time (ms): 0.284
[Build] Inserted 35300/50000 points, avg insert time (ms): 0.178
[Build] Inserted 35400/50000 points, avg insert time (ms): 0.249
[Build] Inserted 35500/50000 points, avg insert time (ms): 0.131
[Build] Inserted 35600/50000 points, avg insert time (ms): 0.046
[Build] Inserted 35700/50000 points, avg insert time (ms): 0.089
[Build] Inserted 35800/50000 points, avg insert time (ms): 0.044
[Build] Inserted 35900/50000 points, avg insert time (ms): 0.250
[Build] Inserted 36000/50000 points, avg insert time (ms): 0.000
[Build] Inserted 36100/50000 points, avg insert time (ms): 0.248
[Build] Inserted 36200/50000 points, avg insert time (ms): 0.266
[Build] Inserted 36300/50000 points, avg insert time (ms): 0.300
[Build] Inserted 36400/50000 points, avg insert time (ms): 0.175
[Build] Inserted 36500/50000 points, avg insert time (ms): 0.344
[Build] Inserted 36600/50000 points, avg insert time (ms): 0.347
[Build] Inserted 36700/50000 points, avg insert time (ms): 0.172
[Build] Inserted 36800/50000 points, avg insert time (ms): 0.174
[Build] Inserted 36900/50000 points, avg insert time (ms): 0.218
[Build] Inserted 37000/50000 points, avg insert time (ms): 0.135
[Build] Inserted 37100/50000 points, avg insert time (ms): 0.298
[Build] Inserted 37200/50000 points, avg insert time (ms): 0.306
[Build] Inserted 37300/50000 points, avg insert time (ms): 0.167
[Build] Inserted 37400/50000 points, avg insert time (ms): 0.044
[Build] Inserted 37500/50000 points, avg insert time (ms): 0.128
[Build] Inserted 37600/50000 points, avg insert time (ms): 0.097
[Build] Inserted 37700/50000 points, avg insert time (ms): 0.234
[Build] Inserted 37800/50000 points, avg insert time (ms): 0.328
[Build] Inserted 37900/50000 points, avg insert time (ms): 0.045
[Build] Inserted 38000/50000 points, avg insert time (ms): 0.279
[Build] Inserted 38100/50000 points, avg insert time (ms): 0.261
[Build] Inserted 38200/50000 points, avg insert time (ms): 0.136
[Build] Inserted 38300/50000 points, avg insert time (ms): 0.113
[Build] Inserted 38400/50000 points, avg insert time (ms): 0.130
[Build] Inserted 38500/50000 points, avg insert time (ms): 0.568
[Build] Inserted 38600/50000 points, avg insert time (ms): 0.189
[Build] Inserted 38700/50000 points, avg insert time (ms): 0.165
[Build] Inserted 38800/50000 points, avg insert time (ms): 0.184
[Build] Inserted 38900/50000 points, avg insert time (ms): 0.125
[Build] Inserted 39000/50000 points, avg insert time (ms): 0.092
[Build] Inserted 39100/50000 points, avg insert time (ms): 0.140
[Build] Inserted 39200/50000 points, avg insert time (ms): 0.001
[Build] Inserted 39300/50000 points, avg insert time (ms): 0.277
[Build] Inserted 39400/50000 points, avg insert time (ms): 0.244
[Build] Inserted 39500/50000 points, avg insert time (ms): 0.217
[Build] Inserted 39600/50000 points, avg insert time (ms): 0.185
[Build] Inserted 39700/50000 points, avg insert time (ms): 0.050
[Build] Inserted 39800/50000 points, avg insert time (ms): 0.001
[Build] Inserted 39900/50000 points, avg insert time (ms): 0.228
[Build] Inserted 40000/50000 points, avg insert time (ms): 0.092
[Build] Inserted 40100/50000 points, avg insert time (ms): 0.405
[Build] Inserted 40200/50000 points, avg insert time (ms): 0.142
[Build] Inserted 40300/50000 points, avg insert time (ms): 0.192
[Build] Inserted 40400/50000 points, avg insert time (ms): 0.209
[Build] Inserted 40500/50000 points, avg insert time (ms): 0.140
[Build] Inserted 40600/50000 points, avg insert time (ms): 0.176
[Build] Inserted 40700/50000 points, avg insert time (ms): 0.089
[Build] Inserted 40800/50000 points, avg insert time (ms): 0.341
[Build] Inserted 40900/50000 points, avg insert time (ms): 0.152
[Build] Inserted 41000/50000 points, avg insert time (ms): 0.046
[Build] Inserted 41100/50000 points, avg insert time (ms): 0.091
[Build] Inserted 41200/50000 points, avg insert time (ms): 0.178
[Build] Inserted 41300/50000 points, avg insert time (ms): 0.097
[Build] Inserted 41400/50000 points, avg insert time (ms): 0.186
[Build] Inserted 41500/50000 points, avg insert time (ms): 0.213
[Build] Inserted 41600/50000 points, avg insert time (ms): 0.290
[Build] Inserted 41700/50000 points, avg insert time (ms): 0.275
[Build] Inserted 41800/50000 points, avg insert time (ms): 0.190
[Build] Inserted 41900/50000 points, avg insert time (ms): 0.200
[Build] Inserted 42000/50000 points, avg insert time (ms): 0.069
[Build] Inserted 42100/50000 points, avg insert time (ms): 0.095
[Build] Inserted 42200/50000 points, avg insert time (ms): 0.093
[Build] Inserted 42300/50000 points, avg insert time (ms): 0.192
[Build] Inserted 42400/50000 points, avg insert time (ms): 0.130
[Build] Inserted 42500/50000 points, avg insert time (ms): 0.093
[Build] Inserted 42600/50000 points, avg insert time (ms): 0.140
[Build] Inserted 42700/50000 points, avg insert time (ms): 0.096
[Build] Inserted 42800/50000 points, avg insert time (ms): 0.263
[Build] Inserted 42900/50000 points, avg insert time (ms): 0.097
[Build] Inserted 43000/50000 points, avg insert time (ms): 0.283
[Build] Inserted 43100/50000 points, avg insert time (ms): 0.234
[Build] Inserted 43200/50000 points, avg insert time (ms): 0.097
[Build] Inserted 43300/50000 points, avg insert time (ms): 0.287
[Build] Inserted 43400/50000 points, avg insert time (ms): 0.094
[Build] Inserted 43500/50000 points, avg insert time (ms): 0.190
[Build] Inserted 43600/50000 points, avg insert time (ms): 0.128
[Build] Inserted 43700/50000 points, avg insert time (ms): 0.239
[Build] Inserted 43800/50000 points, avg insert time (ms): 0.154
[Build] Inserted 43900/50000 points, avg insert time (ms): 0.069
[Build] Inserted 44000/50000 points, avg insert time (ms): 0.142
[Build] Inserted 44100/50000 points, avg insert time (ms): 0.199
[Build] Inserted 44200/50000 points, avg insert time (ms): 0.161
[Build] Inserted 44300/50000 points, avg insert time (ms): 0.296
[Build] Inserted 44400/50000 points, avg insert time (ms): 0.305
[Build] Inserted 44500/50000 points, avg insert time (ms): 0.208
[Build] Inserted 44600/50000 points, avg insert time (ms): 0.137
[Build] Inserted 44700/50000 points, avg insert time (ms): 0.065
[Build] Inserted 44800/50000 points, avg insert time (ms): 0.282
[Build] Inserted 44900/50000 points, avg insert time (ms): 0.092
[Build] Inserted 45000/50000 points, avg insert time (ms): 0.288
[Build] Inserted 45100/50000 points, avg insert time (ms): 0.047
[Build] Inserted 45200/50000 points, avg insert time (ms): 0.342
[Build] Inserted 45300/50000 points, avg insert time (ms): 0.155
[Build] Inserted 45400/50000 points, avg insert time (ms): 0.196
[Build] Inserted 45500/50000 points, avg insert time (ms): 0.222
[Build] Inserted 45600/50000 points, avg insert time (ms): 0.238
[Build] Inserted 45700/50000 points, avg insert time (ms): 0.361
[Build] Inserted 45800/50000 points, avg insert time (ms): 0.093
[Build] Inserted 45900/50000 points, avg insert time (ms): 0.222
[Build] Inserted 46000/50000 points, avg insert time (ms): 0.093
[Build] Inserted 46100/50000 points, avg insert time (ms): 0.182
[Build] Inserted 46200/50000 points, avg insert time (ms): 0.268
[Build] Inserted 46300/50000 points, avg insert time (ms): 0.228
[Build] Inserted 46400/50000 points, avg insert time (ms): 0.001
[Build] Inserted 46500/50000 points, avg insert time (ms): 0.412
[Build] Inserted 46600/50000 points, avg insert time (ms): 0.091
[Build] Inserted 46700/50000 points, avg insert time (ms): 0.321
[Build] Inserted 46800/50000 points, avg insert time (ms): 0.143
[Build] Inserted 46900/50000 points, avg insert time (ms): 0.333
[Build] Inserted 47000/50000 points, avg insert time (ms): 0.099
[Build] Inserted 47100/50000 points, avg insert time (ms): 0.001
[Build] Inserted 47200/50000 points, avg insert time (ms): 0.211
[Build] Inserted 47300/50000 points, avg insert time (ms): 0.210
[Build] Inserted 47400/50000 points, avg insert time (ms): 0.054
[Build] Inserted 47500/50000 points, avg insert time (ms): 0.157
[Build] Inserted 47600/50000 points, avg insert time (ms): 0.420
[Build] Inserted 47700/50000 points, avg insert time (ms): 0.267
[Build] Inserted 47800/50000 points, avg insert time (ms): 0.203
[Build] Inserted 47900/50000 points, avg insert time (ms): 0.287
[Build] Inserted 48000/50000 points, avg insert time (ms): 0.371
[Build] Inserted 48100/50000 points, avg insert time (ms): 0.235
[Build] Inserted 48200/50000 points, avg insert time (ms): 0.277
[Build] Inserted 48300/50000 points, avg insert time (ms): 0.240
[Build] Inserted 48400/50000 points, avg insert time (ms): 0.227
[Build] Inserted 48500/50000 points, avg insert time (ms): 0.238
[Build] Inserted 48600/50000 points, avg insert time (ms): 0.218
[Build] Inserted 48700/50000 points, avg insert time (ms): 0.094
[Build] Inserted 48800/50000 points, avg insert time (ms): 0.263
[Build] Inserted 48900/50000 points, avg insert time (ms): 0.144
[Build] Inserted 49000/50000 points, avg insert time (ms): 0.362
[Build] Inserted 49100/50000 points, avg insert time (ms): 0.242
[Build] Inserted 49200/50000 points, avg insert time (ms): 0.093
[Build] Inserted 49300/50000 points, avg insert time (ms): 0.143
[Build] Inserted 49400/50000 points, avg insert time (ms): 0.317
[Build] Inserted 49500/50000 points, avg insert time (ms): 0.147
[Build] Inserted 49600/50000 points, avg insert time (ms): 0.182
[Build] Inserted 49700/50000 points, avg insert time (ms): 0.401
[Build] Inserted 49800/50000 points, avg insert time (ms): 0.255
[Build] Inserted 49900/50000 points, avg insert time (ms): 0.349
[Build] Inserted 50000/50000 points, avg insert time (ms): 0.386
[Timing] Total insertion time: 11.36 s
[Build] Starting queries...
[Query] Processed 100/5000 queries, avg query time (ms): 13.645
[Query] Processed 200/5000 queries, avg query time (ms): 13.906
[Query] Processed 300/5000 queries, avg query time (ms): 13.027
[Query] Processed 400/5000 queries, avg query time (ms): 12.509
[Query] Processed 500/5000 queries, avg query time (ms): 12.501
[Query] Processed 600/5000 queries, avg query time (ms): 13.085
[Query] Processed 700/5000 queries, avg query time (ms): 13.663
[Query] Processed 800/5000 queries, avg query time (ms): 13.476
[Query] Processed 900/5000 queries, avg query time (ms): 13.284
[Query] Processed 1000/5000 queries, avg query time (ms): 13.200
[Query] Processed 1100/5000 queries, avg query time (ms): 12.198
[Query] Processed 1200/5000 queries, avg query time (ms): 12.877
[Query] Processed 1300/5000 queries, avg query time (ms): 15.169
[Query] Processed 1400/5000 queries, avg query time (ms): 13.366
[Query] Processed 1500/5000 queries, avg query time (ms): 14.171
[Query] Processed 1600/5000 queries, avg query time (ms): 13.064
[Query] Processed 1700/5000 queries, avg query time (ms): 13.453
[Query] Processed 1800/5000 queries, avg query time (ms): 11.588
[Query] Processed 1900/5000 queries, avg query time (ms): 11.636
[Query] Processed 2000/5000 queries, avg query time (ms): 13.042
[Query] Processed 2100/5000 queries, avg query time (ms): 12.639
[Query] Processed 2200/5000 queries, avg query time (ms): 19.991
[Query] Processed 2300/5000 queries, avg query time (ms): 10.197
[Query] Processed 2400/5000 queries, avg query time (ms): 9.928
[Query] Processed 2500/5000 queries, avg query time (ms): 10.138
[Query] Processed 2600/5000 queries, avg query time (ms): 10.290
[Query] Processed 2700/5000 queries, avg query time (ms): 11.196
[Query] Processed 2800/5000 queries, avg query time (ms): 13.280
[Query] Processed 2900/5000 queries, avg query time (ms): 10.985
[Query] Processed 3000/5000 queries, avg query time (ms): 9.654
[Query] Processed 3100/5000 queries, avg query time (ms): 12.196
[Query] Processed 3200/5000 queries, avg query time (ms): 10.912
[Query] Processed 3300/5000 queries, avg query time (ms): 10.745
[Query] Processed 3400/5000 queries, avg query time (ms): 10.214
[Query] Processed 3500/5000 queries, avg query time (ms): 10.441
[Query] Processed 3600/5000 queries, avg query time (ms): 10.379
[Query] Processed 3700/5000 queries, avg query time (ms): 10.640
[Query] Processed 3800/5000 queries, avg query time (ms): 10.416
[Query] Processed 3900/5000 queries, avg query time (ms): 9.354
[Query] Processed 4000/5000 queries, avg query time (ms): 9.743
[Query] Processed 4100/5000 queries, avg query time (ms): 9.944
[Query] Processed 4200/5000 queries, avg query time (ms): 10.666
[Query] Processed 4300/5000 queries, avg query time (ms): 11.653
[Query] Processed 4400/5000 queries, avg query time (ms): 9.918
[Query] Processed 4500/5000 queries, avg query time (ms): 9.169
[Query] Processed 4600/5000 queries, avg query time (ms): 8.873
[Query] Processed 4700/5000 queries, avg query time (ms): 9.555
[Query] Processed 4800/5000 queries, avg query time (ms): 9.891
[Query] Processed 4900/5000 queries, avg query time (ms): 10.169
[Query] Processed 5000/5000 queries, avg query time (ms): 9.381
[Timing] Total query time: 58.62 s
[Eval] Computing ground truth top-K...
[Timing] Ground truth (FAISS): 6.97 s (1.393 ms/query)
[Timing] Ground truth computation: 7.81 s
[Eval] Computing recall metrics...
[Timing] Recall evaluation: 45.23 s
[Eval] Computing (c,r)-ANN accuracy...
[Timing] FAISS r* computation: 5.90 s (1.180 ms/query)
[CR-ANN] 100/5000 processed, avg time (ann.query): 18.882 ms
[CR-ANN] 200/5000 processed, avg time (ann.query): 18.958 ms
[CR-ANN] 300/5000 processed, avg time (ann.query): 19.556 ms
[CR-ANN] 400/5000 processed, avg time (ann.query): 19.703 ms
[CR-ANN] 500/5000 processed, avg time (ann.query): 22.425 ms
[CR-ANN] 600/5000 processed, avg time (ann.query): 30.344 ms
[CR-ANN] 700/5000 processed, avg time (ann.query): 23.289 ms
[CR-ANN] 800/5000 processed, avg time (ann.query): 17.048 ms
[CR-ANN] 900/5000 processed, avg time (ann.query): 19.906 ms
[CR-ANN] 1000/5000 processed, avg time (ann.query): 17.587 ms
[CR-ANN] 1100/5000 processed, avg time (ann.query): 20.471 ms
[CR-ANN] 1200/5000 processed, avg time (ann.query): 18.101 ms
[CR-ANN] 1300/5000 processed, avg time (ann.query): 16.887 ms
[CR-ANN] 1400/5000 processed, avg time (ann.query): 17.803 ms
[CR-ANN] 1500/5000 processed, avg time (ann.query): 18.968 ms
[CR-ANN] 1600/5000 processed, avg time (ann.query): 24.106 ms
[CR-ANN] 1700/5000 processed, avg time (ann.query): 22.510 ms
[CR-ANN] 1800/5000 processed, avg time (ann.query): 21.664 ms
[CR-ANN] 1900/5000 processed, avg time (ann.query): 22.311 ms
[CR-ANN] 2000/5000 processed, avg time (ann.query): 19.551 ms
[CR-ANN] 2100/5000 processed, avg time (ann.query): 22.217 ms
[CR-ANN] 2200/5000 processed, avg time (ann.query): 29.261 ms
[CR-ANN] 2300/5000 processed, avg time (ann.query): 17.722 ms
[CR-ANN] 2400/5000 processed, avg time (ann.query): 20.284 ms
[CR-ANN] 2500/5000 processed, avg time (ann.query): 20.458 ms
[CR-ANN] 2600/5000 processed, avg time (ann.query): 17.757 ms
[CR-ANN] 2700/5000 processed, avg time (ann.query): 21.124 ms
[CR-ANN] 2800/5000 processed, avg time (ann.query): 22.508 ms
[CR-ANN] 2900/5000 processed, avg time (ann.query): 20.426 ms
[CR-ANN] 3000/5000 processed, avg time (ann.query): 21.029 ms
[CR-ANN] 3100/5000 processed, avg time (ann.query): 19.330 ms
[CR-ANN] 3200/5000 processed, avg time (ann.query): 19.689 ms
[CR-ANN] 3300/5000 processed, avg time (ann.query): 17.813 ms
[CR-ANN] 3400/5000 processed, avg time (ann.query): 21.248 ms
[CR-ANN] 3500/5000 processed, avg time (ann.query): 19.010 ms
[CR-ANN] 3600/5000 processed, avg time (ann.query): 22.056 ms
[CR-ANN] 3700/5000 processed, avg time (ann.query): 21.341 ms
[CR-ANN] 3800/5000 processed, avg time (ann.query): 28.583 ms
[CR-ANN] 3900/5000 processed, avg time (ann.query): 22.465 ms
[CR-ANN] 4000/5000 processed, avg time (ann.query): 20.284 ms
[CR-ANN] 4100/5000 processed, avg time (ann.query): 21.325 ms
[CR-ANN] 4200/5000 processed, avg time (ann.query): 22.125 ms
[CR-ANN] 4300/5000 processed, avg time (ann.query): 24.892 ms
[CR-ANN] 4400/5000 processed, avg time (ann.query): 18.659 ms
[CR-ANN] 4500/5000 processed, avg time (ann.query): 18.326 ms
[CR-ANN] 4600/5000 processed, avg time (ann.query): 20.355 ms
[CR-ANN] 4700/5000 processed, avg time (ann.query): 19.152 ms
[CR-ANN] 4800/5000 processed, avg time (ann.query): 20.643 ms
[CR-ANN] 4900/5000 processed, avg time (ann.query): 16.797 ms
[CR-ANN] 5000/5000 processed, avg time (ann.query): 19.326 ms
[Timing] (c,r)-ANN eval: 103.72 s (20.745 ms/query)
[Sanity Check] Total Relevant = 4464
[Timing] (c,r)-ANN evaluation: 109.83 s
[Result] Memory breakdown (MB): {'hash_functions_MB': 20.342681884765625, 'bucket_ids_MB': 2.286407470703125, 'num_ids': 599368, 'num_buckets': 222253, 'hash_tables_overhead_MB': 18.65221405029297, 'total_MB': 41.28130340576172}
[Result] Epsilon-recall: 0.9922
[Result] (c,r)-ANN accuracy: 1.0000

[Timing Summary]
  Insert phase: 11.36 s
  Query phase: 58.62 s
  Ground truth: 7.81 s
  Recall eval: 45.23 s
  (c,r)-ANN eval: 109.83 s
  Total time: 232.85 s
[SUMMARY] r=0.5, eps=0.8, eta=0.3, recall=0.9922, (c,r)-ANN accuracy=1.0, memory=41.28130340576172
