[Init] Inputs : eta=0.50, epsilon=1.00, r=0.50
[Init] LSH Parameters : w=1.886, p1=0.7885, p2=0.5891, rho=0.4491
[Init] Data Structure Parameters : k=21, L=163, key_bits=672, mode=speed
[Build] Starting insertion...
[Build] Inserted 100/50000 points, avg insert time (ms): 0.001
[Build] Inserted 200/50000 points, avg insert time (ms): 0.001
[Build] Inserted 300/50000 points, avg insert time (ms): 0.037
[Build] Inserted 400/50000 points, avg insert time (ms): 0.027
[Build] Inserted 500/50000 points, avg insert time (ms): 0.024
[Build] Inserted 600/50000 points, avg insert time (ms): 0.026
[Build] Inserted 700/50000 points, avg insert time (ms): 0.029
[Build] Inserted 800/50000 points, avg insert time (ms): 0.001
[Build] Inserted 900/50000 points, avg insert time (ms): 0.001
[Build] Inserted 1000/50000 points, avg insert time (ms): 0.001
[Build] Inserted 1100/50000 points, avg insert time (ms): 0.001
[Build] Inserted 1200/50000 points, avg insert time (ms): 0.001
[Build] Inserted 1300/50000 points, avg insert time (ms): 0.000
[Build] Inserted 1400/50000 points, avg insert time (ms): 0.025
[Build] Inserted 1500/50000 points, avg insert time (ms): 0.001
[Build] Inserted 1600/50000 points, avg insert time (ms): 0.001
[Build] Inserted 1700/50000 points, avg insert time (ms): 0.001
[Build] Inserted 1800/50000 points, avg insert time (ms): 0.037
[Build] Inserted 1900/50000 points, avg insert time (ms): 0.025
[Build] Inserted 2000/50000 points, avg insert time (ms): 0.001
[Build] Inserted 2100/50000 points, avg insert time (ms): 0.001
[Build] Inserted 2200/50000 points, avg insert time (ms): 0.041
[Build] Inserted 2300/50000 points, avg insert time (ms): 0.001
[Build] Inserted 2400/50000 points, avg insert time (ms): 0.001
[Build] Inserted 2500/50000 points, avg insert time (ms): 0.001
[Build] Inserted 2600/50000 points, avg insert time (ms): 0.039
[Build] Inserted 2700/50000 points, avg insert time (ms): 0.001
[Build] Inserted 2800/50000 points, avg insert time (ms): 0.000
[Build] Inserted 2900/50000 points, avg insert time (ms): 0.025
[Build] Inserted 3000/50000 points, avg insert time (ms): 0.022
[Build] Inserted 3100/50000 points, avg insert time (ms): 0.001
[Build] Inserted 3200/50000 points, avg insert time (ms): 0.046
[Build] Inserted 3300/50000 points, avg insert time (ms): 0.001
[Build] Inserted 3400/50000 points, avg insert time (ms): 0.030
[Build] Inserted 3500/50000 points, avg insert time (ms): 0.001
[Build] Inserted 3600/50000 points, avg insert time (ms): 0.001
[Build] Inserted 3700/50000 points, avg insert time (ms): 0.001
[Build] Inserted 3800/50000 points, avg insert time (ms): 0.029
[Build] Inserted 3900/50000 points, avg insert time (ms): 0.033
[Build] Inserted 4000/50000 points, avg insert time (ms): 0.000
[Build] Inserted 4100/50000 points, avg insert time (ms): 0.001
[Build] Inserted 4200/50000 points, avg insert time (ms): 0.043
[Build] Inserted 4300/50000 points, avg insert time (ms): 0.001
[Build] Inserted 4400/50000 points, avg insert time (ms): 0.001
[Build] Inserted 4500/50000 points, avg insert time (ms): 0.030
[Build] Inserted 4600/50000 points, avg insert time (ms): 0.001
[Build] Inserted 4700/50000 points, avg insert time (ms): 0.024
[Build] Inserted 4800/50000 points, avg insert time (ms): 0.048
[Build] Inserted 4900/50000 points, avg insert time (ms): 0.001
[Build] Inserted 5000/50000 points, avg insert time (ms): 0.001
[Build] Inserted 5100/50000 points, avg insert time (ms): 0.041
[Build] Inserted 5200/50000 points, avg insert time (ms): 0.001
[Build] Inserted 5300/50000 points, avg insert time (ms): 0.023
[Build] Inserted 5400/50000 points, avg insert time (ms): 0.001
[Build] Inserted 5500/50000 points, avg insert time (ms): 0.023
[Build] Inserted 5600/50000 points, avg insert time (ms): 0.001
[Build] Inserted 5700/50000 points, avg insert time (ms): 0.001
[Build] Inserted 5800/50000 points, avg insert time (ms): 0.023
[Build] Inserted 5900/50000 points, avg insert time (ms): 0.001
[Build] Inserted 6000/50000 points, avg insert time (ms): 0.001
[Build] Inserted 6100/50000 points, avg insert time (ms): 0.001
[Build] Inserted 6200/50000 points, avg insert time (ms): 0.000
[Build] Inserted 6300/50000 points, avg insert time (ms): 0.000
[Build] Inserted 6400/50000 points, avg insert time (ms): 0.029
[Build] Inserted 6500/50000 points, avg insert time (ms): 0.001
[Build] Inserted 6600/50000 points, avg insert time (ms): 0.001
[Build] Inserted 6700/50000 points, avg insert time (ms): 0.031
[Build] Inserted 6800/50000 points, avg insert time (ms): 0.028
[Build] Inserted 6900/50000 points, avg insert time (ms): 0.001
[Build] Inserted 7000/50000 points, avg insert time (ms): 0.001
[Build] Inserted 7100/50000 points, avg insert time (ms): 0.001
[Build] Inserted 7200/50000 points, avg insert time (ms): 0.000
[Build] Inserted 7300/50000 points, avg insert time (ms): 0.031
[Build] Inserted 7400/50000 points, avg insert time (ms): 0.001
[Build] Inserted 7500/50000 points, avg insert time (ms): 0.027
[Build] Inserted 7600/50000 points, avg insert time (ms): 0.001
[Build] Inserted 7700/50000 points, avg insert time (ms): 0.000
[Build] Inserted 7800/50000 points, avg insert time (ms): 0.026
[Build] Inserted 7900/50000 points, avg insert time (ms): 0.024
[Build] Inserted 8000/50000 points, avg insert time (ms): 0.027
[Build] Inserted 8100/50000 points, avg insert time (ms): 0.029
[Build] Inserted 8200/50000 points, avg insert time (ms): 0.001
[Build] Inserted 8300/50000 points, avg insert time (ms): 0.001
[Build] Inserted 8400/50000 points, avg insert time (ms): 0.001
[Build] Inserted 8500/50000 points, avg insert time (ms): 0.001
[Build] Inserted 8600/50000 points, avg insert time (ms): 0.001
[Build] Inserted 8700/50000 points, avg insert time (ms): 0.001
[Build] Inserted 8800/50000 points, avg insert time (ms): 0.001
[Build] Inserted 8900/50000 points, avg insert time (ms): 0.000
[Build] Inserted 9000/50000 points, avg insert time (ms): 0.001
[Build] Inserted 9100/50000 points, avg insert time (ms): 0.001
[Build] Inserted 9200/50000 points, avg insert time (ms): 0.001
[Build] Inserted 9300/50000 points, avg insert time (ms): 0.025
[Build] Inserted 9400/50000 points, avg insert time (ms): 0.001
[Build] Inserted 9500/50000 points, avg insert time (ms): 0.000
[Build] Inserted 9600/50000 points, avg insert time (ms): 0.035
[Build] Inserted 9700/50000 points, avg insert time (ms): 0.047
[Build] Inserted 9800/50000 points, avg insert time (ms): 0.001
[Build] Inserted 9900/50000 points, avg insert time (ms): 0.024
[Build] Inserted 10000/50000 points, avg insert time (ms): 0.025
[Build] Inserted 10100/50000 points, avg insert time (ms): 0.034
[Build] Inserted 10200/50000 points, avg insert time (ms): 0.035
[Build] Inserted 10300/50000 points, avg insert time (ms): 0.001
[Build] Inserted 10400/50000 points, avg insert time (ms): 0.000
[Build] Inserted 10500/50000 points, avg insert time (ms): 0.000
[Build] Inserted 10600/50000 points, avg insert time (ms): 0.045
[Build] Inserted 10700/50000 points, avg insert time (ms): 0.001
[Build] Inserted 10800/50000 points, avg insert time (ms): 0.000
[Build] Inserted 10900/50000 points, avg insert time (ms): 0.001
[Build] Inserted 11000/50000 points, avg insert time (ms): 0.026
[Build] Inserted 11100/50000 points, avg insert time (ms): 0.000
[Build] Inserted 11200/50000 points, avg insert time (ms): 0.029
[Build] Inserted 11300/50000 points, avg insert time (ms): 0.001
[Build] Inserted 11400/50000 points, avg insert time (ms): 0.025
[Build] Inserted 11500/50000 points, avg insert time (ms): 0.001
[Build] Inserted 11600/50000 points, avg insert time (ms): 0.036
[Build] Inserted 11700/50000 points, avg insert time (ms): 0.001
[Build] Inserted 11800/50000 points, avg insert time (ms): 0.001
[Build] Inserted 11900/50000 points, avg insert time (ms): 0.029
[Build] Inserted 12000/50000 points, avg insert time (ms): 0.000
[Build] Inserted 12100/50000 points, avg insert time (ms): 0.001
[Build] Inserted 12200/50000 points, avg insert time (ms): 0.000
[Build] Inserted 12300/50000 points, avg insert time (ms): 0.000
[Build] Inserted 12400/50000 points, avg insert time (ms): 0.024
[Build] Inserted 12500/50000 points, avg insert time (ms): 0.023
[Build] Inserted 12600/50000 points, avg insert time (ms): 0.001
[Build] Inserted 12700/50000 points, avg insert time (ms): 0.001
[Build] Inserted 12800/50000 points, avg insert time (ms): 0.027
[Build] Inserted 12900/50000 points, avg insert time (ms): 0.001
[Build] Inserted 13000/50000 points, avg insert time (ms): 0.001
[Build] Inserted 13100/50000 points, avg insert time (ms): 0.024
[Build] Inserted 13200/50000 points, avg insert time (ms): 0.001
[Build] Inserted 13300/50000 points, avg insert time (ms): 0.025
[Build] Inserted 13400/50000 points, avg insert time (ms): 0.000
[Build] Inserted 13500/50000 points, avg insert time (ms): 0.058
[Build] Inserted 13600/50000 points, avg insert time (ms): 0.001
[Build] Inserted 13700/50000 points, avg insert time (ms): 0.001
[Build] Inserted 13800/50000 points, avg insert time (ms): 0.029
[Build] Inserted 13900/50000 points, avg insert time (ms): 0.051
[Build] Inserted 14000/50000 points, avg insert time (ms): 0.001
[Build] Inserted 14100/50000 points, avg insert time (ms): 0.000
[Build] Inserted 14200/50000 points, avg insert time (ms): 0.022
[Build] Inserted 14300/50000 points, avg insert time (ms): 0.025
[Build] Inserted 14400/50000 points, avg insert time (ms): 0.028
[Build] Inserted 14500/50000 points, avg insert time (ms): 0.000
[Build] Inserted 14600/50000 points, avg insert time (ms): 0.023
[Build] Inserted 14700/50000 points, avg insert time (ms): 0.023
[Build] Inserted 14800/50000 points, avg insert time (ms): 0.022
[Build] Inserted 14900/50000 points, avg insert time (ms): 0.001
[Build] Inserted 15000/50000 points, avg insert time (ms): 0.001
[Build] Inserted 15100/50000 points, avg insert time (ms): 0.001
[Build] Inserted 15200/50000 points, avg insert time (ms): 0.001
[Build] Inserted 15300/50000 points, avg insert time (ms): 0.001
[Build] Inserted 15400/50000 points, avg insert time (ms): 0.000
[Build] Inserted 15500/50000 points, avg insert time (ms): 0.044
[Build] Inserted 15600/50000 points, avg insert time (ms): 0.001
[Build] Inserted 15700/50000 points, avg insert time (ms): 0.001
[Build] Inserted 15800/50000 points, avg insert time (ms): 0.053
[Build] Inserted 15900/50000 points, avg insert time (ms): 0.001
[Build] Inserted 16000/50000 points, avg insert time (ms): 0.001
[Build] Inserted 16100/50000 points, avg insert time (ms): 0.000
[Build] Inserted 16200/50000 points, avg insert time (ms): 0.000
[Build] Inserted 16300/50000 points, avg insert time (ms): 0.022
[Build] Inserted 16400/50000 points, avg insert time (ms): 0.025
[Build] Inserted 16500/50000 points, avg insert time (ms): 0.001
[Build] Inserted 16600/50000 points, avg insert time (ms): 0.001
[Build] Inserted 16700/50000 points, avg insert time (ms): 0.000
[Build] Inserted 16800/50000 points, avg insert time (ms): 0.001
[Build] Inserted 16900/50000 points, avg insert time (ms): 0.000
[Build] Inserted 17000/50000 points, avg insert time (ms): 0.023
[Build] Inserted 17100/50000 points, avg insert time (ms): 0.022
[Build] Inserted 17200/50000 points, avg insert time (ms): 0.001
[Build] Inserted 17300/50000 points, avg insert time (ms): 0.028
[Build] Inserted 17400/50000 points, avg insert time (ms): 0.001
[Build] Inserted 17500/50000 points, avg insert time (ms): 0.025
[Build] Inserted 17600/50000 points, avg insert time (ms): 0.001
[Build] Inserted 17700/50000 points, avg insert time (ms): 0.000
[Build] Inserted 17800/50000 points, avg insert time (ms): 0.001
[Build] Inserted 17900/50000 points, avg insert time (ms): 0.024
[Build] Inserted 18000/50000 points, avg insert time (ms): 0.001
[Build] Inserted 18100/50000 points, avg insert time (ms): 0.025
[Build] Inserted 18200/50000 points, avg insert time (ms): 0.027
[Build] Inserted 18300/50000 points, avg insert time (ms): 0.001
[Build] Inserted 18400/50000 points, avg insert time (ms): 0.033
[Build] Inserted 18500/50000 points, avg insert time (ms): 0.000
[Build] Inserted 18600/50000 points, avg insert time (ms): 0.026
[Build] Inserted 18700/50000 points, avg insert time (ms): 0.022
[Build] Inserted 18800/50000 points, avg insert time (ms): 0.026
[Build] Inserted 18900/50000 points, avg insert time (ms): 0.001
[Build] Inserted 19000/50000 points, avg insert time (ms): 0.000
[Build] Inserted 19100/50000 points, avg insert time (ms): 0.001
[Build] Inserted 19200/50000 points, avg insert time (ms): 0.023
[Build] Inserted 19300/50000 points, avg insert time (ms): 0.024
[Build] Inserted 19400/50000 points, avg insert time (ms): 0.027
[Build] Inserted 19500/50000 points, avg insert time (ms): 0.001
[Build] Inserted 19600/50000 points, avg insert time (ms): 0.001
[Build] Inserted 19700/50000 points, avg insert time (ms): 0.001
[Build] Inserted 19800/50000 points, avg insert time (ms): 0.001
[Build] Inserted 19900/50000 points, avg insert time (ms): 0.001
[Build] Inserted 20000/50000 points, avg insert time (ms): 0.001
[Build] Inserted 20100/50000 points, avg insert time (ms): 0.001
[Build] Inserted 20200/50000 points, avg insert time (ms): 0.001
[Build] Inserted 20300/50000 points, avg insert time (ms): 0.000
[Build] Inserted 20400/50000 points, avg insert time (ms): 0.000
[Build] Inserted 20500/50000 points, avg insert time (ms): 0.000
[Build] Inserted 20600/50000 points, avg insert time (ms): 0.001
[Build] Inserted 20700/50000 points, avg insert time (ms): 0.001
[Build] Inserted 20800/50000 points, avg insert time (ms): 0.029
[Build] Inserted 20900/50000 points, avg insert time (ms): 0.001
[Build] Inserted 21000/50000 points, avg insert time (ms): 0.001
[Build] Inserted 21100/50000 points, avg insert time (ms): 0.028
[Build] Inserted 21200/50000 points, avg insert time (ms): 0.001
[Build] Inserted 21300/50000 points, avg insert time (ms): 0.029
[Build] Inserted 21400/50000 points, avg insert time (ms): 0.001
[Build] Inserted 21500/50000 points, avg insert time (ms): 0.000
[Build] Inserted 21600/50000 points, avg insert time (ms): 0.000
[Build] Inserted 21700/50000 points, avg insert time (ms): 0.000
[Build] Inserted 21800/50000 points, avg insert time (ms): 0.000
[Build] Inserted 21900/50000 points, avg insert time (ms): 0.000
[Build] Inserted 22000/50000 points, avg insert time (ms): 0.000
[Build] Inserted 22100/50000 points, avg insert time (ms): 0.025
[Build] Inserted 22200/50000 points, avg insert time (ms): 0.001
[Build] Inserted 22300/50000 points, avg insert time (ms): 0.051
[Build] Inserted 22400/50000 points, avg insert time (ms): 0.001
[Build] Inserted 22500/50000 points, avg insert time (ms): 0.046
[Build] Inserted 22600/50000 points, avg insert time (ms): 0.001
[Build] Inserted 22700/50000 points, avg insert time (ms): 0.043
[Build] Inserted 22800/50000 points, avg insert time (ms): 0.001
[Build] Inserted 22900/50000 points, avg insert time (ms): 0.001
[Build] Inserted 23000/50000 points, avg insert time (ms): 0.000
[Build] Inserted 23100/50000 points, avg insert time (ms): 0.000
[Build] Inserted 23200/50000 points, avg insert time (ms): 0.024
[Build] Inserted 23300/50000 points, avg insert time (ms): 0.000
[Build] Inserted 23400/50000 points, avg insert time (ms): 0.001
[Build] Inserted 23500/50000 points, avg insert time (ms): 0.000
[Build] Inserted 23600/50000 points, avg insert time (ms): 0.032
[Build] Inserted 23700/50000 points, avg insert time (ms): 0.001
[Build] Inserted 23800/50000 points, avg insert time (ms): 0.000
[Build] Inserted 23900/50000 points, avg insert time (ms): 0.078
[Build] Inserted 24000/50000 points, avg insert time (ms): 0.001
[Build] Inserted 24100/50000 points, avg insert time (ms): 0.084
[Build] Inserted 24200/50000 points, avg insert time (ms): 0.001
[Build] Inserted 24300/50000 points, avg insert time (ms): 0.024
[Build] Inserted 24400/50000 points, avg insert time (ms): 0.000
[Build] Inserted 24500/50000 points, avg insert time (ms): 0.000
[Build] Inserted 24600/50000 points, avg insert time (ms): 0.000
[Build] Inserted 24700/50000 points, avg insert time (ms): 0.000
[Build] Inserted 24800/50000 points, avg insert time (ms): 0.000
[Build] Inserted 24900/50000 points, avg insert time (ms): 0.000
[Build] Inserted 25000/50000 points, avg insert time (ms): 0.000
[Build] Inserted 25100/50000 points, avg insert time (ms): 0.023
[Build] Inserted 25200/50000 points, avg insert time (ms): 0.023
[Build] Inserted 25300/50000 points, avg insert time (ms): 0.001
[Build] Inserted 25400/50000 points, avg insert time (ms): 0.025
[Build] Inserted 25500/50000 points, avg insert time (ms): 0.024
[Build] Inserted 25600/50000 points, avg insert time (ms): 0.001
[Build] Inserted 25700/50000 points, avg insert time (ms): 0.000
[Build] Inserted 25800/50000 points, avg insert time (ms): 0.000
[Build] Inserted 25900/50000 points, avg insert time (ms): 0.000
[Build] Inserted 26000/50000 points, avg insert time (ms): 0.001
[Build] Inserted 26100/50000 points, avg insert time (ms): 0.001
[Build] Inserted 26200/50000 points, avg insert time (ms): 0.001
[Build] Inserted 26300/50000 points, avg insert time (ms): 0.025
[Build] Inserted 26400/50000 points, avg insert time (ms): 0.053
[Build] Inserted 26500/50000 points, avg insert time (ms): 0.001
[Build] Inserted 26600/50000 points, avg insert time (ms): 0.001
[Build] Inserted 26700/50000 points, avg insert time (ms): 0.000
[Build] Inserted 26800/50000 points, avg insert time (ms): 0.001
[Build] Inserted 26900/50000 points, avg insert time (ms): 0.000
[Build] Inserted 27000/50000 points, avg insert time (ms): 0.000
[Build] Inserted 27100/50000 points, avg insert time (ms): 0.001
[Build] Inserted 27200/50000 points, avg insert time (ms): 0.001
[Build] Inserted 27300/50000 points, avg insert time (ms): 0.028
[Build] Inserted 27400/50000 points, avg insert time (ms): 0.030
[Build] Inserted 27500/50000 points, avg insert time (ms): 0.001
[Build] Inserted 27600/50000 points, avg insert time (ms): 0.026
[Build] Inserted 27700/50000 points, avg insert time (ms): 0.001
[Build] Inserted 27800/50000 points, avg insert time (ms): 0.001
[Build] Inserted 27900/50000 points, avg insert time (ms): 0.000
[Build] Inserted 28000/50000 points, avg insert time (ms): 0.026
[Build] Inserted 28100/50000 points, avg insert time (ms): 0.001
[Build] Inserted 28200/50000 points, avg insert time (ms): 0.072
[Build] Inserted 28300/50000 points, avg insert time (ms): 0.046
[Build] Inserted 28400/50000 points, avg insert time (ms): 0.001
[Build] Inserted 28500/50000 points, avg insert time (ms): 0.001
[Build] Inserted 28600/50000 points, avg insert time (ms): 0.001
[Build] Inserted 28700/50000 points, avg insert time (ms): 0.000
[Build] Inserted 28800/50000 points, avg insert time (ms): 0.000
[Build] Inserted 28900/50000 points, avg insert time (ms): 0.000
[Build] Inserted 29000/50000 points, avg insert time (ms): 0.000
[Build] Inserted 29100/50000 points, avg insert time (ms): 0.029
[Build] Inserted 29200/50000 points, avg insert time (ms): 0.001
[Build] Inserted 29300/50000 points, avg insert time (ms): 0.000
[Build] Inserted 29400/50000 points, avg insert time (ms): 0.023
[Build] Inserted 29500/50000 points, avg insert time (ms): 0.023
[Build] Inserted 29600/50000 points, avg insert time (ms): 0.000
[Build] Inserted 29700/50000 points, avg insert time (ms): 0.000
[Build] Inserted 29800/50000 points, avg insert time (ms): 0.032
[Build] Inserted 29900/50000 points, avg insert time (ms): 0.000
[Build] Inserted 30000/50000 points, avg insert time (ms): 0.001
[Build] Inserted 30100/50000 points, avg insert time (ms): 0.056
[Build] Inserted 30200/50000 points, avg insert time (ms): 0.000
[Build] Inserted 30300/50000 points, avg insert time (ms): 0.000
[Build] Inserted 30400/50000 points, avg insert time (ms): 0.000
[Build] Inserted 30500/50000 points, avg insert time (ms): 0.000
[Build] Inserted 30600/50000 points, avg insert time (ms): 0.000
[Build] Inserted 30700/50000 points, avg insert time (ms): 0.058
[Build] Inserted 30800/50000 points, avg insert time (ms): 0.001
[Build] Inserted 30900/50000 points, avg insert time (ms): 0.000
[Build] Inserted 31000/50000 points, avg insert time (ms): 0.000
[Build] Inserted 31100/50000 points, avg insert time (ms): 0.000
[Build] Inserted 31200/50000 points, avg insert time (ms): 0.001
[Build] Inserted 31300/50000 points, avg insert time (ms): 0.055
[Build] Inserted 31400/50000 points, avg insert time (ms): 0.001
[Build] Inserted 31500/50000 points, avg insert time (ms): 0.001
[Build] Inserted 31600/50000 points, avg insert time (ms): 0.001
[Build] Inserted 31700/50000 points, avg insert time (ms): 0.000
[Build] Inserted 31800/50000 points, avg insert time (ms): 0.036
[Build] Inserted 31900/50000 points, avg insert time (ms): 0.001
[Build] Inserted 32000/50000 points, avg insert time (ms): 0.001
[Build] Inserted 32100/50000 points, avg insert time (ms): 0.000
[Build] Inserted 32200/50000 points, avg insert time (ms): 0.001
[Build] Inserted 32300/50000 points, avg insert time (ms): 0.000
[Build] Inserted 32400/50000 points, avg insert time (ms): 0.001
[Build] Inserted 32500/50000 points, avg insert time (ms): 0.001
[Build] Inserted 32600/50000 points, avg insert time (ms): 0.026
[Build] Inserted 32700/50000 points, avg insert time (ms): 0.023
[Build] Inserted 32800/50000 points, avg insert time (ms): 0.001
[Build] Inserted 32900/50000 points, avg insert time (ms): 0.001
[Build] Inserted 33000/50000 points, avg insert time (ms): 0.001
[Build] Inserted 33100/50000 points, avg insert time (ms): 0.000
[Build] Inserted 33200/50000 points, avg insert time (ms): 0.073
[Build] Inserted 33300/50000 points, avg insert time (ms): 0.001
[Build] Inserted 33400/50000 points, avg insert time (ms): 0.001
[Build] Inserted 33500/50000 points, avg insert time (ms): 0.001
[Build] Inserted 33600/50000 points, avg insert time (ms): 0.000
[Build] Inserted 33700/50000 points, avg insert time (ms): 0.001
[Build] Inserted 33800/50000 points, avg insert time (ms): 0.001
[Build] Inserted 33900/50000 points, avg insert time (ms): 0.001
[Build] Inserted 34000/50000 points, avg insert time (ms): 0.000
[Build] Inserted 34100/50000 points, avg insert time (ms): 0.001
[Build] Inserted 34200/50000 points, avg insert time (ms): 0.001
[Build] Inserted 34300/50000 points, avg insert time (ms): 0.070
[Build] Inserted 34400/50000 points, avg insert time (ms): 0.037
[Build] Inserted 34500/50000 points, avg insert time (ms): 0.001
[Build] Inserted 34600/50000 points, avg insert time (ms): 0.000
[Build] Inserted 34700/50000 points, avg insert time (ms): 0.027
[Build] Inserted 34800/50000 points, avg insert time (ms): 0.001
[Build] Inserted 34900/50000 points, avg insert time (ms): 0.001
[Build] Inserted 35000/50000 points, avg insert time (ms): 0.001
[Build] Inserted 35100/50000 points, avg insert time (ms): 0.000
[Build] Inserted 35200/50000 points, avg insert time (ms): 0.001
[Build] Inserted 35300/50000 points, avg insert time (ms): 0.000
[Build] Inserted 35400/50000 points, avg insert time (ms): 0.071
[Build] Inserted 35500/50000 points, avg insert time (ms): 0.001
[Build] Inserted 35600/50000 points, avg insert time (ms): 0.001
[Build] Inserted 35700/50000 points, avg insert time (ms): 0.000
[Build] Inserted 35800/50000 points, avg insert time (ms): 0.024
[Build] Inserted 35900/50000 points, avg insert time (ms): 0.025
[Build] Inserted 36000/50000 points, avg insert time (ms): 0.028
[Build] Inserted 36100/50000 points, avg insert time (ms): 0.026
[Build] Inserted 36200/50000 points, avg insert time (ms): 0.025
[Build] Inserted 36300/50000 points, avg insert time (ms): 0.024
[Build] Inserted 36400/50000 points, avg insert time (ms): 0.000
[Build] Inserted 36500/50000 points, avg insert time (ms): 0.000
[Build] Inserted 36600/50000 points, avg insert time (ms): 0.026
[Build] Inserted 36700/50000 points, avg insert time (ms): 0.001
[Build] Inserted 36800/50000 points, avg insert time (ms): 0.000
[Build] Inserted 36900/50000 points, avg insert time (ms): 0.001
[Build] Inserted 37000/50000 points, avg insert time (ms): 0.066
[Build] Inserted 37100/50000 points, avg insert time (ms): 0.001
[Build] Inserted 37200/50000 points, avg insert time (ms): 0.000
[Build] Inserted 37300/50000 points, avg insert time (ms): 0.022
[Build] Inserted 37400/50000 points, avg insert time (ms): 0.000
[Build] Inserted 37500/50000 points, avg insert time (ms): 0.000
[Build] Inserted 37600/50000 points, avg insert time (ms): 0.000
[Build] Inserted 37700/50000 points, avg insert time (ms): 0.056
[Build] Inserted 37800/50000 points, avg insert time (ms): 0.024
[Build] Inserted 37900/50000 points, avg insert time (ms): 0.001
[Build] Inserted 38000/50000 points, avg insert time (ms): 0.001
[Build] Inserted 38100/50000 points, avg insert time (ms): 0.022
[Build] Inserted 38200/50000 points, avg insert time (ms): 0.000
[Build] Inserted 38300/50000 points, avg insert time (ms): 0.000
[Build] Inserted 38400/50000 points, avg insert time (ms): 0.000
[Build] Inserted 38500/50000 points, avg insert time (ms): 0.000
[Build] Inserted 38600/50000 points, avg insert time (ms): 0.028
[Build] Inserted 38700/50000 points, avg insert time (ms): 0.034
[Build] Inserted 38800/50000 points, avg insert time (ms): 0.038
[Build] Inserted 38900/50000 points, avg insert time (ms): 0.001
[Build] Inserted 39000/50000 points, avg insert time (ms): 0.000
[Build] Inserted 39100/50000 points, avg insert time (ms): 0.027
[Build] Inserted 39200/50000 points, avg insert time (ms): 0.001
[Build] Inserted 39300/50000 points, avg insert time (ms): 0.041
[Build] Inserted 39400/50000 points, avg insert time (ms): 0.001
[Build] Inserted 39500/50000 points, avg insert time (ms): 0.001
[Build] Inserted 39600/50000 points, avg insert time (ms): 0.000
[Build] Inserted 39700/50000 points, avg insert time (ms): 0.001
[Build] Inserted 39800/50000 points, avg insert time (ms): 0.000
[Build] Inserted 39900/50000 points, avg insert time (ms): 0.000
[Build] Inserted 40000/50000 points, avg insert time (ms): 0.000
[Build] Inserted 40100/50000 points, avg insert time (ms): 0.023
[Build] Inserted 40200/50000 points, avg insert time (ms): 0.001
[Build] Inserted 40300/50000 points, avg insert time (ms): 0.001
[Build] Inserted 40400/50000 points, avg insert time (ms): 0.000
[Build] Inserted 40500/50000 points, avg insert time (ms): 0.025
[Build] Inserted 40600/50000 points, avg insert time (ms): 0.001
[Build] Inserted 40700/50000 points, avg insert time (ms): 0.001
[Build] Inserted 40800/50000 points, avg insert time (ms): 0.029
[Build] Inserted 40900/50000 points, avg insert time (ms): 0.001
[Build] Inserted 41000/50000 points, avg insert time (ms): 0.001
[Build] Inserted 41100/50000 points, avg insert time (ms): 0.000
[Build] Inserted 41200/50000 points, avg insert time (ms): 0.000
[Build] Inserted 41300/50000 points, avg insert time (ms): 0.000
[Build] Inserted 41400/50000 points, avg insert time (ms): 0.001
[Build] Inserted 41500/50000 points, avg insert time (ms): 0.001
[Build] Inserted 41600/50000 points, avg insert time (ms): 0.000
[Build] Inserted 41700/50000 points, avg insert time (ms): 0.000
[Build] Inserted 41800/50000 points, avg insert time (ms): 0.024
[Build] Inserted 41900/50000 points, avg insert time (ms): 0.028
[Build] Inserted 42000/50000 points, avg insert time (ms): 0.024
[Build] Inserted 42100/50000 points, avg insert time (ms): 0.023
[Build] Inserted 42200/50000 points, avg insert time (ms): 0.021
[Build] Inserted 42300/50000 points, avg insert time (ms): 0.001
[Build] Inserted 42400/50000 points, avg insert time (ms): 0.031
[Build] Inserted 42500/50000 points, avg insert time (ms): 0.001
[Build] Inserted 42600/50000 points, avg insert time (ms): 0.055
[Build] Inserted 42700/50000 points, avg insert time (ms): 0.001
[Build] Inserted 42800/50000 points, avg insert time (ms): 0.023
[Build] Inserted 42900/50000 points, avg insert time (ms): 0.000
[Build] Inserted 43000/50000 points, avg insert time (ms): 0.000
[Build] Inserted 43100/50000 points, avg insert time (ms): 0.000
[Build] Inserted 43200/50000 points, avg insert time (ms): 0.027
[Build] Inserted 43300/50000 points, avg insert time (ms): 0.001
[Build] Inserted 43400/50000 points, avg insert time (ms): 0.001
[Build] Inserted 43500/50000 points, avg insert time (ms): 0.033
[Build] Inserted 43600/50000 points, avg insert time (ms): 0.028
[Build] Inserted 43700/50000 points, avg insert time (ms): 0.058
[Build] Inserted 43800/50000 points, avg insert time (ms): 0.001
[Build] Inserted 43900/50000 points, avg insert time (ms): 0.001
[Build] Inserted 44000/50000 points, avg insert time (ms): 0.001
[Build] Inserted 44100/50000 points, avg insert time (ms): 0.001
[Build] Inserted 44200/50000 points, avg insert time (ms): 0.001
[Build] Inserted 44300/50000 points, avg insert time (ms): 0.026
[Build] Inserted 44400/50000 points, avg insert time (ms): 0.001
[Build] Inserted 44500/50000 points, avg insert time (ms): 0.027
[Build] Inserted 44600/50000 points, avg insert time (ms): 0.000
[Build] Inserted 44700/50000 points, avg insert time (ms): 0.001
[Build] Inserted 44800/50000 points, avg insert time (ms): 0.001
[Build] Inserted 44900/50000 points, avg insert time (ms): 0.000
[Build] Inserted 45000/50000 points, avg insert time (ms): 0.000
[Build] Inserted 45100/50000 points, avg insert time (ms): 0.044
[Build] Inserted 45200/50000 points, avg insert time (ms): 0.000
[Build] Inserted 45300/50000 points, avg insert time (ms): 0.028
[Build] Inserted 45400/50000 points, avg insert time (ms): 0.001
[Build] Inserted 45500/50000 points, avg insert time (ms): 0.000
[Build] Inserted 45600/50000 points, avg insert time (ms): 0.023
[Build] Inserted 45700/50000 points, avg insert time (ms): 0.034
[Build] Inserted 45800/50000 points, avg insert time (ms): 0.001
[Build] Inserted 45900/50000 points, avg insert time (ms): 0.001
[Build] Inserted 46000/50000 points, avg insert time (ms): 0.000
[Build] Inserted 46100/50000 points, avg insert time (ms): 0.001
[Build] Inserted 46200/50000 points, avg insert time (ms): 0.001
[Build] Inserted 46300/50000 points, avg insert time (ms): 0.000
[Build] Inserted 46400/50000 points, avg insert time (ms): 0.059
[Build] Inserted 46500/50000 points, avg insert time (ms): 0.001
[Build] Inserted 46600/50000 points, avg insert time (ms): 0.000
[Build] Inserted 46700/50000 points, avg insert time (ms): 0.025
[Build] Inserted 46800/50000 points, avg insert time (ms): 0.027
[Build] Inserted 46900/50000 points, avg insert time (ms): 0.036
[Build] Inserted 47000/50000 points, avg insert time (ms): 0.000
[Build] Inserted 47100/50000 points, avg insert time (ms): 0.000
[Build] Inserted 47200/50000 points, avg insert time (ms): 0.000
[Build] Inserted 47300/50000 points, avg insert time (ms): 0.000
[Build] Inserted 47400/50000 points, avg insert time (ms): 0.032
[Build] Inserted 47500/50000 points, avg insert time (ms): 0.001
[Build] Inserted 47600/50000 points, avg insert time (ms): 0.001
[Build] Inserted 47700/50000 points, avg insert time (ms): 0.000
[Build] Inserted 47800/50000 points, avg insert time (ms): 0.000
[Build] Inserted 47900/50000 points, avg insert time (ms): 0.000
[Build] Inserted 48000/50000 points, avg insert time (ms): 0.027
[Build] Inserted 48100/50000 points, avg insert time (ms): 0.001
[Build] Inserted 48200/50000 points, avg insert time (ms): 0.001
[Build] Inserted 48300/50000 points, avg insert time (ms): 0.000
[Build] Inserted 48400/50000 points, avg insert time (ms): 0.000
[Build] Inserted 48500/50000 points, avg insert time (ms): 0.078
[Build] Inserted 48600/50000 points, avg insert time (ms): 0.023
[Build] Inserted 48700/50000 points, avg insert time (ms): 0.001
[Build] Inserted 48800/50000 points, avg insert time (ms): 0.000
[Build] Inserted 48900/50000 points, avg insert time (ms): 0.027
[Build] Inserted 49000/50000 points, avg insert time (ms): 0.001
[Build] Inserted 49100/50000 points, avg insert time (ms): 0.001
[Build] Inserted 49200/50000 points, avg insert time (ms): 0.027
[Build] Inserted 49300/50000 points, avg insert time (ms): 0.026
[Build] Inserted 49400/50000 points, avg insert time (ms): 0.001
[Build] Inserted 49500/50000 points, avg insert time (ms): 0.001
[Build] Inserted 49600/50000 points, avg insert time (ms): 0.024
[Build] Inserted 49700/50000 points, avg insert time (ms): 0.001
[Build] Inserted 49800/50000 points, avg insert time (ms): 0.001
[Build] Inserted 49900/50000 points, avg insert time (ms): 0.000
[Build] Inserted 50000/50000 points, avg insert time (ms): 0.000
[Timing] Total insertion time: 0.80 s
[Build] Starting queries...
[Query] Processed 100/5000 queries, avg query time (ms): 4.047
[Query] Processed 200/5000 queries, avg query time (ms): 3.400
[Query] Processed 300/5000 queries, avg query time (ms): 3.643
[Query] Processed 400/5000 queries, avg query time (ms): 3.786
[Query] Processed 500/5000 queries, avg query time (ms): 3.480
[Query] Processed 600/5000 queries, avg query time (ms): 3.699
[Query] Processed 700/5000 queries, avg query time (ms): 3.601
[Query] Processed 800/5000 queries, avg query time (ms): 4.352
[Query] Processed 900/5000 queries, avg query time (ms): 3.756
[Query] Processed 1000/5000 queries, avg query time (ms): 31.389
[Query] Processed 1100/5000 queries, avg query time (ms): 3.400
[Query] Processed 1200/5000 queries, avg query time (ms): 3.493
[Query] Processed 1300/5000 queries, avg query time (ms): 4.354
[Query] Processed 1400/5000 queries, avg query time (ms): 3.473
[Query] Processed 1500/5000 queries, avg query time (ms): 3.842
[Query] Processed 1600/5000 queries, avg query time (ms): 3.612
[Query] Processed 1700/5000 queries, avg query time (ms): 3.470
[Query] Processed 1800/5000 queries, avg query time (ms): 3.662
[Query] Processed 1900/5000 queries, avg query time (ms): 3.761
[Query] Processed 2000/5000 queries, avg query time (ms): 3.492
[Query] Processed 2100/5000 queries, avg query time (ms): 3.453
[Query] Processed 2200/5000 queries, avg query time (ms): 3.357
[Query] Processed 2300/5000 queries, avg query time (ms): 3.454
[Query] Processed 2400/5000 queries, avg query time (ms): 3.427
[Query] Processed 2500/5000 queries, avg query time (ms): 3.447
[Query] Processed 2600/5000 queries, avg query time (ms): 3.826
[Query] Processed 2700/5000 queries, avg query time (ms): 3.571
[Query] Processed 2800/5000 queries, avg query time (ms): 3.543
[Query] Processed 2900/5000 queries, avg query time (ms): 4.085
[Query] Processed 3000/5000 queries, avg query time (ms): 3.713
[Query] Processed 3100/5000 queries, avg query time (ms): 3.872
[Query] Processed 3200/5000 queries, avg query time (ms): 4.717
[Query] Processed 3300/5000 queries, avg query time (ms): 3.858
[Query] Processed 3400/5000 queries, avg query time (ms): 3.792
[Query] Processed 3500/5000 queries, avg query time (ms): 5.131
[Query] Processed 3600/5000 queries, avg query time (ms): 4.411
[Query] Processed 3700/5000 queries, avg query time (ms): 4.350
[Query] Processed 3800/5000 queries, avg query time (ms): 4.480
[Query] Processed 3900/5000 queries, avg query time (ms): 4.075
[Query] Processed 4000/5000 queries, avg query time (ms): 3.784
[Query] Processed 4100/5000 queries, avg query time (ms): 4.345
[Query] Processed 4200/5000 queries, avg query time (ms): 4.931
[Query] Processed 4300/5000 queries, avg query time (ms): 4.907
[Query] Processed 4400/5000 queries, avg query time (ms): 4.793
[Query] Processed 4500/5000 queries, avg query time (ms): 3.915
[Query] Processed 4600/5000 queries, avg query time (ms): 3.493
[Query] Processed 4700/5000 queries, avg query time (ms): 3.432
[Query] Processed 4800/5000 queries, avg query time (ms): 3.598
[Query] Processed 4900/5000 queries, avg query time (ms): 3.496
[Query] Processed 5000/5000 queries, avg query time (ms): 3.512
[Timing] Total query time: 22.14 s
[Eval] Computing ground truth top-K...
[Timing] Ground truth (FAISS): 6.00 s (1.201 ms/query)
[Timing] Ground truth computation: 6.88 s
[Eval] Computing recall metrics...
[Timing] Recall evaluation: 22.64 s
[Eval] Computing (c,r)-ANN accuracy...
[Timing] FAISS r* computation: 4.82 s (0.964 ms/query)
[CR-ANN] 100/5000 processed, avg time (ann.query): 3.753 ms
[CR-ANN] 200/5000 processed, avg time (ann.query): 4.196 ms
[CR-ANN] 300/5000 processed, avg time (ann.query): 4.836 ms
[CR-ANN] 400/5000 processed, avg time (ann.query): 3.605 ms
[CR-ANN] 500/5000 processed, avg time (ann.query): 4.484 ms
[CR-ANN] 600/5000 processed, avg time (ann.query): 3.886 ms
[CR-ANN] 700/5000 processed, avg time (ann.query): 3.478 ms
[CR-ANN] 800/5000 processed, avg time (ann.query): 3.352 ms
[CR-ANN] 900/5000 processed, avg time (ann.query): 3.425 ms
[CR-ANN] 1000/5000 processed, avg time (ann.query): 3.463 ms
[CR-ANN] 1100/5000 processed, avg time (ann.query): 3.862 ms
[CR-ANN] 1200/5000 processed, avg time (ann.query): 4.006 ms
[CR-ANN] 1300/5000 processed, avg time (ann.query): 3.472 ms
[CR-ANN] 1400/5000 processed, avg time (ann.query): 3.517 ms
[CR-ANN] 1500/5000 processed, avg time (ann.query): 3.537 ms
[CR-ANN] 1600/5000 processed, avg time (ann.query): 3.557 ms
[CR-ANN] 1700/5000 processed, avg time (ann.query): 3.661 ms
[CR-ANN] 1800/5000 processed, avg time (ann.query): 3.459 ms
[CR-ANN] 1900/5000 processed, avg time (ann.query): 3.649 ms
[CR-ANN] 2000/5000 processed, avg time (ann.query): 3.749 ms
[CR-ANN] 2100/5000 processed, avg time (ann.query): 3.554 ms
[CR-ANN] 2200/5000 processed, avg time (ann.query): 4.121 ms
[CR-ANN] 2300/5000 processed, avg time (ann.query): 3.262 ms
[CR-ANN] 2400/5000 processed, avg time (ann.query): 3.433 ms
[CR-ANN] 2500/5000 processed, avg time (ann.query): 3.927 ms
[CR-ANN] 2600/5000 processed, avg time (ann.query): 3.449 ms
[CR-ANN] 2700/5000 processed, avg time (ann.query): 3.527 ms
[CR-ANN] 2800/5000 processed, avg time (ann.query): 3.298 ms
[CR-ANN] 2900/5000 processed, avg time (ann.query): 3.393 ms
[CR-ANN] 3000/5000 processed, avg time (ann.query): 3.529 ms
[CR-ANN] 3100/5000 processed, avg time (ann.query): 3.919 ms
[CR-ANN] 3200/5000 processed, avg time (ann.query): 3.828 ms
[CR-ANN] 3300/5000 processed, avg time (ann.query): 3.681 ms
[CR-ANN] 3400/5000 processed, avg time (ann.query): 3.693 ms
[CR-ANN] 3500/5000 processed, avg time (ann.query): 3.589 ms
[CR-ANN] 3600/5000 processed, avg time (ann.query): 3.621 ms
[CR-ANN] 3700/5000 processed, avg time (ann.query): 3.654 ms
[CR-ANN] 3800/5000 processed, avg time (ann.query): 3.633 ms
[CR-ANN] 3900/5000 processed, avg time (ann.query): 3.659 ms
[CR-ANN] 4000/5000 processed, avg time (ann.query): 3.216 ms
[CR-ANN] 4100/5000 processed, avg time (ann.query): 4.629 ms
[CR-ANN] 4200/5000 processed, avg time (ann.query): 3.756 ms
[CR-ANN] 4300/5000 processed, avg time (ann.query): 3.739 ms
[CR-ANN] 4400/5000 processed, avg time (ann.query): 3.463 ms
[CR-ANN] 4500/5000 processed, avg time (ann.query): 3.667 ms
[CR-ANN] 4600/5000 processed, avg time (ann.query): 3.556 ms
[CR-ANN] 4700/5000 processed, avg time (ann.query): 31.861 ms
[CR-ANN] 4800/5000 processed, avg time (ann.query): 3.388 ms
[CR-ANN] 4900/5000 processed, avg time (ann.query): 3.547 ms
[CR-ANN] 5000/5000 processed, avg time (ann.query): 4.128 ms
[Timing] (c,r)-ANN eval: 21.31 s (4.262 ms/query)
[Sanity Check] Total Relevant = 4464
[Timing] (c,r)-ANN evaluation: 26.31 s
[Result] Memory breakdown (MB): {'hash_functions_MB': 10.276416778564453, 'bucket_ids_MB': 0.12311553955078125, 'num_ids': 32274, 'num_buckets': 19302, 'hash_tables_overhead_MB': 1.6198883056640625, 'total_MB': 12.019420623779297}
[Result] Epsilon-recall: 0.7377
[Result] (c,r)-ANN accuracy: 1.0000

[Timing Summary]
  Insert phase: 0.80 s
  Query phase: 22.14 s
  Ground truth: 6.88 s
  Recall eval: 22.64 s
  (c,r)-ANN eval: 26.31 s
  Total time: 78.76 s
[SUMMARY] r=0.5, eps=1.0, eta=0.5, recall=0.7377, (c,r)-ANN accuracy=1.0, memory=12.019420623779297
