[Init] Inputs : eta=0.40, epsilon=0.50, r=0.50
[Init] LSH Parameters : w=1.577, p1=0.7472, p2=0.6267, rho=0.6236
[Init] Data Structure Parameters : k=24, L=1140, key_bits=768, mode=speed
[Build] Starting insertion...
[Build] Inserted 100/50000 points, avg insert time (ms): 0.539
[Build] Inserted 200/50000 points, avg insert time (ms): 0.001
[Build] Inserted 300/50000 points, avg insert time (ms): 0.182
[Build] Inserted 400/50000 points, avg insert time (ms): 0.001
[Build] Inserted 500/50000 points, avg insert time (ms): 0.560
[Build] Inserted 600/50000 points, avg insert time (ms): 0.001
[Build] Inserted 700/50000 points, avg insert time (ms): 0.376
[Build] Inserted 800/50000 points, avg insert time (ms): 0.179
[Build] Inserted 900/50000 points, avg insert time (ms): 0.387
[Build] Inserted 1000/50000 points, avg insert time (ms): 0.176
[Build] Inserted 1100/50000 points, avg insert time (ms): 0.191
[Build] Inserted 1200/50000 points, avg insert time (ms): 0.397
[Build] Inserted 1300/50000 points, avg insert time (ms): 0.183
[Build] Inserted 1400/50000 points, avg insert time (ms): 0.794
[Build] Inserted 1500/50000 points, avg insert time (ms): 0.210
[Build] Inserted 1600/50000 points, avg insert time (ms): 0.386
[Build] Inserted 1700/50000 points, avg insert time (ms): 0.190
[Build] Inserted 1800/50000 points, avg insert time (ms): 0.001
[Build] Inserted 1900/50000 points, avg insert time (ms): 0.369
[Build] Inserted 2000/50000 points, avg insert time (ms): 0.383
[Build] Inserted 2100/50000 points, avg insert time (ms): 0.192
[Build] Inserted 2200/50000 points, avg insert time (ms): 0.001
[Build] Inserted 2300/50000 points, avg insert time (ms): 0.369
[Build] Inserted 2400/50000 points, avg insert time (ms): 0.559
[Build] Inserted 2500/50000 points, avg insert time (ms): 0.001
[Build] Inserted 2600/50000 points, avg insert time (ms): 0.184
[Build] Inserted 2700/50000 points, avg insert time (ms): 0.559
[Build] Inserted 2800/50000 points, avg insert time (ms): 0.000
[Build] Inserted 2900/50000 points, avg insert time (ms): 0.000
[Build] Inserted 3000/50000 points, avg insert time (ms): 0.546
[Build] Inserted 3100/50000 points, avg insert time (ms): 0.189
[Build] Inserted 3200/50000 points, avg insert time (ms): 0.764
[Build] Inserted 3300/50000 points, avg insert time (ms): 0.001
[Build] Inserted 3400/50000 points, avg insert time (ms): 0.371
[Build] Inserted 3500/50000 points, avg insert time (ms): 0.001
[Build] Inserted 3600/50000 points, avg insert time (ms): 0.192
[Build] Inserted 3700/50000 points, avg insert time (ms): 0.001
[Build] Inserted 3800/50000 points, avg insert time (ms): 0.001
[Build] Inserted 3900/50000 points, avg insert time (ms): 0.401
[Build] Inserted 4000/50000 points, avg insert time (ms): 0.388
[Build] Inserted 4100/50000 points, avg insert time (ms): 0.001
[Build] Inserted 4200/50000 points, avg insert time (ms): 0.380
[Build] Inserted 4300/50000 points, avg insert time (ms): 0.368
[Build] Inserted 4400/50000 points, avg insert time (ms): 0.176
[Build] Inserted 4500/50000 points, avg insert time (ms): 0.188
[Build] Inserted 4600/50000 points, avg insert time (ms): 0.537
[Build] Inserted 4700/50000 points, avg insert time (ms): 0.191
[Build] Inserted 4800/50000 points, avg insert time (ms): 0.739
[Build] Inserted 4900/50000 points, avg insert time (ms): 0.189
[Build] Inserted 5000/50000 points, avg insert time (ms): 0.001
[Build] Inserted 5100/50000 points, avg insert time (ms): 0.379
[Build] Inserted 5200/50000 points, avg insert time (ms): 0.180
[Build] Inserted 5300/50000 points, avg insert time (ms): 0.194
[Build] Inserted 5400/50000 points, avg insert time (ms): 0.001
[Build] Inserted 5500/50000 points, avg insert time (ms): 0.001
[Build] Inserted 5600/50000 points, avg insert time (ms): 0.000
[Build] Inserted 5700/50000 points, avg insert time (ms): 0.698
[Build] Inserted 5800/50000 points, avg insert time (ms): 0.001
[Build] Inserted 5900/50000 points, avg insert time (ms): 0.766
[Build] Inserted 6000/50000 points, avg insert time (ms): 0.001
[Build] Inserted 6100/50000 points, avg insert time (ms): 0.175
[Build] Inserted 6200/50000 points, avg insert time (ms): 0.189
[Build] Inserted 6300/50000 points, avg insert time (ms): 0.369
[Build] Inserted 6400/50000 points, avg insert time (ms): 0.563
[Build] Inserted 6500/50000 points, avg insert time (ms): 0.385
[Build] Inserted 6600/50000 points, avg insert time (ms): 0.207
[Build] Inserted 6700/50000 points, avg insert time (ms): 0.191
[Build] Inserted 6800/50000 points, avg insert time (ms): 0.001
[Build] Inserted 6900/50000 points, avg insert time (ms): 0.392
[Build] Inserted 7000/50000 points, avg insert time (ms): 0.186
[Build] Inserted 7100/50000 points, avg insert time (ms): 0.001
[Build] Inserted 7200/50000 points, avg insert time (ms): 0.200
[Build] Inserted 7300/50000 points, avg insert time (ms): 0.206
[Build] Inserted 7400/50000 points, avg insert time (ms): 0.198
[Build] Inserted 7500/50000 points, avg insert time (ms): 0.594
[Build] Inserted 7600/50000 points, avg insert time (ms): 0.592
[Build] Inserted 7700/50000 points, avg insert time (ms): 0.191
[Build] Inserted 7800/50000 points, avg insert time (ms): 0.367
[Build] Inserted 7900/50000 points, avg insert time (ms): 0.192
[Build] Inserted 8000/50000 points, avg insert time (ms): 0.369
[Build] Inserted 8100/50000 points, avg insert time (ms): 0.377
[Build] Inserted 8200/50000 points, avg insert time (ms): 0.193
[Build] Inserted 8300/50000 points, avg insert time (ms): 0.178
[Build] Inserted 8400/50000 points, avg insert time (ms): 0.372
[Build] Inserted 8500/50000 points, avg insert time (ms): 0.184
[Build] Inserted 8600/50000 points, avg insert time (ms): 0.001
[Build] Inserted 8700/50000 points, avg insert time (ms): 0.375
[Build] Inserted 8800/50000 points, avg insert time (ms): 0.001
[Build] Inserted 8900/50000 points, avg insert time (ms): 0.001
[Build] Inserted 9000/50000 points, avg insert time (ms): 0.001
[Build] Inserted 9100/50000 points, avg insert time (ms): 0.000
[Build] Inserted 9200/50000 points, avg insert time (ms): 0.187
[Build] Inserted 9300/50000 points, avg insert time (ms): 0.001
[Build] Inserted 9400/50000 points, avg insert time (ms): 0.187
[Build] Inserted 9500/50000 points, avg insert time (ms): 0.180
[Build] Inserted 9600/50000 points, avg insert time (ms): 0.001
[Build] Inserted 9700/50000 points, avg insert time (ms): 0.544
[Build] Inserted 9800/50000 points, avg insert time (ms): 0.185
[Build] Inserted 9900/50000 points, avg insert time (ms): 0.180
[Build] Inserted 10000/50000 points, avg insert time (ms): 0.178
[Build] Inserted 10100/50000 points, avg insert time (ms): 0.188
[Build] Inserted 10200/50000 points, avg insert time (ms): 0.719
[Build] Inserted 10300/50000 points, avg insert time (ms): 0.379
[Build] Inserted 10400/50000 points, avg insert time (ms): 0.204
[Build] Inserted 10500/50000 points, avg insert time (ms): 0.200
[Build] Inserted 10600/50000 points, avg insert time (ms): 0.386
[Build] Inserted 10700/50000 points, avg insert time (ms): 0.199
[Build] Inserted 10800/50000 points, avg insert time (ms): 0.186
[Build] Inserted 10900/50000 points, avg insert time (ms): 0.580
[Build] Inserted 11000/50000 points, avg insert time (ms): 0.001
[Build] Inserted 11100/50000 points, avg insert time (ms): 0.382
[Build] Inserted 11200/50000 points, avg insert time (ms): 0.379
[Build] Inserted 11300/50000 points, avg insert time (ms): 0.195
[Build] Inserted 11400/50000 points, avg insert time (ms): 0.801
[Build] Inserted 11500/50000 points, avg insert time (ms): 0.190
[Build] Inserted 11600/50000 points, avg insert time (ms): 0.180
[Build] Inserted 11700/50000 points, avg insert time (ms): 0.191
[Build] Inserted 11800/50000 points, avg insert time (ms): 0.377
[Build] Inserted 11900/50000 points, avg insert time (ms): 0.001
[Build] Inserted 12000/50000 points, avg insert time (ms): 0.572
[Build] Inserted 12100/50000 points, avg insert time (ms): 0.366
[Build] Inserted 12200/50000 points, avg insert time (ms): 0.375
[Build] Inserted 12300/50000 points, avg insert time (ms): 0.368
[Build] Inserted 12400/50000 points, avg insert time (ms): 0.602
[Build] Inserted 12500/50000 points, avg insert time (ms): 0.361
[Build] Inserted 12600/50000 points, avg insert time (ms): 0.377
[Build] Inserted 12700/50000 points, avg insert time (ms): 0.001
[Build] Inserted 12800/50000 points, avg insert time (ms): 0.365
[Build] Inserted 12900/50000 points, avg insert time (ms): 0.001
[Build] Inserted 13000/50000 points, avg insert time (ms): 0.368
[Build] Inserted 13100/50000 points, avg insert time (ms): 0.661
[Build] Inserted 13200/50000 points, avg insert time (ms): 0.001
[Build] Inserted 13300/50000 points, avg insert time (ms): 0.556
[Build] Inserted 13400/50000 points, avg insert time (ms): 0.567
[Build] Inserted 13500/50000 points, avg insert time (ms): 0.186
[Build] Inserted 13600/50000 points, avg insert time (ms): 1.216
[Build] Inserted 13700/50000 points, avg insert time (ms): 0.393
[Build] Inserted 13800/50000 points, avg insert time (ms): 0.001
[Build] Inserted 13900/50000 points, avg insert time (ms): 0.001
[Build] Inserted 14000/50000 points, avg insert time (ms): 0.969
[Build] Inserted 14100/50000 points, avg insert time (ms): 0.001
[Build] Inserted 14200/50000 points, avg insert time (ms): 0.190
[Build] Inserted 14300/50000 points, avg insert time (ms): 0.001
[Build] Inserted 14400/50000 points, avg insert time (ms): 0.186
[Build] Inserted 14500/50000 points, avg insert time (ms): 0.386
[Build] Inserted 14600/50000 points, avg insert time (ms): 0.001
[Build] Inserted 14700/50000 points, avg insert time (ms): 0.001
[Build] Inserted 14800/50000 points, avg insert time (ms): 0.187
[Build] Inserted 14900/50000 points, avg insert time (ms): 0.001
[Build] Inserted 15000/50000 points, avg insert time (ms): 0.566
[Build] Inserted 15100/50000 points, avg insert time (ms): 0.571
[Build] Inserted 15200/50000 points, avg insert time (ms): 0.395
[Build] Inserted 15300/50000 points, avg insert time (ms): 0.001
[Build] Inserted 15400/50000 points, avg insert time (ms): 0.000
[Build] Inserted 15500/50000 points, avg insert time (ms): 0.384
[Build] Inserted 15600/50000 points, avg insert time (ms): 0.196
[Build] Inserted 15700/50000 points, avg insert time (ms): 0.379
[Build] Inserted 15800/50000 points, avg insert time (ms): 0.001
[Build] Inserted 15900/50000 points, avg insert time (ms): 0.001
[Build] Inserted 16000/50000 points, avg insert time (ms): 1.141
[Build] Inserted 16100/50000 points, avg insert time (ms): 0.001
[Build] Inserted 16200/50000 points, avg insert time (ms): 0.378
[Build] Inserted 16300/50000 points, avg insert time (ms): 0.367
[Build] Inserted 16400/50000 points, avg insert time (ms): 0.001
[Build] Inserted 16500/50000 points, avg insert time (ms): 0.001
[Build] Inserted 16600/50000 points, avg insert time (ms): 0.001
[Build] Inserted 16700/50000 points, avg insert time (ms): 0.191
[Build] Inserted 16800/50000 points, avg insert time (ms): 0.567
[Build] Inserted 16900/50000 points, avg insert time (ms): 0.190
[Build] Inserted 17000/50000 points, avg insert time (ms): 0.001
[Build] Inserted 17100/50000 points, avg insert time (ms): 0.379
[Build] Inserted 17200/50000 points, avg insert time (ms): 0.180
[Build] Inserted 17300/50000 points, avg insert time (ms): 0.001
[Build] Inserted 17400/50000 points, avg insert time (ms): 0.379
[Build] Inserted 17500/50000 points, avg insert time (ms): 0.001
[Build] Inserted 17600/50000 points, avg insert time (ms): 0.195
[Build] Inserted 17700/50000 points, avg insert time (ms): 0.001
[Build] Inserted 17800/50000 points, avg insert time (ms): 0.385
[Build] Inserted 17900/50000 points, avg insert time (ms): 0.190
[Build] Inserted 18000/50000 points, avg insert time (ms): 0.219
[Build] Inserted 18100/50000 points, avg insert time (ms): 0.382
[Build] Inserted 18200/50000 points, avg insert time (ms): 0.421
[Build] Inserted 18300/50000 points, avg insert time (ms): 0.585
[Build] Inserted 18400/50000 points, avg insert time (ms): 0.001
[Build] Inserted 18500/50000 points, avg insert time (ms): 0.198
[Build] Inserted 18600/50000 points, avg insert time (ms): 0.200
[Build] Inserted 18700/50000 points, avg insert time (ms): 0.001
[Build] Inserted 18800/50000 points, avg insert time (ms): 0.386
[Build] Inserted 18900/50000 points, avg insert time (ms): 0.001
[Build] Inserted 19000/50000 points, avg insert time (ms): 0.397
[Build] Inserted 19100/50000 points, avg insert time (ms): 0.575
[Build] Inserted 19200/50000 points, avg insert time (ms): 0.201
[Build] Inserted 19300/50000 points, avg insert time (ms): 0.388
[Build] Inserted 19400/50000 points, avg insert time (ms): 0.572
[Build] Inserted 19500/50000 points, avg insert time (ms): 0.188
[Build] Inserted 19600/50000 points, avg insert time (ms): 0.391
[Build] Inserted 19700/50000 points, avg insert time (ms): 0.193
[Build] Inserted 19800/50000 points, avg insert time (ms): 0.212
[Build] Inserted 19900/50000 points, avg insert time (ms): 0.586
[Build] Inserted 20000/50000 points, avg insert time (ms): 0.001
[Build] Inserted 20100/50000 points, avg insert time (ms): 0.394
[Build] Inserted 20200/50000 points, avg insert time (ms): 0.001
[Build] Inserted 20300/50000 points, avg insert time (ms): 0.183
[Build] Inserted 20400/50000 points, avg insert time (ms): 0.001
[Build] Inserted 20500/50000 points, avg insert time (ms): 0.184
[Build] Inserted 20600/50000 points, avg insert time (ms): 0.375
[Build] Inserted 20700/50000 points, avg insert time (ms): 0.371
[Build] Inserted 20800/50000 points, avg insert time (ms): 0.184
[Build] Inserted 20900/50000 points, avg insert time (ms): 0.001
[Build] Inserted 21000/50000 points, avg insert time (ms): 0.196
[Build] Inserted 21100/50000 points, avg insert time (ms): 0.193
[Build] Inserted 21200/50000 points, avg insert time (ms): 0.377
[Build] Inserted 21300/50000 points, avg insert time (ms): 0.391
[Build] Inserted 21400/50000 points, avg insert time (ms): 0.001
[Build] Inserted 21500/50000 points, avg insert time (ms): 0.563
[Build] Inserted 21600/50000 points, avg insert time (ms): 0.189
[Build] Inserted 21700/50000 points, avg insert time (ms): 0.562
[Build] Inserted 21800/50000 points, avg insert time (ms): 0.001
[Build] Inserted 21900/50000 points, avg insert time (ms): 0.191
[Build] Inserted 22000/50000 points, avg insert time (ms): 0.380
[Build] Inserted 22100/50000 points, avg insert time (ms): 0.199
[Build] Inserted 22200/50000 points, avg insert time (ms): 0.189
[Build] Inserted 22300/50000 points, avg insert time (ms): 0.001
[Build] Inserted 22400/50000 points, avg insert time (ms): 0.564
[Build] Inserted 22500/50000 points, avg insert time (ms): 0.373
[Build] Inserted 22600/50000 points, avg insert time (ms): 0.585
[Build] Inserted 22700/50000 points, avg insert time (ms): 0.001
[Build] Inserted 22800/50000 points, avg insert time (ms): 0.202
[Build] Inserted 22900/50000 points, avg insert time (ms): 0.001
[Build] Inserted 23000/50000 points, avg insert time (ms): 0.183
[Build] Inserted 23100/50000 points, avg insert time (ms): 0.571
[Build] Inserted 23200/50000 points, avg insert time (ms): 0.001
[Build] Inserted 23300/50000 points, avg insert time (ms): 0.195
[Build] Inserted 23400/50000 points, avg insert time (ms): 0.812
[Build] Inserted 23500/50000 points, avg insert time (ms): 0.001
[Build] Inserted 23600/50000 points, avg insert time (ms): 0.000
[Build] Inserted 23700/50000 points, avg insert time (ms): 0.180
[Build] Inserted 23800/50000 points, avg insert time (ms): 0.191
[Build] Inserted 23900/50000 points, avg insert time (ms): 0.282
[Build] Inserted 24000/50000 points, avg insert time (ms): 0.380
[Build] Inserted 24100/50000 points, avg insert time (ms): 0.001
[Build] Inserted 24200/50000 points, avg insert time (ms): 1.410
[Build] Inserted 24300/50000 points, avg insert time (ms): 0.001
[Build] Inserted 24400/50000 points, avg insert time (ms): 0.380
[Build] Inserted 24500/50000 points, avg insert time (ms): 0.001
[Build] Inserted 24600/50000 points, avg insert time (ms): 0.187
[Build] Inserted 24700/50000 points, avg insert time (ms): 0.001
[Build] Inserted 24800/50000 points, avg insert time (ms): 0.001
[Build] Inserted 24900/50000 points, avg insert time (ms): 0.555
[Build] Inserted 25000/50000 points, avg insert time (ms): 0.186
[Build] Inserted 25100/50000 points, avg insert time (ms): 0.001
[Build] Inserted 25200/50000 points, avg insert time (ms): 0.000
[Build] Inserted 25300/50000 points, avg insert time (ms): 0.366
[Build] Inserted 25400/50000 points, avg insert time (ms): 0.188
[Build] Inserted 25500/50000 points, avg insert time (ms): 0.195
[Build] Inserted 25600/50000 points, avg insert time (ms): 0.196
[Build] Inserted 25700/50000 points, avg insert time (ms): 0.767
[Build] Inserted 25800/50000 points, avg insert time (ms): 0.385
[Build] Inserted 25900/50000 points, avg insert time (ms): 0.575
[Build] Inserted 26000/50000 points, avg insert time (ms): 0.186
[Build] Inserted 26100/50000 points, avg insert time (ms): 0.000
[Build] Inserted 26200/50000 points, avg insert time (ms): 0.194
[Build] Inserted 26300/50000 points, avg insert time (ms): 0.365
[Build] Inserted 26400/50000 points, avg insert time (ms): 0.381
[Build] Inserted 26500/50000 points, avg insert time (ms): 0.196
[Build] Inserted 26600/50000 points, avg insert time (ms): 0.186
[Build] Inserted 26700/50000 points, avg insert time (ms): 0.578
[Build] Inserted 26800/50000 points, avg insert time (ms): 0.001
[Build] Inserted 26900/50000 points, avg insert time (ms): 0.197
[Build] Inserted 27000/50000 points, avg insert time (ms): 0.192
[Build] Inserted 27100/50000 points, avg insert time (ms): 0.001
[Build] Inserted 27200/50000 points, avg insert time (ms): 0.190
[Build] Inserted 27300/50000 points, avg insert time (ms): 0.370
[Build] Inserted 27400/50000 points, avg insert time (ms): 0.369
[Build] Inserted 27500/50000 points, avg insert time (ms): 0.369
[Build] Inserted 27600/50000 points, avg insert time (ms): 0.001
[Build] Inserted 27700/50000 points, avg insert time (ms): 0.188
[Build] Inserted 27800/50000 points, avg insert time (ms): 0.560
[Build] Inserted 27900/50000 points, avg insert time (ms): 0.196
[Build] Inserted 28000/50000 points, avg insert time (ms): 0.190
[Build] Inserted 28100/50000 points, avg insert time (ms): 0.185
[Build] Inserted 28200/50000 points, avg insert time (ms): 0.001
[Build] Inserted 28300/50000 points, avg insert time (ms): 0.188
[Build] Inserted 28400/50000 points, avg insert time (ms): 0.185
[Build] Inserted 28500/50000 points, avg insert time (ms): 0.746
[Build] Inserted 28600/50000 points, avg insert time (ms): 0.188
[Build] Inserted 28700/50000 points, avg insert time (ms): 0.001
[Build] Inserted 28800/50000 points, avg insert time (ms): 0.600
[Build] Inserted 28900/50000 points, avg insert time (ms): 0.196
[Build] Inserted 29000/50000 points, avg insert time (ms): 0.203
[Build] Inserted 29100/50000 points, avg insert time (ms): 0.190
[Build] Inserted 29200/50000 points, avg insert time (ms): 0.383
[Build] Inserted 29300/50000 points, avg insert time (ms): 0.379
[Build] Inserted 29400/50000 points, avg insert time (ms): 0.379
[Build] Inserted 29500/50000 points, avg insert time (ms): 0.001
[Build] Inserted 29600/50000 points, avg insert time (ms): 0.187
[Build] Inserted 29700/50000 points, avg insert time (ms): 0.384
[Build] Inserted 29800/50000 points, avg insert time (ms): 0.194
[Build] Inserted 29900/50000 points, avg insert time (ms): 0.001
[Build] Inserted 30000/50000 points, avg insert time (ms): 0.196
[Build] Inserted 30100/50000 points, avg insert time (ms): 0.001
[Build] Inserted 30200/50000 points, avg insert time (ms): 0.001
[Build] Inserted 30300/50000 points, avg insert time (ms): 0.391
[Build] Inserted 30400/50000 points, avg insert time (ms): 0.392
[Build] Inserted 30500/50000 points, avg insert time (ms): 0.001
[Build] Inserted 30600/50000 points, avg insert time (ms): 0.001
[Build] Inserted 30700/50000 points, avg insert time (ms): 0.601
[Build] Inserted 30800/50000 points, avg insert time (ms): 0.001
[Build] Inserted 30900/50000 points, avg insert time (ms): 0.001
[Build] Inserted 31000/50000 points, avg insert time (ms): 0.001
[Build] Inserted 31100/50000 points, avg insert time (ms): 0.001
[Build] Inserted 31200/50000 points, avg insert time (ms): 0.988
[Build] Inserted 31300/50000 points, avg insert time (ms): 0.001
[Build] Inserted 31400/50000 points, avg insert time (ms): 0.001
[Build] Inserted 31500/50000 points, avg insert time (ms): 0.573
[Build] Inserted 31600/50000 points, avg insert time (ms): 0.374
[Build] Inserted 31700/50000 points, avg insert time (ms): 0.188
[Build] Inserted 31800/50000 points, avg insert time (ms): 0.573
[Build] Inserted 31900/50000 points, avg insert time (ms): 0.586
[Build] Inserted 32000/50000 points, avg insert time (ms): 0.181
[Build] Inserted 32100/50000 points, avg insert time (ms): 0.784
[Build] Inserted 32200/50000 points, avg insert time (ms): 0.200
[Build] Inserted 32300/50000 points, avg insert time (ms): 0.595
[Build] Inserted 32400/50000 points, avg insert time (ms): 0.580
[Build] Inserted 32500/50000 points, avg insert time (ms): 0.195
[Build] Inserted 32600/50000 points, avg insert time (ms): 0.191
[Build] Inserted 32700/50000 points, avg insert time (ms): 0.202
[Build] Inserted 32800/50000 points, avg insert time (ms): 0.201
[Build] Inserted 32900/50000 points, avg insert time (ms): 0.001
[Build] Inserted 33000/50000 points, avg insert time (ms): 0.798
[Build] Inserted 33100/50000 points, avg insert time (ms): 0.198
[Build] Inserted 33200/50000 points, avg insert time (ms): 0.001
[Build] Inserted 33300/50000 points, avg insert time (ms): 0.001
[Build] Inserted 33400/50000 points, avg insert time (ms): 0.194
[Build] Inserted 33500/50000 points, avg insert time (ms): 0.200
[Build] Inserted 33600/50000 points, avg insert time (ms): 0.001
[Build] Inserted 33700/50000 points, avg insert time (ms): 0.001
[Build] Inserted 33800/50000 points, avg insert time (ms): 0.391
[Build] Inserted 33900/50000 points, avg insert time (ms): 0.198
[Build] Inserted 34000/50000 points, avg insert time (ms): 0.206
[Build] Inserted 34100/50000 points, avg insert time (ms): 0.001
[Build] Inserted 34200/50000 points, avg insert time (ms): 0.213
[Build] Inserted 34300/50000 points, avg insert time (ms): 1.264
[Build] Inserted 34400/50000 points, avg insert time (ms): 0.209
[Build] Inserted 34500/50000 points, avg insert time (ms): 0.001
[Build] Inserted 34600/50000 points, avg insert time (ms): 0.399
[Build] Inserted 34700/50000 points, avg insert time (ms): 0.192
[Build] Inserted 34800/50000 points, avg insert time (ms): 0.398
[Build] Inserted 34900/50000 points, avg insert time (ms): 0.203
[Build] Inserted 35000/50000 points, avg insert time (ms): 0.001
[Build] Inserted 35100/50000 points, avg insert time (ms): 0.183
[Build] Inserted 35200/50000 points, avg insert time (ms): 0.377
[Build] Inserted 35300/50000 points, avg insert time (ms): 0.368
[Build] Inserted 35400/50000 points, avg insert time (ms): 0.186
[Build] Inserted 35500/50000 points, avg insert time (ms): 0.554
[Build] Inserted 35600/50000 points, avg insert time (ms): 0.368
[Build] Inserted 35700/50000 points, avg insert time (ms): 0.001
[Build] Inserted 35800/50000 points, avg insert time (ms): 0.001
[Build] Inserted 35900/50000 points, avg insert time (ms): 0.001
[Build] Inserted 36000/50000 points, avg insert time (ms): 0.373
[Build] Inserted 36100/50000 points, avg insert time (ms): 0.180
[Build] Inserted 36200/50000 points, avg insert time (ms): 0.001
[Build] Inserted 36300/50000 points, avg insert time (ms): 0.371
[Build] Inserted 36400/50000 points, avg insert time (ms): 0.592
[Build] Inserted 36500/50000 points, avg insert time (ms): 0.204
[Build] Inserted 36600/50000 points, avg insert time (ms): 0.590
[Build] Inserted 36700/50000 points, avg insert time (ms): 0.001
[Build] Inserted 36800/50000 points, avg insert time (ms): 0.785
[Build] Inserted 36900/50000 points, avg insert time (ms): 0.001
[Build] Inserted 37000/50000 points, avg insert time (ms): 0.604
[Build] Inserted 37100/50000 points, avg insert time (ms): 0.193
[Build] Inserted 37200/50000 points, avg insert time (ms): 0.001
[Build] Inserted 37300/50000 points, avg insert time (ms): 0.001
[Build] Inserted 37400/50000 points, avg insert time (ms): 0.190
[Build] Inserted 37500/50000 points, avg insert time (ms): 0.634
[Build] Inserted 37600/50000 points, avg insert time (ms): 0.001
[Build] Inserted 37700/50000 points, avg insert time (ms): 0.001
[Build] Inserted 37800/50000 points, avg insert time (ms): 0.378
[Build] Inserted 37900/50000 points, avg insert time (ms): 0.001
[Build] Inserted 38000/50000 points, avg insert time (ms): 0.001
[Build] Inserted 38100/50000 points, avg insert time (ms): 0.198
[Build] Inserted 38200/50000 points, avg insert time (ms): 0.189
[Build] Inserted 38300/50000 points, avg insert time (ms): 0.192
[Build] Inserted 38400/50000 points, avg insert time (ms): 0.001
[Build] Inserted 38500/50000 points, avg insert time (ms): 0.000
[Build] Inserted 38600/50000 points, avg insert time (ms): 0.396
[Build] Inserted 38700/50000 points, avg insert time (ms): 0.199
[Build] Inserted 38800/50000 points, avg insert time (ms): 0.195
[Build] Inserted 38900/50000 points, avg insert time (ms): 0.001
[Build] Inserted 39000/50000 points, avg insert time (ms): 0.001
[Build] Inserted 39100/50000 points, avg insert time (ms): 0.199
[Build] Inserted 39200/50000 points, avg insert time (ms): 0.379
[Build] Inserted 39300/50000 points, avg insert time (ms): 0.194
[Build] Inserted 39400/50000 points, avg insert time (ms): 0.193
[Build] Inserted 39500/50000 points, avg insert time (ms): 0.203
[Build] Inserted 39600/50000 points, avg insert time (ms): 0.374
[Build] Inserted 39700/50000 points, avg insert time (ms): 0.202
[Build] Inserted 39800/50000 points, avg insert time (ms): 0.749
[Build] Inserted 39900/50000 points, avg insert time (ms): 0.378
[Build] Inserted 40000/50000 points, avg insert time (ms): 0.377
[Build] Inserted 40100/50000 points, avg insert time (ms): 0.362
[Build] Inserted 40200/50000 points, avg insert time (ms): 0.189
[Build] Inserted 40300/50000 points, avg insert time (ms): 0.367
[Build] Inserted 40400/50000 points, avg insert time (ms): 0.748
[Build] Inserted 40500/50000 points, avg insert time (ms): 0.177
[Build] Inserted 40600/50000 points, avg insert time (ms): 0.198
[Build] Inserted 40700/50000 points, avg insert time (ms): 0.001
[Build] Inserted 40800/50000 points, avg insert time (ms): 0.181
[Build] Inserted 40900/50000 points, avg insert time (ms): 0.370
[Build] Inserted 41000/50000 points, avg insert time (ms): 0.368
[Build] Inserted 41100/50000 points, avg insert time (ms): 0.176
[Build] Inserted 41200/50000 points, avg insert time (ms): 0.001
[Build] Inserted 41300/50000 points, avg insert time (ms): 0.187
[Build] Inserted 41400/50000 points, avg insert time (ms): 0.396
[Build] Inserted 41500/50000 points, avg insert time (ms): 0.430
[Build] Inserted 41600/50000 points, avg insert time (ms): 0.001
[Build] Inserted 41700/50000 points, avg insert time (ms): 0.378
[Build] Inserted 41800/50000 points, avg insert time (ms): 0.383
[Build] Inserted 41900/50000 points, avg insert time (ms): 0.192
[Build] Inserted 42000/50000 points, avg insert time (ms): 0.394
[Build] Inserted 42100/50000 points, avg insert time (ms): 0.582
[Build] Inserted 42200/50000 points, avg insert time (ms): 0.191
[Build] Inserted 42300/50000 points, avg insert time (ms): 0.001
[Build] Inserted 42400/50000 points, avg insert time (ms): 0.000
[Build] Inserted 42500/50000 points, avg insert time (ms): 0.390
[Build] Inserted 42600/50000 points, avg insert time (ms): 0.198
[Build] Inserted 42700/50000 points, avg insert time (ms): 0.393
[Build] Inserted 42800/50000 points, avg insert time (ms): 0.580
[Build] Inserted 42900/50000 points, avg insert time (ms): 0.001
[Build] Inserted 43000/50000 points, avg insert time (ms): 0.788
[Build] Inserted 43100/50000 points, avg insert time (ms): 0.001
[Build] Inserted 43200/50000 points, avg insert time (ms): 0.178
[Build] Inserted 43300/50000 points, avg insert time (ms): 0.387
[Build] Inserted 43400/50000 points, avg insert time (ms): 0.001
[Build] Inserted 43500/50000 points, avg insert time (ms): 1.588
[Build] Inserted 43600/50000 points, avg insert time (ms): 0.380
[Build] Inserted 43700/50000 points, avg insert time (ms): 0.378
[Build] Inserted 43800/50000 points, avg insert time (ms): 0.387
[Build] Inserted 43900/50000 points, avg insert time (ms): 0.001
[Build] Inserted 44000/50000 points, avg insert time (ms): 0.001
[Build] Inserted 44100/50000 points, avg insert time (ms): 0.202
[Build] Inserted 44200/50000 points, avg insert time (ms): 0.001
[Build] Inserted 44300/50000 points, avg insert time (ms): 0.182
[Build] Inserted 44400/50000 points, avg insert time (ms): 0.390
[Build] Inserted 44500/50000 points, avg insert time (ms): 0.199
[Build] Inserted 44600/50000 points, avg insert time (ms): 0.001
[Build] Inserted 44700/50000 points, avg insert time (ms): 0.001
[Build] Inserted 44800/50000 points, avg insert time (ms): 0.777
[Build] Inserted 44900/50000 points, avg insert time (ms): 0.201
[Build] Inserted 45000/50000 points, avg insert time (ms): 0.393
[Build] Inserted 45100/50000 points, avg insert time (ms): 0.385
[Build] Inserted 45200/50000 points, avg insert time (ms): 0.193
[Build] Inserted 45300/50000 points, avg insert time (ms): 0.386
[Build] Inserted 45400/50000 points, avg insert time (ms): 0.001
[Build] Inserted 45500/50000 points, avg insert time (ms): 0.278
[Build] Inserted 45600/50000 points, avg insert time (ms): 0.375
[Build] Inserted 45700/50000 points, avg insert time (ms): 0.186
[Build] Inserted 45800/50000 points, avg insert time (ms): 0.567
[Build] Inserted 45900/50000 points, avg insert time (ms): 0.001
[Build] Inserted 46000/50000 points, avg insert time (ms): 0.195
[Build] Inserted 46100/50000 points, avg insert time (ms): 1.092
[Build] Inserted 46200/50000 points, avg insert time (ms): 0.579
[Build] Inserted 46300/50000 points, avg insert time (ms): 0.184
[Build] Inserted 46400/50000 points, avg insert time (ms): 0.578
[Build] Inserted 46500/50000 points, avg insert time (ms): 0.196
[Build] Inserted 46600/50000 points, avg insert time (ms): 0.189
[Build] Inserted 46700/50000 points, avg insert time (ms): 0.391
[Build] Inserted 46800/50000 points, avg insert time (ms): 0.192
[Build] Inserted 46900/50000 points, avg insert time (ms): 0.787
[Build] Inserted 47000/50000 points, avg insert time (ms): 0.193
[Build] Inserted 47100/50000 points, avg insert time (ms): 1.317
[Build] Inserted 47200/50000 points, avg insert time (ms): 0.194
[Build] Inserted 47300/50000 points, avg insert time (ms): 0.393
[Build] Inserted 47400/50000 points, avg insert time (ms): 0.190
[Build] Inserted 47500/50000 points, avg insert time (ms): 0.367
[Build] Inserted 47600/50000 points, avg insert time (ms): 0.173
[Build] Inserted 47700/50000 points, avg insert time (ms): 0.378
[Build] Inserted 47800/50000 points, avg insert time (ms): 0.364
[Build] Inserted 47900/50000 points, avg insert time (ms): 0.367
[Build] Inserted 48000/50000 points, avg insert time (ms): 0.001
[Build] Inserted 48100/50000 points, avg insert time (ms): 0.001
[Build] Inserted 48200/50000 points, avg insert time (ms): 0.737
[Build] Inserted 48300/50000 points, avg insert time (ms): 0.194
[Build] Inserted 48400/50000 points, avg insert time (ms): 0.001
[Build] Inserted 48500/50000 points, avg insert time (ms): 0.379
[Build] Inserted 48600/50000 points, avg insert time (ms): 0.001
[Build] Inserted 48700/50000 points, avg insert time (ms): 0.353
[Build] Inserted 48800/50000 points, avg insert time (ms): 0.184
[Build] Inserted 48900/50000 points, avg insert time (ms): 0.364
[Build] Inserted 49000/50000 points, avg insert time (ms): 0.177
[Build] Inserted 49100/50000 points, avg insert time (ms): 0.380
[Build] Inserted 49200/50000 points, avg insert time (ms): 0.382
[Build] Inserted 49300/50000 points, avg insert time (ms): 0.192
[Build] Inserted 49400/50000 points, avg insert time (ms): 0.392
[Build] Inserted 49500/50000 points, avg insert time (ms): 0.001
[Build] Inserted 49600/50000 points, avg insert time (ms): 0.391
[Build] Inserted 49700/50000 points, avg insert time (ms): 0.001
[Build] Inserted 49800/50000 points, avg insert time (ms): 0.188
[Build] Inserted 49900/50000 points, avg insert time (ms): 0.784
[Build] Inserted 50000/50000 points, avg insert time (ms): 0.193
[Timing] Total insertion time: 13.56 s
[Build] Starting queries...
[Query] Processed 100/5000 queries, avg query time (ms): 22.958
[Query] Processed 200/5000 queries, avg query time (ms): 23.618
[Query] Processed 300/5000 queries, avg query time (ms): 29.353
[Query] Processed 400/5000 queries, avg query time (ms): 30.137
[Query] Processed 500/5000 queries, avg query time (ms): 26.831
[Query] Processed 600/5000 queries, avg query time (ms): 24.408
[Query] Processed 700/5000 queries, avg query time (ms): 26.868
[Query] Processed 800/5000 queries, avg query time (ms): 27.170
[Query] Processed 900/5000 queries, avg query time (ms): 27.734
[Query] Processed 1000/5000 queries, avg query time (ms): 25.181
[Query] Processed 1100/5000 queries, avg query time (ms): 25.562
[Query] Processed 1200/5000 queries, avg query time (ms): 26.291
[Query] Processed 1300/5000 queries, avg query time (ms): 24.197
[Query] Processed 1400/5000 queries, avg query time (ms): 23.452
[Query] Processed 1500/5000 queries, avg query time (ms): 22.965
[Query] Processed 1600/5000 queries, avg query time (ms): 23.879
[Query] Processed 1700/5000 queries, avg query time (ms): 32.066
[Query] Processed 1800/5000 queries, avg query time (ms): 30.253
[Query] Processed 1900/5000 queries, avg query time (ms): 24.012
[Query] Processed 2000/5000 queries, avg query time (ms): 22.798
[Query] Processed 2100/5000 queries, avg query time (ms): 26.053
[Query] Processed 2200/5000 queries, avg query time (ms): 24.486
[Query] Processed 2300/5000 queries, avg query time (ms): 24.480
[Query] Processed 2400/5000 queries, avg query time (ms): 23.111
[Query] Processed 2500/5000 queries, avg query time (ms): 23.527
[Query] Processed 2600/5000 queries, avg query time (ms): 27.795
[Query] Processed 2700/5000 queries, avg query time (ms): 24.088
[Query] Processed 2800/5000 queries, avg query time (ms): 23.872
[Query] Processed 2900/5000 queries, avg query time (ms): 23.634
[Query] Processed 3000/5000 queries, avg query time (ms): 26.851
[Query] Processed 3100/5000 queries, avg query time (ms): 31.168
[Query] Processed 3200/5000 queries, avg query time (ms): 26.984
[Query] Processed 3300/5000 queries, avg query time (ms): 25.161
[Query] Processed 3400/5000 queries, avg query time (ms): 24.584
[Query] Processed 3500/5000 queries, avg query time (ms): 27.495
[Query] Processed 3600/5000 queries, avg query time (ms): 23.474
[Query] Processed 3700/5000 queries, avg query time (ms): 24.688
[Query] Processed 3800/5000 queries, avg query time (ms): 25.283
[Query] Processed 3900/5000 queries, avg query time (ms): 25.410
[Query] Processed 4000/5000 queries, avg query time (ms): 24.023
[Query] Processed 4100/5000 queries, avg query time (ms): 24.080
[Query] Processed 4200/5000 queries, avg query time (ms): 26.006
[Query] Processed 4300/5000 queries, avg query time (ms): 25.338
[Query] Processed 4400/5000 queries, avg query time (ms): 25.147
[Query] Processed 4500/5000 queries, avg query time (ms): 25.841
[Query] Processed 4600/5000 queries, avg query time (ms): 25.132
[Query] Processed 4700/5000 queries, avg query time (ms): 29.386
[Query] Processed 4800/5000 queries, avg query time (ms): 30.261
[Query] Processed 4900/5000 queries, avg query time (ms): 24.853
[Query] Processed 5000/5000 queries, avg query time (ms): 28.066
[Timing] Total query time: 129.08 s
[Eval] Computing ground truth top-K...
[Timing] Ground truth (FAISS): 6.32 s (1.264 ms/query)
[Timing] Ground truth computation: 7.13 s
[Eval] Computing recall metrics...
[Timing] Recall evaluation: 121.65 s
[Eval] Computing (c,r)-ANN accuracy...
[Timing] FAISS r* computation: 5.21 s (1.042 ms/query)
[CR-ANN] 100/5000 processed, avg time (ann.query): 24.558 ms
[CR-ANN] 200/5000 processed, avg time (ann.query): 29.383 ms
[CR-ANN] 300/5000 processed, avg time (ann.query): 25.664 ms
[CR-ANN] 400/5000 processed, avg time (ann.query): 31.295 ms
[CR-ANN] 500/5000 processed, avg time (ann.query): 27.645 ms
[CR-ANN] 600/5000 processed, avg time (ann.query): 27.213 ms
[CR-ANN] 700/5000 processed, avg time (ann.query): 26.745 ms
[CR-ANN] 800/5000 processed, avg time (ann.query): 27.515 ms
[CR-ANN] 900/5000 processed, avg time (ann.query): 24.244 ms
[CR-ANN] 1000/5000 processed, avg time (ann.query): 24.857 ms
[CR-ANN] 1100/5000 processed, avg time (ann.query): 25.387 ms
[CR-ANN] 1200/5000 processed, avg time (ann.query): 24.950 ms
[CR-ANN] 1300/5000 processed, avg time (ann.query): 25.499 ms
[CR-ANN] 1400/5000 processed, avg time (ann.query): 25.698 ms
[CR-ANN] 1500/5000 processed, avg time (ann.query): 23.715 ms
[CR-ANN] 1600/5000 processed, avg time (ann.query): 24.636 ms
[CR-ANN] 1700/5000 processed, avg time (ann.query): 26.364 ms
[CR-ANN] 1800/5000 processed, avg time (ann.query): 22.791 ms
[CR-ANN] 1900/5000 processed, avg time (ann.query): 23.378 ms
[CR-ANN] 2000/5000 processed, avg time (ann.query): 29.222 ms
[CR-ANN] 2100/5000 processed, avg time (ann.query): 30.039 ms
[CR-ANN] 2200/5000 processed, avg time (ann.query): 26.689 ms
[CR-ANN] 2300/5000 processed, avg time (ann.query): 21.320 ms
[CR-ANN] 2400/5000 processed, avg time (ann.query): 24.349 ms
[CR-ANN] 2500/5000 processed, avg time (ann.query): 25.002 ms
[CR-ANN] 2600/5000 processed, avg time (ann.query): 23.523 ms
[CR-ANN] 2700/5000 processed, avg time (ann.query): 24.615 ms
[CR-ANN] 2800/5000 processed, avg time (ann.query): 23.050 ms
[CR-ANN] 2900/5000 processed, avg time (ann.query): 22.370 ms
[CR-ANN] 3000/5000 processed, avg time (ann.query): 23.237 ms
[CR-ANN] 3100/5000 processed, avg time (ann.query): 24.065 ms
[CR-ANN] 3200/5000 processed, avg time (ann.query): 25.356 ms
[CR-ANN] 3300/5000 processed, avg time (ann.query): 23.607 ms
[CR-ANN] 3400/5000 processed, avg time (ann.query): 23.247 ms
[CR-ANN] 3500/5000 processed, avg time (ann.query): 22.712 ms
[CR-ANN] 3600/5000 processed, avg time (ann.query): 24.495 ms
[CR-ANN] 3700/5000 processed, avg time (ann.query): 27.147 ms
[CR-ANN] 3800/5000 processed, avg time (ann.query): 24.536 ms
[CR-ANN] 3900/5000 processed, avg time (ann.query): 23.498 ms
[CR-ANN] 4000/5000 processed, avg time (ann.query): 22.608 ms
[CR-ANN] 4100/5000 processed, avg time (ann.query): 23.284 ms
[CR-ANN] 4200/5000 processed, avg time (ann.query): 23.354 ms
[CR-ANN] 4300/5000 processed, avg time (ann.query): 26.722 ms
[CR-ANN] 4400/5000 processed, avg time (ann.query): 23.803 ms
[CR-ANN] 4500/5000 processed, avg time (ann.query): 28.003 ms
[CR-ANN] 4600/5000 processed, avg time (ann.query): 27.212 ms
[CR-ANN] 4700/5000 processed, avg time (ann.query): 24.756 ms
[CR-ANN] 4800/5000 processed, avg time (ann.query): 24.911 ms
[CR-ANN] 4900/5000 processed, avg time (ann.query): 21.303 ms
[CR-ANN] 5000/5000 processed, avg time (ann.query): 27.004 ms
[Timing] (c,r)-ANN eval: 125.74 s (25.147 ms/query)
[Sanity Check] Total Relevant = 4464
[Timing] (c,r)-ANN evaluation: 131.00 s
[Result] Memory breakdown (MB): {'hash_functions_MB': 82.1392822265625, 'bucket_ids_MB': 2.852783203125, 'num_ids': 747840, 'num_buckets': 498372, 'hash_tables_overhead_MB': 41.825042724609375, 'total_MB': 126.81710815429688}
[Result] Epsilon-recall: 0.6304
[Result] (c,r)-ANN accuracy: 0.9955

[Timing Summary]
  Insert phase: 13.56 s
  Query phase: 129.08 s
  Ground truth: 7.13 s
  Recall eval: 121.65 s
  (c,r)-ANN eval: 131.00 s
  Total time: 402.43 s
[SUMMARY] r=0.5, eps=0.5, eta=0.4, recall=0.6304, (c,r)-ANN accuracy=0.9955197132616488, memory=126.81710815429688
