[Init] Inputs : eta=0.20, epsilon=0.50, r=0.50
[Init] LSH Parameters : w=1.577, p1=0.7472, p2=0.6267, rho=0.6236
[Init] Data Structure Parameters : k=24, L=1140, key_bits=768, mode=speed
[Build] Starting insertion...
[Build] Inserted 100/50000 points, avg insert time (ms): 1.770
[Build] Inserted 200/50000 points, avg insert time (ms): 2.058
[Build] Inserted 300/50000 points, avg insert time (ms): 2.911
[Build] Inserted 400/50000 points, avg insert time (ms): 2.826
[Build] Inserted 500/50000 points, avg insert time (ms): 1.716
[Build] Inserted 600/50000 points, avg insert time (ms): 2.874
[Build] Inserted 700/50000 points, avg insert time (ms): 1.451
[Build] Inserted 800/50000 points, avg insert time (ms): 3.234
[Build] Inserted 900/50000 points, avg insert time (ms): 2.693
[Build] Inserted 1000/50000 points, avg insert time (ms): 2.924
[Build] Inserted 1100/50000 points, avg insert time (ms): 2.041
[Build] Inserted 1200/50000 points, avg insert time (ms): 2.335
[Build] Inserted 1300/50000 points, avg insert time (ms): 2.567
[Build] Inserted 1400/50000 points, avg insert time (ms): 1.443
[Build] Inserted 1500/50000 points, avg insert time (ms): 2.151
[Build] Inserted 1600/50000 points, avg insert time (ms): 3.774
[Build] Inserted 1700/50000 points, avg insert time (ms): 3.039
[Build] Inserted 1800/50000 points, avg insert time (ms): 2.927
[Build] Inserted 1900/50000 points, avg insert time (ms): 4.092
[Build] Inserted 2000/50000 points, avg insert time (ms): 2.111
[Build] Inserted 2100/50000 points, avg insert time (ms): 3.267
[Build] Inserted 2200/50000 points, avg insert time (ms): 2.550
[Build] Inserted 2300/50000 points, avg insert time (ms): 3.322
[Build] Inserted 2400/50000 points, avg insert time (ms): 3.516
[Build] Inserted 2500/50000 points, avg insert time (ms): 2.929
[Build] Inserted 2600/50000 points, avg insert time (ms): 2.764
[Build] Inserted 2700/50000 points, avg insert time (ms): 1.962
[Build] Inserted 2800/50000 points, avg insert time (ms): 2.251
[Build] Inserted 2900/50000 points, avg insert time (ms): 4.932
[Build] Inserted 3000/50000 points, avg insert time (ms): 2.167
[Build] Inserted 3100/50000 points, avg insert time (ms): 2.628
[Build] Inserted 3200/50000 points, avg insert time (ms): 2.042
[Build] Inserted 3300/50000 points, avg insert time (ms): 1.685
[Build] Inserted 3400/50000 points, avg insert time (ms): 2.755
[Build] Inserted 3500/50000 points, avg insert time (ms): 1.900
[Build] Inserted 3600/50000 points, avg insert time (ms): 1.761
[Build] Inserted 3700/50000 points, avg insert time (ms): 2.714
[Build] Inserted 3800/50000 points, avg insert time (ms): 1.696
[Build] Inserted 3900/50000 points, avg insert time (ms): 1.935
[Build] Inserted 4000/50000 points, avg insert time (ms): 1.366
[Build] Inserted 4100/50000 points, avg insert time (ms): 3.429
[Build] Inserted 4200/50000 points, avg insert time (ms): 2.441
[Build] Inserted 4300/50000 points, avg insert time (ms): 3.475
[Build] Inserted 4400/50000 points, avg insert time (ms): 1.789
[Build] Inserted 4500/50000 points, avg insert time (ms): 2.472
[Build] Inserted 4600/50000 points, avg insert time (ms): 1.705
[Build] Inserted 4700/50000 points, avg insert time (ms): 3.090
[Build] Inserted 4800/50000 points, avg insert time (ms): 1.322
[Build] Inserted 4900/50000 points, avg insert time (ms): 2.534
[Build] Inserted 5000/50000 points, avg insert time (ms): 2.476
[Build] Inserted 5100/50000 points, avg insert time (ms): 3.048
[Build] Inserted 5200/50000 points, avg insert time (ms): 2.101
[Build] Inserted 5300/50000 points, avg insert time (ms): 3.170
[Build] Inserted 5400/50000 points, avg insert time (ms): 2.940
[Build] Inserted 5500/50000 points, avg insert time (ms): 3.124
[Build] Inserted 5600/50000 points, avg insert time (ms): 3.153
[Build] Inserted 5700/50000 points, avg insert time (ms): 2.904
[Build] Inserted 5800/50000 points, avg insert time (ms): 2.077
[Build] Inserted 5900/50000 points, avg insert time (ms): 1.747
[Build] Inserted 6000/50000 points, avg insert time (ms): 2.278
[Build] Inserted 6100/50000 points, avg insert time (ms): 2.917
[Build] Inserted 6200/50000 points, avg insert time (ms): 1.776
[Build] Inserted 6300/50000 points, avg insert time (ms): 2.709
[Build] Inserted 6400/50000 points, avg insert time (ms): 2.109
[Build] Inserted 6500/50000 points, avg insert time (ms): 2.976
[Build] Inserted 6600/50000 points, avg insert time (ms): 2.372
[Build] Inserted 6700/50000 points, avg insert time (ms): 1.687
[Build] Inserted 6800/50000 points, avg insert time (ms): 3.156
[Build] Inserted 6900/50000 points, avg insert time (ms): 2.546
[Build] Inserted 7000/50000 points, avg insert time (ms): 2.684
[Build] Inserted 7100/50000 points, avg insert time (ms): 1.144
[Build] Inserted 7200/50000 points, avg insert time (ms): 1.910
[Build] Inserted 7300/50000 points, avg insert time (ms): 1.788
[Build] Inserted 7400/50000 points, avg insert time (ms): 2.230
[Build] Inserted 7500/50000 points, avg insert time (ms): 3.920
[Build] Inserted 7600/50000 points, avg insert time (ms): 2.411
[Build] Inserted 7700/50000 points, avg insert time (ms): 1.941
[Build] Inserted 7800/50000 points, avg insert time (ms): 2.805
[Build] Inserted 7900/50000 points, avg insert time (ms): 2.340
[Build] Inserted 8000/50000 points, avg insert time (ms): 1.719
[Build] Inserted 8100/50000 points, avg insert time (ms): 2.845
[Build] Inserted 8200/50000 points, avg insert time (ms): 2.800
[Build] Inserted 8300/50000 points, avg insert time (ms): 2.921
[Build] Inserted 8400/50000 points, avg insert time (ms): 2.074
[Build] Inserted 8500/50000 points, avg insert time (ms): 2.912
[Build] Inserted 8600/50000 points, avg insert time (ms): 2.380
[Build] Inserted 8700/50000 points, avg insert time (ms): 2.098
[Build] Inserted 8800/50000 points, avg insert time (ms): 1.918
[Build] Inserted 8900/50000 points, avg insert time (ms): 2.697
[Build] Inserted 9000/50000 points, avg insert time (ms): 1.722
[Build] Inserted 9100/50000 points, avg insert time (ms): 1.773
[Build] Inserted 9200/50000 points, avg insert time (ms): 1.938
[Build] Inserted 9300/50000 points, avg insert time (ms): 3.184
[Build] Inserted 9400/50000 points, avg insert time (ms): 2.801
[Build] Inserted 9500/50000 points, avg insert time (ms): 2.445
[Build] Inserted 9600/50000 points, avg insert time (ms): 1.774
[Build] Inserted 9700/50000 points, avg insert time (ms): 1.920
[Build] Inserted 9800/50000 points, avg insert time (ms): 1.894
[Build] Inserted 9900/50000 points, avg insert time (ms): 2.991
[Build] Inserted 10000/50000 points, avg insert time (ms): 1.824
[Build] Inserted 10100/50000 points, avg insert time (ms): 2.162
[Build] Inserted 10200/50000 points, avg insert time (ms): 2.906
[Build] Inserted 10300/50000 points, avg insert time (ms): 4.853
[Build] Inserted 10400/50000 points, avg insert time (ms): 1.756
[Build] Inserted 10500/50000 points, avg insert time (ms): 2.911
[Build] Inserted 10600/50000 points, avg insert time (ms): 3.103
[Build] Inserted 10700/50000 points, avg insert time (ms): 2.234
[Build] Inserted 10800/50000 points, avg insert time (ms): 1.459
[Build] Inserted 10900/50000 points, avg insert time (ms): 2.386
[Build] Inserted 11000/50000 points, avg insert time (ms): 0.975
[Build] Inserted 11100/50000 points, avg insert time (ms): 3.488
[Build] Inserted 11200/50000 points, avg insert time (ms): 2.524
[Build] Inserted 11300/50000 points, avg insert time (ms): 2.917
[Build] Inserted 11400/50000 points, avg insert time (ms): 0.953
[Build] Inserted 11500/50000 points, avg insert time (ms): 2.849
[Build] Inserted 11600/50000 points, avg insert time (ms): 2.599
[Build] Inserted 11700/50000 points, avg insert time (ms): 2.287
[Build] Inserted 11800/50000 points, avg insert time (ms): 2.250
[Build] Inserted 11900/50000 points, avg insert time (ms): 1.252
[Build] Inserted 12000/50000 points, avg insert time (ms): 2.731
[Build] Inserted 12100/50000 points, avg insert time (ms): 1.499
[Build] Inserted 12200/50000 points, avg insert time (ms): 0.391
[Build] Inserted 12300/50000 points, avg insert time (ms): 1.790
[Build] Inserted 12400/50000 points, avg insert time (ms): 2.083
[Build] Inserted 12500/50000 points, avg insert time (ms): 1.653
[Build] Inserted 12600/50000 points, avg insert time (ms): 2.346
[Build] Inserted 12700/50000 points, avg insert time (ms): 2.305
[Build] Inserted 12800/50000 points, avg insert time (ms): 2.292
[Build] Inserted 12900/50000 points, avg insert time (ms): 2.328
[Build] Inserted 13000/50000 points, avg insert time (ms): 2.481
[Build] Inserted 13100/50000 points, avg insert time (ms): 5.590
[Build] Inserted 13200/50000 points, avg insert time (ms): 1.979
[Build] Inserted 13300/50000 points, avg insert time (ms): 2.880
[Build] Inserted 13400/50000 points, avg insert time (ms): 3.112
[Build] Inserted 13500/50000 points, avg insert time (ms): 3.289
[Build] Inserted 13600/50000 points, avg insert time (ms): 2.674
[Build] Inserted 13700/50000 points, avg insert time (ms): 4.762
[Build] Inserted 13800/50000 points, avg insert time (ms): 4.874
[Build] Inserted 13900/50000 points, avg insert time (ms): 1.293
[Build] Inserted 14000/50000 points, avg insert time (ms): 3.799
[Build] Inserted 14100/50000 points, avg insert time (ms): 1.379
[Build] Inserted 14200/50000 points, avg insert time (ms): 2.870
[Build] Inserted 14300/50000 points, avg insert time (ms): 3.761
[Build] Inserted 14400/50000 points, avg insert time (ms): 2.250
[Build] Inserted 14500/50000 points, avg insert time (ms): 5.346
[Build] Inserted 14600/50000 points, avg insert time (ms): 3.692
[Build] Inserted 14700/50000 points, avg insert time (ms): 1.780
[Build] Inserted 14800/50000 points, avg insert time (ms): 3.194
[Build] Inserted 14900/50000 points, avg insert time (ms): 1.841
[Build] Inserted 15000/50000 points, avg insert time (ms): 2.194
[Build] Inserted 15100/50000 points, avg insert time (ms): 2.120
[Build] Inserted 15200/50000 points, avg insert time (ms): 2.141
[Build] Inserted 15300/50000 points, avg insert time (ms): 3.617
[Build] Inserted 15400/50000 points, avg insert time (ms): 1.027
[Build] Inserted 15500/50000 points, avg insert time (ms): 2.819
[Build] Inserted 15600/50000 points, avg insert time (ms): 2.783
[Build] Inserted 15700/50000 points, avg insert time (ms): 3.731
[Build] Inserted 15800/50000 points, avg insert time (ms): 2.615
[Build] Inserted 15900/50000 points, avg insert time (ms): 2.870
[Build] Inserted 16000/50000 points, avg insert time (ms): 3.149
[Build] Inserted 16100/50000 points, avg insert time (ms): 1.808
[Build] Inserted 16200/50000 points, avg insert time (ms): 1.777
[Build] Inserted 16300/50000 points, avg insert time (ms): 1.654
[Build] Inserted 16400/50000 points, avg insert time (ms): 2.602
[Build] Inserted 16500/50000 points, avg insert time (ms): 1.671
[Build] Inserted 16600/50000 points, avg insert time (ms): 3.156
[Build] Inserted 16700/50000 points, avg insert time (ms): 2.516
[Build] Inserted 16800/50000 points, avg insert time (ms): 3.258
[Build] Inserted 16900/50000 points, avg insert time (ms): 1.162
[Build] Inserted 17000/50000 points, avg insert time (ms): 2.719
[Build] Inserted 17100/50000 points, avg insert time (ms): 3.098
[Build] Inserted 17200/50000 points, avg insert time (ms): 3.706
[Build] Inserted 17300/50000 points, avg insert time (ms): 2.973
[Build] Inserted 17400/50000 points, avg insert time (ms): 1.619
[Build] Inserted 17500/50000 points, avg insert time (ms): 1.728
[Build] Inserted 17600/50000 points, avg insert time (ms): 2.967
[Build] Inserted 17700/50000 points, avg insert time (ms): 2.043
[Build] Inserted 17800/50000 points, avg insert time (ms): 2.955
[Build] Inserted 17900/50000 points, avg insert time (ms): 3.595
[Build] Inserted 18000/50000 points, avg insert time (ms): 2.167
[Build] Inserted 18100/50000 points, avg insert time (ms): 2.762
[Build] Inserted 18200/50000 points, avg insert time (ms): 2.374
[Build] Inserted 18300/50000 points, avg insert time (ms): 1.866
[Build] Inserted 18400/50000 points, avg insert time (ms): 1.497
[Build] Inserted 18500/50000 points, avg insert time (ms): 1.136
[Build] Inserted 18600/50000 points, avg insert time (ms): 2.618
[Build] Inserted 18700/50000 points, avg insert time (ms): 2.984
[Build] Inserted 18800/50000 points, avg insert time (ms): 2.457
[Build] Inserted 18900/50000 points, avg insert time (ms): 1.427
[Build] Inserted 19000/50000 points, avg insert time (ms): 2.869
[Build] Inserted 19100/50000 points, avg insert time (ms): 4.701
[Build] Inserted 19200/50000 points, avg insert time (ms): 3.065
[Build] Inserted 19300/50000 points, avg insert time (ms): 1.552
[Build] Inserted 19400/50000 points, avg insert time (ms): 2.721
[Build] Inserted 19500/50000 points, avg insert time (ms): 2.706
[Build] Inserted 19600/50000 points, avg insert time (ms): 2.136
[Build] Inserted 19700/50000 points, avg insert time (ms): 2.037
[Build] Inserted 19800/50000 points, avg insert time (ms): 2.731
[Build] Inserted 19900/50000 points, avg insert time (ms): 2.028
[Build] Inserted 20000/50000 points, avg insert time (ms): 2.513
[Build] Inserted 20100/50000 points, avg insert time (ms): 2.351
[Build] Inserted 20200/50000 points, avg insert time (ms): 5.780
[Build] Inserted 20300/50000 points, avg insert time (ms): 2.845
[Build] Inserted 20400/50000 points, avg insert time (ms): 2.882
[Build] Inserted 20500/50000 points, avg insert time (ms): 1.839
[Build] Inserted 20600/50000 points, avg insert time (ms): 2.270
[Build] Inserted 20700/50000 points, avg insert time (ms): 1.494
[Build] Inserted 20800/50000 points, avg insert time (ms): 2.390
[Build] Inserted 20900/50000 points, avg insert time (ms): 2.092
[Build] Inserted 21000/50000 points, avg insert time (ms): 2.337
[Build] Inserted 21100/50000 points, avg insert time (ms): 2.493
[Build] Inserted 21200/50000 points, avg insert time (ms): 2.308
[Build] Inserted 21300/50000 points, avg insert time (ms): 3.127
[Build] Inserted 21400/50000 points, avg insert time (ms): 2.618
[Build] Inserted 21500/50000 points, avg insert time (ms): 3.623
[Build] Inserted 21600/50000 points, avg insert time (ms): 1.385
[Build] Inserted 21700/50000 points, avg insert time (ms): 3.641
[Build] Inserted 21800/50000 points, avg insert time (ms): 1.966
[Build] Inserted 21900/50000 points, avg insert time (ms): 3.299
[Build] Inserted 22000/50000 points, avg insert time (ms): 4.095
[Build] Inserted 22100/50000 points, avg insert time (ms): 3.546
[Build] Inserted 22200/50000 points, avg insert time (ms): 2.315
[Build] Inserted 22300/50000 points, avg insert time (ms): 2.087
[Build] Inserted 22400/50000 points, avg insert time (ms): 2.595
[Build] Inserted 22500/50000 points, avg insert time (ms): 2.141
[Build] Inserted 22600/50000 points, avg insert time (ms): 2.566
[Build] Inserted 22700/50000 points, avg insert time (ms): 2.263
[Build] Inserted 22800/50000 points, avg insert time (ms): 3.217
[Build] Inserted 22900/50000 points, avg insert time (ms): 2.333
[Build] Inserted 23000/50000 points, avg insert time (ms): 2.485
[Build] Inserted 23100/50000 points, avg insert time (ms): 1.917
[Build] Inserted 23200/50000 points, avg insert time (ms): 1.833
[Build] Inserted 23300/50000 points, avg insert time (ms): 2.534
[Build] Inserted 23400/50000 points, avg insert time (ms): 2.278
[Build] Inserted 23500/50000 points, avg insert time (ms): 2.935
[Build] Inserted 23600/50000 points, avg insert time (ms): 3.200
[Build] Inserted 23700/50000 points, avg insert time (ms): 3.025
[Build] Inserted 23800/50000 points, avg insert time (ms): 3.679
[Build] Inserted 23900/50000 points, avg insert time (ms): 2.014
[Build] Inserted 24000/50000 points, avg insert time (ms): 2.052
[Build] Inserted 24100/50000 points, avg insert time (ms): 2.099
[Build] Inserted 24200/50000 points, avg insert time (ms): 1.849
[Build] Inserted 24300/50000 points, avg insert time (ms): 2.012
[Build] Inserted 24400/50000 points, avg insert time (ms): 3.294
[Build] Inserted 24500/50000 points, avg insert time (ms): 2.650
[Build] Inserted 24600/50000 points, avg insert time (ms): 4.110
[Build] Inserted 24700/50000 points, avg insert time (ms): 1.625
[Build] Inserted 24800/50000 points, avg insert time (ms): 1.846
[Build] Inserted 24900/50000 points, avg insert time (ms): 3.402
[Build] Inserted 25000/50000 points, avg insert time (ms): 3.962
[Build] Inserted 25100/50000 points, avg insert time (ms): 2.352
[Build] Inserted 25200/50000 points, avg insert time (ms): 1.710
[Build] Inserted 25300/50000 points, avg insert time (ms): 1.701
[Build] Inserted 25400/50000 points, avg insert time (ms): 1.460
[Build] Inserted 25500/50000 points, avg insert time (ms): 3.486
[Build] Inserted 25600/50000 points, avg insert time (ms): 2.182
[Build] Inserted 25700/50000 points, avg insert time (ms): 1.945
[Build] Inserted 25800/50000 points, avg insert time (ms): 2.724
[Build] Inserted 25900/50000 points, avg insert time (ms): 2.673
[Build] Inserted 26000/50000 points, avg insert time (ms): 2.745
[Build] Inserted 26100/50000 points, avg insert time (ms): 1.561
[Build] Inserted 26200/50000 points, avg insert time (ms): 2.904
[Build] Inserted 26300/50000 points, avg insert time (ms): 2.424
[Build] Inserted 26400/50000 points, avg insert time (ms): 2.967
[Build] Inserted 26500/50000 points, avg insert time (ms): 2.363
[Build] Inserted 26600/50000 points, avg insert time (ms): 3.113
[Build] Inserted 26700/50000 points, avg insert time (ms): 2.761
[Build] Inserted 26800/50000 points, avg insert time (ms): 2.121
[Build] Inserted 26900/50000 points, avg insert time (ms): 1.181
[Build] Inserted 27000/50000 points, avg insert time (ms): 1.803
[Build] Inserted 27100/50000 points, avg insert time (ms): 2.455
[Build] Inserted 27200/50000 points, avg insert time (ms): 1.382
[Build] Inserted 27300/50000 points, avg insert time (ms): 2.046
[Build] Inserted 27400/50000 points, avg insert time (ms): 1.582
[Build] Inserted 27500/50000 points, avg insert time (ms): 1.543
[Build] Inserted 27600/50000 points, avg insert time (ms): 2.315
[Build] Inserted 27700/50000 points, avg insert time (ms): 1.967
[Build] Inserted 27800/50000 points, avg insert time (ms): 2.311
[Build] Inserted 27900/50000 points, avg insert time (ms): 4.475
[Build] Inserted 28000/50000 points, avg insert time (ms): 3.409
[Build] Inserted 28100/50000 points, avg insert time (ms): 2.150
[Build] Inserted 28200/50000 points, avg insert time (ms): 1.714
[Build] Inserted 28300/50000 points, avg insert time (ms): 2.044
[Build] Inserted 28400/50000 points, avg insert time (ms): 2.913
[Build] Inserted 28500/50000 points, avg insert time (ms): 1.963
[Build] Inserted 28600/50000 points, avg insert time (ms): 2.470
[Build] Inserted 28700/50000 points, avg insert time (ms): 2.046
[Build] Inserted 28800/50000 points, avg insert time (ms): 1.682
[Build] Inserted 28900/50000 points, avg insert time (ms): 2.213
[Build] Inserted 29000/50000 points, avg insert time (ms): 1.989
[Build] Inserted 29100/50000 points, avg insert time (ms): 1.783
[Build] Inserted 29200/50000 points, avg insert time (ms): 2.385
[Build] Inserted 29300/50000 points, avg insert time (ms): 2.181
[Build] Inserted 29400/50000 points, avg insert time (ms): 2.275
[Build] Inserted 29500/50000 points, avg insert time (ms): 2.314
[Build] Inserted 29600/50000 points, avg insert time (ms): 2.209
[Build] Inserted 29700/50000 points, avg insert time (ms): 2.792
[Build] Inserted 29800/50000 points, avg insert time (ms): 2.691
[Build] Inserted 29900/50000 points, avg insert time (ms): 1.772
[Build] Inserted 30000/50000 points, avg insert time (ms): 2.518
[Build] Inserted 30100/50000 points, avg insert time (ms): 1.562
[Build] Inserted 30200/50000 points, avg insert time (ms): 3.531
[Build] Inserted 30300/50000 points, avg insert time (ms): 2.536
[Build] Inserted 30400/50000 points, avg insert time (ms): 2.606
[Build] Inserted 30500/50000 points, avg insert time (ms): 1.623
[Build] Inserted 30600/50000 points, avg insert time (ms): 2.064
[Build] Inserted 30700/50000 points, avg insert time (ms): 2.348
[Build] Inserted 30800/50000 points, avg insert time (ms): 1.114
[Build] Inserted 30900/50000 points, avg insert time (ms): 2.735
[Build] Inserted 31000/50000 points, avg insert time (ms): 1.927
[Build] Inserted 31100/50000 points, avg insert time (ms): 2.143
[Build] Inserted 31200/50000 points, avg insert time (ms): 3.638
[Build] Inserted 31300/50000 points, avg insert time (ms): 2.409
[Build] Inserted 31400/50000 points, avg insert time (ms): 2.351
[Build] Inserted 31500/50000 points, avg insert time (ms): 2.440
[Build] Inserted 31600/50000 points, avg insert time (ms): 2.009
[Build] Inserted 31700/50000 points, avg insert time (ms): 4.310
[Build] Inserted 31800/50000 points, avg insert time (ms): 3.283
[Build] Inserted 31900/50000 points, avg insert time (ms): 2.348
[Build] Inserted 32000/50000 points, avg insert time (ms): 2.589
[Build] Inserted 32100/50000 points, avg insert time (ms): 2.805
[Build] Inserted 32200/50000 points, avg insert time (ms): 2.598
[Build] Inserted 32300/50000 points, avg insert time (ms): 2.040
[Build] Inserted 32400/50000 points, avg insert time (ms): 2.679
[Build] Inserted 32500/50000 points, avg insert time (ms): 2.478
[Build] Inserted 32600/50000 points, avg insert time (ms): 2.540
[Build] Inserted 32700/50000 points, avg insert time (ms): 2.495
[Build] Inserted 32800/50000 points, avg insert time (ms): 2.262
[Build] Inserted 32900/50000 points, avg insert time (ms): 2.726
[Build] Inserted 33000/50000 points, avg insert time (ms): 2.786
[Build] Inserted 33100/50000 points, avg insert time (ms): 3.339
[Build] Inserted 33200/50000 points, avg insert time (ms): 1.802
[Build] Inserted 33300/50000 points, avg insert time (ms): 2.946
[Build] Inserted 33400/50000 points, avg insert time (ms): 3.068
[Build] Inserted 33500/50000 points, avg insert time (ms): 3.736
[Build] Inserted 33600/50000 points, avg insert time (ms): 1.659
[Build] Inserted 33700/50000 points, avg insert time (ms): 1.790
[Build] Inserted 33800/50000 points, avg insert time (ms): 2.463
[Build] Inserted 33900/50000 points, avg insert time (ms): 1.871
[Build] Inserted 34000/50000 points, avg insert time (ms): 2.775
[Build] Inserted 34100/50000 points, avg insert time (ms): 2.909
[Build] Inserted 34200/50000 points, avg insert time (ms): 2.151
[Build] Inserted 34300/50000 points, avg insert time (ms): 2.174
[Build] Inserted 34400/50000 points, avg insert time (ms): 2.828
[Build] Inserted 34500/50000 points, avg insert time (ms): 2.505
[Build] Inserted 34600/50000 points, avg insert time (ms): 2.984
[Build] Inserted 34700/50000 points, avg insert time (ms): 1.690
[Build] Inserted 34800/50000 points, avg insert time (ms): 2.363
[Build] Inserted 34900/50000 points, avg insert time (ms): 1.589
[Build] Inserted 35000/50000 points, avg insert time (ms): 2.072
[Build] Inserted 35100/50000 points, avg insert time (ms): 3.187
[Build] Inserted 35200/50000 points, avg insert time (ms): 2.419
[Build] Inserted 35300/50000 points, avg insert time (ms): 2.090
[Build] Inserted 35400/50000 points, avg insert time (ms): 2.573
[Build] Inserted 35500/50000 points, avg insert time (ms): 2.353
[Build] Inserted 35600/50000 points, avg insert time (ms): 2.906
[Build] Inserted 35700/50000 points, avg insert time (ms): 1.884
[Build] Inserted 35800/50000 points, avg insert time (ms): 2.227
[Build] Inserted 35900/50000 points, avg insert time (ms): 1.617
[Build] Inserted 36000/50000 points, avg insert time (ms): 2.186
[Build] Inserted 36100/50000 points, avg insert time (ms): 2.060
[Build] Inserted 36200/50000 points, avg insert time (ms): 2.154
[Build] Inserted 36300/50000 points, avg insert time (ms): 2.279
[Build] Inserted 36400/50000 points, avg insert time (ms): 2.414
[Build] Inserted 36500/50000 points, avg insert time (ms): 3.455
[Build] Inserted 36600/50000 points, avg insert time (ms): 1.759
[Build] Inserted 36700/50000 points, avg insert time (ms): 3.469
[Build] Inserted 36800/50000 points, avg insert time (ms): 2.248
[Build] Inserted 36900/50000 points, avg insert time (ms): 1.800
[Build] Inserted 37000/50000 points, avg insert time (ms): 3.183
[Build] Inserted 37100/50000 points, avg insert time (ms): 3.180
[Build] Inserted 37200/50000 points, avg insert time (ms): 1.167
[Build] Inserted 37300/50000 points, avg insert time (ms): 1.245
[Build] Inserted 37400/50000 points, avg insert time (ms): 3.333
[Build] Inserted 37500/50000 points, avg insert time (ms): 3.314
[Build] Inserted 37600/50000 points, avg insert time (ms): 1.536
[Build] Inserted 37700/50000 points, avg insert time (ms): 3.966
[Build] Inserted 37800/50000 points, avg insert time (ms): 2.560
[Build] Inserted 37900/50000 points, avg insert time (ms): 1.417
[Build] Inserted 38000/50000 points, avg insert time (ms): 2.112
[Build] Inserted 38100/50000 points, avg insert time (ms): 3.028
[Build] Inserted 38200/50000 points, avg insert time (ms): 4.195
[Build] Inserted 38300/50000 points, avg insert time (ms): 6.964
[Build] Inserted 38400/50000 points, avg insert time (ms): 1.848
[Build] Inserted 38500/50000 points, avg insert time (ms): 4.783
[Build] Inserted 38600/50000 points, avg insert time (ms): 2.048
[Build] Inserted 38700/50000 points, avg insert time (ms): 2.816
[Build] Inserted 38800/50000 points, avg insert time (ms): 3.464
[Build] Inserted 38900/50000 points, avg insert time (ms): 1.558
[Build] Inserted 39000/50000 points, avg insert time (ms): 2.619
[Build] Inserted 39100/50000 points, avg insert time (ms): 1.764
[Build] Inserted 39200/50000 points, avg insert time (ms): 2.578
[Build] Inserted 39300/50000 points, avg insert time (ms): 2.986
[Build] Inserted 39400/50000 points, avg insert time (ms): 1.405
[Build] Inserted 39500/50000 points, avg insert time (ms): 3.404
[Build] Inserted 39600/50000 points, avg insert time (ms): 2.461
[Build] Inserted 39700/50000 points, avg insert time (ms): 2.376
[Build] Inserted 39800/50000 points, avg insert time (ms): 2.370
[Build] Inserted 39900/50000 points, avg insert time (ms): 1.612
[Build] Inserted 40000/50000 points, avg insert time (ms): 2.408
[Build] Inserted 40100/50000 points, avg insert time (ms): 2.237
[Build] Inserted 40200/50000 points, avg insert time (ms): 2.371
[Build] Inserted 40300/50000 points, avg insert time (ms): 1.641
[Build] Inserted 40400/50000 points, avg insert time (ms): 1.753
[Build] Inserted 40500/50000 points, avg insert time (ms): 3.716
[Build] Inserted 40600/50000 points, avg insert time (ms): 3.200
[Build] Inserted 40700/50000 points, avg insert time (ms): 2.775
[Build] Inserted 40800/50000 points, avg insert time (ms): 1.364
[Build] Inserted 40900/50000 points, avg insert time (ms): 2.767
[Build] Inserted 41000/50000 points, avg insert time (ms): 3.006
[Build] Inserted 41100/50000 points, avg insert time (ms): 1.796
[Build] Inserted 41200/50000 points, avg insert time (ms): 1.732
[Build] Inserted 41300/50000 points, avg insert time (ms): 1.801
[Build] Inserted 41400/50000 points, avg insert time (ms): 0.605
[Build] Inserted 41500/50000 points, avg insert time (ms): 1.908
[Build] Inserted 41600/50000 points, avg insert time (ms): 2.386
[Build] Inserted 41700/50000 points, avg insert time (ms): 2.924
[Build] Inserted 41800/50000 points, avg insert time (ms): 2.022
[Build] Inserted 41900/50000 points, avg insert time (ms): 1.814
[Build] Inserted 42000/50000 points, avg insert time (ms): 4.385
[Build] Inserted 42100/50000 points, avg insert time (ms): 3.037
[Build] Inserted 42200/50000 points, avg insert time (ms): 0.970
[Build] Inserted 42300/50000 points, avg insert time (ms): 1.576
[Build] Inserted 42400/50000 points, avg insert time (ms): 1.745
[Build] Inserted 42500/50000 points, avg insert time (ms): 1.759
[Build] Inserted 42600/50000 points, avg insert time (ms): 2.175
[Build] Inserted 42700/50000 points, avg insert time (ms): 2.501
[Build] Inserted 42800/50000 points, avg insert time (ms): 2.231
[Build] Inserted 42900/50000 points, avg insert time (ms): 2.561
[Build] Inserted 43000/50000 points, avg insert time (ms): 2.214
[Build] Inserted 43100/50000 points, avg insert time (ms): 1.364
[Build] Inserted 43200/50000 points, avg insert time (ms): 0.597
[Build] Inserted 43300/50000 points, avg insert time (ms): 2.377
[Build] Inserted 43400/50000 points, avg insert time (ms): 1.754
[Build] Inserted 43500/50000 points, avg insert time (ms): 1.946
[Build] Inserted 43600/50000 points, avg insert time (ms): 2.302
[Build] Inserted 43700/50000 points, avg insert time (ms): 3.021
[Build] Inserted 43800/50000 points, avg insert time (ms): 1.469
[Build] Inserted 43900/50000 points, avg insert time (ms): 2.774
[Build] Inserted 44000/50000 points, avg insert time (ms): 1.781
[Build] Inserted 44100/50000 points, avg insert time (ms): 3.786
[Build] Inserted 44200/50000 points, avg insert time (ms): 2.842
[Build] Inserted 44300/50000 points, avg insert time (ms): 2.965
[Build] Inserted 44400/50000 points, avg insert time (ms): 1.943
[Build] Inserted 44500/50000 points, avg insert time (ms): 2.466
[Build] Inserted 44600/50000 points, avg insert time (ms): 1.505
[Build] Inserted 44700/50000 points, avg insert time (ms): 2.312
[Build] Inserted 44800/50000 points, avg insert time (ms): 1.744
[Build] Inserted 44900/50000 points, avg insert time (ms): 1.740
[Build] Inserted 45000/50000 points, avg insert time (ms): 4.077
[Build] Inserted 45100/50000 points, avg insert time (ms): 2.373
[Build] Inserted 45200/50000 points, avg insert time (ms): 1.986
[Build] Inserted 45300/50000 points, avg insert time (ms): 3.149
[Build] Inserted 45400/50000 points, avg insert time (ms): 2.956
[Build] Inserted 45500/50000 points, avg insert time (ms): 1.825
[Build] Inserted 45600/50000 points, avg insert time (ms): 2.830
[Build] Inserted 45700/50000 points, avg insert time (ms): 1.719
[Build] Inserted 45800/50000 points, avg insert time (ms): 1.955
[Build] Inserted 45900/50000 points, avg insert time (ms): 5.109
[Build] Inserted 46000/50000 points, avg insert time (ms): 2.773
[Build] Inserted 46100/50000 points, avg insert time (ms): 1.790
[Build] Inserted 46200/50000 points, avg insert time (ms): 2.754
[Build] Inserted 46300/50000 points, avg insert time (ms): 2.190
[Build] Inserted 46400/50000 points, avg insert time (ms): 2.388
[Build] Inserted 46500/50000 points, avg insert time (ms): 2.710
[Build] Inserted 46600/50000 points, avg insert time (ms): 2.416
[Build] Inserted 46700/50000 points, avg insert time (ms): 1.559
[Build] Inserted 46800/50000 points, avg insert time (ms): 1.567
[Build] Inserted 46900/50000 points, avg insert time (ms): 2.115
[Build] Inserted 47000/50000 points, avg insert time (ms): 0.610
[Build] Inserted 47100/50000 points, avg insert time (ms): 1.990
[Build] Inserted 47200/50000 points, avg insert time (ms): 2.746
[Build] Inserted 47300/50000 points, avg insert time (ms): 1.427
[Build] Inserted 47400/50000 points, avg insert time (ms): 2.733
[Build] Inserted 47500/50000 points, avg insert time (ms): 3.349
[Build] Inserted 47600/50000 points, avg insert time (ms): 1.607
[Build] Inserted 47700/50000 points, avg insert time (ms): 2.974
[Build] Inserted 47800/50000 points, avg insert time (ms): 2.761
[Build] Inserted 47900/50000 points, avg insert time (ms): 2.386
[Build] Inserted 48000/50000 points, avg insert time (ms): 2.151
[Build] Inserted 48100/50000 points, avg insert time (ms): 1.377
[Build] Inserted 48200/50000 points, avg insert time (ms): 2.807
[Build] Inserted 48300/50000 points, avg insert time (ms): 1.693
[Build] Inserted 48400/50000 points, avg insert time (ms): 2.370
[Build] Inserted 48500/50000 points, avg insert time (ms): 2.566
[Build] Inserted 48600/50000 points, avg insert time (ms): 3.195
[Build] Inserted 48700/50000 points, avg insert time (ms): 2.333
[Build] Inserted 48800/50000 points, avg insert time (ms): 1.259
[Build] Inserted 48900/50000 points, avg insert time (ms): 3.442
[Build] Inserted 49000/50000 points, avg insert time (ms): 2.451
[Build] Inserted 49100/50000 points, avg insert time (ms): 3.705
[Build] Inserted 49200/50000 points, avg insert time (ms): 1.727
[Build] Inserted 49300/50000 points, avg insert time (ms): 1.231
[Build] Inserted 49400/50000 points, avg insert time (ms): 2.089
[Build] Inserted 49500/50000 points, avg insert time (ms): 1.823
[Build] Inserted 49600/50000 points, avg insert time (ms): 2.632
[Build] Inserted 49700/50000 points, avg insert time (ms): 3.086
[Build] Inserted 49800/50000 points, avg insert time (ms): 2.004
[Build] Inserted 49900/50000 points, avg insert time (ms): 3.291
[Build] Inserted 50000/50000 points, avg insert time (ms): 2.679
[Timing] Total insertion time: 123.52 s
[Build] Starting queries...
[Query] Processed 100/5000 queries, avg query time (ms): 30.624
[Query] Processed 200/5000 queries, avg query time (ms): 29.360
[Query] Processed 300/5000 queries, avg query time (ms): 28.769
[Query] Processed 400/5000 queries, avg query time (ms): 30.990
[Query] Processed 500/5000 queries, avg query time (ms): 30.738
[Query] Processed 600/5000 queries, avg query time (ms): 32.487
[Query] Processed 700/5000 queries, avg query time (ms): 30.436
[Query] Processed 800/5000 queries, avg query time (ms): 31.684
[Query] Processed 900/5000 queries, avg query time (ms): 30.087
[Query] Processed 1000/5000 queries, avg query time (ms): 31.263
[Query] Processed 1100/5000 queries, avg query time (ms): 29.923
[Query] Processed 1200/5000 queries, avg query time (ms): 28.406
[Query] Processed 1300/5000 queries, avg query time (ms): 29.914
[Query] Processed 1400/5000 queries, avg query time (ms): 29.365
[Query] Processed 1500/5000 queries, avg query time (ms): 28.115
[Query] Processed 1600/5000 queries, avg query time (ms): 30.666
[Query] Processed 1700/5000 queries, avg query time (ms): 30.097
[Query] Processed 1800/5000 queries, avg query time (ms): 30.119
[Query] Processed 1900/5000 queries, avg query time (ms): 30.650
[Query] Processed 2000/5000 queries, avg query time (ms): 27.340
[Query] Processed 2100/5000 queries, avg query time (ms): 32.275
[Query] Processed 2200/5000 queries, avg query time (ms): 27.489
[Query] Processed 2300/5000 queries, avg query time (ms): 35.386
[Query] Processed 2400/5000 queries, avg query time (ms): 25.951
[Query] Processed 2500/5000 queries, avg query time (ms): 26.045
[Query] Processed 2600/5000 queries, avg query time (ms): 27.679
[Query] Processed 2700/5000 queries, avg query time (ms): 30.496
[Query] Processed 2800/5000 queries, avg query time (ms): 31.622
[Query] Processed 2900/5000 queries, avg query time (ms): 31.879
[Query] Processed 3000/5000 queries, avg query time (ms): 30.775
[Query] Processed 3100/5000 queries, avg query time (ms): 28.013
[Query] Processed 3200/5000 queries, avg query time (ms): 31.985
[Query] Processed 3300/5000 queries, avg query time (ms): 26.807
[Query] Processed 3400/5000 queries, avg query time (ms): 25.859
[Query] Processed 3500/5000 queries, avg query time (ms): 28.353
[Query] Processed 3600/5000 queries, avg query time (ms): 27.320
[Query] Processed 3700/5000 queries, avg query time (ms): 24.652
[Query] Processed 3800/5000 queries, avg query time (ms): 28.854
[Query] Processed 3900/5000 queries, avg query time (ms): 27.559
[Query] Processed 4000/5000 queries, avg query time (ms): 27.058
[Query] Processed 4100/5000 queries, avg query time (ms): 25.513
[Query] Processed 4200/5000 queries, avg query time (ms): 24.903
[Query] Processed 4300/5000 queries, avg query time (ms): 25.648
[Query] Processed 4400/5000 queries, avg query time (ms): 29.382
[Query] Processed 4500/5000 queries, avg query time (ms): 29.557
[Query] Processed 4600/5000 queries, avg query time (ms): 26.029
[Query] Processed 4700/5000 queries, avg query time (ms): 28.331
[Query] Processed 4800/5000 queries, avg query time (ms): 36.368
[Query] Processed 4900/5000 queries, avg query time (ms): 29.078
[Query] Processed 5000/5000 queries, avg query time (ms): 28.177
[Timing] Total query time: 146.09 s
[Eval] Computing ground truth top-K...
[Timing] Ground truth (FAISS): 6.04 s (1.209 ms/query)
[Timing] Ground truth computation: 6.80 s
[Eval] Computing recall metrics...
[Timing] Recall evaluation: 128.75 s
[Eval] Computing (c,r)-ANN accuracy...
[Timing] FAISS r* computation: 5.03 s (1.005 ms/query)
[CR-ANN] 100/5000 processed, avg time (ann.query): 51.572 ms
[CR-ANN] 200/5000 processed, avg time (ann.query): 61.843 ms
[CR-ANN] 300/5000 processed, avg time (ann.query): 57.557 ms
[CR-ANN] 400/5000 processed, avg time (ann.query): 56.078 ms
[CR-ANN] 500/5000 processed, avg time (ann.query): 54.709 ms
[CR-ANN] 600/5000 processed, avg time (ann.query): 54.322 ms
[CR-ANN] 700/5000 processed, avg time (ann.query): 55.302 ms
[CR-ANN] 800/5000 processed, avg time (ann.query): 49.664 ms
[CR-ANN] 900/5000 processed, avg time (ann.query): 49.951 ms
[CR-ANN] 1000/5000 processed, avg time (ann.query): 59.200 ms
[CR-ANN] 1100/5000 processed, avg time (ann.query): 65.554 ms
[CR-ANN] 1200/5000 processed, avg time (ann.query): 58.437 ms
[CR-ANN] 1300/5000 processed, avg time (ann.query): 54.061 ms
[CR-ANN] 1400/5000 processed, avg time (ann.query): 56.766 ms
[CR-ANN] 1500/5000 processed, avg time (ann.query): 50.137 ms
[CR-ANN] 1600/5000 processed, avg time (ann.query): 58.543 ms
[CR-ANN] 1700/5000 processed, avg time (ann.query): 61.491 ms
[CR-ANN] 1800/5000 processed, avg time (ann.query): 54.571 ms
[CR-ANN] 1900/5000 processed, avg time (ann.query): 68.594 ms
[CR-ANN] 2000/5000 processed, avg time (ann.query): 58.026 ms
[CR-ANN] 2100/5000 processed, avg time (ann.query): 61.828 ms
[CR-ANN] 2200/5000 processed, avg time (ann.query): 61.434 ms
[CR-ANN] 2300/5000 processed, avg time (ann.query): 50.886 ms
[CR-ANN] 2400/5000 processed, avg time (ann.query): 53.535 ms
[CR-ANN] 2500/5000 processed, avg time (ann.query): 57.862 ms
[CR-ANN] 2600/5000 processed, avg time (ann.query): 56.445 ms
[CR-ANN] 2700/5000 processed, avg time (ann.query): 50.373 ms
[CR-ANN] 2800/5000 processed, avg time (ann.query): 53.620 ms
[CR-ANN] 2900/5000 processed, avg time (ann.query): 59.135 ms
[CR-ANN] 3000/5000 processed, avg time (ann.query): 57.932 ms
[CR-ANN] 3100/5000 processed, avg time (ann.query): 56.104 ms
[CR-ANN] 3200/5000 processed, avg time (ann.query): 62.013 ms
[CR-ANN] 3300/5000 processed, avg time (ann.query): 58.154 ms
[CR-ANN] 3400/5000 processed, avg time (ann.query): 65.645 ms
[CR-ANN] 3500/5000 processed, avg time (ann.query): 58.400 ms
[CR-ANN] 3600/5000 processed, avg time (ann.query): 52.315 ms
[CR-ANN] 3700/5000 processed, avg time (ann.query): 56.612 ms
[CR-ANN] 3800/5000 processed, avg time (ann.query): 55.100 ms
[CR-ANN] 3900/5000 processed, avg time (ann.query): 60.630 ms
[CR-ANN] 4000/5000 processed, avg time (ann.query): 51.221 ms
[CR-ANN] 4100/5000 processed, avg time (ann.query): 50.223 ms
[CR-ANN] 4200/5000 processed, avg time (ann.query): 54.156 ms
[CR-ANN] 4300/5000 processed, avg time (ann.query): 52.862 ms
[CR-ANN] 4400/5000 processed, avg time (ann.query): 48.523 ms
[CR-ANN] 4500/5000 processed, avg time (ann.query): 55.614 ms
[CR-ANN] 4600/5000 processed, avg time (ann.query): 51.908 ms
[CR-ANN] 4700/5000 processed, avg time (ann.query): 56.979 ms
[CR-ANN] 4800/5000 processed, avg time (ann.query): 53.651 ms
[CR-ANN] 4900/5000 processed, avg time (ann.query): 48.711 ms
[CR-ANN] 5000/5000 processed, avg time (ann.query): 59.378 ms
[Timing] (c,r)-ANN eval: 280.84 s (56.169 ms/query)
[Sanity Check] Total Relevant = 4464
[Timing] (c,r)-ANN evaluation: 286.16 s
[Result] Memory breakdown (MB): {'hash_functions_MB': 82.1392822265625, 'bucket_ids_MB': 24.679183959960938, 'num_ids': 6469500, 'num_buckets': 2620388, 'hash_tables_overhead_MB': 219.91171264648438, 'total_MB': 326.7301788330078}
[Result] Epsilon-recall: 0.9971
[Result] (c,r)-ANN accuracy: 0.9993

[Timing Summary]
  Insert phase: 123.52 s
  Query phase: 146.09 s
  Ground truth: 6.80 s
  Recall eval: 128.75 s
  (c,r)-ANN eval: 286.16 s
  Total time: 691.32 s
[SUMMARY] r=0.5, eps=0.5, eta=0.2, recall=0.9971, (c,r)-ANN accuracy=0.9993279569892473, memory=326.7301788330078
