[Init] Inputs : eta=0.10, epsilon=1.00, r=0.50
[Init] LSH Parameters : w=1.886, p1=0.7885, p2=0.5891, rho=0.4491
[Init] Data Structure Parameters : k=21, L=163, key_bits=672, mode=speed
[Build] Starting insertion...
[Build] Inserted 100/50000 points, avg insert time (ms): 0.899
[Build] Inserted 200/50000 points, avg insert time (ms): 0.588
[Build] Inserted 300/50000 points, avg insert time (ms): 0.650
[Build] Inserted 400/50000 points, avg insert time (ms): 0.788
[Build] Inserted 500/50000 points, avg insert time (ms): 0.630
[Build] Inserted 600/50000 points, avg insert time (ms): 0.644
[Build] Inserted 700/50000 points, avg insert time (ms): 0.888
[Build] Inserted 800/50000 points, avg insert time (ms): 0.888
[Build] Inserted 900/50000 points, avg insert time (ms): 0.927
[Build] Inserted 1000/50000 points, avg insert time (ms): 1.093
[Build] Inserted 1100/50000 points, avg insert time (ms): 0.826
[Build] Inserted 1200/50000 points, avg insert time (ms): 0.696
[Build] Inserted 1300/50000 points, avg insert time (ms): 0.674
[Build] Inserted 1400/50000 points, avg insert time (ms): 1.149
[Build] Inserted 1500/50000 points, avg insert time (ms): 0.922
[Build] Inserted 1600/50000 points, avg insert time (ms): 0.704
[Build] Inserted 1700/50000 points, avg insert time (ms): 0.756
[Build] Inserted 1800/50000 points, avg insert time (ms): 0.836
[Build] Inserted 1900/50000 points, avg insert time (ms): 0.961
[Build] Inserted 2000/50000 points, avg insert time (ms): 0.840
[Build] Inserted 2100/50000 points, avg insert time (ms): 0.831
[Build] Inserted 2200/50000 points, avg insert time (ms): 0.672
[Build] Inserted 2300/50000 points, avg insert time (ms): 0.703
[Build] Inserted 2400/50000 points, avg insert time (ms): 0.890
[Build] Inserted 2500/50000 points, avg insert time (ms): 0.838
[Build] Inserted 2600/50000 points, avg insert time (ms): 0.826
[Build] Inserted 2700/50000 points, avg insert time (ms): 0.728
[Build] Inserted 2800/50000 points, avg insert time (ms): 0.692
[Build] Inserted 2900/50000 points, avg insert time (ms): 0.913
[Build] Inserted 3000/50000 points, avg insert time (ms): 1.027
[Build] Inserted 3100/50000 points, avg insert time (ms): 1.028
[Build] Inserted 3200/50000 points, avg insert time (ms): 1.020
[Build] Inserted 3300/50000 points, avg insert time (ms): 0.701
[Build] Inserted 3400/50000 points, avg insert time (ms): 0.729
[Build] Inserted 3500/50000 points, avg insert time (ms): 0.790
[Build] Inserted 3600/50000 points, avg insert time (ms): 0.827
[Build] Inserted 3700/50000 points, avg insert time (ms): 0.663
[Build] Inserted 3800/50000 points, avg insert time (ms): 0.804
[Build] Inserted 3900/50000 points, avg insert time (ms): 0.793
[Build] Inserted 4000/50000 points, avg insert time (ms): 0.660
[Build] Inserted 4100/50000 points, avg insert time (ms): 0.836
[Build] Inserted 4200/50000 points, avg insert time (ms): 0.643
[Build] Inserted 4300/50000 points, avg insert time (ms): 0.649
[Build] Inserted 4400/50000 points, avg insert time (ms): 0.707
[Build] Inserted 4500/50000 points, avg insert time (ms): 0.916
[Build] Inserted 4600/50000 points, avg insert time (ms): 1.367
[Build] Inserted 4700/50000 points, avg insert time (ms): 0.904
[Build] Inserted 4800/50000 points, avg insert time (ms): 0.922
[Build] Inserted 4900/50000 points, avg insert time (ms): 0.853
[Build] Inserted 5000/50000 points, avg insert time (ms): 0.644
[Build] Inserted 5100/50000 points, avg insert time (ms): 0.945
[Build] Inserted 5200/50000 points, avg insert time (ms): 0.756
[Build] Inserted 5300/50000 points, avg insert time (ms): 1.109
[Build] Inserted 5400/50000 points, avg insert time (ms): 0.724
[Build] Inserted 5500/50000 points, avg insert time (ms): 0.658
[Build] Inserted 5600/50000 points, avg insert time (ms): 0.789
[Build] Inserted 5700/50000 points, avg insert time (ms): 0.949
[Build] Inserted 5800/50000 points, avg insert time (ms): 1.243
[Build] Inserted 5900/50000 points, avg insert time (ms): 0.557
[Build] Inserted 6000/50000 points, avg insert time (ms): 0.726
[Build] Inserted 6100/50000 points, avg insert time (ms): 1.040
[Build] Inserted 6200/50000 points, avg insert time (ms): 1.043
[Build] Inserted 6300/50000 points, avg insert time (ms): 0.743
[Build] Inserted 6400/50000 points, avg insert time (ms): 0.970
[Build] Inserted 6500/50000 points, avg insert time (ms): 0.832
[Build] Inserted 6600/50000 points, avg insert time (ms): 0.544
[Build] Inserted 6700/50000 points, avg insert time (ms): 0.607
[Build] Inserted 6800/50000 points, avg insert time (ms): 0.888
[Build] Inserted 6900/50000 points, avg insert time (ms): 1.064
[Build] Inserted 7000/50000 points, avg insert time (ms): 1.302
[Build] Inserted 7100/50000 points, avg insert time (ms): 0.871
[Build] Inserted 7200/50000 points, avg insert time (ms): 0.907
[Build] Inserted 7300/50000 points, avg insert time (ms): 0.725
[Build] Inserted 7400/50000 points, avg insert time (ms): 0.668
[Build] Inserted 7500/50000 points, avg insert time (ms): 0.766
[Build] Inserted 7600/50000 points, avg insert time (ms): 0.916
[Build] Inserted 7700/50000 points, avg insert time (ms): 0.890
[Build] Inserted 7800/50000 points, avg insert time (ms): 0.827
[Build] Inserted 7900/50000 points, avg insert time (ms): 0.789
[Build] Inserted 8000/50000 points, avg insert time (ms): 1.227
[Build] Inserted 8100/50000 points, avg insert time (ms): 0.982
[Build] Inserted 8200/50000 points, avg insert time (ms): 0.859
[Build] Inserted 8300/50000 points, avg insert time (ms): 0.736
[Build] Inserted 8400/50000 points, avg insert time (ms): 0.925
[Build] Inserted 8500/50000 points, avg insert time (ms): 0.595
[Build] Inserted 8600/50000 points, avg insert time (ms): 1.391
[Build] Inserted 8700/50000 points, avg insert time (ms): 0.992
[Build] Inserted 8800/50000 points, avg insert time (ms): 0.634
[Build] Inserted 8900/50000 points, avg insert time (ms): 0.685
[Build] Inserted 9000/50000 points, avg insert time (ms): 0.790
[Build] Inserted 9100/50000 points, avg insert time (ms): 0.874
[Build] Inserted 9200/50000 points, avg insert time (ms): 0.898
[Build] Inserted 9300/50000 points, avg insert time (ms): 0.721
[Build] Inserted 9400/50000 points, avg insert time (ms): 0.651
[Build] Inserted 9500/50000 points, avg insert time (ms): 0.808
[Build] Inserted 9600/50000 points, avg insert time (ms): 1.091
[Build] Inserted 9700/50000 points, avg insert time (ms): 0.928
[Build] Inserted 9800/50000 points, avg insert time (ms): 0.928
[Build] Inserted 9900/50000 points, avg insert time (ms): 1.269
[Build] Inserted 10000/50000 points, avg insert time (ms): 1.003
[Build] Inserted 10100/50000 points, avg insert time (ms): 0.741
[Build] Inserted 10200/50000 points, avg insert time (ms): 0.833
[Build] Inserted 10300/50000 points, avg insert time (ms): 1.210
[Build] Inserted 10400/50000 points, avg insert time (ms): 0.848
[Build] Inserted 10500/50000 points, avg insert time (ms): 1.056
[Build] Inserted 10600/50000 points, avg insert time (ms): 1.334
[Build] Inserted 10700/50000 points, avg insert time (ms): 0.998
[Build] Inserted 10800/50000 points, avg insert time (ms): 0.991
[Build] Inserted 10900/50000 points, avg insert time (ms): 0.699
[Build] Inserted 11000/50000 points, avg insert time (ms): 0.897
[Build] Inserted 11100/50000 points, avg insert time (ms): 1.301
[Build] Inserted 11200/50000 points, avg insert time (ms): 1.011
[Build] Inserted 11300/50000 points, avg insert time (ms): 0.737
[Build] Inserted 11400/50000 points, avg insert time (ms): 1.136
[Build] Inserted 11500/50000 points, avg insert time (ms): 0.899
[Build] Inserted 11600/50000 points, avg insert time (ms): 0.665
[Build] Inserted 11700/50000 points, avg insert time (ms): 0.987
[Build] Inserted 11800/50000 points, avg insert time (ms): 1.272
[Build] Inserted 11900/50000 points, avg insert time (ms): 1.122
[Build] Inserted 12000/50000 points, avg insert time (ms): 0.776
[Build] Inserted 12100/50000 points, avg insert time (ms): 0.895
[Build] Inserted 12200/50000 points, avg insert time (ms): 0.951
[Build] Inserted 12300/50000 points, avg insert time (ms): 0.997
[Build] Inserted 12400/50000 points, avg insert time (ms): 0.950
[Build] Inserted 12500/50000 points, avg insert time (ms): 0.874
[Build] Inserted 12600/50000 points, avg insert time (ms): 0.935
[Build] Inserted 12700/50000 points, avg insert time (ms): 0.922
[Build] Inserted 12800/50000 points, avg insert time (ms): 0.884
[Build] Inserted 12900/50000 points, avg insert time (ms): 0.872
[Build] Inserted 13000/50000 points, avg insert time (ms): 0.701
[Build] Inserted 13100/50000 points, avg insert time (ms): 1.134
[Build] Inserted 13200/50000 points, avg insert time (ms): 1.109
[Build] Inserted 13300/50000 points, avg insert time (ms): 0.885
[Build] Inserted 13400/50000 points, avg insert time (ms): 0.869
[Build] Inserted 13500/50000 points, avg insert time (ms): 0.958
[Build] Inserted 13600/50000 points, avg insert time (ms): 0.789
[Build] Inserted 13700/50000 points, avg insert time (ms): 0.931
[Build] Inserted 13800/50000 points, avg insert time (ms): 1.084
[Build] Inserted 13900/50000 points, avg insert time (ms): 0.763
[Build] Inserted 14000/50000 points, avg insert time (ms): 0.816
[Build] Inserted 14100/50000 points, avg insert time (ms): 1.081
[Build] Inserted 14200/50000 points, avg insert time (ms): 0.870
[Build] Inserted 14300/50000 points, avg insert time (ms): 0.950
[Build] Inserted 14400/50000 points, avg insert time (ms): 1.339
[Build] Inserted 14500/50000 points, avg insert time (ms): 0.761
[Build] Inserted 14600/50000 points, avg insert time (ms): 0.919
[Build] Inserted 14700/50000 points, avg insert time (ms): 0.971
[Build] Inserted 14800/50000 points, avg insert time (ms): 1.302
[Build] Inserted 14900/50000 points, avg insert time (ms): 0.642
[Build] Inserted 15000/50000 points, avg insert time (ms): 0.894
[Build] Inserted 15100/50000 points, avg insert time (ms): 0.944
[Build] Inserted 15200/50000 points, avg insert time (ms): 0.783
[Build] Inserted 15300/50000 points, avg insert time (ms): 0.903
[Build] Inserted 15400/50000 points, avg insert time (ms): 0.928
[Build] Inserted 15500/50000 points, avg insert time (ms): 0.773
[Build] Inserted 15600/50000 points, avg insert time (ms): 0.724
[Build] Inserted 15700/50000 points, avg insert time (ms): 1.466
[Build] Inserted 15800/50000 points, avg insert time (ms): 0.635
[Build] Inserted 15900/50000 points, avg insert time (ms): 0.952
[Build] Inserted 16000/50000 points, avg insert time (ms): 1.202
[Build] Inserted 16100/50000 points, avg insert time (ms): 1.109
[Build] Inserted 16200/50000 points, avg insert time (ms): 1.155
[Build] Inserted 16300/50000 points, avg insert time (ms): 0.798
[Build] Inserted 16400/50000 points, avg insert time (ms): 0.809
[Build] Inserted 16500/50000 points, avg insert time (ms): 0.839
[Build] Inserted 16600/50000 points, avg insert time (ms): 0.802
[Build] Inserted 16700/50000 points, avg insert time (ms): 0.928
[Build] Inserted 16800/50000 points, avg insert time (ms): 0.883
[Build] Inserted 16900/50000 points, avg insert time (ms): 0.718
[Build] Inserted 17000/50000 points, avg insert time (ms): 1.096
[Build] Inserted 17100/50000 points, avg insert time (ms): 0.983
[Build] Inserted 17200/50000 points, avg insert time (ms): 0.922
[Build] Inserted 17300/50000 points, avg insert time (ms): 0.958
[Build] Inserted 17400/50000 points, avg insert time (ms): 0.913
[Build] Inserted 17500/50000 points, avg insert time (ms): 1.192
[Build] Inserted 17600/50000 points, avg insert time (ms): 0.864
[Build] Inserted 17700/50000 points, avg insert time (ms): 0.805
[Build] Inserted 17800/50000 points, avg insert time (ms): 1.188
[Build] Inserted 17900/50000 points, avg insert time (ms): 0.848
[Build] Inserted 18000/50000 points, avg insert time (ms): 1.059
[Build] Inserted 18100/50000 points, avg insert time (ms): 0.683
[Build] Inserted 18200/50000 points, avg insert time (ms): 0.725
[Build] Inserted 18300/50000 points, avg insert time (ms): 1.071
[Build] Inserted 18400/50000 points, avg insert time (ms): 1.414
[Build] Inserted 18500/50000 points, avg insert time (ms): 1.006
[Build] Inserted 18600/50000 points, avg insert time (ms): 0.898
[Build] Inserted 18700/50000 points, avg insert time (ms): 1.158
[Build] Inserted 18800/50000 points, avg insert time (ms): 1.061
[Build] Inserted 18900/50000 points, avg insert time (ms): 0.811
[Build] Inserted 19000/50000 points, avg insert time (ms): 0.933
[Build] Inserted 19100/50000 points, avg insert time (ms): 0.866
[Build] Inserted 19200/50000 points, avg insert time (ms): 1.045
[Build] Inserted 19300/50000 points, avg insert time (ms): 0.726
[Build] Inserted 19400/50000 points, avg insert time (ms): 1.099
[Build] Inserted 19500/50000 points, avg insert time (ms): 1.184
[Build] Inserted 19600/50000 points, avg insert time (ms): 1.001
[Build] Inserted 19700/50000 points, avg insert time (ms): 1.052
[Build] Inserted 19800/50000 points, avg insert time (ms): 0.844
[Build] Inserted 19900/50000 points, avg insert time (ms): 0.932
[Build] Inserted 20000/50000 points, avg insert time (ms): 1.060
[Build] Inserted 20100/50000 points, avg insert time (ms): 1.308
[Build] Inserted 20200/50000 points, avg insert time (ms): 1.242
[Build] Inserted 20300/50000 points, avg insert time (ms): 0.984
[Build] Inserted 20400/50000 points, avg insert time (ms): 0.911
[Build] Inserted 20500/50000 points, avg insert time (ms): 1.099
[Build] Inserted 20600/50000 points, avg insert time (ms): 0.929
[Build] Inserted 20700/50000 points, avg insert time (ms): 0.551
[Build] Inserted 20800/50000 points, avg insert time (ms): 1.084
[Build] Inserted 20900/50000 points, avg insert time (ms): 0.657
[Build] Inserted 21000/50000 points, avg insert time (ms): 0.689
[Build] Inserted 21100/50000 points, avg insert time (ms): 0.958
[Build] Inserted 21200/50000 points, avg insert time (ms): 0.932
[Build] Inserted 21300/50000 points, avg insert time (ms): 0.751
[Build] Inserted 21400/50000 points, avg insert time (ms): 0.919
[Build] Inserted 21500/50000 points, avg insert time (ms): 0.863
[Build] Inserted 21600/50000 points, avg insert time (ms): 0.873
[Build] Inserted 21700/50000 points, avg insert time (ms): 0.896
[Build] Inserted 21800/50000 points, avg insert time (ms): 0.908
[Build] Inserted 21900/50000 points, avg insert time (ms): 1.016
[Build] Inserted 22000/50000 points, avg insert time (ms): 0.819
[Build] Inserted 22100/50000 points, avg insert time (ms): 1.026
[Build] Inserted 22200/50000 points, avg insert time (ms): 0.940
[Build] Inserted 22300/50000 points, avg insert time (ms): 1.276
[Build] Inserted 22400/50000 points, avg insert time (ms): 0.792
[Build] Inserted 22500/50000 points, avg insert time (ms): 0.876
[Build] Inserted 22600/50000 points, avg insert time (ms): 0.732
[Build] Inserted 22700/50000 points, avg insert time (ms): 0.897
[Build] Inserted 22800/50000 points, avg insert time (ms): 0.883
[Build] Inserted 22900/50000 points, avg insert time (ms): 0.789
[Build] Inserted 23000/50000 points, avg insert time (ms): 0.894
[Build] Inserted 23100/50000 points, avg insert time (ms): 0.935
[Build] Inserted 23200/50000 points, avg insert time (ms): 0.915
[Build] Inserted 23300/50000 points, avg insert time (ms): 0.827
[Build] Inserted 23400/50000 points, avg insert time (ms): 0.881
[Build] Inserted 23500/50000 points, avg insert time (ms): 0.932
[Build] Inserted 23600/50000 points, avg insert time (ms): 1.042
[Build] Inserted 23700/50000 points, avg insert time (ms): 1.052
[Build] Inserted 23800/50000 points, avg insert time (ms): 0.862
[Build] Inserted 23900/50000 points, avg insert time (ms): 1.009
[Build] Inserted 24000/50000 points, avg insert time (ms): 1.042
[Build] Inserted 24100/50000 points, avg insert time (ms): 0.792
[Build] Inserted 24200/50000 points, avg insert time (ms): 0.690
[Build] Inserted 24300/50000 points, avg insert time (ms): 0.957
[Build] Inserted 24400/50000 points, avg insert time (ms): 0.716
[Build] Inserted 24500/50000 points, avg insert time (ms): 1.001
[Build] Inserted 24600/50000 points, avg insert time (ms): 0.998
[Build] Inserted 24700/50000 points, avg insert time (ms): 0.881
[Build] Inserted 24800/50000 points, avg insert time (ms): 0.920
[Build] Inserted 24900/50000 points, avg insert time (ms): 0.659
[Build] Inserted 25000/50000 points, avg insert time (ms): 0.833
[Build] Inserted 25100/50000 points, avg insert time (ms): 0.749
[Build] Inserted 25200/50000 points, avg insert time (ms): 1.055
[Build] Inserted 25300/50000 points, avg insert time (ms): 1.122
[Build] Inserted 25400/50000 points, avg insert time (ms): 1.412
[Build] Inserted 25500/50000 points, avg insert time (ms): 1.233
[Build] Inserted 25600/50000 points, avg insert time (ms): 0.959
[Build] Inserted 25700/50000 points, avg insert time (ms): 1.089
[Build] Inserted 25800/50000 points, avg insert time (ms): 1.566
[Build] Inserted 25900/50000 points, avg insert time (ms): 1.100
[Build] Inserted 26000/50000 points, avg insert time (ms): 1.097
[Build] Inserted 26100/50000 points, avg insert time (ms): 0.711
[Build] Inserted 26200/50000 points, avg insert time (ms): 0.964
[Build] Inserted 26300/50000 points, avg insert time (ms): 1.573
[Build] Inserted 26400/50000 points, avg insert time (ms): 1.102
[Build] Inserted 26500/50000 points, avg insert time (ms): 1.177
[Build] Inserted 26600/50000 points, avg insert time (ms): 1.252
[Build] Inserted 26700/50000 points, avg insert time (ms): 1.118
[Build] Inserted 26800/50000 points, avg insert time (ms): 0.963
[Build] Inserted 26900/50000 points, avg insert time (ms): 1.224
[Build] Inserted 27000/50000 points, avg insert time (ms): 1.169
[Build] Inserted 27100/50000 points, avg insert time (ms): 0.948
[Build] Inserted 27200/50000 points, avg insert time (ms): 0.991
[Build] Inserted 27300/50000 points, avg insert time (ms): 1.182
[Build] Inserted 27400/50000 points, avg insert time (ms): 0.911
[Build] Inserted 27500/50000 points, avg insert time (ms): 1.132
[Build] Inserted 27600/50000 points, avg insert time (ms): 1.075
[Build] Inserted 27700/50000 points, avg insert time (ms): 1.221
[Build] Inserted 27800/50000 points, avg insert time (ms): 1.664
[Build] Inserted 27900/50000 points, avg insert time (ms): 1.121
[Build] Inserted 28000/50000 points, avg insert time (ms): 1.078
[Build] Inserted 28100/50000 points, avg insert time (ms): 0.998
[Build] Inserted 28200/50000 points, avg insert time (ms): 1.083
[Build] Inserted 28300/50000 points, avg insert time (ms): 1.024
[Build] Inserted 28400/50000 points, avg insert time (ms): 1.183
[Build] Inserted 28500/50000 points, avg insert time (ms): 0.929
[Build] Inserted 28600/50000 points, avg insert time (ms): 1.112
[Build] Inserted 28700/50000 points, avg insert time (ms): 0.948
[Build] Inserted 28800/50000 points, avg insert time (ms): 1.039
[Build] Inserted 28900/50000 points, avg insert time (ms): 0.969
[Build] Inserted 29000/50000 points, avg insert time (ms): 1.168
[Build] Inserted 29100/50000 points, avg insert time (ms): 1.242
[Build] Inserted 29200/50000 points, avg insert time (ms): 1.332
[Build] Inserted 29300/50000 points, avg insert time (ms): 1.378
[Build] Inserted 29400/50000 points, avg insert time (ms): 1.762
[Build] Inserted 29500/50000 points, avg insert time (ms): 1.407
[Build] Inserted 29600/50000 points, avg insert time (ms): 1.647
[Build] Inserted 29700/50000 points, avg insert time (ms): 30.733
[Build] Inserted 29800/50000 points, avg insert time (ms): 1.606
[Build] Inserted 29900/50000 points, avg insert time (ms): 1.546
[Build] Inserted 30000/50000 points, avg insert time (ms): 1.428
[Build] Inserted 30100/50000 points, avg insert time (ms): 1.091
[Build] Inserted 30200/50000 points, avg insert time (ms): 1.615
[Build] Inserted 30300/50000 points, avg insert time (ms): 1.616
[Build] Inserted 30400/50000 points, avg insert time (ms): 1.129
[Build] Inserted 30500/50000 points, avg insert time (ms): 0.946
[Build] Inserted 30600/50000 points, avg insert time (ms): 0.905
[Build] Inserted 30700/50000 points, avg insert time (ms): 1.036
[Build] Inserted 30800/50000 points, avg insert time (ms): 1.264
[Build] Inserted 30900/50000 points, avg insert time (ms): 0.887
[Build] Inserted 31000/50000 points, avg insert time (ms): 0.972
[Build] Inserted 31100/50000 points, avg insert time (ms): 0.986
[Build] Inserted 31200/50000 points, avg insert time (ms): 1.126
[Build] Inserted 31300/50000 points, avg insert time (ms): 1.211
[Build] Inserted 31400/50000 points, avg insert time (ms): 1.255
[Build] Inserted 31500/50000 points, avg insert time (ms): 2.532
[Build] Inserted 31600/50000 points, avg insert time (ms): 0.943
[Build] Inserted 31700/50000 points, avg insert time (ms): 0.799
[Build] Inserted 31800/50000 points, avg insert time (ms): 0.933
[Build] Inserted 31900/50000 points, avg insert time (ms): 1.197
[Build] Inserted 32000/50000 points, avg insert time (ms): 0.809
[Build] Inserted 32100/50000 points, avg insert time (ms): 0.871
[Build] Inserted 32200/50000 points, avg insert time (ms): 1.178
[Build] Inserted 32300/50000 points, avg insert time (ms): 0.938
[Build] Inserted 32400/50000 points, avg insert time (ms): 0.789
[Build] Inserted 32500/50000 points, avg insert time (ms): 0.918
[Build] Inserted 32600/50000 points, avg insert time (ms): 0.797
[Build] Inserted 32700/50000 points, avg insert time (ms): 0.943
[Build] Inserted 32800/50000 points, avg insert time (ms): 1.035
[Build] Inserted 32900/50000 points, avg insert time (ms): 0.900
[Build] Inserted 33000/50000 points, avg insert time (ms): 0.742
[Build] Inserted 33100/50000 points, avg insert time (ms): 0.760
[Build] Inserted 33200/50000 points, avg insert time (ms): 0.684
[Build] Inserted 33300/50000 points, avg insert time (ms): 0.783
[Build] Inserted 33400/50000 points, avg insert time (ms): 0.969
[Build] Inserted 33500/50000 points, avg insert time (ms): 0.594
[Build] Inserted 33600/50000 points, avg insert time (ms): 0.818
[Build] Inserted 33700/50000 points, avg insert time (ms): 0.605
[Build] Inserted 33800/50000 points, avg insert time (ms): 0.818
[Build] Inserted 33900/50000 points, avg insert time (ms): 0.697
[Build] Inserted 34000/50000 points, avg insert time (ms): 0.833
[Build] Inserted 34100/50000 points, avg insert time (ms): 0.989
[Build] Inserted 34200/50000 points, avg insert time (ms): 0.896
[Build] Inserted 34300/50000 points, avg insert time (ms): 0.701
[Build] Inserted 34400/50000 points, avg insert time (ms): 0.700
[Build] Inserted 34500/50000 points, avg insert time (ms): 0.887
[Build] Inserted 34600/50000 points, avg insert time (ms): 0.976
[Build] Inserted 34700/50000 points, avg insert time (ms): 0.697
[Build] Inserted 34800/50000 points, avg insert time (ms): 1.354
[Build] Inserted 34900/50000 points, avg insert time (ms): 1.261
[Build] Inserted 35000/50000 points, avg insert time (ms): 1.036
[Build] Inserted 35100/50000 points, avg insert time (ms): 1.332
[Build] Inserted 35200/50000 points, avg insert time (ms): 1.950
[Build] Inserted 35300/50000 points, avg insert time (ms): 0.943
[Build] Inserted 35400/50000 points, avg insert time (ms): 0.961
[Build] Inserted 35500/50000 points, avg insert time (ms): 1.040
[Build] Inserted 35600/50000 points, avg insert time (ms): 1.088
[Build] Inserted 35700/50000 points, avg insert time (ms): 0.940
[Build] Inserted 35800/50000 points, avg insert time (ms): 1.135
[Build] Inserted 35900/50000 points, avg insert time (ms): 1.211
[Build] Inserted 36000/50000 points, avg insert time (ms): 0.792
[Build] Inserted 36100/50000 points, avg insert time (ms): 0.965
[Build] Inserted 36200/50000 points, avg insert time (ms): 0.784
[Build] Inserted 36300/50000 points, avg insert time (ms): 1.180
[Build] Inserted 36400/50000 points, avg insert time (ms): 0.954
[Build] Inserted 36500/50000 points, avg insert time (ms): 0.800
[Build] Inserted 36600/50000 points, avg insert time (ms): 0.961
[Build] Inserted 36700/50000 points, avg insert time (ms): 1.082
[Build] Inserted 36800/50000 points, avg insert time (ms): 1.055
[Build] Inserted 36900/50000 points, avg insert time (ms): 0.657
[Build] Inserted 37000/50000 points, avg insert time (ms): 1.033
[Build] Inserted 37100/50000 points, avg insert time (ms): 1.247
[Build] Inserted 37200/50000 points, avg insert time (ms): 0.936
[Build] Inserted 37300/50000 points, avg insert time (ms): 0.924
[Build] Inserted 37400/50000 points, avg insert time (ms): 0.968
[Build] Inserted 37500/50000 points, avg insert time (ms): 0.888
[Build] Inserted 37600/50000 points, avg insert time (ms): 0.670
[Build] Inserted 37700/50000 points, avg insert time (ms): 1.029
[Build] Inserted 37800/50000 points, avg insert time (ms): 0.889
[Build] Inserted 37900/50000 points, avg insert time (ms): 1.006
[Build] Inserted 38000/50000 points, avg insert time (ms): 1.300
[Build] Inserted 38100/50000 points, avg insert time (ms): 0.821
[Build] Inserted 38200/50000 points, avg insert time (ms): 0.760
[Build] Inserted 38300/50000 points, avg insert time (ms): 1.124
[Build] Inserted 38400/50000 points, avg insert time (ms): 1.006
[Build] Inserted 38500/50000 points, avg insert time (ms): 1.062
[Build] Inserted 38600/50000 points, avg insert time (ms): 0.955
[Build] Inserted 38700/50000 points, avg insert time (ms): 0.897
[Build] Inserted 38800/50000 points, avg insert time (ms): 0.871
[Build] Inserted 38900/50000 points, avg insert time (ms): 0.663
[Build] Inserted 39000/50000 points, avg insert time (ms): 0.774
[Build] Inserted 39100/50000 points, avg insert time (ms): 0.897
[Build] Inserted 39200/50000 points, avg insert time (ms): 0.744
[Build] Inserted 39300/50000 points, avg insert time (ms): 1.139
[Build] Inserted 39400/50000 points, avg insert time (ms): 0.860
[Build] Inserted 39500/50000 points, avg insert time (ms): 0.840
[Build] Inserted 39600/50000 points, avg insert time (ms): 0.819
[Build] Inserted 39700/50000 points, avg insert time (ms): 0.813
[Build] Inserted 39800/50000 points, avg insert time (ms): 0.671
[Build] Inserted 39900/50000 points, avg insert time (ms): 0.834
[Build] Inserted 40000/50000 points, avg insert time (ms): 0.785
[Build] Inserted 40100/50000 points, avg insert time (ms): 0.857
[Build] Inserted 40200/50000 points, avg insert time (ms): 0.766
[Build] Inserted 40300/50000 points, avg insert time (ms): 0.921
[Build] Inserted 40400/50000 points, avg insert time (ms): 0.733
[Build] Inserted 40500/50000 points, avg insert time (ms): 0.885
[Build] Inserted 40600/50000 points, avg insert time (ms): 0.765
[Build] Inserted 40700/50000 points, avg insert time (ms): 0.849
[Build] Inserted 40800/50000 points, avg insert time (ms): 1.153
[Build] Inserted 40900/50000 points, avg insert time (ms): 0.914
[Build] Inserted 41000/50000 points, avg insert time (ms): 0.752
[Build] Inserted 41100/50000 points, avg insert time (ms): 0.480
[Build] Inserted 41200/50000 points, avg insert time (ms): 1.097
[Build] Inserted 41300/50000 points, avg insert time (ms): 0.756
[Build] Inserted 41400/50000 points, avg insert time (ms): 1.103
[Build] Inserted 41500/50000 points, avg insert time (ms): 0.872
[Build] Inserted 41600/50000 points, avg insert time (ms): 0.893
[Build] Inserted 41700/50000 points, avg insert time (ms): 0.746
[Build] Inserted 41800/50000 points, avg insert time (ms): 0.892
[Build] Inserted 41900/50000 points, avg insert time (ms): 0.878
[Build] Inserted 42000/50000 points, avg insert time (ms): 0.930
[Build] Inserted 42100/50000 points, avg insert time (ms): 1.095
[Build] Inserted 42200/50000 points, avg insert time (ms): 1.050
[Build] Inserted 42300/50000 points, avg insert time (ms): 1.191
[Build] Inserted 42400/50000 points, avg insert time (ms): 0.911
[Build] Inserted 42500/50000 points, avg insert time (ms): 0.865
[Build] Inserted 42600/50000 points, avg insert time (ms): 0.932
[Build] Inserted 42700/50000 points, avg insert time (ms): 0.927
[Build] Inserted 42800/50000 points, avg insert time (ms): 0.930
[Build] Inserted 42900/50000 points, avg insert time (ms): 1.135
[Build] Inserted 43000/50000 points, avg insert time (ms): 1.085
[Build] Inserted 43100/50000 points, avg insert time (ms): 1.437
[Build] Inserted 43200/50000 points, avg insert time (ms): 0.853
[Build] Inserted 43300/50000 points, avg insert time (ms): 0.896
[Build] Inserted 43400/50000 points, avg insert time (ms): 1.082
[Build] Inserted 43500/50000 points, avg insert time (ms): 1.141
[Build] Inserted 43600/50000 points, avg insert time (ms): 0.767
[Build] Inserted 43700/50000 points, avg insert time (ms): 0.797
[Build] Inserted 43800/50000 points, avg insert time (ms): 0.815
[Build] Inserted 43900/50000 points, avg insert time (ms): 0.937
[Build] Inserted 44000/50000 points, avg insert time (ms): 0.892
[Build] Inserted 44100/50000 points, avg insert time (ms): 1.001
[Build] Inserted 44200/50000 points, avg insert time (ms): 0.998
[Build] Inserted 44300/50000 points, avg insert time (ms): 0.969
[Build] Inserted 44400/50000 points, avg insert time (ms): 1.542
[Build] Inserted 44500/50000 points, avg insert time (ms): 0.832
[Build] Inserted 44600/50000 points, avg insert time (ms): 1.075
[Build] Inserted 44700/50000 points, avg insert time (ms): 1.041
[Build] Inserted 44800/50000 points, avg insert time (ms): 0.860
[Build] Inserted 44900/50000 points, avg insert time (ms): 0.937
[Build] Inserted 45000/50000 points, avg insert time (ms): 0.935
[Build] Inserted 45100/50000 points, avg insert time (ms): 1.061
[Build] Inserted 45200/50000 points, avg insert time (ms): 1.130
[Build] Inserted 45300/50000 points, avg insert time (ms): 1.242
[Build] Inserted 45400/50000 points, avg insert time (ms): 1.020
[Build] Inserted 45500/50000 points, avg insert time (ms): 0.984
[Build] Inserted 45600/50000 points, avg insert time (ms): 1.141
[Build] Inserted 45700/50000 points, avg insert time (ms): 0.807
[Build] Inserted 45800/50000 points, avg insert time (ms): 0.833
[Build] Inserted 45900/50000 points, avg insert time (ms): 0.949
[Build] Inserted 46000/50000 points, avg insert time (ms): 0.813
[Build] Inserted 46100/50000 points, avg insert time (ms): 0.952
[Build] Inserted 46200/50000 points, avg insert time (ms): 1.125
[Build] Inserted 46300/50000 points, avg insert time (ms): 1.373
[Build] Inserted 46400/50000 points, avg insert time (ms): 0.733
[Build] Inserted 46500/50000 points, avg insert time (ms): 0.939
[Build] Inserted 46600/50000 points, avg insert time (ms): 1.065
[Build] Inserted 46700/50000 points, avg insert time (ms): 1.083
[Build] Inserted 46800/50000 points, avg insert time (ms): 0.738
[Build] Inserted 46900/50000 points, avg insert time (ms): 0.855
[Build] Inserted 47000/50000 points, avg insert time (ms): 0.870
[Build] Inserted 47100/50000 points, avg insert time (ms): 0.838
[Build] Inserted 47200/50000 points, avg insert time (ms): 1.061
[Build] Inserted 47300/50000 points, avg insert time (ms): 0.777
[Build] Inserted 47400/50000 points, avg insert time (ms): 0.806
[Build] Inserted 47500/50000 points, avg insert time (ms): 0.814
[Build] Inserted 47600/50000 points, avg insert time (ms): 1.008
[Build] Inserted 47700/50000 points, avg insert time (ms): 0.831
[Build] Inserted 47800/50000 points, avg insert time (ms): 1.016
[Build] Inserted 47900/50000 points, avg insert time (ms): 0.804
[Build] Inserted 48000/50000 points, avg insert time (ms): 0.959
[Build] Inserted 48100/50000 points, avg insert time (ms): 1.048
[Build] Inserted 48200/50000 points, avg insert time (ms): 0.767
[Build] Inserted 48300/50000 points, avg insert time (ms): 0.902
[Build] Inserted 48400/50000 points, avg insert time (ms): 1.018
[Build] Inserted 48500/50000 points, avg insert time (ms): 0.884
[Build] Inserted 48600/50000 points, avg insert time (ms): 0.880
[Build] Inserted 48700/50000 points, avg insert time (ms): 0.842
[Build] Inserted 48800/50000 points, avg insert time (ms): 0.818
[Build] Inserted 48900/50000 points, avg insert time (ms): 0.718
[Build] Inserted 49000/50000 points, avg insert time (ms): 1.305
[Build] Inserted 49100/50000 points, avg insert time (ms): 1.118
[Build] Inserted 49200/50000 points, avg insert time (ms): 0.803
[Build] Inserted 49300/50000 points, avg insert time (ms): 1.526
[Build] Inserted 49400/50000 points, avg insert time (ms): 0.851
[Build] Inserted 49500/50000 points, avg insert time (ms): 0.906
[Build] Inserted 49600/50000 points, avg insert time (ms): 1.027
[Build] Inserted 49700/50000 points, avg insert time (ms): 0.908
[Build] Inserted 49800/50000 points, avg insert time (ms): 0.924
[Build] Inserted 49900/50000 points, avg insert time (ms): 1.215
[Build] Inserted 50000/50000 points, avg insert time (ms): 0.897
[Timing] Total insertion time: 51.22 s
[Build] Starting queries...
[Query] Processed 100/5000 queries, avg query time (ms): 17.701
[Query] Processed 200/5000 queries, avg query time (ms): 21.760
[Query] Processed 300/5000 queries, avg query time (ms): 17.643
[Query] Processed 400/5000 queries, avg query time (ms): 23.600
[Query] Processed 500/5000 queries, avg query time (ms): 16.820
[Query] Processed 600/5000 queries, avg query time (ms): 20.214
[Query] Processed 700/5000 queries, avg query time (ms): 44.512
[Query] Processed 800/5000 queries, avg query time (ms): 12.290
[Query] Processed 900/5000 queries, avg query time (ms): 17.266
[Query] Processed 1000/5000 queries, avg query time (ms): 13.200
[Query] Processed 1100/5000 queries, avg query time (ms): 19.146
[Query] Processed 1200/5000 queries, avg query time (ms): 18.436
[Query] Processed 1300/5000 queries, avg query time (ms): 20.822
[Query] Processed 1400/5000 queries, avg query time (ms): 19.156
[Query] Processed 1500/5000 queries, avg query time (ms): 14.734
[Query] Processed 1600/5000 queries, avg query time (ms): 17.609
[Query] Processed 1700/5000 queries, avg query time (ms): 14.093
[Query] Processed 1800/5000 queries, avg query time (ms): 18.289
[Query] Processed 1900/5000 queries, avg query time (ms): 20.798
[Query] Processed 2000/5000 queries, avg query time (ms): 19.813
[Query] Processed 2100/5000 queries, avg query time (ms): 14.721
[Query] Processed 2200/5000 queries, avg query time (ms): 17.763
[Query] Processed 2300/5000 queries, avg query time (ms): 16.254
[Query] Processed 2400/5000 queries, avg query time (ms): 15.171
[Query] Processed 2500/5000 queries, avg query time (ms): 19.047
[Query] Processed 2600/5000 queries, avg query time (ms): 49.162
[Query] Processed 2700/5000 queries, avg query time (ms): 15.166
[Query] Processed 2800/5000 queries, avg query time (ms): 13.791
[Query] Processed 2900/5000 queries, avg query time (ms): 14.059
[Query] Processed 3000/5000 queries, avg query time (ms): 14.079
[Query] Processed 3100/5000 queries, avg query time (ms): 15.002
[Query] Processed 3200/5000 queries, avg query time (ms): 15.040
[Query] Processed 3300/5000 queries, avg query time (ms): 17.302
[Query] Processed 3400/5000 queries, avg query time (ms): 15.933
[Query] Processed 3500/5000 queries, avg query time (ms): 12.257
[Query] Processed 3600/5000 queries, avg query time (ms): 17.597
[Query] Processed 3700/5000 queries, avg query time (ms): 17.186
[Query] Processed 3800/5000 queries, avg query time (ms): 18.927
[Query] Processed 3900/5000 queries, avg query time (ms): 17.991
[Query] Processed 4000/5000 queries, avg query time (ms): 14.945
[Query] Processed 4100/5000 queries, avg query time (ms): 13.908
[Query] Processed 4200/5000 queries, avg query time (ms): 15.219
[Query] Processed 4300/5000 queries, avg query time (ms): 16.655
[Query] Processed 4400/5000 queries, avg query time (ms): 14.717
[Query] Processed 4500/5000 queries, avg query time (ms): 14.335
[Query] Processed 4600/5000 queries, avg query time (ms): 42.535
[Query] Processed 4700/5000 queries, avg query time (ms): 16.245
[Query] Processed 4800/5000 queries, avg query time (ms): 15.162
[Query] Processed 4900/5000 queries, avg query time (ms): 15.302
[Query] Processed 5000/5000 queries, avg query time (ms): 17.138
[Timing] Total query time: 92.14 s
[Eval] Computing ground truth top-K...
[Timing] Ground truth (FAISS): 5.92 s (1.185 ms/query)
[Timing] Ground truth computation: 6.73 s
[Eval] Computing recall metrics...
[Timing] Recall evaluation: 76.80 s
[Eval] Computing (c,r)-ANN accuracy...
[Timing] FAISS r* computation: 4.74 s (0.948 ms/query)
[CR-ANN] 100/5000 processed, avg time (ann.query): 41.892 ms
[CR-ANN] 200/5000 processed, avg time (ann.query): 75.058 ms
[CR-ANN] 300/5000 processed, avg time (ann.query): 57.696 ms
[CR-ANN] 400/5000 processed, avg time (ann.query): 39.251 ms
[CR-ANN] 500/5000 processed, avg time (ann.query): 39.999 ms
[CR-ANN] 600/5000 processed, avg time (ann.query): 39.155 ms
[CR-ANN] 700/5000 processed, avg time (ann.query): 45.983 ms
[CR-ANN] 800/5000 processed, avg time (ann.query): 34.723 ms
[CR-ANN] 900/5000 processed, avg time (ann.query): 31.614 ms
[CR-ANN] 1000/5000 processed, avg time (ann.query): 65.242 ms
[CR-ANN] 1100/5000 processed, avg time (ann.query): 38.654 ms
[CR-ANN] 1200/5000 processed, avg time (ann.query): 34.345 ms
[CR-ANN] 1300/5000 processed, avg time (ann.query): 34.362 ms
[CR-ANN] 1400/5000 processed, avg time (ann.query): 36.073 ms
[CR-ANN] 1500/5000 processed, avg time (ann.query): 37.258 ms
[CR-ANN] 1600/5000 processed, avg time (ann.query): 39.839 ms
[CR-ANN] 1700/5000 processed, avg time (ann.query): 37.342 ms
[CR-ANN] 1800/5000 processed, avg time (ann.query): 36.882 ms
[CR-ANN] 1900/5000 processed, avg time (ann.query): 68.934 ms
[CR-ANN] 2000/5000 processed, avg time (ann.query): 41.449 ms
[CR-ANN] 2100/5000 processed, avg time (ann.query): 37.945 ms
[CR-ANN] 2200/5000 processed, avg time (ann.query): 40.894 ms
[CR-ANN] 2300/5000 processed, avg time (ann.query): 33.915 ms
[CR-ANN] 2400/5000 processed, avg time (ann.query): 38.735 ms
[CR-ANN] 2500/5000 processed, avg time (ann.query): 41.990 ms
[CR-ANN] 2600/5000 processed, avg time (ann.query): 43.694 ms
[CR-ANN] 2700/5000 processed, avg time (ann.query): 69.841 ms
[CR-ANN] 2800/5000 processed, avg time (ann.query): 36.625 ms
[CR-ANN] 2900/5000 processed, avg time (ann.query): 39.414 ms
[CR-ANN] 3000/5000 processed, avg time (ann.query): 49.328 ms
[CR-ANN] 3100/5000 processed, avg time (ann.query): 47.580 ms
[CR-ANN] 3200/5000 processed, avg time (ann.query): 41.585 ms
[CR-ANN] 3300/5000 processed, avg time (ann.query): 43.248 ms
[CR-ANN] 3400/5000 processed, avg time (ann.query): 69.910 ms
[CR-ANN] 3500/5000 processed, avg time (ann.query): 42.627 ms
[CR-ANN] 3600/5000 processed, avg time (ann.query): 40.752 ms
[CR-ANN] 3700/5000 processed, avg time (ann.query): 37.394 ms
[CR-ANN] 3800/5000 processed, avg time (ann.query): 38.329 ms
[CR-ANN] 3900/5000 processed, avg time (ann.query): 40.606 ms
[CR-ANN] 4000/5000 processed, avg time (ann.query): 37.993 ms
[CR-ANN] 4100/5000 processed, avg time (ann.query): 44.385 ms
[CR-ANN] 4200/5000 processed, avg time (ann.query): 73.115 ms
[CR-ANN] 4300/5000 processed, avg time (ann.query): 38.251 ms
[CR-ANN] 4400/5000 processed, avg time (ann.query): 36.452 ms
[CR-ANN] 4500/5000 processed, avg time (ann.query): 40.737 ms
[CR-ANN] 4600/5000 processed, avg time (ann.query): 42.034 ms
[CR-ANN] 4700/5000 processed, avg time (ann.query): 46.648 ms
[CR-ANN] 4800/5000 processed, avg time (ann.query): 41.207 ms
[CR-ANN] 4900/5000 processed, avg time (ann.query): 37.992 ms
[CR-ANN] 5000/5000 processed, avg time (ann.query): 84.349 ms
[Timing] (c,r)-ANN eval: 223.40 s (44.680 ms/query)
[Sanity Check] Total Relevant = 4464
[Timing] (c,r)-ANN evaluation: 228.31 s
[Result] Memory breakdown (MB): {'hash_functions_MB': 10.276416778564453, 'bucket_ids_MB': 10.642654418945312, 'num_ids': 2789908, 'num_buckets': 345797, 'hash_tables_overhead_MB': 29.02043914794922, 'total_MB': 49.939510345458984}
[Result] Epsilon-recall: 1.0000
[Result] (c,r)-ANN accuracy: 1.0000

[Timing Summary]
  Insert phase: 51.22 s
  Query phase: 92.14 s
  Ground truth: 6.73 s
  Recall eval: 76.80 s
  (c,r)-ANN eval: 228.31 s
  Total time: 455.20 s
[SUMMARY] r=0.5, eps=1.0, eta=0.1, recall=1.0000, (c,r)-ANN accuracy=1.0, memory=49.939510345458984
