[Init] Inputs : eta=0.20, epsilon=0.80, r=0.50
[Init] LSH Parameters : w=1.762, p1=0.7736, p2=0.6021, rho=0.5060
[Init] Data Structure Parameters : k=22, L=308, key_bits=704, mode=speed
[Build] Starting insertion...
[Build] Inserted 100/50000 points, avg insert time (ms): 0.676
[Build] Inserted 200/50000 points, avg insert time (ms): 0.554
[Build] Inserted 300/50000 points, avg insert time (ms): 0.566
[Build] Inserted 400/50000 points, avg insert time (ms): 0.734
[Build] Inserted 500/50000 points, avg insert time (ms): 0.602
[Build] Inserted 600/50000 points, avg insert time (ms): 0.662
[Build] Inserted 700/50000 points, avg insert time (ms): 0.580
[Build] Inserted 800/50000 points, avg insert time (ms): 1.039
[Build] Inserted 900/50000 points, avg insert time (ms): 0.327
[Build] Inserted 1000/50000 points, avg insert time (ms): 0.259
[Build] Inserted 1100/50000 points, avg insert time (ms): 0.731
[Build] Inserted 1200/50000 points, avg insert time (ms): 0.751
[Build] Inserted 1300/50000 points, avg insert time (ms): 0.655
[Build] Inserted 1400/50000 points, avg insert time (ms): 0.533
[Build] Inserted 1500/50000 points, avg insert time (ms): 0.687
[Build] Inserted 1600/50000 points, avg insert time (ms): 1.085
[Build] Inserted 1700/50000 points, avg insert time (ms): 0.922
[Build] Inserted 1800/50000 points, avg insert time (ms): 0.588
[Build] Inserted 1900/50000 points, avg insert time (ms): 0.696
[Build] Inserted 2000/50000 points, avg insert time (ms): 0.399
[Build] Inserted 2100/50000 points, avg insert time (ms): 0.287
[Build] Inserted 2200/50000 points, avg insert time (ms): 0.574
[Build] Inserted 2300/50000 points, avg insert time (ms): 0.417
[Build] Inserted 2400/50000 points, avg insert time (ms): 0.479
[Build] Inserted 2500/50000 points, avg insert time (ms): 0.488
[Build] Inserted 2600/50000 points, avg insert time (ms): 0.606
[Build] Inserted 2700/50000 points, avg insert time (ms): 0.667
[Build] Inserted 2800/50000 points, avg insert time (ms): 0.969
[Build] Inserted 2900/50000 points, avg insert time (ms): 0.631
[Build] Inserted 3000/50000 points, avg insert time (ms): 0.597
[Build] Inserted 3100/50000 points, avg insert time (ms): 0.464
[Build] Inserted 3200/50000 points, avg insert time (ms): 0.532
[Build] Inserted 3300/50000 points, avg insert time (ms): 0.962
[Build] Inserted 3400/50000 points, avg insert time (ms): 1.160
[Build] Inserted 3500/50000 points, avg insert time (ms): 0.547
[Build] Inserted 3600/50000 points, avg insert time (ms): 0.754
[Build] Inserted 3700/50000 points, avg insert time (ms): 0.642
[Build] Inserted 3800/50000 points, avg insert time (ms): 0.776
[Build] Inserted 3900/50000 points, avg insert time (ms): 0.535
[Build] Inserted 4000/50000 points, avg insert time (ms): 0.607
[Build] Inserted 4100/50000 points, avg insert time (ms): 1.322
[Build] Inserted 4200/50000 points, avg insert time (ms): 0.515
[Build] Inserted 4300/50000 points, avg insert time (ms): 1.126
[Build] Inserted 4400/50000 points, avg insert time (ms): 0.612
[Build] Inserted 4500/50000 points, avg insert time (ms): 0.861
[Build] Inserted 4600/50000 points, avg insert time (ms): 0.532
[Build] Inserted 4700/50000 points, avg insert time (ms): 0.496
[Build] Inserted 4800/50000 points, avg insert time (ms): 0.604
[Build] Inserted 4900/50000 points, avg insert time (ms): 0.281
[Build] Inserted 5000/50000 points, avg insert time (ms): 0.417
[Build] Inserted 5100/50000 points, avg insert time (ms): 0.632
[Build] Inserted 5200/50000 points, avg insert time (ms): 0.522
[Build] Inserted 5300/50000 points, avg insert time (ms): 0.676
[Build] Inserted 5400/50000 points, avg insert time (ms): 0.551
[Build] Inserted 5500/50000 points, avg insert time (ms): 0.673
[Build] Inserted 5600/50000 points, avg insert time (ms): 0.429
[Build] Inserted 5700/50000 points, avg insert time (ms): 0.528
[Build] Inserted 5800/50000 points, avg insert time (ms): 0.497
[Build] Inserted 5900/50000 points, avg insert time (ms): 0.447
[Build] Inserted 6000/50000 points, avg insert time (ms): 0.626
[Build] Inserted 6100/50000 points, avg insert time (ms): 0.898
[Build] Inserted 6200/50000 points, avg insert time (ms): 0.690
[Build] Inserted 6300/50000 points, avg insert time (ms): 0.836
[Build] Inserted 6400/50000 points, avg insert time (ms): 0.462
[Build] Inserted 6500/50000 points, avg insert time (ms): 0.675
[Build] Inserted 6600/50000 points, avg insert time (ms): 0.325
[Build] Inserted 6700/50000 points, avg insert time (ms): 0.620
[Build] Inserted 6800/50000 points, avg insert time (ms): 0.501
[Build] Inserted 6900/50000 points, avg insert time (ms): 0.770
[Build] Inserted 7000/50000 points, avg insert time (ms): 0.493
[Build] Inserted 7100/50000 points, avg insert time (ms): 0.525
[Build] Inserted 7200/50000 points, avg insert time (ms): 0.326
[Build] Inserted 7300/50000 points, avg insert time (ms): 0.697
[Build] Inserted 7400/50000 points, avg insert time (ms): 0.601
[Build] Inserted 7500/50000 points, avg insert time (ms): 0.233
[Build] Inserted 7600/50000 points, avg insert time (ms): 0.875
[Build] Inserted 7700/50000 points, avg insert time (ms): 0.465
[Build] Inserted 7800/50000 points, avg insert time (ms): 1.189
[Build] Inserted 7900/50000 points, avg insert time (ms): 0.843
[Build] Inserted 8000/50000 points, avg insert time (ms): 0.986
[Build] Inserted 8100/50000 points, avg insert time (ms): 0.864
[Build] Inserted 8200/50000 points, avg insert time (ms): 0.621
[Build] Inserted 8300/50000 points, avg insert time (ms): 0.332
[Build] Inserted 8400/50000 points, avg insert time (ms): 0.538
[Build] Inserted 8500/50000 points, avg insert time (ms): 0.843
[Build] Inserted 8600/50000 points, avg insert time (ms): 0.656
[Build] Inserted 8700/50000 points, avg insert time (ms): 0.734
[Build] Inserted 8800/50000 points, avg insert time (ms): 0.830
[Build] Inserted 8900/50000 points, avg insert time (ms): 0.515
[Build] Inserted 9000/50000 points, avg insert time (ms): 0.582
[Build] Inserted 9100/50000 points, avg insert time (ms): 0.458
[Build] Inserted 9200/50000 points, avg insert time (ms): 0.421
[Build] Inserted 9300/50000 points, avg insert time (ms): 0.608
[Build] Inserted 9400/50000 points, avg insert time (ms): 0.451
[Build] Inserted 9500/50000 points, avg insert time (ms): 0.348
[Build] Inserted 9600/50000 points, avg insert time (ms): 0.576
[Build] Inserted 9700/50000 points, avg insert time (ms): 0.455
[Build] Inserted 9800/50000 points, avg insert time (ms): 0.531
[Build] Inserted 9900/50000 points, avg insert time (ms): 0.564
[Build] Inserted 10000/50000 points, avg insert time (ms): 0.484
[Build] Inserted 10100/50000 points, avg insert time (ms): 0.529
[Build] Inserted 10200/50000 points, avg insert time (ms): 0.581
[Build] Inserted 10300/50000 points, avg insert time (ms): 0.470
[Build] Inserted 10400/50000 points, avg insert time (ms): 0.552
[Build] Inserted 10500/50000 points, avg insert time (ms): 0.347
[Build] Inserted 10600/50000 points, avg insert time (ms): 0.836
[Build] Inserted 10700/50000 points, avg insert time (ms): 0.704
[Build] Inserted 10800/50000 points, avg insert time (ms): 0.655
[Build] Inserted 10900/50000 points, avg insert time (ms): 1.017
[Build] Inserted 11000/50000 points, avg insert time (ms): 0.558
[Build] Inserted 11100/50000 points, avg insert time (ms): 0.879
[Build] Inserted 11200/50000 points, avg insert time (ms): 0.771
[Build] Inserted 11300/50000 points, avg insert time (ms): 0.597
[Build] Inserted 11400/50000 points, avg insert time (ms): 0.806
[Build] Inserted 11500/50000 points, avg insert time (ms): 0.748
[Build] Inserted 11600/50000 points, avg insert time (ms): 0.636
[Build] Inserted 11700/50000 points, avg insert time (ms): 0.517
[Build] Inserted 11800/50000 points, avg insert time (ms): 0.836
[Build] Inserted 11900/50000 points, avg insert time (ms): 0.636
[Build] Inserted 12000/50000 points, avg insert time (ms): 0.456
[Build] Inserted 12100/50000 points, avg insert time (ms): 0.731
[Build] Inserted 12200/50000 points, avg insert time (ms): 0.797
[Build] Inserted 12300/50000 points, avg insert time (ms): 0.681
[Build] Inserted 12400/50000 points, avg insert time (ms): 2.013
[Build] Inserted 12500/50000 points, avg insert time (ms): 0.743
[Build] Inserted 12600/50000 points, avg insert time (ms): 0.725
[Build] Inserted 12700/50000 points, avg insert time (ms): 0.455
[Build] Inserted 12800/50000 points, avg insert time (ms): 0.595
[Build] Inserted 12900/50000 points, avg insert time (ms): 0.567
[Build] Inserted 13000/50000 points, avg insert time (ms): 0.606
[Build] Inserted 13100/50000 points, avg insert time (ms): 0.444
[Build] Inserted 13200/50000 points, avg insert time (ms): 1.078
[Build] Inserted 13300/50000 points, avg insert time (ms): 0.463
[Build] Inserted 13400/50000 points, avg insert time (ms): 0.577
[Build] Inserted 13500/50000 points, avg insert time (ms): 0.687
[Build] Inserted 13600/50000 points, avg insert time (ms): 0.482
[Build] Inserted 13700/50000 points, avg insert time (ms): 0.530
[Build] Inserted 13800/50000 points, avg insert time (ms): 0.776
[Build] Inserted 13900/50000 points, avg insert time (ms): 0.485
[Build] Inserted 14000/50000 points, avg insert time (ms): 0.634
[Build] Inserted 14100/50000 points, avg insert time (ms): 0.475
[Build] Inserted 14200/50000 points, avg insert time (ms): 0.507
[Build] Inserted 14300/50000 points, avg insert time (ms): 0.356
[Build] Inserted 14400/50000 points, avg insert time (ms): 0.429
[Build] Inserted 14500/50000 points, avg insert time (ms): 0.589
[Build] Inserted 14600/50000 points, avg insert time (ms): 0.582
[Build] Inserted 14700/50000 points, avg insert time (ms): 0.795
[Build] Inserted 14800/50000 points, avg insert time (ms): 0.478
[Build] Inserted 14900/50000 points, avg insert time (ms): 0.650
[Build] Inserted 15000/50000 points, avg insert time (ms): 0.269
[Build] Inserted 15100/50000 points, avg insert time (ms): 1.246
[Build] Inserted 15200/50000 points, avg insert time (ms): 0.540
[Build] Inserted 15300/50000 points, avg insert time (ms): 0.366
[Build] Inserted 15400/50000 points, avg insert time (ms): 0.411
[Build] Inserted 15500/50000 points, avg insert time (ms): 0.447
[Build] Inserted 15600/50000 points, avg insert time (ms): 0.552
[Build] Inserted 15700/50000 points, avg insert time (ms): 0.674
[Build] Inserted 15800/50000 points, avg insert time (ms): 0.575
[Build] Inserted 15900/50000 points, avg insert time (ms): 0.468
[Build] Inserted 16000/50000 points, avg insert time (ms): 0.617
[Build] Inserted 16100/50000 points, avg insert time (ms): 0.468
[Build] Inserted 16200/50000 points, avg insert time (ms): 0.743
[Build] Inserted 16300/50000 points, avg insert time (ms): 0.577
[Build] Inserted 16400/50000 points, avg insert time (ms): 0.769
[Build] Inserted 16500/50000 points, avg insert time (ms): 0.749
[Build] Inserted 16600/50000 points, avg insert time (ms): 0.852
[Build] Inserted 16700/50000 points, avg insert time (ms): 0.278
[Build] Inserted 16800/50000 points, avg insert time (ms): 0.469
[Build] Inserted 16900/50000 points, avg insert time (ms): 0.620
[Build] Inserted 17000/50000 points, avg insert time (ms): 0.408
[Build] Inserted 17100/50000 points, avg insert time (ms): 0.797
[Build] Inserted 17200/50000 points, avg insert time (ms): 0.868
[Build] Inserted 17300/50000 points, avg insert time (ms): 0.647
[Build] Inserted 17400/50000 points, avg insert time (ms): 0.632
[Build] Inserted 17500/50000 points, avg insert time (ms): 0.339
[Build] Inserted 17600/50000 points, avg insert time (ms): 0.794
[Build] Inserted 17700/50000 points, avg insert time (ms): 0.815
[Build] Inserted 17800/50000 points, avg insert time (ms): 0.482
[Build] Inserted 17900/50000 points, avg insert time (ms): 0.433
[Build] Inserted 18000/50000 points, avg insert time (ms): 0.806
[Build] Inserted 18100/50000 points, avg insert time (ms): 0.676
[Build] Inserted 18200/50000 points, avg insert time (ms): 0.637
[Build] Inserted 18300/50000 points, avg insert time (ms): 0.611
[Build] Inserted 18400/50000 points, avg insert time (ms): 0.302
[Build] Inserted 18500/50000 points, avg insert time (ms): 0.455
[Build] Inserted 18600/50000 points, avg insert time (ms): 0.693
[Build] Inserted 18700/50000 points, avg insert time (ms): 0.575
[Build] Inserted 18800/50000 points, avg insert time (ms): 0.530
[Build] Inserted 18900/50000 points, avg insert time (ms): 0.437
[Build] Inserted 19000/50000 points, avg insert time (ms): 0.505
[Build] Inserted 19100/50000 points, avg insert time (ms): 0.429
[Build] Inserted 19200/50000 points, avg insert time (ms): 0.495
[Build] Inserted 19300/50000 points, avg insert time (ms): 0.190
[Build] Inserted 19400/50000 points, avg insert time (ms): 0.488
[Build] Inserted 19500/50000 points, avg insert time (ms): 0.728
[Build] Inserted 19600/50000 points, avg insert time (ms): 0.431
[Build] Inserted 19700/50000 points, avg insert time (ms): 0.598
[Build] Inserted 19800/50000 points, avg insert time (ms): 0.339
[Build] Inserted 19900/50000 points, avg insert time (ms): 0.668
[Build] Inserted 20000/50000 points, avg insert time (ms): 0.716
[Build] Inserted 20100/50000 points, avg insert time (ms): 0.531
[Build] Inserted 20200/50000 points, avg insert time (ms): 0.596
[Build] Inserted 20300/50000 points, avg insert time (ms): 0.589
[Build] Inserted 20400/50000 points, avg insert time (ms): 0.400
[Build] Inserted 20500/50000 points, avg insert time (ms): 0.631
[Build] Inserted 20600/50000 points, avg insert time (ms): 0.546
[Build] Inserted 20700/50000 points, avg insert time (ms): 0.684
[Build] Inserted 20800/50000 points, avg insert time (ms): 0.616
[Build] Inserted 20900/50000 points, avg insert time (ms): 0.727
[Build] Inserted 21000/50000 points, avg insert time (ms): 0.597
[Build] Inserted 21100/50000 points, avg insert time (ms): 0.993
[Build] Inserted 21200/50000 points, avg insert time (ms): 0.708
[Build] Inserted 21300/50000 points, avg insert time (ms): 1.109
[Build] Inserted 21400/50000 points, avg insert time (ms): 0.822
[Build] Inserted 21500/50000 points, avg insert time (ms): 0.423
[Build] Inserted 21600/50000 points, avg insert time (ms): 0.348
[Build] Inserted 21700/50000 points, avg insert time (ms): 0.434
[Build] Inserted 21800/50000 points, avg insert time (ms): 0.750
[Build] Inserted 21900/50000 points, avg insert time (ms): 0.880
[Build] Inserted 22000/50000 points, avg insert time (ms): 0.601
[Build] Inserted 22100/50000 points, avg insert time (ms): 0.904
[Build] Inserted 22200/50000 points, avg insert time (ms): 0.599
[Build] Inserted 22300/50000 points, avg insert time (ms): 0.995
[Build] Inserted 22400/50000 points, avg insert time (ms): 0.642
[Build] Inserted 22500/50000 points, avg insert time (ms): 0.804
[Build] Inserted 22600/50000 points, avg insert time (ms): 0.778
[Build] Inserted 22700/50000 points, avg insert time (ms): 0.462
[Build] Inserted 22800/50000 points, avg insert time (ms): 0.652
[Build] Inserted 22900/50000 points, avg insert time (ms): 0.382
[Build] Inserted 23000/50000 points, avg insert time (ms): 0.839
[Build] Inserted 23100/50000 points, avg insert time (ms): 0.428
[Build] Inserted 23200/50000 points, avg insert time (ms): 0.581
[Build] Inserted 23300/50000 points, avg insert time (ms): 0.437
[Build] Inserted 23400/50000 points, avg insert time (ms): 0.821
[Build] Inserted 23500/50000 points, avg insert time (ms): 2.076
[Build] Inserted 23600/50000 points, avg insert time (ms): 0.753
[Build] Inserted 23700/50000 points, avg insert time (ms): 0.665
[Build] Inserted 23800/50000 points, avg insert time (ms): 0.521
[Build] Inserted 23900/50000 points, avg insert time (ms): 0.581
[Build] Inserted 24000/50000 points, avg insert time (ms): 0.447
[Build] Inserted 24100/50000 points, avg insert time (ms): 0.872
[Build] Inserted 24200/50000 points, avg insert time (ms): 0.734
[Build] Inserted 24300/50000 points, avg insert time (ms): 0.832
[Build] Inserted 24400/50000 points, avg insert time (ms): 0.735
[Build] Inserted 24500/50000 points, avg insert time (ms): 0.426
[Build] Inserted 24600/50000 points, avg insert time (ms): 0.795
[Build] Inserted 24700/50000 points, avg insert time (ms): 0.868
[Build] Inserted 24800/50000 points, avg insert time (ms): 0.432
[Build] Inserted 24900/50000 points, avg insert time (ms): 0.641
[Build] Inserted 25000/50000 points, avg insert time (ms): 0.470
[Build] Inserted 25100/50000 points, avg insert time (ms): 0.808
[Build] Inserted 25200/50000 points, avg insert time (ms): 0.597
[Build] Inserted 25300/50000 points, avg insert time (ms): 0.707
[Build] Inserted 25400/50000 points, avg insert time (ms): 0.647
[Build] Inserted 25500/50000 points, avg insert time (ms): 0.524
[Build] Inserted 25600/50000 points, avg insert time (ms): 0.634
[Build] Inserted 25700/50000 points, avg insert time (ms): 0.481
[Build] Inserted 25800/50000 points, avg insert time (ms): 0.533
[Build] Inserted 25900/50000 points, avg insert time (ms): 0.421
[Build] Inserted 26000/50000 points, avg insert time (ms): 0.908
[Build] Inserted 26100/50000 points, avg insert time (ms): 0.627
[Build] Inserted 26200/50000 points, avg insert time (ms): 0.509
[Build] Inserted 26300/50000 points, avg insert time (ms): 0.858
[Build] Inserted 26400/50000 points, avg insert time (ms): 0.578
[Build] Inserted 26500/50000 points, avg insert time (ms): 0.876
[Build] Inserted 26600/50000 points, avg insert time (ms): 0.523
[Build] Inserted 26700/50000 points, avg insert time (ms): 0.853
[Build] Inserted 26800/50000 points, avg insert time (ms): 0.758
[Build] Inserted 26900/50000 points, avg insert time (ms): 0.754
[Build] Inserted 27000/50000 points, avg insert time (ms): 0.833
[Build] Inserted 27100/50000 points, avg insert time (ms): 0.652
[Build] Inserted 27200/50000 points, avg insert time (ms): 0.600
[Build] Inserted 27300/50000 points, avg insert time (ms): 0.735
[Build] Inserted 27400/50000 points, avg insert time (ms): 1.039
[Build] Inserted 27500/50000 points, avg insert time (ms): 0.805
[Build] Inserted 27600/50000 points, avg insert time (ms): 0.694
[Build] Inserted 27700/50000 points, avg insert time (ms): 0.401
[Build] Inserted 27800/50000 points, avg insert time (ms): 0.823
[Build] Inserted 27900/50000 points, avg insert time (ms): 0.974
[Build] Inserted 28000/50000 points, avg insert time (ms): 0.539
[Build] Inserted 28100/50000 points, avg insert time (ms): 0.415
[Build] Inserted 28200/50000 points, avg insert time (ms): 0.377
[Build] Inserted 28300/50000 points, avg insert time (ms): 0.418
[Build] Inserted 28400/50000 points, avg insert time (ms): 0.601
[Build] Inserted 28500/50000 points, avg insert time (ms): 0.718
[Build] Inserted 28600/50000 points, avg insert time (ms): 0.893
[Build] Inserted 28700/50000 points, avg insert time (ms): 0.880
[Build] Inserted 28800/50000 points, avg insert time (ms): 0.530
[Build] Inserted 28900/50000 points, avg insert time (ms): 0.933
[Build] Inserted 29000/50000 points, avg insert time (ms): 0.835
[Build] Inserted 29100/50000 points, avg insert time (ms): 0.367
[Build] Inserted 29200/50000 points, avg insert time (ms): 0.592
[Build] Inserted 29300/50000 points, avg insert time (ms): 0.459
[Build] Inserted 29400/50000 points, avg insert time (ms): 0.491
[Build] Inserted 29500/50000 points, avg insert time (ms): 0.840
[Build] Inserted 29600/50000 points, avg insert time (ms): 0.361
[Build] Inserted 29700/50000 points, avg insert time (ms): 0.722
[Build] Inserted 29800/50000 points, avg insert time (ms): 0.598
[Build] Inserted 29900/50000 points, avg insert time (ms): 0.364
[Build] Inserted 30000/50000 points, avg insert time (ms): 0.532
[Build] Inserted 30100/50000 points, avg insert time (ms): 0.593
[Build] Inserted 30200/50000 points, avg insert time (ms): 10.383
[Build] Inserted 30300/50000 points, avg insert time (ms): 0.615
[Build] Inserted 30400/50000 points, avg insert time (ms): 0.274
[Build] Inserted 30500/50000 points, avg insert time (ms): 0.168
[Build] Inserted 30600/50000 points, avg insert time (ms): 0.298
[Build] Inserted 30700/50000 points, avg insert time (ms): 0.527
[Build] Inserted 30800/50000 points, avg insert time (ms): 0.633
[Build] Inserted 30900/50000 points, avg insert time (ms): 0.370
[Build] Inserted 31000/50000 points, avg insert time (ms): 0.639
[Build] Inserted 31100/50000 points, avg insert time (ms): 0.442
[Build] Inserted 31200/50000 points, avg insert time (ms): 0.944
[Build] Inserted 31300/50000 points, avg insert time (ms): 0.459
[Build] Inserted 31400/50000 points, avg insert time (ms): 0.814
[Build] Inserted 31500/50000 points, avg insert time (ms): 0.353
[Build] Inserted 31600/50000 points, avg insert time (ms): 0.388
[Build] Inserted 31700/50000 points, avg insert time (ms): 0.399
[Build] Inserted 31800/50000 points, avg insert time (ms): 0.500
[Build] Inserted 31900/50000 points, avg insert time (ms): 0.780
[Build] Inserted 32000/50000 points, avg insert time (ms): 0.351
[Build] Inserted 32100/50000 points, avg insert time (ms): 0.541
[Build] Inserted 32200/50000 points, avg insert time (ms): 0.760
[Build] Inserted 32300/50000 points, avg insert time (ms): 0.311
[Build] Inserted 32400/50000 points, avg insert time (ms): 0.425
[Build] Inserted 32500/50000 points, avg insert time (ms): 0.444
[Build] Inserted 32600/50000 points, avg insert time (ms): 0.491
[Build] Inserted 32700/50000 points, avg insert time (ms): 0.442
[Build] Inserted 32800/50000 points, avg insert time (ms): 0.425
[Build] Inserted 32900/50000 points, avg insert time (ms): 0.580
[Build] Inserted 33000/50000 points, avg insert time (ms): 0.714
[Build] Inserted 33100/50000 points, avg insert time (ms): 0.361
[Build] Inserted 33200/50000 points, avg insert time (ms): 0.470
[Build] Inserted 33300/50000 points, avg insert time (ms): 0.516
[Build] Inserted 33400/50000 points, avg insert time (ms): 0.490
[Build] Inserted 33500/50000 points, avg insert time (ms): 0.518
[Build] Inserted 33600/50000 points, avg insert time (ms): 0.700
[Build] Inserted 33700/50000 points, avg insert time (ms): 0.812
[Build] Inserted 33800/50000 points, avg insert time (ms): 0.531
[Build] Inserted 33900/50000 points, avg insert time (ms): 0.575
[Build] Inserted 34000/50000 points, avg insert time (ms): 0.413
[Build] Inserted 34100/50000 points, avg insert time (ms): 0.533
[Build] Inserted 34200/50000 points, avg insert time (ms): 0.585
[Build] Inserted 34300/50000 points, avg insert time (ms): 0.818
[Build] Inserted 34400/50000 points, avg insert time (ms): 0.715
[Build] Inserted 34500/50000 points, avg insert time (ms): 0.454
[Build] Inserted 34600/50000 points, avg insert time (ms): 0.717
[Build] Inserted 34700/50000 points, avg insert time (ms): 0.389
[Build] Inserted 34800/50000 points, avg insert time (ms): 0.324
[Build] Inserted 34900/50000 points, avg insert time (ms): 0.529
[Build] Inserted 35000/50000 points, avg insert time (ms): 0.407
[Build] Inserted 35100/50000 points, avg insert time (ms): 0.362
[Build] Inserted 35200/50000 points, avg insert time (ms): 0.903
[Build] Inserted 35300/50000 points, avg insert time (ms): 0.438
[Build] Inserted 35400/50000 points, avg insert time (ms): 0.690
[Build] Inserted 35500/50000 points, avg insert time (ms): 0.428
[Build] Inserted 35600/50000 points, avg insert time (ms): 0.567
[Build] Inserted 35700/50000 points, avg insert time (ms): 0.571
[Build] Inserted 35800/50000 points, avg insert time (ms): 0.788
[Build] Inserted 35900/50000 points, avg insert time (ms): 0.792
[Build] Inserted 36000/50000 points, avg insert time (ms): 0.627
[Build] Inserted 36100/50000 points, avg insert time (ms): 0.974
[Build] Inserted 36200/50000 points, avg insert time (ms): 0.777
[Build] Inserted 36300/50000 points, avg insert time (ms): 0.801
[Build] Inserted 36400/50000 points, avg insert time (ms): 0.318
[Build] Inserted 36500/50000 points, avg insert time (ms): 0.579
[Build] Inserted 36600/50000 points, avg insert time (ms): 0.931
[Build] Inserted 36700/50000 points, avg insert time (ms): 0.443
[Build] Inserted 36800/50000 points, avg insert time (ms): 1.377
[Build] Inserted 36900/50000 points, avg insert time (ms): 0.205
[Build] Inserted 37000/50000 points, avg insert time (ms): 0.537
[Build] Inserted 37100/50000 points, avg insert time (ms): 0.554
[Build] Inserted 37200/50000 points, avg insert time (ms): 0.892
[Build] Inserted 37300/50000 points, avg insert time (ms): 0.551
[Build] Inserted 37400/50000 points, avg insert time (ms): 0.481
[Build] Inserted 37500/50000 points, avg insert time (ms): 0.601
[Build] Inserted 37600/50000 points, avg insert time (ms): 0.640
[Build] Inserted 37700/50000 points, avg insert time (ms): 0.148
[Build] Inserted 37800/50000 points, avg insert time (ms): 0.759
[Build] Inserted 37900/50000 points, avg insert time (ms): 1.155
[Build] Inserted 38000/50000 points, avg insert time (ms): 0.514
[Build] Inserted 38100/50000 points, avg insert time (ms): 0.699
[Build] Inserted 38200/50000 points, avg insert time (ms): 0.830
[Build] Inserted 38300/50000 points, avg insert time (ms): 0.820
[Build] Inserted 38400/50000 points, avg insert time (ms): 0.624
[Build] Inserted 38500/50000 points, avg insert time (ms): 1.005
[Build] Inserted 38600/50000 points, avg insert time (ms): 0.687
[Build] Inserted 38700/50000 points, avg insert time (ms): 0.770
[Build] Inserted 38800/50000 points, avg insert time (ms): 0.621
[Build] Inserted 38900/50000 points, avg insert time (ms): 0.511
[Build] Inserted 39000/50000 points, avg insert time (ms): 0.582
[Build] Inserted 39100/50000 points, avg insert time (ms): 0.779
[Build] Inserted 39200/50000 points, avg insert time (ms): 0.377
[Build] Inserted 39300/50000 points, avg insert time (ms): 0.493
[Build] Inserted 39400/50000 points, avg insert time (ms): 0.771
[Build] Inserted 39500/50000 points, avg insert time (ms): 0.497
[Build] Inserted 39600/50000 points, avg insert time (ms): 0.299
[Build] Inserted 39700/50000 points, avg insert time (ms): 0.640
[Build] Inserted 39800/50000 points, avg insert time (ms): 0.590
[Build] Inserted 39900/50000 points, avg insert time (ms): 0.491
[Build] Inserted 40000/50000 points, avg insert time (ms): 0.571
[Build] Inserted 40100/50000 points, avg insert time (ms): 0.429
[Build] Inserted 40200/50000 points, avg insert time (ms): 0.540
[Build] Inserted 40300/50000 points, avg insert time (ms): 0.441
[Build] Inserted 40400/50000 points, avg insert time (ms): 0.594
[Build] Inserted 40500/50000 points, avg insert time (ms): 0.893
[Build] Inserted 40600/50000 points, avg insert time (ms): 0.866
[Build] Inserted 40700/50000 points, avg insert time (ms): 0.552
[Build] Inserted 40800/50000 points, avg insert time (ms): 0.852
[Build] Inserted 40900/50000 points, avg insert time (ms): 1.195
[Build] Inserted 41000/50000 points, avg insert time (ms): 0.303
[Build] Inserted 41100/50000 points, avg insert time (ms): 0.535
[Build] Inserted 41200/50000 points, avg insert time (ms): 0.835
[Build] Inserted 41300/50000 points, avg insert time (ms): 0.625
[Build] Inserted 41400/50000 points, avg insert time (ms): 0.831
[Build] Inserted 41500/50000 points, avg insert time (ms): 0.376
[Build] Inserted 41600/50000 points, avg insert time (ms): 1.083
[Build] Inserted 41700/50000 points, avg insert time (ms): 0.424
[Build] Inserted 41800/50000 points, avg insert time (ms): 0.721
[Build] Inserted 41900/50000 points, avg insert time (ms): 0.901
[Build] Inserted 42000/50000 points, avg insert time (ms): 0.735
[Build] Inserted 42100/50000 points, avg insert time (ms): 0.528
[Build] Inserted 42200/50000 points, avg insert time (ms): 0.584
[Build] Inserted 42300/50000 points, avg insert time (ms): 0.677
[Build] Inserted 42400/50000 points, avg insert time (ms): 0.604
[Build] Inserted 42500/50000 points, avg insert time (ms): 0.474
[Build] Inserted 42600/50000 points, avg insert time (ms): 0.532
[Build] Inserted 42700/50000 points, avg insert time (ms): 0.594
[Build] Inserted 42800/50000 points, avg insert time (ms): 0.375
[Build] Inserted 42900/50000 points, avg insert time (ms): 0.682
[Build] Inserted 43000/50000 points, avg insert time (ms): 0.672
[Build] Inserted 43100/50000 points, avg insert time (ms): 0.779
[Build] Inserted 43200/50000 points, avg insert time (ms): 0.538
[Build] Inserted 43300/50000 points, avg insert time (ms): 0.644
[Build] Inserted 43400/50000 points, avg insert time (ms): 0.660
[Build] Inserted 43500/50000 points, avg insert time (ms): 0.642
[Build] Inserted 43600/50000 points, avg insert time (ms): 0.575
[Build] Inserted 43700/50000 points, avg insert time (ms): 0.670
[Build] Inserted 43800/50000 points, avg insert time (ms): 0.693
[Build] Inserted 43900/50000 points, avg insert time (ms): 0.578
[Build] Inserted 44000/50000 points, avg insert time (ms): 0.549
[Build] Inserted 44100/50000 points, avg insert time (ms): 0.406
[Build] Inserted 44200/50000 points, avg insert time (ms): 0.542
[Build] Inserted 44300/50000 points, avg insert time (ms): 0.480
[Build] Inserted 44400/50000 points, avg insert time (ms): 0.710
[Build] Inserted 44500/50000 points, avg insert time (ms): 0.542
[Build] Inserted 44600/50000 points, avg insert time (ms): 0.512
[Build] Inserted 44700/50000 points, avg insert time (ms): 0.498
[Build] Inserted 44800/50000 points, avg insert time (ms): 0.491
[Build] Inserted 44900/50000 points, avg insert time (ms): 0.444
[Build] Inserted 45000/50000 points, avg insert time (ms): 0.401
[Build] Inserted 45100/50000 points, avg insert time (ms): 1.378
[Build] Inserted 45200/50000 points, avg insert time (ms): 0.953
[Build] Inserted 45300/50000 points, avg insert time (ms): 0.910
[Build] Inserted 45400/50000 points, avg insert time (ms): 0.541
[Build] Inserted 45500/50000 points, avg insert time (ms): 0.568
[Build] Inserted 45600/50000 points, avg insert time (ms): 0.658
[Build] Inserted 45700/50000 points, avg insert time (ms): 0.778
[Build] Inserted 45800/50000 points, avg insert time (ms): 0.328
[Build] Inserted 45900/50000 points, avg insert time (ms): 0.578
[Build] Inserted 46000/50000 points, avg insert time (ms): 0.551
[Build] Inserted 46100/50000 points, avg insert time (ms): 0.685
[Build] Inserted 46200/50000 points, avg insert time (ms): 0.642
[Build] Inserted 46300/50000 points, avg insert time (ms): 0.392
[Build] Inserted 46400/50000 points, avg insert time (ms): 0.442
[Build] Inserted 46500/50000 points, avg insert time (ms): 0.453
[Build] Inserted 46600/50000 points, avg insert time (ms): 0.536
[Build] Inserted 46700/50000 points, avg insert time (ms): 0.701
[Build] Inserted 46800/50000 points, avg insert time (ms): 1.031
[Build] Inserted 46900/50000 points, avg insert time (ms): 0.597
[Build] Inserted 47000/50000 points, avg insert time (ms): 0.293
[Build] Inserted 47100/50000 points, avg insert time (ms): 0.603
[Build] Inserted 47200/50000 points, avg insert time (ms): 0.463
[Build] Inserted 47300/50000 points, avg insert time (ms): 0.472
[Build] Inserted 47400/50000 points, avg insert time (ms): 0.609
[Build] Inserted 47500/50000 points, avg insert time (ms): 0.467
[Build] Inserted 47600/50000 points, avg insert time (ms): 0.712
[Build] Inserted 47700/50000 points, avg insert time (ms): 0.725
[Build] Inserted 47800/50000 points, avg insert time (ms): 0.655
[Build] Inserted 47900/50000 points, avg insert time (ms): 1.055
[Build] Inserted 48000/50000 points, avg insert time (ms): 0.651
[Build] Inserted 48100/50000 points, avg insert time (ms): 0.662
[Build] Inserted 48200/50000 points, avg insert time (ms): 0.468
[Build] Inserted 48300/50000 points, avg insert time (ms): 0.815
[Build] Inserted 48400/50000 points, avg insert time (ms): 0.464
[Build] Inserted 48500/50000 points, avg insert time (ms): 0.553
[Build] Inserted 48600/50000 points, avg insert time (ms): 0.539
[Build] Inserted 48700/50000 points, avg insert time (ms): 0.673
[Build] Inserted 48800/50000 points, avg insert time (ms): 0.644
[Build] Inserted 48900/50000 points, avg insert time (ms): 0.851
[Build] Inserted 49000/50000 points, avg insert time (ms): 1.034
[Build] Inserted 49100/50000 points, avg insert time (ms): 0.541
[Build] Inserted 49200/50000 points, avg insert time (ms): 0.468
[Build] Inserted 49300/50000 points, avg insert time (ms): 0.544
[Build] Inserted 49400/50000 points, avg insert time (ms): 0.652
[Build] Inserted 49500/50000 points, avg insert time (ms): 0.478
[Build] Inserted 49600/50000 points, avg insert time (ms): 0.655
[Build] Inserted 49700/50000 points, avg insert time (ms): 0.910
[Build] Inserted 49800/50000 points, avg insert time (ms): 1.028
[Build] Inserted 49900/50000 points, avg insert time (ms): 0.533
[Build] Inserted 50000/50000 points, avg insert time (ms): 0.836
[Timing] Total insertion time: 32.60 s
[Build] Starting queries...
[Query] Processed 100/5000 queries, avg query time (ms): 20.900
[Query] Processed 200/5000 queries, avg query time (ms): 16.823
[Query] Processed 300/5000 queries, avg query time (ms): 15.630
[Query] Processed 400/5000 queries, avg query time (ms): 16.337
[Query] Processed 500/5000 queries, avg query time (ms): 16.021
[Query] Processed 600/5000 queries, avg query time (ms): 18.255
[Query] Processed 700/5000 queries, avg query time (ms): 18.695
[Query] Processed 800/5000 queries, avg query time (ms): 14.168
[Query] Processed 900/5000 queries, avg query time (ms): 17.644
[Query] Processed 1000/5000 queries, avg query time (ms): 15.941
[Query] Processed 1100/5000 queries, avg query time (ms): 20.267
[Query] Processed 1200/5000 queries, avg query time (ms): 24.635
[Query] Processed 1300/5000 queries, avg query time (ms): 14.964
[Query] Processed 1400/5000 queries, avg query time (ms): 17.061
[Query] Processed 1500/5000 queries, avg query time (ms): 15.159
[Query] Processed 1600/5000 queries, avg query time (ms): 16.003
[Query] Processed 1700/5000 queries, avg query time (ms): 15.524
[Query] Processed 1800/5000 queries, avg query time (ms): 17.990
[Query] Processed 1900/5000 queries, avg query time (ms): 17.389
[Query] Processed 2000/5000 queries, avg query time (ms): 16.955
[Query] Processed 2100/5000 queries, avg query time (ms): 16.228
[Query] Processed 2200/5000 queries, avg query time (ms): 16.045
[Query] Processed 2300/5000 queries, avg query time (ms): 16.789
[Query] Processed 2400/5000 queries, avg query time (ms): 18.081
[Query] Processed 2500/5000 queries, avg query time (ms): 21.336
[Query] Processed 2600/5000 queries, avg query time (ms): 16.826
[Query] Processed 2700/5000 queries, avg query time (ms): 17.143
[Query] Processed 2800/5000 queries, avg query time (ms): 15.881
[Query] Processed 2900/5000 queries, avg query time (ms): 17.821
[Query] Processed 3000/5000 queries, avg query time (ms): 19.253
[Query] Processed 3100/5000 queries, avg query time (ms): 27.373
[Query] Processed 3200/5000 queries, avg query time (ms): 20.340
[Query] Processed 3300/5000 queries, avg query time (ms): 21.205
[Query] Processed 3400/5000 queries, avg query time (ms): 15.526
[Query] Processed 3500/5000 queries, avg query time (ms): 16.202
[Query] Processed 3600/5000 queries, avg query time (ms): 16.475
[Query] Processed 3700/5000 queries, avg query time (ms): 19.376
[Query] Processed 3800/5000 queries, avg query time (ms): 16.583
[Query] Processed 3900/5000 queries, avg query time (ms): 18.915
[Query] Processed 4000/5000 queries, avg query time (ms): 16.504
[Query] Processed 4100/5000 queries, avg query time (ms): 15.490
[Query] Processed 4200/5000 queries, avg query time (ms): 15.137
[Query] Processed 4300/5000 queries, avg query time (ms): 19.931
[Query] Processed 4400/5000 queries, avg query time (ms): 17.468
[Query] Processed 4500/5000 queries, avg query time (ms): 14.229
[Query] Processed 4600/5000 queries, avg query time (ms): 18.823
[Query] Processed 4700/5000 queries, avg query time (ms): 15.050
[Query] Processed 4800/5000 queries, avg query time (ms): 16.768
[Query] Processed 4900/5000 queries, avg query time (ms): 15.194
[Query] Processed 5000/5000 queries, avg query time (ms): 24.859
[Timing] Total query time: 88.40 s
[Eval] Computing ground truth top-K...
[Timing] Ground truth (FAISS): 6.01 s (1.201 ms/query)
[Timing] Ground truth computation: 6.65 s
[Eval] Computing recall metrics...
[Timing] Recall evaluation: 70.05 s
[Eval] Computing (c,r)-ANN accuracy...
[Timing] FAISS r* computation: 4.98 s (0.997 ms/query)
[CR-ANN] 100/5000 processed, avg time (ann.query): 43.452 ms
[CR-ANN] 200/5000 processed, avg time (ann.query): 44.646 ms
[CR-ANN] 300/5000 processed, avg time (ann.query): 42.928 ms
[CR-ANN] 400/5000 processed, avg time (ann.query): 52.092 ms
[CR-ANN] 500/5000 processed, avg time (ann.query): 49.004 ms
[CR-ANN] 600/5000 processed, avg time (ann.query): 45.615 ms
[CR-ANN] 700/5000 processed, avg time (ann.query): 47.351 ms
[CR-ANN] 800/5000 processed, avg time (ann.query): 40.990 ms
[CR-ANN] 900/5000 processed, avg time (ann.query): 36.384 ms
[CR-ANN] 1000/5000 processed, avg time (ann.query): 41.580 ms
[CR-ANN] 1100/5000 processed, avg time (ann.query): 40.923 ms
[CR-ANN] 1200/5000 processed, avg time (ann.query): 49.494 ms
[CR-ANN] 1300/5000 processed, avg time (ann.query): 41.579 ms
[CR-ANN] 1400/5000 processed, avg time (ann.query): 39.691 ms
[CR-ANN] 1500/5000 processed, avg time (ann.query): 36.364 ms
[CR-ANN] 1600/5000 processed, avg time (ann.query): 39.524 ms
[CR-ANN] 1700/5000 processed, avg time (ann.query): 39.389 ms
[CR-ANN] 1800/5000 processed, avg time (ann.query): 37.405 ms
[CR-ANN] 1900/5000 processed, avg time (ann.query): 40.821 ms
[CR-ANN] 2000/5000 processed, avg time (ann.query): 46.624 ms
[CR-ANN] 2100/5000 processed, avg time (ann.query): 43.690 ms
[CR-ANN] 2200/5000 processed, avg time (ann.query): 47.278 ms
[CR-ANN] 2300/5000 processed, avg time (ann.query): 41.856 ms
[CR-ANN] 2400/5000 processed, avg time (ann.query): 40.322 ms
[CR-ANN] 2500/5000 processed, avg time (ann.query): 44.428 ms
[CR-ANN] 2600/5000 processed, avg time (ann.query): 41.728 ms
[CR-ANN] 2700/5000 processed, avg time (ann.query): 47.991 ms
[CR-ANN] 2800/5000 processed, avg time (ann.query): 41.226 ms
[CR-ANN] 2900/5000 processed, avg time (ann.query): 49.654 ms
[CR-ANN] 3000/5000 processed, avg time (ann.query): 43.634 ms
[CR-ANN] 3100/5000 processed, avg time (ann.query): 47.457 ms
[CR-ANN] 3200/5000 processed, avg time (ann.query): 47.017 ms
[CR-ANN] 3300/5000 processed, avg time (ann.query): 42.106 ms
[CR-ANN] 3400/5000 processed, avg time (ann.query): 46.045 ms
[CR-ANN] 3500/5000 processed, avg time (ann.query): 44.662 ms
[CR-ANN] 3600/5000 processed, avg time (ann.query): 37.376 ms
[CR-ANN] 3700/5000 processed, avg time (ann.query): 51.658 ms
[CR-ANN] 3800/5000 processed, avg time (ann.query): 39.809 ms
[CR-ANN] 3900/5000 processed, avg time (ann.query): 43.383 ms
[CR-ANN] 4000/5000 processed, avg time (ann.query): 38.574 ms
[CR-ANN] 4100/5000 processed, avg time (ann.query): 40.303 ms
[CR-ANN] 4200/5000 processed, avg time (ann.query): 41.343 ms
[CR-ANN] 4300/5000 processed, avg time (ann.query): 41.265 ms
[CR-ANN] 4400/5000 processed, avg time (ann.query): 37.388 ms
[CR-ANN] 4500/5000 processed, avg time (ann.query): 39.174 ms
[CR-ANN] 4600/5000 processed, avg time (ann.query): 36.778 ms
[CR-ANN] 4700/5000 processed, avg time (ann.query): 35.991 ms
[CR-ANN] 4800/5000 processed, avg time (ann.query): 37.165 ms
[CR-ANN] 4900/5000 processed, avg time (ann.query): 38.504 ms
[CR-ANN] 5000/5000 processed, avg time (ann.query): 38.646 ms
[Timing] (c,r)-ANN eval: 212.30 s (42.460 ms/query)
[Sanity Check] Total Relevant = 4464
[Timing] (c,r)-ANN evaluation: 217.33 s
[Result] Memory breakdown (MB): {'hash_functions_MB': 20.342681884765625, 'bucket_ids_MB': 6.7593536376953125, 'num_ids': 1771924, 'num_buckets': 437450, 'hash_tables_overhead_MB': 36.71226501464844, 'total_MB': 63.814300537109375}
[Result] Epsilon-recall: 0.9999
[Result] (c,r)-ANN accuracy: 1.0000

[Timing Summary]
  Insert phase: 32.60 s
  Query phase: 88.40 s
  Ground truth: 6.65 s
  Recall eval: 70.05 s
  (c,r)-ANN eval: 217.33 s
  Total time: 415.03 s
[SUMMARY] r=0.5, eps=0.8, eta=0.2, recall=0.9999, (c,r)-ANN accuracy=1.0, memory=63.814300537109375
