[Init] Inputs : eta=0.30, epsilon=0.50, r=1.00
[Init] LSH Parameters : w=3.154, p1=0.7472, p2=0.6267, rho=0.6236
[Init] Data Structure Parameters : k=15, L=99, key_bits=480, mode=speed
[Build] Starting insertion...
[Build] Inserted 100/1000 points, avg insert time (ms): 0.182
[Build] Inserted 200/1000 points, avg insert time (ms): 0.080
[Build] Inserted 300/1000 points, avg insert time (ms): 0.114
[Build] Inserted 400/1000 points, avg insert time (ms): 0.136
[Build] Inserted 500/1000 points, avg insert time (ms): 0.074
[Build] Inserted 600/1000 points, avg insert time (ms): 0.167
[Build] Inserted 700/1000 points, avg insert time (ms): 0.076
[Build] Inserted 800/1000 points, avg insert time (ms): 0.127
[Build] Inserted 900/1000 points, avg insert time (ms): 0.211
[Build] Inserted 1000/1000 points, avg insert time (ms): 0.116
[Timing] Total insertion time: 0.13 s
[Build] Starting queries...
[Query] Processed 1/1 queries, avg query time (ms): 2.167
[Timing] Total query time: 0.00 s
[Eval] Computing ground truth top-K...
[Timing] Ground truth (FAISS): 0.00 s (0.070 ms/query)
[Timing] Ground truth computation: 0.01 s
[Eval] Computing recall metrics...
[Timing] Recall evaluation: 0.00 s
[Eval] Computing (c,r)-ANN accuracy...
[Timing] FAISS r* computation: 0.00 s (0.040 ms/query)
[CR-ANN] 1/1 processed, avg time (ann.query): 2.730 ms
[Timing] (c,r)-ANN eval: 0.00 s (3.152 ms/query)
[Sanity Check] Total Relevant = 1
[Timing] (c,r)-ANN evaluation: 0.00 s
[Result] Memory breakdown (MB): {'hash_functions_MB': 0.7420921325683594, 'bucket_ids_MB': 0.04833984375, 'num_ids': 12672, 'num_buckets': 3067, 'hash_tables_overhead_MB': 0.25739288330078125, 'total_MB': 1.0478248596191406}
[Result] Epsilon-recall: 1.0000
[Result] (c,r)-ANN accuracy: 1.0000

[Timing Summary]
  Insert phase: 0.13 s
  Query phase: 0.00 s
  Ground truth: 0.01 s
  Recall eval: 0.00 s
  (c,r)-ANN eval: 0.00 s
  Total time: 0.16 s
[SUMMARY] r=1.0, eps=0.5, eta=0.3, recall=1.0000, (c,r)-ANN accuracy=1.0, memory=1.0478248596191406
