[Init] Inputs : eta=0.40, epsilon=0.50, r=1.00
[Init] LSH Parameters : w=3.154, p1=0.7472, p2=0.6267, rho=0.6236
[Init] Data Structure Parameters : k=15, L=99, key_bits=480, mode=speed
[Build] Starting insertion...
[Build] Inserted 100/1000 points, avg insert time (ms): 0.199
[Build] Inserted 200/1000 points, avg insert time (ms): 0.048
[Build] Inserted 300/1000 points, avg insert time (ms): 0.065
[Build] Inserted 400/1000 points, avg insert time (ms): 0.050
[Build] Inserted 500/1000 points, avg insert time (ms): 0.073
[Build] Inserted 600/1000 points, avg insert time (ms): 0.017
[Build] Inserted 700/1000 points, avg insert time (ms): 0.050
[Build] Inserted 800/1000 points, avg insert time (ms): 0.037
[Build] Inserted 900/1000 points, avg insert time (ms): 0.084
[Build] Inserted 1000/1000 points, avg insert time (ms): 0.060
[Timing] Total insertion time: 0.07 s
[Build] Starting queries...
[Query] Processed 1/1 queries, avg query time (ms): 2.333
[Timing] Total query time: 0.00 s
[Eval] Computing ground truth top-K...
[Timing] Ground truth (FAISS): 0.00 s (0.061 ms/query)
[Timing] Ground truth computation: 0.01 s
[Eval] Computing recall metrics...
[Timing] Recall evaluation: 0.00 s
[Eval] Computing (c,r)-ANN accuracy...
[Timing] FAISS r* computation: 0.00 s (0.035 ms/query)
[CR-ANN] 1/1 processed, avg time (ann.query): 2.567 ms
[Timing] (c,r)-ANN eval: 0.00 s (2.994 ms/query)
[Sanity Check] Total Relevant = 1
[Timing] (c,r)-ANN evaluation: 0.00 s
[Result] Memory breakdown (MB): {'hash_functions_MB': 0.7420921325683594, 'bucket_ids_MB': 0.02643585205078125, 'num_ids': 6930, 'num_buckets': 2009, 'hash_tables_overhead_MB': 0.16860198974609375, 'total_MB': 0.9371299743652344}
[Result] Epsilon-recall: 0.7800
[Result] (c,r)-ANN accuracy: 1.0000

[Timing Summary]
  Insert phase: 0.07 s
  Query phase: 0.00 s
  Ground truth: 0.01 s
  Recall eval: 0.00 s
  (c,r)-ANN eval: 0.00 s
  Total time: 0.09 s
[SUMMARY] r=1.0, eps=0.5, eta=0.4, recall=0.7800, (c,r)-ANN accuracy=1.0, memory=0.9371299743652344
