[Init] Inputs : eta=0.70, epsilon=0.50, r=1.00
[Init] LSH Parameters : w=3.154, p1=0.7472, p2=0.6267, rho=0.6236
[Init] Data Structure Parameters : k=15, L=99, key_bits=480, mode=speed
[Build] Starting insertion...
[Build] Inserted 100/1000 points, avg insert time (ms): 0.001
[Build] Inserted 200/1000 points, avg insert time (ms): 0.101
[Build] Inserted 300/1000 points, avg insert time (ms): 0.001
[Build] Inserted 400/1000 points, avg insert time (ms): 0.011
[Build] Inserted 500/1000 points, avg insert time (ms): 0.011
[Build] Inserted 600/1000 points, avg insert time (ms): 0.029
[Build] Inserted 700/1000 points, avg insert time (ms): 0.001
[Build] Inserted 800/1000 points, avg insert time (ms): 0.001
[Build] Inserted 900/1000 points, avg insert time (ms): 0.023
[Build] Inserted 1000/1000 points, avg insert time (ms): 0.001
[Timing] Total insertion time: 0.03 s
[Build] Starting queries...
[Query] Processed 1/1 queries, avg query time (ms): 3.521
[Timing] Total query time: 0.00 s
[Eval] Computing ground truth top-K...
[Timing] Ground truth (FAISS): 0.00 s (1.444 ms/query)
[Timing] Ground truth computation: 0.02 s
[Eval] Computing recall metrics...
[Timing] Recall evaluation: 0.00 s
[Eval] Computing (c,r)-ANN accuracy...
[Timing] FAISS r* computation: 0.00 s (0.043 ms/query)
[CR-ANN] 1/1 processed, avg time (ann.query): 1.516 ms
[Timing] (c,r)-ANN eval: 0.00 s (2.017 ms/query)
[Sanity Check] Total Relevant = 1
[Timing] (c,r)-ANN evaluation: 0.00 s
[Result] Memory breakdown (MB): {'hash_functions_MB': 0.7420921325683594, 'bucket_ids_MB': 0.003021240234375, 'num_ids': 792, 'num_buckets': 580, 'hash_tables_overhead_MB': 0.048675537109375, 'total_MB': 0.7937889099121094}
[Result] Epsilon-recall: 0.0800
[Result] (c,r)-ANN accuracy: 1.0000

[Timing Summary]
  Insert phase: 0.03 s
  Query phase: 0.00 s
  Ground truth: 0.02 s
  Recall eval: 0.00 s
  (c,r)-ANN eval: 0.00 s
  Total time: 0.06 s
[SUMMARY] r=1.0, eps=0.5, eta=0.7, recall=0.0800, (c,r)-ANN accuracy=1.0, memory=0.7937889099121094
