[Init] Inputs : eta=0.20, epsilon=1.00, r=1.00
[Init] LSH Parameters : w=3.772, p1=0.7885, p2=0.5891, rho=0.4491
[Init] Data Structure Parameters : k=14, L=28, key_bits=448, mode=speed
[Build] Starting insertion...
[Build] Inserted 100/1000 points, avg insert time (ms): 0.151
[Build] Inserted 200/1000 points, avg insert time (ms): 0.056
[Build] Inserted 300/1000 points, avg insert time (ms): 0.048
[Build] Inserted 400/1000 points, avg insert time (ms): 0.061
[Build] Inserted 500/1000 points, avg insert time (ms): 0.075
[Build] Inserted 600/1000 points, avg insert time (ms): 0.069
[Build] Inserted 700/1000 points, avg insert time (ms): 0.065
[Build] Inserted 800/1000 points, avg insert time (ms): 0.050
[Build] Inserted 900/1000 points, avg insert time (ms): 0.052
[Build] Inserted 1000/1000 points, avg insert time (ms): 0.067
[Timing] Total insertion time: 0.07 s
[Build] Starting queries...
[Query] Processed 1/1 queries, avg query time (ms): 3.033
[Timing] Total query time: 0.00 s
[Eval] Computing ground truth top-K...
[Timing] Ground truth (FAISS): 0.00 s (1.864 ms/query)
[Timing] Ground truth computation: 0.02 s
[Eval] Computing recall metrics...
[Timing] Recall evaluation: 0.00 s
[Eval] Computing (c,r)-ANN accuracy...
[Timing] FAISS r* computation: 0.00 s (0.063 ms/query)
[CR-ANN] 1/1 processed, avg time (ann.query): 3.618 ms
[Timing] (c,r)-ANN eval: 0.00 s (4.129 ms/query)
[Sanity Check] Total Relevant = 1
[Timing] (c,r)-ANN evaluation: 0.01 s
[Result] Memory breakdown (MB): {'hash_functions_MB': 0.195892333984375, 'bucket_ids_MB': 0.026275634765625, 'num_ids': 6888, 'num_buckets': 760, 'hash_tables_overhead_MB': 0.06378173828125, 'total_MB': 0.28594970703125}
[Result] Epsilon-recall: 1.0000
[Result] (c,r)-ANN accuracy: 1.0000

[Timing Summary]
  Insert phase: 0.07 s
  Query phase: 0.00 s
  Ground truth: 0.02 s
  Recall eval: 0.00 s
  (c,r)-ANN eval: 0.01 s
  Total time: 0.10 s
[SUMMARY] r=1.0, eps=1.0, eta=0.2, recall=1.0000, (c,r)-ANN accuracy=1.0, memory=0.28594970703125
