[Init] Inputs : eta=0.40, epsilon=1.00, r=1.00
[Init] LSH Parameters : w=3.772, p1=0.7885, p2=0.5891, rho=0.4491
[Init] Data Structure Parameters : k=14, L=28, key_bits=448, mode=speed
[Build] Starting insertion...
[Build] Inserted 100/1000 points, avg insert time (ms): 0.023
[Build] Inserted 200/1000 points, avg insert time (ms): 0.006
[Build] Inserted 300/1000 points, avg insert time (ms): 0.018
[Build] Inserted 400/1000 points, avg insert time (ms): 0.011
[Build] Inserted 500/1000 points, avg insert time (ms): 0.104
[Build] Inserted 600/1000 points, avg insert time (ms): 0.023
[Build] Inserted 700/1000 points, avg insert time (ms): 0.016
[Build] Inserted 800/1000 points, avg insert time (ms): 0.018
[Build] Inserted 900/1000 points, avg insert time (ms): 0.010
[Build] Inserted 1000/1000 points, avg insert time (ms): 0.017
[Timing] Total insertion time: 0.03 s
[Build] Starting queries...
[Query] Processed 1/1 queries, avg query time (ms): 0.898
[Timing] Total query time: 0.00 s
[Eval] Computing ground truth top-K...
[Timing] Ground truth (FAISS): 0.00 s (0.060 ms/query)
[Timing] Ground truth computation: 0.01 s
[Eval] Computing recall metrics...
[Timing] Recall evaluation: 0.00 s
[Eval] Computing (c,r)-ANN accuracy...
[Timing] FAISS r* computation: 0.00 s (0.036 ms/query)
[CR-ANN] 1/1 processed, avg time (ann.query): 0.498 ms
[Timing] (c,r)-ANN eval: 0.00 s (0.896 ms/query)
[Sanity Check] Total Relevant = 1
[Timing] (c,r)-ANN evaluation: 0.00 s
[Result] Memory breakdown (MB): {'hash_functions_MB': 0.195892333984375, 'bucket_ids_MB': 0.00555419921875, 'num_ids': 1456, 'num_buckets': 385, 'hash_tables_overhead_MB': 0.03231048583984375, 'total_MB': 0.23375701904296875}
[Result] Epsilon-recall: 0.8000
[Result] (c,r)-ANN accuracy: 1.0000

[Timing Summary]
  Insert phase: 0.03 s
  Query phase: 0.00 s
  Ground truth: 0.01 s
  Recall eval: 0.00 s
  (c,r)-ANN eval: 0.00 s
  Total time: 0.05 s
[SUMMARY] r=1.0, eps=1.0, eta=0.4, recall=0.8000, (c,r)-ANN accuracy=1.0, memory=0.23375701904296875
