[Init] Inputs : eta=0.60, epsilon=0.50, r=1.00
[Init] LSH Parameters : w=3.154, p1=0.7472, p2=0.6267, rho=0.6236
[Init] Data Structure Parameters : k=15, L=99, key_bits=480, mode=speed
[Build] Starting insertion...
[Build] Inserted 100/1000 points, avg insert time (ms): 0.120
[Build] Inserted 200/1000 points, avg insert time (ms): 0.026
[Build] Inserted 300/1000 points, avg insert time (ms): 0.018
[Build] Inserted 400/1000 points, avg insert time (ms): 0.012
[Build] Inserted 500/1000 points, avg insert time (ms): 0.027
[Build] Inserted 600/1000 points, avg insert time (ms): 0.001
[Build] Inserted 700/1000 points, avg insert time (ms): 0.026
[Build] Inserted 800/1000 points, avg insert time (ms): 0.019
[Build] Inserted 900/1000 points, avg insert time (ms): 0.009
[Build] Inserted 1000/1000 points, avg insert time (ms): 0.011
[Timing] Total insertion time: 0.04 s
[Build] Starting queries...
[Query] Processed 1/1 queries, avg query time (ms): 1.303
[Timing] Total query time: 0.00 s
[Eval] Computing ground truth top-K...
[Timing] Ground truth (FAISS): 0.00 s (1.395 ms/query)
[Timing] Ground truth computation: 0.01 s
[Eval] Computing recall metrics...
[Timing] Recall evaluation: 0.00 s
[Eval] Computing (c,r)-ANN accuracy...
[Timing] FAISS r* computation: 0.00 s (0.054 ms/query)
[CR-ANN] 1/1 processed, avg time (ann.query): 1.503 ms
[Timing] (c,r)-ANN eval: 0.00 s (1.971 ms/query)
[Sanity Check] Total Relevant = 1
[Timing] (c,r)-ANN evaluation: 0.00 s
[Result] Memory breakdown (MB): {'hash_functions_MB': 0.7420921325683594, 'bucket_ids_MB': 0.00679779052734375, 'num_ids': 1782, 'num_buckets': 994, 'hash_tables_overhead_MB': 0.0834197998046875, 'total_MB': 0.8323097229003906}
[Result] Epsilon-recall: 0.1800
[Result] (c,r)-ANN accuracy: 1.0000

[Timing Summary]
  Insert phase: 0.04 s
  Query phase: 0.00 s
  Ground truth: 0.01 s
  Recall eval: 0.00 s
  (c,r)-ANN eval: 0.00 s
  Total time: 0.06 s
[SUMMARY] r=1.0, eps=0.5, eta=0.6, recall=0.1800, (c,r)-ANN accuracy=1.0, memory=0.8323097229003906
