[Init] Inputs : eta=0.20, epsilon=0.50, r=1.00
[Init] LSH Parameters : w=3.154, p1=0.7472, p2=0.6267, rho=0.6236
[Init] Data Structure Parameters : k=26, L=2049, key_bits=832, mode=speed
[Build] Starting insertion...
[Build] Inserted 100/128000 points, avg insert time (ms): 1.847
[Build] Inserted 200/128000 points, avg insert time (ms): 3.598
[Build] Inserted 300/128000 points, avg insert time (ms): 2.568
[Build] Inserted 400/128000 points, avg insert time (ms): 2.741
[Build] Inserted 500/128000 points, avg insert time (ms): 1.706
[Build] Inserted 600/128000 points, avg insert time (ms): 3.498
[Build] Inserted 700/128000 points, avg insert time (ms): 3.124
[Build] Inserted 800/128000 points, avg insert time (ms): 2.370
[Build] Inserted 900/128000 points, avg insert time (ms): 2.833
[Build] Inserted 1000/128000 points, avg insert time (ms): 1.346
[Build] Inserted 1100/128000 points, avg insert time (ms): 2.931
[Build] Inserted 1200/128000 points, avg insert time (ms): 2.165
[Build] Inserted 1300/128000 points, avg insert time (ms): 2.310
[Build] Inserted 1400/128000 points, avg insert time (ms): 1.571
[Build] Inserted 1500/128000 points, avg insert time (ms): 1.813
[Build] Inserted 1600/128000 points, avg insert time (ms): 2.787
[Build] Inserted 1700/128000 points, avg insert time (ms): 1.450
[Build] Inserted 1800/128000 points, avg insert time (ms): 2.798
[Build] Inserted 1900/128000 points, avg insert time (ms): 3.382
[Build] Inserted 2000/128000 points, avg insert time (ms): 1.832
[Build] Inserted 2100/128000 points, avg insert time (ms): 4.924
[Build] Inserted 2200/128000 points, avg insert time (ms): 1.846
[Build] Inserted 2300/128000 points, avg insert time (ms): 2.063
[Build] Inserted 2400/128000 points, avg insert time (ms): 3.062
[Build] Inserted 2500/128000 points, avg insert time (ms): 1.820
[Build] Inserted 2600/128000 points, avg insert time (ms): 1.785
[Build] Inserted 2700/128000 points, avg insert time (ms): 2.155
[Build] Inserted 2800/128000 points, avg insert time (ms): 1.799
[Build] Inserted 2900/128000 points, avg insert time (ms): 4.506
[Build] Inserted 3000/128000 points, avg insert time (ms): 2.639
[Build] Inserted 3100/128000 points, avg insert time (ms): 3.959
[Build] Inserted 3200/128000 points, avg insert time (ms): 2.624
[Build] Inserted 3300/128000 points, avg insert time (ms): 2.185
[Build] Inserted 3400/128000 points, avg insert time (ms): 1.550
[Build] Inserted 3500/128000 points, avg insert time (ms): 3.828
[Build] Inserted 3600/128000 points, avg insert time (ms): 1.044
[Build] Inserted 3700/128000 points, avg insert time (ms): 2.123
[Build] Inserted 3800/128000 points, avg insert time (ms): 2.632
[Build] Inserted 3900/128000 points, avg insert time (ms): 2.850
[Build] Inserted 4000/128000 points, avg insert time (ms): 4.160
[Build] Inserted 4100/128000 points, avg insert time (ms): 2.139
[Build] Inserted 4200/128000 points, avg insert time (ms): 3.628
[Build] Inserted 4300/128000 points, avg insert time (ms): 3.172
[Build] Inserted 4400/128000 points, avg insert time (ms): 2.935
[Build] Inserted 4500/128000 points, avg insert time (ms): 2.336
[Build] Inserted 4600/128000 points, avg insert time (ms): 2.142
[Build] Inserted 4700/128000 points, avg insert time (ms): 3.758
[Build] Inserted 4800/128000 points, avg insert time (ms): 2.366
[Build] Inserted 4900/128000 points, avg insert time (ms): 4.066
[Build] Inserted 5000/128000 points, avg insert time (ms): 4.465
[Build] Inserted 5100/128000 points, avg insert time (ms): 2.736
[Build] Inserted 5200/128000 points, avg insert time (ms): 2.921
[Build] Inserted 5300/128000 points, avg insert time (ms): 2.993
[Build] Inserted 5400/128000 points, avg insert time (ms): 4.868
[Build] Inserted 5500/128000 points, avg insert time (ms): 2.936
[Build] Inserted 5600/128000 points, avg insert time (ms): 3.553
[Build] Inserted 5700/128000 points, avg insert time (ms): 2.623
[Build] Inserted 5800/128000 points, avg insert time (ms): 2.741
[Build] Inserted 5900/128000 points, avg insert time (ms): 2.451
[Build] Inserted 6000/128000 points, avg insert time (ms): 2.318
[Build] Inserted 6100/128000 points, avg insert time (ms): 2.645
[Build] Inserted 6200/128000 points, avg insert time (ms): 2.144
[Build] Inserted 6300/128000 points, avg insert time (ms): 2.474
[Build] Inserted 6400/128000 points, avg insert time (ms): 2.877
[Build] Inserted 6500/128000 points, avg insert time (ms): 2.620
[Build] Inserted 6600/128000 points, avg insert time (ms): 2.122
[Build] Inserted 6700/128000 points, avg insert time (ms): 2.430
[Build] Inserted 6800/128000 points, avg insert time (ms): 1.899
[Build] Inserted 6900/128000 points, avg insert time (ms): 2.929
[Build] Inserted 7000/128000 points, avg insert time (ms): 2.666
[Build] Inserted 7100/128000 points, avg insert time (ms): 1.808
[Build] Inserted 7200/128000 points, avg insert time (ms): 2.873
[Build] Inserted 7300/128000 points, avg insert time (ms): 2.290
[Build] Inserted 7400/128000 points, avg insert time (ms): 2.601
[Build] Inserted 7500/128000 points, avg insert time (ms): 4.447
[Build] Inserted 7600/128000 points, avg insert time (ms): 2.659
[Build] Inserted 7700/128000 points, avg insert time (ms): 2.000
[Build] Inserted 7800/128000 points, avg insert time (ms): 2.494
[Build] Inserted 7900/128000 points, avg insert time (ms): 2.652
[Build] Inserted 8000/128000 points, avg insert time (ms): 2.320
[Build] Inserted 8100/128000 points, avg insert time (ms): 2.086
[Build] Inserted 8200/128000 points, avg insert time (ms): 2.016
[Build] Inserted 8300/128000 points, avg insert time (ms): 3.402
[Build] Inserted 8400/128000 points, avg insert time (ms): 1.814
[Build] Inserted 8500/128000 points, avg insert time (ms): 1.880
[Build] Inserted 8600/128000 points, avg insert time (ms): 2.070
[Build] Inserted 8700/128000 points, avg insert time (ms): 1.590
[Build] Inserted 8800/128000 points, avg insert time (ms): 2.419
[Build] Inserted 8900/128000 points, avg insert time (ms): 2.076
[Build] Inserted 9000/128000 points, avg insert time (ms): 1.833
[Build] Inserted 9100/128000 points, avg insert time (ms): 4.459
[Build] Inserted 9200/128000 points, avg insert time (ms): 3.439
[Build] Inserted 9300/128000 points, avg insert time (ms): 1.691
[Build] Inserted 9400/128000 points, avg insert time (ms): 4.105
[Build] Inserted 9500/128000 points, avg insert time (ms): 2.708
[Build] Inserted 9600/128000 points, avg insert time (ms): 3.412
[Build] Inserted 9700/128000 points, avg insert time (ms): 2.065
[Build] Inserted 9800/128000 points, avg insert time (ms): -12.731
[Build] Inserted 9900/128000 points, avg insert time (ms): 0.777
[Build] Inserted 10000/128000 points, avg insert time (ms): 2.876
[Build] Inserted 10100/128000 points, avg insert time (ms): 3.634
[Build] Inserted 10200/128000 points, avg insert time (ms): 4.922
[Build] Inserted 10300/128000 points, avg insert time (ms): 2.355
[Build] Inserted 10400/128000 points, avg insert time (ms): 3.010
[Build] Inserted 10500/128000 points, avg insert time (ms): 2.292
[Build] Inserted 10600/128000 points, avg insert time (ms): 2.645
[Build] Inserted 10700/128000 points, avg insert time (ms): 1.673
[Build] Inserted 10800/128000 points, avg insert time (ms): 3.246
[Build] Inserted 10900/128000 points, avg insert time (ms): 2.283
[Build] Inserted 11000/128000 points, avg insert time (ms): 4.526
[Build] Inserted 11100/128000 points, avg insert time (ms): 3.214
[Build] Inserted 11200/128000 points, avg insert time (ms): 0.883
[Build] Inserted 11300/128000 points, avg insert time (ms): 0.775
[Build] Inserted 11400/128000 points, avg insert time (ms): 3.524
[Build] Inserted 11500/128000 points, avg insert time (ms): 3.086
[Build] Inserted 11600/128000 points, avg insert time (ms): 3.059
[Build] Inserted 11700/128000 points, avg insert time (ms): 2.357
[Build] Inserted 11800/128000 points, avg insert time (ms): 2.363
[Build] Inserted 11900/128000 points, avg insert time (ms): 5.215
[Build] Inserted 12000/128000 points, avg insert time (ms): 1.835
[Build] Inserted 12100/128000 points, avg insert time (ms): 2.686
[Build] Inserted 12200/128000 points, avg insert time (ms): 3.428
[Build] Inserted 12300/128000 points, avg insert time (ms): 1.833
[Build] Inserted 12400/128000 points, avg insert time (ms): 3.957
[Build] Inserted 12500/128000 points, avg insert time (ms): 2.539
[Build] Inserted 12600/128000 points, avg insert time (ms): 3.173
[Build] Inserted 12700/128000 points, avg insert time (ms): 2.372
[Build] Inserted 12800/128000 points, avg insert time (ms): 3.804
[Build] Inserted 12900/128000 points, avg insert time (ms): 1.827
[Build] Inserted 13000/128000 points, avg insert time (ms): 2.935
[Build] Inserted 13100/128000 points, avg insert time (ms): 1.648
[Build] Inserted 13200/128000 points, avg insert time (ms): 2.956
[Build] Inserted 13300/128000 points, avg insert time (ms): 2.816
[Build] Inserted 13400/128000 points, avg insert time (ms): 3.150
[Build] Inserted 13500/128000 points, avg insert time (ms): 2.804
[Build] Inserted 13600/128000 points, avg insert time (ms): 1.765
[Build] Inserted 13700/128000 points, avg insert time (ms): 0.612
[Build] Inserted 13800/128000 points, avg insert time (ms): 2.844
[Build] Inserted 13900/128000 points, avg insert time (ms): 1.843
[Build] Inserted 14000/128000 points, avg insert time (ms): 3.691
[Build] Inserted 14100/128000 points, avg insert time (ms): 2.614
[Build] Inserted 14200/128000 points, avg insert time (ms): 2.095
[Build] Inserted 14300/128000 points, avg insert time (ms): 1.851
[Build] Inserted 14400/128000 points, avg insert time (ms): 4.315
[Build] Inserted 14500/128000 points, avg insert time (ms): 2.682
[Build] Inserted 14600/128000 points, avg insert time (ms): 1.039
[Build] Inserted 14700/128000 points, avg insert time (ms): 3.691
[Build] Inserted 14800/128000 points, avg insert time (ms): 1.826
[Build] Inserted 14900/128000 points, avg insert time (ms): 2.110
[Build] Inserted 15000/128000 points, avg insert time (ms): 2.149
[Build] Inserted 15100/128000 points, avg insert time (ms): 2.409
[Build] Inserted 15200/128000 points, avg insert time (ms): 2.216
[Build] Inserted 15300/128000 points, avg insert time (ms): 4.781
[Build] Inserted 15400/128000 points, avg insert time (ms): 2.631
[Build] Inserted 15500/128000 points, avg insert time (ms): 2.353
[Build] Inserted 15600/128000 points, avg insert time (ms): 2.922
[Build] Inserted 15700/128000 points, avg insert time (ms): 1.856
[Build] Inserted 15800/128000 points, avg insert time (ms): 3.797
[Build] Inserted 15900/128000 points, avg insert time (ms): 2.631
[Build] Inserted 16000/128000 points, avg insert time (ms): 3.090
[Build] Inserted 16100/128000 points, avg insert time (ms): 0.528
[Build] Inserted 16200/128000 points, avg insert time (ms): 3.634
[Build] Inserted 16300/128000 points, avg insert time (ms): 1.801
[Build] Inserted 16400/128000 points, avg insert time (ms): 1.853
[Build] Inserted 16500/128000 points, avg insert time (ms): 2.640
[Build] Inserted 16600/128000 points, avg insert time (ms): 1.314
[Build] Inserted 16700/128000 points, avg insert time (ms): 2.647
[Build] Inserted 16800/128000 points, avg insert time (ms): 2.618
[Build] Inserted 16900/128000 points, avg insert time (ms): 3.580
[Build] Inserted 17000/128000 points, avg insert time (ms): 2.380
[Build] Inserted 17100/128000 points, avg insert time (ms): 1.838
[Build] Inserted 17200/128000 points, avg insert time (ms): 2.149
[Build] Inserted 17300/128000 points, avg insert time (ms): 3.448
[Build] Inserted 17400/128000 points, avg insert time (ms): 1.694
[Build] Inserted 17500/128000 points, avg insert time (ms): 3.301
[Build] Inserted 17600/128000 points, avg insert time (ms): 4.397
[Build] Inserted 17700/128000 points, avg insert time (ms): 3.662
[Build] Inserted 17800/128000 points, avg insert time (ms): 1.402
[Build] Inserted 17900/128000 points, avg insert time (ms): 2.630
[Build] Inserted 18000/128000 points, avg insert time (ms): 1.935
[Build] Inserted 18100/128000 points, avg insert time (ms): 2.135
[Build] Inserted 18200/128000 points, avg insert time (ms): 3.233
[Build] Inserted 18300/128000 points, avg insert time (ms): 1.136
[Build] Inserted 18400/128000 points, avg insert time (ms): 2.247
[Build] Inserted 18500/128000 points, avg insert time (ms): 0.840
[Build] Inserted 18600/128000 points, avg insert time (ms): 2.285
[Build] Inserted 18700/128000 points, avg insert time (ms): 1.303
[Build] Inserted 18800/128000 points, avg insert time (ms): 3.624
[Build] Inserted 18900/128000 points, avg insert time (ms): 2.603
[Build] Inserted 19000/128000 points, avg insert time (ms): 2.517
[Build] Inserted 19100/128000 points, avg insert time (ms): 4.203
[Build] Inserted 19200/128000 points, avg insert time (ms): 1.822
[Build] Inserted 19300/128000 points, avg insert time (ms): 1.052
[Build] Inserted 19400/128000 points, avg insert time (ms): 1.837
[Build] Inserted 19500/128000 points, avg insert time (ms): 2.358
[Build] Inserted 19600/128000 points, avg insert time (ms): 3.224
[Build] Inserted 19700/128000 points, avg insert time (ms): 1.848
[Build] Inserted 19800/128000 points, avg insert time (ms): 1.053
[Build] Inserted 19900/128000 points, avg insert time (ms): 2.777
[Build] Inserted 20000/128000 points, avg insert time (ms): 2.866
[Build] Inserted 20100/128000 points, avg insert time (ms): 4.707
[Build] Inserted 20200/128000 points, avg insert time (ms): 2.616
[Build] Inserted 20300/128000 points, avg insert time (ms): 2.707
[Build] Inserted 20400/128000 points, avg insert time (ms): 3.101
[Build] Inserted 20500/128000 points, avg insert time (ms): 2.326
[Build] Inserted 20600/128000 points, avg insert time (ms): 2.951
[Build] Inserted 20700/128000 points, avg insert time (ms): 2.128
[Build] Inserted 20800/128000 points, avg insert time (ms): 2.689
[Build] Inserted 20900/128000 points, avg insert time (ms): 1.907
[Build] Inserted 21000/128000 points, avg insert time (ms): 2.069
[Build] Inserted 21100/128000 points, avg insert time (ms): 4.018
[Build] Inserted 21200/128000 points, avg insert time (ms): 2.414
[Build] Inserted 21300/128000 points, avg insert time (ms): 1.916
[Build] Inserted 21400/128000 points, avg insert time (ms): 1.992
[Build] Inserted 21500/128000 points, avg insert time (ms): 2.105
[Build] Inserted 21600/128000 points, avg insert time (ms): 2.364
[Build] Inserted 21700/128000 points, avg insert time (ms): 1.611
[Build] Inserted 21800/128000 points, avg insert time (ms): 2.400
[Build] Inserted 21900/128000 points, avg insert time (ms): 1.353
[Build] Inserted 22000/128000 points, avg insert time (ms): 1.892
[Build] Inserted 22100/128000 points, avg insert time (ms): 2.246
[Build] Inserted 22200/128000 points, avg insert time (ms): 1.333
[Build] Inserted 22300/128000 points, avg insert time (ms): 3.414
[Build] Inserted 22400/128000 points, avg insert time (ms): 1.848
[Build] Inserted 22500/128000 points, avg insert time (ms): 2.062
[Build] Inserted 22600/128000 points, avg insert time (ms): -14.440
[Build] Inserted 22700/128000 points, avg insert time (ms): 1.569
[Build] Inserted 22800/128000 points, avg insert time (ms): 2.636
[Build] Inserted 22900/128000 points, avg insert time (ms): 2.317
[Build] Inserted 23000/128000 points, avg insert time (ms): 2.636
[Build] Inserted 23100/128000 points, avg insert time (ms): 2.765
[Build] Inserted 23200/128000 points, avg insert time (ms): 2.397
[Build] Inserted 23300/128000 points, avg insert time (ms): 4.193
[Build] Inserted 23400/128000 points, avg insert time (ms): 3.143
[Build] Inserted 23500/128000 points, avg insert time (ms): 3.087
[Build] Inserted 23600/128000 points, avg insert time (ms): 3.428
[Build] Inserted 23700/128000 points, avg insert time (ms): 5.067
[Build] Inserted 23800/128000 points, avg insert time (ms): 1.838
[Build] Inserted 23900/128000 points, avg insert time (ms): 2.402
[Build] Inserted 24000/128000 points, avg insert time (ms): 3.189
[Build] Inserted 24100/128000 points, avg insert time (ms): 2.676
[Build] Inserted 24200/128000 points, avg insert time (ms): 2.368
[Build] Inserted 24300/128000 points, avg insert time (ms): 1.198
[Build] Inserted 24400/128000 points, avg insert time (ms): 2.935
[Build] Inserted 24500/128000 points, avg insert time (ms): 3.326
[Build] Inserted 24600/128000 points, avg insert time (ms): 1.542
[Build] Inserted 24700/128000 points, avg insert time (ms): 3.284
[Build] Inserted 24800/128000 points, avg insert time (ms): 2.070
[Build] Inserted 24900/128000 points, avg insert time (ms): 2.072
[Build] Inserted 25000/128000 points, avg insert time (ms): 1.364
[Build] Inserted 25100/128000 points, avg insert time (ms): 3.037
[Build] Inserted 25200/128000 points, avg insert time (ms): 2.920
[Build] Inserted 25300/128000 points, avg insert time (ms): 1.371
[Build] Inserted 25400/128000 points, avg insert time (ms): 2.344
[Build] Inserted 25500/128000 points, avg insert time (ms): 1.825
[Build] Inserted 25600/128000 points, avg insert time (ms): 1.063
[Build] Inserted 25700/128000 points, avg insert time (ms): 2.976
[Build] Inserted 25800/128000 points, avg insert time (ms): 3.833
[Build] Inserted 25900/128000 points, avg insert time (ms): 1.305
[Build] Inserted 26000/128000 points, avg insert time (ms): 1.633
[Build] Inserted 26100/128000 points, avg insert time (ms): 2.826
[Build] Inserted 26200/128000 points, avg insert time (ms): 2.642
[Build] Inserted 26300/128000 points, avg insert time (ms): 2.418
[Build] Inserted 26400/128000 points, avg insert time (ms): 1.305
[Build] Inserted 26500/128000 points, avg insert time (ms): 2.620
[Build] Inserted 26600/128000 points, avg insert time (ms): 2.197
[Build] Inserted 26700/128000 points, avg insert time (ms): 1.625
[Build] Inserted 26800/128000 points, avg insert time (ms): 3.037
[Build] Inserted 26900/128000 points, avg insert time (ms): 2.624
[Build] Inserted 27000/128000 points, avg insert time (ms): 2.195
[Build] Inserted 27100/128000 points, avg insert time (ms): 3.930
[Build] Inserted 27200/128000 points, avg insert time (ms): 1.007
[Build] Inserted 27300/128000 points, avg insert time (ms): 3.677
[Build] Inserted 27400/128000 points, avg insert time (ms): 2.327
[Build] Inserted 27500/128000 points, avg insert time (ms): 3.932
[Build] Inserted 27600/128000 points, avg insert time (ms): 3.679
[Build] Inserted 27700/128000 points, avg insert time (ms): 2.058
[Build] Inserted 27800/128000 points, avg insert time (ms): 2.536
[Build] Inserted 27900/128000 points, avg insert time (ms): 2.633
[Build] Inserted 28000/128000 points, avg insert time (ms): 1.041
[Build] Inserted 28100/128000 points, avg insert time (ms): 2.112
[Build] Inserted 28200/128000 points, avg insert time (ms): 0.264
[Build] Inserted 28300/128000 points, avg insert time (ms): 1.933
[Build] Inserted 28400/128000 points, avg insert time (ms): 2.102
[Build] Inserted 28500/128000 points, avg insert time (ms): 2.439
[Build] Inserted 28600/128000 points, avg insert time (ms): 2.667
[Build] Inserted 28700/128000 points, avg insert time (ms): 2.938
[Build] Inserted 28800/128000 points, avg insert time (ms): 1.374
[Build] Inserted 28900/128000 points, avg insert time (ms): 2.241
[Build] Inserted 29000/128000 points, avg insert time (ms): 2.268
[Build] Inserted 29100/128000 points, avg insert time (ms): 2.937
[Build] Inserted 29200/128000 points, avg insert time (ms): 1.847
[Build] Inserted 29300/128000 points, avg insert time (ms): 2.727
[Build] Inserted 29400/128000 points, avg insert time (ms): 3.718
[Build] Inserted 29500/128000 points, avg insert time (ms): 2.950
[Build] Inserted 29600/128000 points, avg insert time (ms): 1.863
[Build] Inserted 29700/128000 points, avg insert time (ms): 2.157
[Build] Inserted 29800/128000 points, avg insert time (ms): 3.166
[Build] Inserted 29900/128000 points, avg insert time (ms): 3.176
[Build] Inserted 30000/128000 points, avg insert time (ms): 1.319
[Build] Inserted 30100/128000 points, avg insert time (ms): 2.152
[Build] Inserted 30200/128000 points, avg insert time (ms): 2.963
[Build] Inserted 30300/128000 points, avg insert time (ms): 2.924
[Build] Inserted 30400/128000 points, avg insert time (ms): 1.878
[Build] Inserted 30500/128000 points, avg insert time (ms): 2.736
[Build] Inserted 30600/128000 points, avg insert time (ms): 3.176
[Build] Inserted 30700/128000 points, avg insert time (ms): 2.124
[Build] Inserted 30800/128000 points, avg insert time (ms): 1.912
[Build] Inserted 30900/128000 points, avg insert time (ms): 3.547
[Build] Inserted 31000/128000 points, avg insert time (ms): 4.317
[Build] Inserted 31100/128000 points, avg insert time (ms): 3.212
[Build] Inserted 31200/128000 points, avg insert time (ms): 3.248
[Build] Inserted 31300/128000 points, avg insert time (ms): 3.150
[Build] Inserted 31400/128000 points, avg insert time (ms): 4.375
[Build] Inserted 31500/128000 points, avg insert time (ms): 3.169
[Build] Inserted 31600/128000 points, avg insert time (ms): 1.576
[Build] Inserted 31700/128000 points, avg insert time (ms): 3.323
[Build] Inserted 31800/128000 points, avg insert time (ms): 1.892
[Build] Inserted 31900/128000 points, avg insert time (ms): 3.006
[Build] Inserted 32000/128000 points, avg insert time (ms): 1.873
[Build] Inserted 32100/128000 points, avg insert time (ms): 2.166
[Build] Inserted 32200/128000 points, avg insert time (ms): 2.442
[Build] Inserted 32300/128000 points, avg insert time (ms): 2.396
[Build] Inserted 32400/128000 points, avg insert time (ms): 2.172
[Build] Inserted 32500/128000 points, avg insert time (ms): 3.180
[Build] Inserted 32600/128000 points, avg insert time (ms): 2.681
[Build] Inserted 32700/128000 points, avg insert time (ms): 2.128
[Build] Inserted 32800/128000 points, avg insert time (ms): 4.504
[Build] Inserted 32900/128000 points, avg insert time (ms): 2.148
[Build] Inserted 33000/128000 points, avg insert time (ms): 2.112
[Build] Inserted 33100/128000 points, avg insert time (ms): 3.126
[Build] Inserted 33200/128000 points, avg insert time (ms): 2.693
[Build] Inserted 33300/128000 points, avg insert time (ms): 3.020
[Build] Inserted 33400/128000 points, avg insert time (ms): 2.987
[Build] Inserted 33500/128000 points, avg insert time (ms): 2.644
[Build] Inserted 33600/128000 points, avg insert time (ms): 1.085
[Build] Inserted 33700/128000 points, avg insert time (ms): 3.241
[Build] Inserted 33800/128000 points, avg insert time (ms): 3.136
[Build] Inserted 33900/128000 points, avg insert time (ms): 2.400
[Build] Inserted 34000/128000 points, avg insert time (ms): 3.270
[Build] Inserted 34100/128000 points, avg insert time (ms): 2.688
[Build] Inserted 34200/128000 points, avg insert time (ms): 2.151
[Build] Inserted 34300/128000 points, avg insert time (ms): 3.005
[Build] Inserted 34400/128000 points, avg insert time (ms): 3.261
[Build] Inserted 34500/128000 points, avg insert time (ms): 1.064
[Build] Inserted 34600/128000 points, avg insert time (ms): 3.778
[Build] Inserted 34700/128000 points, avg insert time (ms): 2.111
[Build] Inserted 34800/128000 points, avg insert time (ms): 2.940
[Build] Inserted 34900/128000 points, avg insert time (ms): 2.690
[Build] Inserted 35000/128000 points, avg insert time (ms): 1.623
[Build] Inserted 35100/128000 points, avg insert time (ms): 3.002
[Build] Inserted 35200/128000 points, avg insert time (ms): -13.619
[Build] Inserted 35300/128000 points, avg insert time (ms): 4.306
[Build] Inserted 35400/128000 points, avg insert time (ms): 3.221
[Build] Inserted 35500/128000 points, avg insert time (ms): 2.116
[Build] Inserted 35600/128000 points, avg insert time (ms): 2.606
[Build] Inserted 35700/128000 points, avg insert time (ms): 3.021
[Build] Inserted 35800/128000 points, avg insert time (ms): 3.393
[Build] Inserted 35900/128000 points, avg insert time (ms): 4.229
[Build] Inserted 36000/128000 points, avg insert time (ms): 2.724
[Build] Inserted 36100/128000 points, avg insert time (ms): 3.637
[Build] Inserted 36200/128000 points, avg insert time (ms): 1.869
[Build] Inserted 36300/128000 points, avg insert time (ms): 0.774
[Build] Inserted 36400/128000 points, avg insert time (ms): 2.855
[Build] Inserted 36500/128000 points, avg insert time (ms): 2.367
[Build] Inserted 36600/128000 points, avg insert time (ms): 2.378
[Build] Inserted 36700/128000 points, avg insert time (ms): 1.325
[Build] Inserted 36800/128000 points, avg insert time (ms): 3.788
[Build] Inserted 36900/128000 points, avg insert time (ms): 2.933
[Build] Inserted 37000/128000 points, avg insert time (ms): 3.797
[Build] Inserted 37100/128000 points, avg insert time (ms): 2.185
[Build] Inserted 37200/128000 points, avg insert time (ms): 3.166
[Build] Inserted 37300/128000 points, avg insert time (ms): 2.173
[Build] Inserted 37400/128000 points, avg insert time (ms): 4.708
[Build] Inserted 37500/128000 points, avg insert time (ms): 3.048
[Build] Inserted 37600/128000 points, avg insert time (ms): 5.084
[Build] Inserted 37700/128000 points, avg insert time (ms): 1.609
[Build] Inserted 37800/128000 points, avg insert time (ms): 1.386
[Build] Inserted 37900/128000 points, avg insert time (ms): 3.787
[Build] Inserted 38000/128000 points, avg insert time (ms): 4.412
[Build] Inserted 38100/128000 points, avg insert time (ms): 3.045
[Build] Inserted 38200/128000 points, avg insert time (ms): 3.449
[Build] Inserted 38300/128000 points, avg insert time (ms): 2.089
[Build] Inserted 38400/128000 points, avg insert time (ms): 1.852
[Build] Inserted 38500/128000 points, avg insert time (ms): 1.576
[Build] Inserted 38600/128000 points, avg insert time (ms): 1.302
[Build] Inserted 38700/128000 points, avg insert time (ms): 1.593
[Build] Inserted 38800/128000 points, avg insert time (ms): 4.367
[Build] Inserted 38900/128000 points, avg insert time (ms): 2.136
[Build] Inserted 39000/128000 points, avg insert time (ms): 1.054
[Build] Inserted 39100/128000 points, avg insert time (ms): 3.182
[Build] Inserted 39200/128000 points, avg insert time (ms): 2.716
[Build] Inserted 39300/128000 points, avg insert time (ms): 2.154
[Build] Inserted 39400/128000 points, avg insert time (ms): 2.423
[Build] Inserted 39500/128000 points, avg insert time (ms): 3.232
[Build] Inserted 39600/128000 points, avg insert time (ms): 0.763
[Build] Inserted 39700/128000 points, avg insert time (ms): 2.691
[Build] Inserted 39800/128000 points, avg insert time (ms): 1.833
[Build] Inserted 39900/128000 points, avg insert time (ms): 2.354
[Build] Inserted 40000/128000 points, avg insert time (ms): 4.241
[Build] Inserted 40100/128000 points, avg insert time (ms): 3.253
[Build] Inserted 40200/128000 points, avg insert time (ms): 1.938
[Build] Inserted 40300/128000 points, avg insert time (ms): 3.020
[Build] Inserted 40400/128000 points, avg insert time (ms): 2.679
[Build] Inserted 40500/128000 points, avg insert time (ms): 3.326
[Build] Inserted 40600/128000 points, avg insert time (ms): 2.666
[Build] Inserted 40700/128000 points, avg insert time (ms): 3.419
[Build] Inserted 40800/128000 points, avg insert time (ms): 3.042
[Build] Inserted 40900/128000 points, avg insert time (ms): 1.340
[Build] Inserted 41000/128000 points, avg insert time (ms): 1.615
[Build] Inserted 41100/128000 points, avg insert time (ms): 2.153
[Build] Inserted 41200/128000 points, avg insert time (ms): 4.049
[Build] Inserted 41300/128000 points, avg insert time (ms): 3.170
[Build] Inserted 41400/128000 points, avg insert time (ms): 1.881
[Build] Inserted 41500/128000 points, avg insert time (ms): 2.914
[Build] Inserted 41600/128000 points, avg insert time (ms): 1.343
[Build] Inserted 41700/128000 points, avg insert time (ms): 5.243
[Build] Inserted 41800/128000 points, avg insert time (ms): 2.416
[Build] Inserted 41900/128000 points, avg insert time (ms): 2.065
[Build] Inserted 42000/128000 points, avg insert time (ms): 2.068
[Build] Inserted 42100/128000 points, avg insert time (ms): 4.102
[Build] Inserted 42200/128000 points, avg insert time (ms): 2.385
[Build] Inserted 42300/128000 points, avg insert time (ms): 4.307
[Build] Inserted 42400/128000 points, avg insert time (ms): 1.285
[Build] Inserted 42500/128000 points, avg insert time (ms): 3.845
[Build] Inserted 42600/128000 points, avg insert time (ms): 3.337
[Build] Inserted 42700/128000 points, avg insert time (ms): 2.479
[Build] Inserted 42800/128000 points, avg insert time (ms): 2.410
[Build] Inserted 42900/128000 points, avg insert time (ms): 1.832
[Build] Inserted 43000/128000 points, avg insert time (ms): 2.951
[Build] Inserted 43100/128000 points, avg insert time (ms): 2.435
[Build] Inserted 43200/128000 points, avg insert time (ms): 2.845
[Build] Inserted 43300/128000 points, avg insert time (ms): 2.651
[Build] Inserted 43400/128000 points, avg insert time (ms): 3.224
[Build] Inserted 43500/128000 points, avg insert time (ms): 2.311
[Build] Inserted 43600/128000 points, avg insert time (ms): 1.831
[Build] Inserted 43700/128000 points, avg insert time (ms): 3.798
[Build] Inserted 43800/128000 points, avg insert time (ms): 3.269
[Build] Inserted 43900/128000 points, avg insert time (ms): 2.317
[Build] Inserted 44000/128000 points, avg insert time (ms): 3.217
[Build] Inserted 44100/128000 points, avg insert time (ms): 2.502
[Build] Inserted 44200/128000 points, avg insert time (ms): 2.926
[Build] Inserted 44300/128000 points, avg insert time (ms): 2.610
[Build] Inserted 44400/128000 points, avg insert time (ms): 2.667
[Build] Inserted 44500/128000 points, avg insert time (ms): 3.976
[Build] Inserted 44600/128000 points, avg insert time (ms): 1.993
[Build] Inserted 44700/128000 points, avg insert time (ms): 1.950
[Build] Inserted 44800/128000 points, avg insert time (ms): 2.886
[Build] Inserted 44900/128000 points, avg insert time (ms): 1.586
[Build] Inserted 45000/128000 points, avg insert time (ms): 2.612
[Build] Inserted 45100/128000 points, avg insert time (ms): 2.856
[Build] Inserted 45200/128000 points, avg insert time (ms): 1.300
[Build] Inserted 45300/128000 points, avg insert time (ms): 2.070
[Build] Inserted 45400/128000 points, avg insert time (ms): 2.674
[Build] Inserted 45500/128000 points, avg insert time (ms): 2.782
[Build] Inserted 45600/128000 points, avg insert time (ms): 1.526
[Build] Inserted 45700/128000 points, avg insert time (ms): 1.875
[Build] Inserted 45800/128000 points, avg insert time (ms): 3.458
[Build] Inserted 45900/128000 points, avg insert time (ms): 4.692
[Build] Inserted 46000/128000 points, avg insert time (ms): 2.925
[Build] Inserted 46100/128000 points, avg insert time (ms): 2.527
[Build] Inserted 46200/128000 points, avg insert time (ms): 1.891
[Build] Inserted 46300/128000 points, avg insert time (ms): 2.364
[Build] Inserted 46400/128000 points, avg insert time (ms): 2.464
[Build] Inserted 46500/128000 points, avg insert time (ms): 2.684
[Build] Inserted 46600/128000 points, avg insert time (ms): 3.056
[Build] Inserted 46700/128000 points, avg insert time (ms): 3.196
[Build] Inserted 46800/128000 points, avg insert time (ms): 1.642
[Build] Inserted 46900/128000 points, avg insert time (ms): 1.343
[Build] Inserted 47000/128000 points, avg insert time (ms): 2.219
[Build] Inserted 47100/128000 points, avg insert time (ms): 2.427
[Build] Inserted 47200/128000 points, avg insert time (ms): -12.321
[Build] Inserted 47300/128000 points, avg insert time (ms): 2.488
[Build] Inserted 47400/128000 points, avg insert time (ms): 1.121
[Build] Inserted 47500/128000 points, avg insert time (ms): 3.294
[Build] Inserted 47600/128000 points, avg insert time (ms): 1.599
[Build] Inserted 47700/128000 points, avg insert time (ms): 2.058
[Build] Inserted 47800/128000 points, avg insert time (ms): 2.374
[Build] Inserted 47900/128000 points, avg insert time (ms): 2.113
[Build] Inserted 48000/128000 points, avg insert time (ms): 3.028
[Build] Inserted 48100/128000 points, avg insert time (ms): 2.646
[Build] Inserted 48200/128000 points, avg insert time (ms): 1.885
[Build] Inserted 48300/128000 points, avg insert time (ms): 2.220
[Build] Inserted 48400/128000 points, avg insert time (ms): 2.183
[Build] Inserted 48500/128000 points, avg insert time (ms): 1.979
[Build] Inserted 48600/128000 points, avg insert time (ms): 2.357
[Build] Inserted 48700/128000 points, avg insert time (ms): 1.551
[Build] Inserted 48800/128000 points, avg insert time (ms): 2.144
[Build] Inserted 48900/128000 points, avg insert time (ms): 1.863
[Build] Inserted 49000/128000 points, avg insert time (ms): 2.948
[Build] Inserted 49100/128000 points, avg insert time (ms): 1.828
[Build] Inserted 49200/128000 points, avg insert time (ms): 2.119
[Build] Inserted 49300/128000 points, avg insert time (ms): 0.537
[Build] Inserted 49400/128000 points, avg insert time (ms): 3.164
[Build] Inserted 49500/128000 points, avg insert time (ms): 3.416
[Build] Inserted 49600/128000 points, avg insert time (ms): 1.872
[Build] Inserted 49700/128000 points, avg insert time (ms): 4.314
[Build] Inserted 49800/128000 points, avg insert time (ms): 2.161
[Build] Inserted 49900/128000 points, avg insert time (ms): 3.168
[Build] Inserted 50000/128000 points, avg insert time (ms): 1.866
[Build] Inserted 50100/128000 points, avg insert time (ms): 3.284
[Build] Inserted 50200/128000 points, avg insert time (ms): 1.899
[Build] Inserted 50300/128000 points, avg insert time (ms): 2.094
[Build] Inserted 50400/128000 points, avg insert time (ms): 2.706
[Build] Inserted 50500/128000 points, avg insert time (ms): 2.770
[Build] Inserted 50600/128000 points, avg insert time (ms): 2.899
[Build] Inserted 50700/128000 points, avg insert time (ms): 3.449
[Build] Inserted 50800/128000 points, avg insert time (ms): 3.481
[Build] Inserted 50900/128000 points, avg insert time (ms): 1.596
[Build] Inserted 51000/128000 points, avg insert time (ms): 1.840
[Build] Inserted 51100/128000 points, avg insert time (ms): 1.329
[Build] Inserted 51200/128000 points, avg insert time (ms): 3.235
[Build] Inserted 51300/128000 points, avg insert time (ms): 1.939
[Build] Inserted 51400/128000 points, avg insert time (ms): 1.326
[Build] Inserted 51500/128000 points, avg insert time (ms): 3.294
[Build] Inserted 51600/128000 points, avg insert time (ms): 1.612
[Build] Inserted 51700/128000 points, avg insert time (ms): 2.681
[Build] Inserted 51800/128000 points, avg insert time (ms): 2.177
[Build] Inserted 51900/128000 points, avg insert time (ms): 3.054
[Build] Inserted 52000/128000 points, avg insert time (ms): 5.157
[Build] Inserted 52100/128000 points, avg insert time (ms): 2.129
[Build] Inserted 52200/128000 points, avg insert time (ms): 3.852
[Build] Inserted 52300/128000 points, avg insert time (ms): 2.186
[Build] Inserted 52400/128000 points, avg insert time (ms): 2.922
[Build] Inserted 52500/128000 points, avg insert time (ms): 3.214
[Build] Inserted 52600/128000 points, avg insert time (ms): 2.439
[Build] Inserted 52700/128000 points, avg insert time (ms): 2.180
[Build] Inserted 52800/128000 points, avg insert time (ms): 3.216
[Build] Inserted 52900/128000 points, avg insert time (ms): 2.662
[Build] Inserted 53000/128000 points, avg insert time (ms): 4.093
[Build] Inserted 53100/128000 points, avg insert time (ms): 2.972
[Build] Inserted 53200/128000 points, avg insert time (ms): 2.140
[Build] Inserted 53300/128000 points, avg insert time (ms): 1.933
[Build] Inserted 53400/128000 points, avg insert time (ms): 2.708
[Build] Inserted 53500/128000 points, avg insert time (ms): 1.618
[Build] Inserted 53600/128000 points, avg insert time (ms): 1.845
[Build] Inserted 53700/128000 points, avg insert time (ms): 2.461
[Build] Inserted 53800/128000 points, avg insert time (ms): 1.349
[Build] Inserted 53900/128000 points, avg insert time (ms): 1.351
[Build] Inserted 54000/128000 points, avg insert time (ms): 2.096
[Build] Inserted 54100/128000 points, avg insert time (ms): 2.719
[Build] Inserted 54200/128000 points, avg insert time (ms): 3.470
[Build] Inserted 54300/128000 points, avg insert time (ms): 2.454
[Build] Inserted 54400/128000 points, avg insert time (ms): 2.532
[Build] Inserted 54500/128000 points, avg insert time (ms): 2.458
[Build] Inserted 54600/128000 points, avg insert time (ms): 1.604
[Build] Inserted 54700/128000 points, avg insert time (ms): 0.530
[Build] Inserted 54800/128000 points, avg insert time (ms): 1.359
[Build] Inserted 54900/128000 points, avg insert time (ms): 2.038
[Build] Inserted 55000/128000 points, avg insert time (ms): 2.979
[Build] Inserted 55100/128000 points, avg insert time (ms): 2.399
[Build] Inserted 55200/128000 points, avg insert time (ms): 2.161
[Build] Inserted 55300/128000 points, avg insert time (ms): 2.165
[Build] Inserted 55400/128000 points, avg insert time (ms): 2.142
[Build] Inserted 55500/128000 points, avg insert time (ms): 3.020
[Build] Inserted 55600/128000 points, avg insert time (ms): 1.097
[Build] Inserted 55700/128000 points, avg insert time (ms): 4.010
[Build] Inserted 55800/128000 points, avg insert time (ms): 2.747
[Build] Inserted 55900/128000 points, avg insert time (ms): 2.396
[Build] Inserted 56000/128000 points, avg insert time (ms): 1.350
[Build] Inserted 56100/128000 points, avg insert time (ms): 2.620
[Build] Inserted 56200/128000 points, avg insert time (ms): 1.600
[Build] Inserted 56300/128000 points, avg insert time (ms): 2.436
[Build] Inserted 56400/128000 points, avg insert time (ms): 2.424
[Build] Inserted 56500/128000 points, avg insert time (ms): 3.494
[Build] Inserted 56600/128000 points, avg insert time (ms): 2.420
[Build] Inserted 56700/128000 points, avg insert time (ms): 2.396
[Build] Inserted 56800/128000 points, avg insert time (ms): 2.712
[Build] Inserted 56900/128000 points, avg insert time (ms): 2.894
[Build] Inserted 57000/128000 points, avg insert time (ms): 2.397
[Build] Inserted 57100/128000 points, avg insert time (ms): 2.156
[Build] Inserted 57200/128000 points, avg insert time (ms): 2.487
[Build] Inserted 57300/128000 points, avg insert time (ms): 2.648
[Build] Inserted 57400/128000 points, avg insert time (ms): 3.020
[Build] Inserted 57500/128000 points, avg insert time (ms): 2.133
[Build] Inserted 57600/128000 points, avg insert time (ms): 3.448
[Build] Inserted 57700/128000 points, avg insert time (ms): 2.676
[Build] Inserted 57800/128000 points, avg insert time (ms): 3.696
[Build] Inserted 57900/128000 points, avg insert time (ms): 2.171
[Build] Inserted 58000/128000 points, avg insert time (ms): 1.321
[Build] Inserted 58100/128000 points, avg insert time (ms): 3.448
[Build] Inserted 58200/128000 points, avg insert time (ms): 3.136
[Build] Inserted 58300/128000 points, avg insert time (ms): 3.586
[Build] Inserted 58400/128000 points, avg insert time (ms): 4.264
[Build] Inserted 58500/128000 points, avg insert time (ms): 3.379
[Build] Inserted 58600/128000 points, avg insert time (ms): 1.815
[Build] Inserted 58700/128000 points, avg insert time (ms): 1.991
[Build] Inserted 58800/128000 points, avg insert time (ms): 2.343
[Build] Inserted 58900/128000 points, avg insert time (ms): 4.160
[Build] Inserted 59000/128000 points, avg insert time (ms): 3.488
[Build] Inserted 59100/128000 points, avg insert time (ms): 3.281
[Build] Inserted 59200/128000 points, avg insert time (ms): 1.888
[Build] Inserted 59300/128000 points, avg insert time (ms): 4.042
[Build] Inserted 59400/128000 points, avg insert time (ms): 2.152
[Build] Inserted 59500/128000 points, avg insert time (ms): 2.885
[Build] Inserted 59600/128000 points, avg insert time (ms): 0.797
[Build] Inserted 59700/128000 points, avg insert time (ms): 2.358
[Build] Inserted 59800/128000 points, avg insert time (ms): 3.675
[Build] Inserted 59900/128000 points, avg insert time (ms): 1.854
[Build] Inserted 60000/128000 points, avg insert time (ms): 0.263
[Build] Inserted 60100/128000 points, avg insert time (ms): -13.621
[Build] Inserted 60200/128000 points, avg insert time (ms): 2.142
[Build] Inserted 60300/128000 points, avg insert time (ms): 2.953
[Build] Inserted 60400/128000 points, avg insert time (ms): 2.895
[Build] Inserted 60500/128000 points, avg insert time (ms): 2.650
[Build] Inserted 60600/128000 points, avg insert time (ms): 2.599
[Build] Inserted 60700/128000 points, avg insert time (ms): 2.709
[Build] Inserted 60800/128000 points, avg insert time (ms): 2.125
[Build] Inserted 60900/128000 points, avg insert time (ms): 2.114
[Build] Inserted 61000/128000 points, avg insert time (ms): 2.883
[Build] Inserted 61100/128000 points, avg insert time (ms): 1.349
[Build] Inserted 61200/128000 points, avg insert time (ms): 2.679
[Build] Inserted 61300/128000 points, avg insert time (ms): 2.124
[Build] Inserted 61400/128000 points, avg insert time (ms): 4.389
[Build] Inserted 61500/128000 points, avg insert time (ms): 1.848
[Build] Inserted 61600/128000 points, avg insert time (ms): 1.048
[Build] Inserted 61700/128000 points, avg insert time (ms): 1.596
[Build] Inserted 61800/128000 points, avg insert time (ms): 2.746
[Build] Inserted 61900/128000 points, avg insert time (ms): 1.836
[Build] Inserted 62000/128000 points, avg insert time (ms): 3.204
[Build] Inserted 62100/128000 points, avg insert time (ms): 2.634
[Build] Inserted 62200/128000 points, avg insert time (ms): 2.604
[Build] Inserted 62300/128000 points, avg insert time (ms): 1.890
[Build] Inserted 62400/128000 points, avg insert time (ms): 3.115
[Build] Inserted 62500/128000 points, avg insert time (ms): 2.094
[Build] Inserted 62600/128000 points, avg insert time (ms): 3.985
[Build] Inserted 62700/128000 points, avg insert time (ms): 3.804
[Build] Inserted 62800/128000 points, avg insert time (ms): 2.648
[Build] Inserted 62900/128000 points, avg insert time (ms): 1.811
[Build] Inserted 63000/128000 points, avg insert time (ms): 3.332
[Build] Inserted 63100/128000 points, avg insert time (ms): 2.907
[Build] Inserted 63200/128000 points, avg insert time (ms): 1.869
[Build] Inserted 63300/128000 points, avg insert time (ms): 3.109
[Build] Inserted 63400/128000 points, avg insert time (ms): 2.635
[Build] Inserted 63500/128000 points, avg insert time (ms): 1.089
[Build] Inserted 63600/128000 points, avg insert time (ms): 2.890
[Build] Inserted 63700/128000 points, avg insert time (ms): 5.263
[Build] Inserted 63800/128000 points, avg insert time (ms): 2.755
[Build] Inserted 63900/128000 points, avg insert time (ms): 1.635
[Build] Inserted 64000/128000 points, avg insert time (ms): 2.655
[Build] Inserted 64100/128000 points, avg insert time (ms): 2.107
[Build] Inserted 64200/128000 points, avg insert time (ms): 2.867
[Build] Inserted 64300/128000 points, avg insert time (ms): 2.427
[Build] Inserted 64400/128000 points, avg insert time (ms): 1.580
[Build] Inserted 64500/128000 points, avg insert time (ms): 3.497
[Build] Inserted 64600/128000 points, avg insert time (ms): 2.037
[Build] Inserted 64700/128000 points, avg insert time (ms): 3.092
[Build] Inserted 64800/128000 points, avg insert time (ms): 3.988
[Build] Inserted 64900/128000 points, avg insert time (ms): 4.023
[Build] Inserted 65000/128000 points, avg insert time (ms): 2.233
[Build] Inserted 65100/128000 points, avg insert time (ms): 2.788
[Build] Inserted 65200/128000 points, avg insert time (ms): 2.663
[Build] Inserted 65300/128000 points, avg insert time (ms): 1.943
[Build] Inserted 65400/128000 points, avg insert time (ms): 2.526
[Build] Inserted 65500/128000 points, avg insert time (ms): 3.951
[Build] Inserted 65600/128000 points, avg insert time (ms): 2.690
[Build] Inserted 65700/128000 points, avg insert time (ms): 3.333
[Build] Inserted 65800/128000 points, avg insert time (ms): 1.811
[Build] Inserted 65900/128000 points, avg insert time (ms): 3.484
[Build] Inserted 66000/128000 points, avg insert time (ms): 1.858
[Build] Inserted 66100/128000 points, avg insert time (ms): 3.183
[Build] Inserted 66200/128000 points, avg insert time (ms): 2.843
[Build] Inserted 66300/128000 points, avg insert time (ms): 3.194
[Build] Inserted 66400/128000 points, avg insert time (ms): 2.356
[Build] Inserted 66500/128000 points, avg insert time (ms): 4.201
[Build] Inserted 66600/128000 points, avg insert time (ms): 1.326
[Build] Inserted 66700/128000 points, avg insert time (ms): 2.106
[Build] Inserted 66800/128000 points, avg insert time (ms): 1.649
[Build] Inserted 66900/128000 points, avg insert time (ms): 3.178
[Build] Inserted 67000/128000 points, avg insert time (ms): 2.363
[Build] Inserted 67100/128000 points, avg insert time (ms): 4.915
[Build] Inserted 67200/128000 points, avg insert time (ms): 2.893
[Build] Inserted 67300/128000 points, avg insert time (ms): 3.124
[Build] Inserted 67400/128000 points, avg insert time (ms): 3.622
[Build] Inserted 67500/128000 points, avg insert time (ms): 3.004
[Build] Inserted 67600/128000 points, avg insert time (ms): 4.289
[Build] Inserted 67700/128000 points, avg insert time (ms): 2.127
[Build] Inserted 67800/128000 points, avg insert time (ms): 1.598
[Build] Inserted 67900/128000 points, avg insert time (ms): 2.754
[Build] Inserted 68000/128000 points, avg insert time (ms): 4.448
[Build] Inserted 68100/128000 points, avg insert time (ms): 2.688
[Build] Inserted 68200/128000 points, avg insert time (ms): 3.503
[Build] Inserted 68300/128000 points, avg insert time (ms): 1.729
[Build] Inserted 68400/128000 points, avg insert time (ms): 1.450
[Build] Inserted 68500/128000 points, avg insert time (ms): 3.369
[Build] Inserted 68600/128000 points, avg insert time (ms): 1.549
[Build] Inserted 68700/128000 points, avg insert time (ms): 2.154
[Build] Inserted 68800/128000 points, avg insert time (ms): 3.821
[Build] Inserted 68900/128000 points, avg insert time (ms): 2.865
[Build] Inserted 69000/128000 points, avg insert time (ms): 0.791
[Build] Inserted 69100/128000 points, avg insert time (ms): 2.136
[Build] Inserted 69200/128000 points, avg insert time (ms): 2.350
[Build] Inserted 69300/128000 points, avg insert time (ms): 2.120
[Build] Inserted 69400/128000 points, avg insert time (ms): 2.453
[Build] Inserted 69500/128000 points, avg insert time (ms): 1.551
[Build] Inserted 69600/128000 points, avg insert time (ms): 2.614
[Build] Inserted 69700/128000 points, avg insert time (ms): 1.639
[Build] Inserted 69800/128000 points, avg insert time (ms): 3.699
[Build] Inserted 69900/128000 points, avg insert time (ms): 3.770
[Build] Inserted 70000/128000 points, avg insert time (ms): 2.137
[Build] Inserted 70100/128000 points, avg insert time (ms): 3.069
[Build] Inserted 70200/128000 points, avg insert time (ms): 2.391
[Build] Inserted 70300/128000 points, avg insert time (ms): 2.392
[Build] Inserted 70400/128000 points, avg insert time (ms): 2.089
[Build] Inserted 70500/128000 points, avg insert time (ms): 2.524
[Build] Inserted 70600/128000 points, avg insert time (ms): 2.639
[Build] Inserted 70700/128000 points, avg insert time (ms): 3.284
[Build] Inserted 70800/128000 points, avg insert time (ms): 3.117
[Build] Inserted 70900/128000 points, avg insert time (ms): 3.183
[Build] Inserted 71000/128000 points, avg insert time (ms): 3.700
[Build] Inserted 71100/128000 points, avg insert time (ms): 1.980
[Build] Inserted 71200/128000 points, avg insert time (ms): 2.894
[Build] Inserted 71300/128000 points, avg insert time (ms): 4.492
[Build] Inserted 71400/128000 points, avg insert time (ms): 3.177
[Build] Inserted 71500/128000 points, avg insert time (ms): 3.231
[Build] Inserted 71600/128000 points, avg insert time (ms): 3.518
[Build] Inserted 71700/128000 points, avg insert time (ms): 4.324
[Build] Inserted 71800/128000 points, avg insert time (ms): 1.873
[Build] Inserted 71900/128000 points, avg insert time (ms): -12.580
[Build] Inserted 72000/128000 points, avg insert time (ms): 3.607
[Build] Inserted 72100/128000 points, avg insert time (ms): 1.356
[Build] Inserted 72200/128000 points, avg insert time (ms): 4.794
[Build] Inserted 72300/128000 points, avg insert time (ms): 4.135
[Build] Inserted 72400/128000 points, avg insert time (ms): 1.893
[Build] Inserted 72500/128000 points, avg insert time (ms): 3.904
[Build] Inserted 72600/128000 points, avg insert time (ms): 2.443
[Build] Inserted 72700/128000 points, avg insert time (ms): 1.620
[Build] Inserted 72800/128000 points, avg insert time (ms): 2.166
[Build] Inserted 72900/128000 points, avg insert time (ms): 2.706
[Build] Inserted 73000/128000 points, avg insert time (ms): 2.226
[Build] Inserted 73100/128000 points, avg insert time (ms): 1.152
[Build] Inserted 73200/128000 points, avg insert time (ms): 2.229
[Build] Inserted 73300/128000 points, avg insert time (ms): 2.632
[Build] Inserted 73400/128000 points, avg insert time (ms): 3.097
[Build] Inserted 73500/128000 points, avg insert time (ms): 2.728
[Build] Inserted 73600/128000 points, avg insert time (ms): 3.003
[Build] Inserted 73700/128000 points, avg insert time (ms): 0.813
[Build] Inserted 73800/128000 points, avg insert time (ms): 2.689
[Build] Inserted 73900/128000 points, avg insert time (ms): 2.736
[Build] Inserted 74000/128000 points, avg insert time (ms): 2.663
[Build] Inserted 74100/128000 points, avg insert time (ms): 1.351
[Build] Inserted 74200/128000 points, avg insert time (ms): 3.370
[Build] Inserted 74300/128000 points, avg insert time (ms): 2.919
[Build] Inserted 74400/128000 points, avg insert time (ms): 1.887
[Build] Inserted 74500/128000 points, avg insert time (ms): 3.719
[Build] Inserted 74600/128000 points, avg insert time (ms): 2.137
[Build] Inserted 74700/128000 points, avg insert time (ms): 4.608
[Build] Inserted 74800/128000 points, avg insert time (ms): 1.597
[Build] Inserted 74900/128000 points, avg insert time (ms): 3.244
[Build] Inserted 75000/128000 points, avg insert time (ms): 1.826
[Build] Inserted 75100/128000 points, avg insert time (ms): 1.818
[Build] Inserted 75200/128000 points, avg insert time (ms): 1.933
[Build] Inserted 75300/128000 points, avg insert time (ms): 3.443
[Build] Inserted 75400/128000 points, avg insert time (ms): 1.032
[Build] Inserted 75500/128000 points, avg insert time (ms): 2.400
[Build] Inserted 75600/128000 points, avg insert time (ms): 3.167
[Build] Inserted 75700/128000 points, avg insert time (ms): 2.865
[Build] Inserted 75800/128000 points, avg insert time (ms): 2.697
[Build] Inserted 75900/128000 points, avg insert time (ms): 3.735
[Build] Inserted 76000/128000 points, avg insert time (ms): 1.804
[Build] Inserted 76100/128000 points, avg insert time (ms): 1.812
[Build] Inserted 76200/128000 points, avg insert time (ms): 1.566
[Build] Inserted 76300/128000 points, avg insert time (ms): 3.520
[Build] Inserted 76400/128000 points, avg insert time (ms): 3.440
[Build] Inserted 76500/128000 points, avg insert time (ms): 3.287
[Build] Inserted 76600/128000 points, avg insert time (ms): 2.961
[Build] Inserted 76700/128000 points, avg insert time (ms): 5.041
[Build] Inserted 76800/128000 points, avg insert time (ms): 2.388
[Build] Inserted 76900/128000 points, avg insert time (ms): 4.425
[Build] Inserted 77000/128000 points, avg insert time (ms): 2.878
[Build] Inserted 77100/128000 points, avg insert time (ms): 1.374
[Build] Inserted 77200/128000 points, avg insert time (ms): 1.080
[Build] Inserted 77300/128000 points, avg insert time (ms): 1.904
[Build] Inserted 77400/128000 points, avg insert time (ms): 1.891
[Build] Inserted 77500/128000 points, avg insert time (ms): 1.662
[Build] Inserted 77600/128000 points, avg insert time (ms): 2.773
[Build] Inserted 77700/128000 points, avg insert time (ms): 1.355
[Build] Inserted 77800/128000 points, avg insert time (ms): 2.963
[Build] Inserted 77900/128000 points, avg insert time (ms): 1.636
[Build] Inserted 78000/128000 points, avg insert time (ms): 2.944
[Build] Inserted 78100/128000 points, avg insert time (ms): 2.481
[Build] Inserted 78200/128000 points, avg insert time (ms): 1.627
[Build] Inserted 78300/128000 points, avg insert time (ms): 2.434
[Build] Inserted 78400/128000 points, avg insert time (ms): 1.453
[Build] Inserted 78500/128000 points, avg insert time (ms): 1.502
[Build] Inserted 78600/128000 points, avg insert time (ms): 4.149
[Build] Inserted 78700/128000 points, avg insert time (ms): 2.166
[Build] Inserted 78800/128000 points, avg insert time (ms): 3.004
[Build] Inserted 78900/128000 points, avg insert time (ms): 3.803
[Build] Inserted 79000/128000 points, avg insert time (ms): 2.467
[Build] Inserted 79100/128000 points, avg insert time (ms): 1.806
[Build] Inserted 79200/128000 points, avg insert time (ms): 0.782
[Build] Inserted 79300/128000 points, avg insert time (ms): 2.937
[Build] Inserted 79400/128000 points, avg insert time (ms): 2.327
[Build] Inserted 79500/128000 points, avg insert time (ms): 1.593
[Build] Inserted 79600/128000 points, avg insert time (ms): 3.729
[Build] Inserted 79700/128000 points, avg insert time (ms): 3.735
[Build] Inserted 79800/128000 points, avg insert time (ms): 3.215
[Build] Inserted 79900/128000 points, avg insert time (ms): 2.448
[Build] Inserted 80000/128000 points, avg insert time (ms): 3.309
[Build] Inserted 80100/128000 points, avg insert time (ms): 2.683
[Build] Inserted 80200/128000 points, avg insert time (ms): 3.028
[Build] Inserted 80300/128000 points, avg insert time (ms): 2.820
[Build] Inserted 80400/128000 points, avg insert time (ms): 2.519
[Build] Inserted 80500/128000 points, avg insert time (ms): 3.764
[Build] Inserted 80600/128000 points, avg insert time (ms): 1.576
[Build] Inserted 80700/128000 points, avg insert time (ms): 0.810
[Build] Inserted 80800/128000 points, avg insert time (ms): 1.848
[Build] Inserted 80900/128000 points, avg insert time (ms): 3.384
[Build] Inserted 81000/128000 points, avg insert time (ms): 2.485
[Build] Inserted 81100/128000 points, avg insert time (ms): 3.438
[Build] Inserted 81200/128000 points, avg insert time (ms): 1.387
[Build] Inserted 81300/128000 points, avg insert time (ms): 1.343
[Build] Inserted 81400/128000 points, avg insert time (ms): 2.620
[Build] Inserted 81500/128000 points, avg insert time (ms): 3.045
[Build] Inserted 81600/128000 points, avg insert time (ms): 2.970
[Build] Inserted 81700/128000 points, avg insert time (ms): 3.040
[Build] Inserted 81800/128000 points, avg insert time (ms): 1.343
[Build] Inserted 81900/128000 points, avg insert time (ms): 2.111
[Build] Inserted 82000/128000 points, avg insert time (ms): 2.962
[Build] Inserted 82100/128000 points, avg insert time (ms): 1.098
[Build] Inserted 82200/128000 points, avg insert time (ms): 2.942
[Build] Inserted 82300/128000 points, avg insert time (ms): 3.249
[Build] Inserted 82400/128000 points, avg insert time (ms): 2.834
[Build] Inserted 82500/128000 points, avg insert time (ms): 2.418
[Build] Inserted 82600/128000 points, avg insert time (ms): 2.462
[Build] Inserted 82700/128000 points, avg insert time (ms): 0.834
[Build] Inserted 82800/128000 points, avg insert time (ms): 2.493
[Build] Inserted 82900/128000 points, avg insert time (ms): 4.213
[Build] Inserted 83000/128000 points, avg insert time (ms): 2.958
[Build] Inserted 83100/128000 points, avg insert time (ms): 2.675
[Build] Inserted 83200/128000 points, avg insert time (ms): 1.859
[Build] Inserted 83300/128000 points, avg insert time (ms): 1.851
[Build] Inserted 83400/128000 points, avg insert time (ms): 2.446
[Build] Inserted 83500/128000 points, avg insert time (ms): 2.694
[Build] Inserted 83600/128000 points, avg insert time (ms): 3.122
[Build] Inserted 83700/128000 points, avg insert time (ms): 2.982
[Build] Inserted 83800/128000 points, avg insert time (ms): 2.405
[Build] Inserted 83900/128000 points, avg insert time (ms): 2.478
[Build] Inserted 84000/128000 points, avg insert time (ms): 3.792
[Build] Inserted 84100/128000 points, avg insert time (ms): 2.108
[Build] Inserted 84200/128000 points, avg insert time (ms): 1.864
[Build] Inserted 84300/128000 points, avg insert time (ms): 2.315
[Build] Inserted 84400/128000 points, avg insert time (ms): 3.948
[Build] Inserted 84500/128000 points, avg insert time (ms): -12.883
[Build] Inserted 84600/128000 points, avg insert time (ms): 3.928
[Build] Inserted 84700/128000 points, avg insert time (ms): 3.186
[Build] Inserted 84800/128000 points, avg insert time (ms): 2.341
[Build] Inserted 84900/128000 points, avg insert time (ms): 1.296
[Build] Inserted 85000/128000 points, avg insert time (ms): 2.393
[Build] Inserted 85100/128000 points, avg insert time (ms): 2.433
[Build] Inserted 85200/128000 points, avg insert time (ms): 1.932
[Build] Inserted 85300/128000 points, avg insert time (ms): 2.396
[Build] Inserted 85400/128000 points, avg insert time (ms): 2.372
[Build] Inserted 85500/128000 points, avg insert time (ms): 1.580
[Build] Inserted 85600/128000 points, avg insert time (ms): 3.684
[Build] Inserted 85700/128000 points, avg insert time (ms): 2.323
[Build] Inserted 85800/128000 points, avg insert time (ms): 1.635
[Build] Inserted 85900/128000 points, avg insert time (ms): 2.625
[Build] Inserted 86000/128000 points, avg insert time (ms): 2.145
[Build] Inserted 86100/128000 points, avg insert time (ms): 1.011
[Build] Inserted 86200/128000 points, avg insert time (ms): 3.160
[Build] Inserted 86300/128000 points, avg insert time (ms): 3.521
[Build] Inserted 86400/128000 points, avg insert time (ms): 2.132
[Build] Inserted 86500/128000 points, avg insert time (ms): 3.209
[Build] Inserted 86600/128000 points, avg insert time (ms): 2.436
[Build] Inserted 86700/128000 points, avg insert time (ms): 1.112
[Build] Inserted 86800/128000 points, avg insert time (ms): 2.137
[Build] Inserted 86900/128000 points, avg insert time (ms): 2.188
[Build] Inserted 87000/128000 points, avg insert time (ms): 3.333
[Build] Inserted 87100/128000 points, avg insert time (ms): 1.342
[Build] Inserted 87200/128000 points, avg insert time (ms): 2.525
[Build] Inserted 87300/128000 points, avg insert time (ms): 2.237
[Build] Inserted 87400/128000 points, avg insert time (ms): 1.892
[Build] Inserted 87500/128000 points, avg insert time (ms): 1.317
[Build] Inserted 87600/128000 points, avg insert time (ms): 1.563
[Build] Inserted 87700/128000 points, avg insert time (ms): 1.933
[Build] Inserted 87800/128000 points, avg insert time (ms): 2.919
[Build] Inserted 87900/128000 points, avg insert time (ms): 2.361
[Build] Inserted 88000/128000 points, avg insert time (ms): 3.988
[Build] Inserted 88100/128000 points, avg insert time (ms): 2.735
[Build] Inserted 88200/128000 points, avg insert time (ms): 2.283
[Build] Inserted 88300/128000 points, avg insert time (ms): 2.620
[Build] Inserted 88400/128000 points, avg insert time (ms): 2.316
[Build] Inserted 88500/128000 points, avg insert time (ms): 2.087
[Build] Inserted 88600/128000 points, avg insert time (ms): 2.834
[Build] Inserted 88700/128000 points, avg insert time (ms): 2.881
[Build] Inserted 88800/128000 points, avg insert time (ms): 3.352
[Build] Inserted 88900/128000 points, avg insert time (ms): 3.570
[Build] Inserted 89000/128000 points, avg insert time (ms): 3.251
[Build] Inserted 89100/128000 points, avg insert time (ms): 3.029
[Build] Inserted 89200/128000 points, avg insert time (ms): 2.439
[Build] Inserted 89300/128000 points, avg insert time (ms): 2.794
[Build] Inserted 89400/128000 points, avg insert time (ms): 2.482
[Build] Inserted 89500/128000 points, avg insert time (ms): 2.422
[Build] Inserted 89600/128000 points, avg insert time (ms): 2.130
[Build] Inserted 89700/128000 points, avg insert time (ms): 3.431
[Build] Inserted 89800/128000 points, avg insert time (ms): 1.873
[Build] Inserted 89900/128000 points, avg insert time (ms): 3.541
[Build] Inserted 90000/128000 points, avg insert time (ms): 0.556
[Build] Inserted 90100/128000 points, avg insert time (ms): 3.380
[Build] Inserted 90200/128000 points, avg insert time (ms): 3.936
[Build] Inserted 90300/128000 points, avg insert time (ms): 4.004
[Build] Inserted 90400/128000 points, avg insert time (ms): 2.417
[Build] Inserted 90500/128000 points, avg insert time (ms): 1.373
[Build] Inserted 90600/128000 points, avg insert time (ms): 2.710
[Build] Inserted 90700/128000 points, avg insert time (ms): 3.334
[Build] Inserted 90800/128000 points, avg insert time (ms): 2.802
[Build] Inserted 90900/128000 points, avg insert time (ms): 1.914
[Build] Inserted 91000/128000 points, avg insert time (ms): 3.217
[Build] Inserted 91100/128000 points, avg insert time (ms): 2.460
[Build] Inserted 91200/128000 points, avg insert time (ms): 2.428
[Build] Inserted 91300/128000 points, avg insert time (ms): 3.985
[Build] Inserted 91400/128000 points, avg insert time (ms): 3.953
[Build] Inserted 91500/128000 points, avg insert time (ms): 2.977
[Build] Inserted 91600/128000 points, avg insert time (ms): 2.732
[Build] Inserted 91700/128000 points, avg insert time (ms): 2.517
[Build] Inserted 91800/128000 points, avg insert time (ms): 5.121
[Build] Inserted 91900/128000 points, avg insert time (ms): 1.379
[Build] Inserted 92000/128000 points, avg insert time (ms): 3.952
[Build] Inserted 92100/128000 points, avg insert time (ms): 3.742
[Build] Inserted 92200/128000 points, avg insert time (ms): 2.178
[Build] Inserted 92300/128000 points, avg insert time (ms): 2.468
[Build] Inserted 92400/128000 points, avg insert time (ms): 0.829
[Build] Inserted 92500/128000 points, avg insert time (ms): 2.656
[Build] Inserted 92600/128000 points, avg insert time (ms): 1.643
[Build] Inserted 92700/128000 points, avg insert time (ms): 3.523
[Build] Inserted 92800/128000 points, avg insert time (ms): 2.937
[Build] Inserted 92900/128000 points, avg insert time (ms): 1.909
[Build] Inserted 93000/128000 points, avg insert time (ms): 1.925
[Build] Inserted 93100/128000 points, avg insert time (ms): 3.665
[Build] Inserted 93200/128000 points, avg insert time (ms): 2.694
[Build] Inserted 93300/128000 points, avg insert time (ms): 1.845
[Build] Inserted 93400/128000 points, avg insert time (ms): 1.899
[Build] Inserted 93500/128000 points, avg insert time (ms): 2.099
[Build] Inserted 93600/128000 points, avg insert time (ms): 0.808
[Build] Inserted 93700/128000 points, avg insert time (ms): 3.258
[Build] Inserted 93800/128000 points, avg insert time (ms): 2.740
[Build] Inserted 93900/128000 points, avg insert time (ms): 2.467
[Build] Inserted 94000/128000 points, avg insert time (ms): 2.976
[Build] Inserted 94100/128000 points, avg insert time (ms): 2.430
[Build] Inserted 94200/128000 points, avg insert time (ms): 6.266
[Build] Inserted 94300/128000 points, avg insert time (ms): 2.444
[Build] Inserted 94400/128000 points, avg insert time (ms): 3.127
[Build] Inserted 94500/128000 points, avg insert time (ms): 3.120
[Build] Inserted 94600/128000 points, avg insert time (ms): 1.643
[Build] Inserted 94700/128000 points, avg insert time (ms): 4.872
[Build] Inserted 94800/128000 points, avg insert time (ms): 2.325
[Build] Inserted 94900/128000 points, avg insert time (ms): 2.975
[Build] Inserted 95000/128000 points, avg insert time (ms): 3.442
[Build] Inserted 95100/128000 points, avg insert time (ms): 3.495
[Build] Inserted 95200/128000 points, avg insert time (ms): 2.677
[Build] Inserted 95300/128000 points, avg insert time (ms): 2.400
[Build] Inserted 95400/128000 points, avg insert time (ms): 2.641
[Build] Inserted 95500/128000 points, avg insert time (ms): 2.916
[Build] Inserted 95600/128000 points, avg insert time (ms): 2.165
[Build] Inserted 95700/128000 points, avg insert time (ms): 4.517
[Build] Inserted 95800/128000 points, avg insert time (ms): 3.577
[Build] Inserted 95900/128000 points, avg insert time (ms): 1.050
[Build] Inserted 96000/128000 points, avg insert time (ms): 1.916
[Build] Inserted 96100/128000 points, avg insert time (ms): 1.821
[Build] Inserted 96200/128000 points, avg insert time (ms): 2.925
[Build] Inserted 96300/128000 points, avg insert time (ms): 4.902
[Build] Inserted 96400/128000 points, avg insert time (ms): 2.160
[Build] Inserted 96500/128000 points, avg insert time (ms): 2.394
[Build] Inserted 96600/128000 points, avg insert time (ms): 2.405
[Build] Inserted 96700/128000 points, avg insert time (ms): -12.766
[Build] Inserted 96800/128000 points, avg insert time (ms): 2.822
[Build] Inserted 96900/128000 points, avg insert time (ms): 1.122
[Build] Inserted 97000/128000 points, avg insert time (ms): 2.387
[Build] Inserted 97100/128000 points, avg insert time (ms): 1.621
[Build] Inserted 97200/128000 points, avg insert time (ms): 3.569
[Build] Inserted 97300/128000 points, avg insert time (ms): 3.037
[Build] Inserted 97400/128000 points, avg insert time (ms): 2.648
[Build] Inserted 97500/128000 points, avg insert time (ms): 0.776
[Build] Inserted 97600/128000 points, avg insert time (ms): 2.976
[Build] Inserted 97700/128000 points, avg insert time (ms): 1.802
[Build] Inserted 97800/128000 points, avg insert time (ms): 2.626
[Build] Inserted 97900/128000 points, avg insert time (ms): 1.884
[Build] Inserted 98000/128000 points, avg insert time (ms): 3.754
[Build] Inserted 98100/128000 points, avg insert time (ms): 3.054
[Build] Inserted 98200/128000 points, avg insert time (ms): 2.689
[Build] Inserted 98300/128000 points, avg insert time (ms): 1.598
[Build] Inserted 98400/128000 points, avg insert time (ms): 1.363
[Build] Inserted 98500/128000 points, avg insert time (ms): 3.240
[Build] Inserted 98600/128000 points, avg insert time (ms): 3.055
[Build] Inserted 98700/128000 points, avg insert time (ms): 2.125
[Build] Inserted 98800/128000 points, avg insert time (ms): 1.329
[Build] Inserted 98900/128000 points, avg insert time (ms): 3.700
[Build] Inserted 99000/128000 points, avg insert time (ms): 1.332
[Build] Inserted 99100/128000 points, avg insert time (ms): 3.467
[Build] Inserted 99200/128000 points, avg insert time (ms): 2.682
[Build] Inserted 99300/128000 points, avg insert time (ms): 1.632
[Build] Inserted 99400/128000 points, avg insert time (ms): 2.107
[Build] Inserted 99500/128000 points, avg insert time (ms): 2.412
[Build] Inserted 99600/128000 points, avg insert time (ms): 2.584
[Build] Inserted 99700/128000 points, avg insert time (ms): 1.808
[Build] Inserted 99800/128000 points, avg insert time (ms): 1.605
[Build] Inserted 99900/128000 points, avg insert time (ms): 2.943
[Build] Inserted 100000/128000 points, avg insert time (ms): 2.154
[Build] Inserted 100100/128000 points, avg insert time (ms): 2.490
[Build] Inserted 100200/128000 points, avg insert time (ms): 3.594
[Build] Inserted 100300/128000 points, avg insert time (ms): 2.087
[Build] Inserted 100400/128000 points, avg insert time (ms): 2.122
[Build] Inserted 100500/128000 points, avg insert time (ms): 1.837
[Build] Inserted 100600/128000 points, avg insert time (ms): 4.330
[Build] Inserted 100700/128000 points, avg insert time (ms): 3.412
[Build] Inserted 100800/128000 points, avg insert time (ms): 2.550
[Build] Inserted 100900/128000 points, avg insert time (ms): 3.422
[Build] Inserted 101000/128000 points, avg insert time (ms): 3.010
[Build] Inserted 101100/128000 points, avg insert time (ms): 2.976
[Build] Inserted 101200/128000 points, avg insert time (ms): 1.599
[Build] Inserted 101300/128000 points, avg insert time (ms): 0.793
[Build] Inserted 101400/128000 points, avg insert time (ms): 1.051
[Build] Inserted 101500/128000 points, avg insert time (ms): 2.138
[Build] Inserted 101600/128000 points, avg insert time (ms): 2.918
[Build] Inserted 101700/128000 points, avg insert time (ms): 2.200
[Build] Inserted 101800/128000 points, avg insert time (ms): 4.662
[Build] Inserted 101900/128000 points, avg insert time (ms): 0.514
[Build] Inserted 102000/128000 points, avg insert time (ms): 2.796
[Build] Inserted 102100/128000 points, avg insert time (ms): 2.876
[Build] Inserted 102200/128000 points, avg insert time (ms): 4.404
[Build] Inserted 102300/128000 points, avg insert time (ms): 1.945
[Build] Inserted 102400/128000 points, avg insert time (ms): 1.668
[Build] Inserted 102500/128000 points, avg insert time (ms): 2.641
[Build] Inserted 102600/128000 points, avg insert time (ms): 2.511
[Build] Inserted 102700/128000 points, avg insert time (ms): 1.093
[Build] Inserted 102800/128000 points, avg insert time (ms): 2.948
[Build] Inserted 102900/128000 points, avg insert time (ms): 2.925
[Build] Inserted 103000/128000 points, avg insert time (ms): 2.117
[Build] Inserted 103100/128000 points, avg insert time (ms): 2.115
[Build] Inserted 103200/128000 points, avg insert time (ms): 1.650
[Build] Inserted 103300/128000 points, avg insert time (ms): 3.476
[Build] Inserted 103400/128000 points, avg insert time (ms): 2.962
[Build] Inserted 103500/128000 points, avg insert time (ms): 3.197
[Build] Inserted 103600/128000 points, avg insert time (ms): 1.856
[Build] Inserted 103700/128000 points, avg insert time (ms): 2.867
[Build] Inserted 103800/128000 points, avg insert time (ms): 2.627
[Build] Inserted 103900/128000 points, avg insert time (ms): 3.760
[Build] Inserted 104000/128000 points, avg insert time (ms): 2.145
[Build] Inserted 104100/128000 points, avg insert time (ms): 2.411
[Build] Inserted 104200/128000 points, avg insert time (ms): 2.166
[Build] Inserted 104300/128000 points, avg insert time (ms): 1.533
[Build] Inserted 104400/128000 points, avg insert time (ms): 3.378
[Build] Inserted 104500/128000 points, avg insert time (ms): 2.891
[Build] Inserted 104600/128000 points, avg insert time (ms): 2.640
[Build] Inserted 104700/128000 points, avg insert time (ms): 3.421
[Build] Inserted 104800/128000 points, avg insert time (ms): 3.405
[Build] Inserted 104900/128000 points, avg insert time (ms): 2.386
[Build] Inserted 105000/128000 points, avg insert time (ms): 3.936
[Build] Inserted 105100/128000 points, avg insert time (ms): 2.417
[Build] Inserted 105200/128000 points, avg insert time (ms): 1.583
[Build] Inserted 105300/128000 points, avg insert time (ms): 2.054
[Build] Inserted 105400/128000 points, avg insert time (ms): 1.862
[Build] Inserted 105500/128000 points, avg insert time (ms): 2.385
[Build] Inserted 105600/128000 points, avg insert time (ms): 2.065
[Build] Inserted 105700/128000 points, avg insert time (ms): 3.590
[Build] Inserted 105800/128000 points, avg insert time (ms): 3.061
[Build] Inserted 105900/128000 points, avg insert time (ms): 3.092
[Build] Inserted 106000/128000 points, avg insert time (ms): 2.485
[Build] Inserted 106100/128000 points, avg insert time (ms): 2.064
[Build] Inserted 106200/128000 points, avg insert time (ms): 1.539
[Build] Inserted 106300/128000 points, avg insert time (ms): 1.294
[Build] Inserted 106400/128000 points, avg insert time (ms): 2.295
[Build] Inserted 106500/128000 points, avg insert time (ms): 1.837
[Build] Inserted 106600/128000 points, avg insert time (ms): 2.702
[Build] Inserted 106700/128000 points, avg insert time (ms): 1.797
[Build] Inserted 106800/128000 points, avg insert time (ms): 2.369
[Build] Inserted 106900/128000 points, avg insert time (ms): 1.850
[Build] Inserted 107000/128000 points, avg insert time (ms): 1.374
[Build] Inserted 107100/128000 points, avg insert time (ms): 2.353
[Build] Inserted 107200/128000 points, avg insert time (ms): 2.352
[Build] Inserted 107300/128000 points, avg insert time (ms): 2.285
[Build] Inserted 107400/128000 points, avg insert time (ms): 1.524
[Build] Inserted 107500/128000 points, avg insert time (ms): 2.292
[Build] Inserted 107600/128000 points, avg insert time (ms): 3.955
[Build] Inserted 107700/128000 points, avg insert time (ms): 1.501
[Build] Inserted 107800/128000 points, avg insert time (ms): 1.582
[Build] Inserted 107900/128000 points, avg insert time (ms): 1.886
[Build] Inserted 108000/128000 points, avg insert time (ms): 2.681
[Build] Inserted 108100/128000 points, avg insert time (ms): 3.796
[Build] Inserted 108200/128000 points, avg insert time (ms): 1.278
[Build] Inserted 108300/128000 points, avg insert time (ms): 2.610
[Build] Inserted 108400/128000 points, avg insert time (ms): 3.445
[Build] Inserted 108500/128000 points, avg insert time (ms): 5.494
[Build] Inserted 108600/128000 points, avg insert time (ms): 2.679
[Build] Inserted 108700/128000 points, avg insert time (ms): 1.846
[Build] Inserted 108800/128000 points, avg insert time (ms): 3.709
[Build] Inserted 108900/128000 points, avg insert time (ms): 2.704
[Build] Inserted 109000/128000 points, avg insert time (ms): 2.613
[Build] Inserted 109100/128000 points, avg insert time (ms): 2.593
[Build] Inserted 109200/128000 points, avg insert time (ms): 3.751
[Build] Inserted 109300/128000 points, avg insert time (ms): 4.256
[Build] Inserted 109400/128000 points, avg insert time (ms): 3.347
[Build] Inserted 109500/128000 points, avg insert time (ms): -13.658
[Build] Inserted 109600/128000 points, avg insert time (ms): 1.787
[Build] Inserted 109700/128000 points, avg insert time (ms): 1.747
[Build] Inserted 109800/128000 points, avg insert time (ms): 2.529
[Build] Inserted 109900/128000 points, avg insert time (ms): 1.527
[Build] Inserted 110000/128000 points, avg insert time (ms): 0.509
[Build] Inserted 110100/128000 points, avg insert time (ms): 2.294
[Build] Inserted 110200/128000 points, avg insert time (ms): 2.725
[Build] Inserted 110300/128000 points, avg insert time (ms): 2.738
[Build] Inserted 110400/128000 points, avg insert time (ms): 1.980
[Build] Inserted 110500/128000 points, avg insert time (ms): 2.497
[Build] Inserted 110600/128000 points, avg insert time (ms): 3.222
[Build] Inserted 110700/128000 points, avg insert time (ms): 4.055
[Build] Inserted 110800/128000 points, avg insert time (ms): 2.256
[Build] Inserted 110900/128000 points, avg insert time (ms): 2.605
[Build] Inserted 111000/128000 points, avg insert time (ms): 2.533
[Build] Inserted 111100/128000 points, avg insert time (ms): 1.497
[Build] Inserted 111200/128000 points, avg insert time (ms): 1.983
[Build] Inserted 111300/128000 points, avg insert time (ms): 3.118
[Build] Inserted 111400/128000 points, avg insert time (ms): 2.518
[Build] Inserted 111500/128000 points, avg insert time (ms): 2.746
[Build] Inserted 111600/128000 points, avg insert time (ms): 2.507
[Build] Inserted 111700/128000 points, avg insert time (ms): 2.308
[Build] Inserted 111800/128000 points, avg insert time (ms): 1.781
[Build] Inserted 111900/128000 points, avg insert time (ms): 2.465
[Build] Inserted 112000/128000 points, avg insert time (ms): 2.897
[Build] Inserted 112100/128000 points, avg insert time (ms): 2.815
[Build] Inserted 112200/128000 points, avg insert time (ms): 3.592
[Build] Inserted 112300/128000 points, avg insert time (ms): 3.841
[Build] Inserted 112400/128000 points, avg insert time (ms): 2.256
[Build] Inserted 112500/128000 points, avg insert time (ms): 1.772
[Build] Inserted 112600/128000 points, avg insert time (ms): 4.066
[Build] Inserted 112700/128000 points, avg insert time (ms): 1.793
[Build] Inserted 112800/128000 points, avg insert time (ms): 1.318
[Build] Inserted 112900/128000 points, avg insert time (ms): 1.810
[Build] Inserted 113000/128000 points, avg insert time (ms): 1.754
[Build] Inserted 113100/128000 points, avg insert time (ms): 1.775
[Build] Inserted 113200/128000 points, avg insert time (ms): 2.802
[Build] Inserted 113300/128000 points, avg insert time (ms): 2.481
[Build] Inserted 113400/128000 points, avg insert time (ms): 2.576
[Build] Inserted 113500/128000 points, avg insert time (ms): 2.741
[Build] Inserted 113600/128000 points, avg insert time (ms): 2.003
[Build] Inserted 113700/128000 points, avg insert time (ms): 2.465
[Build] Inserted 113800/128000 points, avg insert time (ms): 2.241
[Build] Inserted 113900/128000 points, avg insert time (ms): 1.509
[Build] Inserted 114000/128000 points, avg insert time (ms): 2.304
[Build] Inserted 114100/128000 points, avg insert time (ms): 3.733
[Build] Inserted 114200/128000 points, avg insert time (ms): 2.726
[Build] Inserted 114300/128000 points, avg insert time (ms): 1.504
[Build] Inserted 114400/128000 points, avg insert time (ms): 2.306
[Build] Inserted 114500/128000 points, avg insert time (ms): 4.124
[Build] Inserted 114600/128000 points, avg insert time (ms): 1.976
[Build] Inserted 114700/128000 points, avg insert time (ms): 1.983
[Build] Inserted 114800/128000 points, avg insert time (ms): 1.738
[Build] Inserted 114900/128000 points, avg insert time (ms): 2.307
[Build] Inserted 115000/128000 points, avg insert time (ms): 3.366
[Build] Inserted 115100/128000 points, avg insert time (ms): 3.818
[Build] Inserted 115200/128000 points, avg insert time (ms): 3.302
[Build] Inserted 115300/128000 points, avg insert time (ms): 1.516
[Build] Inserted 115400/128000 points, avg insert time (ms): 2.552
[Build] Inserted 115500/128000 points, avg insert time (ms): 2.223
[Build] Inserted 115600/128000 points, avg insert time (ms): 2.493
[Build] Inserted 115700/128000 points, avg insert time (ms): 2.781
[Build] Inserted 115800/128000 points, avg insert time (ms): 1.749
[Build] Inserted 115900/128000 points, avg insert time (ms): 1.778
[Build] Inserted 116000/128000 points, avg insert time (ms): 1.986
[Build] Inserted 116100/128000 points, avg insert time (ms): 3.017
[Build] Inserted 116200/128000 points, avg insert time (ms): 2.589
[Build] Inserted 116300/128000 points, avg insert time (ms): 2.804
[Build] Inserted 116400/128000 points, avg insert time (ms): 0.985
[Build] Inserted 116500/128000 points, avg insert time (ms): 1.258
[Build] Inserted 116600/128000 points, avg insert time (ms): 2.528
[Build] Inserted 116700/128000 points, avg insert time (ms): 1.498
[Build] Inserted 116800/128000 points, avg insert time (ms): 2.712
[Build] Inserted 116900/128000 points, avg insert time (ms): 2.999
[Build] Inserted 117000/128000 points, avg insert time (ms): 1.513
[Build] Inserted 117100/128000 points, avg insert time (ms): 3.109
[Build] Inserted 117200/128000 points, avg insert time (ms): 2.733
[Build] Inserted 117300/128000 points, avg insert time (ms): 1.984
[Build] Inserted 117400/128000 points, avg insert time (ms): 2.620
[Build] Inserted 117500/128000 points, avg insert time (ms): 2.118
[Build] Inserted 117600/128000 points, avg insert time (ms): 2.390
[Build] Inserted 117700/128000 points, avg insert time (ms): 1.504
[Build] Inserted 117800/128000 points, avg insert time (ms): 2.220
[Build] Inserted 117900/128000 points, avg insert time (ms): 2.781
[Build] Inserted 118000/128000 points, avg insert time (ms): 2.729
[Build] Inserted 118100/128000 points, avg insert time (ms): 3.026
[Build] Inserted 118200/128000 points, avg insert time (ms): 1.527
[Build] Inserted 118300/128000 points, avg insert time (ms): 1.774
[Build] Inserted 118400/128000 points, avg insert time (ms): 2.496
[Build] Inserted 118500/128000 points, avg insert time (ms): 2.813
[Build] Inserted 118600/128000 points, avg insert time (ms): 2.851
[Build] Inserted 118700/128000 points, avg insert time (ms): 1.487
[Build] Inserted 118800/128000 points, avg insert time (ms): 1.576
[Build] Inserted 118900/128000 points, avg insert time (ms): 2.660
[Build] Inserted 119000/128000 points, avg insert time (ms): 3.029
[Build] Inserted 119100/128000 points, avg insert time (ms): 2.011
[Build] Inserted 119200/128000 points, avg insert time (ms): 2.525
[Build] Inserted 119300/128000 points, avg insert time (ms): 1.970
[Build] Inserted 119400/128000 points, avg insert time (ms): 0.991
[Build] Inserted 119500/128000 points, avg insert time (ms): 5.564
[Build] Inserted 119600/128000 points, avg insert time (ms): 1.320
[Build] Inserted 119700/128000 points, avg insert time (ms): 1.013
[Build] Inserted 119800/128000 points, avg insert time (ms): 2.028
[Build] Inserted 119900/128000 points, avg insert time (ms): 2.553
[Build] Inserted 120000/128000 points, avg insert time (ms): 2.600
[Build] Inserted 120100/128000 points, avg insert time (ms): 1.528
[Build] Inserted 120200/128000 points, avg insert time (ms): 2.799
[Build] Inserted 120300/128000 points, avg insert time (ms): 2.546
[Build] Inserted 120400/128000 points, avg insert time (ms): 2.839
[Build] Inserted 120500/128000 points, avg insert time (ms): 0.740
[Build] Inserted 120600/128000 points, avg insert time (ms): 3.244
[Build] Inserted 120700/128000 points, avg insert time (ms): 2.055
[Build] Inserted 120800/128000 points, avg insert time (ms): 2.987
[Build] Inserted 120900/128000 points, avg insert time (ms): 1.539
[Build] Inserted 121000/128000 points, avg insert time (ms): 2.241
[Build] Inserted 121100/128000 points, avg insert time (ms): 1.758
[Build] Inserted 121200/128000 points, avg insert time (ms): 1.487
[Build] Inserted 121300/128000 points, avg insert time (ms): 4.567
[Build] Inserted 121400/128000 points, avg insert time (ms): 2.994
[Build] Inserted 121500/128000 points, avg insert time (ms): 4.063
[Build] Inserted 121600/128000 points, avg insert time (ms): 2.507
[Build] Inserted 121700/128000 points, avg insert time (ms): 2.037
[Build] Inserted 121800/128000 points, avg insert time (ms): 2.790
[Build] Inserted 121900/128000 points, avg insert time (ms): 3.742
[Build] Inserted 122000/128000 points, avg insert time (ms): 2.846
[Build] Inserted 122100/128000 points, avg insert time (ms): 2.803
[Build] Inserted 122200/128000 points, avg insert time (ms): 2.271
[Build] Inserted 122300/128000 points, avg insert time (ms): 2.537
[Build] Inserted 122400/128000 points, avg insert time (ms): 2.000
[Build] Inserted 122500/128000 points, avg insert time (ms): 4.048
[Build] Inserted 122600/128000 points, avg insert time (ms): 2.225
[Build] Inserted 122700/128000 points, avg insert time (ms): 1.481
[Build] Inserted 122800/128000 points, avg insert time (ms): 2.102
[Build] Inserted 122900/128000 points, avg insert time (ms): -14.284
[Build] Inserted 123000/128000 points, avg insert time (ms): 1.749
[Build] Inserted 123100/128000 points, avg insert time (ms): 2.264
[Build] Inserted 123200/128000 points, avg insert time (ms): 2.792
[Build] Inserted 123300/128000 points, avg insert time (ms): 2.614
[Build] Inserted 123400/128000 points, avg insert time (ms): 2.495
[Build] Inserted 123500/128000 points, avg insert time (ms): 2.268
[Build] Inserted 123600/128000 points, avg insert time (ms): 3.119
[Build] Inserted 123700/128000 points, avg insert time (ms): 3.312
[Build] Inserted 123800/128000 points, avg insert time (ms): 2.763
[Build] Inserted 123900/128000 points, avg insert time (ms): 1.480
[Build] Inserted 124000/128000 points, avg insert time (ms): 3.245
[Build] Inserted 124100/128000 points, avg insert time (ms): 1.751
[Build] Inserted 124200/128000 points, avg insert time (ms): 2.528
[Build] Inserted 124300/128000 points, avg insert time (ms): 3.492
[Build] Inserted 124400/128000 points, avg insert time (ms): 1.980
[Build] Inserted 124500/128000 points, avg insert time (ms): 2.504
[Build] Inserted 124600/128000 points, avg insert time (ms): 2.998
[Build] Inserted 124700/128000 points, avg insert time (ms): 1.262
[Build] Inserted 124800/128000 points, avg insert time (ms): 2.026
[Build] Inserted 124900/128000 points, avg insert time (ms): 2.891
[Build] Inserted 125000/128000 points, avg insert time (ms): 2.783
[Build] Inserted 125100/128000 points, avg insert time (ms): 2.084
[Build] Inserted 125200/128000 points, avg insert time (ms): 1.052
[Build] Inserted 125300/128000 points, avg insert time (ms): 1.740
[Build] Inserted 125400/128000 points, avg insert time (ms): 1.747
[Build] Inserted 125500/128000 points, avg insert time (ms): 3.067
[Build] Inserted 125600/128000 points, avg insert time (ms): 2.377
[Build] Inserted 125700/128000 points, avg insert time (ms): 3.008
[Build] Inserted 125800/128000 points, avg insert time (ms): 1.272
[Build] Inserted 125900/128000 points, avg insert time (ms): 1.727
[Build] Inserted 126000/128000 points, avg insert time (ms): 3.493
[Build] Inserted 126100/128000 points, avg insert time (ms): 2.741
[Build] Inserted 126200/128000 points, avg insert time (ms): 3.791
[Build] Inserted 126300/128000 points, avg insert time (ms): 2.758
[Build] Inserted 126400/128000 points, avg insert time (ms): 2.494
[Build] Inserted 126500/128000 points, avg insert time (ms): 2.005
[Build] Inserted 126600/128000 points, avg insert time (ms): 2.508
[Build] Inserted 126700/128000 points, avg insert time (ms): 3.108
[Build] Inserted 126800/128000 points, avg insert time (ms): 3.282
[Build] Inserted 126900/128000 points, avg insert time (ms): 2.624
[Build] Inserted 127000/128000 points, avg insert time (ms): 1.728
[Build] Inserted 127100/128000 points, avg insert time (ms): 1.503
[Build] Inserted 127200/128000 points, avg insert time (ms): 2.523
[Build] Inserted 127300/128000 points, avg insert time (ms): 2.591
[Build] Inserted 127400/128000 points, avg insert time (ms): 2.281
[Build] Inserted 127500/128000 points, avg insert time (ms): 3.041
[Build] Inserted 127600/128000 points, avg insert time (ms): 2.541
[Build] Inserted 127700/128000 points, avg insert time (ms): 2.279
[Build] Inserted 127800/128000 points, avg insert time (ms): 2.781
[Build] Inserted 127900/128000 points, avg insert time (ms): 2.033
[Build] Inserted 128000/128000 points, avg insert time (ms): 3.036
[Timing] Total insertion time: 313.30 s
[Build] Starting queries...
[Query] Processed 1/1 queries, avg query time (ms): 68.526
[Timing] Total query time: 0.07 s
[Eval] Computing ground truth top-K...
[Timing] Ground truth (FAISS): 0.00 s (4.063 ms/query)
[Timing] Ground truth computation: 1.57 s
[Eval] Computing recall metrics...
[Timing] Recall evaluation: 0.06 s
[Eval] Computing (c,r)-ANN accuracy...
[Timing] FAISS r* computation: 0.00 s (3.602 ms/query)
[CR-ANN] 1/1 processed, avg time (ann.query): 146.579 ms
[Timing] (c,r)-ANN eval: 0.15 s (147.362 ms/query)
[Sanity Check] Total Relevant = 1
[Timing] (c,r)-ANN evaluation: 0.21 s
[Result] Memory breakdown (MB): {'hash_functions_MB': 26.62236785888672, 'bucket_ids_MB': 94.00681686401367, 'num_ids': 24643323, 'num_buckets': 1838884, 'hash_tables_overhead_MB': 154.32528686523438, 'total_MB': 274.95447158813477}
[Result] Epsilon-recall: 1.0000
[Result] (c,r)-ANN accuracy: 1.0000

[Timing Summary]
  Insert phase: 313.30 s
  Query phase: 0.07 s
  Ground truth: 1.57 s
  Recall eval: 0.06 s
  (c,r)-ANN eval: 0.21 s
  Total time: 315.22 s
[SUMMARY] r=1.0, eps=0.5, eta=0.2, recall=1.0000, (c,r)-ANN accuracy=1.0, memory=274.95447158813477
