[Init] Inputs : eta=0.60, epsilon=0.50, r=1.00
[Init] LSH Parameters : w=3.154, p1=0.7472, p2=0.6267, rho=0.6236
[Init] Data Structure Parameters : k=26, L=2049, key_bits=832, mode=speed
[Build] Starting insertion...
[Build] Inserted 100/128000 points, avg insert time (ms): 0.001
[Build] Inserted 200/128000 points, avg insert time (ms): 0.001
[Build] Inserted 300/128000 points, avg insert time (ms): 0.001
[Build] Inserted 400/128000 points, avg insert time (ms): 0.001
[Build] Inserted 500/128000 points, avg insert time (ms): 0.001
[Build] Inserted 600/128000 points, avg insert time (ms): 0.001
[Build] Inserted 700/128000 points, avg insert time (ms): 0.001
[Build] Inserted 800/128000 points, avg insert time (ms): 0.001
[Build] Inserted 900/128000 points, avg insert time (ms): 0.001
[Build] Inserted 1000/128000 points, avg insert time (ms): 0.268
[Build] Inserted 1100/128000 points, avg insert time (ms): 0.001
[Build] Inserted 1200/128000 points, avg insert time (ms): 0.001
[Build] Inserted 1300/128000 points, avg insert time (ms): 0.001
[Build] Inserted 1400/128000 points, avg insert time (ms): 0.001
[Build] Inserted 1500/128000 points, avg insert time (ms): 0.001
[Build] Inserted 1600/128000 points, avg insert time (ms): 0.001
[Build] Inserted 1700/128000 points, avg insert time (ms): 0.001
[Build] Inserted 1800/128000 points, avg insert time (ms): 0.001
[Build] Inserted 1900/128000 points, avg insert time (ms): 0.001
[Build] Inserted 2000/128000 points, avg insert time (ms): 0.001
[Build] Inserted 2100/128000 points, avg insert time (ms): 0.001
[Build] Inserted 2200/128000 points, avg insert time (ms): 0.001
[Build] Inserted 2300/128000 points, avg insert time (ms): 0.245
[Build] Inserted 2400/128000 points, avg insert time (ms): 0.240
[Build] Inserted 2500/128000 points, avg insert time (ms): 0.001
[Build] Inserted 2600/128000 points, avg insert time (ms): 0.001
[Build] Inserted 2700/128000 points, avg insert time (ms): 0.001
[Build] Inserted 2800/128000 points, avg insert time (ms): 0.001
[Build] Inserted 2900/128000 points, avg insert time (ms): 0.001
[Build] Inserted 3000/128000 points, avg insert time (ms): 0.001
[Build] Inserted 3100/128000 points, avg insert time (ms): 0.001
[Build] Inserted 3200/128000 points, avg insert time (ms): 0.001
[Build] Inserted 3300/128000 points, avg insert time (ms): 0.001
[Build] Inserted 3400/128000 points, avg insert time (ms): 0.001
[Build] Inserted 3500/128000 points, avg insert time (ms): 0.001
[Build] Inserted 3600/128000 points, avg insert time (ms): 0.001
[Build] Inserted 3700/128000 points, avg insert time (ms): 0.001
[Build] Inserted 3800/128000 points, avg insert time (ms): 0.001
[Build] Inserted 3900/128000 points, avg insert time (ms): 0.001
[Build] Inserted 4000/128000 points, avg insert time (ms): 0.001
[Build] Inserted 4100/128000 points, avg insert time (ms): 0.001
[Build] Inserted 4200/128000 points, avg insert time (ms): 0.001
[Build] Inserted 4300/128000 points, avg insert time (ms): 0.001
[Build] Inserted 4400/128000 points, avg insert time (ms): 0.001
[Build] Inserted 4500/128000 points, avg insert time (ms): 0.001
[Build] Inserted 4600/128000 points, avg insert time (ms): 0.001
[Build] Inserted 4700/128000 points, avg insert time (ms): 0.001
[Build] Inserted 4800/128000 points, avg insert time (ms): 0.001
[Build] Inserted 4900/128000 points, avg insert time (ms): 0.001
[Build] Inserted 5000/128000 points, avg insert time (ms): 0.001
[Build] Inserted 5100/128000 points, avg insert time (ms): 0.001
[Build] Inserted 5200/128000 points, avg insert time (ms): 0.001
[Build] Inserted 5300/128000 points, avg insert time (ms): 0.001
[Build] Inserted 5400/128000 points, avg insert time (ms): 0.001
[Build] Inserted 5500/128000 points, avg insert time (ms): 0.001
[Build] Inserted 5600/128000 points, avg insert time (ms): 0.001
[Build] Inserted 5700/128000 points, avg insert time (ms): 0.001
[Build] Inserted 5800/128000 points, avg insert time (ms): 0.001
[Build] Inserted 5900/128000 points, avg insert time (ms): 0.001
[Build] Inserted 6000/128000 points, avg insert time (ms): 0.001
[Build] Inserted 6100/128000 points, avg insert time (ms): 0.001
[Build] Inserted 6200/128000 points, avg insert time (ms): 0.001
[Build] Inserted 6300/128000 points, avg insert time (ms): 0.001
[Build] Inserted 6400/128000 points, avg insert time (ms): 0.001
[Build] Inserted 6500/128000 points, avg insert time (ms): 0.001
[Build] Inserted 6600/128000 points, avg insert time (ms): 0.001
[Build] Inserted 6700/128000 points, avg insert time (ms): 0.241
[Build] Inserted 6800/128000 points, avg insert time (ms): 0.001
[Build] Inserted 6900/128000 points, avg insert time (ms): 0.001
[Build] Inserted 7000/128000 points, avg insert time (ms): 0.001
[Build] Inserted 7100/128000 points, avg insert time (ms): 0.001
[Build] Inserted 7200/128000 points, avg insert time (ms): 0.001
[Build] Inserted 7300/128000 points, avg insert time (ms): 0.001
[Build] Inserted 7400/128000 points, avg insert time (ms): 0.001
[Build] Inserted 7500/128000 points, avg insert time (ms): 0.001
[Build] Inserted 7600/128000 points, avg insert time (ms): 0.001
[Build] Inserted 7700/128000 points, avg insert time (ms): 0.001
[Build] Inserted 7800/128000 points, avg insert time (ms): 0.001
[Build] Inserted 7900/128000 points, avg insert time (ms): 0.001
[Build] Inserted 8000/128000 points, avg insert time (ms): 0.001
[Build] Inserted 8100/128000 points, avg insert time (ms): 0.001
[Build] Inserted 8200/128000 points, avg insert time (ms): 0.001
[Build] Inserted 8300/128000 points, avg insert time (ms): 0.001
[Build] Inserted 8400/128000 points, avg insert time (ms): 0.001
[Build] Inserted 8500/128000 points, avg insert time (ms): 0.001
[Build] Inserted 8600/128000 points, avg insert time (ms): 0.001
[Build] Inserted 8700/128000 points, avg insert time (ms): 0.001
[Build] Inserted 8800/128000 points, avg insert time (ms): 0.001
[Build] Inserted 8900/128000 points, avg insert time (ms): 0.001
[Build] Inserted 9000/128000 points, avg insert time (ms): 0.001
[Build] Inserted 9100/128000 points, avg insert time (ms): 0.001
[Build] Inserted 9200/128000 points, avg insert time (ms): 0.001
[Build] Inserted 9300/128000 points, avg insert time (ms): 0.001
[Build] Inserted 9400/128000 points, avg insert time (ms): 0.244
[Build] Inserted 9500/128000 points, avg insert time (ms): 0.001
[Build] Inserted 9600/128000 points, avg insert time (ms): 0.001
[Build] Inserted 9700/128000 points, avg insert time (ms): 0.001
[Build] Inserted 9800/128000 points, avg insert time (ms): 0.001
[Build] Inserted 9900/128000 points, avg insert time (ms): 0.249
[Build] Inserted 10000/128000 points, avg insert time (ms): 0.001
[Build] Inserted 10100/128000 points, avg insert time (ms): 0.001
[Build] Inserted 10200/128000 points, avg insert time (ms): 0.001
[Build] Inserted 10300/128000 points, avg insert time (ms): 0.001
[Build] Inserted 10400/128000 points, avg insert time (ms): 0.001
[Build] Inserted 10500/128000 points, avg insert time (ms): 0.001
[Build] Inserted 10600/128000 points, avg insert time (ms): 0.001
[Build] Inserted 10700/128000 points, avg insert time (ms): 0.001
[Build] Inserted 10800/128000 points, avg insert time (ms): 0.267
[Build] Inserted 10900/128000 points, avg insert time (ms): 0.253
[Build] Inserted 11000/128000 points, avg insert time (ms): 0.001
[Build] Inserted 11100/128000 points, avg insert time (ms): 0.001
[Build] Inserted 11200/128000 points, avg insert time (ms): 0.001
[Build] Inserted 11300/128000 points, avg insert time (ms): 0.001
[Build] Inserted 11400/128000 points, avg insert time (ms): 0.001
[Build] Inserted 11500/128000 points, avg insert time (ms): 0.001
[Build] Inserted 11600/128000 points, avg insert time (ms): 0.001
[Build] Inserted 11700/128000 points, avg insert time (ms): 0.001
[Build] Inserted 11800/128000 points, avg insert time (ms): 0.001
[Build] Inserted 11900/128000 points, avg insert time (ms): 0.001
[Build] Inserted 12000/128000 points, avg insert time (ms): 0.001
[Build] Inserted 12100/128000 points, avg insert time (ms): 0.001
[Build] Inserted 12200/128000 points, avg insert time (ms): 0.001
[Build] Inserted 12300/128000 points, avg insert time (ms): 0.001
[Build] Inserted 12400/128000 points, avg insert time (ms): 0.001
[Build] Inserted 12500/128000 points, avg insert time (ms): 0.001
[Build] Inserted 12600/128000 points, avg insert time (ms): 0.001
[Build] Inserted 12700/128000 points, avg insert time (ms): 0.001
[Build] Inserted 12800/128000 points, avg insert time (ms): 0.001
[Build] Inserted 12900/128000 points, avg insert time (ms): 0.001
[Build] Inserted 13000/128000 points, avg insert time (ms): 0.001
[Build] Inserted 13100/128000 points, avg insert time (ms): 0.001
[Build] Inserted 13200/128000 points, avg insert time (ms): 0.251
[Build] Inserted 13300/128000 points, avg insert time (ms): 0.001
[Build] Inserted 13400/128000 points, avg insert time (ms): 0.246
[Build] Inserted 13500/128000 points, avg insert time (ms): 0.001
[Build] Inserted 13600/128000 points, avg insert time (ms): 0.001
[Build] Inserted 13700/128000 points, avg insert time (ms): 0.001
[Build] Inserted 13800/128000 points, avg insert time (ms): 0.001
[Build] Inserted 13900/128000 points, avg insert time (ms): 0.249
[Build] Inserted 14000/128000 points, avg insert time (ms): 0.001
[Build] Inserted 14100/128000 points, avg insert time (ms): 0.001
[Build] Inserted 14200/128000 points, avg insert time (ms): 0.001
[Build] Inserted 14300/128000 points, avg insert time (ms): 0.001
[Build] Inserted 14400/128000 points, avg insert time (ms): 0.001
[Build] Inserted 14500/128000 points, avg insert time (ms): 0.001
[Build] Inserted 14600/128000 points, avg insert time (ms): 0.001
[Build] Inserted 14700/128000 points, avg insert time (ms): 0.001
[Build] Inserted 14800/128000 points, avg insert time (ms): 0.001
[Build] Inserted 14900/128000 points, avg insert time (ms): 0.001
[Build] Inserted 15000/128000 points, avg insert time (ms): 0.001
[Build] Inserted 15100/128000 points, avg insert time (ms): 0.001
[Build] Inserted 15200/128000 points, avg insert time (ms): 0.001
[Build] Inserted 15300/128000 points, avg insert time (ms): 0.001
[Build] Inserted 15400/128000 points, avg insert time (ms): 0.001
[Build] Inserted 15500/128000 points, avg insert time (ms): 0.237
[Build] Inserted 15600/128000 points, avg insert time (ms): 0.001
[Build] Inserted 15700/128000 points, avg insert time (ms): 0.001
[Build] Inserted 15800/128000 points, avg insert time (ms): 0.001
[Build] Inserted 15900/128000 points, avg insert time (ms): 0.001
[Build] Inserted 16000/128000 points, avg insert time (ms): 0.001
[Build] Inserted 16100/128000 points, avg insert time (ms): 0.001
[Build] Inserted 16200/128000 points, avg insert time (ms): 0.001
[Build] Inserted 16300/128000 points, avg insert time (ms): 0.001
[Build] Inserted 16400/128000 points, avg insert time (ms): 0.001
[Build] Inserted 16500/128000 points, avg insert time (ms): 0.001
[Build] Inserted 16600/128000 points, avg insert time (ms): 0.001
[Build] Inserted 16700/128000 points, avg insert time (ms): 0.001
[Build] Inserted 16800/128000 points, avg insert time (ms): 0.001
[Build] Inserted 16900/128000 points, avg insert time (ms): 0.001
[Build] Inserted 17000/128000 points, avg insert time (ms): 0.001
[Build] Inserted 17100/128000 points, avg insert time (ms): 0.001
[Build] Inserted 17200/128000 points, avg insert time (ms): 0.001
[Build] Inserted 17300/128000 points, avg insert time (ms): 0.001
[Build] Inserted 17400/128000 points, avg insert time (ms): 0.001
[Build] Inserted 17500/128000 points, avg insert time (ms): 0.001
[Build] Inserted 17600/128000 points, avg insert time (ms): 0.001
[Build] Inserted 17700/128000 points, avg insert time (ms): 0.001
[Build] Inserted 17800/128000 points, avg insert time (ms): 0.001
[Build] Inserted 17900/128000 points, avg insert time (ms): 0.001
[Build] Inserted 18000/128000 points, avg insert time (ms): 0.001
[Build] Inserted 18100/128000 points, avg insert time (ms): 0.001
[Build] Inserted 18200/128000 points, avg insert time (ms): 0.001
[Build] Inserted 18300/128000 points, avg insert time (ms): 0.001
[Build] Inserted 18400/128000 points, avg insert time (ms): 0.253
[Build] Inserted 18500/128000 points, avg insert time (ms): 0.001
[Build] Inserted 18600/128000 points, avg insert time (ms): 0.001
[Build] Inserted 18700/128000 points, avg insert time (ms): 0.001
[Build] Inserted 18800/128000 points, avg insert time (ms): 0.001
[Build] Inserted 18900/128000 points, avg insert time (ms): 0.001
[Build] Inserted 19000/128000 points, avg insert time (ms): 0.001
[Build] Inserted 19100/128000 points, avg insert time (ms): 0.001
[Build] Inserted 19200/128000 points, avg insert time (ms): 0.270
[Build] Inserted 19300/128000 points, avg insert time (ms): 0.001
[Build] Inserted 19400/128000 points, avg insert time (ms): 0.001
[Build] Inserted 19500/128000 points, avg insert time (ms): 0.001
[Build] Inserted 19600/128000 points, avg insert time (ms): 0.001
[Build] Inserted 19700/128000 points, avg insert time (ms): 0.001
[Build] Inserted 19800/128000 points, avg insert time (ms): 0.001
[Build] Inserted 19900/128000 points, avg insert time (ms): 0.001
[Build] Inserted 20000/128000 points, avg insert time (ms): 0.001
[Build] Inserted 20100/128000 points, avg insert time (ms): 0.001
[Build] Inserted 20200/128000 points, avg insert time (ms): 0.001
[Build] Inserted 20300/128000 points, avg insert time (ms): 0.001
[Build] Inserted 20400/128000 points, avg insert time (ms): 0.001
[Build] Inserted 20500/128000 points, avg insert time (ms): 0.001
[Build] Inserted 20600/128000 points, avg insert time (ms): 0.001
[Build] Inserted 20700/128000 points, avg insert time (ms): 0.001
[Build] Inserted 20800/128000 points, avg insert time (ms): 0.001
[Build] Inserted 20900/128000 points, avg insert time (ms): 0.001
[Build] Inserted 21000/128000 points, avg insert time (ms): 0.001
[Build] Inserted 21100/128000 points, avg insert time (ms): 0.240
[Build] Inserted 21200/128000 points, avg insert time (ms): 0.001
[Build] Inserted 21300/128000 points, avg insert time (ms): 0.001
[Build] Inserted 21400/128000 points, avg insert time (ms): 0.001
[Build] Inserted 21500/128000 points, avg insert time (ms): 0.001
[Build] Inserted 21600/128000 points, avg insert time (ms): 0.256
[Build] Inserted 21700/128000 points, avg insert time (ms): 0.001
[Build] Inserted 21800/128000 points, avg insert time (ms): 0.001
[Build] Inserted 21900/128000 points, avg insert time (ms): 0.263
[Build] Inserted 22000/128000 points, avg insert time (ms): 0.267
[Build] Inserted 22100/128000 points, avg insert time (ms): 0.001
[Build] Inserted 22200/128000 points, avg insert time (ms): 0.001
[Build] Inserted 22300/128000 points, avg insert time (ms): 0.001
[Build] Inserted 22400/128000 points, avg insert time (ms): 0.001
[Build] Inserted 22500/128000 points, avg insert time (ms): 0.247
[Build] Inserted 22600/128000 points, avg insert time (ms): 0.001
[Build] Inserted 22700/128000 points, avg insert time (ms): 0.001
[Build] Inserted 22800/128000 points, avg insert time (ms): 0.001
[Build] Inserted 22900/128000 points, avg insert time (ms): 0.001
[Build] Inserted 23000/128000 points, avg insert time (ms): 0.001
[Build] Inserted 23100/128000 points, avg insert time (ms): 0.001
[Build] Inserted 23200/128000 points, avg insert time (ms): 0.001
[Build] Inserted 23300/128000 points, avg insert time (ms): 0.001
[Build] Inserted 23400/128000 points, avg insert time (ms): 0.001
[Build] Inserted 23500/128000 points, avg insert time (ms): 0.001
[Build] Inserted 23600/128000 points, avg insert time (ms): 0.001
[Build] Inserted 23700/128000 points, avg insert time (ms): 0.001
[Build] Inserted 23800/128000 points, avg insert time (ms): 0.255
[Build] Inserted 23900/128000 points, avg insert time (ms): 0.001
[Build] Inserted 24000/128000 points, avg insert time (ms): 0.001
[Build] Inserted 24100/128000 points, avg insert time (ms): 0.001
[Build] Inserted 24200/128000 points, avg insert time (ms): 0.001
[Build] Inserted 24300/128000 points, avg insert time (ms): 0.001
[Build] Inserted 24400/128000 points, avg insert time (ms): 0.001
[Build] Inserted 24500/128000 points, avg insert time (ms): 0.001
[Build] Inserted 24600/128000 points, avg insert time (ms): 0.001
[Build] Inserted 24700/128000 points, avg insert time (ms): 0.001
[Build] Inserted 24800/128000 points, avg insert time (ms): 0.001
[Build] Inserted 24900/128000 points, avg insert time (ms): 0.000
[Build] Inserted 25000/128000 points, avg insert time (ms): 0.001
[Build] Inserted 25100/128000 points, avg insert time (ms): 0.001
[Build] Inserted 25200/128000 points, avg insert time (ms): 0.001
[Build] Inserted 25300/128000 points, avg insert time (ms): 0.001
[Build] Inserted 25400/128000 points, avg insert time (ms): 0.001
[Build] Inserted 25500/128000 points, avg insert time (ms): 0.001
[Build] Inserted 25600/128000 points, avg insert time (ms): 0.001
[Build] Inserted 25700/128000 points, avg insert time (ms): 0.001
[Build] Inserted 25800/128000 points, avg insert time (ms): 0.001
[Build] Inserted 25900/128000 points, avg insert time (ms): 0.001
[Build] Inserted 26000/128000 points, avg insert time (ms): 0.001
[Build] Inserted 26100/128000 points, avg insert time (ms): 0.001
[Build] Inserted 26200/128000 points, avg insert time (ms): 0.001
[Build] Inserted 26300/128000 points, avg insert time (ms): 0.001
[Build] Inserted 26400/128000 points, avg insert time (ms): 0.001
[Build] Inserted 26500/128000 points, avg insert time (ms): 0.001
[Build] Inserted 26600/128000 points, avg insert time (ms): 0.001
[Build] Inserted 26700/128000 points, avg insert time (ms): 0.001
[Build] Inserted 26800/128000 points, avg insert time (ms): 0.251
[Build] Inserted 26900/128000 points, avg insert time (ms): 0.001
[Build] Inserted 27000/128000 points, avg insert time (ms): 0.001
[Build] Inserted 27100/128000 points, avg insert time (ms): 0.001
[Build] Inserted 27200/128000 points, avg insert time (ms): 0.001
[Build] Inserted 27300/128000 points, avg insert time (ms): 0.001
[Build] Inserted 27400/128000 points, avg insert time (ms): 0.001
[Build] Inserted 27500/128000 points, avg insert time (ms): 0.251
[Build] Inserted 27600/128000 points, avg insert time (ms): 0.001
[Build] Inserted 27700/128000 points, avg insert time (ms): 0.001
[Build] Inserted 27800/128000 points, avg insert time (ms): 0.001
[Build] Inserted 27900/128000 points, avg insert time (ms): 0.001
[Build] Inserted 28000/128000 points, avg insert time (ms): 0.001
[Build] Inserted 28100/128000 points, avg insert time (ms): 0.001
[Build] Inserted 28200/128000 points, avg insert time (ms): 0.001
[Build] Inserted 28300/128000 points, avg insert time (ms): 0.001
[Build] Inserted 28400/128000 points, avg insert time (ms): 0.001
[Build] Inserted 28500/128000 points, avg insert time (ms): 0.001
[Build] Inserted 28600/128000 points, avg insert time (ms): 0.001
[Build] Inserted 28700/128000 points, avg insert time (ms): 0.001
[Build] Inserted 28800/128000 points, avg insert time (ms): 0.001
[Build] Inserted 28900/128000 points, avg insert time (ms): 0.001
[Build] Inserted 29000/128000 points, avg insert time (ms): 0.001
[Build] Inserted 29100/128000 points, avg insert time (ms): 0.001
[Build] Inserted 29200/128000 points, avg insert time (ms): 0.248
[Build] Inserted 29300/128000 points, avg insert time (ms): 0.262
[Build] Inserted 29400/128000 points, avg insert time (ms): 0.001
[Build] Inserted 29500/128000 points, avg insert time (ms): 0.001
[Build] Inserted 29600/128000 points, avg insert time (ms): 0.001
[Build] Inserted 29700/128000 points, avg insert time (ms): 0.001
[Build] Inserted 29800/128000 points, avg insert time (ms): 0.001
[Build] Inserted 29900/128000 points, avg insert time (ms): 0.000
[Build] Inserted 30000/128000 points, avg insert time (ms): 0.001
[Build] Inserted 30100/128000 points, avg insert time (ms): 0.001
[Build] Inserted 30200/128000 points, avg insert time (ms): 0.001
[Build] Inserted 30300/128000 points, avg insert time (ms): 0.001
[Build] Inserted 30400/128000 points, avg insert time (ms): 0.247
[Build] Inserted 30500/128000 points, avg insert time (ms): 0.271
[Build] Inserted 30600/128000 points, avg insert time (ms): 0.001
[Build] Inserted 30700/128000 points, avg insert time (ms): 0.001
[Build] Inserted 30800/128000 points, avg insert time (ms): 0.001
[Build] Inserted 30900/128000 points, avg insert time (ms): 0.001
[Build] Inserted 31000/128000 points, avg insert time (ms): 0.238
[Build] Inserted 31100/128000 points, avg insert time (ms): 0.001
[Build] Inserted 31200/128000 points, avg insert time (ms): 0.001
[Build] Inserted 31300/128000 points, avg insert time (ms): 0.001
[Build] Inserted 31400/128000 points, avg insert time (ms): 0.001
[Build] Inserted 31500/128000 points, avg insert time (ms): 0.001
[Build] Inserted 31600/128000 points, avg insert time (ms): 0.001
[Build] Inserted 31700/128000 points, avg insert time (ms): 0.001
[Build] Inserted 31800/128000 points, avg insert time (ms): 0.246
[Build] Inserted 31900/128000 points, avg insert time (ms): 0.001
[Build] Inserted 32000/128000 points, avg insert time (ms): 0.001
[Build] Inserted 32100/128000 points, avg insert time (ms): 0.001
[Build] Inserted 32200/128000 points, avg insert time (ms): 0.001
[Build] Inserted 32300/128000 points, avg insert time (ms): 0.001
[Build] Inserted 32400/128000 points, avg insert time (ms): 0.001
[Build] Inserted 32500/128000 points, avg insert time (ms): 0.001
[Build] Inserted 32600/128000 points, avg insert time (ms): 0.001
[Build] Inserted 32700/128000 points, avg insert time (ms): 0.001
[Build] Inserted 32800/128000 points, avg insert time (ms): 0.001
[Build] Inserted 32900/128000 points, avg insert time (ms): 0.001
[Build] Inserted 33000/128000 points, avg insert time (ms): 0.001
[Build] Inserted 33100/128000 points, avg insert time (ms): 0.001
[Build] Inserted 33200/128000 points, avg insert time (ms): 0.001
[Build] Inserted 33300/128000 points, avg insert time (ms): 0.244
[Build] Inserted 33400/128000 points, avg insert time (ms): 0.001
[Build] Inserted 33500/128000 points, avg insert time (ms): 0.000
[Build] Inserted 33600/128000 points, avg insert time (ms): 0.246
[Build] Inserted 33700/128000 points, avg insert time (ms): 0.001
[Build] Inserted 33800/128000 points, avg insert time (ms): 0.001
[Build] Inserted 33900/128000 points, avg insert time (ms): 0.001
[Build] Inserted 34000/128000 points, avg insert time (ms): 0.001
[Build] Inserted 34100/128000 points, avg insert time (ms): 0.001
[Build] Inserted 34200/128000 points, avg insert time (ms): 0.001
[Build] Inserted 34300/128000 points, avg insert time (ms): 0.001
[Build] Inserted 34400/128000 points, avg insert time (ms): 0.001
[Build] Inserted 34500/128000 points, avg insert time (ms): 0.001
[Build] Inserted 34600/128000 points, avg insert time (ms): 0.001
[Build] Inserted 34700/128000 points, avg insert time (ms): 0.001
[Build] Inserted 34800/128000 points, avg insert time (ms): 0.001
[Build] Inserted 34900/128000 points, avg insert time (ms): 0.001
[Build] Inserted 35000/128000 points, avg insert time (ms): 0.001
[Build] Inserted 35100/128000 points, avg insert time (ms): 0.001
[Build] Inserted 35200/128000 points, avg insert time (ms): 0.001
[Build] Inserted 35300/128000 points, avg insert time (ms): 0.001
[Build] Inserted 35400/128000 points, avg insert time (ms): 0.001
[Build] Inserted 35500/128000 points, avg insert time (ms): 0.001
[Build] Inserted 35600/128000 points, avg insert time (ms): 0.001
[Build] Inserted 35700/128000 points, avg insert time (ms): 0.249
[Build] Inserted 35800/128000 points, avg insert time (ms): 0.239
[Build] Inserted 35900/128000 points, avg insert time (ms): 0.001
[Build] Inserted 36000/128000 points, avg insert time (ms): 0.001
[Build] Inserted 36100/128000 points, avg insert time (ms): 0.001
[Build] Inserted 36200/128000 points, avg insert time (ms): 0.001
[Build] Inserted 36300/128000 points, avg insert time (ms): 0.001
[Build] Inserted 36400/128000 points, avg insert time (ms): 0.001
[Build] Inserted 36500/128000 points, avg insert time (ms): 0.001
[Build] Inserted 36600/128000 points, avg insert time (ms): 0.001
[Build] Inserted 36700/128000 points, avg insert time (ms): 0.001
[Build] Inserted 36800/128000 points, avg insert time (ms): 0.001
[Build] Inserted 36900/128000 points, avg insert time (ms): 0.001
[Build] Inserted 37000/128000 points, avg insert time (ms): 0.001
[Build] Inserted 37100/128000 points, avg insert time (ms): 0.001
[Build] Inserted 37200/128000 points, avg insert time (ms): 0.001
[Build] Inserted 37300/128000 points, avg insert time (ms): 0.001
[Build] Inserted 37400/128000 points, avg insert time (ms): 0.001
[Build] Inserted 37500/128000 points, avg insert time (ms): 0.001
[Build] Inserted 37600/128000 points, avg insert time (ms): 0.000
[Build] Inserted 37700/128000 points, avg insert time (ms): 0.000
[Build] Inserted 37800/128000 points, avg insert time (ms): 0.000
[Build] Inserted 37900/128000 points, avg insert time (ms): 0.000
[Build] Inserted 38000/128000 points, avg insert time (ms): 0.001
[Build] Inserted 38100/128000 points, avg insert time (ms): 0.001
[Build] Inserted 38200/128000 points, avg insert time (ms): 0.001
[Build] Inserted 38300/128000 points, avg insert time (ms): 0.001
[Build] Inserted 38400/128000 points, avg insert time (ms): 0.001
[Build] Inserted 38500/128000 points, avg insert time (ms): 0.001
[Build] Inserted 38600/128000 points, avg insert time (ms): 0.001
[Build] Inserted 38700/128000 points, avg insert time (ms): 0.001
[Build] Inserted 38800/128000 points, avg insert time (ms): 0.001
[Build] Inserted 38900/128000 points, avg insert time (ms): 0.001
[Build] Inserted 39000/128000 points, avg insert time (ms): 0.247
[Build] Inserted 39100/128000 points, avg insert time (ms): 0.001
[Build] Inserted 39200/128000 points, avg insert time (ms): 0.001
[Build] Inserted 39300/128000 points, avg insert time (ms): 0.001
[Build] Inserted 39400/128000 points, avg insert time (ms): 0.001
[Build] Inserted 39500/128000 points, avg insert time (ms): 0.001
[Build] Inserted 39600/128000 points, avg insert time (ms): 0.001
[Build] Inserted 39700/128000 points, avg insert time (ms): 0.001
[Build] Inserted 39800/128000 points, avg insert time (ms): 0.001
[Build] Inserted 39900/128000 points, avg insert time (ms): 0.001
[Build] Inserted 40000/128000 points, avg insert time (ms): 0.001
[Build] Inserted 40100/128000 points, avg insert time (ms): 0.001
[Build] Inserted 40200/128000 points, avg insert time (ms): 0.001
[Build] Inserted 40300/128000 points, avg insert time (ms): 0.001
[Build] Inserted 40400/128000 points, avg insert time (ms): 0.001
[Build] Inserted 40500/128000 points, avg insert time (ms): 0.001
[Build] Inserted 40600/128000 points, avg insert time (ms): 0.001
[Build] Inserted 40700/128000 points, avg insert time (ms): 0.001
[Build] Inserted 40800/128000 points, avg insert time (ms): 0.001
[Build] Inserted 40900/128000 points, avg insert time (ms): 0.001
[Build] Inserted 41000/128000 points, avg insert time (ms): 0.001
[Build] Inserted 41100/128000 points, avg insert time (ms): 0.001
[Build] Inserted 41200/128000 points, avg insert time (ms): 0.001
[Build] Inserted 41300/128000 points, avg insert time (ms): 0.001
[Build] Inserted 41400/128000 points, avg insert time (ms): 0.001
[Build] Inserted 41500/128000 points, avg insert time (ms): 0.001
[Build] Inserted 41600/128000 points, avg insert time (ms): 0.001
[Build] Inserted 41700/128000 points, avg insert time (ms): 0.001
[Build] Inserted 41800/128000 points, avg insert time (ms): 0.001
[Build] Inserted 41900/128000 points, avg insert time (ms): 0.001
[Build] Inserted 42000/128000 points, avg insert time (ms): 0.001
[Build] Inserted 42100/128000 points, avg insert time (ms): 0.001
[Build] Inserted 42200/128000 points, avg insert time (ms): 0.001
[Build] Inserted 42300/128000 points, avg insert time (ms): 0.001
[Build] Inserted 42400/128000 points, avg insert time (ms): 0.001
[Build] Inserted 42500/128000 points, avg insert time (ms): 0.001
[Build] Inserted 42600/128000 points, avg insert time (ms): 0.001
[Build] Inserted 42700/128000 points, avg insert time (ms): 0.001
[Build] Inserted 42800/128000 points, avg insert time (ms): 0.263
[Build] Inserted 42900/128000 points, avg insert time (ms): 0.001
[Build] Inserted 43000/128000 points, avg insert time (ms): 0.001
[Build] Inserted 43100/128000 points, avg insert time (ms): 0.001
[Build] Inserted 43200/128000 points, avg insert time (ms): 0.001
[Build] Inserted 43300/128000 points, avg insert time (ms): 0.258
[Build] Inserted 43400/128000 points, avg insert time (ms): 0.001
[Build] Inserted 43500/128000 points, avg insert time (ms): 0.001
[Build] Inserted 43600/128000 points, avg insert time (ms): 0.001
[Build] Inserted 43700/128000 points, avg insert time (ms): 0.001
[Build] Inserted 43800/128000 points, avg insert time (ms): 0.001
[Build] Inserted 43900/128000 points, avg insert time (ms): 0.001
[Build] Inserted 44000/128000 points, avg insert time (ms): 0.001
[Build] Inserted 44100/128000 points, avg insert time (ms): 0.001
[Build] Inserted 44200/128000 points, avg insert time (ms): 0.001
[Build] Inserted 44300/128000 points, avg insert time (ms): 0.001
[Build] Inserted 44400/128000 points, avg insert time (ms): 0.001
[Build] Inserted 44500/128000 points, avg insert time (ms): 0.001
[Build] Inserted 44600/128000 points, avg insert time (ms): 0.001
[Build] Inserted 44700/128000 points, avg insert time (ms): 0.001
[Build] Inserted 44800/128000 points, avg insert time (ms): 0.001
[Build] Inserted 44900/128000 points, avg insert time (ms): 0.001
[Build] Inserted 45000/128000 points, avg insert time (ms): 0.001
[Build] Inserted 45100/128000 points, avg insert time (ms): 0.001
[Build] Inserted 45200/128000 points, avg insert time (ms): 0.001
[Build] Inserted 45300/128000 points, avg insert time (ms): 0.001
[Build] Inserted 45400/128000 points, avg insert time (ms): 0.001
[Build] Inserted 45500/128000 points, avg insert time (ms): 0.001
[Build] Inserted 45600/128000 points, avg insert time (ms): 0.001
[Build] Inserted 45700/128000 points, avg insert time (ms): 0.001
[Build] Inserted 45800/128000 points, avg insert time (ms): 0.001
[Build] Inserted 45900/128000 points, avg insert time (ms): 0.001
[Build] Inserted 46000/128000 points, avg insert time (ms): 0.001
[Build] Inserted 46100/128000 points, avg insert time (ms): 0.001
[Build] Inserted 46200/128000 points, avg insert time (ms): 0.001
[Build] Inserted 46300/128000 points, avg insert time (ms): 0.001
[Build] Inserted 46400/128000 points, avg insert time (ms): 0.001
[Build] Inserted 46500/128000 points, avg insert time (ms): 0.001
[Build] Inserted 46600/128000 points, avg insert time (ms): 0.001
[Build] Inserted 46700/128000 points, avg insert time (ms): 0.001
[Build] Inserted 46800/128000 points, avg insert time (ms): 0.001
[Build] Inserted 46900/128000 points, avg insert time (ms): 0.001
[Build] Inserted 47000/128000 points, avg insert time (ms): 0.001
[Build] Inserted 47100/128000 points, avg insert time (ms): 0.001
[Build] Inserted 47200/128000 points, avg insert time (ms): 0.001
[Build] Inserted 47300/128000 points, avg insert time (ms): 0.001
[Build] Inserted 47400/128000 points, avg insert time (ms): 0.265
[Build] Inserted 47500/128000 points, avg insert time (ms): 0.001
[Build] Inserted 47600/128000 points, avg insert time (ms): 0.001
[Build] Inserted 47700/128000 points, avg insert time (ms): 0.001
[Build] Inserted 47800/128000 points, avg insert time (ms): 0.001
[Build] Inserted 47900/128000 points, avg insert time (ms): 0.259
[Build] Inserted 48000/128000 points, avg insert time (ms): 0.001
[Build] Inserted 48100/128000 points, avg insert time (ms): 0.001
[Build] Inserted 48200/128000 points, avg insert time (ms): 0.001
[Build] Inserted 48300/128000 points, avg insert time (ms): 0.001
[Build] Inserted 48400/128000 points, avg insert time (ms): 0.001
[Build] Inserted 48500/128000 points, avg insert time (ms): 0.001
[Build] Inserted 48600/128000 points, avg insert time (ms): 0.001
[Build] Inserted 48700/128000 points, avg insert time (ms): 0.001
[Build] Inserted 48800/128000 points, avg insert time (ms): 0.001
[Build] Inserted 48900/128000 points, avg insert time (ms): 0.001
[Build] Inserted 49000/128000 points, avg insert time (ms): 0.001
[Build] Inserted 49100/128000 points, avg insert time (ms): 0.001
[Build] Inserted 49200/128000 points, avg insert time (ms): 0.257
[Build] Inserted 49300/128000 points, avg insert time (ms): 0.001
[Build] Inserted 49400/128000 points, avg insert time (ms): 0.001
[Build] Inserted 49500/128000 points, avg insert time (ms): 0.001
[Build] Inserted 49600/128000 points, avg insert time (ms): 0.001
[Build] Inserted 49700/128000 points, avg insert time (ms): 0.001
[Build] Inserted 49800/128000 points, avg insert time (ms): 0.249
[Build] Inserted 49900/128000 points, avg insert time (ms): 0.001
[Build] Inserted 50000/128000 points, avg insert time (ms): 0.001
[Build] Inserted 50100/128000 points, avg insert time (ms): 0.001
[Build] Inserted 50200/128000 points, avg insert time (ms): 0.001
[Build] Inserted 50300/128000 points, avg insert time (ms): 0.001
[Build] Inserted 50400/128000 points, avg insert time (ms): 0.247
[Build] Inserted 50500/128000 points, avg insert time (ms): 0.001
[Build] Inserted 50600/128000 points, avg insert time (ms): 0.001
[Build] Inserted 50700/128000 points, avg insert time (ms): 0.001
[Build] Inserted 50800/128000 points, avg insert time (ms): 0.001
[Build] Inserted 50900/128000 points, avg insert time (ms): 0.001
[Build] Inserted 51000/128000 points, avg insert time (ms): 0.001
[Build] Inserted 51100/128000 points, avg insert time (ms): 0.001
[Build] Inserted 51200/128000 points, avg insert time (ms): 0.001
[Build] Inserted 51300/128000 points, avg insert time (ms): 0.001
[Build] Inserted 51400/128000 points, avg insert time (ms): 0.001
[Build] Inserted 51500/128000 points, avg insert time (ms): 0.001
[Build] Inserted 51600/128000 points, avg insert time (ms): 0.248
[Build] Inserted 51700/128000 points, avg insert time (ms): 0.001
[Build] Inserted 51800/128000 points, avg insert time (ms): 0.254
[Build] Inserted 51900/128000 points, avg insert time (ms): 0.001
[Build] Inserted 52000/128000 points, avg insert time (ms): 0.001
[Build] Inserted 52100/128000 points, avg insert time (ms): 0.258
[Build] Inserted 52200/128000 points, avg insert time (ms): 0.001
[Build] Inserted 52300/128000 points, avg insert time (ms): 0.001
[Build] Inserted 52400/128000 points, avg insert time (ms): 0.001
[Build] Inserted 52500/128000 points, avg insert time (ms): 0.001
[Build] Inserted 52600/128000 points, avg insert time (ms): 0.001
[Build] Inserted 52700/128000 points, avg insert time (ms): 0.001
[Build] Inserted 52800/128000 points, avg insert time (ms): 0.001
[Build] Inserted 52900/128000 points, avg insert time (ms): 0.001
[Build] Inserted 53000/128000 points, avg insert time (ms): 0.001
[Build] Inserted 53100/128000 points, avg insert time (ms): 0.001
[Build] Inserted 53200/128000 points, avg insert time (ms): 0.001
[Build] Inserted 53300/128000 points, avg insert time (ms): 0.001
[Build] Inserted 53400/128000 points, avg insert time (ms): 0.001
[Build] Inserted 53500/128000 points, avg insert time (ms): 0.001
[Build] Inserted 53600/128000 points, avg insert time (ms): 0.256
[Build] Inserted 53700/128000 points, avg insert time (ms): 0.001
[Build] Inserted 53800/128000 points, avg insert time (ms): 0.001
[Build] Inserted 53900/128000 points, avg insert time (ms): 0.001
[Build] Inserted 54000/128000 points, avg insert time (ms): 0.001
[Build] Inserted 54100/128000 points, avg insert time (ms): 0.252
[Build] Inserted 54200/128000 points, avg insert time (ms): 0.001
[Build] Inserted 54300/128000 points, avg insert time (ms): 0.260
[Build] Inserted 54400/128000 points, avg insert time (ms): 0.272
[Build] Inserted 54500/128000 points, avg insert time (ms): 0.001
[Build] Inserted 54600/128000 points, avg insert time (ms): 0.001
[Build] Inserted 54700/128000 points, avg insert time (ms): 0.255
[Build] Inserted 54800/128000 points, avg insert time (ms): 0.238
[Build] Inserted 54900/128000 points, avg insert time (ms): 0.001
[Build] Inserted 55000/128000 points, avg insert time (ms): 0.001
[Build] Inserted 55100/128000 points, avg insert time (ms): 0.239
[Build] Inserted 55200/128000 points, avg insert time (ms): 0.001
[Build] Inserted 55300/128000 points, avg insert time (ms): 0.001
[Build] Inserted 55400/128000 points, avg insert time (ms): 0.001
[Build] Inserted 55500/128000 points, avg insert time (ms): 0.001
[Build] Inserted 55600/128000 points, avg insert time (ms): 0.001
[Build] Inserted 55700/128000 points, avg insert time (ms): 0.001
[Build] Inserted 55800/128000 points, avg insert time (ms): 0.001
[Build] Inserted 55900/128000 points, avg insert time (ms): 0.262
[Build] Inserted 56000/128000 points, avg insert time (ms): 0.001
[Build] Inserted 56100/128000 points, avg insert time (ms): 0.001
[Build] Inserted 56200/128000 points, avg insert time (ms): 0.001
[Build] Inserted 56300/128000 points, avg insert time (ms): 0.001
[Build] Inserted 56400/128000 points, avg insert time (ms): 0.001
[Build] Inserted 56500/128000 points, avg insert time (ms): 0.001
[Build] Inserted 56600/128000 points, avg insert time (ms): 0.001
[Build] Inserted 56700/128000 points, avg insert time (ms): 0.292
[Build] Inserted 56800/128000 points, avg insert time (ms): 0.001
[Build] Inserted 56900/128000 points, avg insert time (ms): 0.001
[Build] Inserted 57000/128000 points, avg insert time (ms): 0.001
[Build] Inserted 57100/128000 points, avg insert time (ms): 0.001
[Build] Inserted 57200/128000 points, avg insert time (ms): 0.001
[Build] Inserted 57300/128000 points, avg insert time (ms): 0.001
[Build] Inserted 57400/128000 points, avg insert time (ms): 0.001
[Build] Inserted 57500/128000 points, avg insert time (ms): 0.001
[Build] Inserted 57600/128000 points, avg insert time (ms): 0.001
[Build] Inserted 57700/128000 points, avg insert time (ms): 0.001
[Build] Inserted 57800/128000 points, avg insert time (ms): 0.001
[Build] Inserted 57900/128000 points, avg insert time (ms): 0.238
[Build] Inserted 58000/128000 points, avg insert time (ms): 0.001
[Build] Inserted 58100/128000 points, avg insert time (ms): 0.705
[Build] Inserted 58200/128000 points, avg insert time (ms): 0.001
[Build] Inserted 58300/128000 points, avg insert time (ms): 0.001
[Build] Inserted 58400/128000 points, avg insert time (ms): 0.001
[Build] Inserted 58500/128000 points, avg insert time (ms): 0.001
[Build] Inserted 58600/128000 points, avg insert time (ms): 0.001
[Build] Inserted 58700/128000 points, avg insert time (ms): 0.001
[Build] Inserted 58800/128000 points, avg insert time (ms): 0.001
[Build] Inserted 58900/128000 points, avg insert time (ms): 0.001
[Build] Inserted 59000/128000 points, avg insert time (ms): 0.251
[Build] Inserted 59100/128000 points, avg insert time (ms): 0.001
[Build] Inserted 59200/128000 points, avg insert time (ms): 0.001
[Build] Inserted 59300/128000 points, avg insert time (ms): 0.001
[Build] Inserted 59400/128000 points, avg insert time (ms): 0.001
[Build] Inserted 59500/128000 points, avg insert time (ms): 0.001
[Build] Inserted 59600/128000 points, avg insert time (ms): 0.001
[Build] Inserted 59700/128000 points, avg insert time (ms): 0.001
[Build] Inserted 59800/128000 points, avg insert time (ms): 0.001
[Build] Inserted 59900/128000 points, avg insert time (ms): 0.001
[Build] Inserted 60000/128000 points, avg insert time (ms): 0.001
[Build] Inserted 60100/128000 points, avg insert time (ms): 0.000
[Build] Inserted 60200/128000 points, avg insert time (ms): 0.001
[Build] Inserted 60300/128000 points, avg insert time (ms): 0.001
[Build] Inserted 60400/128000 points, avg insert time (ms): 0.270
[Build] Inserted 60500/128000 points, avg insert time (ms): 0.001
[Build] Inserted 60600/128000 points, avg insert time (ms): 0.001
[Build] Inserted 60700/128000 points, avg insert time (ms): 0.001
[Build] Inserted 60800/128000 points, avg insert time (ms): 0.001
[Build] Inserted 60900/128000 points, avg insert time (ms): 0.249
[Build] Inserted 61000/128000 points, avg insert time (ms): 0.001
[Build] Inserted 61100/128000 points, avg insert time (ms): 0.242
[Build] Inserted 61200/128000 points, avg insert time (ms): 0.001
[Build] Inserted 61300/128000 points, avg insert time (ms): 0.001
[Build] Inserted 61400/128000 points, avg insert time (ms): 0.001
[Build] Inserted 61500/128000 points, avg insert time (ms): 0.001
[Build] Inserted 61600/128000 points, avg insert time (ms): 0.001
[Build] Inserted 61700/128000 points, avg insert time (ms): 0.001
[Build] Inserted 61800/128000 points, avg insert time (ms): 0.001
[Build] Inserted 61900/128000 points, avg insert time (ms): 0.001
[Build] Inserted 62000/128000 points, avg insert time (ms): 0.001
[Build] Inserted 62100/128000 points, avg insert time (ms): 0.001
[Build] Inserted 62200/128000 points, avg insert time (ms): 0.001
[Build] Inserted 62300/128000 points, avg insert time (ms): 0.245
[Build] Inserted 62400/128000 points, avg insert time (ms): 0.001
[Build] Inserted 62500/128000 points, avg insert time (ms): 0.001
[Build] Inserted 62600/128000 points, avg insert time (ms): 0.001
[Build] Inserted 62700/128000 points, avg insert time (ms): 0.001
[Build] Inserted 62800/128000 points, avg insert time (ms): 0.001
[Build] Inserted 62900/128000 points, avg insert time (ms): 0.001
[Build] Inserted 63000/128000 points, avg insert time (ms): 0.001
[Build] Inserted 63100/128000 points, avg insert time (ms): 0.001
[Build] Inserted 63200/128000 points, avg insert time (ms): 0.001
[Build] Inserted 63300/128000 points, avg insert time (ms): 0.001
[Build] Inserted 63400/128000 points, avg insert time (ms): 0.001
[Build] Inserted 63500/128000 points, avg insert time (ms): 0.001
[Build] Inserted 63600/128000 points, avg insert time (ms): 0.001
[Build] Inserted 63700/128000 points, avg insert time (ms): 0.001
[Build] Inserted 63800/128000 points, avg insert time (ms): 0.001
[Build] Inserted 63900/128000 points, avg insert time (ms): 0.001
[Build] Inserted 64000/128000 points, avg insert time (ms): 0.001
[Build] Inserted 64100/128000 points, avg insert time (ms): 0.001
[Build] Inserted 64200/128000 points, avg insert time (ms): 0.001
[Build] Inserted 64300/128000 points, avg insert time (ms): 0.001
[Build] Inserted 64400/128000 points, avg insert time (ms): 0.001
[Build] Inserted 64500/128000 points, avg insert time (ms): 0.001
[Build] Inserted 64600/128000 points, avg insert time (ms): 0.001
[Build] Inserted 64700/128000 points, avg insert time (ms): 0.001
[Build] Inserted 64800/128000 points, avg insert time (ms): 0.243
[Build] Inserted 64900/128000 points, avg insert time (ms): 0.001
[Build] Inserted 65000/128000 points, avg insert time (ms): 0.001
[Build] Inserted 65100/128000 points, avg insert time (ms): 0.001
[Build] Inserted 65200/128000 points, avg insert time (ms): 0.001
[Build] Inserted 65300/128000 points, avg insert time (ms): 0.001
[Build] Inserted 65400/128000 points, avg insert time (ms): 0.255
[Build] Inserted 65500/128000 points, avg insert time (ms): 0.001
[Build] Inserted 65600/128000 points, avg insert time (ms): 0.001
[Build] Inserted 65700/128000 points, avg insert time (ms): 0.001
[Build] Inserted 65800/128000 points, avg insert time (ms): 0.001
[Build] Inserted 65900/128000 points, avg insert time (ms): 0.001
[Build] Inserted 66000/128000 points, avg insert time (ms): 0.001
[Build] Inserted 66100/128000 points, avg insert time (ms): 0.001
[Build] Inserted 66200/128000 points, avg insert time (ms): 0.001
[Build] Inserted 66300/128000 points, avg insert time (ms): 0.001
[Build] Inserted 66400/128000 points, avg insert time (ms): 0.001
[Build] Inserted 66500/128000 points, avg insert time (ms): 0.001
[Build] Inserted 66600/128000 points, avg insert time (ms): 0.001
[Build] Inserted 66700/128000 points, avg insert time (ms): 0.250
[Build] Inserted 66800/128000 points, avg insert time (ms): 0.001
[Build] Inserted 66900/128000 points, avg insert time (ms): 0.001
[Build] Inserted 67000/128000 points, avg insert time (ms): 0.001
[Build] Inserted 67100/128000 points, avg insert time (ms): 0.001
[Build] Inserted 67200/128000 points, avg insert time (ms): 0.001
[Build] Inserted 67300/128000 points, avg insert time (ms): 0.001
[Build] Inserted 67400/128000 points, avg insert time (ms): 0.001
[Build] Inserted 67500/128000 points, avg insert time (ms): 0.001
[Build] Inserted 67600/128000 points, avg insert time (ms): 0.001
[Build] Inserted 67700/128000 points, avg insert time (ms): 0.001
[Build] Inserted 67800/128000 points, avg insert time (ms): 0.001
[Build] Inserted 67900/128000 points, avg insert time (ms): 0.001
[Build] Inserted 68000/128000 points, avg insert time (ms): 0.001
[Build] Inserted 68100/128000 points, avg insert time (ms): 0.001
[Build] Inserted 68200/128000 points, avg insert time (ms): 0.001
[Build] Inserted 68300/128000 points, avg insert time (ms): 0.001
[Build] Inserted 68400/128000 points, avg insert time (ms): 0.001
[Build] Inserted 68500/128000 points, avg insert time (ms): 0.001
[Build] Inserted 68600/128000 points, avg insert time (ms): 0.001
[Build] Inserted 68700/128000 points, avg insert time (ms): 0.001
[Build] Inserted 68800/128000 points, avg insert time (ms): 0.001
[Build] Inserted 68900/128000 points, avg insert time (ms): 0.286
[Build] Inserted 69000/128000 points, avg insert time (ms): 0.001
[Build] Inserted 69100/128000 points, avg insert time (ms): 0.001
[Build] Inserted 69200/128000 points, avg insert time (ms): 0.001
[Build] Inserted 69300/128000 points, avg insert time (ms): 0.001
[Build] Inserted 69400/128000 points, avg insert time (ms): 0.266
[Build] Inserted 69500/128000 points, avg insert time (ms): 0.001
[Build] Inserted 69600/128000 points, avg insert time (ms): 0.001
[Build] Inserted 69700/128000 points, avg insert time (ms): 0.001
[Build] Inserted 69800/128000 points, avg insert time (ms): 0.001
[Build] Inserted 69900/128000 points, avg insert time (ms): 0.001
[Build] Inserted 70000/128000 points, avg insert time (ms): 0.280
[Build] Inserted 70100/128000 points, avg insert time (ms): 0.001
[Build] Inserted 70200/128000 points, avg insert time (ms): 0.001
[Build] Inserted 70300/128000 points, avg insert time (ms): 0.001
[Build] Inserted 70400/128000 points, avg insert time (ms): 0.001
[Build] Inserted 70500/128000 points, avg insert time (ms): 0.001
[Build] Inserted 70600/128000 points, avg insert time (ms): 0.001
[Build] Inserted 70700/128000 points, avg insert time (ms): 0.001
[Build] Inserted 70800/128000 points, avg insert time (ms): 0.001
[Build] Inserted 70900/128000 points, avg insert time (ms): 0.001
[Build] Inserted 71000/128000 points, avg insert time (ms): 0.001
[Build] Inserted 71100/128000 points, avg insert time (ms): 0.001
[Build] Inserted 71200/128000 points, avg insert time (ms): 0.001
[Build] Inserted 71300/128000 points, avg insert time (ms): 0.001
[Build] Inserted 71400/128000 points, avg insert time (ms): 0.001
[Build] Inserted 71500/128000 points, avg insert time (ms): 0.001
[Build] Inserted 71600/128000 points, avg insert time (ms): 0.001
[Build] Inserted 71700/128000 points, avg insert time (ms): 0.249
[Build] Inserted 71800/128000 points, avg insert time (ms): 0.282
[Build] Inserted 71900/128000 points, avg insert time (ms): 0.001
[Build] Inserted 72000/128000 points, avg insert time (ms): 0.255
[Build] Inserted 72100/128000 points, avg insert time (ms): 0.001
[Build] Inserted 72200/128000 points, avg insert time (ms): 0.001
[Build] Inserted 72300/128000 points, avg insert time (ms): 0.001
[Build] Inserted 72400/128000 points, avg insert time (ms): 0.001
[Build] Inserted 72500/128000 points, avg insert time (ms): 0.001
[Build] Inserted 72600/128000 points, avg insert time (ms): 0.001
[Build] Inserted 72700/128000 points, avg insert time (ms): 0.001
[Build] Inserted 72800/128000 points, avg insert time (ms): 0.001
[Build] Inserted 72900/128000 points, avg insert time (ms): 0.001
[Build] Inserted 73000/128000 points, avg insert time (ms): 0.001
[Build] Inserted 73100/128000 points, avg insert time (ms): 0.001
[Build] Inserted 73200/128000 points, avg insert time (ms): 0.260
[Build] Inserted 73300/128000 points, avg insert time (ms): 0.001
[Build] Inserted 73400/128000 points, avg insert time (ms): 0.001
[Build] Inserted 73500/128000 points, avg insert time (ms): 0.001
[Build] Inserted 73600/128000 points, avg insert time (ms): 0.001
[Build] Inserted 73700/128000 points, avg insert time (ms): 0.001
[Build] Inserted 73800/128000 points, avg insert time (ms): 0.001
[Build] Inserted 73900/128000 points, avg insert time (ms): 0.000
[Build] Inserted 74000/128000 points, avg insert time (ms): 0.001
[Build] Inserted 74100/128000 points, avg insert time (ms): 0.001
[Build] Inserted 74200/128000 points, avg insert time (ms): 0.000
[Build] Inserted 74300/128000 points, avg insert time (ms): 0.001
[Build] Inserted 74400/128000 points, avg insert time (ms): 0.001
[Build] Inserted 74500/128000 points, avg insert time (ms): 0.001
[Build] Inserted 74600/128000 points, avg insert time (ms): 0.001
[Build] Inserted 74700/128000 points, avg insert time (ms): 0.001
[Build] Inserted 74800/128000 points, avg insert time (ms): 0.001
[Build] Inserted 74900/128000 points, avg insert time (ms): 0.001
[Build] Inserted 75000/128000 points, avg insert time (ms): 0.273
[Build] Inserted 75100/128000 points, avg insert time (ms): 0.001
[Build] Inserted 75200/128000 points, avg insert time (ms): 0.253
[Build] Inserted 75300/128000 points, avg insert time (ms): 0.001
[Build] Inserted 75400/128000 points, avg insert time (ms): 0.001
[Build] Inserted 75500/128000 points, avg insert time (ms): 0.001
[Build] Inserted 75600/128000 points, avg insert time (ms): 0.001
[Build] Inserted 75700/128000 points, avg insert time (ms): 0.001
[Build] Inserted 75800/128000 points, avg insert time (ms): 0.001
[Build] Inserted 75900/128000 points, avg insert time (ms): 0.001
[Build] Inserted 76000/128000 points, avg insert time (ms): 0.001
[Build] Inserted 76100/128000 points, avg insert time (ms): 0.001
[Build] Inserted 76200/128000 points, avg insert time (ms): 0.001
[Build] Inserted 76300/128000 points, avg insert time (ms): 0.001
[Build] Inserted 76400/128000 points, avg insert time (ms): 0.001
[Build] Inserted 76500/128000 points, avg insert time (ms): 0.001
[Build] Inserted 76600/128000 points, avg insert time (ms): 0.001
[Build] Inserted 76700/128000 points, avg insert time (ms): 0.001
[Build] Inserted 76800/128000 points, avg insert time (ms): 0.001
[Build] Inserted 76900/128000 points, avg insert time (ms): 0.001
[Build] Inserted 77000/128000 points, avg insert time (ms): 0.257
[Build] Inserted 77100/128000 points, avg insert time (ms): 0.001
[Build] Inserted 77200/128000 points, avg insert time (ms): 0.001
[Build] Inserted 77300/128000 points, avg insert time (ms): 0.001
[Build] Inserted 77400/128000 points, avg insert time (ms): 0.001
[Build] Inserted 77500/128000 points, avg insert time (ms): 0.001
[Build] Inserted 77600/128000 points, avg insert time (ms): 0.001
[Build] Inserted 77700/128000 points, avg insert time (ms): 0.001
[Build] Inserted 77800/128000 points, avg insert time (ms): 0.001
[Build] Inserted 77900/128000 points, avg insert time (ms): 0.001
[Build] Inserted 78000/128000 points, avg insert time (ms): 0.001
[Build] Inserted 78100/128000 points, avg insert time (ms): 0.001
[Build] Inserted 78200/128000 points, avg insert time (ms): 0.001
[Build] Inserted 78300/128000 points, avg insert time (ms): 0.001
[Build] Inserted 78400/128000 points, avg insert time (ms): 0.001
[Build] Inserted 78500/128000 points, avg insert time (ms): 0.001
[Build] Inserted 78600/128000 points, avg insert time (ms): 0.001
[Build] Inserted 78700/128000 points, avg insert time (ms): 0.001
[Build] Inserted 78800/128000 points, avg insert time (ms): 0.001
[Build] Inserted 78900/128000 points, avg insert time (ms): 0.001
[Build] Inserted 79000/128000 points, avg insert time (ms): 0.001
[Build] Inserted 79100/128000 points, avg insert time (ms): 0.001
[Build] Inserted 79200/128000 points, avg insert time (ms): 0.001
[Build] Inserted 79300/128000 points, avg insert time (ms): 0.001
[Build] Inserted 79400/128000 points, avg insert time (ms): 0.001
[Build] Inserted 79500/128000 points, avg insert time (ms): 0.001
[Build] Inserted 79600/128000 points, avg insert time (ms): 0.001
[Build] Inserted 79700/128000 points, avg insert time (ms): 0.001
[Build] Inserted 79800/128000 points, avg insert time (ms): 0.001
[Build] Inserted 79900/128000 points, avg insert time (ms): 0.001
[Build] Inserted 80000/128000 points, avg insert time (ms): 0.001
[Build] Inserted 80100/128000 points, avg insert time (ms): 0.001
[Build] Inserted 80200/128000 points, avg insert time (ms): 0.001
[Build] Inserted 80300/128000 points, avg insert time (ms): 0.001
[Build] Inserted 80400/128000 points, avg insert time (ms): 0.257
[Build] Inserted 80500/128000 points, avg insert time (ms): 0.001
[Build] Inserted 80600/128000 points, avg insert time (ms): 0.001
[Build] Inserted 80700/128000 points, avg insert time (ms): 0.251
[Build] Inserted 80800/128000 points, avg insert time (ms): 0.001
[Build] Inserted 80900/128000 points, avg insert time (ms): 0.001
[Build] Inserted 81000/128000 points, avg insert time (ms): 0.001
[Build] Inserted 81100/128000 points, avg insert time (ms): 0.001
[Build] Inserted 81200/128000 points, avg insert time (ms): 0.001
[Build] Inserted 81300/128000 points, avg insert time (ms): 0.001
[Build] Inserted 81400/128000 points, avg insert time (ms): 0.505
[Build] Inserted 81500/128000 points, avg insert time (ms): 0.001
[Build] Inserted 81600/128000 points, avg insert time (ms): 0.001
[Build] Inserted 81700/128000 points, avg insert time (ms): 0.001
[Build] Inserted 81800/128000 points, avg insert time (ms): 0.001
[Build] Inserted 81900/128000 points, avg insert time (ms): 0.001
[Build] Inserted 82000/128000 points, avg insert time (ms): 0.001
[Build] Inserted 82100/128000 points, avg insert time (ms): 0.001
[Build] Inserted 82200/128000 points, avg insert time (ms): 0.001
[Build] Inserted 82300/128000 points, avg insert time (ms): 0.001
[Build] Inserted 82400/128000 points, avg insert time (ms): 0.001
[Build] Inserted 82500/128000 points, avg insert time (ms): 0.270
[Build] Inserted 82600/128000 points, avg insert time (ms): 0.262
[Build] Inserted 82700/128000 points, avg insert time (ms): 0.001
[Build] Inserted 82800/128000 points, avg insert time (ms): 0.001
[Build] Inserted 82900/128000 points, avg insert time (ms): 0.001
[Build] Inserted 83000/128000 points, avg insert time (ms): 0.001
[Build] Inserted 83100/128000 points, avg insert time (ms): 0.001
[Build] Inserted 83200/128000 points, avg insert time (ms): 0.001
[Build] Inserted 83300/128000 points, avg insert time (ms): 0.001
[Build] Inserted 83400/128000 points, avg insert time (ms): 0.001
[Build] Inserted 83500/128000 points, avg insert time (ms): 0.001
[Build] Inserted 83600/128000 points, avg insert time (ms): 0.001
[Build] Inserted 83700/128000 points, avg insert time (ms): 0.001
[Build] Inserted 83800/128000 points, avg insert time (ms): 0.001
[Build] Inserted 83900/128000 points, avg insert time (ms): 0.001
[Build] Inserted 84000/128000 points, avg insert time (ms): 0.001
[Build] Inserted 84100/128000 points, avg insert time (ms): 0.001
[Build] Inserted 84200/128000 points, avg insert time (ms): 0.001
[Build] Inserted 84300/128000 points, avg insert time (ms): 0.001
[Build] Inserted 84400/128000 points, avg insert time (ms): 0.001
[Build] Inserted 84500/128000 points, avg insert time (ms): 0.001
[Build] Inserted 84600/128000 points, avg insert time (ms): 0.001
[Build] Inserted 84700/128000 points, avg insert time (ms): 0.001
[Build] Inserted 84800/128000 points, avg insert time (ms): 0.001
[Build] Inserted 84900/128000 points, avg insert time (ms): 0.001
[Build] Inserted 85000/128000 points, avg insert time (ms): 0.001
[Build] Inserted 85100/128000 points, avg insert time (ms): 0.001
[Build] Inserted 85200/128000 points, avg insert time (ms): 0.001
[Build] Inserted 85300/128000 points, avg insert time (ms): 0.001
[Build] Inserted 85400/128000 points, avg insert time (ms): 0.001
[Build] Inserted 85500/128000 points, avg insert time (ms): 0.001
[Build] Inserted 85600/128000 points, avg insert time (ms): 0.247
[Build] Inserted 85700/128000 points, avg insert time (ms): 0.002
[Build] Inserted 85800/128000 points, avg insert time (ms): 0.001
[Build] Inserted 85900/128000 points, avg insert time (ms): 0.001
[Build] Inserted 86000/128000 points, avg insert time (ms): 0.001
[Build] Inserted 86100/128000 points, avg insert time (ms): 0.001
[Build] Inserted 86200/128000 points, avg insert time (ms): 0.001
[Build] Inserted 86300/128000 points, avg insert time (ms): 0.001
[Build] Inserted 86400/128000 points, avg insert time (ms): 0.001
[Build] Inserted 86500/128000 points, avg insert time (ms): 0.001
[Build] Inserted 86600/128000 points, avg insert time (ms): 0.001
[Build] Inserted 86700/128000 points, avg insert time (ms): 0.253
[Build] Inserted 86800/128000 points, avg insert time (ms): 0.001
[Build] Inserted 86900/128000 points, avg insert time (ms): 0.001
[Build] Inserted 87000/128000 points, avg insert time (ms): 0.001
[Build] Inserted 87100/128000 points, avg insert time (ms): 0.001
[Build] Inserted 87200/128000 points, avg insert time (ms): 0.001
[Build] Inserted 87300/128000 points, avg insert time (ms): 0.001
[Build] Inserted 87400/128000 points, avg insert time (ms): 0.001
[Build] Inserted 87500/128000 points, avg insert time (ms): 0.001
[Build] Inserted 87600/128000 points, avg insert time (ms): 0.277
[Build] Inserted 87700/128000 points, avg insert time (ms): 0.001
[Build] Inserted 87800/128000 points, avg insert time (ms): 0.001
[Build] Inserted 87900/128000 points, avg insert time (ms): 0.001
[Build] Inserted 88000/128000 points, avg insert time (ms): 0.001
[Build] Inserted 88100/128000 points, avg insert time (ms): 0.001
[Build] Inserted 88200/128000 points, avg insert time (ms): 0.001
[Build] Inserted 88300/128000 points, avg insert time (ms): 0.001
[Build] Inserted 88400/128000 points, avg insert time (ms): 0.001
[Build] Inserted 88500/128000 points, avg insert time (ms): 0.001
[Build] Inserted 88600/128000 points, avg insert time (ms): 0.001
[Build] Inserted 88700/128000 points, avg insert time (ms): 0.001
[Build] Inserted 88800/128000 points, avg insert time (ms): 0.253
[Build] Inserted 88900/128000 points, avg insert time (ms): 0.001
[Build] Inserted 89000/128000 points, avg insert time (ms): 0.001
[Build] Inserted 89100/128000 points, avg insert time (ms): 0.001
[Build] Inserted 89200/128000 points, avg insert time (ms): 0.001
[Build] Inserted 89300/128000 points, avg insert time (ms): 0.001
[Build] Inserted 89400/128000 points, avg insert time (ms): 0.001
[Build] Inserted 89500/128000 points, avg insert time (ms): 0.001
[Build] Inserted 89600/128000 points, avg insert time (ms): 0.001
[Build] Inserted 89700/128000 points, avg insert time (ms): 0.001
[Build] Inserted 89800/128000 points, avg insert time (ms): 0.001
[Build] Inserted 89900/128000 points, avg insert time (ms): 0.001
[Build] Inserted 90000/128000 points, avg insert time (ms): 0.001
[Build] Inserted 90100/128000 points, avg insert time (ms): 0.001
[Build] Inserted 90200/128000 points, avg insert time (ms): 0.001
[Build] Inserted 90300/128000 points, avg insert time (ms): 0.272
[Build] Inserted 90400/128000 points, avg insert time (ms): 0.001
[Build] Inserted 90500/128000 points, avg insert time (ms): 0.001
[Build] Inserted 90600/128000 points, avg insert time (ms): 0.001
[Build] Inserted 90700/128000 points, avg insert time (ms): 0.001
[Build] Inserted 90800/128000 points, avg insert time (ms): 0.001
[Build] Inserted 90900/128000 points, avg insert time (ms): 0.001
[Build] Inserted 91000/128000 points, avg insert time (ms): 0.001
[Build] Inserted 91100/128000 points, avg insert time (ms): 0.001
[Build] Inserted 91200/128000 points, avg insert time (ms): 0.001
[Build] Inserted 91300/128000 points, avg insert time (ms): 0.001
[Build] Inserted 91400/128000 points, avg insert time (ms): 0.001
[Build] Inserted 91500/128000 points, avg insert time (ms): 0.001
[Build] Inserted 91600/128000 points, avg insert time (ms): 0.001
[Build] Inserted 91700/128000 points, avg insert time (ms): 0.001
[Build] Inserted 91800/128000 points, avg insert time (ms): 0.001
[Build] Inserted 91900/128000 points, avg insert time (ms): 0.001
[Build] Inserted 92000/128000 points, avg insert time (ms): 0.001
[Build] Inserted 92100/128000 points, avg insert time (ms): 0.250
[Build] Inserted 92200/128000 points, avg insert time (ms): 0.001
[Build] Inserted 92300/128000 points, avg insert time (ms): 0.001
[Build] Inserted 92400/128000 points, avg insert time (ms): 0.001
[Build] Inserted 92500/128000 points, avg insert time (ms): 0.001
[Build] Inserted 92600/128000 points, avg insert time (ms): 0.001
[Build] Inserted 92700/128000 points, avg insert time (ms): 0.001
[Build] Inserted 92800/128000 points, avg insert time (ms): 0.001
[Build] Inserted 92900/128000 points, avg insert time (ms): 0.001
[Build] Inserted 93000/128000 points, avg insert time (ms): 0.251
[Build] Inserted 93100/128000 points, avg insert time (ms): 0.001
[Build] Inserted 93200/128000 points, avg insert time (ms): 0.001
[Build] Inserted 93300/128000 points, avg insert time (ms): 0.001
[Build] Inserted 93400/128000 points, avg insert time (ms): 0.001
[Build] Inserted 93500/128000 points, avg insert time (ms): 0.001
[Build] Inserted 93600/128000 points, avg insert time (ms): 0.251
[Build] Inserted 93700/128000 points, avg insert time (ms): 0.001
[Build] Inserted 93800/128000 points, avg insert time (ms): 0.001
[Build] Inserted 93900/128000 points, avg insert time (ms): 0.001
[Build] Inserted 94000/128000 points, avg insert time (ms): 0.252
[Build] Inserted 94100/128000 points, avg insert time (ms): 0.001
[Build] Inserted 94200/128000 points, avg insert time (ms): 0.001
[Build] Inserted 94300/128000 points, avg insert time (ms): 0.251
[Build] Inserted 94400/128000 points, avg insert time (ms): 0.001
[Build] Inserted 94500/128000 points, avg insert time (ms): 0.001
[Build] Inserted 94600/128000 points, avg insert time (ms): 0.001
[Build] Inserted 94700/128000 points, avg insert time (ms): 0.255
[Build] Inserted 94800/128000 points, avg insert time (ms): 0.001
[Build] Inserted 94900/128000 points, avg insert time (ms): 0.001
[Build] Inserted 95000/128000 points, avg insert time (ms): 0.001
[Build] Inserted 95100/128000 points, avg insert time (ms): 0.001
[Build] Inserted 95200/128000 points, avg insert time (ms): 0.001
[Build] Inserted 95300/128000 points, avg insert time (ms): 0.001
[Build] Inserted 95400/128000 points, avg insert time (ms): 0.001
[Build] Inserted 95500/128000 points, avg insert time (ms): 0.001
[Build] Inserted 95600/128000 points, avg insert time (ms): 0.001
[Build] Inserted 95700/128000 points, avg insert time (ms): 0.001
[Build] Inserted 95800/128000 points, avg insert time (ms): 0.001
[Build] Inserted 95900/128000 points, avg insert time (ms): 0.001
[Build] Inserted 96000/128000 points, avg insert time (ms): 0.001
[Build] Inserted 96100/128000 points, avg insert time (ms): 0.256
[Build] Inserted 96200/128000 points, avg insert time (ms): 0.001
[Build] Inserted 96300/128000 points, avg insert time (ms): 0.001
[Build] Inserted 96400/128000 points, avg insert time (ms): 0.001
[Build] Inserted 96500/128000 points, avg insert time (ms): 0.001
[Build] Inserted 96600/128000 points, avg insert time (ms): 0.001
[Build] Inserted 96700/128000 points, avg insert time (ms): 0.001
[Build] Inserted 96800/128000 points, avg insert time (ms): 0.001
[Build] Inserted 96900/128000 points, avg insert time (ms): 0.001
[Build] Inserted 97000/128000 points, avg insert time (ms): 0.001
[Build] Inserted 97100/128000 points, avg insert time (ms): 0.001
[Build] Inserted 97200/128000 points, avg insert time (ms): 0.001
[Build] Inserted 97300/128000 points, avg insert time (ms): 0.001
[Build] Inserted 97400/128000 points, avg insert time (ms): 0.001
[Build] Inserted 97500/128000 points, avg insert time (ms): 0.001
[Build] Inserted 97600/128000 points, avg insert time (ms): 0.001
[Build] Inserted 97700/128000 points, avg insert time (ms): 0.001
[Build] Inserted 97800/128000 points, avg insert time (ms): 0.001
[Build] Inserted 97900/128000 points, avg insert time (ms): 0.001
[Build] Inserted 98000/128000 points, avg insert time (ms): 0.001
[Build] Inserted 98100/128000 points, avg insert time (ms): 0.001
[Build] Inserted 98200/128000 points, avg insert time (ms): 0.001
[Build] Inserted 98300/128000 points, avg insert time (ms): 0.001
[Build] Inserted 98400/128000 points, avg insert time (ms): 0.001
[Build] Inserted 98500/128000 points, avg insert time (ms): 0.001
[Build] Inserted 98600/128000 points, avg insert time (ms): 0.001
[Build] Inserted 98700/128000 points, avg insert time (ms): 0.001
[Build] Inserted 98800/128000 points, avg insert time (ms): 0.001
[Build] Inserted 98900/128000 points, avg insert time (ms): 0.001
[Build] Inserted 99000/128000 points, avg insert time (ms): 0.001
[Build] Inserted 99100/128000 points, avg insert time (ms): 0.001
[Build] Inserted 99200/128000 points, avg insert time (ms): 0.001
[Build] Inserted 99300/128000 points, avg insert time (ms): 0.001
[Build] Inserted 99400/128000 points, avg insert time (ms): 0.001
[Build] Inserted 99500/128000 points, avg insert time (ms): 0.001
[Build] Inserted 99600/128000 points, avg insert time (ms): 0.001
[Build] Inserted 99700/128000 points, avg insert time (ms): 0.001
[Build] Inserted 99800/128000 points, avg insert time (ms): 0.001
[Build] Inserted 99900/128000 points, avg insert time (ms): 0.285
[Build] Inserted 100000/128000 points, avg insert time (ms): 0.001
[Build] Inserted 100100/128000 points, avg insert time (ms): 0.261
[Build] Inserted 100200/128000 points, avg insert time (ms): 0.001
[Build] Inserted 100300/128000 points, avg insert time (ms): 0.001
[Build] Inserted 100400/128000 points, avg insert time (ms): 0.001
[Build] Inserted 100500/128000 points, avg insert time (ms): 0.001
[Build] Inserted 100600/128000 points, avg insert time (ms): 0.001
[Build] Inserted 100700/128000 points, avg insert time (ms): 0.001
[Build] Inserted 100800/128000 points, avg insert time (ms): 0.001
[Build] Inserted 100900/128000 points, avg insert time (ms): 0.001
[Build] Inserted 101000/128000 points, avg insert time (ms): 0.001
[Build] Inserted 101100/128000 points, avg insert time (ms): 0.001
[Build] Inserted 101200/128000 points, avg insert time (ms): 0.001
[Build] Inserted 101300/128000 points, avg insert time (ms): 0.001
[Build] Inserted 101400/128000 points, avg insert time (ms): 0.001
[Build] Inserted 101500/128000 points, avg insert time (ms): 0.001
[Build] Inserted 101600/128000 points, avg insert time (ms): 0.001
[Build] Inserted 101700/128000 points, avg insert time (ms): 0.001
[Build] Inserted 101800/128000 points, avg insert time (ms): 0.001
[Build] Inserted 101900/128000 points, avg insert time (ms): 0.001
[Build] Inserted 102000/128000 points, avg insert time (ms): 0.001
[Build] Inserted 102100/128000 points, avg insert time (ms): 0.001
[Build] Inserted 102200/128000 points, avg insert time (ms): 0.001
[Build] Inserted 102300/128000 points, avg insert time (ms): 0.001
[Build] Inserted 102400/128000 points, avg insert time (ms): 0.001
[Build] Inserted 102500/128000 points, avg insert time (ms): 0.001
[Build] Inserted 102600/128000 points, avg insert time (ms): 0.001
[Build] Inserted 102700/128000 points, avg insert time (ms): 0.001
[Build] Inserted 102800/128000 points, avg insert time (ms): 0.246
[Build] Inserted 102900/128000 points, avg insert time (ms): 0.001
[Build] Inserted 103000/128000 points, avg insert time (ms): 0.276
[Build] Inserted 103100/128000 points, avg insert time (ms): 0.001
[Build] Inserted 103200/128000 points, avg insert time (ms): 0.001
[Build] Inserted 103300/128000 points, avg insert time (ms): 0.001
[Build] Inserted 103400/128000 points, avg insert time (ms): 0.001
[Build] Inserted 103500/128000 points, avg insert time (ms): 0.001
[Build] Inserted 103600/128000 points, avg insert time (ms): 0.001
[Build] Inserted 103700/128000 points, avg insert time (ms): 0.001
[Build] Inserted 103800/128000 points, avg insert time (ms): 0.001
[Build] Inserted 103900/128000 points, avg insert time (ms): 0.001
[Build] Inserted 104000/128000 points, avg insert time (ms): 0.001
[Build] Inserted 104100/128000 points, avg insert time (ms): 0.001
[Build] Inserted 104200/128000 points, avg insert time (ms): 0.001
[Build] Inserted 104300/128000 points, avg insert time (ms): 0.001
[Build] Inserted 104400/128000 points, avg insert time (ms): 0.001
[Build] Inserted 104500/128000 points, avg insert time (ms): 0.001
[Build] Inserted 104600/128000 points, avg insert time (ms): 0.001
[Build] Inserted 104700/128000 points, avg insert time (ms): 0.262
[Build] Inserted 104800/128000 points, avg insert time (ms): 0.001
[Build] Inserted 104900/128000 points, avg insert time (ms): 0.001
[Build] Inserted 105000/128000 points, avg insert time (ms): 0.001
[Build] Inserted 105100/128000 points, avg insert time (ms): 0.001
[Build] Inserted 105200/128000 points, avg insert time (ms): 0.001
[Build] Inserted 105300/128000 points, avg insert time (ms): 0.001
[Build] Inserted 105400/128000 points, avg insert time (ms): 0.001
[Build] Inserted 105500/128000 points, avg insert time (ms): 0.266
[Build] Inserted 105600/128000 points, avg insert time (ms): 0.256
[Build] Inserted 105700/128000 points, avg insert time (ms): 0.001
[Build] Inserted 105800/128000 points, avg insert time (ms): 0.001
[Build] Inserted 105900/128000 points, avg insert time (ms): 0.001
[Build] Inserted 106000/128000 points, avg insert time (ms): 0.001
[Build] Inserted 106100/128000 points, avg insert time (ms): 0.001
[Build] Inserted 106200/128000 points, avg insert time (ms): 0.245
[Build] Inserted 106300/128000 points, avg insert time (ms): 0.246
[Build] Inserted 106400/128000 points, avg insert time (ms): 0.001
[Build] Inserted 106500/128000 points, avg insert time (ms): 0.001
[Build] Inserted 106600/128000 points, avg insert time (ms): 0.001
[Build] Inserted 106700/128000 points, avg insert time (ms): 0.001
[Build] Inserted 106800/128000 points, avg insert time (ms): 0.001
[Build] Inserted 106900/128000 points, avg insert time (ms): 0.001
[Build] Inserted 107000/128000 points, avg insert time (ms): 0.001
[Build] Inserted 107100/128000 points, avg insert time (ms): 0.001
[Build] Inserted 107200/128000 points, avg insert time (ms): 0.001
[Build] Inserted 107300/128000 points, avg insert time (ms): 0.001
[Build] Inserted 107400/128000 points, avg insert time (ms): 0.269
[Build] Inserted 107500/128000 points, avg insert time (ms): 0.001
[Build] Inserted 107600/128000 points, avg insert time (ms): 0.001
[Build] Inserted 107700/128000 points, avg insert time (ms): 0.001
[Build] Inserted 107800/128000 points, avg insert time (ms): 0.001
[Build] Inserted 107900/128000 points, avg insert time (ms): 0.001
[Build] Inserted 108000/128000 points, avg insert time (ms): 0.001
[Build] Inserted 108100/128000 points, avg insert time (ms): 0.001
[Build] Inserted 108200/128000 points, avg insert time (ms): 0.001
[Build] Inserted 108300/128000 points, avg insert time (ms): 0.001
[Build] Inserted 108400/128000 points, avg insert time (ms): 0.264
[Build] Inserted 108500/128000 points, avg insert time (ms): 0.001
[Build] Inserted 108600/128000 points, avg insert time (ms): 0.001
[Build] Inserted 108700/128000 points, avg insert time (ms): 0.001
[Build] Inserted 108800/128000 points, avg insert time (ms): 0.001
[Build] Inserted 108900/128000 points, avg insert time (ms): 0.001
[Build] Inserted 109000/128000 points, avg insert time (ms): 0.001
[Build] Inserted 109100/128000 points, avg insert time (ms): 0.001
[Build] Inserted 109200/128000 points, avg insert time (ms): 0.001
[Build] Inserted 109300/128000 points, avg insert time (ms): 0.001
[Build] Inserted 109400/128000 points, avg insert time (ms): 0.001
[Build] Inserted 109500/128000 points, avg insert time (ms): 0.001
[Build] Inserted 109600/128000 points, avg insert time (ms): 0.001
[Build] Inserted 109700/128000 points, avg insert time (ms): 0.001
[Build] Inserted 109800/128000 points, avg insert time (ms): 0.001
[Build] Inserted 109900/128000 points, avg insert time (ms): 0.001
[Build] Inserted 110000/128000 points, avg insert time (ms): 0.001
[Build] Inserted 110100/128000 points, avg insert time (ms): 0.270
[Build] Inserted 110200/128000 points, avg insert time (ms): 0.001
[Build] Inserted 110300/128000 points, avg insert time (ms): 0.001
[Build] Inserted 110400/128000 points, avg insert time (ms): 0.001
[Build] Inserted 110500/128000 points, avg insert time (ms): 0.001
[Build] Inserted 110600/128000 points, avg insert time (ms): 0.001
[Build] Inserted 110700/128000 points, avg insert time (ms): 0.001
[Build] Inserted 110800/128000 points, avg insert time (ms): 0.001
[Build] Inserted 110900/128000 points, avg insert time (ms): 0.001
[Build] Inserted 111000/128000 points, avg insert time (ms): 0.001
[Build] Inserted 111100/128000 points, avg insert time (ms): 0.001
[Build] Inserted 111200/128000 points, avg insert time (ms): 0.001
[Build] Inserted 111300/128000 points, avg insert time (ms): 0.001
[Build] Inserted 111400/128000 points, avg insert time (ms): 0.001
[Build] Inserted 111500/128000 points, avg insert time (ms): 0.001
[Build] Inserted 111600/128000 points, avg insert time (ms): 0.001
[Build] Inserted 111700/128000 points, avg insert time (ms): 0.001
[Build] Inserted 111800/128000 points, avg insert time (ms): 0.001
[Build] Inserted 111900/128000 points, avg insert time (ms): 0.001
[Build] Inserted 112000/128000 points, avg insert time (ms): 0.001
[Build] Inserted 112100/128000 points, avg insert time (ms): 0.001
[Build] Inserted 112200/128000 points, avg insert time (ms): 0.001
[Build] Inserted 112300/128000 points, avg insert time (ms): 0.001
[Build] Inserted 112400/128000 points, avg insert time (ms): 0.001
[Build] Inserted 112500/128000 points, avg insert time (ms): 0.001
[Build] Inserted 112600/128000 points, avg insert time (ms): 0.001
[Build] Inserted 112700/128000 points, avg insert time (ms): 0.001
[Build] Inserted 112800/128000 points, avg insert time (ms): 0.001
[Build] Inserted 112900/128000 points, avg insert time (ms): 0.001
[Build] Inserted 113000/128000 points, avg insert time (ms): 0.001
[Build] Inserted 113100/128000 points, avg insert time (ms): 0.001
[Build] Inserted 113200/128000 points, avg insert time (ms): 0.001
[Build] Inserted 113300/128000 points, avg insert time (ms): 0.001
[Build] Inserted 113400/128000 points, avg insert time (ms): 0.001
[Build] Inserted 113500/128000 points, avg insert time (ms): 0.001
[Build] Inserted 113600/128000 points, avg insert time (ms): 0.001
[Build] Inserted 113700/128000 points, avg insert time (ms): 0.001
[Build] Inserted 113800/128000 points, avg insert time (ms): 0.001
[Build] Inserted 113900/128000 points, avg insert time (ms): 0.001
[Build] Inserted 114000/128000 points, avg insert time (ms): 0.001
[Build] Inserted 114100/128000 points, avg insert time (ms): 0.001
[Build] Inserted 114200/128000 points, avg insert time (ms): 0.001
[Build] Inserted 114300/128000 points, avg insert time (ms): 0.001
[Build] Inserted 114400/128000 points, avg insert time (ms): 0.001
[Build] Inserted 114500/128000 points, avg insert time (ms): 0.001
[Build] Inserted 114600/128000 points, avg insert time (ms): 0.001
[Build] Inserted 114700/128000 points, avg insert time (ms): 0.001
[Build] Inserted 114800/128000 points, avg insert time (ms): 0.242
[Build] Inserted 114900/128000 points, avg insert time (ms): 0.001
[Build] Inserted 115000/128000 points, avg insert time (ms): 0.001
[Build] Inserted 115100/128000 points, avg insert time (ms): 0.001
[Build] Inserted 115200/128000 points, avg insert time (ms): 0.001
[Build] Inserted 115300/128000 points, avg insert time (ms): 0.001
[Build] Inserted 115400/128000 points, avg insert time (ms): 0.001
[Build] Inserted 115500/128000 points, avg insert time (ms): 0.001
[Build] Inserted 115600/128000 points, avg insert time (ms): 0.001
[Build] Inserted 115700/128000 points, avg insert time (ms): 0.001
[Build] Inserted 115800/128000 points, avg insert time (ms): 0.001
[Build] Inserted 115900/128000 points, avg insert time (ms): 0.001
[Build] Inserted 116000/128000 points, avg insert time (ms): 0.001
[Build] Inserted 116100/128000 points, avg insert time (ms): 0.001
[Build] Inserted 116200/128000 points, avg insert time (ms): 0.001
[Build] Inserted 116300/128000 points, avg insert time (ms): 0.001
[Build] Inserted 116400/128000 points, avg insert time (ms): 0.001
[Build] Inserted 116500/128000 points, avg insert time (ms): 0.001
[Build] Inserted 116600/128000 points, avg insert time (ms): 0.001
[Build] Inserted 116700/128000 points, avg insert time (ms): 0.264
[Build] Inserted 116800/128000 points, avg insert time (ms): 0.001
[Build] Inserted 116900/128000 points, avg insert time (ms): 0.001
[Build] Inserted 117000/128000 points, avg insert time (ms): 0.001
[Build] Inserted 117100/128000 points, avg insert time (ms): 0.001
[Build] Inserted 117200/128000 points, avg insert time (ms): 0.001
[Build] Inserted 117300/128000 points, avg insert time (ms): 0.001
[Build] Inserted 117400/128000 points, avg insert time (ms): 0.001
[Build] Inserted 117500/128000 points, avg insert time (ms): 0.001
[Build] Inserted 117600/128000 points, avg insert time (ms): 0.001
[Build] Inserted 117700/128000 points, avg insert time (ms): 0.001
[Build] Inserted 117800/128000 points, avg insert time (ms): 0.000
[Build] Inserted 117900/128000 points, avg insert time (ms): 0.001
[Build] Inserted 118000/128000 points, avg insert time (ms): 0.001
[Build] Inserted 118100/128000 points, avg insert time (ms): 0.001
[Build] Inserted 118200/128000 points, avg insert time (ms): 0.001
[Build] Inserted 118300/128000 points, avg insert time (ms): 0.253
[Build] Inserted 118400/128000 points, avg insert time (ms): 0.001
[Build] Inserted 118500/128000 points, avg insert time (ms): 0.001
[Build] Inserted 118600/128000 points, avg insert time (ms): 0.001
[Build] Inserted 118700/128000 points, avg insert time (ms): 0.001
[Build] Inserted 118800/128000 points, avg insert time (ms): 0.001
[Build] Inserted 118900/128000 points, avg insert time (ms): 0.001
[Build] Inserted 119000/128000 points, avg insert time (ms): 0.001
[Build] Inserted 119100/128000 points, avg insert time (ms): 0.001
[Build] Inserted 119200/128000 points, avg insert time (ms): 0.001
[Build] Inserted 119300/128000 points, avg insert time (ms): 0.001
[Build] Inserted 119400/128000 points, avg insert time (ms): 0.001
[Build] Inserted 119500/128000 points, avg insert time (ms): 0.001
[Build] Inserted 119600/128000 points, avg insert time (ms): 0.001
[Build] Inserted 119700/128000 points, avg insert time (ms): 0.001
[Build] Inserted 119800/128000 points, avg insert time (ms): 0.001
[Build] Inserted 119900/128000 points, avg insert time (ms): 0.503
[Build] Inserted 120000/128000 points, avg insert time (ms): 0.001
[Build] Inserted 120100/128000 points, avg insert time (ms): 0.001
[Build] Inserted 120200/128000 points, avg insert time (ms): 0.001
[Build] Inserted 120300/128000 points, avg insert time (ms): 0.001
[Build] Inserted 120400/128000 points, avg insert time (ms): 0.001
[Build] Inserted 120500/128000 points, avg insert time (ms): 0.001
[Build] Inserted 120600/128000 points, avg insert time (ms): 0.001
[Build] Inserted 120700/128000 points, avg insert time (ms): 0.001
[Build] Inserted 120800/128000 points, avg insert time (ms): 0.001
[Build] Inserted 120900/128000 points, avg insert time (ms): 0.001
[Build] Inserted 121000/128000 points, avg insert time (ms): 0.001
[Build] Inserted 121100/128000 points, avg insert time (ms): 0.001
[Build] Inserted 121200/128000 points, avg insert time (ms): 0.001
[Build] Inserted 121300/128000 points, avg insert time (ms): 0.001
[Build] Inserted 121400/128000 points, avg insert time (ms): 0.001
[Build] Inserted 121500/128000 points, avg insert time (ms): 0.001
[Build] Inserted 121600/128000 points, avg insert time (ms): 0.001
[Build] Inserted 121700/128000 points, avg insert time (ms): 0.001
[Build] Inserted 121800/128000 points, avg insert time (ms): 0.001
[Build] Inserted 121900/128000 points, avg insert time (ms): 0.000
[Build] Inserted 122000/128000 points, avg insert time (ms): 0.001
[Build] Inserted 122100/128000 points, avg insert time (ms): 0.001
[Build] Inserted 122200/128000 points, avg insert time (ms): 0.001
[Build] Inserted 122300/128000 points, avg insert time (ms): 0.001
[Build] Inserted 122400/128000 points, avg insert time (ms): 0.000
[Build] Inserted 122500/128000 points, avg insert time (ms): 0.260
[Build] Inserted 122600/128000 points, avg insert time (ms): 0.001
[Build] Inserted 122700/128000 points, avg insert time (ms): 0.001
[Build] Inserted 122800/128000 points, avg insert time (ms): 0.001
[Build] Inserted 122900/128000 points, avg insert time (ms): 0.001
[Build] Inserted 123000/128000 points, avg insert time (ms): 0.001
[Build] Inserted 123100/128000 points, avg insert time (ms): 0.001
[Build] Inserted 123200/128000 points, avg insert time (ms): 0.001
[Build] Inserted 123300/128000 points, avg insert time (ms): 0.001
[Build] Inserted 123400/128000 points, avg insert time (ms): 0.001
[Build] Inserted 123500/128000 points, avg insert time (ms): 0.001
[Build] Inserted 123600/128000 points, avg insert time (ms): 0.001
[Build] Inserted 123700/128000 points, avg insert time (ms): 0.243
[Build] Inserted 123800/128000 points, avg insert time (ms): 0.001
[Build] Inserted 123900/128000 points, avg insert time (ms): 0.001
[Build] Inserted 124000/128000 points, avg insert time (ms): 0.001
[Build] Inserted 124100/128000 points, avg insert time (ms): 0.001
[Build] Inserted 124200/128000 points, avg insert time (ms): 0.001
[Build] Inserted 124300/128000 points, avg insert time (ms): 0.001
[Build] Inserted 124400/128000 points, avg insert time (ms): 0.001
[Build] Inserted 124500/128000 points, avg insert time (ms): 0.001
[Build] Inserted 124600/128000 points, avg insert time (ms): 0.001
[Build] Inserted 124700/128000 points, avg insert time (ms): 0.001
[Build] Inserted 124800/128000 points, avg insert time (ms): 0.001
[Build] Inserted 124900/128000 points, avg insert time (ms): 0.001
[Build] Inserted 125000/128000 points, avg insert time (ms): 0.001
[Build] Inserted 125100/128000 points, avg insert time (ms): 0.001
[Build] Inserted 125200/128000 points, avg insert time (ms): 0.001
[Build] Inserted 125300/128000 points, avg insert time (ms): 0.001
[Build] Inserted 125400/128000 points, avg insert time (ms): 0.001
[Build] Inserted 125500/128000 points, avg insert time (ms): 0.001
[Build] Inserted 125600/128000 points, avg insert time (ms): 0.001
[Build] Inserted 125700/128000 points, avg insert time (ms): 0.001
[Build] Inserted 125800/128000 points, avg insert time (ms): 0.001
[Build] Inserted 125900/128000 points, avg insert time (ms): 0.001
[Build] Inserted 126000/128000 points, avg insert time (ms): 0.001
[Build] Inserted 126100/128000 points, avg insert time (ms): 0.001
[Build] Inserted 126200/128000 points, avg insert time (ms): 0.001
[Build] Inserted 126300/128000 points, avg insert time (ms): 0.001
[Build] Inserted 126400/128000 points, avg insert time (ms): 0.000
[Build] Inserted 126500/128000 points, avg insert time (ms): 0.001
[Build] Inserted 126600/128000 points, avg insert time (ms): 0.001
[Build] Inserted 126700/128000 points, avg insert time (ms): 0.001
[Build] Inserted 126800/128000 points, avg insert time (ms): 0.001
[Build] Inserted 126900/128000 points, avg insert time (ms): 0.001
[Build] Inserted 127000/128000 points, avg insert time (ms): 0.001
[Build] Inserted 127100/128000 points, avg insert time (ms): 0.001
[Build] Inserted 127200/128000 points, avg insert time (ms): 0.001
[Build] Inserted 127300/128000 points, avg insert time (ms): 0.001
[Build] Inserted 127400/128000 points, avg insert time (ms): 0.001
[Build] Inserted 127500/128000 points, avg insert time (ms): 0.001
[Build] Inserted 127600/128000 points, avg insert time (ms): 0.001
[Build] Inserted 127700/128000 points, avg insert time (ms): 0.249
[Build] Inserted 127800/128000 points, avg insert time (ms): 0.001
[Build] Inserted 127900/128000 points, avg insert time (ms): 0.001
[Build] Inserted 128000/128000 points, avg insert time (ms): 0.001
[Timing] Total insertion time: 3.48 s
[Build] Starting queries...
[Query] Processed 1/1 queries, avg query time (ms): 25.747
[Timing] Total query time: 0.03 s
[Eval] Computing ground truth top-K...
[Timing] Ground truth (FAISS): 0.00 s (4.343 ms/query)
[Timing] Ground truth computation: 1.62 s
[Eval] Computing recall metrics...
[Timing] Recall evaluation: 0.03 s
[Eval] Computing (c,r)-ANN accuracy...
[Timing] FAISS r* computation: 0.00 s (3.452 ms/query)
[CR-ANN] 1/1 processed, avg time (ann.query): 26.210 ms
[Timing] (c,r)-ANN eval: 0.03 s (26.684 ms/query)
[Sanity Check] Total Relevant = 1
[Timing] (c,r)-ANN evaluation: 0.10 s
[Result] Memory breakdown (MB): {'hash_functions_MB': 26.62236785888672, 'bucket_ids_MB': 0.8597946166992188, 'num_ids': 225390, 'num_buckets': 123229, 'hash_tables_overhead_MB': 10.341789245605469, 'total_MB': 37.823951721191406}
[Result] Epsilon-recall: 0.2400
[Result] (c,r)-ANN accuracy: 1.0000

[Timing Summary]
  Insert phase: 3.48 s
  Query phase: 0.03 s
  Ground truth: 1.62 s
  Recall eval: 0.03 s
  (c,r)-ANN eval: 0.10 s
  Total time: 5.25 s
[SUMMARY] r=1.0, eps=0.5, eta=0.6, recall=0.2400, (c,r)-ANN accuracy=1.0, memory=37.823951721191406
