[Init] Inputs : eta=0.30, epsilon=0.50, r=1.00
[Init] LSH Parameters : w=3.154, p1=0.7472, p2=0.6267, rho=0.6236
[Init] Data Structure Parameters : k=21, L=560, key_bits=672, mode=speed
[Build] Starting insertion...
[Build] Inserted 100/16000 points, avg insert time (ms): 0.308
[Build] Inserted 200/16000 points, avg insert time (ms): 0.447
[Build] Inserted 300/16000 points, avg insert time (ms): 0.252
[Build] Inserted 400/16000 points, avg insert time (ms): 0.464
[Build] Inserted 500/16000 points, avg insert time (ms): 0.519
[Build] Inserted 600/16000 points, avg insert time (ms): 0.315
[Build] Inserted 700/16000 points, avg insert time (ms): 0.502
[Build] Inserted 800/16000 points, avg insert time (ms): 0.413
[Build] Inserted 900/16000 points, avg insert time (ms): 0.341
[Build] Inserted 1000/16000 points, avg insert time (ms): 0.441
[Build] Inserted 1100/16000 points, avg insert time (ms): 0.334
[Build] Inserted 1200/16000 points, avg insert time (ms): 0.256
[Build] Inserted 1300/16000 points, avg insert time (ms): 0.346
[Build] Inserted 1400/16000 points, avg insert time (ms): 0.194
[Build] Inserted 1500/16000 points, avg insert time (ms): 0.457
[Build] Inserted 1600/16000 points, avg insert time (ms): 0.660
[Build] Inserted 1700/16000 points, avg insert time (ms): 0.470
[Build] Inserted 1800/16000 points, avg insert time (ms): 0.256
[Build] Inserted 1900/16000 points, avg insert time (ms): 0.382
[Build] Inserted 2000/16000 points, avg insert time (ms): 0.395
[Build] Inserted 2100/16000 points, avg insert time (ms): 0.523
[Build] Inserted 2200/16000 points, avg insert time (ms): 0.972
[Build] Inserted 2300/16000 points, avg insert time (ms): 0.248
[Build] Inserted 2400/16000 points, avg insert time (ms): 0.230
[Build] Inserted 2500/16000 points, avg insert time (ms): 0.462
[Build] Inserted 2600/16000 points, avg insert time (ms): 0.329
[Build] Inserted 2700/16000 points, avg insert time (ms): 0.505
[Build] Inserted 2800/16000 points, avg insert time (ms): 0.488
[Build] Inserted 2900/16000 points, avg insert time (ms): 0.322
[Build] Inserted 3000/16000 points, avg insert time (ms): 0.621
[Build] Inserted 3100/16000 points, avg insert time (ms): 0.516
[Build] Inserted 3200/16000 points, avg insert time (ms): 0.265
[Build] Inserted 3300/16000 points, avg insert time (ms): 0.380
[Build] Inserted 3400/16000 points, avg insert time (ms): 0.122
[Build] Inserted 3500/16000 points, avg insert time (ms): 0.182
[Build] Inserted 3600/16000 points, avg insert time (ms): 0.242
[Build] Inserted 3700/16000 points, avg insert time (ms): 0.460
[Build] Inserted 3800/16000 points, avg insert time (ms): 0.491
[Build] Inserted 3900/16000 points, avg insert time (ms): 0.396
[Build] Inserted 4000/16000 points, avg insert time (ms): 0.261
[Build] Inserted 4100/16000 points, avg insert time (ms): 0.187
[Build] Inserted 4200/16000 points, avg insert time (ms): 0.178
[Build] Inserted 4300/16000 points, avg insert time (ms): 0.118
[Build] Inserted 4400/16000 points, avg insert time (ms): 0.245
[Build] Inserted 4500/16000 points, avg insert time (ms): 0.424
[Build] Inserted 4600/16000 points, avg insert time (ms): 0.363
[Build] Inserted 4700/16000 points, avg insert time (ms): 0.478
[Build] Inserted 4800/16000 points, avg insert time (ms): 0.459
[Build] Inserted 4900/16000 points, avg insert time (ms): 0.375
[Build] Inserted 5000/16000 points, avg insert time (ms): 0.307
[Build] Inserted 5100/16000 points, avg insert time (ms): 0.241
[Build] Inserted 5200/16000 points, avg insert time (ms): 0.139
[Build] Inserted 5300/16000 points, avg insert time (ms): 0.372
[Build] Inserted 5400/16000 points, avg insert time (ms): 0.313
[Build] Inserted 5500/16000 points, avg insert time (ms): 0.366
[Build] Inserted 5600/16000 points, avg insert time (ms): 0.366
[Build] Inserted 5700/16000 points, avg insert time (ms): 0.250
[Build] Inserted 5800/16000 points, avg insert time (ms): 0.761
[Build] Inserted 5900/16000 points, avg insert time (ms): 0.272
[Build] Inserted 6000/16000 points, avg insert time (ms): 0.459
[Build] Inserted 6100/16000 points, avg insert time (ms): 0.650
[Build] Inserted 6200/16000 points, avg insert time (ms): 0.622
[Build] Inserted 6300/16000 points, avg insert time (ms): 0.550
[Build] Inserted 6400/16000 points, avg insert time (ms): 0.305
[Build] Inserted 6500/16000 points, avg insert time (ms): 0.422
[Build] Inserted 6600/16000 points, avg insert time (ms): 0.429
[Build] Inserted 6700/16000 points, avg insert time (ms): 0.455
[Build] Inserted 6800/16000 points, avg insert time (ms): 0.453
[Build] Inserted 6900/16000 points, avg insert time (ms): 0.383
[Build] Inserted 7000/16000 points, avg insert time (ms): 0.466
[Build] Inserted 7100/16000 points, avg insert time (ms): 0.385
[Build] Inserted 7200/16000 points, avg insert time (ms): 0.487
[Build] Inserted 7300/16000 points, avg insert time (ms): 0.262
[Build] Inserted 7400/16000 points, avg insert time (ms): 0.520
[Build] Inserted 7500/16000 points, avg insert time (ms): 0.422
[Build] Inserted 7600/16000 points, avg insert time (ms): 0.369
[Build] Inserted 7700/16000 points, avg insert time (ms): 0.240
[Build] Inserted 7800/16000 points, avg insert time (ms): 0.293
[Build] Inserted 7900/16000 points, avg insert time (ms): 0.512
[Build] Inserted 8000/16000 points, avg insert time (ms): 0.541
[Build] Inserted 8100/16000 points, avg insert time (ms): 0.323
[Build] Inserted 8200/16000 points, avg insert time (ms): 0.307
[Build] Inserted 8300/16000 points, avg insert time (ms): 0.238
[Build] Inserted 8400/16000 points, avg insert time (ms): 0.247
[Build] Inserted 8500/16000 points, avg insert time (ms): 0.350
[Build] Inserted 8600/16000 points, avg insert time (ms): 0.646
[Build] Inserted 8700/16000 points, avg insert time (ms): 0.210
[Build] Inserted 8800/16000 points, avg insert time (ms): 0.364
[Build] Inserted 8900/16000 points, avg insert time (ms): 0.309
[Build] Inserted 9000/16000 points, avg insert time (ms): 0.322
[Build] Inserted 9100/16000 points, avg insert time (ms): 0.419
[Build] Inserted 9200/16000 points, avg insert time (ms): 0.120
[Build] Inserted 9300/16000 points, avg insert time (ms): 0.325
[Build] Inserted 9400/16000 points, avg insert time (ms): 0.069
[Build] Inserted 9500/16000 points, avg insert time (ms): 0.431
[Build] Inserted 9600/16000 points, avg insert time (ms): 0.305
[Build] Inserted 9700/16000 points, avg insert time (ms): 0.250
[Build] Inserted 9800/16000 points, avg insert time (ms): 0.374
[Build] Inserted 9900/16000 points, avg insert time (ms): 0.479
[Build] Inserted 10000/16000 points, avg insert time (ms): 0.179
[Build] Inserted 10100/16000 points, avg insert time (ms): 0.356
[Build] Inserted 10200/16000 points, avg insert time (ms): 0.304
[Build] Inserted 10300/16000 points, avg insert time (ms): 0.240
[Build] Inserted 10400/16000 points, avg insert time (ms): 0.255
[Build] Inserted 10500/16000 points, avg insert time (ms): 0.130
[Build] Inserted 10600/16000 points, avg insert time (ms): 0.315
[Build] Inserted 10700/16000 points, avg insert time (ms): 0.130
[Build] Inserted 10800/16000 points, avg insert time (ms): 0.346
[Build] Inserted 10900/16000 points, avg insert time (ms): 0.589
[Build] Inserted 11000/16000 points, avg insert time (ms): 0.244
[Build] Inserted 11100/16000 points, avg insert time (ms): 0.493
[Build] Inserted 11200/16000 points, avg insert time (ms): 0.428
[Build] Inserted 11300/16000 points, avg insert time (ms): 0.310
[Build] Inserted 11400/16000 points, avg insert time (ms): 0.298
[Build] Inserted 11500/16000 points, avg insert time (ms): 0.245
[Build] Inserted 11600/16000 points, avg insert time (ms): 0.513
[Build] Inserted 11700/16000 points, avg insert time (ms): 0.695
[Build] Inserted 11800/16000 points, avg insert time (ms): 0.374
[Build] Inserted 11900/16000 points, avg insert time (ms): 0.358
[Build] Inserted 12000/16000 points, avg insert time (ms): 0.372
[Build] Inserted 12100/16000 points, avg insert time (ms): 0.255
[Build] Inserted 12200/16000 points, avg insert time (ms): 0.374
[Build] Inserted 12300/16000 points, avg insert time (ms): 0.531
[Build] Inserted 12400/16000 points, avg insert time (ms): 0.236
[Build] Inserted 12500/16000 points, avg insert time (ms): 0.808
[Build] Inserted 12600/16000 points, avg insert time (ms): 0.429
[Build] Inserted 12700/16000 points, avg insert time (ms): 0.262
[Build] Inserted 12800/16000 points, avg insert time (ms): 0.438
[Build] Inserted 12900/16000 points, avg insert time (ms): 0.454
[Build] Inserted 13000/16000 points, avg insert time (ms): 0.363
[Build] Inserted 13100/16000 points, avg insert time (ms): 0.118
[Build] Inserted 13200/16000 points, avg insert time (ms): 0.244
[Build] Inserted 13300/16000 points, avg insert time (ms): 0.473
[Build] Inserted 13400/16000 points, avg insert time (ms): 0.312
[Build] Inserted 13500/16000 points, avg insert time (ms): 0.063
[Build] Inserted 13600/16000 points, avg insert time (ms): 0.179
[Build] Inserted 13700/16000 points, avg insert time (ms): 0.541
[Build] Inserted 13800/16000 points, avg insert time (ms): 0.315
[Build] Inserted 13900/16000 points, avg insert time (ms): 0.268
[Build] Inserted 14000/16000 points, avg insert time (ms): 0.314
[Build] Inserted 14100/16000 points, avg insert time (ms): 0.243
[Build] Inserted 14200/16000 points, avg insert time (ms): 0.379
[Build] Inserted 14300/16000 points, avg insert time (ms): 0.308
[Build] Inserted 14400/16000 points, avg insert time (ms): 0.423
[Build] Inserted 14500/16000 points, avg insert time (ms): 0.375
[Build] Inserted 14600/16000 points, avg insert time (ms): 0.437
[Build] Inserted 14700/16000 points, avg insert time (ms): 0.517
[Build] Inserted 14800/16000 points, avg insert time (ms): 0.433
[Build] Inserted 14900/16000 points, avg insert time (ms): 0.398
[Build] Inserted 15000/16000 points, avg insert time (ms): 0.074
[Build] Inserted 15100/16000 points, avg insert time (ms): 0.535
[Build] Inserted 15200/16000 points, avg insert time (ms): 0.369
[Build] Inserted 15300/16000 points, avg insert time (ms): 0.863
[Build] Inserted 15400/16000 points, avg insert time (ms): 0.367
[Build] Inserted 15500/16000 points, avg insert time (ms): 0.472
[Build] Inserted 15600/16000 points, avg insert time (ms): 0.480
[Build] Inserted 15700/16000 points, avg insert time (ms): 0.432
[Build] Inserted 15800/16000 points, avg insert time (ms): 0.369
[Build] Inserted 15900/16000 points, avg insert time (ms): 0.063
[Build] Inserted 16000/16000 points, avg insert time (ms): 0.633
[Timing] Total insertion time: 6.12 s
[Build] Starting queries...
[Query] Processed 1/1 queries, avg query time (ms): 10.549
[Timing] Total query time: 0.01 s
[Eval] Computing ground truth top-K...
[Timing] Ground truth (FAISS): 0.00 s (0.497 ms/query)
[Timing] Ground truth computation: 0.19 s
[Eval] Computing recall metrics...
[Timing] Recall evaluation: 0.01 s
[Eval] Computing (c,r)-ANN accuracy...
[Timing] FAISS r* computation: 0.00 s (0.662 ms/query)
[CR-ANN] 1/1 processed, avg time (ann.query): 15.214 ms
[Timing] (c,r)-ANN eval: 0.02 s (15.792 ms/query)
[Sanity Check] Total Relevant = 1
[Timing] (c,r)-ANN evaluation: 0.02 s
[Result] Memory breakdown (MB): {'hash_functions_MB': 5.87677001953125, 'bucket_ids_MB': 1.8585205078125, 'num_ids': 487200, 'num_buckets': 80002, 'hash_tables_overhead_MB': 6.7140350341796875, 'total_MB': 14.449325561523438}
[Result] Epsilon-recall: 1.0000
[Result] (c,r)-ANN accuracy: 1.0000

[Timing Summary]
  Insert phase: 6.12 s
  Query phase: 0.01 s
  Ground truth: 0.19 s
  Recall eval: 0.01 s
  (c,r)-ANN eval: 0.02 s
  Total time: 6.36 s
[SUMMARY] r=1.0, eps=0.5, eta=0.3, recall=1.0000, (c,r)-ANN accuracy=1.0, memory=14.449325561523438
