[Init] Inputs : eta=0.40, epsilon=0.50, r=1.00
[Init] LSH Parameters : w=3.154, p1=0.7472, p2=0.6267, rho=0.6236
[Init] Data Structure Parameters : k=21, L=560, key_bits=672, mode=speed
[Build] Starting insertion...
[Build] Inserted 100/16000 points, avg insert time (ms): 0.068
[Build] Inserted 200/16000 points, avg insert time (ms): 0.129
[Build] Inserted 300/16000 points, avg insert time (ms): 0.216
[Build] Inserted 400/16000 points, avg insert time (ms): 0.195
[Build] Inserted 500/16000 points, avg insert time (ms): 0.152
[Build] Inserted 600/16000 points, avg insert time (ms): 0.074
[Build] Inserted 700/16000 points, avg insert time (ms): 0.066
[Build] Inserted 800/16000 points, avg insert time (ms): 0.278
[Build] Inserted 900/16000 points, avg insert time (ms): 0.331
[Build] Inserted 1000/16000 points, avg insert time (ms): 0.073
[Build] Inserted 1100/16000 points, avg insert time (ms): 0.228
[Build] Inserted 1200/16000 points, avg insert time (ms): 0.062
[Build] Inserted 1300/16000 points, avg insert time (ms): 0.064
[Build] Inserted 1400/16000 points, avg insert time (ms): 0.267
[Build] Inserted 1500/16000 points, avg insert time (ms): 0.065
[Build] Inserted 1600/16000 points, avg insert time (ms): 0.001
[Build] Inserted 1700/16000 points, avg insert time (ms): 0.066
[Build] Inserted 1800/16000 points, avg insert time (ms): 0.001
[Build] Inserted 1900/16000 points, avg insert time (ms): 0.066
[Build] Inserted 2000/16000 points, avg insert time (ms): 0.129
[Build] Inserted 2100/16000 points, avg insert time (ms): 0.066
[Build] Inserted 2200/16000 points, avg insert time (ms): 0.129
[Build] Inserted 2300/16000 points, avg insert time (ms): 0.065
[Build] Inserted 2400/16000 points, avg insert time (ms): 0.194
[Build] Inserted 2500/16000 points, avg insert time (ms): 0.125
[Build] Inserted 2600/16000 points, avg insert time (ms): 0.192
[Build] Inserted 2700/16000 points, avg insert time (ms): 0.062
[Build] Inserted 2800/16000 points, avg insert time (ms): 0.188
[Build] Inserted 2900/16000 points, avg insert time (ms): 0.127
[Build] Inserted 3000/16000 points, avg insert time (ms): 0.188
[Build] Inserted 3100/16000 points, avg insert time (ms): 0.191
[Build] Inserted 3200/16000 points, avg insert time (ms): 0.065
[Build] Inserted 3300/16000 points, avg insert time (ms): 0.001
[Build] Inserted 3400/16000 points, avg insert time (ms): 0.133
[Build] Inserted 3500/16000 points, avg insert time (ms): 0.255
[Build] Inserted 3600/16000 points, avg insert time (ms): 0.132
[Build] Inserted 3700/16000 points, avg insert time (ms): 0.126
[Build] Inserted 3800/16000 points, avg insert time (ms): 0.139
[Build] Inserted 3900/16000 points, avg insert time (ms): 0.320
[Build] Inserted 4000/16000 points, avg insert time (ms): 0.256
[Build] Inserted 4100/16000 points, avg insert time (ms): 0.131
[Build] Inserted 4200/16000 points, avg insert time (ms): 0.314
[Build] Inserted 4300/16000 points, avg insert time (ms): 0.245
[Build] Inserted 4400/16000 points, avg insert time (ms): 0.129
[Build] Inserted 4500/16000 points, avg insert time (ms): 0.373
[Build] Inserted 4600/16000 points, avg insert time (ms): 0.138
[Build] Inserted 4700/16000 points, avg insert time (ms): 0.001
[Build] Inserted 4800/16000 points, avg insert time (ms): 0.135
[Build] Inserted 4900/16000 points, avg insert time (ms): 0.071
[Build] Inserted 5000/16000 points, avg insert time (ms): 0.001
[Build] Inserted 5100/16000 points, avg insert time (ms): 0.183
[Build] Inserted 5200/16000 points, avg insert time (ms): 0.156
[Build] Inserted 5300/16000 points, avg insert time (ms): 0.292
[Build] Inserted 5400/16000 points, avg insert time (ms): 0.067
[Build] Inserted 5500/16000 points, avg insert time (ms): 0.001
[Build] Inserted 5600/16000 points, avg insert time (ms): 0.001
[Build] Inserted 5700/16000 points, avg insert time (ms): 0.151
[Build] Inserted 5800/16000 points, avg insert time (ms): 0.203
[Build] Inserted 5900/16000 points, avg insert time (ms): 0.322
[Build] Inserted 6000/16000 points, avg insert time (ms): 0.126
[Build] Inserted 6100/16000 points, avg insert time (ms): 0.264
[Build] Inserted 6200/16000 points, avg insert time (ms): 0.199
[Build] Inserted 6300/16000 points, avg insert time (ms): 0.145
[Build] Inserted 6400/16000 points, avg insert time (ms): 0.428
[Build] Inserted 6500/16000 points, avg insert time (ms): 0.443
[Build] Inserted 6600/16000 points, avg insert time (ms): 0.198
[Build] Inserted 6700/16000 points, avg insert time (ms): 0.269
[Build] Inserted 6800/16000 points, avg insert time (ms): 0.001
[Build] Inserted 6900/16000 points, avg insert time (ms): 0.384
[Build] Inserted 7000/16000 points, avg insert time (ms): 0.127
[Build] Inserted 7100/16000 points, avg insert time (ms): 0.131
[Build] Inserted 7200/16000 points, avg insert time (ms): 0.227
[Build] Inserted 7300/16000 points, avg insert time (ms): 0.648
[Build] Inserted 7400/16000 points, avg insert time (ms): 0.092
[Build] Inserted 7500/16000 points, avg insert time (ms): 0.136
[Build] Inserted 7600/16000 points, avg insert time (ms): 0.258
[Build] Inserted 7700/16000 points, avg insert time (ms): 0.001
[Build] Inserted 7800/16000 points, avg insert time (ms): 0.191
[Build] Inserted 7900/16000 points, avg insert time (ms): 0.138
[Build] Inserted 8000/16000 points, avg insert time (ms): 0.155
[Build] Inserted 8100/16000 points, avg insert time (ms): 0.297
[Build] Inserted 8200/16000 points, avg insert time (ms): 0.209
[Build] Inserted 8300/16000 points, avg insert time (ms): 0.255
[Build] Inserted 8400/16000 points, avg insert time (ms): 0.063
[Build] Inserted 8500/16000 points, avg insert time (ms): 0.221
[Build] Inserted 8600/16000 points, avg insert time (ms): 0.068
[Build] Inserted 8700/16000 points, avg insert time (ms): 0.065
[Build] Inserted 8800/16000 points, avg insert time (ms): 0.499
[Build] Inserted 8900/16000 points, avg insert time (ms): 0.263
[Build] Inserted 9000/16000 points, avg insert time (ms): 0.482
[Build] Inserted 9100/16000 points, avg insert time (ms): 0.078
[Build] Inserted 9200/16000 points, avg insert time (ms): 0.190
[Build] Inserted 9300/16000 points, avg insert time (ms): 0.001
[Build] Inserted 9400/16000 points, avg insert time (ms): 0.123
[Build] Inserted 9500/16000 points, avg insert time (ms): 0.063
[Build] Inserted 9600/16000 points, avg insert time (ms): 0.074
[Build] Inserted 9700/16000 points, avg insert time (ms): 0.145
[Build] Inserted 9800/16000 points, avg insert time (ms): 0.068
[Build] Inserted 9900/16000 points, avg insert time (ms): 0.267
[Build] Inserted 10000/16000 points, avg insert time (ms): 0.074
[Build] Inserted 10100/16000 points, avg insert time (ms): 0.124
[Build] Inserted 10200/16000 points, avg insert time (ms): 0.314
[Build] Inserted 10300/16000 points, avg insert time (ms): 0.062
[Build] Inserted 10400/16000 points, avg insert time (ms): 0.063
[Build] Inserted 10500/16000 points, avg insert time (ms): 0.060
[Build] Inserted 10600/16000 points, avg insert time (ms): 0.061
[Build] Inserted 10700/16000 points, avg insert time (ms): 0.063
[Build] Inserted 10800/16000 points, avg insert time (ms): 0.122
[Build] Inserted 10900/16000 points, avg insert time (ms): 0.061
[Build] Inserted 11000/16000 points, avg insert time (ms): 0.062
[Build] Inserted 11100/16000 points, avg insert time (ms): 0.193
[Build] Inserted 11200/16000 points, avg insert time (ms): 0.130
[Build] Inserted 11300/16000 points, avg insert time (ms): 0.124
[Build] Inserted 11400/16000 points, avg insert time (ms): 0.001
[Build] Inserted 11500/16000 points, avg insert time (ms): 0.069
[Build] Inserted 11600/16000 points, avg insert time (ms): 0.069
[Build] Inserted 11700/16000 points, avg insert time (ms): 0.128
[Build] Inserted 11800/16000 points, avg insert time (ms): 0.253
[Build] Inserted 11900/16000 points, avg insert time (ms): 0.065
[Build] Inserted 12000/16000 points, avg insert time (ms): 0.283
[Build] Inserted 12100/16000 points, avg insert time (ms): 0.187
[Build] Inserted 12200/16000 points, avg insert time (ms): 0.341
[Build] Inserted 12300/16000 points, avg insert time (ms): 0.182
[Build] Inserted 12400/16000 points, avg insert time (ms): 0.239
[Build] Inserted 12500/16000 points, avg insert time (ms): 0.149
[Build] Inserted 12600/16000 points, avg insert time (ms): 0.312
[Build] Inserted 12700/16000 points, avg insert time (ms): 0.157
[Build] Inserted 12800/16000 points, avg insert time (ms): 0.129
[Build] Inserted 12900/16000 points, avg insert time (ms): 0.130
[Build] Inserted 13000/16000 points, avg insert time (ms): 0.255
[Build] Inserted 13100/16000 points, avg insert time (ms): 0.244
[Build] Inserted 13200/16000 points, avg insert time (ms): 0.198
[Build] Inserted 13300/16000 points, avg insert time (ms): 0.189
[Build] Inserted 13400/16000 points, avg insert time (ms): 0.062
[Build] Inserted 13500/16000 points, avg insert time (ms): 0.251
[Build] Inserted 13600/16000 points, avg insert time (ms): 0.123
[Build] Inserted 13700/16000 points, avg insert time (ms): 0.079
[Build] Inserted 13800/16000 points, avg insert time (ms): 0.062
[Build] Inserted 13900/16000 points, avg insert time (ms): 0.124
[Build] Inserted 14000/16000 points, avg insert time (ms): 0.127
[Build] Inserted 14100/16000 points, avg insert time (ms): 0.187
[Build] Inserted 14200/16000 points, avg insert time (ms): 0.072
[Build] Inserted 14300/16000 points, avg insert time (ms): 0.065
[Build] Inserted 14400/16000 points, avg insert time (ms): 0.259
[Build] Inserted 14500/16000 points, avg insert time (ms): 0.001
[Build] Inserted 14600/16000 points, avg insert time (ms): 0.253
[Build] Inserted 14700/16000 points, avg insert time (ms): 0.122
[Build] Inserted 14800/16000 points, avg insert time (ms): 0.243
[Build] Inserted 14900/16000 points, avg insert time (ms): 0.127
[Build] Inserted 15000/16000 points, avg insert time (ms): 0.319
[Build] Inserted 15100/16000 points, avg insert time (ms): 0.109
[Build] Inserted 15200/16000 points, avg insert time (ms): 0.811
[Build] Inserted 15300/16000 points, avg insert time (ms): 0.001
[Build] Inserted 15400/16000 points, avg insert time (ms): 0.001
[Build] Inserted 15500/16000 points, avg insert time (ms): 0.065
[Build] Inserted 15600/16000 points, avg insert time (ms): 0.071
[Build] Inserted 15700/16000 points, avg insert time (ms): 0.216
[Build] Inserted 15800/16000 points, avg insert time (ms): 0.357
[Build] Inserted 15900/16000 points, avg insert time (ms): 0.249
[Build] Inserted 16000/16000 points, avg insert time (ms): 0.126
[Timing] Total insertion time: 2.75 s
[Build] Starting queries...
[Query] Processed 1/1 queries, avg query time (ms): 6.997
[Timing] Total query time: 0.01 s
[Eval] Computing ground truth top-K...
[Timing] Ground truth (FAISS): 0.00 s (0.529 ms/query)
[Timing] Ground truth computation: 0.24 s
[Eval] Computing recall metrics...
[Timing] Recall evaluation: 0.01 s
[Eval] Computing (c,r)-ANN accuracy...
[Timing] FAISS r* computation: 0.00 s (0.519 ms/query)
[CR-ANN] 1/1 processed, avg time (ann.query): 13.243 ms
[Timing] (c,r)-ANN eval: 0.01 s (13.757 ms/query)
[Sanity Check] Total Relevant = 1
[Timing] (c,r)-ANN evaluation: 0.02 s
[Result] Memory breakdown (MB): {'hash_functions_MB': 5.87677001953125, 'bucket_ids_MB': 0.751953125, 'num_ids': 197120, 'num_buckets': 49577, 'hash_tables_overhead_MB': 4.160667419433594, 'total_MB': 10.789390563964844}
[Result] Epsilon-recall: 1.0000
[Result] (c,r)-ANN accuracy: 1.0000

[Timing Summary]
  Insert phase: 2.75 s
  Query phase: 0.01 s
  Ground truth: 0.24 s
  Recall eval: 0.01 s
  (c,r)-ANN eval: 0.02 s
  Total time: 3.02 s
[SUMMARY] r=1.0, eps=0.5, eta=0.4, recall=1.0000, (c,r)-ANN accuracy=1.0, memory=10.789390563964844
