[Init] Inputs : eta=0.60, epsilon=0.50, r=1.00
[Init] LSH Parameters : w=3.154, p1=0.7472, p2=0.6267, rho=0.6236
[Init] Data Structure Parameters : k=17, L=153, key_bits=544, mode=speed
[Build] Starting insertion...
[Build] Inserted 100/2000 points, avg insert time (ms): 0.001
[Build] Inserted 200/2000 points, avg insert time (ms): 0.033
[Build] Inserted 300/2000 points, avg insert time (ms): 0.001
[Build] Inserted 400/2000 points, avg insert time (ms): 0.032
[Build] Inserted 500/2000 points, avg insert time (ms): 0.016
[Build] Inserted 600/2000 points, avg insert time (ms): 0.018
[Build] Inserted 700/2000 points, avg insert time (ms): 0.001
[Build] Inserted 800/2000 points, avg insert time (ms): 0.001
[Build] Inserted 900/2000 points, avg insert time (ms): 0.001
[Build] Inserted 1000/2000 points, avg insert time (ms): 0.018
[Build] Inserted 1100/2000 points, avg insert time (ms): 0.001
[Build] Inserted 1200/2000 points, avg insert time (ms): 0.016
[Build] Inserted 1300/2000 points, avg insert time (ms): 0.015
[Build] Inserted 1400/2000 points, avg insert time (ms): 0.001
[Build] Inserted 1500/2000 points, avg insert time (ms): 0.001
[Build] Inserted 1600/2000 points, avg insert time (ms): 0.046
[Build] Inserted 1700/2000 points, avg insert time (ms): 0.015
[Build] Inserted 1800/2000 points, avg insert time (ms): 0.051
[Build] Inserted 1900/2000 points, avg insert time (ms): 0.027
[Build] Inserted 2000/2000 points, avg insert time (ms): 0.022
[Timing] Total insertion time: 0.04 s
[Build] Starting queries...
[Query] Processed 1/1 queries, avg query time (ms): 2.071
[Timing] Total query time: 0.00 s
[Eval] Computing ground truth top-K...
[Timing] Ground truth (FAISS): 0.00 s (0.104 ms/query)
[Timing] Ground truth computation: 0.03 s
[Eval] Computing recall metrics...
[Timing] Recall evaluation: 0.00 s
[Eval] Computing (c,r)-ANN accuracy...
[Timing] FAISS r* computation: 0.00 s (0.116 ms/query)
[CR-ANN] 1/1 processed, avg time (ann.query): 1.711 ms
[Timing] (c,r)-ANN eval: 0.00 s (2.071 ms/query)
[Sanity Check] Total Relevant = 1
[Timing] (c,r)-ANN evaluation: 0.00 s
[Result] Memory breakdown (MB): {'hash_functions_MB': 1.2997856140136719, 'bucket_ids_MB': 0.011089324951171875, 'num_ids': 2907, 'num_buckets': 1838, 'hash_tables_overhead_MB': 0.1542510986328125, 'total_MB': 1.4651260375976562}
[Result] Epsilon-recall: 0.2200
[Result] (c,r)-ANN accuracy: 1.0000

[Timing Summary]
  Insert phase: 0.04 s
  Query phase: 0.00 s
  Ground truth: 0.03 s
  Recall eval: 0.00 s
  (c,r)-ANN eval: 0.00 s
  Total time: 0.08 s
[SUMMARY] r=1.0, eps=0.5, eta=0.6, recall=0.2200, (c,r)-ANN accuracy=1.0, memory=1.4651260375976562
