[Init] Inputs : eta=0.80, epsilon=1.00, r=1.00
[Init] LSH Parameters : w=3.772, p1=0.7885, p2=0.5891, rho=0.4491
[Init] Data Structure Parameters : k=15, L=38, key_bits=480, mode=speed
[Build] Starting insertion...
[Build] Inserted 100/2000 points, avg insert time (ms): 0.001
[Build] Inserted 200/2000 points, avg insert time (ms): 0.001
[Build] Inserted 300/2000 points, avg insert time (ms): 0.001
[Build] Inserted 400/2000 points, avg insert time (ms): 0.001
[Build] Inserted 500/2000 points, avg insert time (ms): 0.005
[Build] Inserted 600/2000 points, avg insert time (ms): 0.005
[Build] Inserted 700/2000 points, avg insert time (ms): 0.001
[Build] Inserted 800/2000 points, avg insert time (ms): 0.001
[Build] Inserted 900/2000 points, avg insert time (ms): 0.001
[Build] Inserted 1000/2000 points, avg insert time (ms): 0.001
[Build] Inserted 1100/2000 points, avg insert time (ms): 0.001
[Build] Inserted 1200/2000 points, avg insert time (ms): 0.001
[Build] Inserted 1300/2000 points, avg insert time (ms): 0.001
[Build] Inserted 1400/2000 points, avg insert time (ms): 0.000
[Build] Inserted 1500/2000 points, avg insert time (ms): 0.000
[Build] Inserted 1600/2000 points, avg insert time (ms): 0.001
[Build] Inserted 1700/2000 points, avg insert time (ms): 0.001
[Build] Inserted 1800/2000 points, avg insert time (ms): 0.001
[Build] Inserted 1900/2000 points, avg insert time (ms): 0.001
[Build] Inserted 2000/2000 points, avg insert time (ms): 0.006
[Timing] Total insertion time: 0.01 s
[Build] Starting queries...
[Query] Processed 1/1 queries, avg query time (ms): 0.525
[Timing] Total query time: 0.00 s
[Eval] Computing ground truth top-K...
[Timing] Ground truth (FAISS): 0.00 s (1.657 ms/query)
[Timing] Ground truth computation: 0.03 s
[Eval] Computing recall metrics...
[Timing] Recall evaluation: 0.00 s
[Eval] Computing (c,r)-ANN accuracy...
[Timing] FAISS r* computation: 0.00 s (0.087 ms/query)
[CR-ANN] 1/1 processed, avg time (ann.query): 0.492 ms
[Timing] (c,r)-ANN eval: 0.00 s (0.861 ms/query)
[Sanity Check] Total Relevant = 1
[Timing] (c,r)-ANN evaluation: 0.00 s
[Result] Memory breakdown (MB): {'hash_functions_MB': 0.28484344482421875, 'bucket_ids_MB': 0.00043487548828125, 'num_ids': 114, 'num_buckets': 85, 'hash_tables_overhead_MB': 0.00713348388671875, 'total_MB': 0.29241180419921875}
[Result] Epsilon-recall: 0.0600
[Result] (c,r)-ANN accuracy: 1.0000

[Timing Summary]
  Insert phase: 0.01 s
  Query phase: 0.00 s
  Ground truth: 0.03 s
  Recall eval: 0.00 s
  (c,r)-ANN eval: 0.00 s
  Total time: 0.04 s
[SUMMARY] r=1.0, eps=1.0, eta=0.8, recall=0.0600, (c,r)-ANN accuracy=1.0, memory=0.29241180419921875
