[Init] Inputs : eta=0.40, epsilon=0.50, r=1.00
[Init] LSH Parameters : w=3.154, p1=0.7472, p2=0.6267, rho=0.6236
[Init] Data Structure Parameters : k=17, L=153, key_bits=544, mode=speed
[Build] Starting insertion...
[Build] Inserted 100/2000 points, avg insert time (ms): 0.038
[Build] Inserted 200/2000 points, avg insert time (ms): 0.088
[Build] Inserted 300/2000 points, avg insert time (ms): 0.060
[Build] Inserted 400/2000 points, avg insert time (ms): 0.072
[Build] Inserted 500/2000 points, avg insert time (ms): 0.085
[Build] Inserted 600/2000 points, avg insert time (ms): 0.071
[Build] Inserted 700/2000 points, avg insert time (ms): 0.146
[Build] Inserted 800/2000 points, avg insert time (ms): 0.177
[Build] Inserted 900/2000 points, avg insert time (ms): 0.046
[Build] Inserted 1000/2000 points, avg insert time (ms): 0.149
[Build] Inserted 1100/2000 points, avg insert time (ms): 0.068
[Build] Inserted 1200/2000 points, avg insert time (ms): 0.018
[Build] Inserted 1300/2000 points, avg insert time (ms): 0.001
[Build] Inserted 1400/2000 points, avg insert time (ms): 0.172
[Build] Inserted 1500/2000 points, avg insert time (ms): 0.047
[Build] Inserted 1600/2000 points, avg insert time (ms): 0.125
[Build] Inserted 1700/2000 points, avg insert time (ms): 0.061
[Build] Inserted 1800/2000 points, avg insert time (ms): 0.060
[Build] Inserted 1900/2000 points, avg insert time (ms): 0.062
[Build] Inserted 2000/2000 points, avg insert time (ms): 0.045
[Timing] Total insertion time: 0.17 s
[Build] Starting queries...
[Query] Processed 1/1 queries, avg query time (ms): 2.138
[Timing] Total query time: 0.00 s
[Eval] Computing ground truth top-K...
[Timing] Ground truth (FAISS): 0.00 s (0.114 ms/query)
[Timing] Ground truth computation: 0.02 s
[Eval] Computing recall metrics...
[Timing] Recall evaluation: 0.00 s
[Eval] Computing (c,r)-ANN accuracy...
[Timing] FAISS r* computation: 0.00 s (0.112 ms/query)
[CR-ANN] 1/1 processed, avg time (ann.query): 3.259 ms
[Timing] (c,r)-ANN eval: 0.00 s (3.782 ms/query)
[Sanity Check] Total Relevant = 1
[Timing] (c,r)-ANN evaluation: 0.01 s
[Result] Memory breakdown (MB): {'hash_functions_MB': 1.2997856140136719, 'bucket_ids_MB': 0.053112030029296875, 'num_ids': 13923, 'num_buckets': 4876, 'hash_tables_overhead_MB': 0.409210205078125, 'total_MB': 1.7621078491210938}
[Result] Epsilon-recall: 0.9400
[Result] (c,r)-ANN accuracy: 1.0000

[Timing Summary]
  Insert phase: 0.17 s
  Query phase: 0.00 s
  Ground truth: 0.02 s
  Recall eval: 0.00 s
  (c,r)-ANN eval: 0.01 s
  Total time: 0.20 s
[SUMMARY] r=1.0, eps=0.5, eta=0.4, recall=0.9400, (c,r)-ANN accuracy=1.0, memory=1.7621078491210938
