[Init] Inputs : eta=0.30, epsilon=0.50, r=1.00
[Init] LSH Parameters : w=3.154, p1=0.7472, p2=0.6267, rho=0.6236
[Init] Data Structure Parameters : k=23, L=863, key_bits=736, mode=speed
[Build] Starting insertion...
[Build] Inserted 100/32000 points, avg insert time (ms): 0.452
[Build] Inserted 200/32000 points, avg insert time (ms): 0.097
[Build] Inserted 300/32000 points, avg insert time (ms): 0.610
[Build] Inserted 400/32000 points, avg insert time (ms): 0.490
[Build] Inserted 500/32000 points, avg insert time (ms): 0.468
[Build] Inserted 600/32000 points, avg insert time (ms): 0.286
[Build] Inserted 700/32000 points, avg insert time (ms): 0.372
[Build] Inserted 800/32000 points, avg insert time (ms): 0.359
[Build] Inserted 900/32000 points, avg insert time (ms): 0.253
[Build] Inserted 1000/32000 points, avg insert time (ms): 0.467
[Build] Inserted 1100/32000 points, avg insert time (ms): 0.296
[Build] Inserted 1200/32000 points, avg insert time (ms): 0.606
[Build] Inserted 1300/32000 points, avg insert time (ms): 0.303
[Build] Inserted 1400/32000 points, avg insert time (ms): 0.310
[Build] Inserted 1500/32000 points, avg insert time (ms): 0.631
[Build] Inserted 1600/32000 points, avg insert time (ms): 0.221
[Build] Inserted 1700/32000 points, avg insert time (ms): 0.285
[Build] Inserted 1800/32000 points, avg insert time (ms): 0.303
[Build] Inserted 1900/32000 points, avg insert time (ms): 0.470
[Build] Inserted 2000/32000 points, avg insert time (ms): 0.382
[Build] Inserted 2100/32000 points, avg insert time (ms): 0.423
[Build] Inserted 2200/32000 points, avg insert time (ms): 0.364
[Build] Inserted 2300/32000 points, avg insert time (ms): 0.108
[Build] Inserted 2400/32000 points, avg insert time (ms): 0.634
[Build] Inserted 2500/32000 points, avg insert time (ms): 0.395
[Build] Inserted 2600/32000 points, avg insert time (ms): 0.407
[Build] Inserted 2700/32000 points, avg insert time (ms): 0.381
[Build] Inserted 2800/32000 points, avg insert time (ms): 0.383
[Build] Inserted 2900/32000 points, avg insert time (ms): 0.286
[Build] Inserted 3000/32000 points, avg insert time (ms): 0.853
[Build] Inserted 3100/32000 points, avg insert time (ms): 0.580
[Build] Inserted 3200/32000 points, avg insert time (ms): 0.189
[Build] Inserted 3300/32000 points, avg insert time (ms): 0.190
[Build] Inserted 3400/32000 points, avg insert time (ms): 0.484
[Build] Inserted 3500/32000 points, avg insert time (ms): 0.597
[Build] Inserted 3600/32000 points, avg insert time (ms): 0.743
[Build] Inserted 3700/32000 points, avg insert time (ms): 0.390
[Build] Inserted 3800/32000 points, avg insert time (ms): 0.290
[Build] Inserted 3900/32000 points, avg insert time (ms): 0.206
[Build] Inserted 4000/32000 points, avg insert time (ms): -13.716
[Build] Inserted 4100/32000 points, avg insert time (ms): 0.730
[Build] Inserted 4200/32000 points, avg insert time (ms): 0.306
[Build] Inserted 4300/32000 points, avg insert time (ms): 0.401
[Build] Inserted 4400/32000 points, avg insert time (ms): 0.505
[Build] Inserted 4500/32000 points, avg insert time (ms): 0.609
[Build] Inserted 4600/32000 points, avg insert time (ms): 0.794
[Build] Inserted 4700/32000 points, avg insert time (ms): 0.197
[Build] Inserted 4800/32000 points, avg insert time (ms): 0.612
[Build] Inserted 4900/32000 points, avg insert time (ms): 0.588
[Build] Inserted 5000/32000 points, avg insert time (ms): 0.407
[Build] Inserted 5100/32000 points, avg insert time (ms): 0.190
[Build] Inserted 5200/32000 points, avg insert time (ms): 0.391
[Build] Inserted 5300/32000 points, avg insert time (ms): 0.495
[Build] Inserted 5400/32000 points, avg insert time (ms): 0.290
[Build] Inserted 5500/32000 points, avg insert time (ms): 0.694
[Build] Inserted 5600/32000 points, avg insert time (ms): 0.563
[Build] Inserted 5700/32000 points, avg insert time (ms): 0.294
[Build] Inserted 5800/32000 points, avg insert time (ms): 0.380
[Build] Inserted 5900/32000 points, avg insert time (ms): 0.862
[Build] Inserted 6000/32000 points, avg insert time (ms): 0.402
[Build] Inserted 6100/32000 points, avg insert time (ms): 0.622
[Build] Inserted 6200/32000 points, avg insert time (ms): 1.037
[Build] Inserted 6300/32000 points, avg insert time (ms): 0.100
[Build] Inserted 6400/32000 points, avg insert time (ms): 0.967
[Build] Inserted 6500/32000 points, avg insert time (ms): 0.856
[Build] Inserted 6600/32000 points, avg insert time (ms): 0.580
[Build] Inserted 6700/32000 points, avg insert time (ms): 0.428
[Build] Inserted 6800/32000 points, avg insert time (ms): 0.108
[Build] Inserted 6900/32000 points, avg insert time (ms): 0.439
[Build] Inserted 7000/32000 points, avg insert time (ms): 1.003
[Build] Inserted 7100/32000 points, avg insert time (ms): 0.819
[Build] Inserted 7200/32000 points, avg insert time (ms): 0.682
[Build] Inserted 7300/32000 points, avg insert time (ms): 0.621
[Build] Inserted 7400/32000 points, avg insert time (ms): 0.719
[Build] Inserted 7500/32000 points, avg insert time (ms): 0.296
[Build] Inserted 7600/32000 points, avg insert time (ms): 0.409
[Build] Inserted 7700/32000 points, avg insert time (ms): 0.731
[Build] Inserted 7800/32000 points, avg insert time (ms): 0.501
[Build] Inserted 7900/32000 points, avg insert time (ms): 0.627
[Build] Inserted 8000/32000 points, avg insert time (ms): 0.530
[Build] Inserted 8100/32000 points, avg insert time (ms): 0.359
[Build] Inserted 8200/32000 points, avg insert time (ms): 0.214
[Build] Inserted 8300/32000 points, avg insert time (ms): 0.424
[Build] Inserted 8400/32000 points, avg insert time (ms): 0.534
[Build] Inserted 8500/32000 points, avg insert time (ms): 0.560
[Build] Inserted 8600/32000 points, avg insert time (ms): 0.566
[Build] Inserted 8700/32000 points, avg insert time (ms): 0.103
[Build] Inserted 8800/32000 points, avg insert time (ms): 0.100
[Build] Inserted 8900/32000 points, avg insert time (ms): 0.202
[Build] Inserted 9000/32000 points, avg insert time (ms): 0.649
[Build] Inserted 9100/32000 points, avg insert time (ms): 0.609
[Build] Inserted 9200/32000 points, avg insert time (ms): 0.777
[Build] Inserted 9300/32000 points, avg insert time (ms): 0.309
[Build] Inserted 9400/32000 points, avg insert time (ms): 0.431
[Build] Inserted 9500/32000 points, avg insert time (ms): 0.956
[Build] Inserted 9600/32000 points, avg insert time (ms): 0.355
[Build] Inserted 9700/32000 points, avg insert time (ms): 0.207
[Build] Inserted 9800/32000 points, avg insert time (ms): 0.733
[Build] Inserted 9900/32000 points, avg insert time (ms): 0.473
[Build] Inserted 10000/32000 points, avg insert time (ms): 0.798
[Build] Inserted 10100/32000 points, avg insert time (ms): 0.567
[Build] Inserted 10200/32000 points, avg insert time (ms): 0.393
[Build] Inserted 10300/32000 points, avg insert time (ms): 0.778
[Build] Inserted 10400/32000 points, avg insert time (ms): 0.290
[Build] Inserted 10500/32000 points, avg insert time (ms): 0.401
[Build] Inserted 10600/32000 points, avg insert time (ms): 0.400
[Build] Inserted 10700/32000 points, avg insert time (ms): 0.200
[Build] Inserted 10800/32000 points, avg insert time (ms): 0.308
[Build] Inserted 10900/32000 points, avg insert time (ms): 0.772
[Build] Inserted 11000/32000 points, avg insert time (ms): 0.282
[Build] Inserted 11100/32000 points, avg insert time (ms): 0.483
[Build] Inserted 11200/32000 points, avg insert time (ms): 0.294
[Build] Inserted 11300/32000 points, avg insert time (ms): 0.389
[Build] Inserted 11400/32000 points, avg insert time (ms): 0.287
[Build] Inserted 11500/32000 points, avg insert time (ms): 0.725
[Build] Inserted 11600/32000 points, avg insert time (ms): 0.413
[Build] Inserted 11700/32000 points, avg insert time (ms): 0.404
[Build] Inserted 11800/32000 points, avg insert time (ms): 0.406
[Build] Inserted 11900/32000 points, avg insert time (ms): 0.286
[Build] Inserted 12000/32000 points, avg insert time (ms): 0.492
[Build] Inserted 12100/32000 points, avg insert time (ms): 0.204
[Build] Inserted 12200/32000 points, avg insert time (ms): 0.669
[Build] Inserted 12300/32000 points, avg insert time (ms): 1.650
[Build] Inserted 12400/32000 points, avg insert time (ms): 0.423
[Build] Inserted 12500/32000 points, avg insert time (ms): 0.701
[Build] Inserted 12600/32000 points, avg insert time (ms): 0.595
[Build] Inserted 12700/32000 points, avg insert time (ms): 1.188
[Build] Inserted 12800/32000 points, avg insert time (ms): 0.001
[Build] Inserted 12900/32000 points, avg insert time (ms): 0.618
[Build] Inserted 13000/32000 points, avg insert time (ms): 0.299
[Build] Inserted 13100/32000 points, avg insert time (ms): 0.305
[Build] Inserted 13200/32000 points, avg insert time (ms): 0.672
[Build] Inserted 13300/32000 points, avg insert time (ms): 0.662
[Build] Inserted 13400/32000 points, avg insert time (ms): 0.280
[Build] Inserted 13500/32000 points, avg insert time (ms): 0.483
[Build] Inserted 13600/32000 points, avg insert time (ms): 0.484
[Build] Inserted 13700/32000 points, avg insert time (ms): 0.192
[Build] Inserted 13800/32000 points, avg insert time (ms): 0.374
[Build] Inserted 13900/32000 points, avg insert time (ms): 0.982
[Build] Inserted 14000/32000 points, avg insert time (ms): 0.100
[Build] Inserted 14100/32000 points, avg insert time (ms): 0.298
[Build] Inserted 14200/32000 points, avg insert time (ms): 0.288
[Build] Inserted 14300/32000 points, avg insert time (ms): 0.687
[Build] Inserted 14400/32000 points, avg insert time (ms): 0.500
[Build] Inserted 14500/32000 points, avg insert time (ms): 0.694
[Build] Inserted 14600/32000 points, avg insert time (ms): 0.480
[Build] Inserted 14700/32000 points, avg insert time (ms): 0.487
[Build] Inserted 14800/32000 points, avg insert time (ms): 0.694
[Build] Inserted 14900/32000 points, avg insert time (ms): 0.001
[Build] Inserted 15000/32000 points, avg insert time (ms): 0.567
[Build] Inserted 15100/32000 points, avg insert time (ms): 0.753
[Build] Inserted 15200/32000 points, avg insert time (ms): 0.480
[Build] Inserted 15300/32000 points, avg insert time (ms): 0.189
[Build] Inserted 15400/32000 points, avg insert time (ms): 0.285
[Build] Inserted 15500/32000 points, avg insert time (ms): 0.597
[Build] Inserted 15600/32000 points, avg insert time (ms): 0.122
[Build] Inserted 15700/32000 points, avg insert time (ms): 0.291
[Build] Inserted 15800/32000 points, avg insert time (ms): 0.208
[Build] Inserted 15900/32000 points, avg insert time (ms): 0.375
[Build] Inserted 16000/32000 points, avg insert time (ms): 0.287
[Build] Inserted 16100/32000 points, avg insert time (ms): 0.765
[Build] Inserted 16200/32000 points, avg insert time (ms): 0.497
[Build] Inserted 16300/32000 points, avg insert time (ms): 0.328
[Build] Inserted 16400/32000 points, avg insert time (ms): 0.688
[Build] Inserted 16500/32000 points, avg insert time (ms): 0.298
[Build] Inserted 16600/32000 points, avg insert time (ms): 0.599
[Build] Inserted 16700/32000 points, avg insert time (ms): 0.286
[Build] Inserted 16800/32000 points, avg insert time (ms): 0.584
[Build] Inserted 16900/32000 points, avg insert time (ms): 0.001
[Build] Inserted 17000/32000 points, avg insert time (ms): 0.198
[Build] Inserted 17100/32000 points, avg insert time (ms): 0.492
[Build] Inserted 17200/32000 points, avg insert time (ms): 0.393
[Build] Inserted 17300/32000 points, avg insert time (ms): 0.386
[Build] Inserted 17400/32000 points, avg insert time (ms): 0.189
[Build] Inserted 17500/32000 points, avg insert time (ms): 0.188
[Build] Inserted 17600/32000 points, avg insert time (ms): 1.047
[Build] Inserted 17700/32000 points, avg insert time (ms): 0.187
[Build] Inserted 17800/32000 points, avg insert time (ms): 0.372
[Build] Inserted 17900/32000 points, avg insert time (ms): 0.379
[Build] Inserted 18000/32000 points, avg insert time (ms): 0.392
[Build] Inserted 18100/32000 points, avg insert time (ms): 0.394
[Build] Inserted 18200/32000 points, avg insert time (ms): 0.686
[Build] Inserted 18300/32000 points, avg insert time (ms): 0.374
[Build] Inserted 18400/32000 points, avg insert time (ms): 0.094
[Build] Inserted 18500/32000 points, avg insert time (ms): 0.485
[Build] Inserted 18600/32000 points, avg insert time (ms): 0.594
[Build] Inserted 18700/32000 points, avg insert time (ms): 0.383
[Build] Inserted 18800/32000 points, avg insert time (ms): 0.378
[Build] Inserted 18900/32000 points, avg insert time (ms): 0.281
[Build] Inserted 19000/32000 points, avg insert time (ms): 0.097
[Build] Inserted 19100/32000 points, avg insert time (ms): 0.418
[Build] Inserted 19200/32000 points, avg insert time (ms): 0.373
[Build] Inserted 19300/32000 points, avg insert time (ms): 0.283
[Build] Inserted 19400/32000 points, avg insert time (ms): 0.298
[Build] Inserted 19500/32000 points, avg insert time (ms): 0.504
[Build] Inserted 19600/32000 points, avg insert time (ms): 0.295
[Build] Inserted 19700/32000 points, avg insert time (ms): 0.287
[Build] Inserted 19800/32000 points, avg insert time (ms): 0.437
[Build] Inserted 19900/32000 points, avg insert time (ms): 0.401
[Build] Inserted 20000/32000 points, avg insert time (ms): 0.196
[Build] Inserted 20100/32000 points, avg insert time (ms): 0.192
[Build] Inserted 20200/32000 points, avg insert time (ms): 0.279
[Build] Inserted 20300/32000 points, avg insert time (ms): 0.280
[Build] Inserted 20400/32000 points, avg insert time (ms): 0.492
[Build] Inserted 20500/32000 points, avg insert time (ms): 0.194
[Build] Inserted 20600/32000 points, avg insert time (ms): 0.286
[Build] Inserted 20700/32000 points, avg insert time (ms): 0.190
[Build] Inserted 20800/32000 points, avg insert time (ms): 0.096
[Build] Inserted 20900/32000 points, avg insert time (ms): 0.845
[Build] Inserted 21000/32000 points, avg insert time (ms): 0.097
[Build] Inserted 21100/32000 points, avg insert time (ms): 0.704
[Build] Inserted 21200/32000 points, avg insert time (ms): 0.691
[Build] Inserted 21300/32000 points, avg insert time (ms): 0.762
[Build] Inserted 21400/32000 points, avg insert time (ms): 0.195
[Build] Inserted 21500/32000 points, avg insert time (ms): 0.398
[Build] Inserted 21600/32000 points, avg insert time (ms): 0.591
[Build] Inserted 21700/32000 points, avg insert time (ms): 0.283
[Build] Inserted 21800/32000 points, avg insert time (ms): 0.779
[Build] Inserted 21900/32000 points, avg insert time (ms): 0.193
[Build] Inserted 22000/32000 points, avg insert time (ms): 0.695
[Build] Inserted 22100/32000 points, avg insert time (ms): 0.102
[Build] Inserted 22200/32000 points, avg insert time (ms): 0.541
[Build] Inserted 22300/32000 points, avg insert time (ms): 0.428
[Build] Inserted 22400/32000 points, avg insert time (ms): 0.306
[Build] Inserted 22500/32000 points, avg insert time (ms): 0.206
[Build] Inserted 22600/32000 points, avg insert time (ms): 0.447
[Build] Inserted 22700/32000 points, avg insert time (ms): 0.618
[Build] Inserted 22800/32000 points, avg insert time (ms): 0.234
[Build] Inserted 22900/32000 points, avg insert time (ms): 0.583
[Build] Inserted 23000/32000 points, avg insert time (ms): 0.591
[Build] Inserted 23100/32000 points, avg insert time (ms): 0.590
[Build] Inserted 23200/32000 points, avg insert time (ms): 0.781
[Build] Inserted 23300/32000 points, avg insert time (ms): 0.305
[Build] Inserted 23400/32000 points, avg insert time (ms): 0.415
[Build] Inserted 23500/32000 points, avg insert time (ms): 0.201
[Build] Inserted 23600/32000 points, avg insert time (ms): 0.558
[Build] Inserted 23700/32000 points, avg insert time (ms): 0.418
[Build] Inserted 23800/32000 points, avg insert time (ms): 0.788
[Build] Inserted 23900/32000 points, avg insert time (ms): 0.203
[Build] Inserted 24000/32000 points, avg insert time (ms): 0.601
[Build] Inserted 24100/32000 points, avg insert time (ms): 0.601
[Build] Inserted 24200/32000 points, avg insert time (ms): 0.712
[Build] Inserted 24300/32000 points, avg insert time (ms): 0.202
[Build] Inserted 24400/32000 points, avg insert time (ms): 0.905
[Build] Inserted 24500/32000 points, avg insert time (ms): 0.099
[Build] Inserted 24600/32000 points, avg insert time (ms): 0.413
[Build] Inserted 24700/32000 points, avg insert time (ms): 0.299
[Build] Inserted 24800/32000 points, avg insert time (ms): 0.194
[Build] Inserted 24900/32000 points, avg insert time (ms): 0.603
[Build] Inserted 25000/32000 points, avg insert time (ms): 0.501
[Build] Inserted 25100/32000 points, avg insert time (ms): 0.402
[Build] Inserted 25200/32000 points, avg insert time (ms): 0.196
[Build] Inserted 25300/32000 points, avg insert time (ms): 0.506
[Build] Inserted 25400/32000 points, avg insert time (ms): 0.393
[Build] Inserted 25500/32000 points, avg insert time (ms): 0.388
[Build] Inserted 25600/32000 points, avg insert time (ms): 0.595
[Build] Inserted 25700/32000 points, avg insert time (ms): 0.208
[Build] Inserted 25800/32000 points, avg insert time (ms): 0.297
[Build] Inserted 25900/32000 points, avg insert time (ms): 0.744
[Build] Inserted 26000/32000 points, avg insert time (ms): 0.399
[Build] Inserted 26100/32000 points, avg insert time (ms): 0.396
[Build] Inserted 26200/32000 points, avg insert time (ms): 0.400
[Build] Inserted 26300/32000 points, avg insert time (ms): 0.529
[Build] Inserted 26400/32000 points, avg insert time (ms): 0.292
[Build] Inserted 26500/32000 points, avg insert time (ms): 0.190
[Build] Inserted 26600/32000 points, avg insert time (ms): 0.494
[Build] Inserted 26700/32000 points, avg insert time (ms): 0.299
[Build] Inserted 26800/32000 points, avg insert time (ms): 0.713
[Build] Inserted 26900/32000 points, avg insert time (ms): 0.301
[Build] Inserted 27000/32000 points, avg insert time (ms): 0.795
[Build] Inserted 27100/32000 points, avg insert time (ms): 0.591
[Build] Inserted 27200/32000 points, avg insert time (ms): 0.381
[Build] Inserted 27300/32000 points, avg insert time (ms): 0.913
[Build] Inserted 27400/32000 points, avg insert time (ms): 0.198
[Build] Inserted 27500/32000 points, avg insert time (ms): 0.499
[Build] Inserted 27600/32000 points, avg insert time (ms): 0.615
[Build] Inserted 27700/32000 points, avg insert time (ms): 0.596
[Build] Inserted 27800/32000 points, avg insert time (ms): 0.790
[Build] Inserted 27900/32000 points, avg insert time (ms): 0.191
[Build] Inserted 28000/32000 points, avg insert time (ms): 0.396
[Build] Inserted 28100/32000 points, avg insert time (ms): 0.422
[Build] Inserted 28200/32000 points, avg insert time (ms): 0.417
[Build] Inserted 28300/32000 points, avg insert time (ms): 0.539
[Build] Inserted 28400/32000 points, avg insert time (ms): 0.405
[Build] Inserted 28500/32000 points, avg insert time (ms): 0.403
[Build] Inserted 28600/32000 points, avg insert time (ms): 0.602
[Build] Inserted 28700/32000 points, avg insert time (ms): 0.602
[Build] Inserted 28800/32000 points, avg insert time (ms): 0.686
[Build] Inserted 28900/32000 points, avg insert time (ms): 0.295
[Build] Inserted 29000/32000 points, avg insert time (ms): 0.384
[Build] Inserted 29100/32000 points, avg insert time (ms): 0.478
[Build] Inserted 29200/32000 points, avg insert time (ms): 0.389
[Build] Inserted 29300/32000 points, avg insert time (ms): 0.486
[Build] Inserted 29400/32000 points, avg insert time (ms): 0.001
[Build] Inserted 29500/32000 points, avg insert time (ms): 0.390
[Build] Inserted 29600/32000 points, avg insert time (ms): 0.282
[Build] Inserted 29700/32000 points, avg insert time (ms): 0.095
[Build] Inserted 29800/32000 points, avg insert time (ms): 0.669
[Build] Inserted 29900/32000 points, avg insert time (ms): 0.380
[Build] Inserted 30000/32000 points, avg insert time (ms): 0.482
[Build] Inserted 30100/32000 points, avg insert time (ms): 0.582
[Build] Inserted 30200/32000 points, avg insert time (ms): 0.378
[Build] Inserted 30300/32000 points, avg insert time (ms): 0.813
[Build] Inserted 30400/32000 points, avg insert time (ms): 0.396
[Build] Inserted 30500/32000 points, avg insert time (ms): 0.488
[Build] Inserted 30600/32000 points, avg insert time (ms): 0.194
[Build] Inserted 30700/32000 points, avg insert time (ms): 0.193
[Build] Inserted 30800/32000 points, avg insert time (ms): 0.297
[Build] Inserted 30900/32000 points, avg insert time (ms): 0.493
[Build] Inserted 31000/32000 points, avg insert time (ms): 0.392
[Build] Inserted 31100/32000 points, avg insert time (ms): 0.686
[Build] Inserted 31200/32000 points, avg insert time (ms): 0.189
[Build] Inserted 31300/32000 points, avg insert time (ms): 0.677
[Build] Inserted 31400/32000 points, avg insert time (ms): 0.685
[Build] Inserted 31500/32000 points, avg insert time (ms): 0.570
[Build] Inserted 31600/32000 points, avg insert time (ms): 0.382
[Build] Inserted 31700/32000 points, avg insert time (ms): 0.195
[Build] Inserted 31800/32000 points, avg insert time (ms): 0.392
[Build] Inserted 31900/32000 points, avg insert time (ms): 0.292
[Build] Inserted 32000/32000 points, avg insert time (ms): 0.290
[Timing] Total insertion time: 13.08 s
[Build] Starting queries...
[Query] Processed 1/1 queries, avg query time (ms): 17.153
[Timing] Total query time: 0.02 s
[Eval] Computing ground truth top-K...
[Timing] Ground truth (FAISS): 0.00 s (0.966 ms/query)
[Timing] Ground truth computation: 0.39 s
[Eval] Computing recall metrics...
[Timing] Recall evaluation: 0.02 s
[Eval] Computing (c,r)-ANN accuracy...
[Timing] FAISS r* computation: 0.00 s (1.076 ms/query)
[CR-ANN] 1/1 processed, avg time (ann.query): 22.416 ms
[Timing] (c,r)-ANN eval: 0.02 s (23.064 ms/query)
[Sanity Check] Total Relevant = 1
[Timing] (c,r)-ANN evaluation: 0.03 s
[Result] Memory breakdown (MB): {'hash_functions_MB': 9.919048309326172, 'bucket_ids_MB': 4.539783477783203, 'num_ids': 1190077, 'num_buckets': 189861, 'hash_tables_overhead_MB': 15.933769226074219, 'total_MB': 30.392601013183594}
[Result] Epsilon-recall: 1.0000
[Result] (c,r)-ANN accuracy: 1.0000

[Timing Summary]
  Insert phase: 13.08 s
  Query phase: 0.02 s
  Ground truth: 0.39 s
  Recall eval: 0.02 s
  (c,r)-ANN eval: 0.03 s
  Total time: 13.53 s
[SUMMARY] r=1.0, eps=0.5, eta=0.3, recall=1.0000, (c,r)-ANN accuracy=1.0, memory=30.392601013183594
