[Init] Inputs : eta=0.20, epsilon=0.50, r=1.00
[Init] LSH Parameters : w=3.154, p1=0.7472, p2=0.6267, rho=0.6236
[Init] Data Structure Parameters : k=23, L=863, key_bits=736, mode=speed
[Build] Starting insertion...
[Build] Inserted 100/32000 points, avg insert time (ms): 1.050
[Build] Inserted 200/32000 points, avg insert time (ms): 1.282
[Build] Inserted 300/32000 points, avg insert time (ms): 2.317
[Build] Inserted 400/32000 points, avg insert time (ms): 1.108
[Build] Inserted 500/32000 points, avg insert time (ms): 1.665
[Build] Inserted 600/32000 points, avg insert time (ms): 1.343
[Build] Inserted 700/32000 points, avg insert time (ms): 0.900
[Build] Inserted 800/32000 points, avg insert time (ms): 1.435
[Build] Inserted 900/32000 points, avg insert time (ms): 2.303
[Build] Inserted 1000/32000 points, avg insert time (ms): 1.302
[Build] Inserted 1100/32000 points, avg insert time (ms): 1.134
[Build] Inserted 1200/32000 points, avg insert time (ms): 0.800
[Build] Inserted 1300/32000 points, avg insert time (ms): 0.850
[Build] Inserted 1400/32000 points, avg insert time (ms): 1.441
[Build] Inserted 1500/32000 points, avg insert time (ms): 2.458
[Build] Inserted 1600/32000 points, avg insert time (ms): 1.856
[Build] Inserted 1700/32000 points, avg insert time (ms): 1.086
[Build] Inserted 1800/32000 points, avg insert time (ms): 1.297
[Build] Inserted 1900/32000 points, avg insert time (ms): 1.658
[Build] Inserted 2000/32000 points, avg insert time (ms): 1.868
[Build] Inserted 2100/32000 points, avg insert time (ms): 1.730
[Build] Inserted 2200/32000 points, avg insert time (ms): 1.834
[Build] Inserted 2300/32000 points, avg insert time (ms): 1.525
[Build] Inserted 2400/32000 points, avg insert time (ms): 1.639
[Build] Inserted 2500/32000 points, avg insert time (ms): 0.999
[Build] Inserted 2600/32000 points, avg insert time (ms): 2.086
[Build] Inserted 2700/32000 points, avg insert time (ms): 1.873
[Build] Inserted 2800/32000 points, avg insert time (ms): 0.955
[Build] Inserted 2900/32000 points, avg insert time (ms): 0.965
[Build] Inserted 3000/32000 points, avg insert time (ms): 1.584
[Build] Inserted 3100/32000 points, avg insert time (ms): 1.169
[Build] Inserted 3200/32000 points, avg insert time (ms): 1.596
[Build] Inserted 3300/32000 points, avg insert time (ms): 1.190
[Build] Inserted 3400/32000 points, avg insert time (ms): 0.975
[Build] Inserted 3500/32000 points, avg insert time (ms): 1.471
[Build] Inserted 3600/32000 points, avg insert time (ms): 1.987
[Build] Inserted 3700/32000 points, avg insert time (ms): 0.974
[Build] Inserted 3800/32000 points, avg insert time (ms): 1.347
[Build] Inserted 3900/32000 points, avg insert time (ms): 0.883
[Build] Inserted 4000/32000 points, avg insert time (ms): 1.345
[Build] Inserted 4100/32000 points, avg insert time (ms): 0.754
[Build] Inserted 4200/32000 points, avg insert time (ms): 1.189
[Build] Inserted 4300/32000 points, avg insert time (ms): 1.692
[Build] Inserted 4400/32000 points, avg insert time (ms): 0.972
[Build] Inserted 4500/32000 points, avg insert time (ms): 0.771
[Build] Inserted 4600/32000 points, avg insert time (ms): 1.394
[Build] Inserted 4700/32000 points, avg insert time (ms): 1.554
[Build] Inserted 4800/32000 points, avg insert time (ms): 1.185
[Build] Inserted 4900/32000 points, avg insert time (ms): 1.362
[Build] Inserted 5000/32000 points, avg insert time (ms): 0.688
[Build] Inserted 5100/32000 points, avg insert time (ms): 2.055
[Build] Inserted 5200/32000 points, avg insert time (ms): 1.342
[Build] Inserted 5300/32000 points, avg insert time (ms): 1.204
[Build] Inserted 5400/32000 points, avg insert time (ms): 1.416
[Build] Inserted 5500/32000 points, avg insert time (ms): 0.943
[Build] Inserted 5600/32000 points, avg insert time (ms): 0.922
[Build] Inserted 5700/32000 points, avg insert time (ms): 1.494
[Build] Inserted 5800/32000 points, avg insert time (ms): 1.812
[Build] Inserted 5900/32000 points, avg insert time (ms): 1.096
[Build] Inserted 6000/32000 points, avg insert time (ms): 1.494
[Build] Inserted 6100/32000 points, avg insert time (ms): 1.393
[Build] Inserted 6200/32000 points, avg insert time (ms): 0.786
[Build] Inserted 6300/32000 points, avg insert time (ms): 1.218
[Build] Inserted 6400/32000 points, avg insert time (ms): 0.887
[Build] Inserted 6500/32000 points, avg insert time (ms): 1.494
[Build] Inserted 6600/32000 points, avg insert time (ms): 1.825
[Build] Inserted 6700/32000 points, avg insert time (ms): 0.985
[Build] Inserted 6800/32000 points, avg insert time (ms): 1.090
[Build] Inserted 6900/32000 points, avg insert time (ms): 0.996
[Build] Inserted 7000/32000 points, avg insert time (ms): 1.320
[Build] Inserted 7100/32000 points, avg insert time (ms): 1.283
[Build] Inserted 7200/32000 points, avg insert time (ms): 1.207
[Build] Inserted 7300/32000 points, avg insert time (ms): 1.739
[Build] Inserted 7400/32000 points, avg insert time (ms): 1.226
[Build] Inserted 7500/32000 points, avg insert time (ms): 1.164
[Build] Inserted 7600/32000 points, avg insert time (ms): 1.562
[Build] Inserted 7700/32000 points, avg insert time (ms): 1.331
[Build] Inserted 7800/32000 points, avg insert time (ms): 1.084
[Build] Inserted 7900/32000 points, avg insert time (ms): 1.384
[Build] Inserted 8000/32000 points, avg insert time (ms): 1.582
[Build] Inserted 8100/32000 points, avg insert time (ms): 1.381
[Build] Inserted 8200/32000 points, avg insert time (ms): 2.120
[Build] Inserted 8300/32000 points, avg insert time (ms): 1.451
[Build] Inserted 8400/32000 points, avg insert time (ms): 1.171
[Build] Inserted 8500/32000 points, avg insert time (ms): 0.879
[Build] Inserted 8600/32000 points, avg insert time (ms): 1.179
[Build] Inserted 8700/32000 points, avg insert time (ms): 1.484
[Build] Inserted 8800/32000 points, avg insert time (ms): 1.239
[Build] Inserted 8900/32000 points, avg insert time (ms): 1.176
[Build] Inserted 9000/32000 points, avg insert time (ms): 1.750
[Build] Inserted 9100/32000 points, avg insert time (ms): 1.441
[Build] Inserted 9200/32000 points, avg insert time (ms): 1.189
[Build] Inserted 9300/32000 points, avg insert time (ms): 1.436
[Build] Inserted 9400/32000 points, avg insert time (ms): 1.327
[Build] Inserted 9500/32000 points, avg insert time (ms): 0.752
[Build] Inserted 9600/32000 points, avg insert time (ms): 1.195
[Build] Inserted 9700/32000 points, avg insert time (ms): 1.445
[Build] Inserted 9800/32000 points, avg insert time (ms): 0.894
[Build] Inserted 9900/32000 points, avg insert time (ms): 1.188
[Build] Inserted 10000/32000 points, avg insert time (ms): 1.213
[Build] Inserted 10100/32000 points, avg insert time (ms): 1.337
[Build] Inserted 10200/32000 points, avg insert time (ms): 1.042
[Build] Inserted 10300/32000 points, avg insert time (ms): 1.213
[Build] Inserted 10400/32000 points, avg insert time (ms): 1.300
[Build] Inserted 10500/32000 points, avg insert time (ms): 0.923
[Build] Inserted 10600/32000 points, avg insert time (ms): 1.096
[Build] Inserted 10700/32000 points, avg insert time (ms): 1.720
[Build] Inserted 10800/32000 points, avg insert time (ms): 1.095
[Build] Inserted 10900/32000 points, avg insert time (ms): 1.182
[Build] Inserted 11000/32000 points, avg insert time (ms): 1.278
[Build] Inserted 11100/32000 points, avg insert time (ms): 1.012
[Build] Inserted 11200/32000 points, avg insert time (ms): 0.833
[Build] Inserted 11300/32000 points, avg insert time (ms): 0.641
[Build] Inserted 11400/32000 points, avg insert time (ms): 1.526
[Build] Inserted 11500/32000 points, avg insert time (ms): 0.445
[Build] Inserted 11600/32000 points, avg insert time (ms): 1.097
[Build] Inserted 11700/32000 points, avg insert time (ms): 1.254
[Build] Inserted 11800/32000 points, avg insert time (ms): 0.713
[Build] Inserted 11900/32000 points, avg insert time (ms): 0.992
[Build] Inserted 12000/32000 points, avg insert time (ms): 1.059
[Build] Inserted 12100/32000 points, avg insert time (ms): 1.535
[Build] Inserted 12200/32000 points, avg insert time (ms): 1.248
[Build] Inserted 12300/32000 points, avg insert time (ms): 1.185
[Build] Inserted 12400/32000 points, avg insert time (ms): 0.730
[Build] Inserted 12500/32000 points, avg insert time (ms): 1.008
[Build] Inserted 12600/32000 points, avg insert time (ms): 0.991
[Build] Inserted 12700/32000 points, avg insert time (ms): 1.345
[Build] Inserted 12800/32000 points, avg insert time (ms): 1.561
[Build] Inserted 12900/32000 points, avg insert time (ms): 0.719
[Build] Inserted 13000/32000 points, avg insert time (ms): 1.719
[Build] Inserted 13100/32000 points, avg insert time (ms): 1.097
[Build] Inserted 13200/32000 points, avg insert time (ms): 1.324
[Build] Inserted 13300/32000 points, avg insert time (ms): 0.903
[Build] Inserted 13400/32000 points, avg insert time (ms): 1.521
[Build] Inserted 13500/32000 points, avg insert time (ms): 1.457
[Build] Inserted 13600/32000 points, avg insert time (ms): 1.443
[Build] Inserted 13700/32000 points, avg insert time (ms): 1.086
[Build] Inserted 13800/32000 points, avg insert time (ms): 1.183
[Build] Inserted 13900/32000 points, avg insert time (ms): 1.072
[Build] Inserted 14000/32000 points, avg insert time (ms): 1.347
[Build] Inserted 14100/32000 points, avg insert time (ms): 0.919
[Build] Inserted 14200/32000 points, avg insert time (ms): 1.268
[Build] Inserted 14300/32000 points, avg insert time (ms): 1.563
[Build] Inserted 14400/32000 points, avg insert time (ms): 1.271
[Build] Inserted 14500/32000 points, avg insert time (ms): 1.261
[Build] Inserted 14600/32000 points, avg insert time (ms): 0.539
[Build] Inserted 14700/32000 points, avg insert time (ms): 1.529
[Build] Inserted 14800/32000 points, avg insert time (ms): 1.065
[Build] Inserted 14900/32000 points, avg insert time (ms): 1.360
[Build] Inserted 15000/32000 points, avg insert time (ms): 1.449
[Build] Inserted 15100/32000 points, avg insert time (ms): 1.799
[Build] Inserted 15200/32000 points, avg insert time (ms): 1.163
[Build] Inserted 15300/32000 points, avg insert time (ms): 1.630
[Build] Inserted 15400/32000 points, avg insert time (ms): 1.341
[Build] Inserted 15500/32000 points, avg insert time (ms): 0.826
[Build] Inserted 15600/32000 points, avg insert time (ms): 0.994
[Build] Inserted 15700/32000 points, avg insert time (ms): 0.995
[Build] Inserted 15800/32000 points, avg insert time (ms): 1.002
[Build] Inserted 15900/32000 points, avg insert time (ms): 0.887
[Build] Inserted 16000/32000 points, avg insert time (ms): 1.728
[Build] Inserted 16100/32000 points, avg insert time (ms): 1.298
[Build] Inserted 16200/32000 points, avg insert time (ms): 1.286
[Build] Inserted 16300/32000 points, avg insert time (ms): 1.262
[Build] Inserted 16400/32000 points, avg insert time (ms): 1.072
[Build] Inserted 16500/32000 points, avg insert time (ms): 1.010
[Build] Inserted 16600/32000 points, avg insert time (ms): 1.183
[Build] Inserted 16700/32000 points, avg insert time (ms): 0.719
[Build] Inserted 16800/32000 points, avg insert time (ms): 0.984
[Build] Inserted 16900/32000 points, avg insert time (ms): 0.537
[Build] Inserted 17000/32000 points, avg insert time (ms): 1.157
[Build] Inserted 17100/32000 points, avg insert time (ms): 1.004
[Build] Inserted 17200/32000 points, avg insert time (ms): 0.900
[Build] Inserted 17300/32000 points, avg insert time (ms): 1.251
[Build] Inserted 17400/32000 points, avg insert time (ms): 0.724
[Build] Inserted 17500/32000 points, avg insert time (ms): 0.987
[Build] Inserted 17600/32000 points, avg insert time (ms): 1.698
[Build] Inserted 17700/32000 points, avg insert time (ms): 1.000
[Build] Inserted 17800/32000 points, avg insert time (ms): 1.533
[Build] Inserted 17900/32000 points, avg insert time (ms): 1.360
[Build] Inserted 18000/32000 points, avg insert time (ms): 1.985
[Build] Inserted 18100/32000 points, avg insert time (ms): 1.759
[Build] Inserted 18200/32000 points, avg insert time (ms): 0.906
[Build] Inserted 18300/32000 points, avg insert time (ms): 1.263
[Build] Inserted 18400/32000 points, avg insert time (ms): 1.286
[Build] Inserted 18500/32000 points, avg insert time (ms): 0.622
[Build] Inserted 18600/32000 points, avg insert time (ms): 1.088
[Build] Inserted 18700/32000 points, avg insert time (ms): 1.166
[Build] Inserted 18800/32000 points, avg insert time (ms): 1.281
[Build] Inserted 18900/32000 points, avg insert time (ms): 1.251
[Build] Inserted 19000/32000 points, avg insert time (ms): 1.088
[Build] Inserted 19100/32000 points, avg insert time (ms): 1.169
[Build] Inserted 19200/32000 points, avg insert time (ms): 1.082
[Build] Inserted 19300/32000 points, avg insert time (ms): 0.911
[Build] Inserted 19400/32000 points, avg insert time (ms): 0.819
[Build] Inserted 19500/32000 points, avg insert time (ms): 0.635
[Build] Inserted 19600/32000 points, avg insert time (ms): 0.903
[Build] Inserted 19700/32000 points, avg insert time (ms): 1.073
[Build] Inserted 19800/32000 points, avg insert time (ms): 1.161
[Build] Inserted 19900/32000 points, avg insert time (ms): 1.078
[Build] Inserted 20000/32000 points, avg insert time (ms): 1.182
[Build] Inserted 20100/32000 points, avg insert time (ms): 1.092
[Build] Inserted 20200/32000 points, avg insert time (ms): 0.752
[Build] Inserted 20300/32000 points, avg insert time (ms): 1.721
[Build] Inserted 20400/32000 points, avg insert time (ms): 0.902
[Build] Inserted 20500/32000 points, avg insert time (ms): 0.807
[Build] Inserted 20600/32000 points, avg insert time (ms): 1.268
[Build] Inserted 20700/32000 points, avg insert time (ms): 1.528
[Build] Inserted 20800/32000 points, avg insert time (ms): 1.574
[Build] Inserted 20900/32000 points, avg insert time (ms): 1.377
[Build] Inserted 21000/32000 points, avg insert time (ms): 0.897
[Build] Inserted 21100/32000 points, avg insert time (ms): 1.529
[Build] Inserted 21200/32000 points, avg insert time (ms): 0.993
[Build] Inserted 21300/32000 points, avg insert time (ms): 1.249
[Build] Inserted 21400/32000 points, avg insert time (ms): 0.720
[Build] Inserted 21500/32000 points, avg insert time (ms): 0.641
[Build] Inserted 21600/32000 points, avg insert time (ms): 1.272
[Build] Inserted 21700/32000 points, avg insert time (ms): 1.259
[Build] Inserted 21800/32000 points, avg insert time (ms): 0.996
[Build] Inserted 21900/32000 points, avg insert time (ms): 1.271
[Build] Inserted 22000/32000 points, avg insert time (ms): 1.376
[Build] Inserted 22100/32000 points, avg insert time (ms): 0.727
[Build] Inserted 22200/32000 points, avg insert time (ms): 1.702
[Build] Inserted 22300/32000 points, avg insert time (ms): 0.912
[Build] Inserted 22400/32000 points, avg insert time (ms): 1.357
[Build] Inserted 22500/32000 points, avg insert time (ms): 0.988
[Build] Inserted 22600/32000 points, avg insert time (ms): 1.171
[Build] Inserted 22700/32000 points, avg insert time (ms): 1.542
[Build] Inserted 22800/32000 points, avg insert time (ms): 1.196
[Build] Inserted 22900/32000 points, avg insert time (ms): 1.267
[Build] Inserted 23000/32000 points, avg insert time (ms): 0.906
[Build] Inserted 23100/32000 points, avg insert time (ms): 1.090
[Build] Inserted 23200/32000 points, avg insert time (ms): 1.170
[Build] Inserted 23300/32000 points, avg insert time (ms): 1.541
[Build] Inserted 23400/32000 points, avg insert time (ms): 1.623
[Build] Inserted 23500/32000 points, avg insert time (ms): 0.820
[Build] Inserted 23600/32000 points, avg insert time (ms): 0.992
[Build] Inserted 23700/32000 points, avg insert time (ms): 1.335
[Build] Inserted 23800/32000 points, avg insert time (ms): 0.722
[Build] Inserted 23900/32000 points, avg insert time (ms): 1.083
[Build] Inserted 24000/32000 points, avg insert time (ms): 0.841
[Build] Inserted 24100/32000 points, avg insert time (ms): 1.312
[Build] Inserted 24200/32000 points, avg insert time (ms): 1.097
[Build] Inserted 24300/32000 points, avg insert time (ms): 1.460
[Build] Inserted 24400/32000 points, avg insert time (ms): 1.267
[Build] Inserted 24500/32000 points, avg insert time (ms): 0.995
[Build] Inserted 24600/32000 points, avg insert time (ms): 1.179
[Build] Inserted 24700/32000 points, avg insert time (ms): 1.174
[Build] Inserted 24800/32000 points, avg insert time (ms): 0.902
[Build] Inserted 24900/32000 points, avg insert time (ms): -14.407
[Build] Inserted 25000/32000 points, avg insert time (ms): 0.906
[Build] Inserted 25100/32000 points, avg insert time (ms): 0.903
[Build] Inserted 25200/32000 points, avg insert time (ms): 0.805
[Build] Inserted 25300/32000 points, avg insert time (ms): 0.819
[Build] Inserted 25400/32000 points, avg insert time (ms): 0.982
[Build] Inserted 25500/32000 points, avg insert time (ms): 1.449
[Build] Inserted 25600/32000 points, avg insert time (ms): 1.613
[Build] Inserted 25700/32000 points, avg insert time (ms): 1.349
[Build] Inserted 25800/32000 points, avg insert time (ms): 1.079
[Build] Inserted 25900/32000 points, avg insert time (ms): 1.012
[Build] Inserted 26000/32000 points, avg insert time (ms): 1.076
[Build] Inserted 26100/32000 points, avg insert time (ms): 1.277
[Build] Inserted 26200/32000 points, avg insert time (ms): 1.201
[Build] Inserted 26300/32000 points, avg insert time (ms): 1.090
[Build] Inserted 26400/32000 points, avg insert time (ms): 1.082
[Build] Inserted 26500/32000 points, avg insert time (ms): 0.543
[Build] Inserted 26600/32000 points, avg insert time (ms): 1.711
[Build] Inserted 26700/32000 points, avg insert time (ms): 0.723
[Build] Inserted 26800/32000 points, avg insert time (ms): 0.995
[Build] Inserted 26900/32000 points, avg insert time (ms): 0.637
[Build] Inserted 27000/32000 points, avg insert time (ms): 0.724
[Build] Inserted 27100/32000 points, avg insert time (ms): 0.920
[Build] Inserted 27200/32000 points, avg insert time (ms): 0.815
[Build] Inserted 27300/32000 points, avg insert time (ms): 1.524
[Build] Inserted 27400/32000 points, avg insert time (ms): 1.361
[Build] Inserted 27500/32000 points, avg insert time (ms): 1.549
[Build] Inserted 27600/32000 points, avg insert time (ms): 1.267
[Build] Inserted 27700/32000 points, avg insert time (ms): 0.900
[Build] Inserted 27800/32000 points, avg insert time (ms): 1.364
[Build] Inserted 27900/32000 points, avg insert time (ms): 1.191
[Build] Inserted 28000/32000 points, avg insert time (ms): 1.276
[Build] Inserted 28100/32000 points, avg insert time (ms): 0.984
[Build] Inserted 28200/32000 points, avg insert time (ms): 1.214
[Build] Inserted 28300/32000 points, avg insert time (ms): 1.563
[Build] Inserted 28400/32000 points, avg insert time (ms): 1.079
[Build] Inserted 28500/32000 points, avg insert time (ms): 1.443
[Build] Inserted 28600/32000 points, avg insert time (ms): 1.456
[Build] Inserted 28700/32000 points, avg insert time (ms): 1.272
[Build] Inserted 28800/32000 points, avg insert time (ms): 1.459
[Build] Inserted 28900/32000 points, avg insert time (ms): 1.276
[Build] Inserted 29000/32000 points, avg insert time (ms): 0.989
[Build] Inserted 29100/32000 points, avg insert time (ms): 0.991
[Build] Inserted 29200/32000 points, avg insert time (ms): 1.264
[Build] Inserted 29300/32000 points, avg insert time (ms): 1.447
[Build] Inserted 29400/32000 points, avg insert time (ms): 1.439
[Build] Inserted 29500/32000 points, avg insert time (ms): 1.746
[Build] Inserted 29600/32000 points, avg insert time (ms): 0.987
[Build] Inserted 29700/32000 points, avg insert time (ms): 1.172
[Build] Inserted 29800/32000 points, avg insert time (ms): 1.276
[Build] Inserted 29900/32000 points, avg insert time (ms): 1.459
[Build] Inserted 30000/32000 points, avg insert time (ms): 0.736
[Build] Inserted 30100/32000 points, avg insert time (ms): 1.191
[Build] Inserted 30200/32000 points, avg insert time (ms): 0.818
[Build] Inserted 30300/32000 points, avg insert time (ms): 1.805
[Build] Inserted 30400/32000 points, avg insert time (ms): 1.080
[Build] Inserted 30500/32000 points, avg insert time (ms): 1.167
[Build] Inserted 30600/32000 points, avg insert time (ms): 1.414
[Build] Inserted 30700/32000 points, avg insert time (ms): 1.001
[Build] Inserted 30800/32000 points, avg insert time (ms): 1.421
[Build] Inserted 30900/32000 points, avg insert time (ms): 1.369
[Build] Inserted 31000/32000 points, avg insert time (ms): 0.820
[Build] Inserted 31100/32000 points, avg insert time (ms): 1.282
[Build] Inserted 31200/32000 points, avg insert time (ms): 1.571
[Build] Inserted 31300/32000 points, avg insert time (ms): 1.178
[Build] Inserted 31400/32000 points, avg insert time (ms): 1.081
[Build] Inserted 31500/32000 points, avg insert time (ms): 1.979
[Build] Inserted 31600/32000 points, avg insert time (ms): 0.812
[Build] Inserted 31700/32000 points, avg insert time (ms): 1.094
[Build] Inserted 31800/32000 points, avg insert time (ms): 1.852
[Build] Inserted 31900/32000 points, avg insert time (ms): 0.550
[Build] Inserted 32000/32000 points, avg insert time (ms): 1.447
[Timing] Total insertion time: 37.82 s
[Build] Starting queries...
[Query] Processed 1/1 queries, avg query time (ms): 22.174
[Timing] Total query time: 0.02 s
[Eval] Computing ground truth top-K...
[Timing] Ground truth (FAISS): 0.00 s (0.968 ms/query)
[Timing] Ground truth computation: 0.35 s
[Eval] Computing recall metrics...
[Timing] Recall evaluation: 0.02 s
[Eval] Computing (c,r)-ANN accuracy...
[Timing] FAISS r* computation: 0.00 s (0.927 ms/query)
[CR-ANN] 1/1 processed, avg time (ann.query): 51.907 ms
[Timing] (c,r)-ANN eval: 0.05 s (53.232 ms/query)
[Sanity Check] Total Relevant = 1
[Timing] (c,r)-ANN evaluation: 0.06 s
[Result] Memory breakdown (MB): {'hash_functions_MB': 9.919048309326172, 'bucket_ids_MB': 13.602890014648438, 'num_ids': 3565916, 'num_buckets': 325233, 'hash_tables_overhead_MB': 27.294639587402344, 'total_MB': 50.81657791137695}
[Result] Epsilon-recall: 1.0000
[Result] (c,r)-ANN accuracy: 1.0000

[Timing Summary]
  Insert phase: 37.82 s
  Query phase: 0.02 s
  Ground truth: 0.35 s
  Recall eval: 0.02 s
  (c,r)-ANN eval: 0.06 s
  Total time: 38.28 s
[SUMMARY] r=1.0, eps=0.5, eta=0.2, recall=1.0000, (c,r)-ANN accuracy=1.0, memory=50.81657791137695
