[Init] Inputs : eta=0.20, epsilon=1.00, r=1.00
[Init] LSH Parameters : w=3.772, p1=0.7885, p2=0.5891, rho=0.4491
[Init] Data Structure Parameters : k=20, L=133, key_bits=640, mode=speed
[Build] Starting insertion...
[Build] Inserted 100/32000 points, avg insert time (ms): 0.162
[Build] Inserted 200/32000 points, avg insert time (ms): 0.128
[Build] Inserted 300/32000 points, avg insert time (ms): 0.169
[Build] Inserted 400/32000 points, avg insert time (ms): 0.130
[Build] Inserted 500/32000 points, avg insert time (ms): 0.187
[Build] Inserted 600/32000 points, avg insert time (ms): 0.130
[Build] Inserted 700/32000 points, avg insert time (ms): 0.181
[Build] Inserted 800/32000 points, avg insert time (ms): 0.228
[Build] Inserted 900/32000 points, avg insert time (ms): 0.168
[Build] Inserted 1000/32000 points, avg insert time (ms): 0.197
[Build] Inserted 1100/32000 points, avg insert time (ms): 0.105
[Build] Inserted 1200/32000 points, avg insert time (ms): 0.136
[Build] Inserted 1300/32000 points, avg insert time (ms): 0.146
[Build] Inserted 1400/32000 points, avg insert time (ms): 0.108
[Build] Inserted 1500/32000 points, avg insert time (ms): 0.211
[Build] Inserted 1600/32000 points, avg insert time (ms): 0.210
[Build] Inserted 1700/32000 points, avg insert time (ms): 0.228
[Build] Inserted 1800/32000 points, avg insert time (ms): 0.234
[Build] Inserted 1900/32000 points, avg insert time (ms): 0.246
[Build] Inserted 2000/32000 points, avg insert time (ms): 0.156
[Build] Inserted 2100/32000 points, avg insert time (ms): 0.140
[Build] Inserted 2200/32000 points, avg insert time (ms): 0.219
[Build] Inserted 2300/32000 points, avg insert time (ms): 0.178
[Build] Inserted 2400/32000 points, avg insert time (ms): 0.209
[Build] Inserted 2500/32000 points, avg insert time (ms): 0.175
[Build] Inserted 2600/32000 points, avg insert time (ms): 0.266
[Build] Inserted 2700/32000 points, avg insert time (ms): 0.193
[Build] Inserted 2800/32000 points, avg insert time (ms): 0.133
[Build] Inserted 2900/32000 points, avg insert time (ms): 0.172
[Build] Inserted 3000/32000 points, avg insert time (ms): 0.157
[Build] Inserted 3100/32000 points, avg insert time (ms): 0.144
[Build] Inserted 3200/32000 points, avg insert time (ms): 0.144
[Build] Inserted 3300/32000 points, avg insert time (ms): 0.195
[Build] Inserted 3400/32000 points, avg insert time (ms): 0.205
[Build] Inserted 3500/32000 points, avg insert time (ms): 0.129
[Build] Inserted 3600/32000 points, avg insert time (ms): 0.234
[Build] Inserted 3700/32000 points, avg insert time (ms): 0.091
[Build] Inserted 3800/32000 points, avg insert time (ms): 0.158
[Build] Inserted 3900/32000 points, avg insert time (ms): 0.067
[Build] Inserted 4000/32000 points, avg insert time (ms): 0.180
[Build] Inserted 4100/32000 points, avg insert time (ms): 0.153
[Build] Inserted 4200/32000 points, avg insert time (ms): 0.190
[Build] Inserted 4300/32000 points, avg insert time (ms): 0.176
[Build] Inserted 4400/32000 points, avg insert time (ms): 0.159
[Build] Inserted 4500/32000 points, avg insert time (ms): 0.206
[Build] Inserted 4600/32000 points, avg insert time (ms): 0.117
[Build] Inserted 4700/32000 points, avg insert time (ms): 0.262
[Build] Inserted 4800/32000 points, avg insert time (ms): 0.149
[Build] Inserted 4900/32000 points, avg insert time (ms): 0.235
[Build] Inserted 5000/32000 points, avg insert time (ms): 0.237
[Build] Inserted 5100/32000 points, avg insert time (ms): 0.204
[Build] Inserted 5200/32000 points, avg insert time (ms): 0.187
[Build] Inserted 5300/32000 points, avg insert time (ms): 0.110
[Build] Inserted 5400/32000 points, avg insert time (ms): 0.128
[Build] Inserted 5500/32000 points, avg insert time (ms): 0.214
[Build] Inserted 5600/32000 points, avg insert time (ms): 0.156
[Build] Inserted 5700/32000 points, avg insert time (ms): 0.170
[Build] Inserted 5800/32000 points, avg insert time (ms): 0.154
[Build] Inserted 5900/32000 points, avg insert time (ms): 0.116
[Build] Inserted 6000/32000 points, avg insert time (ms): 0.145
[Build] Inserted 6100/32000 points, avg insert time (ms): 0.154
[Build] Inserted 6200/32000 points, avg insert time (ms): 0.129
[Build] Inserted 6300/32000 points, avg insert time (ms): 0.284
[Build] Inserted 6400/32000 points, avg insert time (ms): 0.108
[Build] Inserted 6500/32000 points, avg insert time (ms): 0.161
[Build] Inserted 6600/32000 points, avg insert time (ms): 0.098
[Build] Inserted 6700/32000 points, avg insert time (ms): 0.149
[Build] Inserted 6800/32000 points, avg insert time (ms): 0.181
[Build] Inserted 6900/32000 points, avg insert time (ms): 0.145
[Build] Inserted 7000/32000 points, avg insert time (ms): 0.140
[Build] Inserted 7100/32000 points, avg insert time (ms): 0.121
[Build] Inserted 7200/32000 points, avg insert time (ms): 0.144
[Build] Inserted 7300/32000 points, avg insert time (ms): 0.128
[Build] Inserted 7400/32000 points, avg insert time (ms): 0.222
[Build] Inserted 7500/32000 points, avg insert time (ms): 0.170
[Build] Inserted 7600/32000 points, avg insert time (ms): 0.241
[Build] Inserted 7700/32000 points, avg insert time (ms): 0.168
[Build] Inserted 7800/32000 points, avg insert time (ms): 0.067
[Build] Inserted 7900/32000 points, avg insert time (ms): 0.183
[Build] Inserted 8000/32000 points, avg insert time (ms): 0.209
[Build] Inserted 8100/32000 points, avg insert time (ms): 0.103
[Build] Inserted 8200/32000 points, avg insert time (ms): 0.181
[Build] Inserted 8300/32000 points, avg insert time (ms): 0.198
[Build] Inserted 8400/32000 points, avg insert time (ms): 0.211
[Build] Inserted 8500/32000 points, avg insert time (ms): 0.107
[Build] Inserted 8600/32000 points, avg insert time (ms): 0.262
[Build] Inserted 8700/32000 points, avg insert time (ms): 0.159
[Build] Inserted 8800/32000 points, avg insert time (ms): 0.147
[Build] Inserted 8900/32000 points, avg insert time (ms): 0.152
[Build] Inserted 9000/32000 points, avg insert time (ms): 0.229
[Build] Inserted 9100/32000 points, avg insert time (ms): 0.169
[Build] Inserted 9200/32000 points, avg insert time (ms): 0.106
[Build] Inserted 9300/32000 points, avg insert time (ms): 0.146
[Build] Inserted 9400/32000 points, avg insert time (ms): 0.144
[Build] Inserted 9500/32000 points, avg insert time (ms): 0.139
[Build] Inserted 9600/32000 points, avg insert time (ms): 0.188
[Build] Inserted 9700/32000 points, avg insert time (ms): 0.131
[Build] Inserted 9800/32000 points, avg insert time (ms): 0.111
[Build] Inserted 9900/32000 points, avg insert time (ms): 0.120
[Build] Inserted 10000/32000 points, avg insert time (ms): 0.171
[Build] Inserted 10100/32000 points, avg insert time (ms): 0.306
[Build] Inserted 10200/32000 points, avg insert time (ms): 0.105
[Build] Inserted 10300/32000 points, avg insert time (ms): 0.145
[Build] Inserted 10400/32000 points, avg insert time (ms): 0.099
[Build] Inserted 10500/32000 points, avg insert time (ms): 0.115
[Build] Inserted 10600/32000 points, avg insert time (ms): 0.258
[Build] Inserted 10700/32000 points, avg insert time (ms): 0.221
[Build] Inserted 10800/32000 points, avg insert time (ms): 0.125
[Build] Inserted 10900/32000 points, avg insert time (ms): 0.171
[Build] Inserted 11000/32000 points, avg insert time (ms): 0.125
[Build] Inserted 11100/32000 points, avg insert time (ms): 0.108
[Build] Inserted 11200/32000 points, avg insert time (ms): 0.183
[Build] Inserted 11300/32000 points, avg insert time (ms): 0.098
[Build] Inserted 11400/32000 points, avg insert time (ms): 0.142
[Build] Inserted 11500/32000 points, avg insert time (ms): 0.237
[Build] Inserted 11600/32000 points, avg insert time (ms): 0.138
[Build] Inserted 11700/32000 points, avg insert time (ms): 0.183
[Build] Inserted 11800/32000 points, avg insert time (ms): 0.172
[Build] Inserted 11900/32000 points, avg insert time (ms): 0.184
[Build] Inserted 12000/32000 points, avg insert time (ms): 0.172
[Build] Inserted 12100/32000 points, avg insert time (ms): 0.130
[Build] Inserted 12200/32000 points, avg insert time (ms): 0.222
[Build] Inserted 12300/32000 points, avg insert time (ms): 0.098
[Build] Inserted 12400/32000 points, avg insert time (ms): 0.201
[Build] Inserted 12500/32000 points, avg insert time (ms): 0.156
[Build] Inserted 12600/32000 points, avg insert time (ms): 0.180
[Build] Inserted 12700/32000 points, avg insert time (ms): 0.178
[Build] Inserted 12800/32000 points, avg insert time (ms): 0.155
[Build] Inserted 12900/32000 points, avg insert time (ms): 0.152
[Build] Inserted 13000/32000 points, avg insert time (ms): 0.167
[Build] Inserted 13100/32000 points, avg insert time (ms): 0.200
[Build] Inserted 13200/32000 points, avg insert time (ms): 0.271
[Build] Inserted 13300/32000 points, avg insert time (ms): 0.116
[Build] Inserted 13400/32000 points, avg insert time (ms): 0.190
[Build] Inserted 13500/32000 points, avg insert time (ms): 0.191
[Build] Inserted 13600/32000 points, avg insert time (ms): 0.164
[Build] Inserted 13700/32000 points, avg insert time (ms): 0.163
[Build] Inserted 13800/32000 points, avg insert time (ms): 0.112
[Build] Inserted 13900/32000 points, avg insert time (ms): 0.138
[Build] Inserted 14000/32000 points, avg insert time (ms): 0.152
[Build] Inserted 14100/32000 points, avg insert time (ms): 0.217
[Build] Inserted 14200/32000 points, avg insert time (ms): 0.175
[Build] Inserted 14300/32000 points, avg insert time (ms): 0.101
[Build] Inserted 14400/32000 points, avg insert time (ms): 0.150
[Build] Inserted 14500/32000 points, avg insert time (ms): 0.190
[Build] Inserted 14600/32000 points, avg insert time (ms): 0.163
[Build] Inserted 14700/32000 points, avg insert time (ms): 0.153
[Build] Inserted 14800/32000 points, avg insert time (ms): 0.124
[Build] Inserted 14900/32000 points, avg insert time (ms): 0.179
[Build] Inserted 15000/32000 points, avg insert time (ms): 0.140
[Build] Inserted 15100/32000 points, avg insert time (ms): 0.139
[Build] Inserted 15200/32000 points, avg insert time (ms): 0.187
[Build] Inserted 15300/32000 points, avg insert time (ms): 0.161
[Build] Inserted 15400/32000 points, avg insert time (ms): 0.143
[Build] Inserted 15500/32000 points, avg insert time (ms): 0.147
[Build] Inserted 15600/32000 points, avg insert time (ms): 0.209
[Build] Inserted 15700/32000 points, avg insert time (ms): 0.160
[Build] Inserted 15800/32000 points, avg insert time (ms): 0.137
[Build] Inserted 15900/32000 points, avg insert time (ms): 0.113
[Build] Inserted 16000/32000 points, avg insert time (ms): 0.172
[Build] Inserted 16100/32000 points, avg insert time (ms): 0.149
[Build] Inserted 16200/32000 points, avg insert time (ms): 0.138
[Build] Inserted 16300/32000 points, avg insert time (ms): 0.191
[Build] Inserted 16400/32000 points, avg insert time (ms): 0.076
[Build] Inserted 16500/32000 points, avg insert time (ms): 0.154
[Build] Inserted 16600/32000 points, avg insert time (ms): 0.137
[Build] Inserted 16700/32000 points, avg insert time (ms): 0.117
[Build] Inserted 16800/32000 points, avg insert time (ms): 0.152
[Build] Inserted 16900/32000 points, avg insert time (ms): 0.195
[Build] Inserted 17000/32000 points, avg insert time (ms): 0.134
[Build] Inserted 17100/32000 points, avg insert time (ms): 0.149
[Build] Inserted 17200/32000 points, avg insert time (ms): 0.244
[Build] Inserted 17300/32000 points, avg insert time (ms): 0.146
[Build] Inserted 17400/32000 points, avg insert time (ms): 0.189
[Build] Inserted 17500/32000 points, avg insert time (ms): 0.110
[Build] Inserted 17600/32000 points, avg insert time (ms): 0.133
[Build] Inserted 17700/32000 points, avg insert time (ms): 0.144
[Build] Inserted 17800/32000 points, avg insert time (ms): 0.178
[Build] Inserted 17900/32000 points, avg insert time (ms): 0.213
[Build] Inserted 18000/32000 points, avg insert time (ms): 0.152
[Build] Inserted 18100/32000 points, avg insert time (ms): 0.186
[Build] Inserted 18200/32000 points, avg insert time (ms): 0.099
[Build] Inserted 18300/32000 points, avg insert time (ms): 0.208
[Build] Inserted 18400/32000 points, avg insert time (ms): 0.127
[Build] Inserted 18500/32000 points, avg insert time (ms): 0.080
[Build] Inserted 18600/32000 points, avg insert time (ms): 0.155
[Build] Inserted 18700/32000 points, avg insert time (ms): 0.188
[Build] Inserted 18800/32000 points, avg insert time (ms): 0.150
[Build] Inserted 18900/32000 points, avg insert time (ms): 0.112
[Build] Inserted 19000/32000 points, avg insert time (ms): 0.201
[Build] Inserted 19100/32000 points, avg insert time (ms): 0.191
[Build] Inserted 19200/32000 points, avg insert time (ms): 0.202
[Build] Inserted 19300/32000 points, avg insert time (ms): 0.089
[Build] Inserted 19400/32000 points, avg insert time (ms): 0.199
[Build] Inserted 19500/32000 points, avg insert time (ms): 0.223
[Build] Inserted 19600/32000 points, avg insert time (ms): 0.133
[Build] Inserted 19700/32000 points, avg insert time (ms): 0.223
[Build] Inserted 19800/32000 points, avg insert time (ms): 0.215
[Build] Inserted 19900/32000 points, avg insert time (ms): 0.111
[Build] Inserted 20000/32000 points, avg insert time (ms): 0.107
[Build] Inserted 20100/32000 points, avg insert time (ms): 0.132
[Build] Inserted 20200/32000 points, avg insert time (ms): 0.146
[Build] Inserted 20300/32000 points, avg insert time (ms): 0.203
[Build] Inserted 20400/32000 points, avg insert time (ms): 0.181
[Build] Inserted 20500/32000 points, avg insert time (ms): 0.145
[Build] Inserted 20600/32000 points, avg insert time (ms): 0.148
[Build] Inserted 20700/32000 points, avg insert time (ms): 0.135
[Build] Inserted 20800/32000 points, avg insert time (ms): 0.062
[Build] Inserted 20900/32000 points, avg insert time (ms): 0.184
[Build] Inserted 21000/32000 points, avg insert time (ms): 0.101
[Build] Inserted 21100/32000 points, avg insert time (ms): 0.187
[Build] Inserted 21200/32000 points, avg insert time (ms): 0.127
[Build] Inserted 21300/32000 points, avg insert time (ms): 0.161
[Build] Inserted 21400/32000 points, avg insert time (ms): 0.141
[Build] Inserted 21500/32000 points, avg insert time (ms): 0.177
[Build] Inserted 21600/32000 points, avg insert time (ms): 0.101
[Build] Inserted 21700/32000 points, avg insert time (ms): 0.137
[Build] Inserted 21800/32000 points, avg insert time (ms): 0.136
[Build] Inserted 21900/32000 points, avg insert time (ms): 0.189
[Build] Inserted 22000/32000 points, avg insert time (ms): 0.116
[Build] Inserted 22100/32000 points, avg insert time (ms): 0.165
[Build] Inserted 22200/32000 points, avg insert time (ms): 0.128
[Build] Inserted 22300/32000 points, avg insert time (ms): 0.140
[Build] Inserted 22400/32000 points, avg insert time (ms): 0.141
[Build] Inserted 22500/32000 points, avg insert time (ms): 0.173
[Build] Inserted 22600/32000 points, avg insert time (ms): 0.200
[Build] Inserted 22700/32000 points, avg insert time (ms): 0.153
[Build] Inserted 22800/32000 points, avg insert time (ms): 0.206
[Build] Inserted 22900/32000 points, avg insert time (ms): 0.241
[Build] Inserted 23000/32000 points, avg insert time (ms): 0.092
[Build] Inserted 23100/32000 points, avg insert time (ms): 0.138
[Build] Inserted 23200/32000 points, avg insert time (ms): 0.099
[Build] Inserted 23300/32000 points, avg insert time (ms): 0.100
[Build] Inserted 23400/32000 points, avg insert time (ms): 0.214
[Build] Inserted 23500/32000 points, avg insert time (ms): 0.190
[Build] Inserted 23600/32000 points, avg insert time (ms): 0.149
[Build] Inserted 23700/32000 points, avg insert time (ms): 0.126
[Build] Inserted 23800/32000 points, avg insert time (ms): 0.165
[Build] Inserted 23900/32000 points, avg insert time (ms): 0.127
[Build] Inserted 24000/32000 points, avg insert time (ms): 0.151
[Build] Inserted 24100/32000 points, avg insert time (ms): 0.152
[Build] Inserted 24200/32000 points, avg insert time (ms): 0.151
[Build] Inserted 24300/32000 points, avg insert time (ms): 0.214
[Build] Inserted 24400/32000 points, avg insert time (ms): 0.123
[Build] Inserted 24500/32000 points, avg insert time (ms): 0.186
[Build] Inserted 24600/32000 points, avg insert time (ms): 0.107
[Build] Inserted 24700/32000 points, avg insert time (ms): 0.188
[Build] Inserted 24800/32000 points, avg insert time (ms): 0.151
[Build] Inserted 24900/32000 points, avg insert time (ms): 0.214
[Build] Inserted 25000/32000 points, avg insert time (ms): 0.217
[Build] Inserted 25100/32000 points, avg insert time (ms): 0.123
[Build] Inserted 25200/32000 points, avg insert time (ms): 0.186
[Build] Inserted 25300/32000 points, avg insert time (ms): 0.127
[Build] Inserted 25400/32000 points, avg insert time (ms): 0.099
[Build] Inserted 25500/32000 points, avg insert time (ms): 0.215
[Build] Inserted 25600/32000 points, avg insert time (ms): 0.178
[Build] Inserted 25700/32000 points, avg insert time (ms): 0.190
[Build] Inserted 25800/32000 points, avg insert time (ms): 0.108
[Build] Inserted 25900/32000 points, avg insert time (ms): 0.160
[Build] Inserted 26000/32000 points, avg insert time (ms): 0.097
[Build] Inserted 26100/32000 points, avg insert time (ms): 0.141
[Build] Inserted 26200/32000 points, avg insert time (ms): 0.149
[Build] Inserted 26300/32000 points, avg insert time (ms): 0.148
[Build] Inserted 26400/32000 points, avg insert time (ms): 0.160
[Build] Inserted 26500/32000 points, avg insert time (ms): 0.124
[Build] Inserted 26600/32000 points, avg insert time (ms): 0.148
[Build] Inserted 26700/32000 points, avg insert time (ms): 0.208
[Build] Inserted 26800/32000 points, avg insert time (ms): 0.167
[Build] Inserted 26900/32000 points, avg insert time (ms): 0.125
[Build] Inserted 27000/32000 points, avg insert time (ms): 0.121
[Build] Inserted 27100/32000 points, avg insert time (ms): 0.103
[Build] Inserted 27200/32000 points, avg insert time (ms): 0.154
[Build] Inserted 27300/32000 points, avg insert time (ms): 0.200
[Build] Inserted 27400/32000 points, avg insert time (ms): 0.188
[Build] Inserted 27500/32000 points, avg insert time (ms): 0.134
[Build] Inserted 27600/32000 points, avg insert time (ms): 0.076
[Build] Inserted 27700/32000 points, avg insert time (ms): 0.166
[Build] Inserted 27800/32000 points, avg insert time (ms): 0.190
[Build] Inserted 27900/32000 points, avg insert time (ms): 0.198
[Build] Inserted 28000/32000 points, avg insert time (ms): 0.232
[Build] Inserted 28100/32000 points, avg insert time (ms): 0.105
[Build] Inserted 28200/32000 points, avg insert time (ms): 0.140
[Build] Inserted 28300/32000 points, avg insert time (ms): 0.151
[Build] Inserted 28400/32000 points, avg insert time (ms): 0.154
[Build] Inserted 28500/32000 points, avg insert time (ms): 0.131
[Build] Inserted 28600/32000 points, avg insert time (ms): 0.142
[Build] Inserted 28700/32000 points, avg insert time (ms): 0.130
[Build] Inserted 28800/32000 points, avg insert time (ms): 0.167
[Build] Inserted 28900/32000 points, avg insert time (ms): 0.118
[Build] Inserted 29000/32000 points, avg insert time (ms): 0.203
[Build] Inserted 29100/32000 points, avg insert time (ms): 0.197
[Build] Inserted 29200/32000 points, avg insert time (ms): 0.142
[Build] Inserted 29300/32000 points, avg insert time (ms): 0.230
[Build] Inserted 29400/32000 points, avg insert time (ms): 0.137
[Build] Inserted 29500/32000 points, avg insert time (ms): 0.148
[Build] Inserted 29600/32000 points, avg insert time (ms): 0.149
[Build] Inserted 29700/32000 points, avg insert time (ms): 0.198
[Build] Inserted 29800/32000 points, avg insert time (ms): 0.160
[Build] Inserted 29900/32000 points, avg insert time (ms): 0.152
[Build] Inserted 30000/32000 points, avg insert time (ms): 0.191
[Build] Inserted 30100/32000 points, avg insert time (ms): 0.178
[Build] Inserted 30200/32000 points, avg insert time (ms): 0.143
[Build] Inserted 30300/32000 points, avg insert time (ms): 0.108
[Build] Inserted 30400/32000 points, avg insert time (ms): 0.135
[Build] Inserted 30500/32000 points, avg insert time (ms): 0.166
[Build] Inserted 30600/32000 points, avg insert time (ms): 0.156
[Build] Inserted 30700/32000 points, avg insert time (ms): 0.173
[Build] Inserted 30800/32000 points, avg insert time (ms): 0.141
[Build] Inserted 30900/32000 points, avg insert time (ms): 0.120
[Build] Inserted 31000/32000 points, avg insert time (ms): 0.190
[Build] Inserted 31100/32000 points, avg insert time (ms): 0.175
[Build] Inserted 31200/32000 points, avg insert time (ms): 0.153
[Build] Inserted 31300/32000 points, avg insert time (ms): 0.194
[Build] Inserted 31400/32000 points, avg insert time (ms): 0.096
[Build] Inserted 31500/32000 points, avg insert time (ms): 0.130
[Build] Inserted 31600/32000 points, avg insert time (ms): 0.176
[Build] Inserted 31700/32000 points, avg insert time (ms): 0.228
[Build] Inserted 31800/32000 points, avg insert time (ms): 0.094
[Build] Inserted 31900/32000 points, avg insert time (ms): 0.119
[Build] Inserted 32000/32000 points, avg insert time (ms): 0.263
[Timing] Total insertion time: 5.35 s
[Build] Starting queries...
[Query] Processed 1/1 queries, avg query time (ms): 16.076
[Timing] Total query time: 0.02 s
[Eval] Computing ground truth top-K...
[Timing] Ground truth (FAISS): 0.00 s (1.019 ms/query)
[Timing] Ground truth computation: 0.39 s
[Eval] Computing recall metrics...
[Timing] Recall evaluation: 0.01 s
[Eval] Computing (c,r)-ANN accuracy...
[Timing] FAISS r* computation: 0.00 s (0.979 ms/query)
[CR-ANN] 1/1 processed, avg time (ann.query): 27.146 ms
[Timing] (c,r)-ANN eval: 0.03 s (27.976 ms/query)
[Sanity Check] Total Relevant = 1
[Timing] (c,r)-ANN evaluation: 0.04 s
[Result] Memory breakdown (MB): {'hash_functions_MB': 1.3292694091796875, 'bucket_ids_MB': 2.045146942138672, 'num_ids': 536123, 'num_buckets': 21161, 'hash_tables_overhead_MB': 1.7759017944335938, 'total_MB': 5.150318145751953}
[Result] Epsilon-recall: 1.0000
[Result] (c,r)-ANN accuracy: 1.0000

[Timing Summary]
  Insert phase: 5.35 s
  Query phase: 0.02 s
  Ground truth: 0.39 s
  Recall eval: 0.01 s
  (c,r)-ANN eval: 0.04 s
  Total time: 5.81 s
[SUMMARY] r=1.0, eps=1.0, eta=0.2, recall=1.0000, (c,r)-ANN accuracy=1.0, memory=5.150318145751953
