[Init] Inputs : eta=0.30, epsilon=1.00, r=1.00
[Init] LSH Parameters : w=3.772, p1=0.7885, p2=0.5891, rho=0.4491
[Init] Data Structure Parameters : k=20, L=133, key_bits=640, mode=speed
[Build] Starting insertion...
[Build] Inserted 100/32000 points, avg insert time (ms): 0.031
[Build] Inserted 200/32000 points, avg insert time (ms): 0.028
[Build] Inserted 300/32000 points, avg insert time (ms): 0.068
[Build] Inserted 400/32000 points, avg insert time (ms): 0.001
[Build] Inserted 500/32000 points, avg insert time (ms): 0.038
[Build] Inserted 600/32000 points, avg insert time (ms): 0.001
[Build] Inserted 700/32000 points, avg insert time (ms): 0.052
[Build] Inserted 800/32000 points, avg insert time (ms): 0.062
[Build] Inserted 900/32000 points, avg insert time (ms): 0.072
[Build] Inserted 1000/32000 points, avg insert time (ms): 0.050
[Build] Inserted 1100/32000 points, avg insert time (ms): 0.013
[Build] Inserted 1200/32000 points, avg insert time (ms): 0.058
[Build] Inserted 1300/32000 points, avg insert time (ms): 0.027
[Build] Inserted 1400/32000 points, avg insert time (ms): 0.039
[Build] Inserted 1500/32000 points, avg insert time (ms): 0.028
[Build] Inserted 1600/32000 points, avg insert time (ms): 0.149
[Build] Inserted 1700/32000 points, avg insert time (ms): 0.080
[Build] Inserted 1800/32000 points, avg insert time (ms): 0.039
[Build] Inserted 1900/32000 points, avg insert time (ms): 0.065
[Build] Inserted 2000/32000 points, avg insert time (ms): 0.049
[Build] Inserted 2100/32000 points, avg insert time (ms): 0.037
[Build] Inserted 2200/32000 points, avg insert time (ms): 0.038
[Build] Inserted 2300/32000 points, avg insert time (ms): 0.050
[Build] Inserted 2400/32000 points, avg insert time (ms): 0.063
[Build] Inserted 2500/32000 points, avg insert time (ms): 0.040
[Build] Inserted 2600/32000 points, avg insert time (ms): 0.040
[Build] Inserted 2700/32000 points, avg insert time (ms): 0.040
[Build] Inserted 2800/32000 points, avg insert time (ms): 0.078
[Build] Inserted 2900/32000 points, avg insert time (ms): 0.065
[Build] Inserted 3000/32000 points, avg insert time (ms): 0.075
[Build] Inserted 3100/32000 points, avg insert time (ms): 0.049
[Build] Inserted 3200/32000 points, avg insert time (ms): 0.061
[Build] Inserted 3300/32000 points, avg insert time (ms): 0.061
[Build] Inserted 3400/32000 points, avg insert time (ms): 0.037
[Build] Inserted 3500/32000 points, avg insert time (ms): 0.063
[Build] Inserted 3600/32000 points, avg insert time (ms): 0.068
[Build] Inserted 3700/32000 points, avg insert time (ms): 0.050
[Build] Inserted 3800/32000 points, avg insert time (ms): 0.025
[Build] Inserted 3900/32000 points, avg insert time (ms): 0.086
[Build] Inserted 4000/32000 points, avg insert time (ms): 0.100
[Build] Inserted 4100/32000 points, avg insert time (ms): 0.015
[Build] Inserted 4200/32000 points, avg insert time (ms): 0.062
[Build] Inserted 4300/32000 points, avg insert time (ms): 0.054
[Build] Inserted 4400/32000 points, avg insert time (ms): 0.089
[Build] Inserted 4500/32000 points, avg insert time (ms): 0.075
[Build] Inserted 4600/32000 points, avg insert time (ms): 0.101
[Build] Inserted 4700/32000 points, avg insert time (ms): 0.063
[Build] Inserted 4800/32000 points, avg insert time (ms): 0.051
[Build] Inserted 4900/32000 points, avg insert time (ms): 0.053
[Build] Inserted 5000/32000 points, avg insert time (ms): 0.054
[Build] Inserted 5100/32000 points, avg insert time (ms): 0.053
[Build] Inserted 5200/32000 points, avg insert time (ms): 0.025
[Build] Inserted 5300/32000 points, avg insert time (ms): 0.077
[Build] Inserted 5400/32000 points, avg insert time (ms): 0.053
[Build] Inserted 5500/32000 points, avg insert time (ms): 0.038
[Build] Inserted 5600/32000 points, avg insert time (ms): 0.110
[Build] Inserted 5700/32000 points, avg insert time (ms): 0.070
[Build] Inserted 5800/32000 points, avg insert time (ms): 0.045
[Build] Inserted 5900/32000 points, avg insert time (ms): 0.015
[Build] Inserted 6000/32000 points, avg insert time (ms): 0.071
[Build] Inserted 6100/32000 points, avg insert time (ms): 0.062
[Build] Inserted 6200/32000 points, avg insert time (ms): 0.108
[Build] Inserted 6300/32000 points, avg insert time (ms): 0.059
[Build] Inserted 6400/32000 points, avg insert time (ms): 0.059
[Build] Inserted 6500/32000 points, avg insert time (ms): 0.073
[Build] Inserted 6600/32000 points, avg insert time (ms): 0.045
[Build] Inserted 6700/32000 points, avg insert time (ms): 0.085
[Build] Inserted 6800/32000 points, avg insert time (ms): 0.041
[Build] Inserted 6900/32000 points, avg insert time (ms): 0.112
[Build] Inserted 7000/32000 points, avg insert time (ms): 0.087
[Build] Inserted 7100/32000 points, avg insert time (ms): 0.076
[Build] Inserted 7200/32000 points, avg insert time (ms): 0.051
[Build] Inserted 7300/32000 points, avg insert time (ms): 0.048
[Build] Inserted 7400/32000 points, avg insert time (ms): 0.064
[Build] Inserted 7500/32000 points, avg insert time (ms): 0.103
[Build] Inserted 7600/32000 points, avg insert time (ms): 0.063
[Build] Inserted 7700/32000 points, avg insert time (ms): 0.075
[Build] Inserted 7800/32000 points, avg insert time (ms): 0.050
[Build] Inserted 7900/32000 points, avg insert time (ms): 0.104
[Build] Inserted 8000/32000 points, avg insert time (ms): 0.039
[Build] Inserted 8100/32000 points, avg insert time (ms): 0.056
[Build] Inserted 8200/32000 points, avg insert time (ms): 0.091
[Build] Inserted 8300/32000 points, avg insert time (ms): 0.120
[Build] Inserted 8400/32000 points, avg insert time (ms): 0.018
[Build] Inserted 8500/32000 points, avg insert time (ms): 0.056
[Build] Inserted 8600/32000 points, avg insert time (ms): 0.056
[Build] Inserted 8700/32000 points, avg insert time (ms): 0.030
[Build] Inserted 8800/32000 points, avg insert time (ms): 0.066
[Build] Inserted 8900/32000 points, avg insert time (ms): 0.078
[Build] Inserted 9000/32000 points, avg insert time (ms): 0.076
[Build] Inserted 9100/32000 points, avg insert time (ms): 0.050
[Build] Inserted 9200/32000 points, avg insert time (ms): 0.029
[Build] Inserted 9300/32000 points, avg insert time (ms): 0.039
[Build] Inserted 9400/32000 points, avg insert time (ms): 0.092
[Build] Inserted 9500/32000 points, avg insert time (ms): 0.102
[Build] Inserted 9600/32000 points, avg insert time (ms): 0.080
[Build] Inserted 9700/32000 points, avg insert time (ms): 0.039
[Build] Inserted 9800/32000 points, avg insert time (ms): 0.014
[Build] Inserted 9900/32000 points, avg insert time (ms): 0.090
[Build] Inserted 10000/32000 points, avg insert time (ms): 0.066
[Build] Inserted 10100/32000 points, avg insert time (ms): 0.065
[Build] Inserted 10200/32000 points, avg insert time (ms): 0.091
[Build] Inserted 10300/32000 points, avg insert time (ms): 0.094
[Build] Inserted 10400/32000 points, avg insert time (ms): 0.065
[Build] Inserted 10500/32000 points, avg insert time (ms): 0.039
[Build] Inserted 10600/32000 points, avg insert time (ms): 0.001
[Build] Inserted 10700/32000 points, avg insert time (ms): 0.078
[Build] Inserted 10800/32000 points, avg insert time (ms): 0.065
[Build] Inserted 10900/32000 points, avg insert time (ms): 0.068
[Build] Inserted 11000/32000 points, avg insert time (ms): 0.041
[Build] Inserted 11100/32000 points, avg insert time (ms): 0.091
[Build] Inserted 11200/32000 points, avg insert time (ms): 0.091
[Build] Inserted 11300/32000 points, avg insert time (ms): 0.116
[Build] Inserted 11400/32000 points, avg insert time (ms): 0.054
[Build] Inserted 11500/32000 points, avg insert time (ms): 0.098
[Build] Inserted 11600/32000 points, avg insert time (ms): 0.068
[Build] Inserted 11700/32000 points, avg insert time (ms): 0.066
[Build] Inserted 11800/32000 points, avg insert time (ms): 0.066
[Build] Inserted 11900/32000 points, avg insert time (ms): 0.090
[Build] Inserted 12000/32000 points, avg insert time (ms): 0.028
[Build] Inserted 12100/32000 points, avg insert time (ms): 0.091
[Build] Inserted 12200/32000 points, avg insert time (ms): 0.065
[Build] Inserted 12300/32000 points, avg insert time (ms): 0.091
[Build] Inserted 12400/32000 points, avg insert time (ms): 0.052
[Build] Inserted 12500/32000 points, avg insert time (ms): 0.026
[Build] Inserted 12600/32000 points, avg insert time (ms): 0.090
[Build] Inserted 12700/32000 points, avg insert time (ms): 0.065
[Build] Inserted 12800/32000 points, avg insert time (ms): 0.014
[Build] Inserted 12900/32000 points, avg insert time (ms): 0.091
[Build] Inserted 13000/32000 points, avg insert time (ms): 0.067
[Build] Inserted 13100/32000 points, avg insert time (ms): 0.102
[Build] Inserted 13200/32000 points, avg insert time (ms): 0.042
[Build] Inserted 13300/32000 points, avg insert time (ms): 0.027
[Build] Inserted 13400/32000 points, avg insert time (ms): 0.092
[Build] Inserted 13500/32000 points, avg insert time (ms): 0.051
[Build] Inserted 13600/32000 points, avg insert time (ms): 0.079
[Build] Inserted 13700/32000 points, avg insert time (ms): 0.050
[Build] Inserted 13800/32000 points, avg insert time (ms): 0.062
[Build] Inserted 13900/32000 points, avg insert time (ms): 0.026
[Build] Inserted 14000/32000 points, avg insert time (ms): 0.016
[Build] Inserted 14100/32000 points, avg insert time (ms): 0.076
[Build] Inserted 14200/32000 points, avg insert time (ms): 0.052
[Build] Inserted 14300/32000 points, avg insert time (ms): 0.051
[Build] Inserted 14400/32000 points, avg insert time (ms): 0.056
[Build] Inserted 14500/32000 points, avg insert time (ms): 0.052
[Build] Inserted 14600/32000 points, avg insert time (ms): 0.052
[Build] Inserted 14700/32000 points, avg insert time (ms): 0.068
[Build] Inserted 14800/32000 points, avg insert time (ms): 0.065
[Build] Inserted 14900/32000 points, avg insert time (ms): 0.066
[Build] Inserted 15000/32000 points, avg insert time (ms): 0.052
[Build] Inserted 15100/32000 points, avg insert time (ms): 0.039
[Build] Inserted 15200/32000 points, avg insert time (ms): 0.080
[Build] Inserted 15300/32000 points, avg insert time (ms): 0.064
[Build] Inserted 15400/32000 points, avg insert time (ms): 0.052
[Build] Inserted 15500/32000 points, avg insert time (ms): 0.027
[Build] Inserted 15600/32000 points, avg insert time (ms): 0.026
[Build] Inserted 15700/32000 points, avg insert time (ms): 0.039
[Build] Inserted 15800/32000 points, avg insert time (ms): 0.014
[Build] Inserted 15900/32000 points, avg insert time (ms): 0.091
[Build] Inserted 16000/32000 points, avg insert time (ms): 0.043
[Build] Inserted 16100/32000 points, avg insert time (ms): 0.043
[Build] Inserted 16200/32000 points, avg insert time (ms): 0.040
[Build] Inserted 16300/32000 points, avg insert time (ms): 0.039
[Build] Inserted 16400/32000 points, avg insert time (ms): 0.089
[Build] Inserted 16500/32000 points, avg insert time (ms): 0.057
[Build] Inserted 16600/32000 points, avg insert time (ms): 0.067
[Build] Inserted 16700/32000 points, avg insert time (ms): 0.053
[Build] Inserted 16800/32000 points, avg insert time (ms): 0.100
[Build] Inserted 16900/32000 points, avg insert time (ms): 0.054
[Build] Inserted 17000/32000 points, avg insert time (ms): 0.027
[Build] Inserted 17100/32000 points, avg insert time (ms): 0.039
[Build] Inserted 17200/32000 points, avg insert time (ms): 0.078
[Build] Inserted 17300/32000 points, avg insert time (ms): 0.090
[Build] Inserted 17400/32000 points, avg insert time (ms): 0.029
[Build] Inserted 17500/32000 points, avg insert time (ms): 0.080
[Build] Inserted 17600/32000 points, avg insert time (ms): 0.051
[Build] Inserted 17700/32000 points, avg insert time (ms): 0.053
[Build] Inserted 17800/32000 points, avg insert time (ms): 0.083
[Build] Inserted 17900/32000 points, avg insert time (ms): 0.033
[Build] Inserted 18000/32000 points, avg insert time (ms): 0.055
[Build] Inserted 18100/32000 points, avg insert time (ms): 0.039
[Build] Inserted 18200/32000 points, avg insert time (ms): 0.091
[Build] Inserted 18300/32000 points, avg insert time (ms): 0.078
[Build] Inserted 18400/32000 points, avg insert time (ms): 0.028
[Build] Inserted 18500/32000 points, avg insert time (ms): 0.052
[Build] Inserted 18600/32000 points, avg insert time (ms): 0.039
[Build] Inserted 18700/32000 points, avg insert time (ms): 0.014
[Build] Inserted 18800/32000 points, avg insert time (ms): 0.053
[Build] Inserted 18900/32000 points, avg insert time (ms): 0.016
[Build] Inserted 19000/32000 points, avg insert time (ms): 0.038
[Build] Inserted 19100/32000 points, avg insert time (ms): 0.051
[Build] Inserted 19200/32000 points, avg insert time (ms): 0.039
[Build] Inserted 19300/32000 points, avg insert time (ms): 0.050
[Build] Inserted 19400/32000 points, avg insert time (ms): 0.025
[Build] Inserted 19500/32000 points, avg insert time (ms): 0.027
[Build] Inserted 19600/32000 points, avg insert time (ms): 0.040
[Build] Inserted 19700/32000 points, avg insert time (ms): 0.029
[Build] Inserted 19800/32000 points, avg insert time (ms): 0.027
[Build] Inserted 19900/32000 points, avg insert time (ms): 0.053
[Build] Inserted 20000/32000 points, avg insert time (ms): 0.064
[Build] Inserted 20100/32000 points, avg insert time (ms): 0.038
[Build] Inserted 20200/32000 points, avg insert time (ms): 0.026
[Build] Inserted 20300/32000 points, avg insert time (ms): 0.087
[Build] Inserted 20400/32000 points, avg insert time (ms): 0.026
[Build] Inserted 20500/32000 points, avg insert time (ms): 0.051
[Build] Inserted 20600/32000 points, avg insert time (ms): 0.112
[Build] Inserted 20700/32000 points, avg insert time (ms): 0.081
[Build] Inserted 20800/32000 points, avg insert time (ms): 0.027
[Build] Inserted 20900/32000 points, avg insert time (ms): 0.026
[Build] Inserted 21000/32000 points, avg insert time (ms): 0.087
[Build] Inserted 21100/32000 points, avg insert time (ms): 0.065
[Build] Inserted 21200/32000 points, avg insert time (ms): 0.039
[Build] Inserted 21300/32000 points, avg insert time (ms): 0.066
[Build] Inserted 21400/32000 points, avg insert time (ms): 0.054
[Build] Inserted 21500/32000 points, avg insert time (ms): 0.016
[Build] Inserted 21600/32000 points, avg insert time (ms): 0.099
[Build] Inserted 21700/32000 points, avg insert time (ms): 0.057
[Build] Inserted 21800/32000 points, avg insert time (ms): 0.029
[Build] Inserted 21900/32000 points, avg insert time (ms): 0.098
[Build] Inserted 22000/32000 points, avg insert time (ms): 0.087
[Build] Inserted 22100/32000 points, avg insert time (ms): 0.086
[Build] Inserted 22200/32000 points, avg insert time (ms): 0.049
[Build] Inserted 22300/32000 points, avg insert time (ms): 0.097
[Build] Inserted 22400/32000 points, avg insert time (ms): 0.055
[Build] Inserted 22500/32000 points, avg insert time (ms): 0.053
[Build] Inserted 22600/32000 points, avg insert time (ms): 0.049
[Build] Inserted 22700/32000 points, avg insert time (ms): 0.052
[Build] Inserted 22800/32000 points, avg insert time (ms): 0.026
[Build] Inserted 22900/32000 points, avg insert time (ms): 0.038
[Build] Inserted 23000/32000 points, avg insert time (ms): 0.050
[Build] Inserted 23100/32000 points, avg insert time (ms): 0.064
[Build] Inserted 23200/32000 points, avg insert time (ms): 0.079
[Build] Inserted 23300/32000 points, avg insert time (ms): 0.052
[Build] Inserted 23400/32000 points, avg insert time (ms): 0.052
[Build] Inserted 23500/32000 points, avg insert time (ms): 0.064
[Build] Inserted 23600/32000 points, avg insert time (ms): 0.065
[Build] Inserted 23700/32000 points, avg insert time (ms): 0.039
[Build] Inserted 23800/32000 points, avg insert time (ms): 0.026
[Build] Inserted 23900/32000 points, avg insert time (ms): 0.117
[Build] Inserted 24000/32000 points, avg insert time (ms): 0.054
[Build] Inserted 24100/32000 points, avg insert time (ms): 0.027
[Build] Inserted 24200/32000 points, avg insert time (ms): 0.026
[Build] Inserted 24300/32000 points, avg insert time (ms): 0.063
[Build] Inserted 24400/32000 points, avg insert time (ms): 0.026
[Build] Inserted 24500/32000 points, avg insert time (ms): 0.066
[Build] Inserted 24600/32000 points, avg insert time (ms): 0.075
[Build] Inserted 24700/32000 points, avg insert time (ms): 0.063
[Build] Inserted 24800/32000 points, avg insert time (ms): 0.077
[Build] Inserted 24900/32000 points, avg insert time (ms): 0.068
[Build] Inserted 25000/32000 points, avg insert time (ms): 0.094
[Build] Inserted 25100/32000 points, avg insert time (ms): 0.014
[Build] Inserted 25200/32000 points, avg insert time (ms): 0.017
[Build] Inserted 25300/32000 points, avg insert time (ms): 0.053
[Build] Inserted 25400/32000 points, avg insert time (ms): 0.064
[Build] Inserted 25500/32000 points, avg insert time (ms): 0.063
[Build] Inserted 25600/32000 points, avg insert time (ms): 0.039
[Build] Inserted 25700/32000 points, avg insert time (ms): 0.025
[Build] Inserted 25800/32000 points, avg insert time (ms): 0.098
[Build] Inserted 25900/32000 points, avg insert time (ms): 0.063
[Build] Inserted 26000/32000 points, avg insert time (ms): 0.038
[Build] Inserted 26100/32000 points, avg insert time (ms): 0.112
[Build] Inserted 26200/32000 points, avg insert time (ms): 0.101
[Build] Inserted 26300/32000 points, avg insert time (ms): 0.051
[Build] Inserted 26400/32000 points, avg insert time (ms): 0.090
[Build] Inserted 26500/32000 points, avg insert time (ms): 0.116
[Build] Inserted 26600/32000 points, avg insert time (ms): 0.086
[Build] Inserted 26700/32000 points, avg insert time (ms): 0.041
[Build] Inserted 26800/32000 points, avg insert time (ms): 0.054
[Build] Inserted 26900/32000 points, avg insert time (ms): 0.040
[Build] Inserted 27000/32000 points, avg insert time (ms): 0.076
[Build] Inserted 27100/32000 points, avg insert time (ms): 0.078
[Build] Inserted 27200/32000 points, avg insert time (ms): 0.078
[Build] Inserted 27300/32000 points, avg insert time (ms): 0.096
[Build] Inserted 27400/32000 points, avg insert time (ms): 0.068
[Build] Inserted 27500/32000 points, avg insert time (ms): 0.067
[Build] Inserted 27600/32000 points, avg insert time (ms): 0.041
[Build] Inserted 27700/32000 points, avg insert time (ms): 0.053
[Build] Inserted 27800/32000 points, avg insert time (ms): 0.070
[Build] Inserted 27900/32000 points, avg insert time (ms): 0.014
[Build] Inserted 28000/32000 points, avg insert time (ms): 0.084
[Build] Inserted 28100/32000 points, avg insert time (ms): 0.028
[Build] Inserted 28200/32000 points, avg insert time (ms): 0.016
[Build] Inserted 28300/32000 points, avg insert time (ms): 0.029
[Build] Inserted 28400/32000 points, avg insert time (ms): 0.104
[Build] Inserted 28500/32000 points, avg insert time (ms): 0.027
[Build] Inserted 28600/32000 points, avg insert time (ms): 0.066
[Build] Inserted 28700/32000 points, avg insert time (ms): 0.065
[Build] Inserted 28800/32000 points, avg insert time (ms): 0.051
[Build] Inserted 28900/32000 points, avg insert time (ms): 0.026
[Build] Inserted 29000/32000 points, avg insert time (ms): 0.076
[Build] Inserted 29100/32000 points, avg insert time (ms): 0.075
[Build] Inserted 29200/32000 points, avg insert time (ms): 0.065
[Build] Inserted 29300/32000 points, avg insert time (ms): 0.090
[Build] Inserted 29400/32000 points, avg insert time (ms): 0.052
[Build] Inserted 29500/32000 points, avg insert time (ms): 0.101
[Build] Inserted 29600/32000 points, avg insert time (ms): 0.078
[Build] Inserted 29700/32000 points, avg insert time (ms): 0.055
[Build] Inserted 29800/32000 points, avg insert time (ms): 0.071
[Build] Inserted 29900/32000 points, avg insert time (ms): 0.064
[Build] Inserted 30000/32000 points, avg insert time (ms): 0.076
[Build] Inserted 30100/32000 points, avg insert time (ms): 0.040
[Build] Inserted 30200/32000 points, avg insert time (ms): 0.051
[Build] Inserted 30300/32000 points, avg insert time (ms): 0.064
[Build] Inserted 30400/32000 points, avg insert time (ms): 0.077
[Build] Inserted 30500/32000 points, avg insert time (ms): 0.075
[Build] Inserted 30600/32000 points, avg insert time (ms): 0.015
[Build] Inserted 30700/32000 points, avg insert time (ms): 0.062
[Build] Inserted 30800/32000 points, avg insert time (ms): 0.088
[Build] Inserted 30900/32000 points, avg insert time (ms): 0.051
[Build] Inserted 31000/32000 points, avg insert time (ms): 0.052
[Build] Inserted 31100/32000 points, avg insert time (ms): 0.089
[Build] Inserted 31200/32000 points, avg insert time (ms): 0.116
[Build] Inserted 31300/32000 points, avg insert time (ms): 0.068
[Build] Inserted 31400/32000 points, avg insert time (ms): 0.040
[Build] Inserted 31500/32000 points, avg insert time (ms): 0.041
[Build] Inserted 31600/32000 points, avg insert time (ms): 0.028
[Build] Inserted 31700/32000 points, avg insert time (ms): 0.029
[Build] Inserted 31800/32000 points, avg insert time (ms): 0.055
[Build] Inserted 31900/32000 points, avg insert time (ms): 0.079
[Build] Inserted 32000/32000 points, avg insert time (ms): 0.001
[Timing] Total insertion time: 2.06 s
[Build] Starting queries...
[Query] Processed 1/1 queries, avg query time (ms): 5.736
[Timing] Total query time: 0.01 s
[Eval] Computing ground truth top-K...
[Timing] Ground truth (FAISS): 0.00 s (0.848 ms/query)
[Timing] Ground truth computation: 0.39 s
[Eval] Computing recall metrics...
[Timing] Recall evaluation: 0.01 s
[Eval] Computing (c,r)-ANN accuracy...
[Timing] FAISS r* computation: 0.00 s (0.999 ms/query)
[CR-ANN] 1/1 processed, avg time (ann.query): 16.743 ms
[Timing] (c,r)-ANN eval: 0.02 s (17.295 ms/query)
[Sanity Check] Total Relevant = 1
[Timing] (c,r)-ANN evaluation: 0.02 s
[Result] Memory breakdown (MB): {'hash_functions_MB': 1.3292694091796875, 'bucket_ids_MB': 0.7199363708496094, 'num_ids': 188727, 'num_buckets': 14361, 'hash_tables_overhead_MB': 1.2052230834960938, 'total_MB': 3.2544288635253906}
[Result] Epsilon-recall: 1.0000
[Result] (c,r)-ANN accuracy: 1.0000

[Timing Summary]
  Insert phase: 2.06 s
  Query phase: 0.01 s
  Ground truth: 0.39 s
  Recall eval: 0.01 s
  (c,r)-ANN eval: 0.02 s
  Total time: 2.48 s
[SUMMARY] r=1.0, eps=1.0, eta=0.3, recall=1.0000, (c,r)-ANN accuracy=1.0, memory=3.2544288635253906
