[Init] Inputs : eta=0.40, epsilon=1.00, r=1.00
[Init] LSH Parameters : w=3.772, p1=0.7885, p2=0.5891, rho=0.4491
[Init] Data Structure Parameters : k=16, L=52, key_bits=512, mode=speed
[Build] Starting insertion...
[Build] Inserted 100/4000 points, avg insert time (ms): 0.124
[Build] Inserted 200/4000 points, avg insert time (ms): 0.006
[Build] Inserted 300/4000 points, avg insert time (ms): 0.011
[Build] Inserted 400/4000 points, avg insert time (ms): 0.030
[Build] Inserted 500/4000 points, avg insert time (ms): 0.029
[Build] Inserted 600/4000 points, avg insert time (ms): 0.012
[Build] Inserted 700/4000 points, avg insert time (ms): 0.023
[Build] Inserted 800/4000 points, avg insert time (ms): 0.014
[Build] Inserted 900/4000 points, avg insert time (ms): 0.023
[Build] Inserted 1000/4000 points, avg insert time (ms): 0.019
[Build] Inserted 1100/4000 points, avg insert time (ms): 0.016
[Build] Inserted 1200/4000 points, avg insert time (ms): 0.006
[Build] Inserted 1300/4000 points, avg insert time (ms): 0.015
[Build] Inserted 1400/4000 points, avg insert time (ms): 0.034
[Build] Inserted 1500/4000 points, avg insert time (ms): 0.012
[Build] Inserted 1600/4000 points, avg insert time (ms): 0.019
[Build] Inserted 1700/4000 points, avg insert time (ms): 0.027
[Build] Inserted 1800/4000 points, avg insert time (ms): 0.013
[Build] Inserted 1900/4000 points, avg insert time (ms): 0.037
[Build] Inserted 2000/4000 points, avg insert time (ms): 0.023
[Build] Inserted 2100/4000 points, avg insert time (ms): 0.006
[Build] Inserted 2200/4000 points, avg insert time (ms): 0.005
[Build] Inserted 2300/4000 points, avg insert time (ms): 0.032
[Build] Inserted 2400/4000 points, avg insert time (ms): 0.020
[Build] Inserted 2500/4000 points, avg insert time (ms): 0.015
[Build] Inserted 2600/4000 points, avg insert time (ms): 0.028
[Build] Inserted 2700/4000 points, avg insert time (ms): 0.015
[Build] Inserted 2800/4000 points, avg insert time (ms): 0.018
[Build] Inserted 2900/4000 points, avg insert time (ms): 0.010
[Build] Inserted 3000/4000 points, avg insert time (ms): 0.015
[Build] Inserted 3100/4000 points, avg insert time (ms): 0.021
[Build] Inserted 3200/4000 points, avg insert time (ms): 0.020
[Build] Inserted 3300/4000 points, avg insert time (ms): 0.016
[Build] Inserted 3400/4000 points, avg insert time (ms): 0.020
[Build] Inserted 3500/4000 points, avg insert time (ms): 0.028
[Build] Inserted 3600/4000 points, avg insert time (ms): 0.027
[Build] Inserted 3700/4000 points, avg insert time (ms): 0.020
[Build] Inserted 3800/4000 points, avg insert time (ms): 0.025
[Build] Inserted 3900/4000 points, avg insert time (ms): 0.016
[Build] Inserted 4000/4000 points, avg insert time (ms): 0.033
[Timing] Total insertion time: 0.11 s
[Build] Starting queries...
[Query] Processed 1/1 queries, avg query time (ms): 1.684
[Timing] Total query time: 0.01 s
[Eval] Computing ground truth top-K...
[Timing] Ground truth (FAISS): 0.00 s (1.291 ms/query)
[Timing] Ground truth computation: 0.05 s
[Eval] Computing recall metrics...
[Timing] Recall evaluation: 0.00 s
[Eval] Computing (c,r)-ANN accuracy...
[Timing] FAISS r* computation: 0.00 s (0.154 ms/query)
[CR-ANN] 1/1 processed, avg time (ann.query): 2.928 ms
[Timing] (c,r)-ANN eval: 0.00 s (3.307 ms/query)
[Sanity Check] Total Relevant = 1
[Timing] (c,r)-ANN evaluation: 0.00 s
[Result] Memory breakdown (MB): {'hash_functions_MB': 0.415771484375, 'bucket_ids_MB': 0.0311431884765625, 'num_ids': 8164, 'num_buckets': 1333, 'hash_tables_overhead_MB': 0.11186981201171875, 'total_MB': 0.5587844848632812}
[Result] Epsilon-recall: 1.0000
[Result] (c,r)-ANN accuracy: 1.0000

[Timing Summary]
  Insert phase: 0.11 s
  Query phase: 0.01 s
  Ground truth: 0.05 s
  Recall eval: 0.00 s
  (c,r)-ANN eval: 0.00 s
  Total time: 0.17 s
[SUMMARY] r=1.0, eps=1.0, eta=0.4, recall=1.0000, (c,r)-ANN accuracy=1.0, memory=0.5587844848632812
