[Init] Inputs : eta=0.20, epsilon=1.00, r=1.00
[Init] LSH Parameters : w=3.772, p1=0.7885, p2=0.5891, rho=0.4491
[Init] Data Structure Parameters : k=16, L=52, key_bits=512, mode=speed
[Build] Starting insertion...
[Build] Inserted 100/4000 points, avg insert time (ms): 0.261
[Build] Inserted 200/4000 points, avg insert time (ms): 0.092
[Build] Inserted 300/4000 points, avg insert time (ms): 0.090
[Build] Inserted 400/4000 points, avg insert time (ms): 0.105
[Build] Inserted 500/4000 points, avg insert time (ms): 0.066
[Build] Inserted 600/4000 points, avg insert time (ms): 0.091
[Build] Inserted 700/4000 points, avg insert time (ms): 0.087
[Build] Inserted 800/4000 points, avg insert time (ms): 0.088
[Build] Inserted 900/4000 points, avg insert time (ms): 0.086
[Build] Inserted 1000/4000 points, avg insert time (ms): 0.113
[Build] Inserted 1100/4000 points, avg insert time (ms): 0.068
[Build] Inserted 1200/4000 points, avg insert time (ms): 0.077
[Build] Inserted 1300/4000 points, avg insert time (ms): 0.102
[Build] Inserted 1400/4000 points, avg insert time (ms): 0.100
[Build] Inserted 1500/4000 points, avg insert time (ms): 0.052
[Build] Inserted 1600/4000 points, avg insert time (ms): 0.121
[Build] Inserted 1700/4000 points, avg insert time (ms): 0.092
[Build] Inserted 1800/4000 points, avg insert time (ms): 0.133
[Build] Inserted 1900/4000 points, avg insert time (ms): 0.073
[Build] Inserted 2000/4000 points, avg insert time (ms): 0.063
[Build] Inserted 2100/4000 points, avg insert time (ms): 0.104
[Build] Inserted 2200/4000 points, avg insert time (ms): 0.055
[Build] Inserted 2300/4000 points, avg insert time (ms): 0.077
[Build] Inserted 2400/4000 points, avg insert time (ms): 0.101
[Build] Inserted 2500/4000 points, avg insert time (ms): 0.074
[Build] Inserted 2600/4000 points, avg insert time (ms): 0.068
[Build] Inserted 2700/4000 points, avg insert time (ms): 0.070
[Build] Inserted 2800/4000 points, avg insert time (ms): 0.073
[Build] Inserted 2900/4000 points, avg insert time (ms): 0.082
[Build] Inserted 3000/4000 points, avg insert time (ms): 0.083
[Build] Inserted 3100/4000 points, avg insert time (ms): 0.072
[Build] Inserted 3200/4000 points, avg insert time (ms): 0.067
[Build] Inserted 3300/4000 points, avg insert time (ms): 0.071
[Build] Inserted 3400/4000 points, avg insert time (ms): 0.069
[Build] Inserted 3500/4000 points, avg insert time (ms): 0.082
[Build] Inserted 3600/4000 points, avg insert time (ms): 0.100
[Build] Inserted 3700/4000 points, avg insert time (ms): 0.112
[Build] Inserted 3800/4000 points, avg insert time (ms): 0.104
[Build] Inserted 3900/4000 points, avg insert time (ms): 0.086
[Build] Inserted 4000/4000 points, avg insert time (ms): 0.068
[Timing] Total insertion time: 0.38 s
[Build] Starting queries...
[Query] Processed 1/1 queries, avg query time (ms): 2.688
[Timing] Total query time: 0.00 s
[Eval] Computing ground truth top-K...
[Timing] Ground truth (FAISS): 0.00 s (0.312 ms/query)
[Timing] Ground truth computation: 0.05 s
[Eval] Computing recall metrics...
[Timing] Recall evaluation: 0.00 s
[Eval] Computing (c,r)-ANN accuracy...
[Timing] FAISS r* computation: 0.00 s (0.227 ms/query)
[CR-ANN] 1/1 processed, avg time (ann.query): 8.736 ms
[Timing] (c,r)-ANN eval: 0.01 s (9.238 ms/query)
[Sanity Check] Total Relevant = 1
[Timing] (c,r)-ANN evaluation: 0.01 s
[Result] Memory breakdown (MB): {'hash_functions_MB': 0.415771484375, 'bucket_ids_MB': 0.1390533447265625, 'num_ids': 36452, 'num_buckets': 2459, 'hash_tables_overhead_MB': 0.20636749267578125, 'total_MB': 0.7611923217773438}
[Result] Epsilon-recall: 1.0000
[Result] (c,r)-ANN accuracy: 1.0000

[Timing Summary]
  Insert phase: 0.38 s
  Query phase: 0.00 s
  Ground truth: 0.05 s
  Recall eval: 0.00 s
  (c,r)-ANN eval: 0.01 s
  Total time: 0.45 s
[SUMMARY] r=1.0, eps=1.0, eta=0.2, recall=1.0000, (c,r)-ANN accuracy=1.0, memory=0.7611923217773438
