[Init] Inputs : eta=0.30, epsilon=0.50, r=1.00
[Init] LSH Parameters : w=3.154, p1=0.7472, p2=0.6267, rho=0.6236
[Init] Data Structure Parameters : k=18, L=236, key_bits=576, mode=speed
[Build] Starting insertion...
[Build] Inserted 100/4000 points, avg insert time (ms): 0.532
[Build] Inserted 200/4000 points, avg insert time (ms): 0.406
[Build] Inserted 300/4000 points, avg insert time (ms): 0.103
[Build] Inserted 400/4000 points, avg insert time (ms): 0.180
[Build] Inserted 500/4000 points, avg insert time (ms): 0.101
[Build] Inserted 600/4000 points, avg insert time (ms): 0.101
[Build] Inserted 700/4000 points, avg insert time (ms): 0.181
[Build] Inserted 800/4000 points, avg insert time (ms): 0.250
[Build] Inserted 900/4000 points, avg insert time (ms): 0.333
[Build] Inserted 1000/4000 points, avg insert time (ms): 0.159
[Build] Inserted 1100/4000 points, avg insert time (ms): 0.183
[Build] Inserted 1200/4000 points, avg insert time (ms): 0.329
[Build] Inserted 1300/4000 points, avg insert time (ms): 0.274
[Build] Inserted 1400/4000 points, avg insert time (ms): 0.300
[Build] Inserted 1500/4000 points, avg insert time (ms): 0.144
[Build] Inserted 1600/4000 points, avg insert time (ms): 0.295
[Build] Inserted 1700/4000 points, avg insert time (ms): 0.247
[Build] Inserted 1800/4000 points, avg insert time (ms): 0.266
[Build] Inserted 1900/4000 points, avg insert time (ms): 0.367
[Build] Inserted 2000/4000 points, avg insert time (ms): 0.251
[Build] Inserted 2100/4000 points, avg insert time (ms): 0.055
[Build] Inserted 2200/4000 points, avg insert time (ms): 0.239
[Build] Inserted 2300/4000 points, avg insert time (ms): 0.388
[Build] Inserted 2400/4000 points, avg insert time (ms): -14.544
[Build] Inserted 2500/4000 points, avg insert time (ms): 0.103
[Build] Inserted 2600/4000 points, avg insert time (ms): 0.313
[Build] Inserted 2700/4000 points, avg insert time (ms): 0.327
[Build] Inserted 2800/4000 points, avg insert time (ms): 0.394
[Build] Inserted 2900/4000 points, avg insert time (ms): 0.338
[Build] Inserted 3000/4000 points, avg insert time (ms): 0.730
[Build] Inserted 3100/4000 points, avg insert time (ms): 0.172
[Build] Inserted 3200/4000 points, avg insert time (ms): 0.149
[Build] Inserted 3300/4000 points, avg insert time (ms): 0.120
[Build] Inserted 3400/4000 points, avg insert time (ms): 0.301
[Build] Inserted 3500/4000 points, avg insert time (ms): 0.347
[Build] Inserted 3600/4000 points, avg insert time (ms): 0.220
[Build] Inserted 3700/4000 points, avg insert time (ms): 0.198
[Build] Inserted 3800/4000 points, avg insert time (ms): 0.122
[Build] Inserted 3900/4000 points, avg insert time (ms): 0.354
[Build] Inserted 4000/4000 points, avg insert time (ms): 0.470
[Timing] Total insertion time: -0.38 s
[Build] Starting queries...
[Query] Processed 1/1 queries, avg query time (ms): 11.125
[Timing] Total query time: 0.01 s
[Eval] Computing ground truth top-K...
[Timing] Ground truth (FAISS): 0.00 s (0.182 ms/query)
[Timing] Ground truth computation: 0.05 s
[Eval] Computing recall metrics...
[Timing] Recall evaluation: 0.00 s
[Eval] Computing (c,r)-ANN accuracy...
[Timing] FAISS r* computation: 0.00 s (0.157 ms/query)
[CR-ANN] 1/1 processed, avg time (ann.query): 7.707 ms
[Timing] (c,r)-ANN eval: 0.01 s (8.345 ms/query)
[Sanity Check] Total Relevant = 1
[Timing] (c,r)-ANN evaluation: 0.01 s
[Result] Memory breakdown (MB): {'hash_functions_MB': 2.122833251953125, 'bucket_ids_MB': 0.318695068359375, 'num_ids': 83544, 'num_buckets': 16489, 'hash_tables_overhead_MB': 1.3838119506835938, 'total_MB': 3.8253402709960938}
[Result] Epsilon-recall: 1.0000
[Result] (c,r)-ANN accuracy: 1.0000

[Timing Summary]
  Insert phase: -0.38 s
  Query phase: 0.01 s
  Ground truth: 0.05 s
  Recall eval: 0.00 s
  (c,r)-ANN eval: 0.01 s
  Total time: -0.31 s
[SUMMARY] r=1.0, eps=0.5, eta=0.3, recall=1.0000, (c,r)-ANN accuracy=1.0, memory=3.8253402709960938
