[Init] Inputs : eta=0.20, epsilon=1.00, r=1.00
[Init] LSH Parameters : w=3.772, p1=0.7885, p2=0.5891, rho=0.4491
[Init] Data Structure Parameters : k=21, L=182, key_bits=672, mode=speed
[Build] Starting insertion...
[Build] Inserted 100/64000 points, avg insert time (ms): 0.247
[Build] Inserted 200/64000 points, avg insert time (ms): 0.359
[Build] Inserted 300/64000 points, avg insert time (ms): 0.184
[Build] Inserted 400/64000 points, avg insert time (ms): 0.299
[Build] Inserted 500/64000 points, avg insert time (ms): 0.176
[Build] Inserted 600/64000 points, avg insert time (ms): 0.201
[Build] Inserted 700/64000 points, avg insert time (ms): 0.220
[Build] Inserted 800/64000 points, avg insert time (ms): 0.224
[Build] Inserted 900/64000 points, avg insert time (ms): 0.148
[Build] Inserted 1000/64000 points, avg insert time (ms): 0.287
[Build] Inserted 1100/64000 points, avg insert time (ms): 0.235
[Build] Inserted 1200/64000 points, avg insert time (ms): 0.204
[Build] Inserted 1300/64000 points, avg insert time (ms): 0.143
[Build] Inserted 1400/64000 points, avg insert time (ms): 0.267
[Build] Inserted 1500/64000 points, avg insert time (ms): 0.201
[Build] Inserted 1600/64000 points, avg insert time (ms): 0.337
[Build] Inserted 1700/64000 points, avg insert time (ms): 0.217
[Build] Inserted 1800/64000 points, avg insert time (ms): 0.208
[Build] Inserted 1900/64000 points, avg insert time (ms): 0.254
[Build] Inserted 2000/64000 points, avg insert time (ms): 0.332
[Build] Inserted 2100/64000 points, avg insert time (ms): 0.300
[Build] Inserted 2200/64000 points, avg insert time (ms): 0.171
[Build] Inserted 2300/64000 points, avg insert time (ms): 0.175
[Build] Inserted 2400/64000 points, avg insert time (ms): 0.235
[Build] Inserted 2500/64000 points, avg insert time (ms): 0.252
[Build] Inserted 2600/64000 points, avg insert time (ms): 0.271
[Build] Inserted 2700/64000 points, avg insert time (ms): 0.182
[Build] Inserted 2800/64000 points, avg insert time (ms): 0.193
[Build] Inserted 2900/64000 points, avg insert time (ms): 0.222
[Build] Inserted 3000/64000 points, avg insert time (ms): 0.213
[Build] Inserted 3100/64000 points, avg insert time (ms): 0.102
[Build] Inserted 3200/64000 points, avg insert time (ms): 0.194
[Build] Inserted 3300/64000 points, avg insert time (ms): 0.231
[Build] Inserted 3400/64000 points, avg insert time (ms): 0.186
[Build] Inserted 3500/64000 points, avg insert time (ms): 0.195
[Build] Inserted 3600/64000 points, avg insert time (ms): 0.190
[Build] Inserted 3700/64000 points, avg insert time (ms): 0.513
[Build] Inserted 3800/64000 points, avg insert time (ms): 0.342
[Build] Inserted 3900/64000 points, avg insert time (ms): 0.208
[Build] Inserted 4000/64000 points, avg insert time (ms): 0.304
[Build] Inserted 4100/64000 points, avg insert time (ms): 0.342
[Build] Inserted 4200/64000 points, avg insert time (ms): 0.254
[Build] Inserted 4300/64000 points, avg insert time (ms): 0.324
[Build] Inserted 4400/64000 points, avg insert time (ms): 0.357
[Build] Inserted 4500/64000 points, avg insert time (ms): 0.279
[Build] Inserted 4600/64000 points, avg insert time (ms): 0.314
[Build] Inserted 4700/64000 points, avg insert time (ms): 0.161
[Build] Inserted 4800/64000 points, avg insert time (ms): 0.295
[Build] Inserted 4900/64000 points, avg insert time (ms): 0.190
[Build] Inserted 5000/64000 points, avg insert time (ms): 0.239
[Build] Inserted 5100/64000 points, avg insert time (ms): 0.169
[Build] Inserted 5200/64000 points, avg insert time (ms): 0.207
[Build] Inserted 5300/64000 points, avg insert time (ms): 0.272
[Build] Inserted 5400/64000 points, avg insert time (ms): 0.133
[Build] Inserted 5500/64000 points, avg insert time (ms): 0.209
[Build] Inserted 5600/64000 points, avg insert time (ms): 0.239
[Build] Inserted 5700/64000 points, avg insert time (ms): 0.185
[Build] Inserted 5800/64000 points, avg insert time (ms): 0.268
[Build] Inserted 5900/64000 points, avg insert time (ms): 0.162
[Build] Inserted 6000/64000 points, avg insert time (ms): 0.155
[Build] Inserted 6100/64000 points, avg insert time (ms): 0.241
[Build] Inserted 6200/64000 points, avg insert time (ms): 0.291
[Build] Inserted 6300/64000 points, avg insert time (ms): 0.182
[Build] Inserted 6400/64000 points, avg insert time (ms): 0.239
[Build] Inserted 6500/64000 points, avg insert time (ms): 0.295
[Build] Inserted 6600/64000 points, avg insert time (ms): 0.243
[Build] Inserted 6700/64000 points, avg insert time (ms): 0.248
[Build] Inserted 6800/64000 points, avg insert time (ms): 0.234
[Build] Inserted 6900/64000 points, avg insert time (ms): 0.161
[Build] Inserted 7000/64000 points, avg insert time (ms): 0.186
[Build] Inserted 7100/64000 points, avg insert time (ms): 0.136
[Build] Inserted 7200/64000 points, avg insert time (ms): 0.297
[Build] Inserted 7300/64000 points, avg insert time (ms): 0.233
[Build] Inserted 7400/64000 points, avg insert time (ms): 0.319
[Build] Inserted 7500/64000 points, avg insert time (ms): 0.288
[Build] Inserted 7600/64000 points, avg insert time (ms): 0.259
[Build] Inserted 7700/64000 points, avg insert time (ms): 0.242
[Build] Inserted 7800/64000 points, avg insert time (ms): 0.082
[Build] Inserted 7900/64000 points, avg insert time (ms): 0.227
[Build] Inserted 8000/64000 points, avg insert time (ms): 0.230
[Build] Inserted 8100/64000 points, avg insert time (ms): 0.157
[Build] Inserted 8200/64000 points, avg insert time (ms): 0.206
[Build] Inserted 8300/64000 points, avg insert time (ms): 0.340
[Build] Inserted 8400/64000 points, avg insert time (ms): 0.228
[Build] Inserted 8500/64000 points, avg insert time (ms): 0.315
[Build] Inserted 8600/64000 points, avg insert time (ms): 0.177
[Build] Inserted 8700/64000 points, avg insert time (ms): 0.107
[Build] Inserted 8800/64000 points, avg insert time (ms): 0.290
[Build] Inserted 8900/64000 points, avg insert time (ms): 0.151
[Build] Inserted 9000/64000 points, avg insert time (ms): 0.286
[Build] Inserted 9100/64000 points, avg insert time (ms): 0.210
[Build] Inserted 9200/64000 points, avg insert time (ms): 0.212
[Build] Inserted 9300/64000 points, avg insert time (ms): 0.093
[Build] Inserted 9400/64000 points, avg insert time (ms): 0.127
[Build] Inserted 9500/64000 points, avg insert time (ms): 0.218
[Build] Inserted 9600/64000 points, avg insert time (ms): 0.138
[Build] Inserted 9700/64000 points, avg insert time (ms): 0.183
[Build] Inserted 9800/64000 points, avg insert time (ms): 0.234
[Build] Inserted 9900/64000 points, avg insert time (ms): 0.210
[Build] Inserted 10000/64000 points, avg insert time (ms): 0.166
[Build] Inserted 10100/64000 points, avg insert time (ms): 0.185
[Build] Inserted 10200/64000 points, avg insert time (ms): 0.257
[Build] Inserted 10300/64000 points, avg insert time (ms): 0.192
[Build] Inserted 10400/64000 points, avg insert time (ms): 0.254
[Build] Inserted 10500/64000 points, avg insert time (ms): 0.230
[Build] Inserted 10600/64000 points, avg insert time (ms): 0.199
[Build] Inserted 10700/64000 points, avg insert time (ms): 0.165
[Build] Inserted 10800/64000 points, avg insert time (ms): 0.251
[Build] Inserted 10900/64000 points, avg insert time (ms): 0.240
[Build] Inserted 11000/64000 points, avg insert time (ms): 0.208
[Build] Inserted 11100/64000 points, avg insert time (ms): 0.289
[Build] Inserted 11200/64000 points, avg insert time (ms): 0.199
[Build] Inserted 11300/64000 points, avg insert time (ms): 0.222
[Build] Inserted 11400/64000 points, avg insert time (ms): 0.277
[Build] Inserted 11500/64000 points, avg insert time (ms): 0.514
[Build] Inserted 11600/64000 points, avg insert time (ms): 0.158
[Build] Inserted 11700/64000 points, avg insert time (ms): 0.121
[Build] Inserted 11800/64000 points, avg insert time (ms): 0.096
[Build] Inserted 11900/64000 points, avg insert time (ms): 0.168
[Build] Inserted 12000/64000 points, avg insert time (ms): 0.206
[Build] Inserted 12100/64000 points, avg insert time (ms): 0.096
[Build] Inserted 12200/64000 points, avg insert time (ms): 0.362
[Build] Inserted 12300/64000 points, avg insert time (ms): 0.174
[Build] Inserted 12400/64000 points, avg insert time (ms): 0.212
[Build] Inserted 12500/64000 points, avg insert time (ms): 0.214
[Build] Inserted 12600/64000 points, avg insert time (ms): 0.211
[Build] Inserted 12700/64000 points, avg insert time (ms): 0.233
[Build] Inserted 12800/64000 points, avg insert time (ms): 0.195
[Build] Inserted 12900/64000 points, avg insert time (ms): 0.264
[Build] Inserted 13000/64000 points, avg insert time (ms): 0.055
[Build] Inserted 13100/64000 points, avg insert time (ms): 0.183
[Build] Inserted 13200/64000 points, avg insert time (ms): 0.148
[Build] Inserted 13300/64000 points, avg insert time (ms): 0.228
[Build] Inserted 13400/64000 points, avg insert time (ms): 0.413
[Build] Inserted 13500/64000 points, avg insert time (ms): 0.208
[Build] Inserted 13600/64000 points, avg insert time (ms): 0.298
[Build] Inserted 13700/64000 points, avg insert time (ms): 0.232
[Build] Inserted 13800/64000 points, avg insert time (ms): 0.272
[Build] Inserted 13900/64000 points, avg insert time (ms): 0.361
[Build] Inserted 14000/64000 points, avg insert time (ms): 0.234
[Build] Inserted 14100/64000 points, avg insert time (ms): 0.199
[Build] Inserted 14200/64000 points, avg insert time (ms): 0.202
[Build] Inserted 14300/64000 points, avg insert time (ms): 0.242
[Build] Inserted 14400/64000 points, avg insert time (ms): 0.131
[Build] Inserted 14500/64000 points, avg insert time (ms): 0.257
[Build] Inserted 14600/64000 points, avg insert time (ms): 0.110
[Build] Inserted 14700/64000 points, avg insert time (ms): 0.181
[Build] Inserted 14800/64000 points, avg insert time (ms): 0.288
[Build] Inserted 14900/64000 points, avg insert time (ms): 0.237
[Build] Inserted 15000/64000 points, avg insert time (ms): 0.293
[Build] Inserted 15100/64000 points, avg insert time (ms): 0.169
[Build] Inserted 15200/64000 points, avg insert time (ms): 0.130
[Build] Inserted 15300/64000 points, avg insert time (ms): 0.148
[Build] Inserted 15400/64000 points, avg insert time (ms): 0.190
[Build] Inserted 15500/64000 points, avg insert time (ms): 0.178
[Build] Inserted 15600/64000 points, avg insert time (ms): 0.196
[Build] Inserted 15700/64000 points, avg insert time (ms): 0.230
[Build] Inserted 15800/64000 points, avg insert time (ms): 0.179
[Build] Inserted 15900/64000 points, avg insert time (ms): 0.248
[Build] Inserted 16000/64000 points, avg insert time (ms): 0.256
[Build] Inserted 16100/64000 points, avg insert time (ms): 0.214
[Build] Inserted 16200/64000 points, avg insert time (ms): 0.167
[Build] Inserted 16300/64000 points, avg insert time (ms): 0.191
[Build] Inserted 16400/64000 points, avg insert time (ms): 0.255
[Build] Inserted 16500/64000 points, avg insert time (ms): 0.171
[Build] Inserted 16600/64000 points, avg insert time (ms): 0.290
[Build] Inserted 16700/64000 points, avg insert time (ms): 0.212
[Build] Inserted 16800/64000 points, avg insert time (ms): 0.213
[Build] Inserted 16900/64000 points, avg insert time (ms): 0.196
[Build] Inserted 17000/64000 points, avg insert time (ms): 0.226
[Build] Inserted 17100/64000 points, avg insert time (ms): 0.165
[Build] Inserted 17200/64000 points, avg insert time (ms): 0.299
[Build] Inserted 17300/64000 points, avg insert time (ms): 0.179
[Build] Inserted 17400/64000 points, avg insert time (ms): 0.260
[Build] Inserted 17500/64000 points, avg insert time (ms): 0.649
[Build] Inserted 17600/64000 points, avg insert time (ms): 0.396
[Build] Inserted 17700/64000 points, avg insert time (ms): 0.189
[Build] Inserted 17800/64000 points, avg insert time (ms): 0.241
[Build] Inserted 17900/64000 points, avg insert time (ms): 0.200
[Build] Inserted 18000/64000 points, avg insert time (ms): 0.277
[Build] Inserted 18100/64000 points, avg insert time (ms): 0.162
[Build] Inserted 18200/64000 points, avg insert time (ms): 0.216
[Build] Inserted 18300/64000 points, avg insert time (ms): 0.351
[Build] Inserted 18400/64000 points, avg insert time (ms): 0.352
[Build] Inserted 18500/64000 points, avg insert time (ms): 0.335
[Build] Inserted 18600/64000 points, avg insert time (ms): 0.189
[Build] Inserted 18700/64000 points, avg insert time (ms): 0.172
[Build] Inserted 18800/64000 points, avg insert time (ms): 0.216
[Build] Inserted 18900/64000 points, avg insert time (ms): 0.232
[Build] Inserted 19000/64000 points, avg insert time (ms): 0.171
[Build] Inserted 19100/64000 points, avg insert time (ms): 0.271
[Build] Inserted 19200/64000 points, avg insert time (ms): 0.144
[Build] Inserted 19300/64000 points, avg insert time (ms): 0.189
[Build] Inserted 19400/64000 points, avg insert time (ms): 0.185
[Build] Inserted 19500/64000 points, avg insert time (ms): 0.124
[Build] Inserted 19600/64000 points, avg insert time (ms): 0.198
[Build] Inserted 19700/64000 points, avg insert time (ms): 0.127
[Build] Inserted 19800/64000 points, avg insert time (ms): 0.331
[Build] Inserted 19900/64000 points, avg insert time (ms): 0.189
[Build] Inserted 20000/64000 points, avg insert time (ms): 0.223
[Build] Inserted 20100/64000 points, avg insert time (ms): 0.343
[Build] Inserted 20200/64000 points, avg insert time (ms): 0.164
[Build] Inserted 20300/64000 points, avg insert time (ms): 0.243
[Build] Inserted 20400/64000 points, avg insert time (ms): 0.219
[Build] Inserted 20500/64000 points, avg insert time (ms): 0.233
[Build] Inserted 20600/64000 points, avg insert time (ms): 0.256
[Build] Inserted 20700/64000 points, avg insert time (ms): 0.110
[Build] Inserted 20800/64000 points, avg insert time (ms): 0.194
[Build] Inserted 20900/64000 points, avg insert time (ms): 0.091
[Build] Inserted 21000/64000 points, avg insert time (ms): 0.258
[Build] Inserted 21100/64000 points, avg insert time (ms): 0.285
[Build] Inserted 21200/64000 points, avg insert time (ms): 0.192
[Build] Inserted 21300/64000 points, avg insert time (ms): 0.272
[Build] Inserted 21400/64000 points, avg insert time (ms): 0.186
[Build] Inserted 21500/64000 points, avg insert time (ms): 0.151
[Build] Inserted 21600/64000 points, avg insert time (ms): 0.209
[Build] Inserted 21700/64000 points, avg insert time (ms): 0.157
[Build] Inserted 21800/64000 points, avg insert time (ms): 0.306
[Build] Inserted 21900/64000 points, avg insert time (ms): 0.098
[Build] Inserted 22000/64000 points, avg insert time (ms): 0.171
[Build] Inserted 22100/64000 points, avg insert time (ms): 0.330
[Build] Inserted 22200/64000 points, avg insert time (ms): 0.139
[Build] Inserted 22300/64000 points, avg insert time (ms): 0.169
[Build] Inserted 22400/64000 points, avg insert time (ms): 0.190
[Build] Inserted 22500/64000 points, avg insert time (ms): 0.216
[Build] Inserted 22600/64000 points, avg insert time (ms): 0.193
[Build] Inserted 22700/64000 points, avg insert time (ms): 0.183
[Build] Inserted 22800/64000 points, avg insert time (ms): 0.223
[Build] Inserted 22900/64000 points, avg insert time (ms): 0.293
[Build] Inserted 23000/64000 points, avg insert time (ms): 0.303
[Build] Inserted 23100/64000 points, avg insert time (ms): 0.207
[Build] Inserted 23200/64000 points, avg insert time (ms): 0.173
[Build] Inserted 23300/64000 points, avg insert time (ms): 0.295
[Build] Inserted 23400/64000 points, avg insert time (ms): 0.322
[Build] Inserted 23500/64000 points, avg insert time (ms): 0.196
[Build] Inserted 23600/64000 points, avg insert time (ms): 0.278
[Build] Inserted 23700/64000 points, avg insert time (ms): 0.255
[Build] Inserted 23800/64000 points, avg insert time (ms): 0.112
[Build] Inserted 23900/64000 points, avg insert time (ms): 0.171
[Build] Inserted 24000/64000 points, avg insert time (ms): 0.206
[Build] Inserted 24100/64000 points, avg insert time (ms): 0.169
[Build] Inserted 24200/64000 points, avg insert time (ms): 0.226
[Build] Inserted 24300/64000 points, avg insert time (ms): 0.180
[Build] Inserted 24400/64000 points, avg insert time (ms): 0.343
[Build] Inserted 24500/64000 points, avg insert time (ms): 0.252
[Build] Inserted 24600/64000 points, avg insert time (ms): 0.186
[Build] Inserted 24700/64000 points, avg insert time (ms): 0.217
[Build] Inserted 24800/64000 points, avg insert time (ms): 0.237
[Build] Inserted 24900/64000 points, avg insert time (ms): 0.170
[Build] Inserted 25000/64000 points, avg insert time (ms): 0.240
[Build] Inserted 25100/64000 points, avg insert time (ms): 0.169
[Build] Inserted 25200/64000 points, avg insert time (ms): 0.261
[Build] Inserted 25300/64000 points, avg insert time (ms): 0.181
[Build] Inserted 25400/64000 points, avg insert time (ms): 0.213
[Build] Inserted 25500/64000 points, avg insert time (ms): 0.170
[Build] Inserted 25600/64000 points, avg insert time (ms): 0.201
[Build] Inserted 25700/64000 points, avg insert time (ms): 0.168
[Build] Inserted 25800/64000 points, avg insert time (ms): 0.238
[Build] Inserted 25900/64000 points, avg insert time (ms): 0.233
[Build] Inserted 26000/64000 points, avg insert time (ms): 0.227
[Build] Inserted 26100/64000 points, avg insert time (ms): 0.159
[Build] Inserted 26200/64000 points, avg insert time (ms): 0.134
[Build] Inserted 26300/64000 points, avg insert time (ms): 0.117
[Build] Inserted 26400/64000 points, avg insert time (ms): 0.191
[Build] Inserted 26500/64000 points, avg insert time (ms): 0.094
[Build] Inserted 26600/64000 points, avg insert time (ms): 0.227
[Build] Inserted 26700/64000 points, avg insert time (ms): 0.245
[Build] Inserted 26800/64000 points, avg insert time (ms): 0.228
[Build] Inserted 26900/64000 points, avg insert time (ms): 0.189
[Build] Inserted 27000/64000 points, avg insert time (ms): 0.112
[Build] Inserted 27100/64000 points, avg insert time (ms): 0.112
[Build] Inserted 27200/64000 points, avg insert time (ms): 0.227
[Build] Inserted 27300/64000 points, avg insert time (ms): 0.182
[Build] Inserted 27400/64000 points, avg insert time (ms): 0.199
[Build] Inserted 27500/64000 points, avg insert time (ms): 0.258
[Build] Inserted 27600/64000 points, avg insert time (ms): 0.321
[Build] Inserted 27700/64000 points, avg insert time (ms): 0.155
[Build] Inserted 27800/64000 points, avg insert time (ms): 0.177
[Build] Inserted 27900/64000 points, avg insert time (ms): 0.262
[Build] Inserted 28000/64000 points, avg insert time (ms): 0.195
[Build] Inserted 28100/64000 points, avg insert time (ms): 0.236
[Build] Inserted 28200/64000 points, avg insert time (ms): 0.291
[Build] Inserted 28300/64000 points, avg insert time (ms): 0.097
[Build] Inserted 28400/64000 points, avg insert time (ms): 0.154
[Build] Inserted 28500/64000 points, avg insert time (ms): 0.118
[Build] Inserted 28600/64000 points, avg insert time (ms): 0.493
[Build] Inserted 28700/64000 points, avg insert time (ms): 0.192
[Build] Inserted 28800/64000 points, avg insert time (ms): 0.256
[Build] Inserted 28900/64000 points, avg insert time (ms): 0.247
[Build] Inserted 29000/64000 points, avg insert time (ms): 0.106
[Build] Inserted 29100/64000 points, avg insert time (ms): 0.125
[Build] Inserted 29200/64000 points, avg insert time (ms): 0.248
[Build] Inserted 29300/64000 points, avg insert time (ms): 0.295
[Build] Inserted 29400/64000 points, avg insert time (ms): 0.188
[Build] Inserted 29500/64000 points, avg insert time (ms): 0.209
[Build] Inserted 29600/64000 points, avg insert time (ms): 0.205
[Build] Inserted 29700/64000 points, avg insert time (ms): 0.197
[Build] Inserted 29800/64000 points, avg insert time (ms): 0.264
[Build] Inserted 29900/64000 points, avg insert time (ms): 0.242
[Build] Inserted 30000/64000 points, avg insert time (ms): 0.184
[Build] Inserted 30100/64000 points, avg insert time (ms): 0.183
[Build] Inserted 30200/64000 points, avg insert time (ms): 0.168
[Build] Inserted 30300/64000 points, avg insert time (ms): 0.403
[Build] Inserted 30400/64000 points, avg insert time (ms): 0.283
[Build] Inserted 30500/64000 points, avg insert time (ms): 0.199
[Build] Inserted 30600/64000 points, avg insert time (ms): 0.218
[Build] Inserted 30700/64000 points, avg insert time (ms): 0.188
[Build] Inserted 30800/64000 points, avg insert time (ms): 0.260
[Build] Inserted 30900/64000 points, avg insert time (ms): 0.248
[Build] Inserted 31000/64000 points, avg insert time (ms): 0.288
[Build] Inserted 31100/64000 points, avg insert time (ms): 0.221
[Build] Inserted 31200/64000 points, avg insert time (ms): 0.249
[Build] Inserted 31300/64000 points, avg insert time (ms): 0.241
[Build] Inserted 31400/64000 points, avg insert time (ms): 0.188
[Build] Inserted 31500/64000 points, avg insert time (ms): 0.161
[Build] Inserted 31600/64000 points, avg insert time (ms): 0.182
[Build] Inserted 31700/64000 points, avg insert time (ms): 0.298
[Build] Inserted 31800/64000 points, avg insert time (ms): 0.246
[Build] Inserted 31900/64000 points, avg insert time (ms): 0.170
[Build] Inserted 32000/64000 points, avg insert time (ms): 0.228
[Build] Inserted 32100/64000 points, avg insert time (ms): 0.231
[Build] Inserted 32200/64000 points, avg insert time (ms): 0.231
[Build] Inserted 32300/64000 points, avg insert time (ms): 0.170
[Build] Inserted 32400/64000 points, avg insert time (ms): 0.129
[Build] Inserted 32500/64000 points, avg insert time (ms): 0.221
[Build] Inserted 32600/64000 points, avg insert time (ms): 0.186
[Build] Inserted 32700/64000 points, avg insert time (ms): 0.288
[Build] Inserted 32800/64000 points, avg insert time (ms): 0.206
[Build] Inserted 32900/64000 points, avg insert time (ms): 0.301
[Build] Inserted 33000/64000 points, avg insert time (ms): 0.149
[Build] Inserted 33100/64000 points, avg insert time (ms): 0.224
[Build] Inserted 33200/64000 points, avg insert time (ms): 0.202
[Build] Inserted 33300/64000 points, avg insert time (ms): 0.207
[Build] Inserted 33400/64000 points, avg insert time (ms): 0.186
[Build] Inserted 33500/64000 points, avg insert time (ms): 0.151
[Build] Inserted 33600/64000 points, avg insert time (ms): 0.205
[Build] Inserted 33700/64000 points, avg insert time (ms): 0.149
[Build] Inserted 33800/64000 points, avg insert time (ms): 0.181
[Build] Inserted 33900/64000 points, avg insert time (ms): 0.178
[Build] Inserted 34000/64000 points, avg insert time (ms): 0.232
[Build] Inserted 34100/64000 points, avg insert time (ms): 0.224
[Build] Inserted 34200/64000 points, avg insert time (ms): 0.189
[Build] Inserted 34300/64000 points, avg insert time (ms): 0.156
[Build] Inserted 34400/64000 points, avg insert time (ms): 0.329
[Build] Inserted 34500/64000 points, avg insert time (ms): 0.226
[Build] Inserted 34600/64000 points, avg insert time (ms): 0.133
[Build] Inserted 34700/64000 points, avg insert time (ms): 0.276
[Build] Inserted 34800/64000 points, avg insert time (ms): 0.294
[Build] Inserted 34900/64000 points, avg insert time (ms): 0.127
[Build] Inserted 35000/64000 points, avg insert time (ms): 0.177
[Build] Inserted 35100/64000 points, avg insert time (ms): 0.177
[Build] Inserted 35200/64000 points, avg insert time (ms): 0.165
[Build] Inserted 35300/64000 points, avg insert time (ms): 0.218
[Build] Inserted 35400/64000 points, avg insert time (ms): 0.301
[Build] Inserted 35500/64000 points, avg insert time (ms): 0.262
[Build] Inserted 35600/64000 points, avg insert time (ms): 0.175
[Build] Inserted 35700/64000 points, avg insert time (ms): 0.209
[Build] Inserted 35800/64000 points, avg insert time (ms): 0.246
[Build] Inserted 35900/64000 points, avg insert time (ms): 0.189
[Build] Inserted 36000/64000 points, avg insert time (ms): 0.232
[Build] Inserted 36100/64000 points, avg insert time (ms): 0.173
[Build] Inserted 36200/64000 points, avg insert time (ms): 0.216
[Build] Inserted 36300/64000 points, avg insert time (ms): 0.257
[Build] Inserted 36400/64000 points, avg insert time (ms): 0.251
[Build] Inserted 36500/64000 points, avg insert time (ms): 0.148
[Build] Inserted 36600/64000 points, avg insert time (ms): 0.274
[Build] Inserted 36700/64000 points, avg insert time (ms): 0.274
[Build] Inserted 36800/64000 points, avg insert time (ms): 0.242
[Build] Inserted 36900/64000 points, avg insert time (ms): 0.266
[Build] Inserted 37000/64000 points, avg insert time (ms): 0.302
[Build] Inserted 37100/64000 points, avg insert time (ms): 0.217
[Build] Inserted 37200/64000 points, avg insert time (ms): 0.279
[Build] Inserted 37300/64000 points, avg insert time (ms): 0.316
[Build] Inserted 37400/64000 points, avg insert time (ms): 0.295
[Build] Inserted 37500/64000 points, avg insert time (ms): 0.254
[Build] Inserted 37600/64000 points, avg insert time (ms): 0.184
[Build] Inserted 37700/64000 points, avg insert time (ms): 0.194
[Build] Inserted 37800/64000 points, avg insert time (ms): 0.139
[Build] Inserted 37900/64000 points, avg insert time (ms): 0.122
[Build] Inserted 38000/64000 points, avg insert time (ms): 0.150
[Build] Inserted 38100/64000 points, avg insert time (ms): 0.203
[Build] Inserted 38200/64000 points, avg insert time (ms): 0.260
[Build] Inserted 38300/64000 points, avg insert time (ms): 0.216
[Build] Inserted 38400/64000 points, avg insert time (ms): 0.279
[Build] Inserted 38500/64000 points, avg insert time (ms): 0.170
[Build] Inserted 38600/64000 points, avg insert time (ms): 0.271
[Build] Inserted 38700/64000 points, avg insert time (ms): 0.098
[Build] Inserted 38800/64000 points, avg insert time (ms): 0.113
[Build] Inserted 38900/64000 points, avg insert time (ms): 0.249
[Build] Inserted 39000/64000 points, avg insert time (ms): 0.198
[Build] Inserted 39100/64000 points, avg insert time (ms): 0.159
[Build] Inserted 39200/64000 points, avg insert time (ms): 0.152
[Build] Inserted 39300/64000 points, avg insert time (ms): 0.277
[Build] Inserted 39400/64000 points, avg insert time (ms): 0.271
[Build] Inserted 39500/64000 points, avg insert time (ms): 0.192
[Build] Inserted 39600/64000 points, avg insert time (ms): 0.241
[Build] Inserted 39700/64000 points, avg insert time (ms): 0.214
[Build] Inserted 39800/64000 points, avg insert time (ms): 0.368
[Build] Inserted 39900/64000 points, avg insert time (ms): 0.196
[Build] Inserted 40000/64000 points, avg insert time (ms): 0.324
[Build] Inserted 40100/64000 points, avg insert time (ms): 0.254
[Build] Inserted 40200/64000 points, avg insert time (ms): 0.162
[Build] Inserted 40300/64000 points, avg insert time (ms): 0.200
[Build] Inserted 40400/64000 points, avg insert time (ms): 0.186
[Build] Inserted 40500/64000 points, avg insert time (ms): 0.220
[Build] Inserted 40600/64000 points, avg insert time (ms): 0.251
[Build] Inserted 40700/64000 points, avg insert time (ms): 0.203
[Build] Inserted 40800/64000 points, avg insert time (ms): 0.249
[Build] Inserted 40900/64000 points, avg insert time (ms): 0.213
[Build] Inserted 41000/64000 points, avg insert time (ms): 0.297
[Build] Inserted 41100/64000 points, avg insert time (ms): 0.232
[Build] Inserted 41200/64000 points, avg insert time (ms): 0.163
[Build] Inserted 41300/64000 points, avg insert time (ms): 0.165
[Build] Inserted 41400/64000 points, avg insert time (ms): 0.217
[Build] Inserted 41500/64000 points, avg insert time (ms): 0.287
[Build] Inserted 41600/64000 points, avg insert time (ms): 0.187
[Build] Inserted 41700/64000 points, avg insert time (ms): 0.130
[Build] Inserted 41800/64000 points, avg insert time (ms): 0.207
[Build] Inserted 41900/64000 points, avg insert time (ms): 0.371
[Build] Inserted 42000/64000 points, avg insert time (ms): 0.197
[Build] Inserted 42100/64000 points, avg insert time (ms): 0.243
[Build] Inserted 42200/64000 points, avg insert time (ms): 0.221
[Build] Inserted 42300/64000 points, avg insert time (ms): 0.097
[Build] Inserted 42400/64000 points, avg insert time (ms): 0.285
[Build] Inserted 42500/64000 points, avg insert time (ms): 0.247
[Build] Inserted 42600/64000 points, avg insert time (ms): 0.238
[Build] Inserted 42700/64000 points, avg insert time (ms): 0.201
[Build] Inserted 42800/64000 points, avg insert time (ms): 0.184
[Build] Inserted 42900/64000 points, avg insert time (ms): 0.216
[Build] Inserted 43000/64000 points, avg insert time (ms): 0.239
[Build] Inserted 43100/64000 points, avg insert time (ms): 0.115
[Build] Inserted 43200/64000 points, avg insert time (ms): 0.195
[Build] Inserted 43300/64000 points, avg insert time (ms): 0.153
[Build] Inserted 43400/64000 points, avg insert time (ms): 0.190
[Build] Inserted 43500/64000 points, avg insert time (ms): 0.236
[Build] Inserted 43600/64000 points, avg insert time (ms): 0.168
[Build] Inserted 43700/64000 points, avg insert time (ms): 0.209
[Build] Inserted 43800/64000 points, avg insert time (ms): 0.246
[Build] Inserted 43900/64000 points, avg insert time (ms): 0.210
[Build] Inserted 44000/64000 points, avg insert time (ms): 0.253
[Build] Inserted 44100/64000 points, avg insert time (ms): 0.178
[Build] Inserted 44200/64000 points, avg insert time (ms): 0.242
[Build] Inserted 44300/64000 points, avg insert time (ms): 0.276
[Build] Inserted 44400/64000 points, avg insert time (ms): 0.114
[Build] Inserted 44500/64000 points, avg insert time (ms): 0.292
[Build] Inserted 44600/64000 points, avg insert time (ms): 0.241
[Build] Inserted 44700/64000 points, avg insert time (ms): 0.179
[Build] Inserted 44800/64000 points, avg insert time (ms): 0.191
[Build] Inserted 44900/64000 points, avg insert time (ms): 0.222
[Build] Inserted 45000/64000 points, avg insert time (ms): 0.181
[Build] Inserted 45100/64000 points, avg insert time (ms): 0.157
[Build] Inserted 45200/64000 points, avg insert time (ms): 0.156
[Build] Inserted 45300/64000 points, avg insert time (ms): 0.174
[Build] Inserted 45400/64000 points, avg insert time (ms): 0.277
[Build] Inserted 45500/64000 points, avg insert time (ms): 0.212
[Build] Inserted 45600/64000 points, avg insert time (ms): 0.211
[Build] Inserted 45700/64000 points, avg insert time (ms): 0.228
[Build] Inserted 45800/64000 points, avg insert time (ms): 0.246
[Build] Inserted 45900/64000 points, avg insert time (ms): 0.148
[Build] Inserted 46000/64000 points, avg insert time (ms): 0.233
[Build] Inserted 46100/64000 points, avg insert time (ms): 0.173
[Build] Inserted 46200/64000 points, avg insert time (ms): 0.176
[Build] Inserted 46300/64000 points, avg insert time (ms): 0.270
[Build] Inserted 46400/64000 points, avg insert time (ms): 0.117
[Build] Inserted 46500/64000 points, avg insert time (ms): 0.174
[Build] Inserted 46600/64000 points, avg insert time (ms): 0.134
[Build] Inserted 46700/64000 points, avg insert time (ms): 0.247
[Build] Inserted 46800/64000 points, avg insert time (ms): 0.239
[Build] Inserted 46900/64000 points, avg insert time (ms): 0.217
[Build] Inserted 47000/64000 points, avg insert time (ms): 0.185
[Build] Inserted 47100/64000 points, avg insert time (ms): 0.171
[Build] Inserted 47200/64000 points, avg insert time (ms): 0.303
[Build] Inserted 47300/64000 points, avg insert time (ms): 0.092
[Build] Inserted 47400/64000 points, avg insert time (ms): 0.181
[Build] Inserted 47500/64000 points, avg insert time (ms): 0.280
[Build] Inserted 47600/64000 points, avg insert time (ms): 0.093
[Build] Inserted 47700/64000 points, avg insert time (ms): 0.137
[Build] Inserted 47800/64000 points, avg insert time (ms): 0.201
[Build] Inserted 47900/64000 points, avg insert time (ms): 0.165
[Build] Inserted 48000/64000 points, avg insert time (ms): 0.130
[Build] Inserted 48100/64000 points, avg insert time (ms): 0.244
[Build] Inserted 48200/64000 points, avg insert time (ms): 0.135
[Build] Inserted 48300/64000 points, avg insert time (ms): 0.160
[Build] Inserted 48400/64000 points, avg insert time (ms): 0.252
[Build] Inserted 48500/64000 points, avg insert time (ms): 0.195
[Build] Inserted 48600/64000 points, avg insert time (ms): 0.099
[Build] Inserted 48700/64000 points, avg insert time (ms): 0.136
[Build] Inserted 48800/64000 points, avg insert time (ms): 0.194
[Build] Inserted 48900/64000 points, avg insert time (ms): 0.156
[Build] Inserted 49000/64000 points, avg insert time (ms): 0.254
[Build] Inserted 49100/64000 points, avg insert time (ms): 0.363
[Build] Inserted 49200/64000 points, avg insert time (ms): 0.194
[Build] Inserted 49300/64000 points, avg insert time (ms): 0.269
[Build] Inserted 49400/64000 points, avg insert time (ms): 0.154
[Build] Inserted 49500/64000 points, avg insert time (ms): 0.217
[Build] Inserted 49600/64000 points, avg insert time (ms): 0.251
[Build] Inserted 49700/64000 points, avg insert time (ms): 0.158
[Build] Inserted 49800/64000 points, avg insert time (ms): 0.223
[Build] Inserted 49900/64000 points, avg insert time (ms): 0.268
[Build] Inserted 50000/64000 points, avg insert time (ms): 0.141
[Build] Inserted 50100/64000 points, avg insert time (ms): 0.207
[Build] Inserted 50200/64000 points, avg insert time (ms): 0.309
[Build] Inserted 50300/64000 points, avg insert time (ms): 0.135
[Build] Inserted 50400/64000 points, avg insert time (ms): 0.238
[Build] Inserted 50500/64000 points, avg insert time (ms): 0.184
[Build] Inserted 50600/64000 points, avg insert time (ms): 0.152
[Build] Inserted 50700/64000 points, avg insert time (ms): 0.172
[Build] Inserted 50800/64000 points, avg insert time (ms): 0.236
[Build] Inserted 50900/64000 points, avg insert time (ms): 0.171
[Build] Inserted 51000/64000 points, avg insert time (ms): 0.213
[Build] Inserted 51100/64000 points, avg insert time (ms): 0.288
[Build] Inserted 51200/64000 points, avg insert time (ms): 0.097
[Build] Inserted 51300/64000 points, avg insert time (ms): 0.365
[Build] Inserted 51400/64000 points, avg insert time (ms): 0.325
[Build] Inserted 51500/64000 points, avg insert time (ms): 0.192
[Build] Inserted 51600/64000 points, avg insert time (ms): 0.155
[Build] Inserted 51700/64000 points, avg insert time (ms): 0.131
[Build] Inserted 51800/64000 points, avg insert time (ms): 0.171
[Build] Inserted 51900/64000 points, avg insert time (ms): 0.189
[Build] Inserted 52000/64000 points, avg insert time (ms): 0.205
[Build] Inserted 52100/64000 points, avg insert time (ms): 0.246
[Build] Inserted 52200/64000 points, avg insert time (ms): 0.194
[Build] Inserted 52300/64000 points, avg insert time (ms): 0.172
[Build] Inserted 52400/64000 points, avg insert time (ms): 0.170
[Build] Inserted 52500/64000 points, avg insert time (ms): 0.186
[Build] Inserted 52600/64000 points, avg insert time (ms): 0.279
[Build] Inserted 52700/64000 points, avg insert time (ms): 0.212
[Build] Inserted 52800/64000 points, avg insert time (ms): 0.185
[Build] Inserted 52900/64000 points, avg insert time (ms): 0.273
[Build] Inserted 53000/64000 points, avg insert time (ms): 0.192
[Build] Inserted 53100/64000 points, avg insert time (ms): 0.200
[Build] Inserted 53200/64000 points, avg insert time (ms): 0.288
[Build] Inserted 53300/64000 points, avg insert time (ms): 0.317
[Build] Inserted 53400/64000 points, avg insert time (ms): 0.165
[Build] Inserted 53500/64000 points, avg insert time (ms): 0.130
[Build] Inserted 53600/64000 points, avg insert time (ms): 0.318
[Build] Inserted 53700/64000 points, avg insert time (ms): 0.175
[Build] Inserted 53800/64000 points, avg insert time (ms): 0.132
[Build] Inserted 53900/64000 points, avg insert time (ms): 0.279
[Build] Inserted 54000/64000 points, avg insert time (ms): 0.180
[Build] Inserted 54100/64000 points, avg insert time (ms): 0.199
[Build] Inserted 54200/64000 points, avg insert time (ms): 0.254
[Build] Inserted 54300/64000 points, avg insert time (ms): 0.186
[Build] Inserted 54400/64000 points, avg insert time (ms): 0.175
[Build] Inserted 54500/64000 points, avg insert time (ms): 0.171
[Build] Inserted 54600/64000 points, avg insert time (ms): 0.116
[Build] Inserted 54700/64000 points, avg insert time (ms): 0.157
[Build] Inserted 54800/64000 points, avg insert time (ms): 0.242
[Build] Inserted 54900/64000 points, avg insert time (ms): 0.192
[Build] Inserted 55000/64000 points, avg insert time (ms): 0.263
[Build] Inserted 55100/64000 points, avg insert time (ms): 0.288
[Build] Inserted 55200/64000 points, avg insert time (ms): 0.291
[Build] Inserted 55300/64000 points, avg insert time (ms): 0.182
[Build] Inserted 55400/64000 points, avg insert time (ms): 0.274
[Build] Inserted 55500/64000 points, avg insert time (ms): 0.204
[Build] Inserted 55600/64000 points, avg insert time (ms): 0.164
[Build] Inserted 55700/64000 points, avg insert time (ms): 0.177
[Build] Inserted 55800/64000 points, avg insert time (ms): 0.791
[Build] Inserted 55900/64000 points, avg insert time (ms): 0.214
[Build] Inserted 56000/64000 points, avg insert time (ms): 0.255
[Build] Inserted 56100/64000 points, avg insert time (ms): 0.153
[Build] Inserted 56200/64000 points, avg insert time (ms): 0.266
[Build] Inserted 56300/64000 points, avg insert time (ms): 0.204
[Build] Inserted 56400/64000 points, avg insert time (ms): 0.221
[Build] Inserted 56500/64000 points, avg insert time (ms): 0.224
[Build] Inserted 56600/64000 points, avg insert time (ms): 0.353
[Build] Inserted 56700/64000 points, avg insert time (ms): 0.303
[Build] Inserted 56800/64000 points, avg insert time (ms): 0.253
[Build] Inserted 56900/64000 points, avg insert time (ms): 0.215
[Build] Inserted 57000/64000 points, avg insert time (ms): 0.182
[Build] Inserted 57100/64000 points, avg insert time (ms): 0.236
[Build] Inserted 57200/64000 points, avg insert time (ms): 0.165
[Build] Inserted 57300/64000 points, avg insert time (ms): 0.301
[Build] Inserted 57400/64000 points, avg insert time (ms): 0.449
[Build] Inserted 57500/64000 points, avg insert time (ms): 0.137
[Build] Inserted 57600/64000 points, avg insert time (ms): 0.213
[Build] Inserted 57700/64000 points, avg insert time (ms): 0.262
[Build] Inserted 57800/64000 points, avg insert time (ms): 0.392
[Build] Inserted 57900/64000 points, avg insert time (ms): 0.187
[Build] Inserted 58000/64000 points, avg insert time (ms): 0.271
[Build] Inserted 58100/64000 points, avg insert time (ms): 0.120
[Build] Inserted 58200/64000 points, avg insert time (ms): 0.119
[Build] Inserted 58300/64000 points, avg insert time (ms): 0.195
[Build] Inserted 58400/64000 points, avg insert time (ms): 0.161
[Build] Inserted 58500/64000 points, avg insert time (ms): 0.195
[Build] Inserted 58600/64000 points, avg insert time (ms): 0.156
[Build] Inserted 58700/64000 points, avg insert time (ms): 0.238
[Build] Inserted 58800/64000 points, avg insert time (ms): 0.149
[Build] Inserted 58900/64000 points, avg insert time (ms): 0.171
[Build] Inserted 59000/64000 points, avg insert time (ms): 0.134
[Build] Inserted 59100/64000 points, avg insert time (ms): 0.166
[Build] Inserted 59200/64000 points, avg insert time (ms): 0.271
[Build] Inserted 59300/64000 points, avg insert time (ms): 0.278
[Build] Inserted 59400/64000 points, avg insert time (ms): 0.173
[Build] Inserted 59500/64000 points, avg insert time (ms): 0.341
[Build] Inserted 59600/64000 points, avg insert time (ms): 0.195
[Build] Inserted 59700/64000 points, avg insert time (ms): 0.317
[Build] Inserted 59800/64000 points, avg insert time (ms): 0.113
[Build] Inserted 59900/64000 points, avg insert time (ms): 0.143
[Build] Inserted 60000/64000 points, avg insert time (ms): 0.242
[Build] Inserted 60100/64000 points, avg insert time (ms): 0.242
[Build] Inserted 60200/64000 points, avg insert time (ms): 0.226
[Build] Inserted 60300/64000 points, avg insert time (ms): 0.230
[Build] Inserted 60400/64000 points, avg insert time (ms): 0.140
[Build] Inserted 60500/64000 points, avg insert time (ms): 0.228
[Build] Inserted 60600/64000 points, avg insert time (ms): 0.201
[Build] Inserted 60700/64000 points, avg insert time (ms): 0.276
[Build] Inserted 60800/64000 points, avg insert time (ms): 0.216
[Build] Inserted 60900/64000 points, avg insert time (ms): 0.181
[Build] Inserted 61000/64000 points, avg insert time (ms): 0.199
[Build] Inserted 61100/64000 points, avg insert time (ms): 0.147
[Build] Inserted 61200/64000 points, avg insert time (ms): 0.157
[Build] Inserted 61300/64000 points, avg insert time (ms): 0.212
[Build] Inserted 61400/64000 points, avg insert time (ms): 0.247
[Build] Inserted 61500/64000 points, avg insert time (ms): 0.260
[Build] Inserted 61600/64000 points, avg insert time (ms): 0.315
[Build] Inserted 61700/64000 points, avg insert time (ms): 0.107
[Build] Inserted 61800/64000 points, avg insert time (ms): 0.303
[Build] Inserted 61900/64000 points, avg insert time (ms): 0.173
[Build] Inserted 62000/64000 points, avg insert time (ms): 0.144
[Build] Inserted 62100/64000 points, avg insert time (ms): 0.182
[Build] Inserted 62200/64000 points, avg insert time (ms): 0.238
[Build] Inserted 62300/64000 points, avg insert time (ms): 0.142
[Build] Inserted 62400/64000 points, avg insert time (ms): 0.249
[Build] Inserted 62500/64000 points, avg insert time (ms): 0.218
[Build] Inserted 62600/64000 points, avg insert time (ms): 0.340
[Build] Inserted 62700/64000 points, avg insert time (ms): 0.142
[Build] Inserted 62800/64000 points, avg insert time (ms): 0.196
[Build] Inserted 62900/64000 points, avg insert time (ms): 0.258
[Build] Inserted 63000/64000 points, avg insert time (ms): 0.237
[Build] Inserted 63100/64000 points, avg insert time (ms): 0.315
[Build] Inserted 63200/64000 points, avg insert time (ms): 0.160
[Build] Inserted 63300/64000 points, avg insert time (ms): 0.203
[Build] Inserted 63400/64000 points, avg insert time (ms): 0.253
[Build] Inserted 63500/64000 points, avg insert time (ms): 0.205
[Build] Inserted 63600/64000 points, avg insert time (ms): 0.162
[Build] Inserted 63700/64000 points, avg insert time (ms): 0.245
[Build] Inserted 63800/64000 points, avg insert time (ms): 0.143
[Build] Inserted 63900/64000 points, avg insert time (ms): 0.208
[Build] Inserted 64000/64000 points, avg insert time (ms): 0.157
[Timing] Total insertion time: 14.38 s
[Build] Starting queries...
[Query] Processed 1/1 queries, avg query time (ms): 17.539
[Timing] Total query time: 0.02 s
[Eval] Computing ground truth top-K...
[Timing] Ground truth (FAISS): 0.00 s (1.929 ms/query)
[Timing] Ground truth computation: 0.84 s
[Eval] Computing recall metrics...
[Timing] Recall evaluation: 0.01 s
[Eval] Computing (c,r)-ANN accuracy...
[Timing] FAISS r* computation: 0.00 s (2.186 ms/query)
[CR-ANN] 1/1 processed, avg time (ann.query): 42.818 ms
[Timing] (c,r)-ANN eval: 0.04 s (43.372 ms/query)
[Sanity Check] Total Relevant = 1
[Timing] (c,r)-ANN evaluation: 0.08 s
[Result] Memory breakdown (MB): {'hash_functions_MB': 1.9099502563476562, 'bucket_ids_MB': 4.821739196777344, 'num_ids': 1263990, 'num_buckets': 40415, 'hash_tables_overhead_MB': 3.3917617797851562, 'total_MB': 10.123451232910156}
[Result] Epsilon-recall: 1.0000
[Result] (c,r)-ANN accuracy: 1.0000

[Timing Summary]
  Insert phase: 14.38 s
  Query phase: 0.02 s
  Ground truth: 0.84 s
  Recall eval: 0.01 s
  (c,r)-ANN eval: 0.08 s
  Total time: 15.33 s
[SUMMARY] r=1.0, eps=1.0, eta=0.2, recall=1.0000, (c,r)-ANN accuracy=1.0, memory=10.123451232910156
