[Init] Inputs : eta=0.20, epsilon=0.50, r=1.00
[Init] LSH Parameters : w=3.154, p1=0.7472, p2=0.6267, rho=0.6236
[Init] Data Structure Parameters : k=24, L=1330, key_bits=768, mode=speed
[Build] Starting insertion...
[Build] Inserted 100/64000 points, avg insert time (ms): 0.998
[Build] Inserted 200/64000 points, avg insert time (ms): 2.052
[Build] Inserted 300/64000 points, avg insert time (ms): 2.031
[Build] Inserted 400/64000 points, avg insert time (ms): 1.442
[Build] Inserted 500/64000 points, avg insert time (ms): 1.960
[Build] Inserted 600/64000 points, avg insert time (ms): 1.151
[Build] Inserted 700/64000 points, avg insert time (ms): 1.500
[Build] Inserted 800/64000 points, avg insert time (ms): 1.573
[Build] Inserted 900/64000 points, avg insert time (ms): 1.448
[Build] Inserted 1000/64000 points, avg insert time (ms): 1.770
[Build] Inserted 1100/64000 points, avg insert time (ms): 1.792
[Build] Inserted 1200/64000 points, avg insert time (ms): 0.793
[Build] Inserted 1300/64000 points, avg insert time (ms): 2.626
[Build] Inserted 1400/64000 points, avg insert time (ms): 2.751
[Build] Inserted 1500/64000 points, avg insert time (ms): 1.182
[Build] Inserted 1600/64000 points, avg insert time (ms): 2.032
[Build] Inserted 1700/64000 points, avg insert time (ms): 2.405
[Build] Inserted 1800/64000 points, avg insert time (ms): 2.627
[Build] Inserted 1900/64000 points, avg insert time (ms): 2.964
[Build] Inserted 2000/64000 points, avg insert time (ms): 1.968
[Build] Inserted 2100/64000 points, avg insert time (ms): 1.812
[Build] Inserted 2200/64000 points, avg insert time (ms): 3.095
[Build] Inserted 2300/64000 points, avg insert time (ms): 2.741
[Build] Inserted 2400/64000 points, avg insert time (ms): 1.938
[Build] Inserted 2500/64000 points, avg insert time (ms): 0.327
[Build] Inserted 2600/64000 points, avg insert time (ms): 2.416
[Build] Inserted 2700/64000 points, avg insert time (ms): 1.303
[Build] Inserted 2800/64000 points, avg insert time (ms): 0.648
[Build] Inserted 2900/64000 points, avg insert time (ms): 1.958
[Build] Inserted 3000/64000 points, avg insert time (ms): 2.666
[Build] Inserted 3100/64000 points, avg insert time (ms): 1.745
[Build] Inserted 3200/64000 points, avg insert time (ms): 1.283
[Build] Inserted 3300/64000 points, avg insert time (ms): 1.615
[Build] Inserted 3400/64000 points, avg insert time (ms): 1.935
[Build] Inserted 3500/64000 points, avg insert time (ms): 1.278
[Build] Inserted 3600/64000 points, avg insert time (ms): 1.485
[Build] Inserted 3700/64000 points, avg insert time (ms): 3.036
[Build] Inserted 3800/64000 points, avg insert time (ms): 3.470
[Build] Inserted 3900/64000 points, avg insert time (ms): 1.230
[Build] Inserted 4000/64000 points, avg insert time (ms): 2.156
[Build] Inserted 4100/64000 points, avg insert time (ms): 1.613
[Build] Inserted 4200/64000 points, avg insert time (ms): 2.622
[Build] Inserted 4300/64000 points, avg insert time (ms): 1.551
[Build] Inserted 4400/64000 points, avg insert time (ms): 2.256
[Build] Inserted 4500/64000 points, avg insert time (ms): 1.651
[Build] Inserted 4600/64000 points, avg insert time (ms): 1.846
[Build] Inserted 4700/64000 points, avg insert time (ms): 2.054
[Build] Inserted 4800/64000 points, avg insert time (ms): 1.927
[Build] Inserted 4900/64000 points, avg insert time (ms): 2.019
[Build] Inserted 5000/64000 points, avg insert time (ms): 1.630
[Build] Inserted 5100/64000 points, avg insert time (ms): 0.941
[Build] Inserted 5200/64000 points, avg insert time (ms): 1.254
[Build] Inserted 5300/64000 points, avg insert time (ms): 3.099
[Build] Inserted 5400/64000 points, avg insert time (ms): 1.410
[Build] Inserted 5500/64000 points, avg insert time (ms): 2.555
[Build] Inserted 5600/64000 points, avg insert time (ms): 1.390
[Build] Inserted 5700/64000 points, avg insert time (ms): 2.785
[Build] Inserted 5800/64000 points, avg insert time (ms): 2.354
[Build] Inserted 5900/64000 points, avg insert time (ms): 1.724
[Build] Inserted 6000/64000 points, avg insert time (ms): 1.635
[Build] Inserted 6100/64000 points, avg insert time (ms): 2.648
[Build] Inserted 6200/64000 points, avg insert time (ms): 1.963
[Build] Inserted 6300/64000 points, avg insert time (ms): 2.442
[Build] Inserted 6400/64000 points, avg insert time (ms): 1.750
[Build] Inserted 6500/64000 points, avg insert time (ms): 1.394
[Build] Inserted 6600/64000 points, avg insert time (ms): 1.326
[Build] Inserted 6700/64000 points, avg insert time (ms): 1.726
[Build] Inserted 6800/64000 points, avg insert time (ms): 3.392
[Build] Inserted 6900/64000 points, avg insert time (ms): 1.421
[Build] Inserted 7000/64000 points, avg insert time (ms): 1.582
[Build] Inserted 7100/64000 points, avg insert time (ms): 2.317
[Build] Inserted 7200/64000 points, avg insert time (ms): 2.717
[Build] Inserted 7300/64000 points, avg insert time (ms): 2.384
[Build] Inserted 7400/64000 points, avg insert time (ms): 2.234
[Build] Inserted 7500/64000 points, avg insert time (ms): 1.630
[Build] Inserted 7600/64000 points, avg insert time (ms): 1.127
[Build] Inserted 7700/64000 points, avg insert time (ms): 2.789
[Build] Inserted 7800/64000 points, avg insert time (ms): 2.097
[Build] Inserted 7900/64000 points, avg insert time (ms): 1.732
[Build] Inserted 8000/64000 points, avg insert time (ms): 2.444
[Build] Inserted 8100/64000 points, avg insert time (ms): 2.035
[Build] Inserted 8200/64000 points, avg insert time (ms): 2.533
[Build] Inserted 8300/64000 points, avg insert time (ms): 2.559
[Build] Inserted 8400/64000 points, avg insert time (ms): 1.262
[Build] Inserted 8500/64000 points, avg insert time (ms): 2.853
[Build] Inserted 8600/64000 points, avg insert time (ms): 2.538
[Build] Inserted 8700/64000 points, avg insert time (ms): 2.100
[Build] Inserted 8800/64000 points, avg insert time (ms): 2.146
[Build] Inserted 8900/64000 points, avg insert time (ms): 1.623
[Build] Inserted 9000/64000 points, avg insert time (ms): 2.257
[Build] Inserted 9100/64000 points, avg insert time (ms): 1.018
[Build] Inserted 9200/64000 points, avg insert time (ms): 1.623
[Build] Inserted 9300/64000 points, avg insert time (ms): 2.499
[Build] Inserted 9400/64000 points, avg insert time (ms): 1.253
[Build] Inserted 9500/64000 points, avg insert time (ms): 2.390
[Build] Inserted 9600/64000 points, avg insert time (ms): 1.331
[Build] Inserted 9700/64000 points, avg insert time (ms): 1.707
[Build] Inserted 9800/64000 points, avg insert time (ms): 1.489
[Build] Inserted 9900/64000 points, avg insert time (ms): 1.549
[Build] Inserted 10000/64000 points, avg insert time (ms): 2.714
[Build] Inserted 10100/64000 points, avg insert time (ms): 2.129
[Build] Inserted 10200/64000 points, avg insert time (ms): -14.239
[Build] Inserted 10300/64000 points, avg insert time (ms): 1.557
[Build] Inserted 10400/64000 points, avg insert time (ms): 3.438
[Build] Inserted 10500/64000 points, avg insert time (ms): 2.649
[Build] Inserted 10600/64000 points, avg insert time (ms): 1.681
[Build] Inserted 10700/64000 points, avg insert time (ms): 1.576
[Build] Inserted 10800/64000 points, avg insert time (ms): 1.661
[Build] Inserted 10900/64000 points, avg insert time (ms): 2.519
[Build] Inserted 11000/64000 points, avg insert time (ms): 1.995
[Build] Inserted 11100/64000 points, avg insert time (ms): 2.722
[Build] Inserted 11200/64000 points, avg insert time (ms): 1.419
[Build] Inserted 11300/64000 points, avg insert time (ms): 2.632
[Build] Inserted 11400/64000 points, avg insert time (ms): 1.819
[Build] Inserted 11500/64000 points, avg insert time (ms): 1.343
[Build] Inserted 11600/64000 points, avg insert time (ms): 2.217
[Build] Inserted 11700/64000 points, avg insert time (ms): 2.202
[Build] Inserted 11800/64000 points, avg insert time (ms): 2.526
[Build] Inserted 11900/64000 points, avg insert time (ms): 3.216
[Build] Inserted 12000/64000 points, avg insert time (ms): 1.482
[Build] Inserted 12100/64000 points, avg insert time (ms): 2.226
[Build] Inserted 12200/64000 points, avg insert time (ms): 1.477
[Build] Inserted 12300/64000 points, avg insert time (ms): 2.371
[Build] Inserted 12400/64000 points, avg insert time (ms): 2.155
[Build] Inserted 12500/64000 points, avg insert time (ms): 1.644
[Build] Inserted 12600/64000 points, avg insert time (ms): 1.452
[Build] Inserted 12700/64000 points, avg insert time (ms): 2.343
[Build] Inserted 12800/64000 points, avg insert time (ms): 2.368
[Build] Inserted 12900/64000 points, avg insert time (ms): 1.944
[Build] Inserted 13000/64000 points, avg insert time (ms): 2.221
[Build] Inserted 13100/64000 points, avg insert time (ms): 1.980
[Build] Inserted 13200/64000 points, avg insert time (ms): 1.082
[Build] Inserted 13300/64000 points, avg insert time (ms): 1.475
[Build] Inserted 13400/64000 points, avg insert time (ms): 2.107
[Build] Inserted 13500/64000 points, avg insert time (ms): 1.416
[Build] Inserted 13600/64000 points, avg insert time (ms): 2.093
[Build] Inserted 13700/64000 points, avg insert time (ms): 1.700
[Build] Inserted 13800/64000 points, avg insert time (ms): 2.596
[Build] Inserted 13900/64000 points, avg insert time (ms): 1.099
[Build] Inserted 14000/64000 points, avg insert time (ms): 1.408
[Build] Inserted 14100/64000 points, avg insert time (ms): 2.101
[Build] Inserted 14200/64000 points, avg insert time (ms): 1.899
[Build] Inserted 14300/64000 points, avg insert time (ms): 1.874
[Build] Inserted 14400/64000 points, avg insert time (ms): 1.465
[Build] Inserted 14500/64000 points, avg insert time (ms): 2.721
[Build] Inserted 14600/64000 points, avg insert time (ms): 2.036
[Build] Inserted 14700/64000 points, avg insert time (ms): 2.276
[Build] Inserted 14800/64000 points, avg insert time (ms): 1.803
[Build] Inserted 14900/64000 points, avg insert time (ms): 1.650
[Build] Inserted 15000/64000 points, avg insert time (ms): 1.594
[Build] Inserted 15100/64000 points, avg insert time (ms): 2.278
[Build] Inserted 15200/64000 points, avg insert time (ms): 1.898
[Build] Inserted 15300/64000 points, avg insert time (ms): 1.919
[Build] Inserted 15400/64000 points, avg insert time (ms): 1.566
[Build] Inserted 15500/64000 points, avg insert time (ms): 1.944
[Build] Inserted 15600/64000 points, avg insert time (ms): 1.659
[Build] Inserted 15700/64000 points, avg insert time (ms): 1.631
[Build] Inserted 15800/64000 points, avg insert time (ms): 1.394
[Build] Inserted 15900/64000 points, avg insert time (ms): 1.796
[Build] Inserted 16000/64000 points, avg insert time (ms): 1.290
[Build] Inserted 16100/64000 points, avg insert time (ms): 1.825
[Build] Inserted 16200/64000 points, avg insert time (ms): 1.776
[Build] Inserted 16300/64000 points, avg insert time (ms): 2.069
[Build] Inserted 16400/64000 points, avg insert time (ms): 1.931
[Build] Inserted 16500/64000 points, avg insert time (ms): 1.757
[Build] Inserted 16600/64000 points, avg insert time (ms): 2.066
[Build] Inserted 16700/64000 points, avg insert time (ms): 2.421
[Build] Inserted 16800/64000 points, avg insert time (ms): 2.118
[Build] Inserted 16900/64000 points, avg insert time (ms): 1.957
[Build] Inserted 17000/64000 points, avg insert time (ms): 1.963
[Build] Inserted 17100/64000 points, avg insert time (ms): 1.029
[Build] Inserted 17200/64000 points, avg insert time (ms): 2.466
[Build] Inserted 17300/64000 points, avg insert time (ms): 1.606
[Build] Inserted 17400/64000 points, avg insert time (ms): 2.503
[Build] Inserted 17500/64000 points, avg insert time (ms): 1.489
[Build] Inserted 17600/64000 points, avg insert time (ms): 1.636
[Build] Inserted 17700/64000 points, avg insert time (ms): 2.337
[Build] Inserted 17800/64000 points, avg insert time (ms): 1.157
[Build] Inserted 17900/64000 points, avg insert time (ms): 0.646
[Build] Inserted 18000/64000 points, avg insert time (ms): 1.278
[Build] Inserted 18100/64000 points, avg insert time (ms): 1.940
[Build] Inserted 18200/64000 points, avg insert time (ms): 2.344
[Build] Inserted 18300/64000 points, avg insert time (ms): 1.904
[Build] Inserted 18400/64000 points, avg insert time (ms): 1.657
[Build] Inserted 18500/64000 points, avg insert time (ms): 0.971
[Build] Inserted 18600/64000 points, avg insert time (ms): 1.306
[Build] Inserted 18700/64000 points, avg insert time (ms): 2.467
[Build] Inserted 18800/64000 points, avg insert time (ms): 1.964
[Build] Inserted 18900/64000 points, avg insert time (ms): 2.286
[Build] Inserted 19000/64000 points, avg insert time (ms): 0.982
[Build] Inserted 19100/64000 points, avg insert time (ms): 1.927
[Build] Inserted 19200/64000 points, avg insert time (ms): 1.140
[Build] Inserted 19300/64000 points, avg insert time (ms): 1.796
[Build] Inserted 19400/64000 points, avg insert time (ms): 2.027
[Build] Inserted 19500/64000 points, avg insert time (ms): 1.533
[Build] Inserted 19600/64000 points, avg insert time (ms): 1.161
[Build] Inserted 19700/64000 points, avg insert time (ms): 1.411
[Build] Inserted 19800/64000 points, avg insert time (ms): 0.865
[Build] Inserted 19900/64000 points, avg insert time (ms): 1.139
[Build] Inserted 20000/64000 points, avg insert time (ms): 1.952
[Build] Inserted 20100/64000 points, avg insert time (ms): 1.589
[Build] Inserted 20200/64000 points, avg insert time (ms): 1.936
[Build] Inserted 20300/64000 points, avg insert time (ms): 1.794
[Build] Inserted 20400/64000 points, avg insert time (ms): 1.927
[Build] Inserted 20500/64000 points, avg insert time (ms): 1.151
[Build] Inserted 20600/64000 points, avg insert time (ms): 2.432
[Build] Inserted 20700/64000 points, avg insert time (ms): 1.573
[Build] Inserted 20800/64000 points, avg insert time (ms): 2.416
[Build] Inserted 20900/64000 points, avg insert time (ms): 2.962
[Build] Inserted 21000/64000 points, avg insert time (ms): 1.750
[Build] Inserted 21100/64000 points, avg insert time (ms): 2.462
[Build] Inserted 21200/64000 points, avg insert time (ms): 0.967
[Build] Inserted 21300/64000 points, avg insert time (ms): 2.519
[Build] Inserted 21400/64000 points, avg insert time (ms): 2.126
[Build] Inserted 21500/64000 points, avg insert time (ms): 2.086
[Build] Inserted 21600/64000 points, avg insert time (ms): 2.335
[Build] Inserted 21700/64000 points, avg insert time (ms): 1.916
[Build] Inserted 21800/64000 points, avg insert time (ms): 2.044
[Build] Inserted 21900/64000 points, avg insert time (ms): 2.056
[Build] Inserted 22000/64000 points, avg insert time (ms): 1.721
[Build] Inserted 22100/64000 points, avg insert time (ms): 1.977
[Build] Inserted 22200/64000 points, avg insert time (ms): 1.852
[Build] Inserted 22300/64000 points, avg insert time (ms): 1.637
[Build] Inserted 22400/64000 points, avg insert time (ms): 3.130
[Build] Inserted 22500/64000 points, avg insert time (ms): 2.247
[Build] Inserted 22600/64000 points, avg insert time (ms): 2.856
[Build] Inserted 22700/64000 points, avg insert time (ms): 1.619
[Build] Inserted 22800/64000 points, avg insert time (ms): 2.323
[Build] Inserted 22900/64000 points, avg insert time (ms): 2.625
[Build] Inserted 23000/64000 points, avg insert time (ms): 2.206
[Build] Inserted 23100/64000 points, avg insert time (ms): 1.567
[Build] Inserted 23200/64000 points, avg insert time (ms): 1.135
[Build] Inserted 23300/64000 points, avg insert time (ms): 1.282
[Build] Inserted 23400/64000 points, avg insert time (ms): 1.422
[Build] Inserted 23500/64000 points, avg insert time (ms): 1.876
[Build] Inserted 23600/64000 points, avg insert time (ms): 1.550
[Build] Inserted 23700/64000 points, avg insert time (ms): 2.356
[Build] Inserted 23800/64000 points, avg insert time (ms): 1.996
[Build] Inserted 23900/64000 points, avg insert time (ms): 1.620
[Build] Inserted 24000/64000 points, avg insert time (ms): 1.275
[Build] Inserted 24100/64000 points, avg insert time (ms): 2.744
[Build] Inserted 24200/64000 points, avg insert time (ms): 1.983
[Build] Inserted 24300/64000 points, avg insert time (ms): 1.306
[Build] Inserted 24400/64000 points, avg insert time (ms): 2.523
[Build] Inserted 24500/64000 points, avg insert time (ms): 1.559
[Build] Inserted 24600/64000 points, avg insert time (ms): 2.101
[Build] Inserted 24700/64000 points, avg insert time (ms): 2.486
[Build] Inserted 24800/64000 points, avg insert time (ms): 0.787
[Build] Inserted 24900/64000 points, avg insert time (ms): 1.773
[Build] Inserted 25000/64000 points, avg insert time (ms): 4.222
[Build] Inserted 25100/64000 points, avg insert time (ms): 2.618
[Build] Inserted 25200/64000 points, avg insert time (ms): 1.939
[Build] Inserted 25300/64000 points, avg insert time (ms): 1.261
[Build] Inserted 25400/64000 points, avg insert time (ms): 1.268
[Build] Inserted 25500/64000 points, avg insert time (ms): 1.735
[Build] Inserted 25600/64000 points, avg insert time (ms): 1.982
[Build] Inserted 25700/64000 points, avg insert time (ms): 1.429
[Build] Inserted 25800/64000 points, avg insert time (ms): 2.700
[Build] Inserted 25900/64000 points, avg insert time (ms): 1.930
[Build] Inserted 26000/64000 points, avg insert time (ms): 2.108
[Build] Inserted 26100/64000 points, avg insert time (ms): 2.079
[Build] Inserted 26200/64000 points, avg insert time (ms): 1.774
[Build] Inserted 26300/64000 points, avg insert time (ms): 1.587
[Build] Inserted 26400/64000 points, avg insert time (ms): 2.106
[Build] Inserted 26500/64000 points, avg insert time (ms): 2.109
[Build] Inserted 26600/64000 points, avg insert time (ms): 2.201
[Build] Inserted 26700/64000 points, avg insert time (ms): 1.120
[Build] Inserted 26800/64000 points, avg insert time (ms): 2.442
[Build] Inserted 26900/64000 points, avg insert time (ms): 1.448
[Build] Inserted 27000/64000 points, avg insert time (ms): 1.321
[Build] Inserted 27100/64000 points, avg insert time (ms): 1.752
[Build] Inserted 27200/64000 points, avg insert time (ms): 1.259
[Build] Inserted 27300/64000 points, avg insert time (ms): -15.116
[Build] Inserted 27400/64000 points, avg insert time (ms): 1.277
[Build] Inserted 27500/64000 points, avg insert time (ms): 2.114
[Build] Inserted 27600/64000 points, avg insert time (ms): 1.834
[Build] Inserted 27700/64000 points, avg insert time (ms): 2.304
[Build] Inserted 27800/64000 points, avg insert time (ms): 1.887
[Build] Inserted 27900/64000 points, avg insert time (ms): 1.751
[Build] Inserted 28000/64000 points, avg insert time (ms): 1.356
[Build] Inserted 28100/64000 points, avg insert time (ms): 1.000
[Build] Inserted 28200/64000 points, avg insert time (ms): 1.913
[Build] Inserted 28300/64000 points, avg insert time (ms): 2.061
[Build] Inserted 28400/64000 points, avg insert time (ms): 1.637
[Build] Inserted 28500/64000 points, avg insert time (ms): 2.082
[Build] Inserted 28600/64000 points, avg insert time (ms): 1.945
[Build] Inserted 28700/64000 points, avg insert time (ms): 2.117
[Build] Inserted 28800/64000 points, avg insert time (ms): 1.902
[Build] Inserted 28900/64000 points, avg insert time (ms): 2.893
[Build] Inserted 29000/64000 points, avg insert time (ms): 1.274
[Build] Inserted 29100/64000 points, avg insert time (ms): 2.796
[Build] Inserted 29200/64000 points, avg insert time (ms): 2.114
[Build] Inserted 29300/64000 points, avg insert time (ms): 1.774
[Build] Inserted 29400/64000 points, avg insert time (ms): 1.781
[Build] Inserted 29500/64000 points, avg insert time (ms): 1.435
[Build] Inserted 29600/64000 points, avg insert time (ms): 0.836
[Build] Inserted 29700/64000 points, avg insert time (ms): 1.511
[Build] Inserted 29800/64000 points, avg insert time (ms): 1.620
[Build] Inserted 29900/64000 points, avg insert time (ms): 2.331
[Build] Inserted 30000/64000 points, avg insert time (ms): 1.579
[Build] Inserted 30100/64000 points, avg insert time (ms): 0.958
[Build] Inserted 30200/64000 points, avg insert time (ms): 1.935
[Build] Inserted 30300/64000 points, avg insert time (ms): 2.960
[Build] Inserted 30400/64000 points, avg insert time (ms): 2.103
[Build] Inserted 30500/64000 points, avg insert time (ms): 1.944
[Build] Inserted 30600/64000 points, avg insert time (ms): 1.453
[Build] Inserted 30700/64000 points, avg insert time (ms): 1.313
[Build] Inserted 30800/64000 points, avg insert time (ms): 2.399
[Build] Inserted 30900/64000 points, avg insert time (ms): 2.708
[Build] Inserted 31000/64000 points, avg insert time (ms): 1.299
[Build] Inserted 31100/64000 points, avg insert time (ms): 2.572
[Build] Inserted 31200/64000 points, avg insert time (ms): 3.280
[Build] Inserted 31300/64000 points, avg insert time (ms): 2.537
[Build] Inserted 31400/64000 points, avg insert time (ms): 1.827
[Build] Inserted 31500/64000 points, avg insert time (ms): 2.281
[Build] Inserted 31600/64000 points, avg insert time (ms): 2.741
[Build] Inserted 31700/64000 points, avg insert time (ms): 2.445
[Build] Inserted 31800/64000 points, avg insert time (ms): 1.805
[Build] Inserted 31900/64000 points, avg insert time (ms): 2.308
[Build] Inserted 32000/64000 points, avg insert time (ms): 1.838
[Build] Inserted 32100/64000 points, avg insert time (ms): 2.452
[Build] Inserted 32200/64000 points, avg insert time (ms): 1.524
[Build] Inserted 32300/64000 points, avg insert time (ms): 1.949
[Build] Inserted 32400/64000 points, avg insert time (ms): 0.966
[Build] Inserted 32500/64000 points, avg insert time (ms): 1.365
[Build] Inserted 32600/64000 points, avg insert time (ms): 1.693
[Build] Inserted 32700/64000 points, avg insert time (ms): 2.645
[Build] Inserted 32800/64000 points, avg insert time (ms): 1.733
[Build] Inserted 32900/64000 points, avg insert time (ms): 2.912
[Build] Inserted 33000/64000 points, avg insert time (ms): 1.533
[Build] Inserted 33100/64000 points, avg insert time (ms): 2.925
[Build] Inserted 33200/64000 points, avg insert time (ms): 2.676
[Build] Inserted 33300/64000 points, avg insert time (ms): 1.480
[Build] Inserted 33400/64000 points, avg insert time (ms): 1.618
[Build] Inserted 33500/64000 points, avg insert time (ms): 2.435
[Build] Inserted 33600/64000 points, avg insert time (ms): 2.032
[Build] Inserted 33700/64000 points, avg insert time (ms): 0.653
[Build] Inserted 33800/64000 points, avg insert time (ms): 1.479
[Build] Inserted 33900/64000 points, avg insert time (ms): 1.631
[Build] Inserted 34000/64000 points, avg insert time (ms): 1.480
[Build] Inserted 34100/64000 points, avg insert time (ms): 2.632
[Build] Inserted 34200/64000 points, avg insert time (ms): 0.990
[Build] Inserted 34300/64000 points, avg insert time (ms): 1.952
[Build] Inserted 34400/64000 points, avg insert time (ms): 2.490
[Build] Inserted 34500/64000 points, avg insert time (ms): 2.466
[Build] Inserted 34600/64000 points, avg insert time (ms): 1.689
[Build] Inserted 34700/64000 points, avg insert time (ms): 1.795
[Build] Inserted 34800/64000 points, avg insert time (ms): 0.827
[Build] Inserted 34900/64000 points, avg insert time (ms): 1.332
[Build] Inserted 35000/64000 points, avg insert time (ms): 1.600
[Build] Inserted 35100/64000 points, avg insert time (ms): 1.624
[Build] Inserted 35200/64000 points, avg insert time (ms): 2.767
[Build] Inserted 35300/64000 points, avg insert time (ms): 2.384
[Build] Inserted 35400/64000 points, avg insert time (ms): 1.288
[Build] Inserted 35500/64000 points, avg insert time (ms): 1.950
[Build] Inserted 35600/64000 points, avg insert time (ms): 1.627
[Build] Inserted 35700/64000 points, avg insert time (ms): 2.305
[Build] Inserted 35800/64000 points, avg insert time (ms): 2.671
[Build] Inserted 35900/64000 points, avg insert time (ms): 2.140
[Build] Inserted 36000/64000 points, avg insert time (ms): 2.530
[Build] Inserted 36100/64000 points, avg insert time (ms): 2.783
[Build] Inserted 36200/64000 points, avg insert time (ms): 2.184
[Build] Inserted 36300/64000 points, avg insert time (ms): 2.262
[Build] Inserted 36400/64000 points, avg insert time (ms): 2.679
[Build] Inserted 36500/64000 points, avg insert time (ms): 1.207
[Build] Inserted 36600/64000 points, avg insert time (ms): 1.495
[Build] Inserted 36700/64000 points, avg insert time (ms): 2.071
[Build] Inserted 36800/64000 points, avg insert time (ms): 2.667
[Build] Inserted 36900/64000 points, avg insert time (ms): 1.534
[Build] Inserted 37000/64000 points, avg insert time (ms): 2.472
[Build] Inserted 37100/64000 points, avg insert time (ms): 1.207
[Build] Inserted 37200/64000 points, avg insert time (ms): 2.779
[Build] Inserted 37300/64000 points, avg insert time (ms): 1.845
[Build] Inserted 37400/64000 points, avg insert time (ms): 2.212
[Build] Inserted 37500/64000 points, avg insert time (ms): 2.270
[Build] Inserted 37600/64000 points, avg insert time (ms): 1.129
[Build] Inserted 37700/64000 points, avg insert time (ms): 1.930
[Build] Inserted 37800/64000 points, avg insert time (ms): 1.152
[Build] Inserted 37900/64000 points, avg insert time (ms): 1.172
[Build] Inserted 38000/64000 points, avg insert time (ms): 1.922
[Build] Inserted 38100/64000 points, avg insert time (ms): 1.766
[Build] Inserted 38200/64000 points, avg insert time (ms): 1.939
[Build] Inserted 38300/64000 points, avg insert time (ms): 1.902
[Build] Inserted 38400/64000 points, avg insert time (ms): 1.094
[Build] Inserted 38500/64000 points, avg insert time (ms): 1.799
[Build] Inserted 38600/64000 points, avg insert time (ms): 1.628
[Build] Inserted 38700/64000 points, avg insert time (ms): 1.152
[Build] Inserted 38800/64000 points, avg insert time (ms): 2.109
[Build] Inserted 38900/64000 points, avg insert time (ms): 2.413
[Build] Inserted 39000/64000 points, avg insert time (ms): 1.731
[Build] Inserted 39100/64000 points, avg insert time (ms): 1.471
[Build] Inserted 39200/64000 points, avg insert time (ms): 1.833
[Build] Inserted 39300/64000 points, avg insert time (ms): 1.657
[Build] Inserted 39400/64000 points, avg insert time (ms): 1.463
[Build] Inserted 39500/64000 points, avg insert time (ms): 1.279
[Build] Inserted 39600/64000 points, avg insert time (ms): 1.922
[Build] Inserted 39700/64000 points, avg insert time (ms): 1.717
[Build] Inserted 39800/64000 points, avg insert time (ms): 2.010
[Build] Inserted 39900/64000 points, avg insert time (ms): 1.121
[Build] Inserted 40000/64000 points, avg insert time (ms): 2.066
[Build] Inserted 40100/64000 points, avg insert time (ms): 2.395
[Build] Inserted 40200/64000 points, avg insert time (ms): 1.531
[Build] Inserted 40300/64000 points, avg insert time (ms): 0.979
[Build] Inserted 40400/64000 points, avg insert time (ms): 1.454
[Build] Inserted 40500/64000 points, avg insert time (ms): 1.325
[Build] Inserted 40600/64000 points, avg insert time (ms): 1.743
[Build] Inserted 40700/64000 points, avg insert time (ms): 2.298
[Build] Inserted 40800/64000 points, avg insert time (ms): 1.699
[Build] Inserted 40900/64000 points, avg insert time (ms): 1.647
[Build] Inserted 41000/64000 points, avg insert time (ms): 2.369
[Build] Inserted 41100/64000 points, avg insert time (ms): 2.663
[Build] Inserted 41200/64000 points, avg insert time (ms): 0.992
[Build] Inserted 41300/64000 points, avg insert time (ms): 1.090
[Build] Inserted 41400/64000 points, avg insert time (ms): 2.345
[Build] Inserted 41500/64000 points, avg insert time (ms): 2.463
[Build] Inserted 41600/64000 points, avg insert time (ms): 2.543
[Build] Inserted 41700/64000 points, avg insert time (ms): 2.555
[Build] Inserted 41800/64000 points, avg insert time (ms): 3.000
[Build] Inserted 41900/64000 points, avg insert time (ms): 1.810
[Build] Inserted 42000/64000 points, avg insert time (ms): 2.109
[Build] Inserted 42100/64000 points, avg insert time (ms): 1.939
[Build] Inserted 42200/64000 points, avg insert time (ms): 1.427
[Build] Inserted 42300/64000 points, avg insert time (ms): 1.585
[Build] Inserted 42400/64000 points, avg insert time (ms): 2.228
[Build] Inserted 42500/64000 points, avg insert time (ms): 1.598
[Build] Inserted 42600/64000 points, avg insert time (ms): 1.763
[Build] Inserted 42700/64000 points, avg insert time (ms): 1.272
[Build] Inserted 42800/64000 points, avg insert time (ms): 1.387
[Build] Inserted 42900/64000 points, avg insert time (ms): 1.745
[Build] Inserted 43000/64000 points, avg insert time (ms): 1.294
[Build] Inserted 43100/64000 points, avg insert time (ms): 3.247
[Build] Inserted 43200/64000 points, avg insert time (ms): 1.759
[Build] Inserted 43300/64000 points, avg insert time (ms): 1.898
[Build] Inserted 43400/64000 points, avg insert time (ms): 2.794
[Build] Inserted 43500/64000 points, avg insert time (ms): 2.586
[Build] Inserted 43600/64000 points, avg insert time (ms): 2.208
[Build] Inserted 43700/64000 points, avg insert time (ms): 0.916
[Build] Inserted 43800/64000 points, avg insert time (ms): 2.601
[Build] Inserted 43900/64000 points, avg insert time (ms): 1.178
[Build] Inserted 44000/64000 points, avg insert time (ms): 1.157
[Build] Inserted 44100/64000 points, avg insert time (ms): 0.959
[Build] Inserted 44200/64000 points, avg insert time (ms): 1.515
[Build] Inserted 44300/64000 points, avg insert time (ms): 1.182
[Build] Inserted 44400/64000 points, avg insert time (ms): 0.976
[Build] Inserted 44500/64000 points, avg insert time (ms): -14.719
[Build] Inserted 44600/64000 points, avg insert time (ms): 1.917
[Build] Inserted 44700/64000 points, avg insert time (ms): 1.603
[Build] Inserted 44800/64000 points, avg insert time (ms): 2.593
[Build] Inserted 44900/64000 points, avg insert time (ms): 1.310
[Build] Inserted 45000/64000 points, avg insert time (ms): 1.283
[Build] Inserted 45100/64000 points, avg insert time (ms): 1.915
[Build] Inserted 45200/64000 points, avg insert time (ms): 1.328
[Build] Inserted 45300/64000 points, avg insert time (ms): 1.494
[Build] Inserted 45400/64000 points, avg insert time (ms): 2.131
[Build] Inserted 45500/64000 points, avg insert time (ms): 1.747
[Build] Inserted 45600/64000 points, avg insert time (ms): 2.403
[Build] Inserted 45700/64000 points, avg insert time (ms): 3.530
[Build] Inserted 45800/64000 points, avg insert time (ms): 1.759
[Build] Inserted 45900/64000 points, avg insert time (ms): 2.142
[Build] Inserted 46000/64000 points, avg insert time (ms): 1.996
[Build] Inserted 46100/64000 points, avg insert time (ms): 1.555
[Build] Inserted 46200/64000 points, avg insert time (ms): 1.924
[Build] Inserted 46300/64000 points, avg insert time (ms): 1.537
[Build] Inserted 46400/64000 points, avg insert time (ms): 2.952
[Build] Inserted 46500/64000 points, avg insert time (ms): 2.451
[Build] Inserted 46600/64000 points, avg insert time (ms): 0.676
[Build] Inserted 46700/64000 points, avg insert time (ms): 1.855
[Build] Inserted 46800/64000 points, avg insert time (ms): 2.116
[Build] Inserted 46900/64000 points, avg insert time (ms): 2.269
[Build] Inserted 47000/64000 points, avg insert time (ms): 1.305
[Build] Inserted 47100/64000 points, avg insert time (ms): 1.504
[Build] Inserted 47200/64000 points, avg insert time (ms): 1.774
[Build] Inserted 47300/64000 points, avg insert time (ms): 2.107
[Build] Inserted 47400/64000 points, avg insert time (ms): 2.290
[Build] Inserted 47500/64000 points, avg insert time (ms): 2.974
[Build] Inserted 47600/64000 points, avg insert time (ms): 1.127
[Build] Inserted 47700/64000 points, avg insert time (ms): 1.635
[Build] Inserted 47800/64000 points, avg insert time (ms): 1.917
[Build] Inserted 47900/64000 points, avg insert time (ms): 2.101
[Build] Inserted 48000/64000 points, avg insert time (ms): 2.202
[Build] Inserted 48100/64000 points, avg insert time (ms): 1.739
[Build] Inserted 48200/64000 points, avg insert time (ms): 1.429
[Build] Inserted 48300/64000 points, avg insert time (ms): 0.988
[Build] Inserted 48400/64000 points, avg insert time (ms): 1.607
[Build] Inserted 48500/64000 points, avg insert time (ms): 1.118
[Build] Inserted 48600/64000 points, avg insert time (ms): 1.464
[Build] Inserted 48700/64000 points, avg insert time (ms): 1.430
[Build] Inserted 48800/64000 points, avg insert time (ms): 1.949
[Build] Inserted 48900/64000 points, avg insert time (ms): 0.968
[Build] Inserted 49000/64000 points, avg insert time (ms): 1.004
[Build] Inserted 49100/64000 points, avg insert time (ms): 2.418
[Build] Inserted 49200/64000 points, avg insert time (ms): 2.337
[Build] Inserted 49300/64000 points, avg insert time (ms): 1.786
[Build] Inserted 49400/64000 points, avg insert time (ms): 1.500
[Build] Inserted 49500/64000 points, avg insert time (ms): 1.391
[Build] Inserted 49600/64000 points, avg insert time (ms): 1.521
[Build] Inserted 49700/64000 points, avg insert time (ms): 1.293
[Build] Inserted 49800/64000 points, avg insert time (ms): 1.458
[Build] Inserted 49900/64000 points, avg insert time (ms): 1.545
[Build] Inserted 50000/64000 points, avg insert time (ms): 1.280
[Build] Inserted 50100/64000 points, avg insert time (ms): 1.272
[Build] Inserted 50200/64000 points, avg insert time (ms): 1.931
[Build] Inserted 50300/64000 points, avg insert time (ms): 1.934
[Build] Inserted 50400/64000 points, avg insert time (ms): 1.813
[Build] Inserted 50500/64000 points, avg insert time (ms): 1.638
[Build] Inserted 50600/64000 points, avg insert time (ms): 1.499
[Build] Inserted 50700/64000 points, avg insert time (ms): 1.344
[Build] Inserted 50800/64000 points, avg insert time (ms): 1.659
[Build] Inserted 50900/64000 points, avg insert time (ms): 2.626
[Build] Inserted 51000/64000 points, avg insert time (ms): 1.923
[Build] Inserted 51100/64000 points, avg insert time (ms): 2.082
[Build] Inserted 51200/64000 points, avg insert time (ms): 2.305
[Build] Inserted 51300/64000 points, avg insert time (ms): 1.962
[Build] Inserted 51400/64000 points, avg insert time (ms): 2.592
[Build] Inserted 51500/64000 points, avg insert time (ms): 2.338
[Build] Inserted 51600/64000 points, avg insert time (ms): 2.039
[Build] Inserted 51700/64000 points, avg insert time (ms): 1.898
[Build] Inserted 51800/64000 points, avg insert time (ms): 2.611
[Build] Inserted 51900/64000 points, avg insert time (ms): 2.219
[Build] Inserted 52000/64000 points, avg insert time (ms): 2.160
[Build] Inserted 52100/64000 points, avg insert time (ms): 2.090
[Build] Inserted 52200/64000 points, avg insert time (ms): 1.785
[Build] Inserted 52300/64000 points, avg insert time (ms): 1.975
[Build] Inserted 52400/64000 points, avg insert time (ms): 1.147
[Build] Inserted 52500/64000 points, avg insert time (ms): 2.247
[Build] Inserted 52600/64000 points, avg insert time (ms): 1.923
[Build] Inserted 52700/64000 points, avg insert time (ms): 2.733
[Build] Inserted 52800/64000 points, avg insert time (ms): 1.962
[Build] Inserted 52900/64000 points, avg insert time (ms): 2.637
[Build] Inserted 53000/64000 points, avg insert time (ms): 2.448
[Build] Inserted 53100/64000 points, avg insert time (ms): 1.804
[Build] Inserted 53200/64000 points, avg insert time (ms): 1.457
[Build] Inserted 53300/64000 points, avg insert time (ms): 0.547
[Build] Inserted 53400/64000 points, avg insert time (ms): 1.809
[Build] Inserted 53500/64000 points, avg insert time (ms): 2.057
[Build] Inserted 53600/64000 points, avg insert time (ms): 2.344
[Build] Inserted 53700/64000 points, avg insert time (ms): 0.979
[Build] Inserted 53800/64000 points, avg insert time (ms): 1.486
[Build] Inserted 53900/64000 points, avg insert time (ms): 1.646
[Build] Inserted 54000/64000 points, avg insert time (ms): 1.285
[Build] Inserted 54100/64000 points, avg insert time (ms): 2.349
[Build] Inserted 54200/64000 points, avg insert time (ms): 1.116
[Build] Inserted 54300/64000 points, avg insert time (ms): 1.656
[Build] Inserted 54400/64000 points, avg insert time (ms): 2.560
[Build] Inserted 54500/64000 points, avg insert time (ms): 1.330
[Build] Inserted 54600/64000 points, avg insert time (ms): 1.808
[Build] Inserted 54700/64000 points, avg insert time (ms): 1.778
[Build] Inserted 54800/64000 points, avg insert time (ms): 1.721
[Build] Inserted 54900/64000 points, avg insert time (ms): 2.610
[Build] Inserted 55000/64000 points, avg insert time (ms): 2.273
[Build] Inserted 55100/64000 points, avg insert time (ms): 1.620
[Build] Inserted 55200/64000 points, avg insert time (ms): 1.617
[Build] Inserted 55300/64000 points, avg insert time (ms): 1.775
[Build] Inserted 55400/64000 points, avg insert time (ms): 1.612
[Build] Inserted 55500/64000 points, avg insert time (ms): 3.390
[Build] Inserted 55600/64000 points, avg insert time (ms): 1.175
[Build] Inserted 55700/64000 points, avg insert time (ms): 2.162
[Build] Inserted 55800/64000 points, avg insert time (ms): 2.156
[Build] Inserted 55900/64000 points, avg insert time (ms): 2.107
[Build] Inserted 56000/64000 points, avg insert time (ms): 0.982
[Build] Inserted 56100/64000 points, avg insert time (ms): 3.013
[Build] Inserted 56200/64000 points, avg insert time (ms): 1.297
[Build] Inserted 56300/64000 points, avg insert time (ms): 2.197
[Build] Inserted 56400/64000 points, avg insert time (ms): 2.573
[Build] Inserted 56500/64000 points, avg insert time (ms): 1.467
[Build] Inserted 56600/64000 points, avg insert time (ms): 2.124
[Build] Inserted 56700/64000 points, avg insert time (ms): 1.865
[Build] Inserted 56800/64000 points, avg insert time (ms): 1.355
[Build] Inserted 56900/64000 points, avg insert time (ms): 1.640
[Build] Inserted 57000/64000 points, avg insert time (ms): 2.803
[Build] Inserted 57100/64000 points, avg insert time (ms): 1.647
[Build] Inserted 57200/64000 points, avg insert time (ms): 2.725
[Build] Inserted 57300/64000 points, avg insert time (ms): 1.112
[Build] Inserted 57400/64000 points, avg insert time (ms): 1.111
[Build] Inserted 57500/64000 points, avg insert time (ms): 1.546
[Build] Inserted 57600/64000 points, avg insert time (ms): 1.405
[Build] Inserted 57700/64000 points, avg insert time (ms): 1.592
[Build] Inserted 57800/64000 points, avg insert time (ms): 1.744
[Build] Inserted 57900/64000 points, avg insert time (ms): 1.471
[Build] Inserted 58000/64000 points, avg insert time (ms): 1.827
[Build] Inserted 58100/64000 points, avg insert time (ms): 1.969
[Build] Inserted 58200/64000 points, avg insert time (ms): 2.197
[Build] Inserted 58300/64000 points, avg insert time (ms): 1.554
[Build] Inserted 58400/64000 points, avg insert time (ms): 1.451
[Build] Inserted 58500/64000 points, avg insert time (ms): 2.287
[Build] Inserted 58600/64000 points, avg insert time (ms): 2.920
[Build] Inserted 58700/64000 points, avg insert time (ms): 1.783
[Build] Inserted 58800/64000 points, avg insert time (ms): 1.749
[Build] Inserted 58900/64000 points, avg insert time (ms): 1.606
[Build] Inserted 59000/64000 points, avg insert time (ms): 1.739
[Build] Inserted 59100/64000 points, avg insert time (ms): 1.494
[Build] Inserted 59200/64000 points, avg insert time (ms): 2.651
[Build] Inserted 59300/64000 points, avg insert time (ms): 1.842
[Build] Inserted 59400/64000 points, avg insert time (ms): 2.805
[Build] Inserted 59500/64000 points, avg insert time (ms): 0.975
[Build] Inserted 59600/64000 points, avg insert time (ms): 1.793
[Build] Inserted 59700/64000 points, avg insert time (ms): 1.573
[Build] Inserted 59800/64000 points, avg insert time (ms): 1.984
[Build] Inserted 59900/64000 points, avg insert time (ms): 2.331
[Build] Inserted 60000/64000 points, avg insert time (ms): 1.458
[Build] Inserted 60100/64000 points, avg insert time (ms): 1.822
[Build] Inserted 60200/64000 points, avg insert time (ms): 1.824
[Build] Inserted 60300/64000 points, avg insert time (ms): 1.937
[Build] Inserted 60400/64000 points, avg insert time (ms): 1.119
[Build] Inserted 60500/64000 points, avg insert time (ms): 1.469
[Build] Inserted 60600/64000 points, avg insert time (ms): 1.602
[Build] Inserted 60700/64000 points, avg insert time (ms): 1.998
[Build] Inserted 60800/64000 points, avg insert time (ms): 1.309
[Build] Inserted 60900/64000 points, avg insert time (ms): 1.146
[Build] Inserted 61000/64000 points, avg insert time (ms): 1.770
[Build] Inserted 61100/64000 points, avg insert time (ms): 1.908
[Build] Inserted 61200/64000 points, avg insert time (ms): 2.770
[Build] Inserted 61300/64000 points, avg insert time (ms): 2.202
[Build] Inserted 61400/64000 points, avg insert time (ms): 1.718
[Build] Inserted 61500/64000 points, avg insert time (ms): 1.582
[Build] Inserted 61600/64000 points, avg insert time (ms): 2.097
[Build] Inserted 61700/64000 points, avg insert time (ms): 2.361
[Build] Inserted 61800/64000 points, avg insert time (ms): -13.607
[Build] Inserted 61900/64000 points, avg insert time (ms): 2.955
[Build] Inserted 62000/64000 points, avg insert time (ms): 2.082
[Build] Inserted 62100/64000 points, avg insert time (ms): 1.573
[Build] Inserted 62200/64000 points, avg insert time (ms): 0.961
[Build] Inserted 62300/64000 points, avg insert time (ms): 2.335
[Build] Inserted 62400/64000 points, avg insert time (ms): 1.642
[Build] Inserted 62500/64000 points, avg insert time (ms): 1.961
[Build] Inserted 62600/64000 points, avg insert time (ms): 2.087
[Build] Inserted 62700/64000 points, avg insert time (ms): 1.915
[Build] Inserted 62800/64000 points, avg insert time (ms): 1.269
[Build] Inserted 62900/64000 points, avg insert time (ms): 2.827
[Build] Inserted 63000/64000 points, avg insert time (ms): 1.934
[Build] Inserted 63100/64000 points, avg insert time (ms): 1.457
[Build] Inserted 63200/64000 points, avg insert time (ms): 2.364
[Build] Inserted 63300/64000 points, avg insert time (ms): 2.118
[Build] Inserted 63400/64000 points, avg insert time (ms): 2.500
[Build] Inserted 63500/64000 points, avg insert time (ms): 2.415
[Build] Inserted 63600/64000 points, avg insert time (ms): 2.000
[Build] Inserted 63700/64000 points, avg insert time (ms): 0.853
[Build] Inserted 63800/64000 points, avg insert time (ms): 2.157
[Build] Inserted 63900/64000 points, avg insert time (ms): 2.185
[Build] Inserted 64000/64000 points, avg insert time (ms): 1.915
[Timing] Total insertion time: 114.66 s
[Build] Starting queries...
[Query] Processed 1/1 queries, avg query time (ms): 61.217
[Timing] Total query time: 0.06 s
[Eval] Computing ground truth top-K...
[Timing] Ground truth (FAISS): 0.00 s (1.876 ms/query)
[Timing] Ground truth computation: 0.83 s
[Eval] Computing recall metrics...
[Timing] Recall evaluation: 0.05 s
[Eval] Computing (c,r)-ANN accuracy...
[Timing] FAISS r* computation: 0.00 s (1.821 ms/query)
[CR-ANN] 1/1 processed, avg time (ann.query): 86.445 ms
[Timing] (c,r)-ANN eval: 0.09 s (86.931 ms/query)
[Sanity Check] Total Relevant = 1
[Timing] (c,r)-ANN evaluation: 0.12 s
[Result] Memory breakdown (MB): {'hash_functions_MB': 15.95123291015625, 'bucket_ids_MB': 36.15917205810547, 'num_ids': 9478910, 'num_buckets': 725426, 'hash_tables_overhead_MB': 60.88017272949219, 'total_MB': 112.9905776977539}
[Result] Epsilon-recall: 1.0000
[Result] (c,r)-ANN accuracy: 1.0000

[Timing Summary]
  Insert phase: 114.66 s
  Query phase: 0.06 s
  Ground truth: 0.83 s
  Recall eval: 0.05 s
  (c,r)-ANN eval: 0.12 s
  Total time: 115.72 s
[SUMMARY] r=1.0, eps=0.5, eta=0.2, recall=1.0000, (c,r)-ANN accuracy=1.0, memory=112.9905776977539
