[Init] Inputs : eta=0.30, epsilon=0.50, r=1.00
[Init] LSH Parameters : w=3.154, p1=0.7472, p2=0.6267, rho=0.6236
[Init] Data Structure Parameters : k=24, L=1330, key_bits=768, mode=speed
[Build] Starting insertion...
[Build] Inserted 100/64000 points, avg insert time (ms): 0.001
[Build] Inserted 200/64000 points, avg insert time (ms): 1.353
[Build] Inserted 300/64000 points, avg insert time (ms): 0.566
[Build] Inserted 400/64000 points, avg insert time (ms): 0.950
[Build] Inserted 500/64000 points, avg insert time (ms): 0.372
[Build] Inserted 600/64000 points, avg insert time (ms): 0.571
[Build] Inserted 700/64000 points, avg insert time (ms): 0.933
[Build] Inserted 800/64000 points, avg insert time (ms): 0.191
[Build] Inserted 900/64000 points, avg insert time (ms): 0.576
[Build] Inserted 1000/64000 points, avg insert time (ms): 0.956
[Build] Inserted 1100/64000 points, avg insert time (ms): 0.377
[Build] Inserted 1200/64000 points, avg insert time (ms): 0.565
[Build] Inserted 1300/64000 points, avg insert time (ms): 0.374
[Build] Inserted 1400/64000 points, avg insert time (ms): 0.561
[Build] Inserted 1500/64000 points, avg insert time (ms): 0.194
[Build] Inserted 1600/64000 points, avg insert time (ms): 0.754
[Build] Inserted 1700/64000 points, avg insert time (ms): 1.527
[Build] Inserted 1800/64000 points, avg insert time (ms): 0.387
[Build] Inserted 1900/64000 points, avg insert time (ms): 0.965
[Build] Inserted 2000/64000 points, avg insert time (ms): 0.573
[Build] Inserted 2100/64000 points, avg insert time (ms): 0.390
[Build] Inserted 2200/64000 points, avg insert time (ms): 0.976
[Build] Inserted 2300/64000 points, avg insert time (ms): 1.138
[Build] Inserted 2400/64000 points, avg insert time (ms): 0.749
[Build] Inserted 2500/64000 points, avg insert time (ms): 1.151
[Build] Inserted 2600/64000 points, avg insert time (ms): 0.794
[Build] Inserted 2700/64000 points, avg insert time (ms): 0.572
[Build] Inserted 2800/64000 points, avg insert time (ms): 0.973
[Build] Inserted 2900/64000 points, avg insert time (ms): 0.379
[Build] Inserted 3000/64000 points, avg insert time (ms): 0.372
[Build] Inserted 3100/64000 points, avg insert time (ms): 0.203
[Build] Inserted 3200/64000 points, avg insert time (ms): 0.860
[Build] Inserted 3300/64000 points, avg insert time (ms): 0.582
[Build] Inserted 3400/64000 points, avg insert time (ms): 1.781
[Build] Inserted 3500/64000 points, avg insert time (ms): 0.565
[Build] Inserted 3600/64000 points, avg insert time (ms): 0.780
[Build] Inserted 3700/64000 points, avg insert time (ms): 0.409
[Build] Inserted 3800/64000 points, avg insert time (ms): 0.569
[Build] Inserted 3900/64000 points, avg insert time (ms): 0.630
[Build] Inserted 4000/64000 points, avg insert time (ms): 1.043
[Build] Inserted 4100/64000 points, avg insert time (ms): 0.403
[Build] Inserted 4200/64000 points, avg insert time (ms): 0.382
[Build] Inserted 4300/64000 points, avg insert time (ms): 0.982
[Build] Inserted 4400/64000 points, avg insert time (ms): 1.333
[Build] Inserted 4500/64000 points, avg insert time (ms): 1.323
[Build] Inserted 4600/64000 points, avg insert time (ms): 0.192
[Build] Inserted 4700/64000 points, avg insert time (ms): 1.123
[Build] Inserted 4800/64000 points, avg insert time (ms): 0.372
[Build] Inserted 4900/64000 points, avg insert time (ms): 1.472
[Build] Inserted 5000/64000 points, avg insert time (ms): 0.769
[Build] Inserted 5100/64000 points, avg insert time (ms): 0.953
[Build] Inserted 5200/64000 points, avg insert time (ms): 0.408
[Build] Inserted 5300/64000 points, avg insert time (ms): 0.931
[Build] Inserted 5400/64000 points, avg insert time (ms): 1.349
[Build] Inserted 5500/64000 points, avg insert time (ms): 0.714
[Build] Inserted 5600/64000 points, avg insert time (ms): 1.305
[Build] Inserted 5700/64000 points, avg insert time (ms): 0.989
[Build] Inserted 5800/64000 points, avg insert time (ms): 1.350
[Build] Inserted 5900/64000 points, avg insert time (ms): 1.995
[Build] Inserted 6000/64000 points, avg insert time (ms): 1.584
[Build] Inserted 6100/64000 points, avg insert time (ms): 0.001
[Build] Inserted 6200/64000 points, avg insert time (ms): 1.216
[Build] Inserted 6300/64000 points, avg insert time (ms): 0.447
[Build] Inserted 6400/64000 points, avg insert time (ms): 1.681
[Build] Inserted 6500/64000 points, avg insert time (ms): 1.196
[Build] Inserted 6600/64000 points, avg insert time (ms): 1.001
[Build] Inserted 6700/64000 points, avg insert time (ms): 0.920
[Build] Inserted 6800/64000 points, avg insert time (ms): 0.901
[Build] Inserted 6900/64000 points, avg insert time (ms): 0.881
[Build] Inserted 7000/64000 points, avg insert time (ms): 1.393
[Build] Inserted 7100/64000 points, avg insert time (ms): 1.570
[Build] Inserted 7200/64000 points, avg insert time (ms): 1.873
[Build] Inserted 7300/64000 points, avg insert time (ms): 0.425
[Build] Inserted 7400/64000 points, avg insert time (ms): 0.846
[Build] Inserted 7500/64000 points, avg insert time (ms): 0.985
[Build] Inserted 7600/64000 points, avg insert time (ms): 0.688
[Build] Inserted 7700/64000 points, avg insert time (ms): 1.362
[Build] Inserted 7800/64000 points, avg insert time (ms): 0.624
[Build] Inserted 7900/64000 points, avg insert time (ms): 1.007
[Build] Inserted 8000/64000 points, avg insert time (ms): 1.332
[Build] Inserted 8100/64000 points, avg insert time (ms): 0.398
[Build] Inserted 8200/64000 points, avg insert time (ms): 1.028
[Build] Inserted 8300/64000 points, avg insert time (ms): 0.623
[Build] Inserted 8400/64000 points, avg insert time (ms): 1.264
[Build] Inserted 8500/64000 points, avg insert time (ms): 1.167
[Build] Inserted 8600/64000 points, avg insert time (ms): 0.988
[Build] Inserted 8700/64000 points, avg insert time (ms): 0.412
[Build] Inserted 8800/64000 points, avg insert time (ms): 0.892
[Build] Inserted 8900/64000 points, avg insert time (ms): 1.142
[Build] Inserted 9000/64000 points, avg insert time (ms): 1.142
[Build] Inserted 9100/64000 points, avg insert time (ms): 0.983
[Build] Inserted 9200/64000 points, avg insert time (ms): 0.964
[Build] Inserted 9300/64000 points, avg insert time (ms): 1.020
[Build] Inserted 9400/64000 points, avg insert time (ms): 0.942
[Build] Inserted 9500/64000 points, avg insert time (ms): 1.085
[Build] Inserted 9600/64000 points, avg insert time (ms): 0.451
[Build] Inserted 9700/64000 points, avg insert time (ms): 1.534
[Build] Inserted 9800/64000 points, avg insert time (ms): 0.472
[Build] Inserted 9900/64000 points, avg insert time (ms): 1.549
[Build] Inserted 10000/64000 points, avg insert time (ms): 0.906
[Build] Inserted 10100/64000 points, avg insert time (ms): 0.442
[Build] Inserted 10200/64000 points, avg insert time (ms): 0.619
[Build] Inserted 10300/64000 points, avg insert time (ms): 0.230
[Build] Inserted 10400/64000 points, avg insert time (ms): 2.027
[Build] Inserted 10500/64000 points, avg insert time (ms): 1.567
[Build] Inserted 10600/64000 points, avg insert time (ms): 1.384
[Build] Inserted 10700/64000 points, avg insert time (ms): 0.634
[Build] Inserted 10800/64000 points, avg insert time (ms): 0.848
[Build] Inserted 10900/64000 points, avg insert time (ms): 0.001
[Build] Inserted 11000/64000 points, avg insert time (ms): 0.814
[Build] Inserted 11100/64000 points, avg insert time (ms): 0.407
[Build] Inserted 11200/64000 points, avg insert time (ms): 0.434
[Build] Inserted 11300/64000 points, avg insert time (ms): 0.638
[Build] Inserted 11400/64000 points, avg insert time (ms): 0.998
[Build] Inserted 11500/64000 points, avg insert time (ms): 0.992
[Build] Inserted 11600/64000 points, avg insert time (ms): 0.529
[Build] Inserted 11700/64000 points, avg insert time (ms): 0.965
[Build] Inserted 11800/64000 points, avg insert time (ms): 1.732
[Build] Inserted 11900/64000 points, avg insert time (ms): 0.001
[Build] Inserted 12000/64000 points, avg insert time (ms): 0.231
[Build] Inserted 12100/64000 points, avg insert time (ms): 0.428
[Build] Inserted 12200/64000 points, avg insert time (ms): 0.622
[Build] Inserted 12300/64000 points, avg insert time (ms): 1.288
[Build] Inserted 12400/64000 points, avg insert time (ms): 0.663
[Build] Inserted 12500/64000 points, avg insert time (ms): 0.610
[Build] Inserted 12600/64000 points, avg insert time (ms): 1.184
[Build] Inserted 12700/64000 points, avg insert time (ms): 0.801
[Build] Inserted 12800/64000 points, avg insert time (ms): 0.953
[Build] Inserted 12900/64000 points, avg insert time (ms): 0.408
[Build] Inserted 13000/64000 points, avg insert time (ms): 0.624
[Build] Inserted 13100/64000 points, avg insert time (ms): 0.794
[Build] Inserted 13200/64000 points, avg insert time (ms): 1.017
[Build] Inserted 13300/64000 points, avg insert time (ms): 1.577
[Build] Inserted 13400/64000 points, avg insert time (ms): 0.485
[Build] Inserted 13500/64000 points, avg insert time (ms): 0.873
[Build] Inserted 13600/64000 points, avg insert time (ms): 0.801
[Build] Inserted 13700/64000 points, avg insert time (ms): 1.359
[Build] Inserted 13800/64000 points, avg insert time (ms): 0.540
[Build] Inserted 13900/64000 points, avg insert time (ms): 0.782
[Build] Inserted 14000/64000 points, avg insert time (ms): 0.861
[Build] Inserted 14100/64000 points, avg insert time (ms): 0.580
[Build] Inserted 14200/64000 points, avg insert time (ms): 0.416
[Build] Inserted 14300/64000 points, avg insert time (ms): 0.909
[Build] Inserted 14400/64000 points, avg insert time (ms): 1.081
[Build] Inserted 14500/64000 points, avg insert time (ms): 0.404
[Build] Inserted 14600/64000 points, avg insert time (ms): 0.595
[Build] Inserted 14700/64000 points, avg insert time (ms): 0.406
[Build] Inserted 14800/64000 points, avg insert time (ms): 1.270
[Build] Inserted 14900/64000 points, avg insert time (ms): 0.999
[Build] Inserted 15000/64000 points, avg insert time (ms): 1.923
[Build] Inserted 15100/64000 points, avg insert time (ms): 0.430
[Build] Inserted 15200/64000 points, avg insert time (ms): 0.433
[Build] Inserted 15300/64000 points, avg insert time (ms): 0.969
[Build] Inserted 15400/64000 points, avg insert time (ms): 0.822
[Build] Inserted 15500/64000 points, avg insert time (ms): 1.072
[Build] Inserted 15600/64000 points, avg insert time (ms): 0.817
[Build] Inserted 15700/64000 points, avg insert time (ms): 0.200
[Build] Inserted 15800/64000 points, avg insert time (ms): 1.157
[Build] Inserted 15900/64000 points, avg insert time (ms): 1.326
[Build] Inserted 16000/64000 points, avg insert time (ms): 0.985
[Build] Inserted 16100/64000 points, avg insert time (ms): 0.417
[Build] Inserted 16200/64000 points, avg insert time (ms): 0.413
[Build] Inserted 16300/64000 points, avg insert time (ms): 0.606
[Build] Inserted 16400/64000 points, avg insert time (ms): 0.960
[Build] Inserted 16500/64000 points, avg insert time (ms): 0.780
[Build] Inserted 16600/64000 points, avg insert time (ms): 0.582
[Build] Inserted 16700/64000 points, avg insert time (ms): 0.392
[Build] Inserted 16800/64000 points, avg insert time (ms): 0.400
[Build] Inserted 16900/64000 points, avg insert time (ms): 0.959
[Build] Inserted 17000/64000 points, avg insert time (ms): 0.784
[Build] Inserted 17100/64000 points, avg insert time (ms): 0.211
[Build] Inserted 17200/64000 points, avg insert time (ms): 0.409
[Build] Inserted 17300/64000 points, avg insert time (ms): 0.805
[Build] Inserted 17400/64000 points, avg insert time (ms): 0.791
[Build] Inserted 17500/64000 points, avg insert time (ms): 0.603
[Build] Inserted 17600/64000 points, avg insert time (ms): 1.571
[Build] Inserted 17700/64000 points, avg insert time (ms): 0.594
[Build] Inserted 17800/64000 points, avg insert time (ms): 0.318
[Build] Inserted 17900/64000 points, avg insert time (ms): 0.728
[Build] Inserted 18000/64000 points, avg insert time (ms): 0.608
[Build] Inserted 18100/64000 points, avg insert time (ms): 0.388
[Build] Inserted 18200/64000 points, avg insert time (ms): 0.803
[Build] Inserted 18300/64000 points, avg insert time (ms): 1.157
[Build] Inserted 18400/64000 points, avg insert time (ms): 0.381
[Build] Inserted 18500/64000 points, avg insert time (ms): 1.031
[Build] Inserted 18600/64000 points, avg insert time (ms): 0.440
[Build] Inserted 18700/64000 points, avg insert time (ms): 0.790
[Build] Inserted 18800/64000 points, avg insert time (ms): 0.001
[Build] Inserted 18900/64000 points, avg insert time (ms): 0.195
[Build] Inserted 19000/64000 points, avg insert time (ms): 0.596
[Build] Inserted 19100/64000 points, avg insert time (ms): 1.945
[Build] Inserted 19200/64000 points, avg insert time (ms): 1.009
[Build] Inserted 19300/64000 points, avg insert time (ms): 0.402
[Build] Inserted 19400/64000 points, avg insert time (ms): 0.413
[Build] Inserted 19500/64000 points, avg insert time (ms): 0.422
[Build] Inserted 19600/64000 points, avg insert time (ms): 1.395
[Build] Inserted 19700/64000 points, avg insert time (ms): 0.413
[Build] Inserted 19800/64000 points, avg insert time (ms): 0.917
[Build] Inserted 19900/64000 points, avg insert time (ms): 0.743
[Build] Inserted 20000/64000 points, avg insert time (ms): 1.012
[Build] Inserted 20100/64000 points, avg insert time (ms): 0.781
[Build] Inserted 20200/64000 points, avg insert time (ms): 0.782
[Build] Inserted 20300/64000 points, avg insert time (ms): 0.770
[Build] Inserted 20400/64000 points, avg insert time (ms): 0.380
[Build] Inserted 20500/64000 points, avg insert time (ms): 0.380
[Build] Inserted 20600/64000 points, avg insert time (ms): 1.171
[Build] Inserted 20700/64000 points, avg insert time (ms): 0.944
[Build] Inserted 20800/64000 points, avg insert time (ms): 0.755
[Build] Inserted 20900/64000 points, avg insert time (ms): 0.203
[Build] Inserted 21000/64000 points, avg insert time (ms): 0.399
[Build] Inserted 21100/64000 points, avg insert time (ms): 0.779
[Build] Inserted 21200/64000 points, avg insert time (ms): 0.936
[Build] Inserted 21300/64000 points, avg insert time (ms): 0.380
[Build] Inserted 21400/64000 points, avg insert time (ms): 0.599
[Build] Inserted 21500/64000 points, avg insert time (ms): 0.595
[Build] Inserted 21600/64000 points, avg insert time (ms): 0.579
[Build] Inserted 21700/64000 points, avg insert time (ms): 0.001
[Build] Inserted 21800/64000 points, avg insert time (ms): 0.427
[Build] Inserted 21900/64000 points, avg insert time (ms): 0.793
[Build] Inserted 22000/64000 points, avg insert time (ms): 0.404
[Build] Inserted 22100/64000 points, avg insert time (ms): 0.590
[Build] Inserted 22200/64000 points, avg insert time (ms): 0.798
[Build] Inserted 22300/64000 points, avg insert time (ms): 0.596
[Build] Inserted 22400/64000 points, avg insert time (ms): 0.633
[Build] Inserted 22500/64000 points, avg insert time (ms): 0.589
[Build] Inserted 22600/64000 points, avg insert time (ms): 0.573
[Build] Inserted 22700/64000 points, avg insert time (ms): 1.128
[Build] Inserted 22800/64000 points, avg insert time (ms): 0.564
[Build] Inserted 22900/64000 points, avg insert time (ms): 1.143
[Build] Inserted 23000/64000 points, avg insert time (ms): 0.381
[Build] Inserted 23100/64000 points, avg insert time (ms): 0.787
[Build] Inserted 23200/64000 points, avg insert time (ms): 1.183
[Build] Inserted 23300/64000 points, avg insert time (ms): 1.840
[Build] Inserted 23400/64000 points, avg insert time (ms): 0.403
[Build] Inserted 23500/64000 points, avg insert time (ms): 1.581
[Build] Inserted 23600/64000 points, avg insert time (ms): 0.198
[Build] Inserted 23700/64000 points, avg insert time (ms): 0.382
[Build] Inserted 23800/64000 points, avg insert time (ms): 0.198
[Build] Inserted 23900/64000 points, avg insert time (ms): 0.779
[Build] Inserted 24000/64000 points, avg insert time (ms): 0.773
[Build] Inserted 24100/64000 points, avg insert time (ms): 0.187
[Build] Inserted 24200/64000 points, avg insert time (ms): 0.963
[Build] Inserted 24300/64000 points, avg insert time (ms): 0.398
[Build] Inserted 24400/64000 points, avg insert time (ms): 1.186
[Build] Inserted 24500/64000 points, avg insert time (ms): 0.969
[Build] Inserted 24600/64000 points, avg insert time (ms): 0.583
[Build] Inserted 24700/64000 points, avg insert time (ms): 0.197
[Build] Inserted 24800/64000 points, avg insert time (ms): 0.197
[Build] Inserted 24900/64000 points, avg insert time (ms): 0.812
[Build] Inserted 25000/64000 points, avg insert time (ms): 0.584
[Build] Inserted 25100/64000 points, avg insert time (ms): 1.349
[Build] Inserted 25200/64000 points, avg insert time (ms): 0.980
[Build] Inserted 25300/64000 points, avg insert time (ms): 0.598
[Build] Inserted 25400/64000 points, avg insert time (ms): 0.408
[Build] Inserted 25500/64000 points, avg insert time (ms): 1.019
[Build] Inserted 25600/64000 points, avg insert time (ms): 1.620
[Build] Inserted 25700/64000 points, avg insert time (ms): 0.796
[Build] Inserted 25800/64000 points, avg insert time (ms): 1.623
[Build] Inserted 25900/64000 points, avg insert time (ms): 0.636
[Build] Inserted 26000/64000 points, avg insert time (ms): 0.581
[Build] Inserted 26100/64000 points, avg insert time (ms): 0.779
[Build] Inserted 26200/64000 points, avg insert time (ms): 0.970
[Build] Inserted 26300/64000 points, avg insert time (ms): 0.591
[Build] Inserted 26400/64000 points, avg insert time (ms): 0.636
[Build] Inserted 26500/64000 points, avg insert time (ms): 0.830
[Build] Inserted 26600/64000 points, avg insert time (ms): 0.993
[Build] Inserted 26700/64000 points, avg insert time (ms): 0.585
[Build] Inserted 26800/64000 points, avg insert time (ms): 0.398
[Build] Inserted 26900/64000 points, avg insert time (ms): 1.288
[Build] Inserted 27000/64000 points, avg insert time (ms): 0.959
[Build] Inserted 27100/64000 points, avg insert time (ms): 0.579
[Build] Inserted 27200/64000 points, avg insert time (ms): 0.393
[Build] Inserted 27300/64000 points, avg insert time (ms): 0.585
[Build] Inserted 27400/64000 points, avg insert time (ms): 0.961
[Build] Inserted 27500/64000 points, avg insert time (ms): 0.570
[Build] Inserted 27600/64000 points, avg insert time (ms): 0.795
[Build] Inserted 27700/64000 points, avg insert time (ms): 0.800
[Build] Inserted 27800/64000 points, avg insert time (ms): 0.820
[Build] Inserted 27900/64000 points, avg insert time (ms): 1.699
[Build] Inserted 28000/64000 points, avg insert time (ms): 1.347
[Build] Inserted 28100/64000 points, avg insert time (ms): 0.597
[Build] Inserted 28200/64000 points, avg insert time (ms): 0.994
[Build] Inserted 28300/64000 points, avg insert time (ms): 0.569
[Build] Inserted 28400/64000 points, avg insert time (ms): 0.983
[Build] Inserted 28500/64000 points, avg insert time (ms): 0.395
[Build] Inserted 28600/64000 points, avg insert time (ms): 0.372
[Build] Inserted 28700/64000 points, avg insert time (ms): 0.779
[Build] Inserted 28800/64000 points, avg insert time (ms): 0.380
[Build] Inserted 28900/64000 points, avg insert time (ms): 0.577
[Build] Inserted 29000/64000 points, avg insert time (ms): 0.754
[Build] Inserted 29100/64000 points, avg insert time (ms): 0.764
[Build] Inserted 29200/64000 points, avg insert time (ms): 1.015
[Build] Inserted 29300/64000 points, avg insert time (ms): 1.290
[Build] Inserted 29400/64000 points, avg insert time (ms): 0.386
[Build] Inserted 29500/64000 points, avg insert time (ms): 0.939
[Build] Inserted 29600/64000 points, avg insert time (ms): 0.770
[Build] Inserted 29700/64000 points, avg insert time (ms): 0.777
[Build] Inserted 29800/64000 points, avg insert time (ms): 0.001
[Build] Inserted 29900/64000 points, avg insert time (ms): 1.205
[Build] Inserted 30000/64000 points, avg insert time (ms): 0.203
[Build] Inserted 30100/64000 points, avg insert time (ms): 1.186
[Build] Inserted 30200/64000 points, avg insert time (ms): 0.592
[Build] Inserted 30300/64000 points, avg insert time (ms): 0.199
[Build] Inserted 30400/64000 points, avg insert time (ms): 0.384
[Build] Inserted 30500/64000 points, avg insert time (ms): 0.392
[Build] Inserted 30600/64000 points, avg insert time (ms): 0.394
[Build] Inserted 30700/64000 points, avg insert time (ms): 0.602
[Build] Inserted 30800/64000 points, avg insert time (ms): 0.587
[Build] Inserted 30900/64000 points, avg insert time (ms): 0.793
[Build] Inserted 31000/64000 points, avg insert time (ms): 0.770
[Build] Inserted 31100/64000 points, avg insert time (ms): 0.622
[Build] Inserted 31200/64000 points, avg insert time (ms): 1.171
[Build] Inserted 31300/64000 points, avg insert time (ms): 0.784
[Build] Inserted 31400/64000 points, avg insert time (ms): 0.831
[Build] Inserted 31500/64000 points, avg insert time (ms): 1.491
[Build] Inserted 31600/64000 points, avg insert time (ms): 0.793
[Build] Inserted 31700/64000 points, avg insert time (ms): 0.774
[Build] Inserted 31800/64000 points, avg insert time (ms): 1.356
[Build] Inserted 31900/64000 points, avg insert time (ms): 0.845
[Build] Inserted 32000/64000 points, avg insert time (ms): 0.610
[Build] Inserted 32100/64000 points, avg insert time (ms): 0.799
[Build] Inserted 32200/64000 points, avg insert time (ms): 0.808
[Build] Inserted 32300/64000 points, avg insert time (ms): 0.796
[Build] Inserted 32400/64000 points, avg insert time (ms): 0.567
[Build] Inserted 32500/64000 points, avg insert time (ms): 0.566
[Build] Inserted 32600/64000 points, avg insert time (ms): 0.590
[Build] Inserted 32700/64000 points, avg insert time (ms): 0.764
[Build] Inserted 32800/64000 points, avg insert time (ms): 0.785
[Build] Inserted 32900/64000 points, avg insert time (ms): 0.788
[Build] Inserted 33000/64000 points, avg insert time (ms): 0.810
[Build] Inserted 33100/64000 points, avg insert time (ms): 0.581
[Build] Inserted 33200/64000 points, avg insert time (ms): 1.592
[Build] Inserted 33300/64000 points, avg insert time (ms): 1.063
[Build] Inserted 33400/64000 points, avg insert time (ms): 0.387
[Build] Inserted 33500/64000 points, avg insert time (ms): 0.832
[Build] Inserted 33600/64000 points, avg insert time (ms): 0.989
[Build] Inserted 33700/64000 points, avg insert time (ms): 0.501
[Build] Inserted 33800/64000 points, avg insert time (ms): 0.828
[Build] Inserted 33900/64000 points, avg insert time (ms): 0.001
[Build] Inserted 34000/64000 points, avg insert time (ms): 0.202
[Build] Inserted 34100/64000 points, avg insert time (ms): 0.203
[Build] Inserted 34200/64000 points, avg insert time (ms): 0.792
[Build] Inserted 34300/64000 points, avg insert time (ms): 0.569
[Build] Inserted 34400/64000 points, avg insert time (ms): 0.574
[Build] Inserted 34500/64000 points, avg insert time (ms): 0.812
[Build] Inserted 34600/64000 points, avg insert time (ms): 0.001
[Build] Inserted 34700/64000 points, avg insert time (ms): 0.001
[Build] Inserted 34800/64000 points, avg insert time (ms): 0.797
[Build] Inserted 34900/64000 points, avg insert time (ms): 1.025
[Build] Inserted 35000/64000 points, avg insert time (ms): 1.170
[Build] Inserted 35100/64000 points, avg insert time (ms): 0.396
[Build] Inserted 35200/64000 points, avg insert time (ms): 0.794
[Build] Inserted 35300/64000 points, avg insert time (ms): 0.987
[Build] Inserted 35400/64000 points, avg insert time (ms): 0.975
[Build] Inserted 35500/64000 points, avg insert time (ms): 0.585
[Build] Inserted 35600/64000 points, avg insert time (ms): 1.007
[Build] Inserted 35700/64000 points, avg insert time (ms): 0.394
[Build] Inserted 35800/64000 points, avg insert time (ms): 0.983
[Build] Inserted 35900/64000 points, avg insert time (ms): 0.778
[Build] Inserted 36000/64000 points, avg insert time (ms): 0.645
[Build] Inserted 36100/64000 points, avg insert time (ms): 0.229
[Build] Inserted 36200/64000 points, avg insert time (ms): 0.913
[Build] Inserted 36300/64000 points, avg insert time (ms): 0.212
[Build] Inserted 36400/64000 points, avg insert time (ms): 1.590
[Build] Inserted 36500/64000 points, avg insert time (ms): 1.687
[Build] Inserted 36600/64000 points, avg insert time (ms): 0.406
[Build] Inserted 36700/64000 points, avg insert time (ms): 0.828
[Build] Inserted 36800/64000 points, avg insert time (ms): 0.839
[Build] Inserted 36900/64000 points, avg insert time (ms): 0.834
[Build] Inserted 37000/64000 points, avg insert time (ms): 0.405
[Build] Inserted 37100/64000 points, avg insert time (ms): 1.459
[Build] Inserted 37200/64000 points, avg insert time (ms): -14.738
[Build] Inserted 37300/64000 points, avg insert time (ms): 0.434
[Build] Inserted 37400/64000 points, avg insert time (ms): 1.111
[Build] Inserted 37500/64000 points, avg insert time (ms): 0.221
[Build] Inserted 37600/64000 points, avg insert time (ms): 0.895
[Build] Inserted 37700/64000 points, avg insert time (ms): 1.561
[Build] Inserted 37800/64000 points, avg insert time (ms): 0.832
[Build] Inserted 37900/64000 points, avg insert time (ms): 1.018
[Build] Inserted 38000/64000 points, avg insert time (ms): 0.001
[Build] Inserted 38100/64000 points, avg insert time (ms): 1.100
[Build] Inserted 38200/64000 points, avg insert time (ms): 1.642
[Build] Inserted 38300/64000 points, avg insert time (ms): 0.419
[Build] Inserted 38400/64000 points, avg insert time (ms): 0.251
[Build] Inserted 38500/64000 points, avg insert time (ms): 0.232
[Build] Inserted 38600/64000 points, avg insert time (ms): 0.902
[Build] Inserted 38700/64000 points, avg insert time (ms): 0.220
[Build] Inserted 38800/64000 points, avg insert time (ms): 1.188
[Build] Inserted 38900/64000 points, avg insert time (ms): 0.668
[Build] Inserted 39000/64000 points, avg insert time (ms): 0.699
[Build] Inserted 39100/64000 points, avg insert time (ms): 1.411
[Build] Inserted 39200/64000 points, avg insert time (ms): 0.443
[Build] Inserted 39300/64000 points, avg insert time (ms): 0.455
[Build] Inserted 39400/64000 points, avg insert time (ms): 0.674
[Build] Inserted 39500/64000 points, avg insert time (ms): 0.638
[Build] Inserted 39600/64000 points, avg insert time (ms): 1.022
[Build] Inserted 39700/64000 points, avg insert time (ms): 0.202
[Build] Inserted 39800/64000 points, avg insert time (ms): 1.072
[Build] Inserted 39900/64000 points, avg insert time (ms): 0.836
[Build] Inserted 40000/64000 points, avg insert time (ms): 0.599
[Build] Inserted 40100/64000 points, avg insert time (ms): 0.818
[Build] Inserted 40200/64000 points, avg insert time (ms): 0.001
[Build] Inserted 40300/64000 points, avg insert time (ms): 0.406
[Build] Inserted 40400/64000 points, avg insert time (ms): 0.250
[Build] Inserted 40500/64000 points, avg insert time (ms): 1.024
[Build] Inserted 40600/64000 points, avg insert time (ms): 0.682
[Build] Inserted 40700/64000 points, avg insert time (ms): 0.876
[Build] Inserted 40800/64000 points, avg insert time (ms): 1.265
[Build] Inserted 40900/64000 points, avg insert time (ms): 2.069
[Build] Inserted 41000/64000 points, avg insert time (ms): 0.615
[Build] Inserted 41100/64000 points, avg insert time (ms): 0.417
[Build] Inserted 41200/64000 points, avg insert time (ms): 0.832
[Build] Inserted 41300/64000 points, avg insert time (ms): 0.957
[Build] Inserted 41400/64000 points, avg insert time (ms): 0.620
[Build] Inserted 41500/64000 points, avg insert time (ms): 0.612
[Build] Inserted 41600/64000 points, avg insert time (ms): 1.068
[Build] Inserted 41700/64000 points, avg insert time (ms): 0.959
[Build] Inserted 41800/64000 points, avg insert time (ms): 0.417
[Build] Inserted 41900/64000 points, avg insert time (ms): 0.754
[Build] Inserted 42000/64000 points, avg insert time (ms): 1.699
[Build] Inserted 42100/64000 points, avg insert time (ms): 1.258
[Build] Inserted 42200/64000 points, avg insert time (ms): 1.762
[Build] Inserted 42300/64000 points, avg insert time (ms): 1.436
[Build] Inserted 42400/64000 points, avg insert time (ms): 0.729
[Build] Inserted 42500/64000 points, avg insert time (ms): 0.813
[Build] Inserted 42600/64000 points, avg insert time (ms): 0.627
[Build] Inserted 42700/64000 points, avg insert time (ms): 0.209
[Build] Inserted 42800/64000 points, avg insert time (ms): 1.044
[Build] Inserted 42900/64000 points, avg insert time (ms): 0.982
[Build] Inserted 43000/64000 points, avg insert time (ms): 0.805
[Build] Inserted 43100/64000 points, avg insert time (ms): 0.845
[Build] Inserted 43200/64000 points, avg insert time (ms): 0.400
[Build] Inserted 43300/64000 points, avg insert time (ms): 0.201
[Build] Inserted 43400/64000 points, avg insert time (ms): 0.394
[Build] Inserted 43500/64000 points, avg insert time (ms): 0.983
[Build] Inserted 43600/64000 points, avg insert time (ms): 0.318
[Build] Inserted 43700/64000 points, avg insert time (ms): 0.203
[Build] Inserted 43800/64000 points, avg insert time (ms): 1.234
[Build] Inserted 43900/64000 points, avg insert time (ms): 0.410
[Build] Inserted 44000/64000 points, avg insert time (ms): 1.197
[Build] Inserted 44100/64000 points, avg insert time (ms): 0.574
[Build] Inserted 44200/64000 points, avg insert time (ms): 1.654
[Build] Inserted 44300/64000 points, avg insert time (ms): 0.606
[Build] Inserted 44400/64000 points, avg insert time (ms): 0.589
[Build] Inserted 44500/64000 points, avg insert time (ms): 0.989
[Build] Inserted 44600/64000 points, avg insert time (ms): 1.006
[Build] Inserted 44700/64000 points, avg insert time (ms): 0.463
[Build] Inserted 44800/64000 points, avg insert time (ms): 0.595
[Build] Inserted 44900/64000 points, avg insert time (ms): 0.267
[Build] Inserted 45000/64000 points, avg insert time (ms): 0.973
[Build] Inserted 45100/64000 points, avg insert time (ms): 1.131
[Build] Inserted 45200/64000 points, avg insert time (ms): 1.165
[Build] Inserted 45300/64000 points, avg insert time (ms): 0.203
[Build] Inserted 45400/64000 points, avg insert time (ms): 1.395
[Build] Inserted 45500/64000 points, avg insert time (ms): 0.395
[Build] Inserted 45600/64000 points, avg insert time (ms): 0.798
[Build] Inserted 45700/64000 points, avg insert time (ms): 0.829
[Build] Inserted 45800/64000 points, avg insert time (ms): 1.228
[Build] Inserted 45900/64000 points, avg insert time (ms): 1.214
[Build] Inserted 46000/64000 points, avg insert time (ms): 0.205
[Build] Inserted 46100/64000 points, avg insert time (ms): 0.404
[Build] Inserted 46200/64000 points, avg insert time (ms): 0.206
[Build] Inserted 46300/64000 points, avg insert time (ms): 1.006
[Build] Inserted 46400/64000 points, avg insert time (ms): 0.583
[Build] Inserted 46500/64000 points, avg insert time (ms): 1.201
[Build] Inserted 46600/64000 points, avg insert time (ms): 0.966
[Build] Inserted 46700/64000 points, avg insert time (ms): 0.424
[Build] Inserted 46800/64000 points, avg insert time (ms): 0.393
[Build] Inserted 46900/64000 points, avg insert time (ms): 0.755
[Build] Inserted 47000/64000 points, avg insert time (ms): 1.367
[Build] Inserted 47100/64000 points, avg insert time (ms): 1.179
[Build] Inserted 47200/64000 points, avg insert time (ms): 0.201
[Build] Inserted 47300/64000 points, avg insert time (ms): 1.132
[Build] Inserted 47400/64000 points, avg insert time (ms): 0.780
[Build] Inserted 47500/64000 points, avg insert time (ms): 1.242
[Build] Inserted 47600/64000 points, avg insert time (ms): 0.636
[Build] Inserted 47700/64000 points, avg insert time (ms): 0.001
[Build] Inserted 47800/64000 points, avg insert time (ms): 1.003
[Build] Inserted 47900/64000 points, avg insert time (ms): 0.801
[Build] Inserted 48000/64000 points, avg insert time (ms): 1.184
[Build] Inserted 48100/64000 points, avg insert time (ms): 1.017
[Build] Inserted 48200/64000 points, avg insert time (ms): 1.064
[Build] Inserted 48300/64000 points, avg insert time (ms): 0.797
[Build] Inserted 48400/64000 points, avg insert time (ms): 0.589
[Build] Inserted 48500/64000 points, avg insert time (ms): 0.392
[Build] Inserted 48600/64000 points, avg insert time (ms): 0.798
[Build] Inserted 48700/64000 points, avg insert time (ms): 0.199
[Build] Inserted 48800/64000 points, avg insert time (ms): 1.426
[Build] Inserted 48900/64000 points, avg insert time (ms): 1.005
[Build] Inserted 49000/64000 points, avg insert time (ms): 0.210
[Build] Inserted 49100/64000 points, avg insert time (ms): 0.996
[Build] Inserted 49200/64000 points, avg insert time (ms): 0.597
[Build] Inserted 49300/64000 points, avg insert time (ms): 0.799
[Build] Inserted 49400/64000 points, avg insert time (ms): 0.968
[Build] Inserted 49500/64000 points, avg insert time (ms): 1.004
[Build] Inserted 49600/64000 points, avg insert time (ms): 0.200
[Build] Inserted 49700/64000 points, avg insert time (ms): 0.784
[Build] Inserted 49800/64000 points, avg insert time (ms): 0.766
[Build] Inserted 49900/64000 points, avg insert time (ms): 0.577
[Build] Inserted 50000/64000 points, avg insert time (ms): 0.594
[Build] Inserted 50100/64000 points, avg insert time (ms): 0.414
[Build] Inserted 50200/64000 points, avg insert time (ms): 0.400
[Build] Inserted 50300/64000 points, avg insert time (ms): 0.411
[Build] Inserted 50400/64000 points, avg insert time (ms): 0.394
[Build] Inserted 50500/64000 points, avg insert time (ms): 0.960
[Build] Inserted 50600/64000 points, avg insert time (ms): 0.773
[Build] Inserted 50700/64000 points, avg insert time (ms): 0.571
[Build] Inserted 50800/64000 points, avg insert time (ms): 0.376
[Build] Inserted 50900/64000 points, avg insert time (ms): 0.602
[Build] Inserted 51000/64000 points, avg insert time (ms): 0.406
[Build] Inserted 51100/64000 points, avg insert time (ms): 0.613
[Build] Inserted 51200/64000 points, avg insert time (ms): 0.393
[Build] Inserted 51300/64000 points, avg insert time (ms): 0.953
[Build] Inserted 51400/64000 points, avg insert time (ms): 0.393
[Build] Inserted 51500/64000 points, avg insert time (ms): 0.397
[Build] Inserted 51600/64000 points, avg insert time (ms): 0.001
[Build] Inserted 51700/64000 points, avg insert time (ms): 0.199
[Build] Inserted 51800/64000 points, avg insert time (ms): 0.597
[Build] Inserted 51900/64000 points, avg insert time (ms): 1.143
[Build] Inserted 52000/64000 points, avg insert time (ms): 0.972
[Build] Inserted 52100/64000 points, avg insert time (ms): 0.811
[Build] Inserted 52200/64000 points, avg insert time (ms): 0.983
[Build] Inserted 52300/64000 points, avg insert time (ms): 0.001
[Build] Inserted 52400/64000 points, avg insert time (ms): 0.991
[Build] Inserted 52500/64000 points, avg insert time (ms): 0.794
[Build] Inserted 52600/64000 points, avg insert time (ms): 0.812
[Build] Inserted 52700/64000 points, avg insert time (ms): 0.836
[Build] Inserted 52800/64000 points, avg insert time (ms): 0.673
[Build] Inserted 52900/64000 points, avg insert time (ms): 0.405
[Build] Inserted 53000/64000 points, avg insert time (ms): 0.415
[Build] Inserted 53100/64000 points, avg insert time (ms): 0.593
[Build] Inserted 53200/64000 points, avg insert time (ms): 0.580
[Build] Inserted 53300/64000 points, avg insert time (ms): 0.987
[Build] Inserted 53400/64000 points, avg insert time (ms): 0.001
[Build] Inserted 53500/64000 points, avg insert time (ms): 0.562
[Build] Inserted 53600/64000 points, avg insert time (ms): 0.769
[Build] Inserted 53700/64000 points, avg insert time (ms): 0.781
[Build] Inserted 53800/64000 points, avg insert time (ms): 0.600
[Build] Inserted 53900/64000 points, avg insert time (ms): 0.995
[Build] Inserted 54000/64000 points, avg insert time (ms): 0.576
[Build] Inserted 54100/64000 points, avg insert time (ms): 0.979
[Build] Inserted 54200/64000 points, avg insert time (ms): 1.584
[Build] Inserted 54300/64000 points, avg insert time (ms): 0.410
[Build] Inserted 54400/64000 points, avg insert time (ms): 1.188
[Build] Inserted 54500/64000 points, avg insert time (ms): 1.198
[Build] Inserted 54600/64000 points, avg insert time (ms): 0.600
[Build] Inserted 54700/64000 points, avg insert time (ms): 0.791
[Build] Inserted 54800/64000 points, avg insert time (ms): 0.809
[Build] Inserted 54900/64000 points, avg insert time (ms): 0.606
[Build] Inserted 55000/64000 points, avg insert time (ms): 1.017
[Build] Inserted 55100/64000 points, avg insert time (ms): 0.792
[Build] Inserted 55200/64000 points, avg insert time (ms): 0.588
[Build] Inserted 55300/64000 points, avg insert time (ms): 1.020
[Build] Inserted 55400/64000 points, avg insert time (ms): 0.615
[Build] Inserted 55500/64000 points, avg insert time (ms): 0.410
[Build] Inserted 55600/64000 points, avg insert time (ms): 1.656
[Build] Inserted 55700/64000 points, avg insert time (ms): 0.635
[Build] Inserted 55800/64000 points, avg insert time (ms): 0.207
[Build] Inserted 55900/64000 points, avg insert time (ms): 1.000
[Build] Inserted 56000/64000 points, avg insert time (ms): 0.406
[Build] Inserted 56100/64000 points, avg insert time (ms): 1.213
[Build] Inserted 56200/64000 points, avg insert time (ms): 0.610
[Build] Inserted 56300/64000 points, avg insert time (ms): 0.594
[Build] Inserted 56400/64000 points, avg insert time (ms): 0.604
[Build] Inserted 56500/64000 points, avg insert time (ms): 1.427
[Build] Inserted 56600/64000 points, avg insert time (ms): 0.211
[Build] Inserted 56700/64000 points, avg insert time (ms): 0.611
[Build] Inserted 56800/64000 points, avg insert time (ms): 0.393
[Build] Inserted 56900/64000 points, avg insert time (ms): 0.792
[Build] Inserted 57000/64000 points, avg insert time (ms): 0.589
[Build] Inserted 57100/64000 points, avg insert time (ms): 0.768
[Build] Inserted 57200/64000 points, avg insert time (ms): 0.781
[Build] Inserted 57300/64000 points, avg insert time (ms): 0.395
[Build] Inserted 57400/64000 points, avg insert time (ms): 0.381
[Build] Inserted 57500/64000 points, avg insert time (ms): 0.572
[Build] Inserted 57600/64000 points, avg insert time (ms): 0.646
[Build] Inserted 57700/64000 points, avg insert time (ms): 0.001
[Build] Inserted 57800/64000 points, avg insert time (ms): 0.991
[Build] Inserted 57900/64000 points, avg insert time (ms): 1.543
[Build] Inserted 58000/64000 points, avg insert time (ms): 0.196
[Build] Inserted 58100/64000 points, avg insert time (ms): 0.187
[Build] Inserted 58200/64000 points, avg insert time (ms): 1.155
[Build] Inserted 58300/64000 points, avg insert time (ms): 0.796
[Build] Inserted 58400/64000 points, avg insert time (ms): 0.707
[Build] Inserted 58500/64000 points, avg insert time (ms): 0.791
[Build] Inserted 58600/64000 points, avg insert time (ms): 0.810
[Build] Inserted 58700/64000 points, avg insert time (ms): 0.204
[Build] Inserted 58800/64000 points, avg insert time (ms): 0.397
[Build] Inserted 58900/64000 points, avg insert time (ms): 0.200
[Build] Inserted 59000/64000 points, avg insert time (ms): 0.810
[Build] Inserted 59100/64000 points, avg insert time (ms): 0.999
[Build] Inserted 59200/64000 points, avg insert time (ms): 0.394
[Build] Inserted 59300/64000 points, avg insert time (ms): 0.812
[Build] Inserted 59400/64000 points, avg insert time (ms): 0.195
[Build] Inserted 59500/64000 points, avg insert time (ms): 0.397
[Build] Inserted 59600/64000 points, avg insert time (ms): 0.790
[Build] Inserted 59700/64000 points, avg insert time (ms): 0.578
[Build] Inserted 59800/64000 points, avg insert time (ms): 0.216
[Build] Inserted 59900/64000 points, avg insert time (ms): 1.126
[Build] Inserted 60000/64000 points, avg insert time (ms): 0.602
[Build] Inserted 60100/64000 points, avg insert time (ms): 1.008
[Build] Inserted 60200/64000 points, avg insert time (ms): 0.596
[Build] Inserted 60300/64000 points, avg insert time (ms): 1.007
[Build] Inserted 60400/64000 points, avg insert time (ms): 0.643
[Build] Inserted 60500/64000 points, avg insert time (ms): 0.593
[Build] Inserted 60600/64000 points, avg insert time (ms): 0.194
[Build] Inserted 60700/64000 points, avg insert time (ms): 0.570
[Build] Inserted 60800/64000 points, avg insert time (ms): 1.243
[Build] Inserted 60900/64000 points, avg insert time (ms): 1.038
[Build] Inserted 61000/64000 points, avg insert time (ms): 0.414
[Build] Inserted 61100/64000 points, avg insert time (ms): 0.211
[Build] Inserted 61200/64000 points, avg insert time (ms): 0.600
[Build] Inserted 61300/64000 points, avg insert time (ms): 0.631
[Build] Inserted 61400/64000 points, avg insert time (ms): 1.020
[Build] Inserted 61500/64000 points, avg insert time (ms): 0.806
[Build] Inserted 61600/64000 points, avg insert time (ms): 1.003
[Build] Inserted 61700/64000 points, avg insert time (ms): 0.805
[Build] Inserted 61800/64000 points, avg insert time (ms): 0.001
[Build] Inserted 61900/64000 points, avg insert time (ms): 0.841
[Build] Inserted 62000/64000 points, avg insert time (ms): 0.388
[Build] Inserted 62100/64000 points, avg insert time (ms): 0.992
[Build] Inserted 62200/64000 points, avg insert time (ms): 0.809
[Build] Inserted 62300/64000 points, avg insert time (ms): 0.796
[Build] Inserted 62400/64000 points, avg insert time (ms): 1.543
[Build] Inserted 62500/64000 points, avg insert time (ms): 1.331
[Build] Inserted 62600/64000 points, avg insert time (ms): 0.599
[Build] Inserted 62700/64000 points, avg insert time (ms): 0.400
[Build] Inserted 62800/64000 points, avg insert time (ms): 1.562
[Build] Inserted 62900/64000 points, avg insert time (ms): 0.784
[Build] Inserted 63000/64000 points, avg insert time (ms): 1.259
[Build] Inserted 63100/64000 points, avg insert time (ms): 0.404
[Build] Inserted 63200/64000 points, avg insert time (ms): 0.212
[Build] Inserted 63300/64000 points, avg insert time (ms): 0.401
[Build] Inserted 63400/64000 points, avg insert time (ms): 0.402
[Build] Inserted 63500/64000 points, avg insert time (ms): 0.992
[Build] Inserted 63600/64000 points, avg insert time (ms): 0.573
[Build] Inserted 63700/64000 points, avg insert time (ms): 1.542
[Build] Inserted 63800/64000 points, avg insert time (ms): 0.581
[Build] Inserted 63900/64000 points, avg insert time (ms): 0.789
[Build] Inserted 64000/64000 points, avg insert time (ms): 0.197
[Timing] Total insertion time: 47.36 s
[Build] Starting queries...
[Query] Processed 1/1 queries, avg query time (ms): 24.768
[Timing] Total query time: 0.03 s
[Eval] Computing ground truth top-K...
[Timing] Ground truth (FAISS): 0.00 s (1.811 ms/query)
[Timing] Ground truth computation: 0.83 s
[Eval] Computing recall metrics...
[Timing] Recall evaluation: 0.02 s
[Eval] Computing (c,r)-ANN accuracy...
[Timing] FAISS r* computation: 0.00 s (2.223 ms/query)
[CR-ANN] 1/1 processed, avg time (ann.query): 37.203 ms
[Timing] (c,r)-ANN eval: 0.04 s (37.812 ms/query)
[Sanity Check] Total Relevant = 1
[Timing] (c,r)-ANN evaluation: 0.07 s
[Result] Memory breakdown (MB): {'hash_functions_MB': 15.95123291015625, 'bucket_ids_MB': 11.790924072265625, 'num_ids': 3090920, 'num_buckets': 432367, 'hash_tables_overhead_MB': 36.285682678222656, 'total_MB': 64.02783966064453}
[Result] Epsilon-recall: 1.0000
[Result] (c,r)-ANN accuracy: 1.0000

[Timing Summary]
  Insert phase: 47.36 s
  Query phase: 0.03 s
  Ground truth: 0.83 s
  Recall eval: 0.02 s
  (c,r)-ANN eval: 0.07 s
  Total time: 48.31 s
[SUMMARY] r=1.0, eps=0.5, eta=0.3, recall=1.0000, (c,r)-ANN accuracy=1.0, memory=64.02783966064453
