[Init] Inputs : eta=0.30, epsilon=1.00, r=1.00
[Init] LSH Parameters : w=3.772, p1=0.7885, p2=0.5891, rho=0.4491
[Init] Data Structure Parameters : k=22, L=219, key_bits=704, mode=speed
[Build] Starting insertion...
[Build] Inserted 100/96000 points, avg insert time (ms): 0.027
[Build] Inserted 200/96000 points, avg insert time (ms): 0.100
[Build] Inserted 300/96000 points, avg insert time (ms): 0.071
[Build] Inserted 400/96000 points, avg insert time (ms): 0.046
[Build] Inserted 500/96000 points, avg insert time (ms): 0.048
[Build] Inserted 600/96000 points, avg insert time (ms): 0.071
[Build] Inserted 700/96000 points, avg insert time (ms): 0.151
[Build] Inserted 800/96000 points, avg insert time (ms): 0.048
[Build] Inserted 900/96000 points, avg insert time (ms): 0.026
[Build] Inserted 1000/96000 points, avg insert time (ms): 0.095
[Build] Inserted 1100/96000 points, avg insert time (ms): 0.071
[Build] Inserted 1200/96000 points, avg insert time (ms): 0.047
[Build] Inserted 1300/96000 points, avg insert time (ms): 0.095
[Build] Inserted 1400/96000 points, avg insert time (ms): 0.116
[Build] Inserted 1500/96000 points, avg insert time (ms): 0.024
[Build] Inserted 1600/96000 points, avg insert time (ms): 0.024
[Build] Inserted 1700/96000 points, avg insert time (ms): 0.091
[Build] Inserted 1800/96000 points, avg insert time (ms): 0.092
[Build] Inserted 1900/96000 points, avg insert time (ms): 0.068
[Build] Inserted 2000/96000 points, avg insert time (ms): 0.068
[Build] Inserted 2100/96000 points, avg insert time (ms): 0.072
[Build] Inserted 2200/96000 points, avg insert time (ms): 0.162
[Build] Inserted 2300/96000 points, avg insert time (ms): 0.115
[Build] Inserted 2400/96000 points, avg insert time (ms): 0.114
[Build] Inserted 2500/96000 points, avg insert time (ms): 0.088
[Build] Inserted 2600/96000 points, avg insert time (ms): 0.093
[Build] Inserted 2700/96000 points, avg insert time (ms): 0.025
[Build] Inserted 2800/96000 points, avg insert time (ms): 0.068
[Build] Inserted 2900/96000 points, avg insert time (ms): 0.069
[Build] Inserted 3000/96000 points, avg insert time (ms): 0.046
[Build] Inserted 3100/96000 points, avg insert time (ms): 0.067
[Build] Inserted 3200/96000 points, avg insert time (ms): 0.160
[Build] Inserted 3300/96000 points, avg insert time (ms): 0.118
[Build] Inserted 3400/96000 points, avg insert time (ms): 0.026
[Build] Inserted 3500/96000 points, avg insert time (ms): 0.049
[Build] Inserted 3600/96000 points, avg insert time (ms): 0.048
[Build] Inserted 3700/96000 points, avg insert time (ms): 0.049
[Build] Inserted 3800/96000 points, avg insert time (ms): 0.025
[Build] Inserted 3900/96000 points, avg insert time (ms): 0.025
[Build] Inserted 4000/96000 points, avg insert time (ms): 0.072
[Build] Inserted 4100/96000 points, avg insert time (ms): 0.071
[Build] Inserted 4200/96000 points, avg insert time (ms): 0.001
[Build] Inserted 4300/96000 points, avg insert time (ms): 0.001
[Build] Inserted 4400/96000 points, avg insert time (ms): 0.071
[Build] Inserted 4500/96000 points, avg insert time (ms): 0.025
[Build] Inserted 4600/96000 points, avg insert time (ms): 0.072
[Build] Inserted 4700/96000 points, avg insert time (ms): 0.071
[Build] Inserted 4800/96000 points, avg insert time (ms): 0.096
[Build] Inserted 4900/96000 points, avg insert time (ms): 0.073
[Build] Inserted 5000/96000 points, avg insert time (ms): 0.148
[Build] Inserted 5100/96000 points, avg insert time (ms): 0.001
[Build] Inserted 5200/96000 points, avg insert time (ms): 0.171
[Build] Inserted 5300/96000 points, avg insert time (ms): 0.146
[Build] Inserted 5400/96000 points, avg insert time (ms): 0.172
[Build] Inserted 5500/96000 points, avg insert time (ms): 0.118
[Build] Inserted 5600/96000 points, avg insert time (ms): 0.174
[Build] Inserted 5700/96000 points, avg insert time (ms): 0.091
[Build] Inserted 5800/96000 points, avg insert time (ms): 0.024
[Build] Inserted 5900/96000 points, avg insert time (ms): 0.070
[Build] Inserted 6000/96000 points, avg insert time (ms): 0.136
[Build] Inserted 6100/96000 points, avg insert time (ms): 0.134
[Build] Inserted 6200/96000 points, avg insert time (ms): 0.046
[Build] Inserted 6300/96000 points, avg insert time (ms): 0.132
[Build] Inserted 6400/96000 points, avg insert time (ms): 0.156
[Build] Inserted 6500/96000 points, avg insert time (ms): 0.046
[Build] Inserted 6600/96000 points, avg insert time (ms): 0.048
[Build] Inserted 6700/96000 points, avg insert time (ms): 0.158
[Build] Inserted 6800/96000 points, avg insert time (ms): 0.071
[Build] Inserted 6900/96000 points, avg insert time (ms): 0.066
[Build] Inserted 7000/96000 points, avg insert time (ms): 0.134
[Build] Inserted 7100/96000 points, avg insert time (ms): 0.090
[Build] Inserted 7200/96000 points, avg insert time (ms): 0.046
[Build] Inserted 7300/96000 points, avg insert time (ms): 0.068
[Build] Inserted 7400/96000 points, avg insert time (ms): 0.047
[Build] Inserted 7500/96000 points, avg insert time (ms): 0.047
[Build] Inserted 7600/96000 points, avg insert time (ms): 0.115
[Build] Inserted 7700/96000 points, avg insert time (ms): 0.090
[Build] Inserted 7800/96000 points, avg insert time (ms): 0.138
[Build] Inserted 7900/96000 points, avg insert time (ms): 0.090
[Build] Inserted 8000/96000 points, avg insert time (ms): 0.181
[Build] Inserted 8100/96000 points, avg insert time (ms): 0.112
[Build] Inserted 8200/96000 points, avg insert time (ms): 0.046
[Build] Inserted 8300/96000 points, avg insert time (ms): 0.113
[Build] Inserted 8400/96000 points, avg insert time (ms): 0.071
[Build] Inserted 8500/96000 points, avg insert time (ms): 0.097
[Build] Inserted 8600/96000 points, avg insert time (ms): 0.103
[Build] Inserted 8700/96000 points, avg insert time (ms): 0.052
[Build] Inserted 8800/96000 points, avg insert time (ms): 0.131
[Build] Inserted 8900/96000 points, avg insert time (ms): 0.001
[Build] Inserted 9000/96000 points, avg insert time (ms): 0.077
[Build] Inserted 9100/96000 points, avg insert time (ms): 0.102
[Build] Inserted 9200/96000 points, avg insert time (ms): 0.028
[Build] Inserted 9300/96000 points, avg insert time (ms): 0.105
[Build] Inserted 9400/96000 points, avg insert time (ms): 0.027
[Build] Inserted 9500/96000 points, avg insert time (ms): 0.082
[Build] Inserted 9600/96000 points, avg insert time (ms): 0.099
[Build] Inserted 9700/96000 points, avg insert time (ms): 0.050
[Build] Inserted 9800/96000 points, avg insert time (ms): 0.093
[Build] Inserted 9900/96000 points, avg insert time (ms): 0.148
[Build] Inserted 10000/96000 points, avg insert time (ms): 0.093
[Build] Inserted 10100/96000 points, avg insert time (ms): 0.079
[Build] Inserted 10200/96000 points, avg insert time (ms): 0.099
[Build] Inserted 10300/96000 points, avg insert time (ms): 0.134
[Build] Inserted 10400/96000 points, avg insert time (ms): 0.113
[Build] Inserted 10500/96000 points, avg insert time (ms): 0.090
[Build] Inserted 10600/96000 points, avg insert time (ms): 0.110
[Build] Inserted 10700/96000 points, avg insert time (ms): 0.081
[Build] Inserted 10800/96000 points, avg insert time (ms): 0.001
[Build] Inserted 10900/96000 points, avg insert time (ms): 0.069
[Build] Inserted 11000/96000 points, avg insert time (ms): 0.046
[Build] Inserted 11100/96000 points, avg insert time (ms): 0.045
[Build] Inserted 11200/96000 points, avg insert time (ms): 0.047
[Build] Inserted 11300/96000 points, avg insert time (ms): 0.072
[Build] Inserted 11400/96000 points, avg insert time (ms): 0.097
[Build] Inserted 11500/96000 points, avg insert time (ms): 0.100
[Build] Inserted 11600/96000 points, avg insert time (ms): 0.050
[Build] Inserted 11700/96000 points, avg insert time (ms): 0.098
[Build] Inserted 11800/96000 points, avg insert time (ms): 0.149
[Build] Inserted 11900/96000 points, avg insert time (ms): 0.051
[Build] Inserted 12000/96000 points, avg insert time (ms): 0.097
[Build] Inserted 12100/96000 points, avg insert time (ms): 0.049
[Build] Inserted 12200/96000 points, avg insert time (ms): 0.070
[Build] Inserted 12300/96000 points, avg insert time (ms): 0.023
[Build] Inserted 12400/96000 points, avg insert time (ms): 0.089
[Build] Inserted 12500/96000 points, avg insert time (ms): 0.136
[Build] Inserted 12600/96000 points, avg insert time (ms): 0.046
[Build] Inserted 12700/96000 points, avg insert time (ms): 0.001
[Build] Inserted 12800/96000 points, avg insert time (ms): 0.069
[Build] Inserted 12900/96000 points, avg insert time (ms): 0.070
[Build] Inserted 13000/96000 points, avg insert time (ms): 0.080
[Build] Inserted 13100/96000 points, avg insert time (ms): 0.125
[Build] Inserted 13200/96000 points, avg insert time (ms): 0.048
[Build] Inserted 13300/96000 points, avg insert time (ms): 0.165
[Build] Inserted 13400/96000 points, avg insert time (ms): 0.145
[Build] Inserted 13500/96000 points, avg insert time (ms): 0.069
[Build] Inserted 13600/96000 points, avg insert time (ms): 0.093
[Build] Inserted 13700/96000 points, avg insert time (ms): 0.049
[Build] Inserted 13800/96000 points, avg insert time (ms): 0.050
[Build] Inserted 13900/96000 points, avg insert time (ms): 0.001
[Build] Inserted 14000/96000 points, avg insert time (ms): 0.092
[Build] Inserted 14100/96000 points, avg insert time (ms): 0.035
[Build] Inserted 14200/96000 points, avg insert time (ms): 0.069
[Build] Inserted 14300/96000 points, avg insert time (ms): 0.212
[Build] Inserted 14400/96000 points, avg insert time (ms): 0.001
[Build] Inserted 14500/96000 points, avg insert time (ms): 0.001
[Build] Inserted 14600/96000 points, avg insert time (ms): 0.026
[Build] Inserted 14700/96000 points, avg insert time (ms): 0.049
[Build] Inserted 14800/96000 points, avg insert time (ms): 0.001
[Build] Inserted 14900/96000 points, avg insert time (ms): 0.133
[Build] Inserted 15000/96000 points, avg insert time (ms): 0.044
[Build] Inserted 15100/96000 points, avg insert time (ms): 0.066
[Build] Inserted 15200/96000 points, avg insert time (ms): 0.089
[Build] Inserted 15300/96000 points, avg insert time (ms): 0.024
[Build] Inserted 15400/96000 points, avg insert time (ms): 0.048
[Build] Inserted 15500/96000 points, avg insert time (ms): 0.095
[Build] Inserted 15600/96000 points, avg insert time (ms): 0.092
[Build] Inserted 15700/96000 points, avg insert time (ms): 0.046
[Build] Inserted 15800/96000 points, avg insert time (ms): 0.001
[Build] Inserted 15900/96000 points, avg insert time (ms): 0.109
[Build] Inserted 16000/96000 points, avg insert time (ms): 0.090
[Build] Inserted 16100/96000 points, avg insert time (ms): 0.066
[Build] Inserted 16200/96000 points, avg insert time (ms): 0.172
[Build] Inserted 16300/96000 points, avg insert time (ms): 0.022
[Build] Inserted 16400/96000 points, avg insert time (ms): 0.134
[Build] Inserted 16500/96000 points, avg insert time (ms): 0.067
[Build] Inserted 16600/96000 points, avg insert time (ms): 0.045
[Build] Inserted 16700/96000 points, avg insert time (ms): 0.001
[Build] Inserted 16800/96000 points, avg insert time (ms): 0.024
[Build] Inserted 16900/96000 points, avg insert time (ms): 0.071
[Build] Inserted 17000/96000 points, avg insert time (ms): 0.088
[Build] Inserted 17100/96000 points, avg insert time (ms): 0.047
[Build] Inserted 17200/96000 points, avg insert time (ms): 0.024
[Build] Inserted 17300/96000 points, avg insert time (ms): 0.024
[Build] Inserted 17400/96000 points, avg insert time (ms): 0.049
[Build] Inserted 17500/96000 points, avg insert time (ms): 0.098
[Build] Inserted 17600/96000 points, avg insert time (ms): 0.098
[Build] Inserted 17700/96000 points, avg insert time (ms): 0.070
[Build] Inserted 17800/96000 points, avg insert time (ms): 0.070
[Build] Inserted 17900/96000 points, avg insert time (ms): 0.046
[Build] Inserted 18000/96000 points, avg insert time (ms): 0.163
[Build] Inserted 18100/96000 points, avg insert time (ms): 0.090
[Build] Inserted 18200/96000 points, avg insert time (ms): 0.044
[Build] Inserted 18300/96000 points, avg insert time (ms): 0.112
[Build] Inserted 18400/96000 points, avg insert time (ms): 0.025
[Build] Inserted 18500/96000 points, avg insert time (ms): 0.160
[Build] Inserted 18600/96000 points, avg insert time (ms): 0.092
[Build] Inserted 18700/96000 points, avg insert time (ms): 0.045
[Build] Inserted 18800/96000 points, avg insert time (ms): 0.090
[Build] Inserted 18900/96000 points, avg insert time (ms): 0.118
[Build] Inserted 19000/96000 points, avg insert time (ms): 0.025
[Build] Inserted 19100/96000 points, avg insert time (ms): 0.141
[Build] Inserted 19200/96000 points, avg insert time (ms): 0.087
[Build] Inserted 19300/96000 points, avg insert time (ms): 0.069
[Build] Inserted 19400/96000 points, avg insert time (ms): 0.179
[Build] Inserted 19500/96000 points, avg insert time (ms): 0.098
[Build] Inserted 19600/96000 points, avg insert time (ms): 0.097
[Build] Inserted 19700/96000 points, avg insert time (ms): 0.119
[Build] Inserted 19800/96000 points, avg insert time (ms): 0.048
[Build] Inserted 19900/96000 points, avg insert time (ms): 0.162
[Build] Inserted 20000/96000 points, avg insert time (ms): 0.092
[Build] Inserted 20100/96000 points, avg insert time (ms): 0.113
[Build] Inserted 20200/96000 points, avg insert time (ms): 0.114
[Build] Inserted 20300/96000 points, avg insert time (ms): 0.135
[Build] Inserted 20400/96000 points, avg insert time (ms): 0.161
[Build] Inserted 20500/96000 points, avg insert time (ms): 0.094
[Build] Inserted 20600/96000 points, avg insert time (ms): 0.049
[Build] Inserted 20700/96000 points, avg insert time (ms): 0.138
[Build] Inserted 20800/96000 points, avg insert time (ms): 0.110
[Build] Inserted 20900/96000 points, avg insert time (ms): 0.045
[Build] Inserted 21000/96000 points, avg insert time (ms): 0.132
[Build] Inserted 21100/96000 points, avg insert time (ms): 0.067
[Build] Inserted 21200/96000 points, avg insert time (ms): 0.086
[Build] Inserted 21300/96000 points, avg insert time (ms): 0.085
[Build] Inserted 21400/96000 points, avg insert time (ms): 0.092
[Build] Inserted 21500/96000 points, avg insert time (ms): 0.025
[Build] Inserted 21600/96000 points, avg insert time (ms): 0.075
[Build] Inserted 21700/96000 points, avg insert time (ms): 0.096
[Build] Inserted 21800/96000 points, avg insert time (ms): 0.026
[Build] Inserted 21900/96000 points, avg insert time (ms): 0.150
[Build] Inserted 22000/96000 points, avg insert time (ms): 0.072
[Build] Inserted 22100/96000 points, avg insert time (ms): 0.048
[Build] Inserted 22200/96000 points, avg insert time (ms): 0.095
[Build] Inserted 22300/96000 points, avg insert time (ms): 0.046
[Build] Inserted 22400/96000 points, avg insert time (ms): 0.092
[Build] Inserted 22500/96000 points, avg insert time (ms): 0.001
[Build] Inserted 22600/96000 points, avg insert time (ms): 0.025
[Build] Inserted 22700/96000 points, avg insert time (ms): 0.143
[Build] Inserted 22800/96000 points, avg insert time (ms): 0.070
[Build] Inserted 22900/96000 points, avg insert time (ms): 0.116
[Build] Inserted 23000/96000 points, avg insert time (ms): 0.095
[Build] Inserted 23100/96000 points, avg insert time (ms): 0.091
[Build] Inserted 23200/96000 points, avg insert time (ms): 0.067
[Build] Inserted 23300/96000 points, avg insert time (ms): 0.111
[Build] Inserted 23400/96000 points, avg insert time (ms): 0.045
[Build] Inserted 23500/96000 points, avg insert time (ms): 0.136
[Build] Inserted 23600/96000 points, avg insert time (ms): 0.094
[Build] Inserted 23700/96000 points, avg insert time (ms): 0.096
[Build] Inserted 23800/96000 points, avg insert time (ms): 0.123
[Build] Inserted 23900/96000 points, avg insert time (ms): 0.118
[Build] Inserted 24000/96000 points, avg insert time (ms): 0.119
[Build] Inserted 24100/96000 points, avg insert time (ms): 0.164
[Build] Inserted 24200/96000 points, avg insert time (ms): 0.001
[Build] Inserted 24300/96000 points, avg insert time (ms): 0.095
[Build] Inserted 24400/96000 points, avg insert time (ms): 0.049
[Build] Inserted 24500/96000 points, avg insert time (ms): 0.001
[Build] Inserted 24600/96000 points, avg insert time (ms): 0.155
[Build] Inserted 24700/96000 points, avg insert time (ms): 0.105
[Build] Inserted 24800/96000 points, avg insert time (ms): 0.077
[Build] Inserted 24900/96000 points, avg insert time (ms): 0.102
[Build] Inserted 25000/96000 points, avg insert time (ms): 0.133
[Build] Inserted 25100/96000 points, avg insert time (ms): 0.148
[Build] Inserted 25200/96000 points, avg insert time (ms): 0.099
[Build] Inserted 25300/96000 points, avg insert time (ms): 0.048
[Build] Inserted 25400/96000 points, avg insert time (ms): 0.047
[Build] Inserted 25500/96000 points, avg insert time (ms): 0.047
[Build] Inserted 25600/96000 points, avg insert time (ms): 0.140
[Build] Inserted 25700/96000 points, avg insert time (ms): 0.163
[Build] Inserted 25800/96000 points, avg insert time (ms): 0.001
[Build] Inserted 25900/96000 points, avg insert time (ms): 0.049
[Build] Inserted 26000/96000 points, avg insert time (ms): 0.142
[Build] Inserted 26100/96000 points, avg insert time (ms): 0.084
[Build] Inserted 26200/96000 points, avg insert time (ms): 0.001
[Build] Inserted 26300/96000 points, avg insert time (ms): 0.083
[Build] Inserted 26400/96000 points, avg insert time (ms): 0.071
[Build] Inserted 26500/96000 points, avg insert time (ms): 0.141
[Build] Inserted 26600/96000 points, avg insert time (ms): 0.094
[Build] Inserted 26700/96000 points, avg insert time (ms): 0.048
[Build] Inserted 26800/96000 points, avg insert time (ms): 0.070
[Build] Inserted 26900/96000 points, avg insert time (ms): 0.092
[Build] Inserted 27000/96000 points, avg insert time (ms): 0.070
[Build] Inserted 27100/96000 points, avg insert time (ms): 0.046
[Build] Inserted 27200/96000 points, avg insert time (ms): 0.090
[Build] Inserted 27300/96000 points, avg insert time (ms): 0.045
[Build] Inserted 27400/96000 points, avg insert time (ms): 0.138
[Build] Inserted 27500/96000 points, avg insert time (ms): 0.070
[Build] Inserted 27600/96000 points, avg insert time (ms): 0.092
[Build] Inserted 27700/96000 points, avg insert time (ms): 0.001
[Build] Inserted 27800/96000 points, avg insert time (ms): 0.118
[Build] Inserted 27900/96000 points, avg insert time (ms): 0.072
[Build] Inserted 28000/96000 points, avg insert time (ms): 0.047
[Build] Inserted 28100/96000 points, avg insert time (ms): 0.046
[Build] Inserted 28200/96000 points, avg insert time (ms): 0.069
[Build] Inserted 28300/96000 points, avg insert time (ms): 0.088
[Build] Inserted 28400/96000 points, avg insert time (ms): 0.113
[Build] Inserted 28500/96000 points, avg insert time (ms): 0.088
[Build] Inserted 28600/96000 points, avg insert time (ms): 0.091
[Build] Inserted 28700/96000 points, avg insert time (ms): 0.045
[Build] Inserted 28800/96000 points, avg insert time (ms): 0.090
[Build] Inserted 28900/96000 points, avg insert time (ms): 0.091
[Build] Inserted 29000/96000 points, avg insert time (ms): 0.171
[Build] Inserted 29100/96000 points, avg insert time (ms): 0.024
[Build] Inserted 29200/96000 points, avg insert time (ms): 0.067
[Build] Inserted 29300/96000 points, avg insert time (ms): 0.113
[Build] Inserted 29400/96000 points, avg insert time (ms): 0.047
[Build] Inserted 29500/96000 points, avg insert time (ms): 0.052
[Build] Inserted 29600/96000 points, avg insert time (ms): 0.072
[Build] Inserted 29700/96000 points, avg insert time (ms): 0.119
[Build] Inserted 29800/96000 points, avg insert time (ms): 0.072
[Build] Inserted 29900/96000 points, avg insert time (ms): 0.001
[Build] Inserted 30000/96000 points, avg insert time (ms): 0.076
[Build] Inserted 30100/96000 points, avg insert time (ms): 0.164
[Build] Inserted 30200/96000 points, avg insert time (ms): 0.024
[Build] Inserted 30300/96000 points, avg insert time (ms): 0.025
[Build] Inserted 30400/96000 points, avg insert time (ms): 0.163
[Build] Inserted 30500/96000 points, avg insert time (ms): 0.024
[Build] Inserted 30600/96000 points, avg insert time (ms): 0.094
[Build] Inserted 30700/96000 points, avg insert time (ms): 0.073
[Build] Inserted 30800/96000 points, avg insert time (ms): 0.119
[Build] Inserted 30900/96000 points, avg insert time (ms): 0.049
[Build] Inserted 31000/96000 points, avg insert time (ms): 0.048
[Build] Inserted 31100/96000 points, avg insert time (ms): 0.025
[Build] Inserted 31200/96000 points, avg insert time (ms): 0.099
[Build] Inserted 31300/96000 points, avg insert time (ms): 0.027
[Build] Inserted 31400/96000 points, avg insert time (ms): 0.049
[Build] Inserted 31500/96000 points, avg insert time (ms): 0.049
[Build] Inserted 31600/96000 points, avg insert time (ms): 0.047
[Build] Inserted 31700/96000 points, avg insert time (ms): 0.001
[Build] Inserted 31800/96000 points, avg insert time (ms): 0.071
[Build] Inserted 31900/96000 points, avg insert time (ms): 0.024
[Build] Inserted 32000/96000 points, avg insert time (ms): 0.050
[Build] Inserted 32100/96000 points, avg insert time (ms): 0.188
[Build] Inserted 32200/96000 points, avg insert time (ms): 0.093
[Build] Inserted 32300/96000 points, avg insert time (ms): 0.069
[Build] Inserted 32400/96000 points, avg insert time (ms): 0.049
[Build] Inserted 32500/96000 points, avg insert time (ms): 0.092
[Build] Inserted 32600/96000 points, avg insert time (ms): 0.048
[Build] Inserted 32700/96000 points, avg insert time (ms): 0.136
[Build] Inserted 32800/96000 points, avg insert time (ms): 0.094
[Build] Inserted 32900/96000 points, avg insert time (ms): 0.072
[Build] Inserted 33000/96000 points, avg insert time (ms): 0.095
[Build] Inserted 33100/96000 points, avg insert time (ms): 0.096
[Build] Inserted 33200/96000 points, avg insert time (ms): 0.049
[Build] Inserted 33300/96000 points, avg insert time (ms): 0.001
[Build] Inserted 33400/96000 points, avg insert time (ms): 0.024
[Build] Inserted 33500/96000 points, avg insert time (ms): 0.072
[Build] Inserted 33600/96000 points, avg insert time (ms): 0.049
[Build] Inserted 33700/96000 points, avg insert time (ms): 0.098
[Build] Inserted 33800/96000 points, avg insert time (ms): 0.150
[Build] Inserted 33900/96000 points, avg insert time (ms): 0.074
[Build] Inserted 34000/96000 points, avg insert time (ms): 0.118
[Build] Inserted 34100/96000 points, avg insert time (ms): 0.028
[Build] Inserted 34200/96000 points, avg insert time (ms): 0.107
[Build] Inserted 34300/96000 points, avg insert time (ms): 0.174
[Build] Inserted 34400/96000 points, avg insert time (ms): 0.100
[Build] Inserted 34500/96000 points, avg insert time (ms): 0.071
[Build] Inserted 34600/96000 points, avg insert time (ms): 0.093
[Build] Inserted 34700/96000 points, avg insert time (ms): 0.024
[Build] Inserted 34800/96000 points, avg insert time (ms): 0.088
[Build] Inserted 34900/96000 points, avg insert time (ms): 0.023
[Build] Inserted 35000/96000 points, avg insert time (ms): 0.130
[Build] Inserted 35100/96000 points, avg insert time (ms): 0.134
[Build] Inserted 35200/96000 points, avg insert time (ms): 0.069
[Build] Inserted 35300/96000 points, avg insert time (ms): 0.071
[Build] Inserted 35400/96000 points, avg insert time (ms): 0.172
[Build] Inserted 35500/96000 points, avg insert time (ms): 0.071
[Build] Inserted 35600/96000 points, avg insert time (ms): 0.095
[Build] Inserted 35700/96000 points, avg insert time (ms): 0.050
[Build] Inserted 35800/96000 points, avg insert time (ms): 0.050
[Build] Inserted 35900/96000 points, avg insert time (ms): 0.121
[Build] Inserted 36000/96000 points, avg insert time (ms): 0.092
[Build] Inserted 36100/96000 points, avg insert time (ms): 0.069
[Build] Inserted 36200/96000 points, avg insert time (ms): 0.048
[Build] Inserted 36300/96000 points, avg insert time (ms): 0.025
[Build] Inserted 36400/96000 points, avg insert time (ms): 0.001
[Build] Inserted 36500/96000 points, avg insert time (ms): 0.102
[Build] Inserted 36600/96000 points, avg insert time (ms): 0.026
[Build] Inserted 36700/96000 points, avg insert time (ms): 0.137
[Build] Inserted 36800/96000 points, avg insert time (ms): 0.090
[Build] Inserted 36900/96000 points, avg insert time (ms): 0.044
[Build] Inserted 37000/96000 points, avg insert time (ms): 0.044
[Build] Inserted 37100/96000 points, avg insert time (ms): 0.090
[Build] Inserted 37200/96000 points, avg insert time (ms): 0.067
[Build] Inserted 37300/96000 points, avg insert time (ms): 0.089
[Build] Inserted 37400/96000 points, avg insert time (ms): 0.046
[Build] Inserted 37500/96000 points, avg insert time (ms): 0.067
[Build] Inserted 37600/96000 points, avg insert time (ms): 0.045
[Build] Inserted 37700/96000 points, avg insert time (ms): 0.159
[Build] Inserted 37800/96000 points, avg insert time (ms): 0.071
[Build] Inserted 37900/96000 points, avg insert time (ms): 0.047
[Build] Inserted 38000/96000 points, avg insert time (ms): 0.067
[Build] Inserted 38100/96000 points, avg insert time (ms): 0.160
[Build] Inserted 38200/96000 points, avg insert time (ms): 0.162
[Build] Inserted 38300/96000 points, avg insert time (ms): 0.208
[Build] Inserted 38400/96000 points, avg insert time (ms): 0.116
[Build] Inserted 38500/96000 points, avg insert time (ms): 0.080
[Build] Inserted 38600/96000 points, avg insert time (ms): 0.024
[Build] Inserted 38700/96000 points, avg insert time (ms): 0.111
[Build] Inserted 38800/96000 points, avg insert time (ms): 0.170
[Build] Inserted 38900/96000 points, avg insert time (ms): 0.090
[Build] Inserted 39000/96000 points, avg insert time (ms): 0.138
[Build] Inserted 39100/96000 points, avg insert time (ms): 0.046
[Build] Inserted 39200/96000 points, avg insert time (ms): 0.138
[Build] Inserted 39300/96000 points, avg insert time (ms): 0.025
[Build] Inserted 39400/96000 points, avg insert time (ms): 0.051
[Build] Inserted 39500/96000 points, avg insert time (ms): 0.142
[Build] Inserted 39600/96000 points, avg insert time (ms): 0.138
[Build] Inserted 39700/96000 points, avg insert time (ms): 0.090
[Build] Inserted 39800/96000 points, avg insert time (ms): 0.026
[Build] Inserted 39900/96000 points, avg insert time (ms): 0.083
[Build] Inserted 40000/96000 points, avg insert time (ms): 0.115
[Build] Inserted 40100/96000 points, avg insert time (ms): 0.066
[Build] Inserted 40200/96000 points, avg insert time (ms): 0.000
[Build] Inserted 40300/96000 points, avg insert time (ms): 0.043
[Build] Inserted 40400/96000 points, avg insert time (ms): 0.105
[Build] Inserted 40500/96000 points, avg insert time (ms): 0.104
[Build] Inserted 40600/96000 points, avg insert time (ms): 0.021
[Build] Inserted 40700/96000 points, avg insert time (ms): 0.086
[Build] Inserted 40800/96000 points, avg insert time (ms): 0.022
[Build] Inserted 40900/96000 points, avg insert time (ms): 0.064
[Build] Inserted 41000/96000 points, avg insert time (ms): 0.066
[Build] Inserted 41100/96000 points, avg insert time (ms): 0.068
[Build] Inserted 41200/96000 points, avg insert time (ms): 0.001
[Build] Inserted 41300/96000 points, avg insert time (ms): 0.065
[Build] Inserted 41400/96000 points, avg insert time (ms): 0.022
[Build] Inserted 41500/96000 points, avg insert time (ms): 0.023
[Build] Inserted 41600/96000 points, avg insert time (ms): 0.044
[Build] Inserted 41700/96000 points, avg insert time (ms): 0.092
[Build] Inserted 41800/96000 points, avg insert time (ms): 0.068
[Build] Inserted 41900/96000 points, avg insert time (ms): 0.087
[Build] Inserted 42000/96000 points, avg insert time (ms): 0.133
[Build] Inserted 42100/96000 points, avg insert time (ms): 0.110
[Build] Inserted 42200/96000 points, avg insert time (ms): 0.152
[Build] Inserted 42300/96000 points, avg insert time (ms): 0.044
[Build] Inserted 42400/96000 points, avg insert time (ms): 0.108
[Build] Inserted 42500/96000 points, avg insert time (ms): 0.149
[Build] Inserted 42600/96000 points, avg insert time (ms): 0.113
[Build] Inserted 42700/96000 points, avg insert time (ms): 0.089
[Build] Inserted 42800/96000 points, avg insert time (ms): 0.069
[Build] Inserted 42900/96000 points, avg insert time (ms): 0.067
[Build] Inserted 43000/96000 points, avg insert time (ms): 0.065
[Build] Inserted 43100/96000 points, avg insert time (ms): 0.045
[Build] Inserted 43200/96000 points, avg insert time (ms): 0.133
[Build] Inserted 43300/96000 points, avg insert time (ms): 0.157
[Build] Inserted 43400/96000 points, avg insert time (ms): 0.111
[Build] Inserted 43500/96000 points, avg insert time (ms): 0.090
[Build] Inserted 43600/96000 points, avg insert time (ms): 0.118
[Build] Inserted 43700/96000 points, avg insert time (ms): 0.075
[Build] Inserted 43800/96000 points, avg insert time (ms): 0.049
[Build] Inserted 43900/96000 points, avg insert time (ms): 0.072
[Build] Inserted 44000/96000 points, avg insert time (ms): 0.094
[Build] Inserted 44100/96000 points, avg insert time (ms): 0.117
[Build] Inserted 44200/96000 points, avg insert time (ms): 0.067
[Build] Inserted 44300/96000 points, avg insert time (ms): 0.088
[Build] Inserted 44400/96000 points, avg insert time (ms): 0.053
[Build] Inserted 44500/96000 points, avg insert time (ms): 0.110
[Build] Inserted 44600/96000 points, avg insert time (ms): 0.086
[Build] Inserted 44700/96000 points, avg insert time (ms): 0.064
[Build] Inserted 44800/96000 points, avg insert time (ms): 0.023
[Build] Inserted 44900/96000 points, avg insert time (ms): 0.046
[Build] Inserted 45000/96000 points, avg insert time (ms): 0.088
[Build] Inserted 45100/96000 points, avg insert time (ms): 0.025
[Build] Inserted 45200/96000 points, avg insert time (ms): 0.111
[Build] Inserted 45300/96000 points, avg insert time (ms): 0.023
[Build] Inserted 45400/96000 points, avg insert time (ms): 0.072
[Build] Inserted 45500/96000 points, avg insert time (ms): 0.068
[Build] Inserted 45600/96000 points, avg insert time (ms): 0.047
[Build] Inserted 45700/96000 points, avg insert time (ms): 0.068
[Build] Inserted 45800/96000 points, avg insert time (ms): 0.046
[Build] Inserted 45900/96000 points, avg insert time (ms): 0.048
[Build] Inserted 46000/96000 points, avg insert time (ms): 0.068
[Build] Inserted 46100/96000 points, avg insert time (ms): 0.088
[Build] Inserted 46200/96000 points, avg insert time (ms): 0.106
[Build] Inserted 46300/96000 points, avg insert time (ms): 0.049
[Build] Inserted 46400/96000 points, avg insert time (ms): 0.046
[Build] Inserted 46500/96000 points, avg insert time (ms): 0.047
[Build] Inserted 46600/96000 points, avg insert time (ms): 0.116
[Build] Inserted 46700/96000 points, avg insert time (ms): 0.162
[Build] Inserted 46800/96000 points, avg insert time (ms): 0.001
[Build] Inserted 46900/96000 points, avg insert time (ms): 0.047
[Build] Inserted 47000/96000 points, avg insert time (ms): 0.115
[Build] Inserted 47100/96000 points, avg insert time (ms): 0.093
[Build] Inserted 47200/96000 points, avg insert time (ms): 0.024
[Build] Inserted 47300/96000 points, avg insert time (ms): 0.068
[Build] Inserted 47400/96000 points, avg insert time (ms): 0.024
[Build] Inserted 47500/96000 points, avg insert time (ms): 0.068
[Build] Inserted 47600/96000 points, avg insert time (ms): 0.072
[Build] Inserted 47700/96000 points, avg insert time (ms): 0.046
[Build] Inserted 47800/96000 points, avg insert time (ms): 0.001
[Build] Inserted 47900/96000 points, avg insert time (ms): 0.067
[Build] Inserted 48000/96000 points, avg insert time (ms): 0.089
[Build] Inserted 48100/96000 points, avg insert time (ms): 0.069
[Build] Inserted 48200/96000 points, avg insert time (ms): 0.097
[Build] Inserted 48300/96000 points, avg insert time (ms): 0.046
[Build] Inserted 48400/96000 points, avg insert time (ms): 0.069
[Build] Inserted 48500/96000 points, avg insert time (ms): 0.113
[Build] Inserted 48600/96000 points, avg insert time (ms): 0.048
[Build] Inserted 48700/96000 points, avg insert time (ms): 0.045
[Build] Inserted 48800/96000 points, avg insert time (ms): 0.089
[Build] Inserted 48900/96000 points, avg insert time (ms): 0.090
[Build] Inserted 49000/96000 points, avg insert time (ms): 0.050
[Build] Inserted 49100/96000 points, avg insert time (ms): 0.120
[Build] Inserted 49200/96000 points, avg insert time (ms): 0.074
[Build] Inserted 49300/96000 points, avg insert time (ms): 0.072
[Build] Inserted 49400/96000 points, avg insert time (ms): 0.073
[Build] Inserted 49500/96000 points, avg insert time (ms): 0.001
[Build] Inserted 49600/96000 points, avg insert time (ms): 0.120
[Build] Inserted 49700/96000 points, avg insert time (ms): 0.119
[Build] Inserted 49800/96000 points, avg insert time (ms): 0.098
[Build] Inserted 49900/96000 points, avg insert time (ms): 0.093
[Build] Inserted 50000/96000 points, avg insert time (ms): 0.050
[Build] Inserted 50100/96000 points, avg insert time (ms): 0.119
[Build] Inserted 50200/96000 points, avg insert time (ms): 0.025
[Build] Inserted 50300/96000 points, avg insert time (ms): 0.119
[Build] Inserted 50400/96000 points, avg insert time (ms): 0.025
[Build] Inserted 50500/96000 points, avg insert time (ms): 0.095
[Build] Inserted 50600/96000 points, avg insert time (ms): 0.119
[Build] Inserted 50700/96000 points, avg insert time (ms): 0.050
[Build] Inserted 50800/96000 points, avg insert time (ms): 0.071
[Build] Inserted 50900/96000 points, avg insert time (ms): 0.069
[Build] Inserted 51000/96000 points, avg insert time (ms): 0.068
[Build] Inserted 51100/96000 points, avg insert time (ms): 0.001
[Build] Inserted 51200/96000 points, avg insert time (ms): 0.069
[Build] Inserted 51300/96000 points, avg insert time (ms): 0.138
[Build] Inserted 51400/96000 points, avg insert time (ms): 0.116
[Build] Inserted 51500/96000 points, avg insert time (ms): 0.074
[Build] Inserted 51600/96000 points, avg insert time (ms): 0.050
[Build] Inserted 51700/96000 points, avg insert time (ms): 0.050
[Build] Inserted 51800/96000 points, avg insert time (ms): 0.048
[Build] Inserted 51900/96000 points, avg insert time (ms): 0.025
[Build] Inserted 52000/96000 points, avg insert time (ms): 0.076
[Build] Inserted 52100/96000 points, avg insert time (ms): 0.111
[Build] Inserted 52200/96000 points, avg insert time (ms): 0.079
[Build] Inserted 52300/96000 points, avg insert time (ms): 0.102
[Build] Inserted 52400/96000 points, avg insert time (ms): 0.001
[Build] Inserted 52500/96000 points, avg insert time (ms): 0.029
[Build] Inserted 52600/96000 points, avg insert time (ms): 0.029
[Build] Inserted 52700/96000 points, avg insert time (ms): 0.027
[Build] Inserted 52800/96000 points, avg insert time (ms): 0.104
[Build] Inserted 52900/96000 points, avg insert time (ms): 0.100
[Build] Inserted 53000/96000 points, avg insert time (ms): 0.051
[Build] Inserted 53100/96000 points, avg insert time (ms): 0.050
[Build] Inserted 53200/96000 points, avg insert time (ms): 0.094
[Build] Inserted 53300/96000 points, avg insert time (ms): 0.073
[Build] Inserted 53400/96000 points, avg insert time (ms): 0.025
[Build] Inserted 53500/96000 points, avg insert time (ms): 0.025
[Build] Inserted 53600/96000 points, avg insert time (ms): 0.025
[Build] Inserted 53700/96000 points, avg insert time (ms): 0.026
[Build] Inserted 53800/96000 points, avg insert time (ms): 0.113
[Build] Inserted 53900/96000 points, avg insert time (ms): 0.095
[Build] Inserted 54000/96000 points, avg insert time (ms): 0.074
[Build] Inserted 54100/96000 points, avg insert time (ms): 0.095
[Build] Inserted 54200/96000 points, avg insert time (ms): 0.026
[Build] Inserted 54300/96000 points, avg insert time (ms): 0.026
[Build] Inserted 54400/96000 points, avg insert time (ms): 0.076
[Build] Inserted 54500/96000 points, avg insert time (ms): 0.122
[Build] Inserted 54600/96000 points, avg insert time (ms): 0.095
[Build] Inserted 54700/96000 points, avg insert time (ms): 0.048
[Build] Inserted 54800/96000 points, avg insert time (ms): 0.093
[Build] Inserted 54900/96000 points, avg insert time (ms): 0.070
[Build] Inserted 55000/96000 points, avg insert time (ms): 0.090
[Build] Inserted 55100/96000 points, avg insert time (ms): 0.156
[Build] Inserted 55200/96000 points, avg insert time (ms): 0.045
[Build] Inserted 55300/96000 points, avg insert time (ms): 0.045
[Build] Inserted 55400/96000 points, avg insert time (ms): 0.090
[Build] Inserted 55500/96000 points, avg insert time (ms): 0.050
[Build] Inserted 55600/96000 points, avg insert time (ms): 0.025
[Build] Inserted 55700/96000 points, avg insert time (ms): 0.090
[Build] Inserted 55800/96000 points, avg insert time (ms): 0.113
[Build] Inserted 55900/96000 points, avg insert time (ms): 0.067
[Build] Inserted 56000/96000 points, avg insert time (ms): 0.023
[Build] Inserted 56100/96000 points, avg insert time (ms): 0.045
[Build] Inserted 56200/96000 points, avg insert time (ms): 0.090
[Build] Inserted 56300/96000 points, avg insert time (ms): 0.066
[Build] Inserted 56400/96000 points, avg insert time (ms): 0.090
[Build] Inserted 56500/96000 points, avg insert time (ms): 0.025
[Build] Inserted 56600/96000 points, avg insert time (ms): 0.047
[Build] Inserted 56700/96000 points, avg insert time (ms): 0.025
[Build] Inserted 56800/96000 points, avg insert time (ms): 0.049
[Build] Inserted 56900/96000 points, avg insert time (ms): 0.091
[Build] Inserted 57000/96000 points, avg insert time (ms): 0.070
[Build] Inserted 57100/96000 points, avg insert time (ms): 0.045
[Build] Inserted 57200/96000 points, avg insert time (ms): 0.088
[Build] Inserted 57300/96000 points, avg insert time (ms): 0.090
[Build] Inserted 57400/96000 points, avg insert time (ms): 0.047
[Build] Inserted 57500/96000 points, avg insert time (ms): 0.069
[Build] Inserted 57600/96000 points, avg insert time (ms): 0.068
[Build] Inserted 57700/96000 points, avg insert time (ms): 0.068
[Build] Inserted 57800/96000 points, avg insert time (ms): 0.086
[Build] Inserted 57900/96000 points, avg insert time (ms): 0.067
[Build] Inserted 58000/96000 points, avg insert time (ms): 0.023
[Build] Inserted 58100/96000 points, avg insert time (ms): 0.043
[Build] Inserted 58200/96000 points, avg insert time (ms): 0.022
[Build] Inserted 58300/96000 points, avg insert time (ms): 0.133
[Build] Inserted 58400/96000 points, avg insert time (ms): 0.024
[Build] Inserted 58500/96000 points, avg insert time (ms): 0.047
[Build] Inserted 58600/96000 points, avg insert time (ms): 0.088
[Build] Inserted 58700/96000 points, avg insert time (ms): 0.149
[Build] Inserted 58800/96000 points, avg insert time (ms): 0.048
[Build] Inserted 58900/96000 points, avg insert time (ms): 0.089
[Build] Inserted 59000/96000 points, avg insert time (ms): 0.024
[Build] Inserted 59100/96000 points, avg insert time (ms): 0.045
[Build] Inserted 59200/96000 points, avg insert time (ms): 0.045
[Build] Inserted 59300/96000 points, avg insert time (ms): 0.069
[Build] Inserted 59400/96000 points, avg insert time (ms): 0.086
[Build] Inserted 59500/96000 points, avg insert time (ms): 0.087
[Build] Inserted 59600/96000 points, avg insert time (ms): 0.067
[Build] Inserted 59700/96000 points, avg insert time (ms): 0.111
[Build] Inserted 59800/96000 points, avg insert time (ms): 0.023
[Build] Inserted 59900/96000 points, avg insert time (ms): 0.045
[Build] Inserted 60000/96000 points, avg insert time (ms): 0.045
[Build] Inserted 60100/96000 points, avg insert time (ms): 0.139
[Build] Inserted 60200/96000 points, avg insert time (ms): 0.025
[Build] Inserted 60300/96000 points, avg insert time (ms): 0.117
[Build] Inserted 60400/96000 points, avg insert time (ms): 0.049
[Build] Inserted 60500/96000 points, avg insert time (ms): 0.001
[Build] Inserted 60600/96000 points, avg insert time (ms): 0.025
[Build] Inserted 60700/96000 points, avg insert time (ms): 0.023
[Build] Inserted 60800/96000 points, avg insert time (ms): 0.024
[Build] Inserted 60900/96000 points, avg insert time (ms): 0.117
[Build] Inserted 61000/96000 points, avg insert time (ms): 0.047
[Build] Inserted 61100/96000 points, avg insert time (ms): 0.114
[Build] Inserted 61200/96000 points, avg insert time (ms): 0.177
[Build] Inserted 61300/96000 points, avg insert time (ms): 0.049
[Build] Inserted 61400/96000 points, avg insert time (ms): 0.146
[Build] Inserted 61500/96000 points, avg insert time (ms): 0.098
[Build] Inserted 61600/96000 points, avg insert time (ms): 0.071
[Build] Inserted 61700/96000 points, avg insert time (ms): 0.053
[Build] Inserted 61800/96000 points, avg insert time (ms): 0.163
[Build] Inserted 61900/96000 points, avg insert time (ms): 0.047
[Build] Inserted 62000/96000 points, avg insert time (ms): 0.091
[Build] Inserted 62100/96000 points, avg insert time (ms): 0.120
[Build] Inserted 62200/96000 points, avg insert time (ms): 0.080
[Build] Inserted 62300/96000 points, avg insert time (ms): 0.166
[Build] Inserted 62400/96000 points, avg insert time (ms): 0.049
[Build] Inserted 62500/96000 points, avg insert time (ms): 0.048
[Build] Inserted 62600/96000 points, avg insert time (ms): 0.072
[Build] Inserted 62700/96000 points, avg insert time (ms): 0.072
[Build] Inserted 62800/96000 points, avg insert time (ms): 0.046
[Build] Inserted 62900/96000 points, avg insert time (ms): 0.069
[Build] Inserted 63000/96000 points, avg insert time (ms): 0.001
[Build] Inserted 63100/96000 points, avg insert time (ms): 0.096
[Build] Inserted 63200/96000 points, avg insert time (ms): 0.238
[Build] Inserted 63300/96000 points, avg insert time (ms): 0.093
[Build] Inserted 63400/96000 points, avg insert time (ms): 0.024
[Build] Inserted 63500/96000 points, avg insert time (ms): 0.093
[Build] Inserted 63600/96000 points, avg insert time (ms): 0.139
[Build] Inserted 63700/96000 points, avg insert time (ms): 0.068
[Build] Inserted 63800/96000 points, avg insert time (ms): 0.092
[Build] Inserted 63900/96000 points, avg insert time (ms): 0.113
[Build] Inserted 64000/96000 points, avg insert time (ms): 0.090
[Build] Inserted 64100/96000 points, avg insert time (ms): 0.111
[Build] Inserted 64200/96000 points, avg insert time (ms): 0.158
[Build] Inserted 64300/96000 points, avg insert time (ms): 0.023
[Build] Inserted 64400/96000 points, avg insert time (ms): 0.069
[Build] Inserted 64500/96000 points, avg insert time (ms): 0.096
[Build] Inserted 64600/96000 points, avg insert time (ms): 0.158
[Build] Inserted 64700/96000 points, avg insert time (ms): 0.077
[Build] Inserted 64800/96000 points, avg insert time (ms): 0.026
[Build] Inserted 64900/96000 points, avg insert time (ms): 0.091
[Build] Inserted 65000/96000 points, avg insert time (ms): 0.047
[Build] Inserted 65100/96000 points, avg insert time (ms): 0.114
[Build] Inserted 65200/96000 points, avg insert time (ms): 0.114
[Build] Inserted 65300/96000 points, avg insert time (ms): 0.071
[Build] Inserted 65400/96000 points, avg insert time (ms): 0.049
[Build] Inserted 65500/96000 points, avg insert time (ms): 0.026
[Build] Inserted 65600/96000 points, avg insert time (ms): 0.047
[Build] Inserted 65700/96000 points, avg insert time (ms): 0.113
[Build] Inserted 65800/96000 points, avg insert time (ms): 0.070
[Build] Inserted 65900/96000 points, avg insert time (ms): 0.071
[Build] Inserted 66000/96000 points, avg insert time (ms): 0.121
[Build] Inserted 66100/96000 points, avg insert time (ms): 0.046
[Build] Inserted 66200/96000 points, avg insert time (ms): 0.048
[Build] Inserted 66300/96000 points, avg insert time (ms): 0.001
[Build] Inserted 66400/96000 points, avg insert time (ms): 0.048
[Build] Inserted 66500/96000 points, avg insert time (ms): 0.047
[Build] Inserted 66600/96000 points, avg insert time (ms): 0.095
[Build] Inserted 66700/96000 points, avg insert time (ms): 0.115
[Build] Inserted 66800/96000 points, avg insert time (ms): 0.182
[Build] Inserted 66900/96000 points, avg insert time (ms): 0.115
[Build] Inserted 67000/96000 points, avg insert time (ms): 0.090
[Build] Inserted 67100/96000 points, avg insert time (ms): 0.098
[Build] Inserted 67200/96000 points, avg insert time (ms): 0.068
[Build] Inserted 67300/96000 points, avg insert time (ms): 0.093
[Build] Inserted 67400/96000 points, avg insert time (ms): 0.070
[Build] Inserted 67500/96000 points, avg insert time (ms): 0.047
[Build] Inserted 67600/96000 points, avg insert time (ms): 0.092
[Build] Inserted 67700/96000 points, avg insert time (ms): 0.048
[Build] Inserted 67800/96000 points, avg insert time (ms): 0.049
[Build] Inserted 67900/96000 points, avg insert time (ms): 0.073
[Build] Inserted 68000/96000 points, avg insert time (ms): 0.050
[Build] Inserted 68100/96000 points, avg insert time (ms): 0.071
[Build] Inserted 68200/96000 points, avg insert time (ms): 0.070
[Build] Inserted 68300/96000 points, avg insert time (ms): 0.143
[Build] Inserted 68400/96000 points, avg insert time (ms): 0.051
[Build] Inserted 68500/96000 points, avg insert time (ms): 0.050
[Build] Inserted 68600/96000 points, avg insert time (ms): 0.127
[Build] Inserted 68700/96000 points, avg insert time (ms): 0.141
[Build] Inserted 68800/96000 points, avg insert time (ms): 0.069
[Build] Inserted 68900/96000 points, avg insert time (ms): 0.225
[Build] Inserted 69000/96000 points, avg insert time (ms): 0.049
[Build] Inserted 69100/96000 points, avg insert time (ms): 0.070
[Build] Inserted 69200/96000 points, avg insert time (ms): 0.133
[Build] Inserted 69300/96000 points, avg insert time (ms): 0.046
[Build] Inserted 69400/96000 points, avg insert time (ms): 0.088
[Build] Inserted 69500/96000 points, avg insert time (ms): 0.024
[Build] Inserted 69600/96000 points, avg insert time (ms): 0.026
[Build] Inserted 69700/96000 points, avg insert time (ms): 0.103
[Build] Inserted 69800/96000 points, avg insert time (ms): 0.072
[Build] Inserted 69900/96000 points, avg insert time (ms): 0.090
[Build] Inserted 70000/96000 points, avg insert time (ms): 0.023
[Build] Inserted 70100/96000 points, avg insert time (ms): 0.113
[Build] Inserted 70200/96000 points, avg insert time (ms): 0.116
[Build] Inserted 70300/96000 points, avg insert time (ms): 0.047
[Build] Inserted 70400/96000 points, avg insert time (ms): 0.120
[Build] Inserted 70500/96000 points, avg insert time (ms): 0.071
[Build] Inserted 70600/96000 points, avg insert time (ms): 0.024
[Build] Inserted 70700/96000 points, avg insert time (ms): 0.049
[Build] Inserted 70800/96000 points, avg insert time (ms): 0.073
[Build] Inserted 70900/96000 points, avg insert time (ms): 0.088
[Build] Inserted 71000/96000 points, avg insert time (ms): 0.046
[Build] Inserted 71100/96000 points, avg insert time (ms): 0.045
[Build] Inserted 71200/96000 points, avg insert time (ms): 0.068
[Build] Inserted 71300/96000 points, avg insert time (ms): 0.025
[Build] Inserted 71400/96000 points, avg insert time (ms): 0.024
[Build] Inserted 71500/96000 points, avg insert time (ms): 0.094
[Build] Inserted 71600/96000 points, avg insert time (ms): 0.154
[Build] Inserted 71700/96000 points, avg insert time (ms): 0.112
[Build] Inserted 71800/96000 points, avg insert time (ms): 0.045
[Build] Inserted 71900/96000 points, avg insert time (ms): 0.044
[Build] Inserted 72000/96000 points, avg insert time (ms): 0.069
[Build] Inserted 72100/96000 points, avg insert time (ms): 0.111
[Build] Inserted 72200/96000 points, avg insert time (ms): 0.046
[Build] Inserted 72300/96000 points, avg insert time (ms): 0.136
[Build] Inserted 72400/96000 points, avg insert time (ms): 0.143
[Build] Inserted 72500/96000 points, avg insert time (ms): 0.094
[Build] Inserted 72600/96000 points, avg insert time (ms): 0.048
[Build] Inserted 72700/96000 points, avg insert time (ms): 0.046
[Build] Inserted 72800/96000 points, avg insert time (ms): 0.023
[Build] Inserted 72900/96000 points, avg insert time (ms): 0.024
[Build] Inserted 73000/96000 points, avg insert time (ms): 0.001
[Build] Inserted 73100/96000 points, avg insert time (ms): 0.001
[Build] Inserted 73200/96000 points, avg insert time (ms): 0.050
[Build] Inserted 73300/96000 points, avg insert time (ms): 0.098
[Build] Inserted 73400/96000 points, avg insert time (ms): 0.097
[Build] Inserted 73500/96000 points, avg insert time (ms): 0.075
[Build] Inserted 73600/96000 points, avg insert time (ms): 0.096
[Build] Inserted 73700/96000 points, avg insert time (ms): 0.001
[Build] Inserted 73800/96000 points, avg insert time (ms): 0.150
[Build] Inserted 73900/96000 points, avg insert time (ms): 0.023
[Build] Inserted 74000/96000 points, avg insert time (ms): 0.069
[Build] Inserted 74100/96000 points, avg insert time (ms): 0.066
[Build] Inserted 74200/96000 points, avg insert time (ms): 0.086
[Build] Inserted 74300/96000 points, avg insert time (ms): 0.068
[Build] Inserted 74400/96000 points, avg insert time (ms): 0.086
[Build] Inserted 74500/96000 points, avg insert time (ms): 0.046
[Build] Inserted 74600/96000 points, avg insert time (ms): 0.067
[Build] Inserted 74700/96000 points, avg insert time (ms): 0.110
[Build] Inserted 74800/96000 points, avg insert time (ms): 0.046
[Build] Inserted 74900/96000 points, avg insert time (ms): 0.069
[Build] Inserted 75000/96000 points, avg insert time (ms): 0.024
[Build] Inserted 75100/96000 points, avg insert time (ms): 0.090
[Build] Inserted 75200/96000 points, avg insert time (ms): 0.183
[Build] Inserted 75300/96000 points, avg insert time (ms): 0.025
[Build] Inserted 75400/96000 points, avg insert time (ms): 0.070
[Build] Inserted 75500/96000 points, avg insert time (ms): 0.092
[Build] Inserted 75600/96000 points, avg insert time (ms): 0.047
[Build] Inserted 75700/96000 points, avg insert time (ms): 0.070
[Build] Inserted 75800/96000 points, avg insert time (ms): 0.025
[Build] Inserted 75900/96000 points, avg insert time (ms): 0.046
[Build] Inserted 76000/96000 points, avg insert time (ms): 0.069
[Build] Inserted 76100/96000 points, avg insert time (ms): 0.091
[Build] Inserted 76200/96000 points, avg insert time (ms): 0.024
[Build] Inserted 76300/96000 points, avg insert time (ms): 0.071
[Build] Inserted 76400/96000 points, avg insert time (ms): 0.047
[Build] Inserted 76500/96000 points, avg insert time (ms): 0.092
[Build] Inserted 76600/96000 points, avg insert time (ms): 0.071
[Build] Inserted 76700/96000 points, avg insert time (ms): 0.075
[Build] Inserted 76800/96000 points, avg insert time (ms): 0.052
[Build] Inserted 76900/96000 points, avg insert time (ms): 0.051
[Build] Inserted 77000/96000 points, avg insert time (ms): 0.077
[Build] Inserted 77100/96000 points, avg insert time (ms): 0.124
[Build] Inserted 77200/96000 points, avg insert time (ms): 0.048
[Build] Inserted 77300/96000 points, avg insert time (ms): 0.073
[Build] Inserted 77400/96000 points, avg insert time (ms): 0.167
[Build] Inserted 77500/96000 points, avg insert time (ms): 0.025
[Build] Inserted 77600/96000 points, avg insert time (ms): 0.145
[Build] Inserted 77700/96000 points, avg insert time (ms): 0.070
[Build] Inserted 77800/96000 points, avg insert time (ms): 0.001
[Build] Inserted 77900/96000 points, avg insert time (ms): 0.126
[Build] Inserted 78000/96000 points, avg insert time (ms): 0.050
[Build] Inserted 78100/96000 points, avg insert time (ms): 0.075
[Build] Inserted 78200/96000 points, avg insert time (ms): 0.026
[Build] Inserted 78300/96000 points, avg insert time (ms): 0.096
[Build] Inserted 78400/96000 points, avg insert time (ms): 0.070
[Build] Inserted 78500/96000 points, avg insert time (ms): 0.072
[Build] Inserted 78600/96000 points, avg insert time (ms): 0.099
[Build] Inserted 78700/96000 points, avg insert time (ms): 0.096
[Build] Inserted 78800/96000 points, avg insert time (ms): 0.142
[Build] Inserted 78900/96000 points, avg insert time (ms): 0.072
[Build] Inserted 79000/96000 points, avg insert time (ms): 0.050
[Build] Inserted 79100/96000 points, avg insert time (ms): 0.072
[Build] Inserted 79200/96000 points, avg insert time (ms): 0.074
[Build] Inserted 79300/96000 points, avg insert time (ms): 0.145
[Build] Inserted 79400/96000 points, avg insert time (ms): 0.073
[Build] Inserted 79500/96000 points, avg insert time (ms): 0.118
[Build] Inserted 79600/96000 points, avg insert time (ms): 0.072
[Build] Inserted 79700/96000 points, avg insert time (ms): 0.072
[Build] Inserted 79800/96000 points, avg insert time (ms): 0.048
[Build] Inserted 79900/96000 points, avg insert time (ms): 0.051
[Build] Inserted 80000/96000 points, avg insert time (ms): 0.050
[Build] Inserted 80100/96000 points, avg insert time (ms): 0.140
[Build] Inserted 80200/96000 points, avg insert time (ms): 0.053
[Build] Inserted 80300/96000 points, avg insert time (ms): 0.075
[Build] Inserted 80400/96000 points, avg insert time (ms): 0.052
[Build] Inserted 80500/96000 points, avg insert time (ms): 0.095
[Build] Inserted 80600/96000 points, avg insert time (ms): 0.047
[Build] Inserted 80700/96000 points, avg insert time (ms): 0.120
[Build] Inserted 80800/96000 points, avg insert time (ms): 0.076
[Build] Inserted 80900/96000 points, avg insert time (ms): 0.173
[Build] Inserted 81000/96000 points, avg insert time (ms): 0.027
[Build] Inserted 81100/96000 points, avg insert time (ms): 0.026
[Build] Inserted 81200/96000 points, avg insert time (ms): 0.081
[Build] Inserted 81300/96000 points, avg insert time (ms): 0.101
[Build] Inserted 81400/96000 points, avg insert time (ms): 0.097
[Build] Inserted 81500/96000 points, avg insert time (ms): 0.049
[Build] Inserted 81600/96000 points, avg insert time (ms): 0.069
[Build] Inserted 81700/96000 points, avg insert time (ms): 0.121
[Build] Inserted 81800/96000 points, avg insert time (ms): 0.119
[Build] Inserted 81900/96000 points, avg insert time (ms): 0.096
[Build] Inserted 82000/96000 points, avg insert time (ms): 0.073
[Build] Inserted 82100/96000 points, avg insert time (ms): 0.095
[Build] Inserted 82200/96000 points, avg insert time (ms): 0.140
[Build] Inserted 82300/96000 points, avg insert time (ms): 0.049
[Build] Inserted 82400/96000 points, avg insert time (ms): 0.171
[Build] Inserted 82500/96000 points, avg insert time (ms): 0.095
[Build] Inserted 82600/96000 points, avg insert time (ms): 0.049
[Build] Inserted 82700/96000 points, avg insert time (ms): 0.120
[Build] Inserted 82800/96000 points, avg insert time (ms): 0.053
[Build] Inserted 82900/96000 points, avg insert time (ms): 0.076
[Build] Inserted 83000/96000 points, avg insert time (ms): 0.001
[Build] Inserted 83100/96000 points, avg insert time (ms): 0.146
[Build] Inserted 83200/96000 points, avg insert time (ms): 0.048
[Build] Inserted 83300/96000 points, avg insert time (ms): 0.143
[Build] Inserted 83400/96000 points, avg insert time (ms): 0.093
[Build] Inserted 83500/96000 points, avg insert time (ms): 0.092
[Build] Inserted 83600/96000 points, avg insert time (ms): 0.117
[Build] Inserted 83700/96000 points, avg insert time (ms): 0.162
[Build] Inserted 83800/96000 points, avg insert time (ms): 0.053
[Build] Inserted 83900/96000 points, avg insert time (ms): 0.049
[Build] Inserted 84000/96000 points, avg insert time (ms): 0.099
[Build] Inserted 84100/96000 points, avg insert time (ms): 0.076
[Build] Inserted 84200/96000 points, avg insert time (ms): 0.139
[Build] Inserted 84300/96000 points, avg insert time (ms): 0.024
[Build] Inserted 84400/96000 points, avg insert time (ms): 0.117
[Build] Inserted 84500/96000 points, avg insert time (ms): 0.070
[Build] Inserted 84600/96000 points, avg insert time (ms): 0.074
[Build] Inserted 84700/96000 points, avg insert time (ms): 0.073
[Build] Inserted 84800/96000 points, avg insert time (ms): 0.073
[Build] Inserted 84900/96000 points, avg insert time (ms): 0.075
[Build] Inserted 85000/96000 points, avg insert time (ms): 0.073
[Build] Inserted 85100/96000 points, avg insert time (ms): 0.071
[Build] Inserted 85200/96000 points, avg insert time (ms): 0.097
[Build] Inserted 85300/96000 points, avg insert time (ms): 0.024
[Build] Inserted 85400/96000 points, avg insert time (ms): 0.070
[Build] Inserted 85500/96000 points, avg insert time (ms): 0.047
[Build] Inserted 85600/96000 points, avg insert time (ms): 0.024
[Build] Inserted 85700/96000 points, avg insert time (ms): 0.095
[Build] Inserted 85800/96000 points, avg insert time (ms): 0.142
[Build] Inserted 85900/96000 points, avg insert time (ms): 0.072
[Build] Inserted 86000/96000 points, avg insert time (ms): 0.024
[Build] Inserted 86100/96000 points, avg insert time (ms): 0.069
[Build] Inserted 86200/96000 points, avg insert time (ms): 0.069
[Build] Inserted 86300/96000 points, avg insert time (ms): 0.123
[Build] Inserted 86400/96000 points, avg insert time (ms): 0.073
[Build] Inserted 86500/96000 points, avg insert time (ms): 0.077
[Build] Inserted 86600/96000 points, avg insert time (ms): 0.125
[Build] Inserted 86700/96000 points, avg insert time (ms): 0.072
[Build] Inserted 86800/96000 points, avg insert time (ms): 0.025
[Build] Inserted 86900/96000 points, avg insert time (ms): 0.028
[Build] Inserted 87000/96000 points, avg insert time (ms): 0.051
[Build] Inserted 87100/96000 points, avg insert time (ms): 0.122
[Build] Inserted 87200/96000 points, avg insert time (ms): 0.233
[Build] Inserted 87300/96000 points, avg insert time (ms): 0.071
[Build] Inserted 87400/96000 points, avg insert time (ms): 0.025
[Build] Inserted 87500/96000 points, avg insert time (ms): 0.096
[Build] Inserted 87600/96000 points, avg insert time (ms): 0.120
[Build] Inserted 87700/96000 points, avg insert time (ms): 0.119
[Build] Inserted 87800/96000 points, avg insert time (ms): 0.071
[Build] Inserted 87900/96000 points, avg insert time (ms): 0.001
[Build] Inserted 88000/96000 points, avg insert time (ms): 0.026
[Build] Inserted 88100/96000 points, avg insert time (ms): 0.025
[Build] Inserted 88200/96000 points, avg insert time (ms): 0.116
[Build] Inserted 88300/96000 points, avg insert time (ms): 0.070
[Build] Inserted 88400/96000 points, avg insert time (ms): 0.116
[Build] Inserted 88500/96000 points, avg insert time (ms): 0.048
[Build] Inserted 88600/96000 points, avg insert time (ms): 0.096
[Build] Inserted 88700/96000 points, avg insert time (ms): 0.047
[Build] Inserted 88800/96000 points, avg insert time (ms): 0.049
[Build] Inserted 88900/96000 points, avg insert time (ms): 0.050
[Build] Inserted 89000/96000 points, avg insert time (ms): 0.048
[Build] Inserted 89100/96000 points, avg insert time (ms): 0.119
[Build] Inserted 89200/96000 points, avg insert time (ms): 0.095
[Build] Inserted 89300/96000 points, avg insert time (ms): 0.094
[Build] Inserted 89400/96000 points, avg insert time (ms): 0.024
[Build] Inserted 89500/96000 points, avg insert time (ms): 0.024
[Build] Inserted 89600/96000 points, avg insert time (ms): 0.024
[Build] Inserted 89700/96000 points, avg insert time (ms): 0.068
[Build] Inserted 89800/96000 points, avg insert time (ms): 0.137
[Build] Inserted 89900/96000 points, avg insert time (ms): 0.090
[Build] Inserted 90000/96000 points, avg insert time (ms): 0.001
[Build] Inserted 90100/96000 points, avg insert time (ms): 0.257
[Build] Inserted 90200/96000 points, avg insert time (ms): 0.164
[Build] Inserted 90300/96000 points, avg insert time (ms): 0.110
[Build] Inserted 90400/96000 points, avg insert time (ms): 0.141
[Build] Inserted 90500/96000 points, avg insert time (ms): 0.114
[Build] Inserted 90600/96000 points, avg insert time (ms): 0.049
[Build] Inserted 90700/96000 points, avg insert time (ms): 0.025
[Build] Inserted 90800/96000 points, avg insert time (ms): 0.095
[Build] Inserted 90900/96000 points, avg insert time (ms): 0.117
[Build] Inserted 91000/96000 points, avg insert time (ms): 0.025
[Build] Inserted 91100/96000 points, avg insert time (ms): 0.048
[Build] Inserted 91200/96000 points, avg insert time (ms): 0.025
[Build] Inserted 91300/96000 points, avg insert time (ms): 0.073
[Build] Inserted 91400/96000 points, avg insert time (ms): 0.049
[Build] Inserted 91500/96000 points, avg insert time (ms): 0.048
[Build] Inserted 91600/96000 points, avg insert time (ms): 0.052
[Build] Inserted 91700/96000 points, avg insert time (ms): 0.026
[Build] Inserted 91800/96000 points, avg insert time (ms): 0.123
[Build] Inserted 91900/96000 points, avg insert time (ms): 0.097
[Build] Inserted 92000/96000 points, avg insert time (ms): 0.096
[Build] Inserted 92100/96000 points, avg insert time (ms): 0.117
[Build] Inserted 92200/96000 points, avg insert time (ms): 0.048
[Build] Inserted 92300/96000 points, avg insert time (ms): 0.096
[Build] Inserted 92400/96000 points, avg insert time (ms): 0.094
[Build] Inserted 92500/96000 points, avg insert time (ms): 0.070
[Build] Inserted 92600/96000 points, avg insert time (ms): 0.091
[Build] Inserted 92700/96000 points, avg insert time (ms): 0.025
[Build] Inserted 92800/96000 points, avg insert time (ms): 0.049
[Build] Inserted 92900/96000 points, avg insert time (ms): 0.024
[Build] Inserted 93000/96000 points, avg insert time (ms): 0.070
[Build] Inserted 93100/96000 points, avg insert time (ms): 0.025
[Build] Inserted 93200/96000 points, avg insert time (ms): 0.070
[Build] Inserted 93300/96000 points, avg insert time (ms): 0.024
[Build] Inserted 93400/96000 points, avg insert time (ms): 0.072
[Build] Inserted 93500/96000 points, avg insert time (ms): 0.049
[Build] Inserted 93600/96000 points, avg insert time (ms): 0.048
[Build] Inserted 93700/96000 points, avg insert time (ms): 0.047
[Build] Inserted 93800/96000 points, avg insert time (ms): 0.091
[Build] Inserted 93900/96000 points, avg insert time (ms): 0.026
[Build] Inserted 94000/96000 points, avg insert time (ms): 0.025
[Build] Inserted 94100/96000 points, avg insert time (ms): 0.096
[Build] Inserted 94200/96000 points, avg insert time (ms): 0.049
[Build] Inserted 94300/96000 points, avg insert time (ms): 0.049
[Build] Inserted 94400/96000 points, avg insert time (ms): 0.097
[Build] Inserted 94500/96000 points, avg insert time (ms): 0.141
[Build] Inserted 94600/96000 points, avg insert time (ms): 0.216
[Build] Inserted 94700/96000 points, avg insert time (ms): 0.026
[Build] Inserted 94800/96000 points, avg insert time (ms): 0.140
[Build] Inserted 94900/96000 points, avg insert time (ms): 0.093
[Build] Inserted 95000/96000 points, avg insert time (ms): 0.025
[Build] Inserted 95100/96000 points, avg insert time (ms): 0.096
[Build] Inserted 95200/96000 points, avg insert time (ms): 0.073
[Build] Inserted 95300/96000 points, avg insert time (ms): 0.049
[Build] Inserted 95400/96000 points, avg insert time (ms): 0.098
[Build] Inserted 95500/96000 points, avg insert time (ms): 0.131
[Build] Inserted 95600/96000 points, avg insert time (ms): 0.146
[Build] Inserted 95700/96000 points, avg insert time (ms): 0.073
[Build] Inserted 95800/96000 points, avg insert time (ms): 0.140
[Build] Inserted 95900/96000 points, avg insert time (ms): 0.048
[Build] Inserted 96000/96000 points, avg insert time (ms): 0.073
[Timing] Total insertion time: 8.04 s
[Build] Starting queries...
[Query] Processed 1/1 queries, avg query time (ms): 15.675
[Timing] Total query time: 0.02 s
[Eval] Computing ground truth top-K...
[Timing] Ground truth (FAISS): 0.00 s (2.601 ms/query)
[Timing] Ground truth computation: 1.32 s
[Eval] Computing recall metrics...
[Timing] Recall evaluation: 0.01 s
[Eval] Computing (c,r)-ANN accuracy...
[Timing] FAISS r* computation: 0.00 s (2.760 ms/query)
[CR-ANN] 1/1 processed, avg time (ann.query): 32.699 ms
[Timing] (c,r)-ANN eval: 0.03 s (33.429 ms/query)
[Sanity Check] Total Relevant = 1
[Timing] (c,r)-ANN evaluation: 0.09 s
[Result] Memory breakdown (MB): {'hash_functions_MB': 2.4076766967773438, 'bucket_ids_MB': 2.620708465576172, 'num_ids': 687003, 'num_buckets': 40866, 'hash_tables_overhead_MB': 3.4296112060546875, 'total_MB': 8.457996368408203}
[Result] Epsilon-recall: 1.0000
[Result] (c,r)-ANN accuracy: 1.0000

[Timing Summary]
  Insert phase: 8.04 s
  Query phase: 0.02 s
  Ground truth: 1.32 s
  Recall eval: 0.01 s
  (c,r)-ANN eval: 0.09 s
  Total time: 9.48 s
[SUMMARY] r=1.0, eps=1.0, eta=0.3, recall=1.0000, (c,r)-ANN accuracy=1.0, memory=8.457996368408203
