[Init] Inputs : eta=0.30, epsilon=0.50, r=1.00
[Init] LSH Parameters : w=3.154, p1=0.7472, p2=0.6267, rho=0.6236
[Init] Data Structure Parameters : k=25, L=1712, key_bits=800, mode=speed
[Build] Starting insertion...
[Build] Inserted 100/96000 points, avg insert time (ms): 0.443
[Build] Inserted 200/96000 points, avg insert time (ms): 1.445
[Build] Inserted 300/96000 points, avg insert time (ms): 0.401
[Build] Inserted 400/96000 points, avg insert time (ms): 1.210
[Build] Inserted 500/96000 points, avg insert time (ms): 0.803
[Build] Inserted 600/96000 points, avg insert time (ms): 0.615
[Build] Inserted 700/96000 points, avg insert time (ms): 0.558
[Build] Inserted 800/96000 points, avg insert time (ms): 0.411
[Build] Inserted 900/96000 points, avg insert time (ms): 0.792
[Build] Inserted 1000/96000 points, avg insert time (ms): 0.416
[Build] Inserted 1100/96000 points, avg insert time (ms): 1.071
[Build] Inserted 1200/96000 points, avg insert time (ms): 0.799
[Build] Inserted 1300/96000 points, avg insert time (ms): 1.197
[Build] Inserted 1400/96000 points, avg insert time (ms): 0.829
[Build] Inserted 1500/96000 points, avg insert time (ms): 0.412
[Build] Inserted 1600/96000 points, avg insert time (ms): 0.212
[Build] Inserted 1700/96000 points, avg insert time (ms): 0.593
[Build] Inserted 1800/96000 points, avg insert time (ms): 0.823
[Build] Inserted 1900/96000 points, avg insert time (ms): 0.635
[Build] Inserted 2000/96000 points, avg insert time (ms): 0.432
[Build] Inserted 2100/96000 points, avg insert time (ms): 0.825
[Build] Inserted 2200/96000 points, avg insert time (ms): 0.618
[Build] Inserted 2300/96000 points, avg insert time (ms): 1.058
[Build] Inserted 2400/96000 points, avg insert time (ms): 1.021
[Build] Inserted 2500/96000 points, avg insert time (ms): 0.884
[Build] Inserted 2600/96000 points, avg insert time (ms): 1.245
[Build] Inserted 2700/96000 points, avg insert time (ms): 1.009
[Build] Inserted 2800/96000 points, avg insert time (ms): 1.452
[Build] Inserted 2900/96000 points, avg insert time (ms): 0.619
[Build] Inserted 3000/96000 points, avg insert time (ms): 0.413
[Build] Inserted 3100/96000 points, avg insert time (ms): 1.339
[Build] Inserted 3200/96000 points, avg insert time (ms): 1.080
[Build] Inserted 3300/96000 points, avg insert time (ms): 0.001
[Build] Inserted 3400/96000 points, avg insert time (ms): 0.830
[Build] Inserted 3500/96000 points, avg insert time (ms): 0.828
[Build] Inserted 3600/96000 points, avg insert time (ms): 1.057
[Build] Inserted 3700/96000 points, avg insert time (ms): 0.608
[Build] Inserted 3800/96000 points, avg insert time (ms): 0.408
[Build] Inserted 3900/96000 points, avg insert time (ms): 1.639
[Build] Inserted 4000/96000 points, avg insert time (ms): 1.504
[Build] Inserted 4100/96000 points, avg insert time (ms): 0.001
[Build] Inserted 4200/96000 points, avg insert time (ms): 0.645
[Build] Inserted 4300/96000 points, avg insert time (ms): 0.395
[Build] Inserted 4400/96000 points, avg insert time (ms): 0.405
[Build] Inserted 4500/96000 points, avg insert time (ms): 0.647
[Build] Inserted 4600/96000 points, avg insert time (ms): 0.430
[Build] Inserted 4700/96000 points, avg insert time (ms): 0.614
[Build] Inserted 4800/96000 points, avg insert time (ms): 0.416
[Build] Inserted 4900/96000 points, avg insert time (ms): -16.010
[Build] Inserted 5000/96000 points, avg insert time (ms): 0.883
[Build] Inserted 5100/96000 points, avg insert time (ms): 0.834
[Build] Inserted 5200/96000 points, avg insert time (ms): 0.832
[Build] Inserted 5300/96000 points, avg insert time (ms): 0.624
[Build] Inserted 5400/96000 points, avg insert time (ms): 1.255
[Build] Inserted 5500/96000 points, avg insert time (ms): 0.415
[Build] Inserted 5600/96000 points, avg insert time (ms): 1.080
[Build] Inserted 5700/96000 points, avg insert time (ms): 0.636
[Build] Inserted 5800/96000 points, avg insert time (ms): 1.122
[Build] Inserted 5900/96000 points, avg insert time (ms): 1.571
[Build] Inserted 6000/96000 points, avg insert time (ms): 0.894
[Build] Inserted 6100/96000 points, avg insert time (ms): 0.886
[Build] Inserted 6200/96000 points, avg insert time (ms): 0.437
[Build] Inserted 6300/96000 points, avg insert time (ms): 0.223
[Build] Inserted 6400/96000 points, avg insert time (ms): 0.651
[Build] Inserted 6500/96000 points, avg insert time (ms): 1.313
[Build] Inserted 6600/96000 points, avg insert time (ms): 0.656
[Build] Inserted 6700/96000 points, avg insert time (ms): 0.632
[Build] Inserted 6800/96000 points, avg insert time (ms): 1.782
[Build] Inserted 6900/96000 points, avg insert time (ms): 0.507
[Build] Inserted 7000/96000 points, avg insert time (ms): 0.435
[Build] Inserted 7100/96000 points, avg insert time (ms): 1.092
[Build] Inserted 7200/96000 points, avg insert time (ms): 0.841
[Build] Inserted 7300/96000 points, avg insert time (ms): 0.430
[Build] Inserted 7400/96000 points, avg insert time (ms): 0.210
[Build] Inserted 7500/96000 points, avg insert time (ms): 1.302
[Build] Inserted 7600/96000 points, avg insert time (ms): 1.034
[Build] Inserted 7700/96000 points, avg insert time (ms): 0.625
[Build] Inserted 7800/96000 points, avg insert time (ms): 0.417
[Build] Inserted 7900/96000 points, avg insert time (ms): 0.623
[Build] Inserted 8000/96000 points, avg insert time (ms): 0.841
[Build] Inserted 8100/96000 points, avg insert time (ms): 0.428
[Build] Inserted 8200/96000 points, avg insert time (ms): 0.416
[Build] Inserted 8300/96000 points, avg insert time (ms): 1.420
[Build] Inserted 8400/96000 points, avg insert time (ms): 1.024
[Build] Inserted 8500/96000 points, avg insert time (ms): 0.828
[Build] Inserted 8600/96000 points, avg insert time (ms): 1.273
[Build] Inserted 8700/96000 points, avg insert time (ms): 0.798
[Build] Inserted 8800/96000 points, avg insert time (ms): 0.411
[Build] Inserted 8900/96000 points, avg insert time (ms): 0.823
[Build] Inserted 9000/96000 points, avg insert time (ms): 0.626
[Build] Inserted 9100/96000 points, avg insert time (ms): 1.494
[Build] Inserted 9200/96000 points, avg insert time (ms): 0.629
[Build] Inserted 9300/96000 points, avg insert time (ms): 1.029
[Build] Inserted 9400/96000 points, avg insert time (ms): 0.411
[Build] Inserted 9500/96000 points, avg insert time (ms): 1.068
[Build] Inserted 9600/96000 points, avg insert time (ms): 0.614
[Build] Inserted 9700/96000 points, avg insert time (ms): 0.421
[Build] Inserted 9800/96000 points, avg insert time (ms): 0.833
[Build] Inserted 9900/96000 points, avg insert time (ms): 0.415
[Build] Inserted 10000/96000 points, avg insert time (ms): 0.818
[Build] Inserted 10100/96000 points, avg insert time (ms): 0.612
[Build] Inserted 10200/96000 points, avg insert time (ms): 0.849
[Build] Inserted 10300/96000 points, avg insert time (ms): 1.730
[Build] Inserted 10400/96000 points, avg insert time (ms): 0.412
[Build] Inserted 10500/96000 points, avg insert time (ms): 0.211
[Build] Inserted 10600/96000 points, avg insert time (ms): 0.001
[Build] Inserted 10700/96000 points, avg insert time (ms): 0.628
[Build] Inserted 10800/96000 points, avg insert time (ms): 1.031
[Build] Inserted 10900/96000 points, avg insert time (ms): 1.548
[Build] Inserted 11000/96000 points, avg insert time (ms): 0.001
[Build] Inserted 11100/96000 points, avg insert time (ms): 0.953
[Build] Inserted 11200/96000 points, avg insert time (ms): 1.027
[Build] Inserted 11300/96000 points, avg insert time (ms): 1.313
[Build] Inserted 11400/96000 points, avg insert time (ms): 0.413
[Build] Inserted 11500/96000 points, avg insert time (ms): 0.209
[Build] Inserted 11600/96000 points, avg insert time (ms): 0.637
[Build] Inserted 11700/96000 points, avg insert time (ms): 1.283
[Build] Inserted 11800/96000 points, avg insert time (ms): 0.435
[Build] Inserted 11900/96000 points, avg insert time (ms): 0.001
[Build] Inserted 12000/96000 points, avg insert time (ms): 1.852
[Build] Inserted 12100/96000 points, avg insert time (ms): 0.209
[Build] Inserted 12200/96000 points, avg insert time (ms): 0.821
[Build] Inserted 12300/96000 points, avg insert time (ms): 0.203
[Build] Inserted 12400/96000 points, avg insert time (ms): 0.416
[Build] Inserted 12500/96000 points, avg insert time (ms): 0.426
[Build] Inserted 12600/96000 points, avg insert time (ms): 0.201
[Build] Inserted 12700/96000 points, avg insert time (ms): 0.832
[Build] Inserted 12800/96000 points, avg insert time (ms): 1.064
[Build] Inserted 12900/96000 points, avg insert time (ms): 0.418
[Build] Inserted 13000/96000 points, avg insert time (ms): 0.836
[Build] Inserted 13100/96000 points, avg insert time (ms): 0.638
[Build] Inserted 13200/96000 points, avg insert time (ms): 0.422
[Build] Inserted 13300/96000 points, avg insert time (ms): 0.202
[Build] Inserted 13400/96000 points, avg insert time (ms): 0.418
[Build] Inserted 13500/96000 points, avg insert time (ms): 0.813
[Build] Inserted 13600/96000 points, avg insert time (ms): 0.608
[Build] Inserted 13700/96000 points, avg insert time (ms): 0.835
[Build] Inserted 13800/96000 points, avg insert time (ms): 0.203
[Build] Inserted 13900/96000 points, avg insert time (ms): 0.206
[Build] Inserted 14000/96000 points, avg insert time (ms): 0.606
[Build] Inserted 14100/96000 points, avg insert time (ms): 0.627
[Build] Inserted 14200/96000 points, avg insert time (ms): 0.825
[Build] Inserted 14300/96000 points, avg insert time (ms): 0.629
[Build] Inserted 14400/96000 points, avg insert time (ms): 0.414
[Build] Inserted 14500/96000 points, avg insert time (ms): 1.241
[Build] Inserted 14600/96000 points, avg insert time (ms): 0.206
[Build] Inserted 14700/96000 points, avg insert time (ms): 0.621
[Build] Inserted 14800/96000 points, avg insert time (ms): 1.355
[Build] Inserted 14900/96000 points, avg insert time (ms): 0.650
[Build] Inserted 15000/96000 points, avg insert time (ms): 0.622
[Build] Inserted 15100/96000 points, avg insert time (ms): 0.218
[Build] Inserted 15200/96000 points, avg insert time (ms): 0.404
[Build] Inserted 15300/96000 points, avg insert time (ms): 0.203
[Build] Inserted 15400/96000 points, avg insert time (ms): 0.411
[Build] Inserted 15500/96000 points, avg insert time (ms): 0.408
[Build] Inserted 15600/96000 points, avg insert time (ms): 0.814
[Build] Inserted 15700/96000 points, avg insert time (ms): 0.404
[Build] Inserted 15800/96000 points, avg insert time (ms): 0.618
[Build] Inserted 15900/96000 points, avg insert time (ms): 0.842
[Build] Inserted 16000/96000 points, avg insert time (ms): 0.436
[Build] Inserted 16100/96000 points, avg insert time (ms): 0.212
[Build] Inserted 16200/96000 points, avg insert time (ms): 1.668
[Build] Inserted 16300/96000 points, avg insert time (ms): 0.637
[Build] Inserted 16400/96000 points, avg insert time (ms): 0.862
[Build] Inserted 16500/96000 points, avg insert time (ms): 0.215
[Build] Inserted 16600/96000 points, avg insert time (ms): 0.207
[Build] Inserted 16700/96000 points, avg insert time (ms): 0.209
[Build] Inserted 16800/96000 points, avg insert time (ms): 0.607
[Build] Inserted 16900/96000 points, avg insert time (ms): 0.598
[Build] Inserted 17000/96000 points, avg insert time (ms): 0.824
[Build] Inserted 17100/96000 points, avg insert time (ms): 1.077
[Build] Inserted 17200/96000 points, avg insert time (ms): 0.001
[Build] Inserted 17300/96000 points, avg insert time (ms): 0.001
[Build] Inserted 17400/96000 points, avg insert time (ms): 0.624
[Build] Inserted 17500/96000 points, avg insert time (ms): 0.627
[Build] Inserted 17600/96000 points, avg insert time (ms): 0.425
[Build] Inserted 17700/96000 points, avg insert time (ms): 0.626
[Build] Inserted 17800/96000 points, avg insert time (ms): 0.818
[Build] Inserted 17900/96000 points, avg insert time (ms): 0.645
[Build] Inserted 18000/96000 points, avg insert time (ms): 1.302
[Build] Inserted 18100/96000 points, avg insert time (ms): 0.425
[Build] Inserted 18200/96000 points, avg insert time (ms): 0.628
[Build] Inserted 18300/96000 points, avg insert time (ms): 0.001
[Build] Inserted 18400/96000 points, avg insert time (ms): 0.419
[Build] Inserted 18500/96000 points, avg insert time (ms): 0.823
[Build] Inserted 18600/96000 points, avg insert time (ms): 0.845
[Build] Inserted 18700/96000 points, avg insert time (ms): 0.411
[Build] Inserted 18800/96000 points, avg insert time (ms): 1.079
[Build] Inserted 18900/96000 points, avg insert time (ms): 0.647
[Build] Inserted 19000/96000 points, avg insert time (ms): 0.433
[Build] Inserted 19100/96000 points, avg insert time (ms): 0.640
[Build] Inserted 19200/96000 points, avg insert time (ms): 0.831
[Build] Inserted 19300/96000 points, avg insert time (ms): 0.590
[Build] Inserted 19400/96000 points, avg insert time (ms): 0.216
[Build] Inserted 19500/96000 points, avg insert time (ms): 1.056
[Build] Inserted 19600/96000 points, avg insert time (ms): 0.896
[Build] Inserted 19700/96000 points, avg insert time (ms): 0.376
[Build] Inserted 19800/96000 points, avg insert time (ms): 0.647
[Build] Inserted 19900/96000 points, avg insert time (ms): 0.001
[Build] Inserted 20000/96000 points, avg insert time (ms): 0.436
[Build] Inserted 20100/96000 points, avg insert time (ms): 0.220
[Build] Inserted 20200/96000 points, avg insert time (ms): 0.643
[Build] Inserted 20300/96000 points, avg insert time (ms): 1.091
[Build] Inserted 20400/96000 points, avg insert time (ms): 0.666
[Build] Inserted 20500/96000 points, avg insert time (ms): 0.220
[Build] Inserted 20600/96000 points, avg insert time (ms): 0.445
[Build] Inserted 20700/96000 points, avg insert time (ms): 0.221
[Build] Inserted 20800/96000 points, avg insert time (ms): 0.880
[Build] Inserted 20900/96000 points, avg insert time (ms): 0.430
[Build] Inserted 21000/96000 points, avg insert time (ms): 1.431
[Build] Inserted 21100/96000 points, avg insert time (ms): 0.001
[Build] Inserted 21200/96000 points, avg insert time (ms): 0.457
[Build] Inserted 21300/96000 points, avg insert time (ms): 0.898
[Build] Inserted 21400/96000 points, avg insert time (ms): 0.848
[Build] Inserted 21500/96000 points, avg insert time (ms): 0.216
[Build] Inserted 21600/96000 points, avg insert time (ms): 1.098
[Build] Inserted 21700/96000 points, avg insert time (ms): 0.869
[Build] Inserted 21800/96000 points, avg insert time (ms): 0.676
[Build] Inserted 21900/96000 points, avg insert time (ms): 1.088
[Build] Inserted 22000/96000 points, avg insert time (ms): 0.413
[Build] Inserted 22100/96000 points, avg insert time (ms): 0.845
[Build] Inserted 22200/96000 points, avg insert time (ms): 0.216
[Build] Inserted 22300/96000 points, avg insert time (ms): 0.221
[Build] Inserted 22400/96000 points, avg insert time (ms): 0.219
[Build] Inserted 22500/96000 points, avg insert time (ms): 0.427
[Build] Inserted 22600/96000 points, avg insert time (ms): 1.060
[Build] Inserted 22700/96000 points, avg insert time (ms): 0.832
[Build] Inserted 22800/96000 points, avg insert time (ms): 1.454
[Build] Inserted 22900/96000 points, avg insert time (ms): 0.428
[Build] Inserted 23000/96000 points, avg insert time (ms): 0.417
[Build] Inserted 23100/96000 points, avg insert time (ms): 0.415
[Build] Inserted 23200/96000 points, avg insert time (ms): 0.617
[Build] Inserted 23300/96000 points, avg insert time (ms): 0.432
[Build] Inserted 23400/96000 points, avg insert time (ms): 1.093
[Build] Inserted 23500/96000 points, avg insert time (ms): 0.215
[Build] Inserted 23600/96000 points, avg insert time (ms): 0.212
[Build] Inserted 23700/96000 points, avg insert time (ms): 0.857
[Build] Inserted 23800/96000 points, avg insert time (ms): 1.259
[Build] Inserted 23900/96000 points, avg insert time (ms): 0.630
[Build] Inserted 24000/96000 points, avg insert time (ms): 0.631
[Build] Inserted 24100/96000 points, avg insert time (ms): 0.635
[Build] Inserted 24200/96000 points, avg insert time (ms): 0.426
[Build] Inserted 24300/96000 points, avg insert time (ms): 0.435
[Build] Inserted 24400/96000 points, avg insert time (ms): 0.652
[Build] Inserted 24500/96000 points, avg insert time (ms): 0.842
[Build] Inserted 24600/96000 points, avg insert time (ms): 0.426
[Build] Inserted 24700/96000 points, avg insert time (ms): 0.845
[Build] Inserted 24800/96000 points, avg insert time (ms): 0.614
[Build] Inserted 24900/96000 points, avg insert time (ms): 0.856
[Build] Inserted 25000/96000 points, avg insert time (ms): 1.051
[Build] Inserted 25100/96000 points, avg insert time (ms): 0.209
[Build] Inserted 25200/96000 points, avg insert time (ms): 0.629
[Build] Inserted 25300/96000 points, avg insert time (ms): 0.435
[Build] Inserted 25400/96000 points, avg insert time (ms): 0.721
[Build] Inserted 25500/96000 points, avg insert time (ms): 0.856
[Build] Inserted 25600/96000 points, avg insert time (ms): 0.847
[Build] Inserted 25700/96000 points, avg insert time (ms): 0.654
[Build] Inserted 25800/96000 points, avg insert time (ms): 0.849
[Build] Inserted 25900/96000 points, avg insert time (ms): 0.413
[Build] Inserted 26000/96000 points, avg insert time (ms): 0.417
[Build] Inserted 26100/96000 points, avg insert time (ms): 0.649
[Build] Inserted 26200/96000 points, avg insert time (ms): 0.628
[Build] Inserted 26300/96000 points, avg insert time (ms): 1.481
[Build] Inserted 26400/96000 points, avg insert time (ms): 1.295
[Build] Inserted 26500/96000 points, avg insert time (ms): 2.070
[Build] Inserted 26600/96000 points, avg insert time (ms): 0.412
[Build] Inserted 26700/96000 points, avg insert time (ms): 0.845
[Build] Inserted 26800/96000 points, avg insert time (ms): 0.213
[Build] Inserted 26900/96000 points, avg insert time (ms): 0.628
[Build] Inserted 27000/96000 points, avg insert time (ms): 0.397
[Build] Inserted 27100/96000 points, avg insert time (ms): 1.285
[Build] Inserted 27200/96000 points, avg insert time (ms): 0.621
[Build] Inserted 27300/96000 points, avg insert time (ms): 0.489
[Build] Inserted 27400/96000 points, avg insert time (ms): 0.200
[Build] Inserted 27500/96000 points, avg insert time (ms): 1.493
[Build] Inserted 27600/96000 points, avg insert time (ms): 0.653
[Build] Inserted 27700/96000 points, avg insert time (ms): 0.621
[Build] Inserted 27800/96000 points, avg insert time (ms): 0.412
[Build] Inserted 27900/96000 points, avg insert time (ms): 0.626
[Build] Inserted 28000/96000 points, avg insert time (ms): 0.900
[Build] Inserted 28100/96000 points, avg insert time (ms): 1.258
[Build] Inserted 28200/96000 points, avg insert time (ms): 0.209
[Build] Inserted 28300/96000 points, avg insert time (ms): 0.210
[Build] Inserted 28400/96000 points, avg insert time (ms): 0.001
[Build] Inserted 28500/96000 points, avg insert time (ms): 1.074
[Build] Inserted 28600/96000 points, avg insert time (ms): 0.421
[Build] Inserted 28700/96000 points, avg insert time (ms): 1.946
[Build] Inserted 28800/96000 points, avg insert time (ms): 1.109
[Build] Inserted 28900/96000 points, avg insert time (ms): 0.645
[Build] Inserted 29000/96000 points, avg insert time (ms): 0.428
[Build] Inserted 29100/96000 points, avg insert time (ms): 0.412
[Build] Inserted 29200/96000 points, avg insert time (ms): 0.853
[Build] Inserted 29300/96000 points, avg insert time (ms): 0.230
[Build] Inserted 29400/96000 points, avg insert time (ms): 0.451
[Build] Inserted 29500/96000 points, avg insert time (ms): 0.937
[Build] Inserted 29600/96000 points, avg insert time (ms): 0.001
[Build] Inserted 29700/96000 points, avg insert time (ms): 0.428
[Build] Inserted 29800/96000 points, avg insert time (ms): 1.310
[Build] Inserted 29900/96000 points, avg insert time (ms): 1.150
[Build] Inserted 30000/96000 points, avg insert time (ms): 1.444
[Build] Inserted 30100/96000 points, avg insert time (ms): 0.685
[Build] Inserted 30200/96000 points, avg insert time (ms): 1.089
[Build] Inserted 30300/96000 points, avg insert time (ms): 0.660
[Build] Inserted 30400/96000 points, avg insert time (ms): 0.760
[Build] Inserted 30500/96000 points, avg insert time (ms): 0.643
[Build] Inserted 30600/96000 points, avg insert time (ms): 0.706
[Build] Inserted 30700/96000 points, avg insert time (ms): 1.326
[Build] Inserted 30800/96000 points, avg insert time (ms): 1.094
[Build] Inserted 30900/96000 points, avg insert time (ms): 0.416
[Build] Inserted 31000/96000 points, avg insert time (ms): 0.646
[Build] Inserted 31100/96000 points, avg insert time (ms): 1.065
[Build] Inserted 31200/96000 points, avg insert time (ms): 1.080
[Build] Inserted 31300/96000 points, avg insert time (ms): 1.298
[Build] Inserted 31400/96000 points, avg insert time (ms): 1.748
[Build] Inserted 31500/96000 points, avg insert time (ms): 1.036
[Build] Inserted 31600/96000 points, avg insert time (ms): 1.597
[Build] Inserted 31700/96000 points, avg insert time (ms): 0.475
[Build] Inserted 31800/96000 points, avg insert time (ms): 0.785
[Build] Inserted 31900/96000 points, avg insert time (ms): 0.492
[Build] Inserted 32000/96000 points, avg insert time (ms): 0.212
[Build] Inserted 32100/96000 points, avg insert time (ms): 0.629
[Build] Inserted 32200/96000 points, avg insert time (ms): 0.431
[Build] Inserted 32300/96000 points, avg insert time (ms): 0.852
[Build] Inserted 32400/96000 points, avg insert time (ms): 0.894
[Build] Inserted 32500/96000 points, avg insert time (ms): 0.208
[Build] Inserted 32600/96000 points, avg insert time (ms): 0.859
[Build] Inserted 32700/96000 points, avg insert time (ms): 0.274
[Build] Inserted 32800/96000 points, avg insert time (ms): 0.736
[Build] Inserted 32900/96000 points, avg insert time (ms): 0.893
[Build] Inserted 33000/96000 points, avg insert time (ms): 0.883
[Build] Inserted 33100/96000 points, avg insert time (ms): 0.449
[Build] Inserted 33200/96000 points, avg insert time (ms): 0.637
[Build] Inserted 33300/96000 points, avg insert time (ms): 0.419
[Build] Inserted 33400/96000 points, avg insert time (ms): 1.047
[Build] Inserted 33500/96000 points, avg insert time (ms): 0.403
[Build] Inserted 33600/96000 points, avg insert time (ms): 0.804
[Build] Inserted 33700/96000 points, avg insert time (ms): 0.402
[Build] Inserted 33800/96000 points, avg insert time (ms): 0.629
[Build] Inserted 33900/96000 points, avg insert time (ms): 0.210
[Build] Inserted 34000/96000 points, avg insert time (ms): 0.845
[Build] Inserted 34100/96000 points, avg insert time (ms): 0.823
[Build] Inserted 34200/96000 points, avg insert time (ms): 0.410
[Build] Inserted 34300/96000 points, avg insert time (ms): 0.001
[Build] Inserted 34400/96000 points, avg insert time (ms): 0.640
[Build] Inserted 34500/96000 points, avg insert time (ms): 0.207
[Build] Inserted 34600/96000 points, avg insert time (ms): 0.421
[Build] Inserted 34700/96000 points, avg insert time (ms): 0.849
[Build] Inserted 34800/96000 points, avg insert time (ms): 0.443
[Build] Inserted 34900/96000 points, avg insert time (ms): 0.833
[Build] Inserted 35000/96000 points, avg insert time (ms): 0.404
[Build] Inserted 35100/96000 points, avg insert time (ms): 0.417
[Build] Inserted 35200/96000 points, avg insert time (ms): 0.616
[Build] Inserted 35300/96000 points, avg insert time (ms): 0.624
[Build] Inserted 35400/96000 points, avg insert time (ms): 0.205
[Build] Inserted 35500/96000 points, avg insert time (ms): 0.412
[Build] Inserted 35600/96000 points, avg insert time (ms): 0.838
[Build] Inserted 35700/96000 points, avg insert time (ms): 0.417
[Build] Inserted 35800/96000 points, avg insert time (ms): 0.411
[Build] Inserted 35900/96000 points, avg insert time (ms): 0.648
[Build] Inserted 36000/96000 points, avg insert time (ms): 0.001
[Build] Inserted 36100/96000 points, avg insert time (ms): 0.632
[Build] Inserted 36200/96000 points, avg insert time (ms): 0.831
[Build] Inserted 36300/96000 points, avg insert time (ms): 1.615
[Build] Inserted 36400/96000 points, avg insert time (ms): 1.078
[Build] Inserted 36500/96000 points, avg insert time (ms): 0.614
[Build] Inserted 36600/96000 points, avg insert time (ms): 0.430
[Build] Inserted 36700/96000 points, avg insert time (ms): 0.629
[Build] Inserted 36800/96000 points, avg insert time (ms): 0.420
[Build] Inserted 36900/96000 points, avg insert time (ms): 1.029
[Build] Inserted 37000/96000 points, avg insert time (ms): 0.402
[Build] Inserted 37100/96000 points, avg insert time (ms): 0.629
[Build] Inserted 37200/96000 points, avg insert time (ms): 1.049
[Build] Inserted 37300/96000 points, avg insert time (ms): 0.419
[Build] Inserted 37400/96000 points, avg insert time (ms): 0.628
[Build] Inserted 37500/96000 points, avg insert time (ms): 0.618
[Build] Inserted 37600/96000 points, avg insert time (ms): 0.661
[Build] Inserted 37700/96000 points, avg insert time (ms): 0.627
[Build] Inserted 37800/96000 points, avg insert time (ms): 0.402
[Build] Inserted 37900/96000 points, avg insert time (ms): 0.619
[Build] Inserted 38000/96000 points, avg insert time (ms): 0.632
[Build] Inserted 38100/96000 points, avg insert time (ms): 0.399
[Build] Inserted 38200/96000 points, avg insert time (ms): 0.637
[Build] Inserted 38300/96000 points, avg insert time (ms): 0.210
[Build] Inserted 38400/96000 points, avg insert time (ms): 0.200
[Build] Inserted 38500/96000 points, avg insert time (ms): 0.623
[Build] Inserted 38600/96000 points, avg insert time (ms): 0.638
[Build] Inserted 38700/96000 points, avg insert time (ms): 0.654
[Build] Inserted 38800/96000 points, avg insert time (ms): 0.429
[Build] Inserted 38900/96000 points, avg insert time (ms): 0.212
[Build] Inserted 39000/96000 points, avg insert time (ms): 0.411
[Build] Inserted 39100/96000 points, avg insert time (ms): 0.415
[Build] Inserted 39200/96000 points, avg insert time (ms): 0.866
[Build] Inserted 39300/96000 points, avg insert time (ms): 0.210
[Build] Inserted 39400/96000 points, avg insert time (ms): 0.420
[Build] Inserted 39500/96000 points, avg insert time (ms): 0.826
[Build] Inserted 39600/96000 points, avg insert time (ms): 1.001
[Build] Inserted 39700/96000 points, avg insert time (ms): 0.641
[Build] Inserted 39800/96000 points, avg insert time (ms): 1.539
[Build] Inserted 39900/96000 points, avg insert time (ms): 0.651
[Build] Inserted 40000/96000 points, avg insert time (ms): 0.787
[Build] Inserted 40100/96000 points, avg insert time (ms): 0.214
[Build] Inserted 40200/96000 points, avg insert time (ms): 0.845
[Build] Inserted 40300/96000 points, avg insert time (ms): 0.001
[Build] Inserted 40400/96000 points, avg insert time (ms): 0.212
[Build] Inserted 40500/96000 points, avg insert time (ms): 0.833
[Build] Inserted 40600/96000 points, avg insert time (ms): 0.622
[Build] Inserted 40700/96000 points, avg insert time (ms): 0.403
[Build] Inserted 40800/96000 points, avg insert time (ms): 1.027
[Build] Inserted 40900/96000 points, avg insert time (ms): 0.417
[Build] Inserted 41000/96000 points, avg insert time (ms): 0.202
[Build] Inserted 41100/96000 points, avg insert time (ms): 0.410
[Build] Inserted 41200/96000 points, avg insert time (ms): 0.406
[Build] Inserted 41300/96000 points, avg insert time (ms): 2.132
[Build] Inserted 41400/96000 points, avg insert time (ms): 0.001
[Build] Inserted 41500/96000 points, avg insert time (ms): 0.424
[Build] Inserted 41600/96000 points, avg insert time (ms): 0.430
[Build] Inserted 41700/96000 points, avg insert time (ms): 0.211
[Build] Inserted 41800/96000 points, avg insert time (ms): 0.629
[Build] Inserted 41900/96000 points, avg insert time (ms): 1.055
[Build] Inserted 42000/96000 points, avg insert time (ms): 0.851
[Build] Inserted 42100/96000 points, avg insert time (ms): 0.411
[Build] Inserted 42200/96000 points, avg insert time (ms): 1.238
[Build] Inserted 42300/96000 points, avg insert time (ms): 1.235
[Build] Inserted 42400/96000 points, avg insert time (ms): 0.211
[Build] Inserted 42500/96000 points, avg insert time (ms): 0.210
[Build] Inserted 42600/96000 points, avg insert time (ms): 1.508
[Build] Inserted 42700/96000 points, avg insert time (ms): 1.543
[Build] Inserted 42800/96000 points, avg insert time (ms): 0.635
[Build] Inserted 42900/96000 points, avg insert time (ms): 0.639
[Build] Inserted 43000/96000 points, avg insert time (ms): 0.207
[Build] Inserted 43100/96000 points, avg insert time (ms): 0.210
[Build] Inserted 43200/96000 points, avg insert time (ms): 0.814
[Build] Inserted 43300/96000 points, avg insert time (ms): 1.153
[Build] Inserted 43400/96000 points, avg insert time (ms): 1.083
[Build] Inserted 43500/96000 points, avg insert time (ms): 0.209
[Build] Inserted 43600/96000 points, avg insert time (ms): 0.206
[Build] Inserted 43700/96000 points, avg insert time (ms): 0.770
[Build] Inserted 43800/96000 points, avg insert time (ms): 0.428
[Build] Inserted 43900/96000 points, avg insert time (ms): 1.276
[Build] Inserted 44000/96000 points, avg insert time (ms): 0.643
[Build] Inserted 44100/96000 points, avg insert time (ms): 1.618
[Build] Inserted 44200/96000 points, avg insert time (ms): 0.444
[Build] Inserted 44300/96000 points, avg insert time (ms): 0.217
[Build] Inserted 44400/96000 points, avg insert time (ms): 0.639
[Build] Inserted 44500/96000 points, avg insert time (ms): 0.439
[Build] Inserted 44600/96000 points, avg insert time (ms): 0.879
[Build] Inserted 44700/96000 points, avg insert time (ms): 0.225
[Build] Inserted 44800/96000 points, avg insert time (ms): 1.242
[Build] Inserted 44900/96000 points, avg insert time (ms): 0.650
[Build] Inserted 45000/96000 points, avg insert time (ms): 0.460
[Build] Inserted 45100/96000 points, avg insert time (ms): 0.670
[Build] Inserted 45200/96000 points, avg insert time (ms): 0.217
[Build] Inserted 45300/96000 points, avg insert time (ms): 0.208
[Build] Inserted 45400/96000 points, avg insert time (ms): 0.426
[Build] Inserted 45500/96000 points, avg insert time (ms): 0.919
[Build] Inserted 45600/96000 points, avg insert time (ms): 1.668
[Build] Inserted 45700/96000 points, avg insert time (ms): 0.213
[Build] Inserted 45800/96000 points, avg insert time (ms): 1.175
[Build] Inserted 45900/96000 points, avg insert time (ms): 0.437
[Build] Inserted 46000/96000 points, avg insert time (ms): 0.657
[Build] Inserted 46100/96000 points, avg insert time (ms): 0.207
[Build] Inserted 46200/96000 points, avg insert time (ms): 0.421
[Build] Inserted 46300/96000 points, avg insert time (ms): 1.692
[Build] Inserted 46400/96000 points, avg insert time (ms): 0.405
[Build] Inserted 46500/96000 points, avg insert time (ms): 0.201
[Build] Inserted 46600/96000 points, avg insert time (ms): 1.052
[Build] Inserted 46700/96000 points, avg insert time (ms): 0.411
[Build] Inserted 46800/96000 points, avg insert time (ms): 0.406
[Build] Inserted 46900/96000 points, avg insert time (ms): 0.630
[Build] Inserted 47000/96000 points, avg insert time (ms): 0.836
[Build] Inserted 47100/96000 points, avg insert time (ms): 0.417
[Build] Inserted 47200/96000 points, avg insert time (ms): 0.407
[Build] Inserted 47300/96000 points, avg insert time (ms): 1.047
[Build] Inserted 47400/96000 points, avg insert time (ms): 0.833
[Build] Inserted 47500/96000 points, avg insert time (ms): 0.830
[Build] Inserted 47600/96000 points, avg insert time (ms): 0.844
[Build] Inserted 47700/96000 points, avg insert time (ms): 0.620
[Build] Inserted 47800/96000 points, avg insert time (ms): 0.210
[Build] Inserted 47900/96000 points, avg insert time (ms): 0.818
[Build] Inserted 48000/96000 points, avg insert time (ms): 1.249
[Build] Inserted 48100/96000 points, avg insert time (ms): 1.029
[Build] Inserted 48200/96000 points, avg insert time (ms): 0.614
[Build] Inserted 48300/96000 points, avg insert time (ms): 1.254
[Build] Inserted 48400/96000 points, avg insert time (ms): 1.222
[Build] Inserted 48500/96000 points, avg insert time (ms): 0.619
[Build] Inserted 48600/96000 points, avg insert time (ms): 0.407
[Build] Inserted 48700/96000 points, avg insert time (ms): 0.834
[Build] Inserted 48800/96000 points, avg insert time (ms): 0.443
[Build] Inserted 48900/96000 points, avg insert time (ms): 1.849
[Build] Inserted 49000/96000 points, avg insert time (ms): 0.207
[Build] Inserted 49100/96000 points, avg insert time (ms): 1.079
[Build] Inserted 49200/96000 points, avg insert time (ms): 0.668
[Build] Inserted 49300/96000 points, avg insert time (ms): 0.210
[Build] Inserted 49400/96000 points, avg insert time (ms): 0.327
[Build] Inserted 49500/96000 points, avg insert time (ms): 0.626
[Build] Inserted 49600/96000 points, avg insert time (ms): 0.626
[Build] Inserted 49700/96000 points, avg insert time (ms): 0.630
[Build] Inserted 49800/96000 points, avg insert time (ms): 0.223
[Build] Inserted 49900/96000 points, avg insert time (ms): 0.199
[Build] Inserted 50000/96000 points, avg insert time (ms): 0.596
[Build] Inserted 50100/96000 points, avg insert time (ms): 0.440
[Build] Inserted 50200/96000 points, avg insert time (ms): 0.208
[Build] Inserted 50300/96000 points, avg insert time (ms): 1.512
[Build] Inserted 50400/96000 points, avg insert time (ms): 0.001
[Build] Inserted 50500/96000 points, avg insert time (ms): 0.403
[Build] Inserted 50600/96000 points, avg insert time (ms): 1.710
[Build] Inserted 50700/96000 points, avg insert time (ms): 1.252
[Build] Inserted 50800/96000 points, avg insert time (ms): 1.310
[Build] Inserted 50900/96000 points, avg insert time (ms): 0.803
[Build] Inserted 51000/96000 points, avg insert time (ms): 0.199
[Build] Inserted 51100/96000 points, avg insert time (ms): 0.401
[Build] Inserted 51200/96000 points, avg insert time (ms): 0.416
[Build] Inserted 51300/96000 points, avg insert time (ms): 0.629
[Build] Inserted 51400/96000 points, avg insert time (ms): 0.650
[Build] Inserted 51500/96000 points, avg insert time (ms): 0.849
[Build] Inserted 51600/96000 points, avg insert time (ms): 0.001
[Build] Inserted 51700/96000 points, avg insert time (ms): 0.393
[Build] Inserted 51800/96000 points, avg insert time (ms): 0.199
[Build] Inserted 51900/96000 points, avg insert time (ms): 0.623
[Build] Inserted 52000/96000 points, avg insert time (ms): 0.618
[Build] Inserted 52100/96000 points, avg insert time (ms): 0.205
[Build] Inserted 52200/96000 points, avg insert time (ms): 1.041
[Build] Inserted 52300/96000 points, avg insert time (ms): 0.671
[Build] Inserted 52400/96000 points, avg insert time (ms): 1.727
[Build] Inserted 52500/96000 points, avg insert time (ms): 1.054
[Build] Inserted 52600/96000 points, avg insert time (ms): -15.865
[Build] Inserted 52700/96000 points, avg insert time (ms): 0.899
[Build] Inserted 52800/96000 points, avg insert time (ms): 0.413
[Build] Inserted 52900/96000 points, avg insert time (ms): 0.820
[Build] Inserted 53000/96000 points, avg insert time (ms): 0.807
[Build] Inserted 53100/96000 points, avg insert time (ms): 0.452
[Build] Inserted 53200/96000 points, avg insert time (ms): 0.632
[Build] Inserted 53300/96000 points, avg insert time (ms): 0.206
[Build] Inserted 53400/96000 points, avg insert time (ms): 0.408
[Build] Inserted 53500/96000 points, avg insert time (ms): 0.417
[Build] Inserted 53600/96000 points, avg insert time (ms): 0.208
[Build] Inserted 53700/96000 points, avg insert time (ms): 1.049
[Build] Inserted 53800/96000 points, avg insert time (ms): 0.626
[Build] Inserted 53900/96000 points, avg insert time (ms): 0.208
[Build] Inserted 54000/96000 points, avg insert time (ms): 0.840
[Build] Inserted 54100/96000 points, avg insert time (ms): 0.643
[Build] Inserted 54200/96000 points, avg insert time (ms): 0.632
[Build] Inserted 54300/96000 points, avg insert time (ms): 0.001
[Build] Inserted 54400/96000 points, avg insert time (ms): 0.418
[Build] Inserted 54500/96000 points, avg insert time (ms): 0.415
[Build] Inserted 54600/96000 points, avg insert time (ms): 1.662
[Build] Inserted 54700/96000 points, avg insert time (ms): 0.211
[Build] Inserted 54800/96000 points, avg insert time (ms): 0.435
[Build] Inserted 54900/96000 points, avg insert time (ms): 0.660
[Build] Inserted 55000/96000 points, avg insert time (ms): 1.080
[Build] Inserted 55100/96000 points, avg insert time (ms): 0.426
[Build] Inserted 55200/96000 points, avg insert time (ms): 0.630
[Build] Inserted 55300/96000 points, avg insert time (ms): 1.070
[Build] Inserted 55400/96000 points, avg insert time (ms): 0.421
[Build] Inserted 55500/96000 points, avg insert time (ms): 1.043
[Build] Inserted 55600/96000 points, avg insert time (ms): 0.634
[Build] Inserted 55700/96000 points, avg insert time (ms): 0.851
[Build] Inserted 55800/96000 points, avg insert time (ms): 1.147
[Build] Inserted 55900/96000 points, avg insert time (ms): 0.933
[Build] Inserted 56000/96000 points, avg insert time (ms): 0.695
[Build] Inserted 56100/96000 points, avg insert time (ms): 0.488
[Build] Inserted 56200/96000 points, avg insert time (ms): 0.001
[Build] Inserted 56300/96000 points, avg insert time (ms): 0.227
[Build] Inserted 56400/96000 points, avg insert time (ms): 0.470
[Build] Inserted 56500/96000 points, avg insert time (ms): 1.109
[Build] Inserted 56600/96000 points, avg insert time (ms): 0.222
[Build] Inserted 56700/96000 points, avg insert time (ms): 1.078
[Build] Inserted 56800/96000 points, avg insert time (ms): 0.887
[Build] Inserted 56900/96000 points, avg insert time (ms): 0.817
[Build] Inserted 57000/96000 points, avg insert time (ms): 0.484
[Build] Inserted 57100/96000 points, avg insert time (ms): 0.672
[Build] Inserted 57200/96000 points, avg insert time (ms): 0.244
[Build] Inserted 57300/96000 points, avg insert time (ms): 1.078
[Build] Inserted 57400/96000 points, avg insert time (ms): 0.434
[Build] Inserted 57500/96000 points, avg insert time (ms): 1.103
[Build] Inserted 57600/96000 points, avg insert time (ms): 1.369
[Build] Inserted 57700/96000 points, avg insert time (ms): 1.062
[Build] Inserted 57800/96000 points, avg insert time (ms): 0.452
[Build] Inserted 57900/96000 points, avg insert time (ms): 1.525
[Build] Inserted 58000/96000 points, avg insert time (ms): 0.207
[Build] Inserted 58100/96000 points, avg insert time (ms): 1.083
[Build] Inserted 58200/96000 points, avg insert time (ms): 0.607
[Build] Inserted 58300/96000 points, avg insert time (ms): 0.214
[Build] Inserted 58400/96000 points, avg insert time (ms): 0.936
[Build] Inserted 58500/96000 points, avg insert time (ms): 1.071
[Build] Inserted 58600/96000 points, avg insert time (ms): 0.209
[Build] Inserted 58700/96000 points, avg insert time (ms): 0.421
[Build] Inserted 58800/96000 points, avg insert time (ms): 0.001
[Build] Inserted 58900/96000 points, avg insert time (ms): 1.604
[Build] Inserted 59000/96000 points, avg insert time (ms): 1.285
[Build] Inserted 59100/96000 points, avg insert time (ms): 1.278
[Build] Inserted 59200/96000 points, avg insert time (ms): 1.089
[Build] Inserted 59300/96000 points, avg insert time (ms): 0.626
[Build] Inserted 59400/96000 points, avg insert time (ms): 0.428
[Build] Inserted 59500/96000 points, avg insert time (ms): 0.844
[Build] Inserted 59600/96000 points, avg insert time (ms): 1.062
[Build] Inserted 59700/96000 points, avg insert time (ms): 0.627
[Build] Inserted 59800/96000 points, avg insert time (ms): 0.636
[Build] Inserted 59900/96000 points, avg insert time (ms): 0.438
[Build] Inserted 60000/96000 points, avg insert time (ms): 0.209
[Build] Inserted 60100/96000 points, avg insert time (ms): 1.043
[Build] Inserted 60200/96000 points, avg insert time (ms): 0.410
[Build] Inserted 60300/96000 points, avg insert time (ms): 0.636
[Build] Inserted 60400/96000 points, avg insert time (ms): 1.058
[Build] Inserted 60500/96000 points, avg insert time (ms): 0.634
[Build] Inserted 60600/96000 points, avg insert time (ms): 0.843
[Build] Inserted 60700/96000 points, avg insert time (ms): 0.420
[Build] Inserted 60800/96000 points, avg insert time (ms): 1.507
[Build] Inserted 60900/96000 points, avg insert time (ms): 1.301
[Build] Inserted 61000/96000 points, avg insert time (ms): 0.635
[Build] Inserted 61100/96000 points, avg insert time (ms): 0.417
[Build] Inserted 61200/96000 points, avg insert time (ms): 0.611
[Build] Inserted 61300/96000 points, avg insert time (ms): 1.262
[Build] Inserted 61400/96000 points, avg insert time (ms): 1.301
[Build] Inserted 61500/96000 points, avg insert time (ms): 0.649
[Build] Inserted 61600/96000 points, avg insert time (ms): 0.855
[Build] Inserted 61700/96000 points, avg insert time (ms): 1.263
[Build] Inserted 61800/96000 points, avg insert time (ms): 0.439
[Build] Inserted 61900/96000 points, avg insert time (ms): 0.623
[Build] Inserted 62000/96000 points, avg insert time (ms): 0.408
[Build] Inserted 62100/96000 points, avg insert time (ms): 1.228
[Build] Inserted 62200/96000 points, avg insert time (ms): 1.054
[Build] Inserted 62300/96000 points, avg insert time (ms): 0.423
[Build] Inserted 62400/96000 points, avg insert time (ms): 0.841
[Build] Inserted 62500/96000 points, avg insert time (ms): 1.248
[Build] Inserted 62600/96000 points, avg insert time (ms): 0.729
[Build] Inserted 62700/96000 points, avg insert time (ms): 1.055
[Build] Inserted 62800/96000 points, avg insert time (ms): 0.828
[Build] Inserted 62900/96000 points, avg insert time (ms): 0.631
[Build] Inserted 63000/96000 points, avg insert time (ms): 1.674
[Build] Inserted 63100/96000 points, avg insert time (ms): 0.840
[Build] Inserted 63200/96000 points, avg insert time (ms): 0.403
[Build] Inserted 63300/96000 points, avg insert time (ms): 0.001
[Build] Inserted 63400/96000 points, avg insert time (ms): 0.614
[Build] Inserted 63500/96000 points, avg insert time (ms): 0.208
[Build] Inserted 63600/96000 points, avg insert time (ms): 0.214
[Build] Inserted 63700/96000 points, avg insert time (ms): 0.848
[Build] Inserted 63800/96000 points, avg insert time (ms): 0.417
[Build] Inserted 63900/96000 points, avg insert time (ms): 0.648
[Build] Inserted 64000/96000 points, avg insert time (ms): 0.832
[Build] Inserted 64100/96000 points, avg insert time (ms): 0.203
[Build] Inserted 64200/96000 points, avg insert time (ms): 1.052
[Build] Inserted 64300/96000 points, avg insert time (ms): 0.628
[Build] Inserted 64400/96000 points, avg insert time (ms): 1.450
[Build] Inserted 64500/96000 points, avg insert time (ms): 0.402
[Build] Inserted 64600/96000 points, avg insert time (ms): 0.203
[Build] Inserted 64700/96000 points, avg insert time (ms): 0.718
[Build] Inserted 64800/96000 points, avg insert time (ms): 1.457
[Build] Inserted 64900/96000 points, avg insert time (ms): 1.129
[Build] Inserted 65000/96000 points, avg insert time (ms): 0.422
[Build] Inserted 65100/96000 points, avg insert time (ms): 0.640
[Build] Inserted 65200/96000 points, avg insert time (ms): 0.441
[Build] Inserted 65300/96000 points, avg insert time (ms): 0.663
[Build] Inserted 65400/96000 points, avg insert time (ms): 0.259
[Build] Inserted 65500/96000 points, avg insert time (ms): 0.463
[Build] Inserted 65600/96000 points, avg insert time (ms): 1.524
[Build] Inserted 65700/96000 points, avg insert time (ms): 0.420
[Build] Inserted 65800/96000 points, avg insert time (ms): 0.425
[Build] Inserted 65900/96000 points, avg insert time (ms): 0.213
[Build] Inserted 66000/96000 points, avg insert time (ms): 0.631
[Build] Inserted 66100/96000 points, avg insert time (ms): 0.832
[Build] Inserted 66200/96000 points, avg insert time (ms): 1.049
[Build] Inserted 66300/96000 points, avg insert time (ms): 0.825
[Build] Inserted 66400/96000 points, avg insert time (ms): 0.215
[Build] Inserted 66500/96000 points, avg insert time (ms): 0.414
[Build] Inserted 66600/96000 points, avg insert time (ms): 0.407
[Build] Inserted 66700/96000 points, avg insert time (ms): 0.829
[Build] Inserted 66800/96000 points, avg insert time (ms): 0.209
[Build] Inserted 66900/96000 points, avg insert time (ms): 0.001
[Build] Inserted 67000/96000 points, avg insert time (ms): 0.621
[Build] Inserted 67100/96000 points, avg insert time (ms): 0.644
[Build] Inserted 67200/96000 points, avg insert time (ms): 0.835
[Build] Inserted 67300/96000 points, avg insert time (ms): 0.421
[Build] Inserted 67400/96000 points, avg insert time (ms): 1.052
[Build] Inserted 67500/96000 points, avg insert time (ms): 1.262
[Build] Inserted 67600/96000 points, avg insert time (ms): 1.058
[Build] Inserted 67700/96000 points, avg insert time (ms): 0.423
[Build] Inserted 67800/96000 points, avg insert time (ms): 0.419
[Build] Inserted 67900/96000 points, avg insert time (ms): 0.424
[Build] Inserted 68000/96000 points, avg insert time (ms): 0.433
[Build] Inserted 68100/96000 points, avg insert time (ms): 1.088
[Build] Inserted 68200/96000 points, avg insert time (ms): 0.217
[Build] Inserted 68300/96000 points, avg insert time (ms): 1.476
[Build] Inserted 68400/96000 points, avg insert time (ms): 1.098
[Build] Inserted 68500/96000 points, avg insert time (ms): 1.078
[Build] Inserted 68600/96000 points, avg insert time (ms): 0.216
[Build] Inserted 68700/96000 points, avg insert time (ms): 0.630
[Build] Inserted 68800/96000 points, avg insert time (ms): 0.435
[Build] Inserted 68900/96000 points, avg insert time (ms): 0.835
[Build] Inserted 69000/96000 points, avg insert time (ms): 0.597
[Build] Inserted 69100/96000 points, avg insert time (ms): 0.206
[Build] Inserted 69200/96000 points, avg insert time (ms): 0.642
[Build] Inserted 69300/96000 points, avg insert time (ms): 1.478
[Build] Inserted 69400/96000 points, avg insert time (ms): 0.412
[Build] Inserted 69500/96000 points, avg insert time (ms): 0.211
[Build] Inserted 69600/96000 points, avg insert time (ms): 0.654
[Build] Inserted 69700/96000 points, avg insert time (ms): 0.635
[Build] Inserted 69800/96000 points, avg insert time (ms): 0.199
[Build] Inserted 69900/96000 points, avg insert time (ms): 0.639
[Build] Inserted 70000/96000 points, avg insert time (ms): 0.841
[Build] Inserted 70100/96000 points, avg insert time (ms): 0.648
[Build] Inserted 70200/96000 points, avg insert time (ms): 0.876
[Build] Inserted 70300/96000 points, avg insert time (ms): 0.669
[Build] Inserted 70400/96000 points, avg insert time (ms): 1.444
[Build] Inserted 70500/96000 points, avg insert time (ms): 0.206
[Build] Inserted 70600/96000 points, avg insert time (ms): 0.593
[Build] Inserted 70700/96000 points, avg insert time (ms): 0.200
[Build] Inserted 70800/96000 points, avg insert time (ms): 0.200
[Build] Inserted 70900/96000 points, avg insert time (ms): 1.635
[Build] Inserted 71000/96000 points, avg insert time (ms): 0.411
[Build] Inserted 71100/96000 points, avg insert time (ms): 0.001
[Build] Inserted 71200/96000 points, avg insert time (ms): 1.400
[Build] Inserted 71300/96000 points, avg insert time (ms): 0.198
[Build] Inserted 71400/96000 points, avg insert time (ms): 0.203
[Build] Inserted 71500/96000 points, avg insert time (ms): 0.616
[Build] Inserted 71600/96000 points, avg insert time (ms): 0.625
[Build] Inserted 71700/96000 points, avg insert time (ms): 0.207
[Build] Inserted 71800/96000 points, avg insert time (ms): 0.854
[Build] Inserted 71900/96000 points, avg insert time (ms): 0.423
[Build] Inserted 72000/96000 points, avg insert time (ms): 0.633
[Build] Inserted 72100/96000 points, avg insert time (ms): 1.468
[Build] Inserted 72200/96000 points, avg insert time (ms): 0.641
[Build] Inserted 72300/96000 points, avg insert time (ms): 0.249
[Build] Inserted 72400/96000 points, avg insert time (ms): 0.639
[Build] Inserted 72500/96000 points, avg insert time (ms): 0.863
[Build] Inserted 72600/96000 points, avg insert time (ms): 0.650
[Build] Inserted 72700/96000 points, avg insert time (ms): 0.852
[Build] Inserted 72800/96000 points, avg insert time (ms): 0.870
[Build] Inserted 72900/96000 points, avg insert time (ms): 0.421
[Build] Inserted 73000/96000 points, avg insert time (ms): 0.213
[Build] Inserted 73100/96000 points, avg insert time (ms): 1.362
[Build] Inserted 73200/96000 points, avg insert time (ms): 0.633
[Build] Inserted 73300/96000 points, avg insert time (ms): 0.842
[Build] Inserted 73400/96000 points, avg insert time (ms): 0.217
[Build] Inserted 73500/96000 points, avg insert time (ms): 1.097
[Build] Inserted 73600/96000 points, avg insert time (ms): 0.641
[Build] Inserted 73700/96000 points, avg insert time (ms): 1.498
[Build] Inserted 73800/96000 points, avg insert time (ms): 1.023
[Build] Inserted 73900/96000 points, avg insert time (ms): 0.407
[Build] Inserted 74000/96000 points, avg insert time (ms): 0.633
[Build] Inserted 74100/96000 points, avg insert time (ms): 1.249
[Build] Inserted 74200/96000 points, avg insert time (ms): 0.410
[Build] Inserted 74300/96000 points, avg insert time (ms): 2.234
[Build] Inserted 74400/96000 points, avg insert time (ms): 0.426
[Build] Inserted 74500/96000 points, avg insert time (ms): 0.944
[Build] Inserted 74600/96000 points, avg insert time (ms): 0.437
[Build] Inserted 74700/96000 points, avg insert time (ms): 0.436
[Build] Inserted 74800/96000 points, avg insert time (ms): 0.421
[Build] Inserted 74900/96000 points, avg insert time (ms): 0.208
[Build] Inserted 75000/96000 points, avg insert time (ms): 0.661
[Build] Inserted 75100/96000 points, avg insert time (ms): 1.221
[Build] Inserted 75200/96000 points, avg insert time (ms): 0.215
[Build] Inserted 75300/96000 points, avg insert time (ms): 0.860
[Build] Inserted 75400/96000 points, avg insert time (ms): 1.044
[Build] Inserted 75500/96000 points, avg insert time (ms): 0.842
[Build] Inserted 75600/96000 points, avg insert time (ms): 0.617
[Build] Inserted 75700/96000 points, avg insert time (ms): 0.001
[Build] Inserted 75800/96000 points, avg insert time (ms): 1.102
[Build] Inserted 75900/96000 points, avg insert time (ms): 0.531
[Build] Inserted 76000/96000 points, avg insert time (ms): 1.096
[Build] Inserted 76100/96000 points, avg insert time (ms): 0.217
[Build] Inserted 76200/96000 points, avg insert time (ms): 0.422
[Build] Inserted 76300/96000 points, avg insert time (ms): 0.214
[Build] Inserted 76400/96000 points, avg insert time (ms): 0.428
[Build] Inserted 76500/96000 points, avg insert time (ms): 1.601
[Build] Inserted 76600/96000 points, avg insert time (ms): 0.430
[Build] Inserted 76700/96000 points, avg insert time (ms): 0.661
[Build] Inserted 76800/96000 points, avg insert time (ms): 1.359
[Build] Inserted 76900/96000 points, avg insert time (ms): 0.902
[Build] Inserted 77000/96000 points, avg insert time (ms): 1.070
[Build] Inserted 77100/96000 points, avg insert time (ms): 0.862
[Build] Inserted 77200/96000 points, avg insert time (ms): 0.863
[Build] Inserted 77300/96000 points, avg insert time (ms): 0.638
[Build] Inserted 77400/96000 points, avg insert time (ms): 0.450
[Build] Inserted 77500/96000 points, avg insert time (ms): 0.217
[Build] Inserted 77600/96000 points, avg insert time (ms): 0.209
[Build] Inserted 77700/96000 points, avg insert time (ms): 0.225
[Build] Inserted 77800/96000 points, avg insert time (ms): 0.213
[Build] Inserted 77900/96000 points, avg insert time (ms): 2.866
[Build] Inserted 78000/96000 points, avg insert time (ms): 0.642
[Build] Inserted 78100/96000 points, avg insert time (ms): 0.432
[Build] Inserted 78200/96000 points, avg insert time (ms): 1.341
[Build] Inserted 78300/96000 points, avg insert time (ms): 1.078
[Build] Inserted 78400/96000 points, avg insert time (ms): 1.683
[Build] Inserted 78500/96000 points, avg insert time (ms): 0.661
[Build] Inserted 78600/96000 points, avg insert time (ms): 0.642
[Build] Inserted 78700/96000 points, avg insert time (ms): 0.412
[Build] Inserted 78800/96000 points, avg insert time (ms): 1.500
[Build] Inserted 78900/96000 points, avg insert time (ms): 0.629
[Build] Inserted 79000/96000 points, avg insert time (ms): 1.058
[Build] Inserted 79100/96000 points, avg insert time (ms): 0.826
[Build] Inserted 79200/96000 points, avg insert time (ms): 0.198
[Build] Inserted 79300/96000 points, avg insert time (ms): 0.824
[Build] Inserted 79400/96000 points, avg insert time (ms): 0.852
[Build] Inserted 79500/96000 points, avg insert time (ms): 0.972
[Build] Inserted 79600/96000 points, avg insert time (ms): 0.822
[Build] Inserted 79700/96000 points, avg insert time (ms): 0.842
[Build] Inserted 79800/96000 points, avg insert time (ms): 0.875
[Build] Inserted 79900/96000 points, avg insert time (ms): 0.642
[Build] Inserted 80000/96000 points, avg insert time (ms): 0.647
[Build] Inserted 80100/96000 points, avg insert time (ms): 0.200
[Build] Inserted 80200/96000 points, avg insert time (ms): 0.921
[Build] Inserted 80300/96000 points, avg insert time (ms): 0.917
[Build] Inserted 80400/96000 points, avg insert time (ms): 0.843
[Build] Inserted 80500/96000 points, avg insert time (ms): 1.251
[Build] Inserted 80600/96000 points, avg insert time (ms): 0.802
[Build] Inserted 80700/96000 points, avg insert time (ms): 0.816
[Build] Inserted 80800/96000 points, avg insert time (ms): 0.211
[Build] Inserted 80900/96000 points, avg insert time (ms): 1.554
[Build] Inserted 81000/96000 points, avg insert time (ms): 0.446
[Build] Inserted 81100/96000 points, avg insert time (ms): 0.720
[Build] Inserted 81200/96000 points, avg insert time (ms): 1.763
[Build] Inserted 81300/96000 points, avg insert time (ms): 0.643
[Build] Inserted 81400/96000 points, avg insert time (ms): 0.428
[Build] Inserted 81500/96000 points, avg insert time (ms): 0.638
[Build] Inserted 81600/96000 points, avg insert time (ms): 1.297
[Build] Inserted 81700/96000 points, avg insert time (ms): 0.001
[Build] Inserted 81800/96000 points, avg insert time (ms): 0.436
[Build] Inserted 81900/96000 points, avg insert time (ms): 0.001
[Build] Inserted 82000/96000 points, avg insert time (ms): 1.057
[Build] Inserted 82100/96000 points, avg insert time (ms): 0.838
[Build] Inserted 82200/96000 points, avg insert time (ms): 0.223
[Build] Inserted 82300/96000 points, avg insert time (ms): 0.837
[Build] Inserted 82400/96000 points, avg insert time (ms): 1.101
[Build] Inserted 82500/96000 points, avg insert time (ms): 1.271
[Build] Inserted 82600/96000 points, avg insert time (ms): 0.632
[Build] Inserted 82700/96000 points, avg insert time (ms): 0.863
[Build] Inserted 82800/96000 points, avg insert time (ms): 0.664
[Build] Inserted 82900/96000 points, avg insert time (ms): 0.621
[Build] Inserted 83000/96000 points, avg insert time (ms): 0.412
[Build] Inserted 83100/96000 points, avg insert time (ms): 0.209
[Build] Inserted 83200/96000 points, avg insert time (ms): 0.209
[Build] Inserted 83300/96000 points, avg insert time (ms): 0.206
[Build] Inserted 83400/96000 points, avg insert time (ms): 0.207
[Build] Inserted 83500/96000 points, avg insert time (ms): 0.408
[Build] Inserted 83600/96000 points, avg insert time (ms): 0.858
[Build] Inserted 83700/96000 points, avg insert time (ms): 1.036
[Build] Inserted 83800/96000 points, avg insert time (ms): 0.208
[Build] Inserted 83900/96000 points, avg insert time (ms): 0.215
[Build] Inserted 84000/96000 points, avg insert time (ms): 0.646
[Build] Inserted 84100/96000 points, avg insert time (ms): 0.647
[Build] Inserted 84200/96000 points, avg insert time (ms): 0.001
[Build] Inserted 84300/96000 points, avg insert time (ms): 0.606
[Build] Inserted 84400/96000 points, avg insert time (ms): 1.071
[Build] Inserted 84500/96000 points, avg insert time (ms): 0.213
[Build] Inserted 84600/96000 points, avg insert time (ms): 0.423
[Build] Inserted 84700/96000 points, avg insert time (ms): 0.640
[Build] Inserted 84800/96000 points, avg insert time (ms): 0.876
[Build] Inserted 84900/96000 points, avg insert time (ms): 1.092
[Build] Inserted 85000/96000 points, avg insert time (ms): 0.664
[Build] Inserted 85100/96000 points, avg insert time (ms): 0.419
[Build] Inserted 85200/96000 points, avg insert time (ms): 0.855
[Build] Inserted 85300/96000 points, avg insert time (ms): 0.635
[Build] Inserted 85400/96000 points, avg insert time (ms): 1.505
[Build] Inserted 85500/96000 points, avg insert time (ms): 0.216
[Build] Inserted 85600/96000 points, avg insert time (ms): 0.850
[Build] Inserted 85700/96000 points, avg insert time (ms): 0.628
[Build] Inserted 85800/96000 points, avg insert time (ms): 0.660
[Build] Inserted 85900/96000 points, avg insert time (ms): 0.650
[Build] Inserted 86000/96000 points, avg insert time (ms): 1.056
[Build] Inserted 86100/96000 points, avg insert time (ms): 0.424
[Build] Inserted 86200/96000 points, avg insert time (ms): 1.020
[Build] Inserted 86300/96000 points, avg insert time (ms): 0.634
[Build] Inserted 86400/96000 points, avg insert time (ms): 0.631
[Build] Inserted 86500/96000 points, avg insert time (ms): 0.210
[Build] Inserted 86600/96000 points, avg insert time (ms): 0.852
[Build] Inserted 86700/96000 points, avg insert time (ms): 0.205
[Build] Inserted 86800/96000 points, avg insert time (ms): 0.811
[Build] Inserted 86900/96000 points, avg insert time (ms): 1.169
[Build] Inserted 87000/96000 points, avg insert time (ms): 1.284
[Build] Inserted 87100/96000 points, avg insert time (ms): 0.608
[Build] Inserted 87200/96000 points, avg insert time (ms): 0.614
[Build] Inserted 87300/96000 points, avg insert time (ms): 0.417
[Build] Inserted 87400/96000 points, avg insert time (ms): 1.266
[Build] Inserted 87500/96000 points, avg insert time (ms): 0.861
[Build] Inserted 87600/96000 points, avg insert time (ms): 0.437
[Build] Inserted 87700/96000 points, avg insert time (ms): 0.656
[Build] Inserted 87800/96000 points, avg insert time (ms): 0.218
[Build] Inserted 87900/96000 points, avg insert time (ms): 0.856
[Build] Inserted 88000/96000 points, avg insert time (ms): 0.669
[Build] Inserted 88100/96000 points, avg insert time (ms): 0.215
[Build] Inserted 88200/96000 points, avg insert time (ms): 0.840
[Build] Inserted 88300/96000 points, avg insert time (ms): 0.843
[Build] Inserted 88400/96000 points, avg insert time (ms): 1.234
[Build] Inserted 88500/96000 points, avg insert time (ms): 0.812
[Build] Inserted 88600/96000 points, avg insert time (ms): 0.604
[Build] Inserted 88700/96000 points, avg insert time (ms): 0.408
[Build] Inserted 88800/96000 points, avg insert time (ms): 0.204
[Build] Inserted 88900/96000 points, avg insert time (ms): 1.286
[Build] Inserted 89000/96000 points, avg insert time (ms): 0.856
[Build] Inserted 89100/96000 points, avg insert time (ms): 1.287
[Build] Inserted 89200/96000 points, avg insert time (ms): 0.416
[Build] Inserted 89300/96000 points, avg insert time (ms): 0.636
[Build] Inserted 89400/96000 points, avg insert time (ms): 0.229
[Build] Inserted 89500/96000 points, avg insert time (ms): 0.428
[Build] Inserted 89600/96000 points, avg insert time (ms): 0.213
[Build] Inserted 89700/96000 points, avg insert time (ms): 0.217
[Build] Inserted 89800/96000 points, avg insert time (ms): 0.209
[Build] Inserted 89900/96000 points, avg insert time (ms): 1.045
[Build] Inserted 90000/96000 points, avg insert time (ms): 0.432
[Build] Inserted 90100/96000 points, avg insert time (ms): 0.841
[Build] Inserted 90200/96000 points, avg insert time (ms): 1.069
[Build] Inserted 90300/96000 points, avg insert time (ms): 0.406
[Build] Inserted 90400/96000 points, avg insert time (ms): 1.036
[Build] Inserted 90500/96000 points, avg insert time (ms): 1.077
[Build] Inserted 90600/96000 points, avg insert time (ms): 0.001
[Build] Inserted 90700/96000 points, avg insert time (ms): 0.198
[Build] Inserted 90800/96000 points, avg insert time (ms): 0.412
[Build] Inserted 90900/96000 points, avg insert time (ms): 1.258
[Build] Inserted 91000/96000 points, avg insert time (ms): 0.442
[Build] Inserted 91100/96000 points, avg insert time (ms): 0.217
[Build] Inserted 91200/96000 points, avg insert time (ms): 0.664
[Build] Inserted 91300/96000 points, avg insert time (ms): 1.095
[Build] Inserted 91400/96000 points, avg insert time (ms): 0.869
[Build] Inserted 91500/96000 points, avg insert time (ms): 0.001
[Build] Inserted 91600/96000 points, avg insert time (ms): 0.225
[Build] Inserted 91700/96000 points, avg insert time (ms): 1.078
[Build] Inserted 91800/96000 points, avg insert time (ms): 0.434
[Build] Inserted 91900/96000 points, avg insert time (ms): 0.874
[Build] Inserted 92000/96000 points, avg insert time (ms): 0.641
[Build] Inserted 92100/96000 points, avg insert time (ms): 1.280
[Build] Inserted 92200/96000 points, avg insert time (ms): 0.870
[Build] Inserted 92300/96000 points, avg insert time (ms): 1.697
[Build] Inserted 92400/96000 points, avg insert time (ms): 0.215
[Build] Inserted 92500/96000 points, avg insert time (ms): 0.001
[Build] Inserted 92600/96000 points, avg insert time (ms): 1.267
[Build] Inserted 92700/96000 points, avg insert time (ms): 0.424
[Build] Inserted 92800/96000 points, avg insert time (ms): 1.084
[Build] Inserted 92900/96000 points, avg insert time (ms): 0.428
[Build] Inserted 93000/96000 points, avg insert time (ms): 0.215
[Build] Inserted 93100/96000 points, avg insert time (ms): 0.825
[Build] Inserted 93200/96000 points, avg insert time (ms): 0.648
[Build] Inserted 93300/96000 points, avg insert time (ms): 0.441
[Build] Inserted 93400/96000 points, avg insert time (ms): 0.878
[Build] Inserted 93500/96000 points, avg insert time (ms): 0.001
[Build] Inserted 93600/96000 points, avg insert time (ms): 0.838
[Build] Inserted 93700/96000 points, avg insert time (ms): 0.849
[Build] Inserted 93800/96000 points, avg insert time (ms): 0.208
[Build] Inserted 93900/96000 points, avg insert time (ms): 0.418
[Build] Inserted 94000/96000 points, avg insert time (ms): 0.414
[Build] Inserted 94100/96000 points, avg insert time (ms): 0.210
[Build] Inserted 94200/96000 points, avg insert time (ms): 0.622
[Build] Inserted 94300/96000 points, avg insert time (ms): 0.432
[Build] Inserted 94400/96000 points, avg insert time (ms): 0.665
[Build] Inserted 94500/96000 points, avg insert time (ms): 0.660
[Build] Inserted 94600/96000 points, avg insert time (ms): 0.844
[Build] Inserted 94700/96000 points, avg insert time (ms): 0.207
[Build] Inserted 94800/96000 points, avg insert time (ms): 0.625
[Build] Inserted 94900/96000 points, avg insert time (ms): 0.841
[Build] Inserted 95000/96000 points, avg insert time (ms): 0.418
[Build] Inserted 95100/96000 points, avg insert time (ms): 0.424
[Build] Inserted 95200/96000 points, avg insert time (ms): 0.874
[Build] Inserted 95300/96000 points, avg insert time (ms): 1.028
[Build] Inserted 95400/96000 points, avg insert time (ms): 1.298
[Build] Inserted 95500/96000 points, avg insert time (ms): 0.861
[Build] Inserted 95600/96000 points, avg insert time (ms): 1.464
[Build] Inserted 95700/96000 points, avg insert time (ms): 0.653
[Build] Inserted 95800/96000 points, avg insert time (ms): 1.697
[Build] Inserted 95900/96000 points, avg insert time (ms): 0.412
[Build] Inserted 96000/96000 points, avg insert time (ms): 0.405
[Timing] Total insertion time: 63.27 s
[Build] Starting queries...
[Query] Processed 1/1 queries, avg query time (ms): 34.209
[Timing] Total query time: 0.04 s
[Eval] Computing ground truth top-K...
[Timing] Ground truth (FAISS): 0.00 s (3.088 ms/query)
[Timing] Ground truth computation: 1.27 s
[Eval] Computing recall metrics...
[Timing] Recall evaluation: 0.03 s
[Eval] Computing (c,r)-ANN accuracy...
[Timing] FAISS r* computation: 0.00 s (3.547 ms/query)
[CR-ANN] 1/1 processed, avg time (ann.query): 109.314 ms
[Timing] (c,r)-ANN eval: 0.11 s (109.844 ms/query)
[Sanity Check] Total Relevant = 1
[Timing] (c,r)-ANN evaluation: 0.17 s
[Result] Memory breakdown (MB): {'hash_functions_MB': 21.38824462890625, 'bucket_ids_MB': 19.64453125, 'num_ids': 5149696, 'num_buckets': 694035, 'hash_tables_overhead_MB': 58.24573516845703, 'total_MB': 99.27851104736328}
[Result] Epsilon-recall: 1.0000
[Result] (c,r)-ANN accuracy: 1.0000

[Timing Summary]
  Insert phase: 63.27 s
  Query phase: 0.04 s
  Ground truth: 1.27 s
  Recall eval: 0.03 s
  (c,r)-ANN eval: 0.17 s
  Total time: 64.77 s
[SUMMARY] r=1.0, eps=0.5, eta=0.3, recall=1.0000, (c,r)-ANN accuracy=1.0, memory=99.27851104736328
