[Init] Inputs : eta=0.20, epsilon=0.50, r=1.00
[Init] LSH Parameters : w=3.154, p1=0.7472, p2=0.6267, rho=0.6236
[Init] Data Structure Parameters : k=25, L=1712, key_bits=800, mode=speed
[Build] Starting insertion...
[Build] Inserted 100/96000 points, avg insert time (ms): 2.190
[Build] Inserted 200/96000 points, avg insert time (ms): 1.718
[Build] Inserted 300/96000 points, avg insert time (ms): 2.022
[Build] Inserted 400/96000 points, avg insert time (ms): 1.892
[Build] Inserted 500/96000 points, avg insert time (ms): 1.234
[Build] Inserted 600/96000 points, avg insert time (ms): 1.896
[Build] Inserted 700/96000 points, avg insert time (ms): 2.313
[Build] Inserted 800/96000 points, avg insert time (ms): 2.687
[Build] Inserted 900/96000 points, avg insert time (ms): 2.070
[Build] Inserted 1000/96000 points, avg insert time (ms): 3.267
[Build] Inserted 1100/96000 points, avg insert time (ms): 3.765
[Build] Inserted 1200/96000 points, avg insert time (ms): 2.463
[Build] Inserted 1300/96000 points, avg insert time (ms): 1.829
[Build] Inserted 1400/96000 points, avg insert time (ms): 2.542
[Build] Inserted 1500/96000 points, avg insert time (ms): 2.082
[Build] Inserted 1600/96000 points, avg insert time (ms): 3.247
[Build] Inserted 1700/96000 points, avg insert time (ms): 1.214
[Build] Inserted 1800/96000 points, avg insert time (ms): 2.070
[Build] Inserted 1900/96000 points, avg insert time (ms): 3.538
[Build] Inserted 2000/96000 points, avg insert time (ms): 2.874
[Build] Inserted 2100/96000 points, avg insert time (ms): 1.468
[Build] Inserted 2200/96000 points, avg insert time (ms): 4.499
[Build] Inserted 2300/96000 points, avg insert time (ms): 2.708
[Build] Inserted 2400/96000 points, avg insert time (ms): 2.675
[Build] Inserted 2500/96000 points, avg insert time (ms): 0.817
[Build] Inserted 2600/96000 points, avg insert time (ms): 2.555
[Build] Inserted 2700/96000 points, avg insert time (ms): 3.135
[Build] Inserted 2800/96000 points, avg insert time (ms): 4.177
[Build] Inserted 2900/96000 points, avg insert time (ms): 2.759
[Build] Inserted 3000/96000 points, avg insert time (ms): 2.541
[Build] Inserted 3100/96000 points, avg insert time (ms): 2.297
[Build] Inserted 3200/96000 points, avg insert time (ms): 2.759
[Build] Inserted 3300/96000 points, avg insert time (ms): 2.307
[Build] Inserted 3400/96000 points, avg insert time (ms): 2.552
[Build] Inserted 3500/96000 points, avg insert time (ms): 1.667
[Build] Inserted 3600/96000 points, avg insert time (ms): 2.297
[Build] Inserted 3700/96000 points, avg insert time (ms): 1.322
[Build] Inserted 3800/96000 points, avg insert time (ms): 2.555
[Build] Inserted 3900/96000 points, avg insert time (ms): 3.314
[Build] Inserted 4000/96000 points, avg insert time (ms): 3.849
[Build] Inserted 4100/96000 points, avg insert time (ms): 1.529
[Build] Inserted 4200/96000 points, avg insert time (ms): 2.173
[Build] Inserted 4300/96000 points, avg insert time (ms): 2.829
[Build] Inserted 4400/96000 points, avg insert time (ms): 1.665
[Build] Inserted 4500/96000 points, avg insert time (ms): 1.904
[Build] Inserted 4600/96000 points, avg insert time (ms): 1.047
[Build] Inserted 4700/96000 points, avg insert time (ms): 2.786
[Build] Inserted 4800/96000 points, avg insert time (ms): 0.428
[Build] Inserted 4900/96000 points, avg insert time (ms): 2.086
[Build] Inserted 5000/96000 points, avg insert time (ms): 2.165
[Build] Inserted 5100/96000 points, avg insert time (ms): 2.763
[Build] Inserted 5200/96000 points, avg insert time (ms): 1.880
[Build] Inserted 5300/96000 points, avg insert time (ms): 1.468
[Build] Inserted 5400/96000 points, avg insert time (ms): 1.696
[Build] Inserted 5500/96000 points, avg insert time (ms): 2.373
[Build] Inserted 5600/96000 points, avg insert time (ms): 2.724
[Build] Inserted 5700/96000 points, avg insert time (ms): 2.103
[Build] Inserted 5800/96000 points, avg insert time (ms): 2.086
[Build] Inserted 5900/96000 points, avg insert time (ms): 2.088
[Build] Inserted 6000/96000 points, avg insert time (ms): 1.266
[Build] Inserted 6100/96000 points, avg insert time (ms): 2.371
[Build] Inserted 6200/96000 points, avg insert time (ms): 1.764
[Build] Inserted 6300/96000 points, avg insert time (ms): 2.511
[Build] Inserted 6400/96000 points, avg insert time (ms): 2.288
[Build] Inserted 6500/96000 points, avg insert time (ms): 2.620
[Build] Inserted 6600/96000 points, avg insert time (ms): 3.748
[Build] Inserted 6700/96000 points, avg insert time (ms): 2.576
[Build] Inserted 6800/96000 points, avg insert time (ms): 2.527
[Build] Inserted 6900/96000 points, avg insert time (ms): 2.243
[Build] Inserted 7000/96000 points, avg insert time (ms): 2.493
[Build] Inserted 7100/96000 points, avg insert time (ms): 2.479
[Build] Inserted 7200/96000 points, avg insert time (ms): 3.011
[Build] Inserted 7300/96000 points, avg insert time (ms): 2.253
[Build] Inserted 7400/96000 points, avg insert time (ms): 2.596
[Build] Inserted 7500/96000 points, avg insert time (ms): 2.692
[Build] Inserted 7600/96000 points, avg insert time (ms): 2.052
[Build] Inserted 7700/96000 points, avg insert time (ms): 3.706
[Build] Inserted 7800/96000 points, avg insert time (ms): 2.300
[Build] Inserted 7900/96000 points, avg insert time (ms): 1.739
[Build] Inserted 8000/96000 points, avg insert time (ms): 2.152
[Build] Inserted 8100/96000 points, avg insert time (ms): 1.448
[Build] Inserted 8200/96000 points, avg insert time (ms): 3.113
[Build] Inserted 8300/96000 points, avg insert time (ms): 1.569
[Build] Inserted 8400/96000 points, avg insert time (ms): 1.919
[Build] Inserted 8500/96000 points, avg insert time (ms): 1.870
[Build] Inserted 8600/96000 points, avg insert time (ms): 2.343
[Build] Inserted 8700/96000 points, avg insert time (ms): 2.247
[Build] Inserted 8800/96000 points, avg insert time (ms): 1.911
[Build] Inserted 8900/96000 points, avg insert time (ms): 1.918
[Build] Inserted 9000/96000 points, avg insert time (ms): 1.426
[Build] Inserted 9100/96000 points, avg insert time (ms): 2.310
[Build] Inserted 9200/96000 points, avg insert time (ms): 2.254
[Build] Inserted 9300/96000 points, avg insert time (ms): 3.294
[Build] Inserted 9400/96000 points, avg insert time (ms): 2.146
[Build] Inserted 9500/96000 points, avg insert time (ms): 2.528
[Build] Inserted 9600/96000 points, avg insert time (ms): 1.448
[Build] Inserted 9700/96000 points, avg insert time (ms): 2.446
[Build] Inserted 9800/96000 points, avg insert time (ms): 1.708
[Build] Inserted 9900/96000 points, avg insert time (ms): 1.890
[Build] Inserted 10000/96000 points, avg insert time (ms): 1.842
[Build] Inserted 10100/96000 points, avg insert time (ms): 2.071
[Build] Inserted 10200/96000 points, avg insert time (ms): 2.147
[Build] Inserted 10300/96000 points, avg insert time (ms): 2.317
[Build] Inserted 10400/96000 points, avg insert time (ms): 1.864
[Build] Inserted 10500/96000 points, avg insert time (ms): 2.505
[Build] Inserted 10600/96000 points, avg insert time (ms): 1.985
[Build] Inserted 10700/96000 points, avg insert time (ms): 1.918
[Build] Inserted 10800/96000 points, avg insert time (ms): 2.609
[Build] Inserted 10900/96000 points, avg insert time (ms): 1.314
[Build] Inserted 11000/96000 points, avg insert time (ms): 2.078
[Build] Inserted 11100/96000 points, avg insert time (ms): 2.554
[Build] Inserted 11200/96000 points, avg insert time (ms): 2.579
[Build] Inserted 11300/96000 points, avg insert time (ms): 3.427
[Build] Inserted 11400/96000 points, avg insert time (ms): 2.061
[Build] Inserted 11500/96000 points, avg insert time (ms): 0.656
[Build] Inserted 11600/96000 points, avg insert time (ms): 2.509
[Build] Inserted 11700/96000 points, avg insert time (ms): 3.432
[Build] Inserted 11800/96000 points, avg insert time (ms): 1.435
[Build] Inserted 11900/96000 points, avg insert time (ms): 1.470
[Build] Inserted 12000/96000 points, avg insert time (ms): 1.430
[Build] Inserted 12100/96000 points, avg insert time (ms): 2.890
[Build] Inserted 12200/96000 points, avg insert time (ms): 1.469
[Build] Inserted 12300/96000 points, avg insert time (ms): 2.765
[Build] Inserted 12400/96000 points, avg insert time (ms): 2.464
[Build] Inserted 12500/96000 points, avg insert time (ms): 3.730
[Build] Inserted 12600/96000 points, avg insert time (ms): 1.745
[Build] Inserted 12700/96000 points, avg insert time (ms): 2.830
[Build] Inserted 12800/96000 points, avg insert time (ms): 1.446
[Build] Inserted 12900/96000 points, avg insert time (ms): 2.501
[Build] Inserted 13000/96000 points, avg insert time (ms): 3.151
[Build] Inserted 13100/96000 points, avg insert time (ms): 2.557
[Build] Inserted 13200/96000 points, avg insert time (ms): 2.031
[Build] Inserted 13300/96000 points, avg insert time (ms): 3.387
[Build] Inserted 13400/96000 points, avg insert time (ms): 0.829
[Build] Inserted 13500/96000 points, avg insert time (ms): 3.029
[Build] Inserted 13600/96000 points, avg insert time (ms): -14.115
[Build] Inserted 13700/96000 points, avg insert time (ms): 1.834
[Build] Inserted 13800/96000 points, avg insert time (ms): 1.574
[Build] Inserted 13900/96000 points, avg insert time (ms): 2.077
[Build] Inserted 14000/96000 points, avg insert time (ms): 2.338
[Build] Inserted 14100/96000 points, avg insert time (ms): 1.245
[Build] Inserted 14200/96000 points, avg insert time (ms): 2.072
[Build] Inserted 14300/96000 points, avg insert time (ms): 3.022
[Build] Inserted 14400/96000 points, avg insert time (ms): 1.927
[Build] Inserted 14500/96000 points, avg insert time (ms): 1.884
[Build] Inserted 14600/96000 points, avg insert time (ms): 1.080
[Build] Inserted 14700/96000 points, avg insert time (ms): 3.510
[Build] Inserted 14800/96000 points, avg insert time (ms): 2.262
[Build] Inserted 14900/96000 points, avg insert time (ms): 1.101
[Build] Inserted 15000/96000 points, avg insert time (ms): 2.228
[Build] Inserted 15100/96000 points, avg insert time (ms): 1.925
[Build] Inserted 15200/96000 points, avg insert time (ms): 1.633
[Build] Inserted 15300/96000 points, avg insert time (ms): 2.245
[Build] Inserted 15400/96000 points, avg insert time (ms): 2.805
[Build] Inserted 15500/96000 points, avg insert time (ms): 2.533
[Build] Inserted 15600/96000 points, avg insert time (ms): 2.186
[Build] Inserted 15700/96000 points, avg insert time (ms): 2.372
[Build] Inserted 15800/96000 points, avg insert time (ms): 1.515
[Build] Inserted 15900/96000 points, avg insert time (ms): 2.104
[Build] Inserted 16000/96000 points, avg insert time (ms): 2.960
[Build] Inserted 16100/96000 points, avg insert time (ms): 2.340
[Build] Inserted 16200/96000 points, avg insert time (ms): 2.738
[Build] Inserted 16300/96000 points, avg insert time (ms): 3.448
[Build] Inserted 16400/96000 points, avg insert time (ms): 1.713
[Build] Inserted 16500/96000 points, avg insert time (ms): 2.656
[Build] Inserted 16600/96000 points, avg insert time (ms): 2.130
[Build] Inserted 16700/96000 points, avg insert time (ms): 2.454
[Build] Inserted 16800/96000 points, avg insert time (ms): 2.057
[Build] Inserted 16900/96000 points, avg insert time (ms): 2.759
[Build] Inserted 17000/96000 points, avg insert time (ms): 2.088
[Build] Inserted 17100/96000 points, avg insert time (ms): 2.089
[Build] Inserted 17200/96000 points, avg insert time (ms): 2.525
[Build] Inserted 17300/96000 points, avg insert time (ms): 2.522
[Build] Inserted 17400/96000 points, avg insert time (ms): 2.985
[Build] Inserted 17500/96000 points, avg insert time (ms): 2.349
[Build] Inserted 17600/96000 points, avg insert time (ms): 2.763
[Build] Inserted 17700/96000 points, avg insert time (ms): 1.128
[Build] Inserted 17800/96000 points, avg insert time (ms): 1.346
[Build] Inserted 17900/96000 points, avg insert time (ms): 2.952
[Build] Inserted 18000/96000 points, avg insert time (ms): 2.091
[Build] Inserted 18100/96000 points, avg insert time (ms): 2.545
[Build] Inserted 18200/96000 points, avg insert time (ms): 2.958
[Build] Inserted 18300/96000 points, avg insert time (ms): 0.830
[Build] Inserted 18400/96000 points, avg insert time (ms): 2.982
[Build] Inserted 18500/96000 points, avg insert time (ms): 2.795
[Build] Inserted 18600/96000 points, avg insert time (ms): 2.796
[Build] Inserted 18700/96000 points, avg insert time (ms): 1.726
[Build] Inserted 18800/96000 points, avg insert time (ms): 2.282
[Build] Inserted 18900/96000 points, avg insert time (ms): 2.545
[Build] Inserted 19000/96000 points, avg insert time (ms): 2.095
[Build] Inserted 19100/96000 points, avg insert time (ms): 2.396
[Build] Inserted 19200/96000 points, avg insert time (ms): 2.873
[Build] Inserted 19300/96000 points, avg insert time (ms): 4.280
[Build] Inserted 19400/96000 points, avg insert time (ms): 2.124
[Build] Inserted 19500/96000 points, avg insert time (ms): 2.108
[Build] Inserted 19600/96000 points, avg insert time (ms): 3.003
[Build] Inserted 19700/96000 points, avg insert time (ms): 1.268
[Build] Inserted 19800/96000 points, avg insert time (ms): 1.100
[Build] Inserted 19900/96000 points, avg insert time (ms): 1.976
[Build] Inserted 20000/96000 points, avg insert time (ms): 2.300
[Build] Inserted 20100/96000 points, avg insert time (ms): 1.932
[Build] Inserted 20200/96000 points, avg insert time (ms): 2.338
[Build] Inserted 20300/96000 points, avg insert time (ms): 2.628
[Build] Inserted 20400/96000 points, avg insert time (ms): 2.742
[Build] Inserted 20500/96000 points, avg insert time (ms): 2.620
[Build] Inserted 20600/96000 points, avg insert time (ms): 1.874
[Build] Inserted 20700/96000 points, avg insert time (ms): 1.076
[Build] Inserted 20800/96000 points, avg insert time (ms): 1.891
[Build] Inserted 20900/96000 points, avg insert time (ms): 3.079
[Build] Inserted 21000/96000 points, avg insert time (ms): 0.639
[Build] Inserted 21100/96000 points, avg insert time (ms): 2.879
[Build] Inserted 21200/96000 points, avg insert time (ms): 2.417
[Build] Inserted 21300/96000 points, avg insert time (ms): 2.367
[Build] Inserted 21400/96000 points, avg insert time (ms): 1.257
[Build] Inserted 21500/96000 points, avg insert time (ms): 2.175
[Build] Inserted 21600/96000 points, avg insert time (ms): 1.662
[Build] Inserted 21700/96000 points, avg insert time (ms): 2.586
[Build] Inserted 21800/96000 points, avg insert time (ms): 1.480
[Build] Inserted 21900/96000 points, avg insert time (ms): 1.497
[Build] Inserted 22000/96000 points, avg insert time (ms): 1.495
[Build] Inserted 22100/96000 points, avg insert time (ms): 1.874
[Build] Inserted 22200/96000 points, avg insert time (ms): 2.282
[Build] Inserted 22300/96000 points, avg insert time (ms): 1.730
[Build] Inserted 22400/96000 points, avg insert time (ms): 1.897
[Build] Inserted 22500/96000 points, avg insert time (ms): 2.118
[Build] Inserted 22600/96000 points, avg insert time (ms): 3.177
[Build] Inserted 22700/96000 points, avg insert time (ms): 2.083
[Build] Inserted 22800/96000 points, avg insert time (ms): 3.314
[Build] Inserted 22900/96000 points, avg insert time (ms): 1.975
[Build] Inserted 23000/96000 points, avg insert time (ms): 3.238
[Build] Inserted 23100/96000 points, avg insert time (ms): 1.896
[Build] Inserted 23200/96000 points, avg insert time (ms): 3.320
[Build] Inserted 23300/96000 points, avg insert time (ms): 1.913
[Build] Inserted 23400/96000 points, avg insert time (ms): 2.273
[Build] Inserted 23500/96000 points, avg insert time (ms): 2.703
[Build] Inserted 23600/96000 points, avg insert time (ms): 1.901
[Build] Inserted 23700/96000 points, avg insert time (ms): 2.564
[Build] Inserted 23800/96000 points, avg insert time (ms): 2.212
[Build] Inserted 23900/96000 points, avg insert time (ms): 1.072
[Build] Inserted 24000/96000 points, avg insert time (ms): 3.260
[Build] Inserted 24100/96000 points, avg insert time (ms): 2.552
[Build] Inserted 24200/96000 points, avg insert time (ms): 2.547
[Build] Inserted 24300/96000 points, avg insert time (ms): 2.338
[Build] Inserted 24400/96000 points, avg insert time (ms): 2.060
[Build] Inserted 24500/96000 points, avg insert time (ms): 2.725
[Build] Inserted 24600/96000 points, avg insert time (ms): 2.529
[Build] Inserted 24700/96000 points, avg insert time (ms): 1.322
[Build] Inserted 24800/96000 points, avg insert time (ms): 1.763
[Build] Inserted 24900/96000 points, avg insert time (ms): 2.888
[Build] Inserted 25000/96000 points, avg insert time (ms): 1.848
[Build] Inserted 25100/96000 points, avg insert time (ms): 2.774
[Build] Inserted 25200/96000 points, avg insert time (ms): 1.915
[Build] Inserted 25300/96000 points, avg insert time (ms): 1.921
[Build] Inserted 25400/96000 points, avg insert time (ms): 1.505
[Build] Inserted 25500/96000 points, avg insert time (ms): 1.479
[Build] Inserted 25600/96000 points, avg insert time (ms): 2.684
[Build] Inserted 25700/96000 points, avg insert time (ms): 2.356
[Build] Inserted 25800/96000 points, avg insert time (ms): 1.994
[Build] Inserted 25900/96000 points, avg insert time (ms): 1.939
[Build] Inserted 26000/96000 points, avg insert time (ms): 3.104
[Build] Inserted 26100/96000 points, avg insert time (ms): 2.351
[Build] Inserted 26200/96000 points, avg insert time (ms): 1.698
[Build] Inserted 26300/96000 points, avg insert time (ms): 2.150
[Build] Inserted 26400/96000 points, avg insert time (ms): 2.239
[Build] Inserted 26500/96000 points, avg insert time (ms): 1.507
[Build] Inserted 26600/96000 points, avg insert time (ms): 3.261
[Build] Inserted 26700/96000 points, avg insert time (ms): 3.251
[Build] Inserted 26800/96000 points, avg insert time (ms): 2.550
[Build] Inserted 26900/96000 points, avg insert time (ms): 1.699
[Build] Inserted 27000/96000 points, avg insert time (ms): 2.621
[Build] Inserted 27100/96000 points, avg insert time (ms): 1.964
[Build] Inserted 27200/96000 points, avg insert time (ms): 1.672
[Build] Inserted 27300/96000 points, avg insert time (ms): 3.139
[Build] Inserted 27400/96000 points, avg insert time (ms): 2.981
[Build] Inserted 27500/96000 points, avg insert time (ms): 2.346
[Build] Inserted 27600/96000 points, avg insert time (ms): 1.467
[Build] Inserted 27700/96000 points, avg insert time (ms): 1.975
[Build] Inserted 27800/96000 points, avg insert time (ms): -11.099
[Build] Inserted 27900/96000 points, avg insert time (ms): 2.731
[Build] Inserted 28000/96000 points, avg insert time (ms): 1.682
[Build] Inserted 28100/96000 points, avg insert time (ms): 3.402
[Build] Inserted 28200/96000 points, avg insert time (ms): 2.637
[Build] Inserted 28300/96000 points, avg insert time (ms): 1.889
[Build] Inserted 28400/96000 points, avg insert time (ms): 1.720
[Build] Inserted 28500/96000 points, avg insert time (ms): 1.416
[Build] Inserted 28600/96000 points, avg insert time (ms): 2.309
[Build] Inserted 28700/96000 points, avg insert time (ms): 1.676
[Build] Inserted 28800/96000 points, avg insert time (ms): 2.557
[Build] Inserted 28900/96000 points, avg insert time (ms): 2.176
[Build] Inserted 29000/96000 points, avg insert time (ms): 1.822
[Build] Inserted 29100/96000 points, avg insert time (ms): 1.945
[Build] Inserted 29200/96000 points, avg insert time (ms): 2.838
[Build] Inserted 29300/96000 points, avg insert time (ms): 0.866
[Build] Inserted 29400/96000 points, avg insert time (ms): 1.013
[Build] Inserted 29500/96000 points, avg insert time (ms): 2.455
[Build] Inserted 29600/96000 points, avg insert time (ms): 1.319
[Build] Inserted 29700/96000 points, avg insert time (ms): 2.259
[Build] Inserted 29800/96000 points, avg insert time (ms): 1.980
[Build] Inserted 29900/96000 points, avg insert time (ms): 2.465
[Build] Inserted 30000/96000 points, avg insert time (ms): 1.164
[Build] Inserted 30100/96000 points, avg insert time (ms): 2.227
[Build] Inserted 30200/96000 points, avg insert time (ms): 1.867
[Build] Inserted 30300/96000 points, avg insert time (ms): 2.894
[Build] Inserted 30400/96000 points, avg insert time (ms): 1.755
[Build] Inserted 30500/96000 points, avg insert time (ms): 1.486
[Build] Inserted 30600/96000 points, avg insert time (ms): 2.699
[Build] Inserted 30700/96000 points, avg insert time (ms): 1.247
[Build] Inserted 30800/96000 points, avg insert time (ms): 3.577
[Build] Inserted 30900/96000 points, avg insert time (ms): 3.125
[Build] Inserted 31000/96000 points, avg insert time (ms): 1.308
[Build] Inserted 31100/96000 points, avg insert time (ms): 2.116
[Build] Inserted 31200/96000 points, avg insert time (ms): 1.883
[Build] Inserted 31300/96000 points, avg insert time (ms): 2.295
[Build] Inserted 31400/96000 points, avg insert time (ms): 1.962
[Build] Inserted 31500/96000 points, avg insert time (ms): 2.168
[Build] Inserted 31600/96000 points, avg insert time (ms): 1.718
[Build] Inserted 31700/96000 points, avg insert time (ms): 2.547
[Build] Inserted 31800/96000 points, avg insert time (ms): 2.123
[Build] Inserted 31900/96000 points, avg insert time (ms): 2.204
[Build] Inserted 32000/96000 points, avg insert time (ms): 3.186
[Build] Inserted 32100/96000 points, avg insert time (ms): 1.688
[Build] Inserted 32200/96000 points, avg insert time (ms): 2.622
[Build] Inserted 32300/96000 points, avg insert time (ms): 1.859
[Build] Inserted 32400/96000 points, avg insert time (ms): 1.326
[Build] Inserted 32500/96000 points, avg insert time (ms): 2.488
[Build] Inserted 32600/96000 points, avg insert time (ms): 2.515
[Build] Inserted 32700/96000 points, avg insert time (ms): 3.488
[Build] Inserted 32800/96000 points, avg insert time (ms): 1.250
[Build] Inserted 32900/96000 points, avg insert time (ms): 1.750
[Build] Inserted 33000/96000 points, avg insert time (ms): 2.419
[Build] Inserted 33100/96000 points, avg insert time (ms): 1.537
[Build] Inserted 33200/96000 points, avg insert time (ms): 2.423
[Build] Inserted 33300/96000 points, avg insert time (ms): 2.371
[Build] Inserted 33400/96000 points, avg insert time (ms): 1.159
[Build] Inserted 33500/96000 points, avg insert time (ms): 1.421
[Build] Inserted 33600/96000 points, avg insert time (ms): 1.495
[Build] Inserted 33700/96000 points, avg insert time (ms): 2.859
[Build] Inserted 33800/96000 points, avg insert time (ms): 2.031
[Build] Inserted 33900/96000 points, avg insert time (ms): 2.271
[Build] Inserted 34000/96000 points, avg insert time (ms): 1.114
[Build] Inserted 34100/96000 points, avg insert time (ms): 2.195
[Build] Inserted 34200/96000 points, avg insert time (ms): 2.487
[Build] Inserted 34300/96000 points, avg insert time (ms): 1.702
[Build] Inserted 34400/96000 points, avg insert time (ms): 2.585
[Build] Inserted 34500/96000 points, avg insert time (ms): 2.718
[Build] Inserted 34600/96000 points, avg insert time (ms): 1.503
[Build] Inserted 34700/96000 points, avg insert time (ms): 1.649
[Build] Inserted 34800/96000 points, avg insert time (ms): 3.348
[Build] Inserted 34900/96000 points, avg insert time (ms): 2.280
[Build] Inserted 35000/96000 points, avg insert time (ms): 1.962
[Build] Inserted 35100/96000 points, avg insert time (ms): 2.546
[Build] Inserted 35200/96000 points, avg insert time (ms): 1.220
[Build] Inserted 35300/96000 points, avg insert time (ms): 0.818
[Build] Inserted 35400/96000 points, avg insert time (ms): 1.460
[Build] Inserted 35500/96000 points, avg insert time (ms): 1.253
[Build] Inserted 35600/96000 points, avg insert time (ms): 1.905
[Build] Inserted 35700/96000 points, avg insert time (ms): 2.105
[Build] Inserted 35800/96000 points, avg insert time (ms): 2.299
[Build] Inserted 35900/96000 points, avg insert time (ms): 1.483
[Build] Inserted 36000/96000 points, avg insert time (ms): 3.006
[Build] Inserted 36100/96000 points, avg insert time (ms): 1.734
[Build] Inserted 36200/96000 points, avg insert time (ms): 2.435
[Build] Inserted 36300/96000 points, avg insert time (ms): 2.319
[Build] Inserted 36400/96000 points, avg insert time (ms): 0.629
[Build] Inserted 36500/96000 points, avg insert time (ms): 1.703
[Build] Inserted 36600/96000 points, avg insert time (ms): 3.308
[Build] Inserted 36700/96000 points, avg insert time (ms): 2.737
[Build] Inserted 36800/96000 points, avg insert time (ms): 2.876
[Build] Inserted 36900/96000 points, avg insert time (ms): 1.721
[Build] Inserted 37000/96000 points, avg insert time (ms): 1.742
[Build] Inserted 37100/96000 points, avg insert time (ms): 2.167
[Build] Inserted 37200/96000 points, avg insert time (ms): 1.934
[Build] Inserted 37300/96000 points, avg insert time (ms): 2.898
[Build] Inserted 37400/96000 points, avg insert time (ms): 1.716
[Build] Inserted 37500/96000 points, avg insert time (ms): 2.790
[Build] Inserted 37600/96000 points, avg insert time (ms): 2.245
[Build] Inserted 37700/96000 points, avg insert time (ms): 1.504
[Build] Inserted 37800/96000 points, avg insert time (ms): 1.255
[Build] Inserted 37900/96000 points, avg insert time (ms): 2.329
[Build] Inserted 38000/96000 points, avg insert time (ms): 2.903
[Build] Inserted 38100/96000 points, avg insert time (ms): 1.694
[Build] Inserted 38200/96000 points, avg insert time (ms): 1.875
[Build] Inserted 38300/96000 points, avg insert time (ms): 2.297
[Build] Inserted 38400/96000 points, avg insert time (ms): 2.527
[Build] Inserted 38500/96000 points, avg insert time (ms): 1.721
[Build] Inserted 38600/96000 points, avg insert time (ms): 1.527
[Build] Inserted 38700/96000 points, avg insert time (ms): 1.472
[Build] Inserted 38800/96000 points, avg insert time (ms): 1.906
[Build] Inserted 38900/96000 points, avg insert time (ms): 3.211
[Build] Inserted 39000/96000 points, avg insert time (ms): 2.274
[Build] Inserted 39100/96000 points, avg insert time (ms): 2.081
[Build] Inserted 39200/96000 points, avg insert time (ms): 1.260
[Build] Inserted 39300/96000 points, avg insert time (ms): 1.867
[Build] Inserted 39400/96000 points, avg insert time (ms): 2.997
[Build] Inserted 39500/96000 points, avg insert time (ms): 2.221
[Build] Inserted 39600/96000 points, avg insert time (ms): 3.242
[Build] Inserted 39700/96000 points, avg insert time (ms): 1.887
[Build] Inserted 39800/96000 points, avg insert time (ms): 1.934
[Build] Inserted 39900/96000 points, avg insert time (ms): 2.395
[Build] Inserted 40000/96000 points, avg insert time (ms): 1.950
[Build] Inserted 40100/96000 points, avg insert time (ms): 1.672
[Build] Inserted 40200/96000 points, avg insert time (ms): 2.123
[Build] Inserted 40300/96000 points, avg insert time (ms): 2.426
[Build] Inserted 40400/96000 points, avg insert time (ms): 4.220
[Build] Inserted 40500/96000 points, avg insert time (ms): 1.950
[Build] Inserted 40600/96000 points, avg insert time (ms): 1.955
[Build] Inserted 40700/96000 points, avg insert time (ms): 3.170
[Build] Inserted 40800/96000 points, avg insert time (ms): 1.269
[Build] Inserted 40900/96000 points, avg insert time (ms): 2.144
[Build] Inserted 41000/96000 points, avg insert time (ms): 2.077
[Build] Inserted 41100/96000 points, avg insert time (ms): 2.318
[Build] Inserted 41200/96000 points, avg insert time (ms): 2.089
[Build] Inserted 41300/96000 points, avg insert time (ms): 1.949
[Build] Inserted 41400/96000 points, avg insert time (ms): 2.792
[Build] Inserted 41500/96000 points, avg insert time (ms): 1.086
[Build] Inserted 41600/96000 points, avg insert time (ms): 1.936
[Build] Inserted 41700/96000 points, avg insert time (ms): 0.861
[Build] Inserted 41800/96000 points, avg insert time (ms): 2.806
[Build] Inserted 41900/96000 points, avg insert time (ms): 3.466
[Build] Inserted 42000/96000 points, avg insert time (ms): 2.385
[Build] Inserted 42100/96000 points, avg insert time (ms): 3.274
[Build] Inserted 42200/96000 points, avg insert time (ms): 1.748
[Build] Inserted 42300/96000 points, avg insert time (ms): 2.816
[Build] Inserted 42400/96000 points, avg insert time (ms): 1.730
[Build] Inserted 42500/96000 points, avg insert time (ms): 2.181
[Build] Inserted 42600/96000 points, avg insert time (ms): 1.827
[Build] Inserted 42700/96000 points, avg insert time (ms): 2.707
[Build] Inserted 42800/96000 points, avg insert time (ms): 1.980
[Build] Inserted 42900/96000 points, avg insert time (ms): 1.475
[Build] Inserted 43000/96000 points, avg insert time (ms): 1.691
[Build] Inserted 43100/96000 points, avg insert time (ms): -15.152
[Build] Inserted 43200/96000 points, avg insert time (ms): 2.459
[Build] Inserted 43300/96000 points, avg insert time (ms): 1.472
[Build] Inserted 43400/96000 points, avg insert time (ms): 3.286
[Build] Inserted 43500/96000 points, avg insert time (ms): 2.829
[Build] Inserted 43600/96000 points, avg insert time (ms): 2.099
[Build] Inserted 43700/96000 points, avg insert time (ms): 1.055
[Build] Inserted 43800/96000 points, avg insert time (ms): 1.508
[Build] Inserted 43900/96000 points, avg insert time (ms): 2.358
[Build] Inserted 44000/96000 points, avg insert time (ms): 1.908
[Build] Inserted 44100/96000 points, avg insert time (ms): 2.581
[Build] Inserted 44200/96000 points, avg insert time (ms): 1.920
[Build] Inserted 44300/96000 points, avg insert time (ms): 0.852
[Build] Inserted 44400/96000 points, avg insert time (ms): 2.061
[Build] Inserted 44500/96000 points, avg insert time (ms): 2.362
[Build] Inserted 44600/96000 points, avg insert time (ms): 1.478
[Build] Inserted 44700/96000 points, avg insert time (ms): 2.194
[Build] Inserted 44800/96000 points, avg insert time (ms): 1.705
[Build] Inserted 44900/96000 points, avg insert time (ms): 2.391
[Build] Inserted 45000/96000 points, avg insert time (ms): 2.359
[Build] Inserted 45100/96000 points, avg insert time (ms): 2.926
[Build] Inserted 45200/96000 points, avg insert time (ms): 1.527
[Build] Inserted 45300/96000 points, avg insert time (ms): 3.018
[Build] Inserted 45400/96000 points, avg insert time (ms): 1.754
[Build] Inserted 45500/96000 points, avg insert time (ms): 1.861
[Build] Inserted 45600/96000 points, avg insert time (ms): 1.499
[Build] Inserted 45700/96000 points, avg insert time (ms): 2.174
[Build] Inserted 45800/96000 points, avg insert time (ms): 2.066
[Build] Inserted 45900/96000 points, avg insert time (ms): 2.023
[Build] Inserted 46000/96000 points, avg insert time (ms): 3.348
[Build] Inserted 46100/96000 points, avg insert time (ms): 2.313
[Build] Inserted 46200/96000 points, avg insert time (ms): 2.104
[Build] Inserted 46300/96000 points, avg insert time (ms): 1.222
[Build] Inserted 46400/96000 points, avg insert time (ms): 2.792
[Build] Inserted 46500/96000 points, avg insert time (ms): 3.129
[Build] Inserted 46600/96000 points, avg insert time (ms): 2.555
[Build] Inserted 46700/96000 points, avg insert time (ms): 2.172
[Build] Inserted 46800/96000 points, avg insert time (ms): 2.797
[Build] Inserted 46900/96000 points, avg insert time (ms): 1.766
[Build] Inserted 47000/96000 points, avg insert time (ms): 1.508
[Build] Inserted 47100/96000 points, avg insert time (ms): 1.278
[Build] Inserted 47200/96000 points, avg insert time (ms): 2.616
[Build] Inserted 47300/96000 points, avg insert time (ms): 3.508
[Build] Inserted 47400/96000 points, avg insert time (ms): 1.488
[Build] Inserted 47500/96000 points, avg insert time (ms): 2.166
[Build] Inserted 47600/96000 points, avg insert time (ms): 1.503
[Build] Inserted 47700/96000 points, avg insert time (ms): 2.073
[Build] Inserted 47800/96000 points, avg insert time (ms): 2.315
[Build] Inserted 47900/96000 points, avg insert time (ms): 2.419
[Build] Inserted 48000/96000 points, avg insert time (ms): 1.077
[Build] Inserted 48100/96000 points, avg insert time (ms): 0.844
[Build] Inserted 48200/96000 points, avg insert time (ms): 3.400
[Build] Inserted 48300/96000 points, avg insert time (ms): 3.154
[Build] Inserted 48400/96000 points, avg insert time (ms): 1.597
[Build] Inserted 48500/96000 points, avg insert time (ms): 1.520
[Build] Inserted 48600/96000 points, avg insert time (ms): 1.514
[Build] Inserted 48700/96000 points, avg insert time (ms): 1.490
[Build] Inserted 48800/96000 points, avg insert time (ms): 1.485
[Build] Inserted 48900/96000 points, avg insert time (ms): 3.351
[Build] Inserted 49000/96000 points, avg insert time (ms): 1.702
[Build] Inserted 49100/96000 points, avg insert time (ms): 1.714
[Build] Inserted 49200/96000 points, avg insert time (ms): 2.819
[Build] Inserted 49300/96000 points, avg insert time (ms): 3.529
[Build] Inserted 49400/96000 points, avg insert time (ms): 2.410
[Build] Inserted 49500/96000 points, avg insert time (ms): 2.013
[Build] Inserted 49600/96000 points, avg insert time (ms): 1.984
[Build] Inserted 49700/96000 points, avg insert time (ms): 1.478
[Build] Inserted 49800/96000 points, avg insert time (ms): 2.185
[Build] Inserted 49900/96000 points, avg insert time (ms): 2.836
[Build] Inserted 50000/96000 points, avg insert time (ms): 2.997
[Build] Inserted 50100/96000 points, avg insert time (ms): 1.764
[Build] Inserted 50200/96000 points, avg insert time (ms): 3.469
[Build] Inserted 50300/96000 points, avg insert time (ms): 2.230
[Build] Inserted 50400/96000 points, avg insert time (ms): 3.603
[Build] Inserted 50500/96000 points, avg insert time (ms): 2.606
[Build] Inserted 50600/96000 points, avg insert time (ms): 2.004
[Build] Inserted 50700/96000 points, avg insert time (ms): 1.410
[Build] Inserted 50800/96000 points, avg insert time (ms): 2.321
[Build] Inserted 50900/96000 points, avg insert time (ms): 2.827
[Build] Inserted 51000/96000 points, avg insert time (ms): 1.940
[Build] Inserted 51100/96000 points, avg insert time (ms): 2.207
[Build] Inserted 51200/96000 points, avg insert time (ms): 2.670
[Build] Inserted 51300/96000 points, avg insert time (ms): 2.699
[Build] Inserted 51400/96000 points, avg insert time (ms): 1.782
[Build] Inserted 51500/96000 points, avg insert time (ms): 1.849
[Build] Inserted 51600/96000 points, avg insert time (ms): 2.641
[Build] Inserted 51700/96000 points, avg insert time (ms): 1.891
[Build] Inserted 51800/96000 points, avg insert time (ms): 2.032
[Build] Inserted 51900/96000 points, avg insert time (ms): 1.925
[Build] Inserted 52000/96000 points, avg insert time (ms): 2.091
[Build] Inserted 52100/96000 points, avg insert time (ms): 1.787
[Build] Inserted 52200/96000 points, avg insert time (ms): 3.951
[Build] Inserted 52300/96000 points, avg insert time (ms): 1.724
[Build] Inserted 52400/96000 points, avg insert time (ms): 4.153
[Build] Inserted 52500/96000 points, avg insert time (ms): 1.987
[Build] Inserted 52600/96000 points, avg insert time (ms): 2.417
[Build] Inserted 52700/96000 points, avg insert time (ms): 2.199
[Build] Inserted 52800/96000 points, avg insert time (ms): 2.997
[Build] Inserted 52900/96000 points, avg insert time (ms): 1.068
[Build] Inserted 53000/96000 points, avg insert time (ms): 3.322
[Build] Inserted 53100/96000 points, avg insert time (ms): 0.657
[Build] Inserted 53200/96000 points, avg insert time (ms): 4.013
[Build] Inserted 53300/96000 points, avg insert time (ms): 2.409
[Build] Inserted 53400/96000 points, avg insert time (ms): 2.222
[Build] Inserted 53500/96000 points, avg insert time (ms): 1.872
[Build] Inserted 53600/96000 points, avg insert time (ms): 1.920
[Build] Inserted 53700/96000 points, avg insert time (ms): 1.060
[Build] Inserted 53800/96000 points, avg insert time (ms): 2.371
[Build] Inserted 53900/96000 points, avg insert time (ms): 2.569
[Build] Inserted 54000/96000 points, avg insert time (ms): 2.421
[Build] Inserted 54100/96000 points, avg insert time (ms): 1.951
[Build] Inserted 54200/96000 points, avg insert time (ms): 1.997
[Build] Inserted 54300/96000 points, avg insert time (ms): 2.605
[Build] Inserted 54400/96000 points, avg insert time (ms): 2.744
[Build] Inserted 54500/96000 points, avg insert time (ms): 1.552
[Build] Inserted 54600/96000 points, avg insert time (ms): 2.359
[Build] Inserted 54700/96000 points, avg insert time (ms): 2.303
[Build] Inserted 54800/96000 points, avg insert time (ms): 2.373
[Build] Inserted 54900/96000 points, avg insert time (ms): 3.595
[Build] Inserted 55000/96000 points, avg insert time (ms): 1.724
[Build] Inserted 55100/96000 points, avg insert time (ms): 2.360
[Build] Inserted 55200/96000 points, avg insert time (ms): 1.218
[Build] Inserted 55300/96000 points, avg insert time (ms): 1.800
[Build] Inserted 55400/96000 points, avg insert time (ms): 2.371
[Build] Inserted 55500/96000 points, avg insert time (ms): 1.729
[Build] Inserted 55600/96000 points, avg insert time (ms): 1.475
[Build] Inserted 55700/96000 points, avg insert time (ms): 3.586
[Build] Inserted 55800/96000 points, avg insert time (ms): 2.207
[Build] Inserted 55900/96000 points, avg insert time (ms): 2.000
[Build] Inserted 56000/96000 points, avg insert time (ms): 2.154
[Build] Inserted 56100/96000 points, avg insert time (ms): 1.098
[Build] Inserted 56200/96000 points, avg insert time (ms): 2.125
[Build] Inserted 56300/96000 points, avg insert time (ms): 1.309
[Build] Inserted 56400/96000 points, avg insert time (ms): 3.265
[Build] Inserted 56500/96000 points, avg insert time (ms): 1.500
[Build] Inserted 56600/96000 points, avg insert time (ms): 2.156
[Build] Inserted 56700/96000 points, avg insert time (ms): 2.184
[Build] Inserted 56800/96000 points, avg insert time (ms): 2.612
[Build] Inserted 56900/96000 points, avg insert time (ms): 2.254
[Build] Inserted 57000/96000 points, avg insert time (ms): 3.066
[Build] Inserted 57100/96000 points, avg insert time (ms): 3.915
[Build] Inserted 57200/96000 points, avg insert time (ms): 3.208
[Build] Inserted 57300/96000 points, avg insert time (ms): 2.493
[Build] Inserted 57400/96000 points, avg insert time (ms): 1.277
[Build] Inserted 57500/96000 points, avg insert time (ms): 2.291
[Build] Inserted 57600/96000 points, avg insert time (ms): -13.301
[Build] Inserted 57700/96000 points, avg insert time (ms): 2.554
[Build] Inserted 57800/96000 points, avg insert time (ms): 1.909
[Build] Inserted 57900/96000 points, avg insert time (ms): 2.357
[Build] Inserted 58000/96000 points, avg insert time (ms): 1.864
[Build] Inserted 58100/96000 points, avg insert time (ms): 2.278
[Build] Inserted 58200/96000 points, avg insert time (ms): 3.133
[Build] Inserted 58300/96000 points, avg insert time (ms): 2.629
[Build] Inserted 58400/96000 points, avg insert time (ms): 1.637
[Build] Inserted 58500/96000 points, avg insert time (ms): 3.214
[Build] Inserted 58600/96000 points, avg insert time (ms): 2.284
[Build] Inserted 58700/96000 points, avg insert time (ms): 3.063
[Build] Inserted 58800/96000 points, avg insert time (ms): 3.972
[Build] Inserted 58900/96000 points, avg insert time (ms): 2.138
[Build] Inserted 59000/96000 points, avg insert time (ms): 3.541
[Build] Inserted 59100/96000 points, avg insert time (ms): 1.302
[Build] Inserted 59200/96000 points, avg insert time (ms): 2.340
[Build] Inserted 59300/96000 points, avg insert time (ms): 2.658
[Build] Inserted 59400/96000 points, avg insert time (ms): 2.726
[Build] Inserted 59500/96000 points, avg insert time (ms): 3.242
[Build] Inserted 59600/96000 points, avg insert time (ms): 1.737
[Build] Inserted 59700/96000 points, avg insert time (ms): 3.029
[Build] Inserted 59800/96000 points, avg insert time (ms): 1.498
[Build] Inserted 59900/96000 points, avg insert time (ms): 1.911
[Build] Inserted 60000/96000 points, avg insert time (ms): 1.920
[Build] Inserted 60100/96000 points, avg insert time (ms): 3.328
[Build] Inserted 60200/96000 points, avg insert time (ms): 2.632
[Build] Inserted 60300/96000 points, avg insert time (ms): 2.593
[Build] Inserted 60400/96000 points, avg insert time (ms): 1.734
[Build] Inserted 60500/96000 points, avg insert time (ms): 2.620
[Build] Inserted 60600/96000 points, avg insert time (ms): 3.057
[Build] Inserted 60700/96000 points, avg insert time (ms): 3.732
[Build] Inserted 60800/96000 points, avg insert time (ms): 2.430
[Build] Inserted 60900/96000 points, avg insert time (ms): 2.425
[Build] Inserted 61000/96000 points, avg insert time (ms): 2.132
[Build] Inserted 61100/96000 points, avg insert time (ms): 2.241
[Build] Inserted 61200/96000 points, avg insert time (ms): 2.972
[Build] Inserted 61300/96000 points, avg insert time (ms): 2.013
[Build] Inserted 61400/96000 points, avg insert time (ms): 1.289
[Build] Inserted 61500/96000 points, avg insert time (ms): 2.733
[Build] Inserted 61600/96000 points, avg insert time (ms): 3.530
[Build] Inserted 61700/96000 points, avg insert time (ms): 1.576
[Build] Inserted 61800/96000 points, avg insert time (ms): 3.912
[Build] Inserted 61900/96000 points, avg insert time (ms): 2.337
[Build] Inserted 62000/96000 points, avg insert time (ms): 2.558
[Build] Inserted 62100/96000 points, avg insert time (ms): 1.507
[Build] Inserted 62200/96000 points, avg insert time (ms): 2.335
[Build] Inserted 62300/96000 points, avg insert time (ms): 2.345
[Build] Inserted 62400/96000 points, avg insert time (ms): 2.410
[Build] Inserted 62500/96000 points, avg insert time (ms): 2.409
[Build] Inserted 62600/96000 points, avg insert time (ms): 2.417
[Build] Inserted 62700/96000 points, avg insert time (ms): 1.968
[Build] Inserted 62800/96000 points, avg insert time (ms): 1.677
[Build] Inserted 62900/96000 points, avg insert time (ms): 2.110
[Build] Inserted 63000/96000 points, avg insert time (ms): 2.130
[Build] Inserted 63100/96000 points, avg insert time (ms): 1.287
[Build] Inserted 63200/96000 points, avg insert time (ms): 1.955
[Build] Inserted 63300/96000 points, avg insert time (ms): 1.753
[Build] Inserted 63400/96000 points, avg insert time (ms): 2.150
[Build] Inserted 63500/96000 points, avg insert time (ms): 1.808
[Build] Inserted 63600/96000 points, avg insert time (ms): 2.424
[Build] Inserted 63700/96000 points, avg insert time (ms): 2.587
[Build] Inserted 63800/96000 points, avg insert time (ms): 2.779
[Build] Inserted 63900/96000 points, avg insert time (ms): 1.061
[Build] Inserted 64000/96000 points, avg insert time (ms): 3.867
[Build] Inserted 64100/96000 points, avg insert time (ms): 1.525
[Build] Inserted 64200/96000 points, avg insert time (ms): 1.957
[Build] Inserted 64300/96000 points, avg insert time (ms): 2.191
[Build] Inserted 64400/96000 points, avg insert time (ms): 1.087
[Build] Inserted 64500/96000 points, avg insert time (ms): 2.288
[Build] Inserted 64600/96000 points, avg insert time (ms): 2.040
[Build] Inserted 64700/96000 points, avg insert time (ms): 2.221
[Build] Inserted 64800/96000 points, avg insert time (ms): 2.157
[Build] Inserted 64900/96000 points, avg insert time (ms): 1.489
[Build] Inserted 65000/96000 points, avg insert time (ms): 2.546
[Build] Inserted 65100/96000 points, avg insert time (ms): 2.156
[Build] Inserted 65200/96000 points, avg insert time (ms): 1.494
[Build] Inserted 65300/96000 points, avg insert time (ms): 1.482
[Build] Inserted 65400/96000 points, avg insert time (ms): 2.394
[Build] Inserted 65500/96000 points, avg insert time (ms): 1.835
[Build] Inserted 65600/96000 points, avg insert time (ms): 1.724
[Build] Inserted 65700/96000 points, avg insert time (ms): 1.611
[Build] Inserted 65800/96000 points, avg insert time (ms): 1.728
[Build] Inserted 65900/96000 points, avg insert time (ms): 1.482
[Build] Inserted 66000/96000 points, avg insert time (ms): 1.240
[Build] Inserted 66100/96000 points, avg insert time (ms): 1.988
[Build] Inserted 66200/96000 points, avg insert time (ms): 1.256
[Build] Inserted 66300/96000 points, avg insert time (ms): 1.521
[Build] Inserted 66400/96000 points, avg insert time (ms): 2.283
[Build] Inserted 66500/96000 points, avg insert time (ms): 2.493
[Build] Inserted 66600/96000 points, avg insert time (ms): 3.172
[Build] Inserted 66700/96000 points, avg insert time (ms): 2.339
[Build] Inserted 66800/96000 points, avg insert time (ms): 1.879
[Build] Inserted 66900/96000 points, avg insert time (ms): 1.746
[Build] Inserted 67000/96000 points, avg insert time (ms): 2.194
[Build] Inserted 67100/96000 points, avg insert time (ms): 2.350
[Build] Inserted 67200/96000 points, avg insert time (ms): 2.440
[Build] Inserted 67300/96000 points, avg insert time (ms): 2.327
[Build] Inserted 67400/96000 points, avg insert time (ms): 1.800
[Build] Inserted 67500/96000 points, avg insert time (ms): 2.037
[Build] Inserted 67600/96000 points, avg insert time (ms): 2.584
[Build] Inserted 67700/96000 points, avg insert time (ms): 2.594
[Build] Inserted 67800/96000 points, avg insert time (ms): 1.725
[Build] Inserted 67900/96000 points, avg insert time (ms): 2.881
[Build] Inserted 68000/96000 points, avg insert time (ms): 1.503
[Build] Inserted 68100/96000 points, avg insert time (ms): 0.815
[Build] Inserted 68200/96000 points, avg insert time (ms): 1.750
[Build] Inserted 68300/96000 points, avg insert time (ms): 1.907
[Build] Inserted 68400/96000 points, avg insert time (ms): 2.554
[Build] Inserted 68500/96000 points, avg insert time (ms): 3.349
[Build] Inserted 68600/96000 points, avg insert time (ms): 1.275
[Build] Inserted 68700/96000 points, avg insert time (ms): 3.448
[Build] Inserted 68800/96000 points, avg insert time (ms): 1.343
[Build] Inserted 68900/96000 points, avg insert time (ms): 1.716
[Build] Inserted 69000/96000 points, avg insert time (ms): 1.798
[Build] Inserted 69100/96000 points, avg insert time (ms): 1.914
[Build] Inserted 69200/96000 points, avg insert time (ms): 2.686
[Build] Inserted 69300/96000 points, avg insert time (ms): 1.916
[Build] Inserted 69400/96000 points, avg insert time (ms): 2.610
[Build] Inserted 69500/96000 points, avg insert time (ms): 1.645
[Build] Inserted 69600/96000 points, avg insert time (ms): 1.410
[Build] Inserted 69700/96000 points, avg insert time (ms): 4.617
[Build] Inserted 69800/96000 points, avg insert time (ms): 3.183
[Build] Inserted 69900/96000 points, avg insert time (ms): 2.778
[Build] Inserted 70000/96000 points, avg insert time (ms): 1.494
[Build] Inserted 70100/96000 points, avg insert time (ms): 1.288
[Build] Inserted 70200/96000 points, avg insert time (ms): 1.970
[Build] Inserted 70300/96000 points, avg insert time (ms): 4.437
[Build] Inserted 70400/96000 points, avg insert time (ms): 2.794
[Build] Inserted 70500/96000 points, avg insert time (ms): 2.856
[Build] Inserted 70600/96000 points, avg insert time (ms): 1.898
[Build] Inserted 70700/96000 points, avg insert time (ms): 2.149
[Build] Inserted 70800/96000 points, avg insert time (ms): 2.076
[Build] Inserted 70900/96000 points, avg insert time (ms): 2.367
[Build] Inserted 71000/96000 points, avg insert time (ms): 1.505
[Build] Inserted 71100/96000 points, avg insert time (ms): 2.654
[Build] Inserted 71200/96000 points, avg insert time (ms): 2.628
[Build] Inserted 71300/96000 points, avg insert time (ms): 2.549
[Build] Inserted 71400/96000 points, avg insert time (ms): 1.725
[Build] Inserted 71500/96000 points, avg insert time (ms): 1.953
[Build] Inserted 71600/96000 points, avg insert time (ms): 0.860
[Build] Inserted 71700/96000 points, avg insert time (ms): 2.149
[Build] Inserted 71800/96000 points, avg insert time (ms): 3.178
[Build] Inserted 71900/96000 points, avg insert time (ms): -14.221
[Build] Inserted 72000/96000 points, avg insert time (ms): 1.065
[Build] Inserted 72100/96000 points, avg insert time (ms): 1.500
[Build] Inserted 72200/96000 points, avg insert time (ms): 2.693
[Build] Inserted 72300/96000 points, avg insert time (ms): 1.886
[Build] Inserted 72400/96000 points, avg insert time (ms): 2.123
[Build] Inserted 72500/96000 points, avg insert time (ms): 2.198
[Build] Inserted 72600/96000 points, avg insert time (ms): 2.829
[Build] Inserted 72700/96000 points, avg insert time (ms): 1.536
[Build] Inserted 72800/96000 points, avg insert time (ms): 3.521
[Build] Inserted 72900/96000 points, avg insert time (ms): 0.644
[Build] Inserted 73000/96000 points, avg insert time (ms): 2.320
[Build] Inserted 73100/96000 points, avg insert time (ms): 2.085
[Build] Inserted 73200/96000 points, avg insert time (ms): 2.329
[Build] Inserted 73300/96000 points, avg insert time (ms): 1.497
[Build] Inserted 73400/96000 points, avg insert time (ms): 2.196
[Build] Inserted 73500/96000 points, avg insert time (ms): 2.560
[Build] Inserted 73600/96000 points, avg insert time (ms): 2.359
[Build] Inserted 73700/96000 points, avg insert time (ms): 2.824
[Build] Inserted 73800/96000 points, avg insert time (ms): 2.138
[Build] Inserted 73900/96000 points, avg insert time (ms): 2.817
[Build] Inserted 74000/96000 points, avg insert time (ms): 2.514
[Build] Inserted 74100/96000 points, avg insert time (ms): 2.108
[Build] Inserted 74200/96000 points, avg insert time (ms): 2.332
[Build] Inserted 74300/96000 points, avg insert time (ms): 3.550
[Build] Inserted 74400/96000 points, avg insert time (ms): 1.199
[Build] Inserted 74500/96000 points, avg insert time (ms): 2.371
[Build] Inserted 74600/96000 points, avg insert time (ms): 2.587
[Build] Inserted 74700/96000 points, avg insert time (ms): 1.634
[Build] Inserted 74800/96000 points, avg insert time (ms): 2.489
[Build] Inserted 74900/96000 points, avg insert time (ms): 1.835
[Build] Inserted 75000/96000 points, avg insert time (ms): 3.786
[Build] Inserted 75100/96000 points, avg insert time (ms): 1.467
[Build] Inserted 75200/96000 points, avg insert time (ms): 2.811
[Build] Inserted 75300/96000 points, avg insert time (ms): 2.348
[Build] Inserted 75400/96000 points, avg insert time (ms): 1.076
[Build] Inserted 75500/96000 points, avg insert time (ms): 2.445
[Build] Inserted 75600/96000 points, avg insert time (ms): 2.960
[Build] Inserted 75700/96000 points, avg insert time (ms): 3.306
[Build] Inserted 75800/96000 points, avg insert time (ms): 1.080
[Build] Inserted 75900/96000 points, avg insert time (ms): 3.480
[Build] Inserted 76000/96000 points, avg insert time (ms): 1.965
[Build] Inserted 76100/96000 points, avg insert time (ms): 1.755
[Build] Inserted 76200/96000 points, avg insert time (ms): 1.496
[Build] Inserted 76300/96000 points, avg insert time (ms): 3.262
[Build] Inserted 76400/96000 points, avg insert time (ms): 1.991
[Build] Inserted 76500/96000 points, avg insert time (ms): 1.722
[Build] Inserted 76600/96000 points, avg insert time (ms): 1.693
[Build] Inserted 76700/96000 points, avg insert time (ms): 3.414
[Build] Inserted 76800/96000 points, avg insert time (ms): 2.748
[Build] Inserted 76900/96000 points, avg insert time (ms): 1.947
[Build] Inserted 77000/96000 points, avg insert time (ms): 1.713
[Build] Inserted 77100/96000 points, avg insert time (ms): 1.481
[Build] Inserted 77200/96000 points, avg insert time (ms): 1.654
[Build] Inserted 77300/96000 points, avg insert time (ms): 1.712
[Build] Inserted 77400/96000 points, avg insert time (ms): 1.676
[Build] Inserted 77500/96000 points, avg insert time (ms): 2.417
[Build] Inserted 77600/96000 points, avg insert time (ms): 2.585
[Build] Inserted 77700/96000 points, avg insert time (ms): 2.353
[Build] Inserted 77800/96000 points, avg insert time (ms): 1.663
[Build] Inserted 77900/96000 points, avg insert time (ms): 1.048
[Build] Inserted 78000/96000 points, avg insert time (ms): 2.164
[Build] Inserted 78100/96000 points, avg insert time (ms): 1.788
[Build] Inserted 78200/96000 points, avg insert time (ms): 1.042
[Build] Inserted 78300/96000 points, avg insert time (ms): 2.494
[Build] Inserted 78400/96000 points, avg insert time (ms): 2.163
[Build] Inserted 78500/96000 points, avg insert time (ms): 1.748
[Build] Inserted 78600/96000 points, avg insert time (ms): 2.153
[Build] Inserted 78700/96000 points, avg insert time (ms): 3.464
[Build] Inserted 78800/96000 points, avg insert time (ms): 1.311
[Build] Inserted 78900/96000 points, avg insert time (ms): 1.958
[Build] Inserted 79000/96000 points, avg insert time (ms): 2.754
[Build] Inserted 79100/96000 points, avg insert time (ms): 2.612
[Build] Inserted 79200/96000 points, avg insert time (ms): 1.449
[Build] Inserted 79300/96000 points, avg insert time (ms): 1.732
[Build] Inserted 79400/96000 points, avg insert time (ms): 1.283
[Build] Inserted 79500/96000 points, avg insert time (ms): 3.069
[Build] Inserted 79600/96000 points, avg insert time (ms): 1.954
[Build] Inserted 79700/96000 points, avg insert time (ms): 2.375
[Build] Inserted 79800/96000 points, avg insert time (ms): 1.731
[Build] Inserted 79900/96000 points, avg insert time (ms): 1.337
[Build] Inserted 80000/96000 points, avg insert time (ms): 3.489
[Build] Inserted 80100/96000 points, avg insert time (ms): 2.382
[Build] Inserted 80200/96000 points, avg insert time (ms): 1.735
[Build] Inserted 80300/96000 points, avg insert time (ms): 3.327
[Build] Inserted 80400/96000 points, avg insert time (ms): 1.532
[Build] Inserted 80500/96000 points, avg insert time (ms): 1.739
[Build] Inserted 80600/96000 points, avg insert time (ms): 1.745
[Build] Inserted 80700/96000 points, avg insert time (ms): 1.736
[Build] Inserted 80800/96000 points, avg insert time (ms): 3.149
[Build] Inserted 80900/96000 points, avg insert time (ms): 1.756
[Build] Inserted 81000/96000 points, avg insert time (ms): 1.346
[Build] Inserted 81100/96000 points, avg insert time (ms): 2.179
[Build] Inserted 81200/96000 points, avg insert time (ms): 1.064
[Build] Inserted 81300/96000 points, avg insert time (ms): 3.479
[Build] Inserted 81400/96000 points, avg insert time (ms): 0.879
[Build] Inserted 81500/96000 points, avg insert time (ms): 1.105
[Build] Inserted 81600/96000 points, avg insert time (ms): 1.330
[Build] Inserted 81700/96000 points, avg insert time (ms): 1.993
[Build] Inserted 81800/96000 points, avg insert time (ms): 2.437
[Build] Inserted 81900/96000 points, avg insert time (ms): 2.867
[Build] Inserted 82000/96000 points, avg insert time (ms): 1.525
[Build] Inserted 82100/96000 points, avg insert time (ms): 1.550
[Build] Inserted 82200/96000 points, avg insert time (ms): 3.031
[Build] Inserted 82300/96000 points, avg insert time (ms): 2.645
[Build] Inserted 82400/96000 points, avg insert time (ms): 2.612
[Build] Inserted 82500/96000 points, avg insert time (ms): 1.961
[Build] Inserted 82600/96000 points, avg insert time (ms): 2.878
[Build] Inserted 82700/96000 points, avg insert time (ms): 1.959
[Build] Inserted 82800/96000 points, avg insert time (ms): 2.604
[Build] Inserted 82900/96000 points, avg insert time (ms): 2.457
[Build] Inserted 83000/96000 points, avg insert time (ms): 1.768
[Build] Inserted 83100/96000 points, avg insert time (ms): 3.727
[Build] Inserted 83200/96000 points, avg insert time (ms): 1.989
[Build] Inserted 83300/96000 points, avg insert time (ms): 2.618
[Build] Inserted 83400/96000 points, avg insert time (ms): 1.730
[Build] Inserted 83500/96000 points, avg insert time (ms): 3.241
[Build] Inserted 83600/96000 points, avg insert time (ms): 2.622
[Build] Inserted 83700/96000 points, avg insert time (ms): 1.548
[Build] Inserted 83800/96000 points, avg insert time (ms): 1.922
[Build] Inserted 83900/96000 points, avg insert time (ms): 2.607
[Build] Inserted 84000/96000 points, avg insert time (ms): 3.273
[Build] Inserted 84100/96000 points, avg insert time (ms): 1.946
[Build] Inserted 84200/96000 points, avg insert time (ms): 2.575
[Build] Inserted 84300/96000 points, avg insert time (ms): 1.724
[Build] Inserted 84400/96000 points, avg insert time (ms): 1.981
[Build] Inserted 84500/96000 points, avg insert time (ms): 1.996
[Build] Inserted 84600/96000 points, avg insert time (ms): 1.552
[Build] Inserted 84700/96000 points, avg insert time (ms): 0.650
[Build] Inserted 84800/96000 points, avg insert time (ms): 1.988
[Build] Inserted 84900/96000 points, avg insert time (ms): 1.733
[Build] Inserted 85000/96000 points, avg insert time (ms): 1.735
[Build] Inserted 85100/96000 points, avg insert time (ms): 2.108
[Build] Inserted 85200/96000 points, avg insert time (ms): 2.656
[Build] Inserted 85300/96000 points, avg insert time (ms): 1.924
[Build] Inserted 85400/96000 points, avg insert time (ms): 1.524
[Build] Inserted 85500/96000 points, avg insert time (ms): 1.097
[Build] Inserted 85600/96000 points, avg insert time (ms): 3.032
[Build] Inserted 85700/96000 points, avg insert time (ms): 2.444
[Build] Inserted 85800/96000 points, avg insert time (ms): 3.076
[Build] Inserted 85900/96000 points, avg insert time (ms): 1.992
[Build] Inserted 86000/96000 points, avg insert time (ms): 3.561
[Build] Inserted 86100/96000 points, avg insert time (ms): 2.379
[Build] Inserted 86200/96000 points, avg insert time (ms): 1.965
[Build] Inserted 86300/96000 points, avg insert time (ms): 1.971
[Build] Inserted 86400/96000 points, avg insert time (ms): 1.683
[Build] Inserted 86500/96000 points, avg insert time (ms): 3.533
[Build] Inserted 86600/96000 points, avg insert time (ms): 1.299
[Build] Inserted 86700/96000 points, avg insert time (ms): 1.538
[Build] Inserted 86800/96000 points, avg insert time (ms): 2.195
[Build] Inserted 86900/96000 points, avg insert time (ms): -13.702
[Build] Inserted 87000/96000 points, avg insert time (ms): 2.108
[Build] Inserted 87100/96000 points, avg insert time (ms): 2.228
[Build] Inserted 87200/96000 points, avg insert time (ms): 3.501
[Build] Inserted 87300/96000 points, avg insert time (ms): 1.617
[Build] Inserted 87400/96000 points, avg insert time (ms): 1.905
[Build] Inserted 87500/96000 points, avg insert time (ms): 1.722
[Build] Inserted 87600/96000 points, avg insert time (ms): 2.752
[Build] Inserted 87700/96000 points, avg insert time (ms): 3.110
[Build] Inserted 87800/96000 points, avg insert time (ms): 1.723
[Build] Inserted 87900/96000 points, avg insert time (ms): 2.412
[Build] Inserted 88000/96000 points, avg insert time (ms): 2.337
[Build] Inserted 88100/96000 points, avg insert time (ms): 1.486
[Build] Inserted 88200/96000 points, avg insert time (ms): 1.909
[Build] Inserted 88300/96000 points, avg insert time (ms): 1.485
[Build] Inserted 88400/96000 points, avg insert time (ms): 1.326
[Build] Inserted 88500/96000 points, avg insert time (ms): 1.899
[Build] Inserted 88600/96000 points, avg insert time (ms): 3.809
[Build] Inserted 88700/96000 points, avg insert time (ms): 2.355
[Build] Inserted 88800/96000 points, avg insert time (ms): 2.382
[Build] Inserted 88900/96000 points, avg insert time (ms): 2.844
[Build] Inserted 89000/96000 points, avg insert time (ms): 1.533
[Build] Inserted 89100/96000 points, avg insert time (ms): 2.139
[Build] Inserted 89200/96000 points, avg insert time (ms): 2.250
[Build] Inserted 89300/96000 points, avg insert time (ms): 3.506
[Build] Inserted 89400/96000 points, avg insert time (ms): 2.343
[Build] Inserted 89500/96000 points, avg insert time (ms): 2.487
[Build] Inserted 89600/96000 points, avg insert time (ms): 2.846
[Build] Inserted 89700/96000 points, avg insert time (ms): 1.558
[Build] Inserted 89800/96000 points, avg insert time (ms): 1.784
[Build] Inserted 89900/96000 points, avg insert time (ms): 1.324
[Build] Inserted 90000/96000 points, avg insert time (ms): 4.017
[Build] Inserted 90100/96000 points, avg insert time (ms): 1.721
[Build] Inserted 90200/96000 points, avg insert time (ms): 1.093
[Build] Inserted 90300/96000 points, avg insert time (ms): 2.881
[Build] Inserted 90400/96000 points, avg insert time (ms): 3.092
[Build] Inserted 90500/96000 points, avg insert time (ms): 1.591
[Build] Inserted 90600/96000 points, avg insert time (ms): 1.815
[Build] Inserted 90700/96000 points, avg insert time (ms): 2.315
[Build] Inserted 90800/96000 points, avg insert time (ms): 1.554
[Build] Inserted 90900/96000 points, avg insert time (ms): 2.566
[Build] Inserted 91000/96000 points, avg insert time (ms): 2.969
[Build] Inserted 91100/96000 points, avg insert time (ms): 1.936
[Build] Inserted 91200/96000 points, avg insert time (ms): 1.474
[Build] Inserted 91300/96000 points, avg insert time (ms): 1.503
[Build] Inserted 91400/96000 points, avg insert time (ms): 3.322
[Build] Inserted 91500/96000 points, avg insert time (ms): 2.428
[Build] Inserted 91600/96000 points, avg insert time (ms): 2.145
[Build] Inserted 91700/96000 points, avg insert time (ms): 2.139
[Build] Inserted 91800/96000 points, avg insert time (ms): 2.818
[Build] Inserted 91900/96000 points, avg insert time (ms): 3.210
[Build] Inserted 92000/96000 points, avg insert time (ms): 1.498
[Build] Inserted 92100/96000 points, avg insert time (ms): 2.981
[Build] Inserted 92200/96000 points, avg insert time (ms): 2.457
[Build] Inserted 92300/96000 points, avg insert time (ms): 2.145
[Build] Inserted 92400/96000 points, avg insert time (ms): 2.448
[Build] Inserted 92500/96000 points, avg insert time (ms): 2.953
[Build] Inserted 92600/96000 points, avg insert time (ms): 2.611
[Build] Inserted 92700/96000 points, avg insert time (ms): 4.398
[Build] Inserted 92800/96000 points, avg insert time (ms): 2.241
[Build] Inserted 92900/96000 points, avg insert time (ms): 2.896
[Build] Inserted 93000/96000 points, avg insert time (ms): 2.379
[Build] Inserted 93100/96000 points, avg insert time (ms): 1.929
[Build] Inserted 93200/96000 points, avg insert time (ms): 1.480
[Build] Inserted 93300/96000 points, avg insert time (ms): 1.725
[Build] Inserted 93400/96000 points, avg insert time (ms): 2.258
[Build] Inserted 93500/96000 points, avg insert time (ms): 1.889
[Build] Inserted 93600/96000 points, avg insert time (ms): 1.551
[Build] Inserted 93700/96000 points, avg insert time (ms): 1.071
[Build] Inserted 93800/96000 points, avg insert time (ms): 2.204
[Build] Inserted 93900/96000 points, avg insert time (ms): 1.978
[Build] Inserted 94000/96000 points, avg insert time (ms): 1.309
[Build] Inserted 94100/96000 points, avg insert time (ms): 2.855
[Build] Inserted 94200/96000 points, avg insert time (ms): 1.803
[Build] Inserted 94300/96000 points, avg insert time (ms): 1.955
[Build] Inserted 94400/96000 points, avg insert time (ms): 1.714
[Build] Inserted 94500/96000 points, avg insert time (ms): 3.232
[Build] Inserted 94600/96000 points, avg insert time (ms): 3.012
[Build] Inserted 94700/96000 points, avg insert time (ms): 3.853
[Build] Inserted 94800/96000 points, avg insert time (ms): 1.311
[Build] Inserted 94900/96000 points, avg insert time (ms): 2.858
[Build] Inserted 95000/96000 points, avg insert time (ms): 2.566
[Build] Inserted 95100/96000 points, avg insert time (ms): 0.438
[Build] Inserted 95200/96000 points, avg insert time (ms): 3.232
[Build] Inserted 95300/96000 points, avg insert time (ms): 2.854
[Build] Inserted 95400/96000 points, avg insert time (ms): 2.859
[Build] Inserted 95500/96000 points, avg insert time (ms): 3.912
[Build] Inserted 95600/96000 points, avg insert time (ms): 0.881
[Build] Inserted 95700/96000 points, avg insert time (ms): 3.218
[Build] Inserted 95800/96000 points, avg insert time (ms): 2.670
[Build] Inserted 95900/96000 points, avg insert time (ms): 1.762
[Build] Inserted 96000/96000 points, avg insert time (ms): 3.886
[Timing] Total insertion time: 204.03 s
[Build] Starting queries...
[Query] Processed 1/1 queries, avg query time (ms): 64.236
[Timing] Total query time: 0.06 s
[Eval] Computing ground truth top-K...
[Timing] Ground truth (FAISS): 0.00 s (3.083 ms/query)
[Timing] Ground truth computation: 1.19 s
[Eval] Computing recall metrics...
[Timing] Recall evaluation: 0.05 s
[Eval] Computing (c,r)-ANN accuracy...
[Timing] FAISS r* computation: 0.00 s (3.199 ms/query)
[CR-ANN] 1/1 processed, avg time (ann.query): 115.556 ms
[Timing] (c,r)-ANN eval: 0.12 s (116.635 ms/query)
[Sanity Check] Total Relevant = 1
[Timing] (c,r)-ANN evaluation: 0.13 s
[Result] Memory breakdown (MB): {'hash_functions_MB': 21.38824462890625, 'bucket_ids_MB': 62.64306640625, 'num_ids': 16421504, 'num_buckets': 1206744, 'hash_tables_overhead_MB': 101.27398681640625, 'total_MB': 185.3052978515625}
[Result] Epsilon-recall: 1.0000
[Result] (c,r)-ANN accuracy: 1.0000

[Timing Summary]
  Insert phase: 204.03 s
  Query phase: 0.06 s
  Ground truth: 1.19 s
  Recall eval: 0.05 s
  (c,r)-ANN eval: 0.13 s
  Total time: 205.47 s
[SUMMARY] r=1.0, eps=0.5, eta=0.2, recall=1.0000, (c,r)-ANN accuracy=1.0, memory=185.3052978515625
