[Init] Inputs : eta=0.40, epsilon=0.10, r=0.50
[Init] LSH Parameters : w=1.330, p1=0.7010, p2=0.6722, rho=0.8945
[Init] Data Structure Parameters : k=28, L=22773, key_bits=896, mode=speed
[Build] Starting insertion...
[Build] Inserted 100/50000 points, avg insert time: 3.192 ms
[Build] Inserted 200/50000 points, avg insert time: 3.973 ms
[Build] Inserted 300/50000 points, avg insert time: 6.495 ms
[Build] Inserted 400/50000 points, avg insert time: 3.391 ms
[Build] Inserted 500/50000 points, avg insert time: 0.001 ms
[Build] Inserted 600/50000 points, avg insert time: 0.001 ms
[Build] Inserted 700/50000 points, avg insert time: 10.654 ms
[Build] Inserted 800/50000 points, avg insert time: 3.086 ms
[Build] Inserted 900/50000 points, avg insert time: 14.131 ms
[Build] Inserted 1000/50000 points, avg insert time: 10.065 ms
[Build] Inserted 1100/50000 points, avg insert time: 11.367 ms
[Build] Inserted 1200/50000 points, avg insert time: 4.156 ms
[Build] Inserted 1300/50000 points, avg insert time: 3.299 ms
[Build] Inserted 1400/50000 points, avg insert time: 10.940 ms
[Build] Inserted 1500/50000 points, avg insert time: 6.848 ms
[Build] Inserted 1600/50000 points, avg insert time: 7.199 ms
[Build] Inserted 1700/50000 points, avg insert time: 7.128 ms
[Build] Inserted 1800/50000 points, avg insert time: 19.530 ms
[Build] Inserted 1900/50000 points, avg insert time: 9.859 ms
[Build] Inserted 2000/50000 points, avg insert time: 3.588 ms
[Build] Inserted 2100/50000 points, avg insert time: 7.847 ms
[Build] Inserted 2200/50000 points, avg insert time: 2.891 ms
[Build] Inserted 2300/50000 points, avg insert time: 0.001 ms
[Build] Inserted 2400/50000 points, avg insert time: 3.643 ms
[Build] Inserted 2500/50000 points, avg insert time: 13.771 ms
[Build] Inserted 2600/50000 points, avg insert time: 0.001 ms
[Build] Inserted 2700/50000 points, avg insert time: 3.125 ms
[Build] Inserted 2800/50000 points, avg insert time: 25.172 ms
[Build] Inserted 2900/50000 points, avg insert time: 18.488 ms
[Build] Inserted 3000/50000 points, avg insert time: 0.001 ms
[Build] Inserted 3100/50000 points, avg insert time: 0.001 ms
[Build] Inserted 3200/50000 points, avg insert time: 7.174 ms
[Build] Inserted 3300/50000 points, avg insert time: 3.851 ms
[Build] Inserted 3400/50000 points, avg insert time: 0.001 ms
[Build] Inserted 3500/50000 points, avg insert time: 3.165 ms
[Build] Inserted 3600/50000 points, avg insert time: 3.170 ms
[Build] Inserted 3700/50000 points, avg insert time: 0.001 ms
[Build] Inserted 3800/50000 points, avg insert time: 6.231 ms
[Build] Inserted 3900/50000 points, avg insert time: 0.001 ms
[Build] Inserted 4000/50000 points, avg insert time: 0.001 ms
[Build] Inserted 4100/50000 points, avg insert time: 0.001 ms
[Build] Inserted 4200/50000 points, avg insert time: 9.500 ms
[Build] Inserted 4300/50000 points, avg insert time: 5.905 ms
[Build] Inserted 4400/50000 points, avg insert time: 3.375 ms
[Build] Inserted 4500/50000 points, avg insert time: 9.254 ms
[Build] Inserted 4600/50000 points, avg insert time: 2.960 ms
[Build] Inserted 4700/50000 points, avg insert time: 0.001 ms
[Build] Inserted 4800/50000 points, avg insert time: 10.838 ms
[Build] Inserted 4900/50000 points, avg insert time: 2.977 ms
[Build] Inserted 5000/50000 points, avg insert time: 6.431 ms
[Build] Inserted 5100/50000 points, avg insert time: 3.092 ms
[Build] Inserted 5200/50000 points, avg insert time: 7.319 ms
[Build] Inserted 5300/50000 points, avg insert time: 0.000 ms
[Build] Inserted 5400/50000 points, avg insert time: 6.037 ms
[Build] Inserted 5500/50000 points, avg insert time: 3.068 ms
[Build] Inserted 5600/50000 points, avg insert time: 7.754 ms
[Build] Inserted 5700/50000 points, avg insert time: 3.702 ms
[Build] Inserted 5800/50000 points, avg insert time: 6.217 ms
[Build] Inserted 5900/50000 points, avg insert time: 0.001 ms
[Build] Inserted 6000/50000 points, avg insert time: 3.206 ms
[Build] Inserted 6100/50000 points, avg insert time: 0.001 ms
[Build] Inserted 6200/50000 points, avg insert time: 7.650 ms
[Build] Inserted 6300/50000 points, avg insert time: 3.313 ms
[Build] Inserted 6400/50000 points, avg insert time: 0.000 ms
[Build] Inserted 6500/50000 points, avg insert time: 7.024 ms
[Build] Inserted 6600/50000 points, avg insert time: 6.200 ms
[Build] Inserted 6700/50000 points, avg insert time: 7.502 ms
[Build] Inserted 6800/50000 points, avg insert time: 3.658 ms
[Build] Inserted 6900/50000 points, avg insert time: 10.775 ms
[Build] Inserted 7000/50000 points, avg insert time: 5.869 ms
[Build] Inserted 7100/50000 points, avg insert time: 9.115 ms
[Build] Inserted 7200/50000 points, avg insert time: 3.230 ms
[Build] Inserted 7300/50000 points, avg insert time: 6.385 ms
[Build] Inserted 7400/50000 points, avg insert time: 6.890 ms
[Build] Inserted 7500/50000 points, avg insert time: 6.782 ms
[Build] Inserted 7600/50000 points, avg insert time: 9.720 ms
[Build] Inserted 7700/50000 points, avg insert time: 3.338 ms
[Build] Inserted 7800/50000 points, avg insert time: 6.912 ms
[Build] Inserted 7900/50000 points, avg insert time: 6.731 ms
[Build] Inserted 8000/50000 points, avg insert time: 3.567 ms
[Build] Inserted 8100/50000 points, avg insert time: 6.938 ms
[Build] Inserted 8200/50000 points, avg insert time: 6.854 ms
[Build] Inserted 8300/50000 points, avg insert time: 3.030 ms
[Build] Inserted 8400/50000 points, avg insert time: 3.769 ms
[Build] Inserted 8500/50000 points, avg insert time: 9.540 ms
[Build] Inserted 8600/50000 points, avg insert time: 6.861 ms
[Build] Inserted 8700/50000 points, avg insert time: 0.001 ms
[Build] Inserted 8800/50000 points, avg insert time: 0.001 ms
[Build] Inserted 8900/50000 points, avg insert time: 7.010 ms
[Build] Inserted 9000/50000 points, avg insert time: 3.266 ms
[Build] Inserted 9100/50000 points, avg insert time: 10.987 ms
[Build] Inserted 9200/50000 points, avg insert time: 3.006 ms
[Build] Inserted 9300/50000 points, avg insert time: 0.001 ms
[Build] Inserted 9400/50000 points, avg insert time: 0.001 ms
[Build] Inserted 9500/50000 points, avg insert time: 3.231 ms
[Build] Inserted 9600/50000 points, avg insert time: 15.593 ms
[Build] Inserted 9700/50000 points, avg insert time: 13.865 ms
[Build] Inserted 9800/50000 points, avg insert time: 9.336 ms
[Build] Inserted 9900/50000 points, avg insert time: 10.597 ms
[Build] Inserted 10000/50000 points, avg insert time: 16.024 ms
[Build] Inserted 10100/50000 points, avg insert time: 3.016 ms
[Build] Inserted 10200/50000 points, avg insert time: 3.712 ms
[Build] Inserted 10300/50000 points, avg insert time: 6.149 ms
[Build] Inserted 10400/50000 points, avg insert time: 3.244 ms
[Build] Inserted 10500/50000 points, avg insert time: 2.940 ms
[Build] Inserted 10600/50000 points, avg insert time: 0.001 ms
[Build] Inserted 10700/50000 points, avg insert time: 8.862 ms
[Build] Inserted 10800/50000 points, avg insert time: 0.001 ms
[Build] Inserted 10900/50000 points, avg insert time: 2.935 ms
[Build] Inserted 11000/50000 points, avg insert time: 3.737 ms
[Build] Inserted 11100/50000 points, avg insert time: 7.151 ms
[Build] Inserted 11200/50000 points, avg insert time: 3.384 ms
[Build] Inserted 11300/50000 points, avg insert time: 4.871 ms
[Build] Inserted 11400/50000 points, avg insert time: 0.001 ms
[Build] Inserted 11500/50000 points, avg insert time: 19.248 ms
[Build] Inserted 11600/50000 points, avg insert time: 7.438 ms
[Build] Inserted 11700/50000 points, avg insert time: 3.997 ms
[Build] Inserted 11800/50000 points, avg insert time: 6.780 ms
[Build] Inserted 11900/50000 points, avg insert time: 6.397 ms
[Build] Inserted 12000/50000 points, avg insert time: 0.001 ms
[Build] Inserted 12100/50000 points, avg insert time: 0.001 ms
[Build] Inserted 12200/50000 points, avg insert time: 0.001 ms
[Build] Inserted 12300/50000 points, avg insert time: 0.000 ms
[Build] Inserted 12400/50000 points, avg insert time: 3.012 ms
[Build] Inserted 12500/50000 points, avg insert time: 0.001 ms
[Build] Inserted 12600/50000 points, avg insert time: 0.001 ms
[Build] Inserted 12700/50000 points, avg insert time: 12.311 ms
[Build] Inserted 12800/50000 points, avg insert time: 3.124 ms
[Build] Inserted 12900/50000 points, avg insert time: 10.603 ms
[Build] Inserted 13000/50000 points, avg insert time: 4.157 ms
[Build] Inserted 13100/50000 points, avg insert time: 0.001 ms
[Build] Inserted 13200/50000 points, avg insert time: 4.251 ms
[Build] Inserted 13300/50000 points, avg insert time: 3.072 ms
[Build] Inserted 13400/50000 points, avg insert time: 3.028 ms
[Build] Inserted 13500/50000 points, avg insert time: 0.001 ms
[Build] Inserted 13600/50000 points, avg insert time: 6.048 ms
[Build] Inserted 13700/50000 points, avg insert time: 6.058 ms
[Build] Inserted 13800/50000 points, avg insert time: 10.584 ms
[Build] Inserted 13900/50000 points, avg insert time: 0.000 ms
[Build] Inserted 14000/50000 points, avg insert time: 0.001 ms
[Build] Inserted 14100/50000 points, avg insert time: 0.000 ms
[Build] Inserted 14200/50000 points, avg insert time: 0.000 ms
[Build] Inserted 14300/50000 points, avg insert time: 3.551 ms
[Build] Inserted 14400/50000 points, avg insert time: 0.001 ms
[Build] Inserted 14500/50000 points, avg insert time: 0.001 ms
[Build] Inserted 14600/50000 points, avg insert time: 0.001 ms
[Build] Inserted 14700/50000 points, avg insert time: 13.895 ms
[Build] Inserted 14800/50000 points, avg insert time: 3.070 ms
[Build] Inserted 14900/50000 points, avg insert time: 3.387 ms
[Build] Inserted 15000/50000 points, avg insert time: 12.539 ms
[Build] Inserted 15100/50000 points, avg insert time: 3.669 ms
[Build] Inserted 15200/50000 points, avg insert time: 7.546 ms
[Build] Inserted 15300/50000 points, avg insert time: 0.001 ms
[Build] Inserted 15400/50000 points, avg insert time: 16.756 ms
[Build] Inserted 15500/50000 points, avg insert time: 9.970 ms
[Build] Inserted 15600/50000 points, avg insert time: 6.769 ms
[Build] Inserted 15700/50000 points, avg insert time: 0.001 ms
[Build] Inserted 15800/50000 points, avg insert time: 0.001 ms
[Build] Inserted 15900/50000 points, avg insert time: 0.001 ms
[Build] Inserted 16000/50000 points, avg insert time: 10.149 ms
[Build] Inserted 16100/50000 points, avg insert time: 0.001 ms
[Build] Inserted 16200/50000 points, avg insert time: 9.524 ms
[Build] Inserted 16300/50000 points, avg insert time: 3.531 ms
[Build] Inserted 16400/50000 points, avg insert time: 7.024 ms
[Build] Inserted 16500/50000 points, avg insert time: 81.584 ms
[Build] Inserted 16600/50000 points, avg insert time: 13.785 ms
[Build] Inserted 16700/50000 points, avg insert time: 0.000 ms
[Build] Inserted 16800/50000 points, avg insert time: 16.390 ms
[Build] Inserted 16900/50000 points, avg insert time: 13.425 ms
[Build] Inserted 17000/50000 points, avg insert time: 57.308 ms
[Build] Inserted 17100/50000 points, avg insert time: 6.664 ms
[Build] Inserted 17200/50000 points, avg insert time: 0.001 ms
[Build] Inserted 17300/50000 points, avg insert time: 2.915 ms
[Build] Inserted 17400/50000 points, avg insert time: 17.776 ms
[Build] Inserted 17500/50000 points, avg insert time: 3.036 ms
[Build] Inserted 17600/50000 points, avg insert time: 2.847 ms
[Build] Inserted 17700/50000 points, avg insert time: 5.834 ms
[Build] Inserted 17800/50000 points, avg insert time: 2.914 ms
[Build] Inserted 17900/50000 points, avg insert time: 0.001 ms
[Build] Inserted 18000/50000 points, avg insert time: 0.000 ms
[Build] Inserted 18100/50000 points, avg insert time: 2.825 ms
[Build] Inserted 18200/50000 points, avg insert time: 2.785 ms
[Build] Inserted 18300/50000 points, avg insert time: 5.643 ms
[Build] Inserted 18400/50000 points, avg insert time: 3.014 ms
[Build] Inserted 18500/50000 points, avg insert time: 5.664 ms
[Build] Inserted 18600/50000 points, avg insert time: 0.001 ms
[Build] Inserted 18700/50000 points, avg insert time: 0.001 ms
[Build] Inserted 18800/50000 points, avg insert time: 5.652 ms
[Build] Inserted 18900/50000 points, avg insert time: 2.814 ms
[Build] Inserted 19000/50000 points, avg insert time: 2.801 ms
[Build] Inserted 19100/50000 points, avg insert time: 2.987 ms
[Build] Inserted 19200/50000 points, avg insert time: 3.002 ms
[Build] Inserted 19300/50000 points, avg insert time: 5.894 ms
[Build] Inserted 19400/50000 points, avg insert time: 5.732 ms
[Build] Inserted 19500/50000 points, avg insert time: 0.001 ms
[Build] Inserted 19600/50000 points, avg insert time: 5.770 ms
[Build] Inserted 19700/50000 points, avg insert time: 2.886 ms
[Build] Inserted 19800/50000 points, avg insert time: 5.707 ms
[Build] Inserted 19900/50000 points, avg insert time: 5.689 ms
[Build] Inserted 20000/50000 points, avg insert time: 5.689 ms
[Build] Inserted 20100/50000 points, avg insert time: 8.651 ms
[Build] Inserted 20200/50000 points, avg insert time: 0.000 ms
[Build] Inserted 20300/50000 points, avg insert time: 3.069 ms
[Build] Inserted 20400/50000 points, avg insert time: 2.824 ms
[Build] Inserted 20500/50000 points, avg insert time: 0.001 ms
[Build] Inserted 20600/50000 points, avg insert time: 2.852 ms
[Build] Inserted 20700/50000 points, avg insert time: 8.339 ms
[Build] Inserted 20800/50000 points, avg insert time: 2.894 ms
[Build] Inserted 20900/50000 points, avg insert time: 18.488 ms
[Build] Inserted 21000/50000 points, avg insert time: 3.054 ms
[Build] Inserted 21100/50000 points, avg insert time: 3.026 ms
[Build] Inserted 21200/50000 points, avg insert time: 2.966 ms
[Build] Inserted 21300/50000 points, avg insert time: 11.493 ms
[Build] Inserted 21400/50000 points, avg insert time: 3.025 ms
[Build] Inserted 21500/50000 points, avg insert time: 2.939 ms
[Build] Inserted 21600/50000 points, avg insert time: 9.049 ms
[Build] Inserted 21700/50000 points, avg insert time: 0.000 ms
[Build] Inserted 21800/50000 points, avg insert time: 8.970 ms
[Build] Inserted 21900/50000 points, avg insert time: 2.959 ms
[Build] Inserted 22000/50000 points, avg insert time: 0.001 ms
[Build] Inserted 22100/50000 points, avg insert time: 2.873 ms
[Build] Inserted 22200/50000 points, avg insert time: 2.895 ms
[Build] Inserted 22300/50000 points, avg insert time: 5.870 ms
[Build] Inserted 22400/50000 points, avg insert time: 8.869 ms
[Build] Inserted 22500/50000 points, avg insert time: 2.966 ms
[Build] Inserted 22600/50000 points, avg insert time: 2.858 ms
[Build] Inserted 22700/50000 points, avg insert time: 5.848 ms
[Build] Inserted 22800/50000 points, avg insert time: 8.865 ms
[Build] Inserted 22900/50000 points, avg insert time: 0.000 ms
[Build] Inserted 23000/50000 points, avg insert time: 2.907 ms
[Build] Inserted 23100/50000 points, avg insert time: 0.001 ms
[Build] Inserted 23200/50000 points, avg insert time: 5.689 ms
[Build] Inserted 23300/50000 points, avg insert time: 2.907 ms
[Build] Inserted 23400/50000 points, avg insert time: 0.001 ms
[Build] Inserted 23500/50000 points, avg insert time: 8.800 ms
[Build] Inserted 23600/50000 points, avg insert time: 0.001 ms
[Build] Inserted 23700/50000 points, avg insert time: 0.001 ms
[Build] Inserted 23800/50000 points, avg insert time: 0.001 ms
[Build] Inserted 23900/50000 points, avg insert time: 2.901 ms
[Build] Inserted 24000/50000 points, avg insert time: 0.000 ms
[Build] Inserted 24100/50000 points, avg insert time: 0.001 ms
[Build] Inserted 24200/50000 points, avg insert time: 2.852 ms
[Build] Inserted 24300/50000 points, avg insert time: 0.001 ms
[Build] Inserted 24400/50000 points, avg insert time: 0.000 ms
[Build] Inserted 24500/50000 points, avg insert time: 8.842 ms
[Build] Inserted 24600/50000 points, avg insert time: 39.001 ms
[Build] Inserted 24700/50000 points, avg insert time: 5.885 ms
[Build] Inserted 24800/50000 points, avg insert time: 18.816 ms
[Build] Inserted 24900/50000 points, avg insert time: 0.001 ms
[Build] Inserted 25000/50000 points, avg insert time: 2.905 ms
[Build] Inserted 25100/50000 points, avg insert time: 24.147 ms
[Build] Inserted 25200/50000 points, avg insert time: 22.189 ms
[Build] Inserted 25300/50000 points, avg insert time: 41.324 ms
[Build] Inserted 25400/50000 points, avg insert time: 0.001 ms
[Build] Inserted 25500/50000 points, avg insert time: 0.000 ms
[Build] Inserted 25600/50000 points, avg insert time: 103.609 ms
[Build] Inserted 25700/50000 points, avg insert time: 62.215 ms
[Build] Inserted 25800/50000 points, avg insert time: 44.720 ms
[Build] Inserted 25900/50000 points, avg insert time: 8.451 ms
[Build] Inserted 26000/50000 points, avg insert time: 66.567 ms
[Build] Inserted 26100/50000 points, avg insert time: 4.410 ms
[Build] Inserted 26200/50000 points, avg insert time: 6.613 ms
[Build] Inserted 26300/50000 points, avg insert time: 3.111 ms
[Build] Inserted 26400/50000 points, avg insert time: 6.194 ms
[Build] Inserted 26500/50000 points, avg insert time: 9.188 ms
[Build] Inserted 26600/50000 points, avg insert time: 3.125 ms
[Build] Inserted 26700/50000 points, avg insert time: 0.000 ms
[Build] Inserted 26800/50000 points, avg insert time: 0.001 ms
[Build] Inserted 26900/50000 points, avg insert time: 2.994 ms
[Build] Inserted 27000/50000 points, avg insert time: 2.887 ms
[Build] Inserted 27100/50000 points, avg insert time: 2.917 ms
[Build] Inserted 27200/50000 points, avg insert time: 0.001 ms
[Build] Inserted 27300/50000 points, avg insert time: 5.969 ms
[Build] Inserted 27400/50000 points, avg insert time: 13.121 ms
[Build] Inserted 27500/50000 points, avg insert time: 2.950 ms
[Build] Inserted 27600/50000 points, avg insert time: 0.000 ms
[Build] Inserted 27700/50000 points, avg insert time: 5.664 ms
[Build] Inserted 27800/50000 points, avg insert time: 2.827 ms
[Build] Inserted 27900/50000 points, avg insert time: 2.838 ms
[Build] Inserted 28000/50000 points, avg insert time: 6.080 ms
[Build] Inserted 28100/50000 points, avg insert time: 2.875 ms
[Build] Inserted 28200/50000 points, avg insert time: 6.073 ms
[Build] Inserted 28300/50000 points, avg insert time: 17.559 ms
[Build] Inserted 28400/50000 points, avg insert time: 0.001 ms
[Build] Inserted 28500/50000 points, avg insert time: 3.167 ms
[Build] Inserted 28600/50000 points, avg insert time: 2.886 ms
[Build] Inserted 28700/50000 points, avg insert time: 0.001 ms
[Build] Inserted 28800/50000 points, avg insert time: 8.973 ms
[Build] Inserted 28900/50000 points, avg insert time: 9.148 ms
[Build] Inserted 29000/50000 points, avg insert time: 6.779 ms
[Build] Inserted 29100/50000 points, avg insert time: 3.073 ms
[Build] Inserted 29200/50000 points, avg insert time: 9.424 ms
[Build] Inserted 29300/50000 points, avg insert time: 23.281 ms
[Build] Inserted 29400/50000 points, avg insert time: 28.128 ms
[Build] Inserted 29500/50000 points, avg insert time: 0.001 ms
[Build] Inserted 29600/50000 points, avg insert time: 16.616 ms
[Build] Inserted 29700/50000 points, avg insert time: 0.001 ms
[Build] Inserted 29800/50000 points, avg insert time: 23.745 ms
[Build] Inserted 29900/50000 points, avg insert time: 16.888 ms
[Build] Inserted 30000/50000 points, avg insert time: 3.133 ms
[Build] Inserted 30100/50000 points, avg insert time: 8.412 ms
[Build] Inserted 30200/50000 points, avg insert time: 8.146 ms
[Build] Inserted 30300/50000 points, avg insert time: 60.211 ms
[Build] Inserted 30400/50000 points, avg insert time: 9.863 ms
[Build] Inserted 30500/50000 points, avg insert time: 16.451 ms
[Build] Inserted 30600/50000 points, avg insert time: 10.420 ms
[Build] Inserted 30700/50000 points, avg insert time: 52.096 ms
[Build] Inserted 30800/50000 points, avg insert time: 0.001 ms
[Build] Inserted 30900/50000 points, avg insert time: 0.001 ms
[Build] Inserted 31000/50000 points, avg insert time: 39.220 ms
[Build] Inserted 31100/50000 points, avg insert time: 29.873 ms
[Build] Inserted 31200/50000 points, avg insert time: 0.001 ms
[Build] Inserted 31300/50000 points, avg insert time: 14.951 ms
[Build] Inserted 31400/50000 points, avg insert time: 0.000 ms
[Build] Inserted 31500/50000 points, avg insert time: 10.100 ms
[Build] Inserted 31600/50000 points, avg insert time: 10.495 ms
[Build] Inserted 31700/50000 points, avg insert time: 0.001 ms
[Build] Inserted 31800/50000 points, avg insert time: 13.916 ms
[Build] Inserted 31900/50000 points, avg insert time: 11.592 ms
[Build] Inserted 32000/50000 points, avg insert time: 34.545 ms
[Build] Inserted 32100/50000 points, avg insert time: 24.319 ms
[Build] Inserted 32200/50000 points, avg insert time: 0.000 ms
[Build] Inserted 32300/50000 points, avg insert time: 0.000 ms
[Build] Inserted 32400/50000 points, avg insert time: 6.084 ms
[Build] Inserted 32500/50000 points, avg insert time: 3.082 ms
[Build] Inserted 32600/50000 points, avg insert time: 0.000 ms
[Build] Inserted 32700/50000 points, avg insert time: 3.218 ms
[Build] Inserted 32800/50000 points, avg insert time: 3.036 ms
[Build] Inserted 32900/50000 points, avg insert time: 2.924 ms
[Build] Inserted 33000/50000 points, avg insert time: 9.052 ms
[Build] Inserted 33100/50000 points, avg insert time: 13.080 ms
[Build] Inserted 33200/50000 points, avg insert time: 0.001 ms
[Build] Inserted 33300/50000 points, avg insert time: 3.159 ms
[Build] Inserted 33400/50000 points, avg insert time: 6.932 ms
[Build] Inserted 33500/50000 points, avg insert time: 0.001 ms
[Build] Inserted 33600/50000 points, avg insert time: 3.170 ms
[Build] Inserted 33700/50000 points, avg insert time: 6.695 ms
[Build] Inserted 33800/50000 points, avg insert time: 0.001 ms
[Build] Inserted 33900/50000 points, avg insert time: 7.096 ms
[Build] Inserted 34000/50000 points, avg insert time: 0.001 ms
[Build] Inserted 34100/50000 points, avg insert time: 0.000 ms
[Build] Inserted 34200/50000 points, avg insert time: 0.000 ms
[Build] Inserted 34300/50000 points, avg insert time: 6.356 ms
[Build] Inserted 34400/50000 points, avg insert time: 0.000 ms
[Build] Inserted 34500/50000 points, avg insert time: 3.482 ms
[Build] Inserted 34600/50000 points, avg insert time: 7.246 ms
[Build] Inserted 34700/50000 points, avg insert time: 3.351 ms
[Build] Inserted 34800/50000 points, avg insert time: 3.780 ms
[Build] Inserted 34900/50000 points, avg insert time: 10.932 ms
[Build] Inserted 35000/50000 points, avg insert time: 0.000 ms
[Build] Inserted 35100/50000 points, avg insert time: 7.454 ms
[Build] Inserted 35200/50000 points, avg insert time: 541.537 ms
[Build] Inserted 35300/50000 points, avg insert time: 116.466 ms
[Build] Inserted 35400/50000 points, avg insert time: 31.414 ms
[Build] Inserted 35500/50000 points, avg insert time: 28.622 ms
[Build] Inserted 35600/50000 points, avg insert time: 15.637 ms
[Build] Inserted 35700/50000 points, avg insert time: 35.766 ms
[Build] Inserted 35800/50000 points, avg insert time: 30.268 ms
[Build] Inserted 35900/50000 points, avg insert time: 0.001 ms
[Build] Inserted 36000/50000 points, avg insert time: 10.534 ms
[Build] Inserted 36100/50000 points, avg insert time: 7.845 ms
[Build] Inserted 36200/50000 points, avg insert time: 3.354 ms
[Build] Inserted 36300/50000 points, avg insert time: 7.221 ms
[Build] Inserted 36400/50000 points, avg insert time: 3.760 ms
[Build] Inserted 36500/50000 points, avg insert time: 3.322 ms
[Build] Inserted 36600/50000 points, avg insert time: 0.001 ms
[Build] Inserted 36700/50000 points, avg insert time: 7.142 ms
[Build] Inserted 36800/50000 points, avg insert time: 0.001 ms
[Build] Inserted 36900/50000 points, avg insert time: 6.945 ms
[Build] Inserted 37000/50000 points, avg insert time: 4.167 ms
[Build] Inserted 37100/50000 points, avg insert time: 3.853 ms
[Build] Inserted 37200/50000 points, avg insert time: 3.412 ms
[Build] Inserted 37300/50000 points, avg insert time: 7.617 ms
[Build] Inserted 37400/50000 points, avg insert time: 14.687 ms
[Build] Inserted 37500/50000 points, avg insert time: 3.344 ms
[Build] Inserted 37600/50000 points, avg insert time: 0.000 ms
[Build] Inserted 37700/50000 points, avg insert time: 3.489 ms
[Build] Inserted 37800/50000 points, avg insert time: 0.001 ms
[Build] Inserted 37900/50000 points, avg insert time: 4.000 ms
[Build] Inserted 38000/50000 points, avg insert time: 7.497 ms
[Build] Inserted 38100/50000 points, avg insert time: 3.985 ms
[Build] Inserted 38200/50000 points, avg insert time: 7.760 ms
[Build] Inserted 38300/50000 points, avg insert time: 0.001 ms
[Build] Inserted 38400/50000 points, avg insert time: 7.302 ms
[Build] Inserted 38500/50000 points, avg insert time: 3.908 ms
[Build] Inserted 38600/50000 points, avg insert time: 7.595 ms
[Build] Inserted 38700/50000 points, avg insert time: 10.715 ms
[Build] Inserted 38800/50000 points, avg insert time: 4.022 ms
[Build] Inserted 38900/50000 points, avg insert time: 0.001 ms
[Build] Inserted 39000/50000 points, avg insert time: 7.207 ms
[Build] Inserted 39100/50000 points, avg insert time: 7.557 ms
[Build] Inserted 39200/50000 points, avg insert time: 8.689 ms
[Build] Inserted 39300/50000 points, avg insert time: 8.286 ms
[Build] Inserted 39400/50000 points, avg insert time: 0.001 ms
[Build] Inserted 39500/50000 points, avg insert time: 0.001 ms
[Build] Inserted 39600/50000 points, avg insert time: 0.001 ms
[Build] Inserted 39700/50000 points, avg insert time: 3.518 ms
[Build] Inserted 39800/50000 points, avg insert time: 0.000 ms
[Build] Inserted 39900/50000 points, avg insert time: 11.086 ms
[Build] Inserted 40000/50000 points, avg insert time: 3.441 ms
[Build] Inserted 40100/50000 points, avg insert time: 6.714 ms
[Build] Inserted 40200/50000 points, avg insert time: 0.001 ms
[Build] Inserted 40300/50000 points, avg insert time: 0.001 ms
[Build] Inserted 40400/50000 points, avg insert time: 3.248 ms
[Build] Inserted 40500/50000 points, avg insert time: 0.001 ms
[Build] Inserted 40600/50000 points, avg insert time: 3.247 ms
[Build] Inserted 40700/50000 points, avg insert time: 3.453 ms
[Build] Inserted 40800/50000 points, avg insert time: 6.741 ms
[Build] Inserted 40900/50000 points, avg insert time: 0.001 ms
[Build] Inserted 41000/50000 points, avg insert time: 0.001 ms
[Build] Inserted 41100/50000 points, avg insert time: 3.589 ms
[Build] Inserted 41200/50000 points, avg insert time: 5.355 ms
[Build] Inserted 41300/50000 points, avg insert time: 36.349 ms
[Build] Inserted 41400/50000 points, avg insert time: 10.417 ms
[Build] Inserted 41500/50000 points, avg insert time: 0.001 ms
[Build] Inserted 41600/50000 points, avg insert time: 5.493 ms
[Build] Inserted 41700/50000 points, avg insert time: 5.082 ms
[Build] Inserted 41800/50000 points, avg insert time: 0.000 ms
[Build] Inserted 41900/50000 points, avg insert time: 4.444 ms
[Build] Inserted 42000/50000 points, avg insert time: 0.001 ms
[Build] Inserted 42100/50000 points, avg insert time: 6.155 ms
[Build] Inserted 42200/50000 points, avg insert time: 10.741 ms
[Build] Inserted 42300/50000 points, avg insert time: 0.001 ms
[Build] Inserted 42400/50000 points, avg insert time: 9.235 ms
[Build] Inserted 42500/50000 points, avg insert time: 8.211 ms
[Build] Inserted 42600/50000 points, avg insert time: 12.872 ms
[Build] Inserted 42700/50000 points, avg insert time: 0.000 ms
[Build] Inserted 42800/50000 points, avg insert time: 0.000 ms
[Build] Inserted 42900/50000 points, avg insert time: 0.001 ms
[Build] Inserted 43000/50000 points, avg insert time: 16.870 ms
[Build] Inserted 43100/50000 points, avg insert time: 4.050 ms
[Build] Inserted 43200/50000 points, avg insert time: 7.875 ms
[Build] Inserted 43300/50000 points, avg insert time: 0.001 ms
[Build] Inserted 43400/50000 points, avg insert time: 11.870 ms
[Build] Inserted 43500/50000 points, avg insert time: 19.536 ms
[Build] Inserted 43600/50000 points, avg insert time: 12.282 ms
[Build] Inserted 43700/50000 points, avg insert time: 6.969 ms
[Build] Inserted 43800/50000 points, avg insert time: 17.948 ms
[Build] Inserted 43900/50000 points, avg insert time: 7.589 ms
[Build] Inserted 44000/50000 points, avg insert time: 0.001 ms
[Build] Inserted 44100/50000 points, avg insert time: 7.197 ms
[Build] Inserted 44200/50000 points, avg insert time: 17.956 ms
[Build] Inserted 44300/50000 points, avg insert time: 6.035 ms
[Build] Inserted 44400/50000 points, avg insert time: 0.001 ms
[Build] Inserted 44500/50000 points, avg insert time: 7405.296 ms
[Build] Inserted 44600/50000 points, avg insert time: 495.624 ms
[Build] Inserted 44700/50000 points, avg insert time: 0.004 ms
[Build] Inserted 44800/50000 points, avg insert time: 0.000 ms
[Build] Inserted 44900/50000 points, avg insert time: 0.000 ms
[Build] Inserted 45000/50000 points, avg insert time: 0.001 ms
[Build] Inserted 45100/50000 points, avg insert time: 23.129 ms
[Build] Inserted 45200/50000 points, avg insert time: 54.851 ms
[Build] Inserted 45300/50000 points, avg insert time: 31.300 ms
[Build] Inserted 45400/50000 points, avg insert time: 0.001 ms
[Build] Inserted 45500/50000 points, avg insert time: 61.317 ms
[Build] Inserted 45600/50000 points, avg insert time: 0.001 ms
[Build] Inserted 45700/50000 points, avg insert time: 0.001 ms
[Build] Inserted 45800/50000 points, avg insert time: 45.641 ms
[Build] Inserted 45900/50000 points, avg insert time: 26.564 ms
[Build] Inserted 46000/50000 points, avg insert time: 28.269 ms
[Build] Inserted 46100/50000 points, avg insert time: 26.488 ms
[Build] Inserted 46200/50000 points, avg insert time: 61.066 ms
[Build] Inserted 46300/50000 points, avg insert time: 70.934 ms
[Build] Inserted 46400/50000 points, avg insert time: 49.212 ms
[Build] Inserted 46500/50000 points, avg insert time: 73.650 ms
[Build] Inserted 46600/50000 points, avg insert time: 21.563 ms
[Build] Inserted 46700/50000 points, avg insert time: 0.001 ms
[Build] Inserted 46800/50000 points, avg insert time: 39.143 ms
[Build] Inserted 46900/50000 points, avg insert time: 54.375 ms
[Build] Inserted 47000/50000 points, avg insert time: 44.844 ms
[Build] Inserted 47100/50000 points, avg insert time: 0.001 ms
[Build] Inserted 47200/50000 points, avg insert time: 0.001 ms
[Build] Inserted 47300/50000 points, avg insert time: 20.136 ms
[Build] Inserted 47400/50000 points, avg insert time: 78.507 ms
[Build] Inserted 47500/50000 points, avg insert time: 11.956 ms
[Build] Inserted 47600/50000 points, avg insert time: 0.001 ms
[Build] Inserted 47700/50000 points, avg insert time: 10.976 ms
[Build] Inserted 47800/50000 points, avg insert time: 0.001 ms
[Build] Inserted 47900/50000 points, avg insert time: 16.321 ms
[Build] Inserted 48000/50000 points, avg insert time: 19.470 ms
[Build] Inserted 48100/50000 points, avg insert time: 0.000 ms
[Build] Inserted 48200/50000 points, avg insert time: 9.712 ms
[Build] Inserted 48300/50000 points, avg insert time: 0.000 ms
[Build] Inserted 48400/50000 points, avg insert time: 9.692 ms
[Build] Inserted 48500/50000 points, avg insert time: 11.737 ms
[Build] Inserted 48600/50000 points, avg insert time: 7.641 ms
[Build] Inserted 48700/50000 points, avg insert time: 6.010 ms
[Build] Inserted 48800/50000 points, avg insert time: 32.817 ms
[Build] Inserted 48900/50000 points, avg insert time: 6.883 ms
[Build] Inserted 49000/50000 points, avg insert time: 13.158 ms
[Build] Inserted 49100/50000 points, avg insert time: 15.811 ms
[Build] Inserted 49200/50000 points, avg insert time: 0.001 ms
[Build] Inserted 49300/50000 points, avg insert time: 50.835 ms
[Build] Inserted 49400/50000 points, avg insert time: 45.600 ms
[Build] Inserted 49500/50000 points, avg insert time: 18.905 ms
[Build] Inserted 49600/50000 points, avg insert time: 61.172 ms
[Build] Inserted 49700/50000 points, avg insert time: 16.175 ms
[Build] Inserted 49800/50000 points, avg insert time: 54.153 ms
[Build] Inserted 49900/50000 points, avg insert time: 18.597 ms
[Build] Inserted 50000/50000 points, avg insert time: 23.530 ms
[Build] Starting queries...
[Query] Processed 100/5000 queries, avg query time: 1201.617 ms
[Query] Processed 200/5000 queries, avg query time: 1088.114 ms
[Query] Processed 300/5000 queries, avg query time: 1248.053 ms
[Query] Processed 400/5000 queries, avg query time: 1247.728 ms
[Query] Processed 500/5000 queries, avg query time: 1203.285 ms
[Query] Processed 600/5000 queries, avg query time: 1246.486 ms
[Query] Processed 700/5000 queries, avg query time: 1270.898 ms
[Query] Processed 800/5000 queries, avg query time: 1280.886 ms
[Query] Processed 900/5000 queries, avg query time: 1225.125 ms
[Query] Processed 1000/5000 queries, avg query time: 1210.854 ms
[Query] Processed 1100/5000 queries, avg query time: 1202.124 ms
[Query] Processed 1200/5000 queries, avg query time: 1198.429 ms
[Query] Processed 1300/5000 queries, avg query time: 1181.739 ms
[Query] Processed 1400/5000 queries, avg query time: 1175.175 ms
[Query] Processed 1500/5000 queries, avg query time: 1179.187 ms
[Query] Processed 1600/5000 queries, avg query time: 1165.194 ms
[Query] Processed 1700/5000 queries, avg query time: 1156.957 ms
[Query] Processed 1800/5000 queries, avg query time: 1146.792 ms
[Query] Processed 1900/5000 queries, avg query time: 1138.604 ms
[Query] Processed 2000/5000 queries, avg query time: 1148.937 ms
[Query] Processed 2100/5000 queries, avg query time: 1141.995 ms
[Query] Processed 2200/5000 queries, avg query time: 1135.874 ms
[Query] Processed 2300/5000 queries, avg query time: 1131.736 ms
[Query] Processed 2400/5000 queries, avg query time: 1141.576 ms
[Query] Processed 2500/5000 queries, avg query time: 1137.240 ms
[Query] Processed 2600/5000 queries, avg query time: 1130.746 ms
[Query] Processed 2700/5000 queries, avg query time: 1132.968 ms
[Query] Processed 2800/5000 queries, avg query time: 1126.099 ms
[Query] Processed 2900/5000 queries, avg query time: 1126.183 ms
[Query] Processed 3000/5000 queries, avg query time: 1128.256 ms
[Query] Processed 3100/5000 queries, avg query time: 1129.111 ms
[Query] Processed 3200/5000 queries, avg query time: 1125.062 ms
[Query] Processed 3300/5000 queries, avg query time: 1135.443 ms
[Query] Processed 3400/5000 queries, avg query time: 1130.054 ms
[Query] Processed 3500/5000 queries, avg query time: 1123.816 ms
[Query] Processed 3600/5000 queries, avg query time: 1118.890 ms
[Query] Processed 3700/5000 queries, avg query time: 1116.398 ms
[Query] Processed 3800/5000 queries, avg query time: 1121.460 ms
[Query] Processed 3900/5000 queries, avg query time: 1123.579 ms
[Query] Processed 4000/5000 queries, avg query time: 1127.648 ms
[Query] Processed 4100/5000 queries, avg query time: 1134.241 ms
[Query] Processed 4200/5000 queries, avg query time: 1146.264 ms
[Query] Processed 4300/5000 queries, avg query time: 1143.775 ms
[Query] Processed 4400/5000 queries, avg query time: 1162.564 ms
[Query] Processed 4500/5000 queries, avg query time: 1157.163 ms
[Query] Processed 4600/5000 queries, avg query time: 1143.434 ms
[Query] Processed 4700/5000 queries, avg query time: 1137.501 ms
[Query] Processed 4800/5000 queries, avg query time: 1135.971 ms
[Query] Processed 4900/5000 queries, avg query time: 1130.854 ms
[Query] Processed 5000/5000 queries, avg query time: 1125.378 ms
