[Init] Inputs : eta=0.10, epsilon=0.80, r=0.50
[Init] LSH Parameters : w=1.762, p1=0.7736, p2=0.6021, rho=0.5060
[Init] Data Structure Parameters : k=22, L=308, key_bits=704, mode=speed
[Build] Starting insertion...
[Build] Inserted 100/50000 points, avg insert time: 1.316 ms
[Build] Inserted 200/50000 points, avg insert time: 2.188 ms
[Build] Inserted 300/50000 points, avg insert time: 1.300 ms
[Build] Inserted 400/50000 points, avg insert time: 1.223 ms
[Build] Inserted 500/50000 points, avg insert time: 1.212 ms
[Build] Inserted 600/50000 points, avg insert time: 1.097 ms
[Build] Inserted 700/50000 points, avg insert time: 1.349 ms
[Build] Inserted 800/50000 points, avg insert time: 1.557 ms
[Build] Inserted 900/50000 points, avg insert time: 1.635 ms
[Build] Inserted 1000/50000 points, avg insert time: 1.355 ms
[Build] Inserted 1100/50000 points, avg insert time: 1.434 ms
[Build] Inserted 1200/50000 points, avg insert time: 1.419 ms
[Build] Inserted 1300/50000 points, avg insert time: 1.437 ms
[Build] Inserted 1400/50000 points, avg insert time: 1.625 ms
[Build] Inserted 1500/50000 points, avg insert time: 2.311 ms
[Build] Inserted 1600/50000 points, avg insert time: 1.322 ms
[Build] Inserted 1700/50000 points, avg insert time: 1.519 ms
[Build] Inserted 1800/50000 points, avg insert time: 1.568 ms
[Build] Inserted 1900/50000 points, avg insert time: 1.475 ms
[Build] Inserted 2000/50000 points, avg insert time: 1.606 ms
[Build] Inserted 2100/50000 points, avg insert time: 1.454 ms
[Build] Inserted 2200/50000 points, avg insert time: 11.214 ms
[Build] Inserted 2300/50000 points, avg insert time: 1.550 ms
[Build] Inserted 2400/50000 points, avg insert time: 1.400 ms
[Build] Inserted 2500/50000 points, avg insert time: 1.623 ms
[Build] Inserted 2600/50000 points, avg insert time: 2.227 ms
[Build] Inserted 2700/50000 points, avg insert time: 1.031 ms
[Build] Inserted 2800/50000 points, avg insert time: 1.846 ms
[Build] Inserted 2900/50000 points, avg insert time: 1.536 ms
[Build] Inserted 3000/50000 points, avg insert time: 1.160 ms
[Build] Inserted 3100/50000 points, avg insert time: 1.391 ms
[Build] Inserted 3200/50000 points, avg insert time: 1.269 ms
[Build] Inserted 3300/50000 points, avg insert time: 1.855 ms
[Build] Inserted 3400/50000 points, avg insert time: 1.231 ms
[Build] Inserted 3500/50000 points, avg insert time: 1.551 ms
[Build] Inserted 3600/50000 points, avg insert time: 2.210 ms
[Build] Inserted 3700/50000 points, avg insert time: 1.490 ms
[Build] Inserted 3800/50000 points, avg insert time: 1.694 ms
[Build] Inserted 3900/50000 points, avg insert time: 1.388 ms
[Build] Inserted 4000/50000 points, avg insert time: 1.758 ms
[Build] Inserted 4100/50000 points, avg insert time: 1.695 ms
[Build] Inserted 4200/50000 points, avg insert time: 1.476 ms
[Build] Inserted 4300/50000 points, avg insert time: 1.584 ms
[Build] Inserted 4400/50000 points, avg insert time: 1.898 ms
[Build] Inserted 4500/50000 points, avg insert time: 1.590 ms
[Build] Inserted 4600/50000 points, avg insert time: 1.632 ms
[Build] Inserted 4700/50000 points, avg insert time: 2.406 ms
[Build] Inserted 4800/50000 points, avg insert time: 1.679 ms
[Build] Inserted 4900/50000 points, avg insert time: 1.471 ms
[Build] Inserted 5000/50000 points, avg insert time: 1.839 ms
[Build] Inserted 5100/50000 points, avg insert time: 1.029 ms
[Build] Inserted 5200/50000 points, avg insert time: 1.621 ms
[Build] Inserted 5300/50000 points, avg insert time: 1.458 ms
[Build] Inserted 5400/50000 points, avg insert time: 2.270 ms
[Build] Inserted 5500/50000 points, avg insert time: 1.640 ms
[Build] Inserted 5600/50000 points, avg insert time: 1.734 ms
[Build] Inserted 5700/50000 points, avg insert time: 1.461 ms
[Build] Inserted 5800/50000 points, avg insert time: 1.421 ms
[Build] Inserted 5900/50000 points, avg insert time: 1.658 ms
[Build] Inserted 6000/50000 points, avg insert time: 1.832 ms
[Build] Inserted 6100/50000 points, avg insert time: 1.802 ms
[Build] Inserted 6200/50000 points, avg insert time: 2.019 ms
[Build] Inserted 6300/50000 points, avg insert time: 1.736 ms
[Build] Inserted 6400/50000 points, avg insert time: 1.469 ms
[Build] Inserted 6500/50000 points, avg insert time: 1.455 ms
[Build] Inserted 6600/50000 points, avg insert time: 1.880 ms
[Build] Inserted 6700/50000 points, avg insert time: 1.660 ms
[Build] Inserted 6800/50000 points, avg insert time: 1.349 ms
[Build] Inserted 6900/50000 points, avg insert time: 2.069 ms
[Build] Inserted 7000/50000 points, avg insert time: 1.660 ms
[Build] Inserted 7100/50000 points, avg insert time: 1.464 ms
[Build] Inserted 7200/50000 points, avg insert time: 2.418 ms
[Build] Inserted 7300/50000 points, avg insert time: 1.831 ms
[Build] Inserted 7400/50000 points, avg insert time: 1.755 ms
[Build] Inserted 7500/50000 points, avg insert time: 1.836 ms
[Build] Inserted 7600/50000 points, avg insert time: 1.755 ms
[Build] Inserted 7700/50000 points, avg insert time: 1.949 ms
[Build] Inserted 7800/50000 points, avg insert time: 1.500 ms
[Build] Inserted 7900/50000 points, avg insert time: 1.684 ms
[Build] Inserted 8000/50000 points, avg insert time: 1.714 ms
[Build] Inserted 8100/50000 points, avg insert time: 3.443 ms
[Build] Inserted 8200/50000 points, avg insert time: 1.159 ms
[Build] Inserted 8300/50000 points, avg insert time: 1.748 ms
[Build] Inserted 8400/50000 points, avg insert time: 1.315 ms
[Build] Inserted 8500/50000 points, avg insert time: 1.783 ms
[Build] Inserted 8600/50000 points, avg insert time: 2.274 ms
[Build] Inserted 8700/50000 points, avg insert time: 1.708 ms
[Build] Inserted 8800/50000 points, avg insert time: 1.502 ms
[Build] Inserted 8900/50000 points, avg insert time: 2.098 ms
[Build] Inserted 9000/50000 points, avg insert time: 1.662 ms
[Build] Inserted 9100/50000 points, avg insert time: 2.190 ms
[Build] Inserted 9200/50000 points, avg insert time: 1.607 ms
[Build] Inserted 9300/50000 points, avg insert time: 2.173 ms
[Build] Inserted 9400/50000 points, avg insert time: 1.702 ms
[Build] Inserted 9500/50000 points, avg insert time: 2.166 ms
[Build] Inserted 9600/50000 points, avg insert time: 1.475 ms
[Build] Inserted 9700/50000 points, avg insert time: 2.974 ms
[Build] Inserted 9800/50000 points, avg insert time: 1.676 ms
[Build] Inserted 9900/50000 points, avg insert time: 1.590 ms
[Build] Inserted 10000/50000 points, avg insert time: 1.891 ms
[Build] Inserted 10100/50000 points, avg insert time: 1.371 ms
[Build] Inserted 10200/50000 points, avg insert time: 1.774 ms
[Build] Inserted 10300/50000 points, avg insert time: 1.860 ms
[Build] Inserted 10400/50000 points, avg insert time: 3.054 ms
[Build] Inserted 10500/50000 points, avg insert time: 1.426 ms
[Build] Inserted 10600/50000 points, avg insert time: 1.492 ms
[Build] Inserted 10700/50000 points, avg insert time: 1.673 ms
[Build] Inserted 10800/50000 points, avg insert time: 1.914 ms
[Build] Inserted 10900/50000 points, avg insert time: 2.145 ms
[Build] Inserted 11000/50000 points, avg insert time: 1.798 ms
[Build] Inserted 11100/50000 points, avg insert time: 1.721 ms
[Build] Inserted 11200/50000 points, avg insert time: 1.742 ms
[Build] Inserted 11300/50000 points, avg insert time: 2.020 ms
[Build] Inserted 11400/50000 points, avg insert time: 2.108 ms
[Build] Inserted 11500/50000 points, avg insert time: 1.690 ms
[Build] Inserted 11600/50000 points, avg insert time: 2.122 ms
[Build] Inserted 11700/50000 points, avg insert time: 2.413 ms
[Build] Inserted 11800/50000 points, avg insert time: 1.980 ms
[Build] Inserted 11900/50000 points, avg insert time: 1.645 ms
[Build] Inserted 12000/50000 points, avg insert time: 1.557 ms
[Build] Inserted 12100/50000 points, avg insert time: 3.790 ms
[Build] Inserted 12200/50000 points, avg insert time: 1.569 ms
[Build] Inserted 12300/50000 points, avg insert time: 1.971 ms
[Build] Inserted 12400/50000 points, avg insert time: 1.956 ms
[Build] Inserted 12500/50000 points, avg insert time: 2.132 ms
[Build] Inserted 12600/50000 points, avg insert time: 1.718 ms
[Build] Inserted 12700/50000 points, avg insert time: 1.943 ms
[Build] Inserted 12800/50000 points, avg insert time: 1.814 ms
[Build] Inserted 12900/50000 points, avg insert time: 2.246 ms
[Build] Inserted 13000/50000 points, avg insert time: 1.620 ms
[Build] Inserted 13100/50000 points, avg insert time: 1.539 ms
[Build] Inserted 13200/50000 points, avg insert time: 2.249 ms
[Build] Inserted 13300/50000 points, avg insert time: 1.258 ms
[Build] Inserted 13400/50000 points, avg insert time: 2.159 ms
[Build] Inserted 13500/50000 points, avg insert time: 2.088 ms
[Build] Inserted 13600/50000 points, avg insert time: 1.704 ms
[Build] Inserted 13700/50000 points, avg insert time: 1.660 ms
[Build] Inserted 13800/50000 points, avg insert time: 2.004 ms
[Build] Inserted 13900/50000 points, avg insert time: 1.170 ms
[Build] Inserted 14000/50000 points, avg insert time: 1.733 ms
[Build] Inserted 14100/50000 points, avg insert time: 1.847 ms
[Build] Inserted 14200/50000 points, avg insert time: 1.754 ms
[Build] Inserted 14300/50000 points, avg insert time: 1.917 ms
[Build] Inserted 14400/50000 points, avg insert time: 2.012 ms
[Build] Inserted 14500/50000 points, avg insert time: 1.696 ms
[Build] Inserted 14600/50000 points, avg insert time: 1.839 ms
[Build] Inserted 14700/50000 points, avg insert time: 1.533 ms
[Build] Inserted 14800/50000 points, avg insert time: 1.789 ms
[Build] Inserted 14900/50000 points, avg insert time: 1.618 ms
[Build] Inserted 15000/50000 points, avg insert time: 2.181 ms
[Build] Inserted 15100/50000 points, avg insert time: 1.655 ms
[Build] Inserted 15200/50000 points, avg insert time: 1.539 ms
[Build] Inserted 15300/50000 points, avg insert time: 1.477 ms
[Build] Inserted 15400/50000 points, avg insert time: 1.757 ms
[Build] Inserted 15500/50000 points, avg insert time: 1.798 ms
[Build] Inserted 15600/50000 points, avg insert time: 1.848 ms
[Build] Inserted 15700/50000 points, avg insert time: 1.701 ms
[Build] Inserted 15800/50000 points, avg insert time: 1.719 ms
[Build] Inserted 15900/50000 points, avg insert time: 1.979 ms
[Build] Inserted 16000/50000 points, avg insert time: 1.390 ms
[Build] Inserted 16100/50000 points, avg insert time: 2.022 ms
[Build] Inserted 16200/50000 points, avg insert time: 1.784 ms
[Build] Inserted 16300/50000 points, avg insert time: 1.752 ms
[Build] Inserted 16400/50000 points, avg insert time: 1.449 ms
[Build] Inserted 16500/50000 points, avg insert time: 1.542 ms
[Build] Inserted 16600/50000 points, avg insert time: 1.987 ms
[Build] Inserted 16700/50000 points, avg insert time: 1.646 ms
[Build] Inserted 16800/50000 points, avg insert time: 1.290 ms
[Build] Inserted 16900/50000 points, avg insert time: 1.585 ms
[Build] Inserted 17000/50000 points, avg insert time: 2.115 ms
[Build] Inserted 17100/50000 points, avg insert time: 1.563 ms
[Build] Inserted 17200/50000 points, avg insert time: 1.950 ms
[Build] Inserted 17300/50000 points, avg insert time: 1.450 ms
[Build] Inserted 17400/50000 points, avg insert time: 1.349 ms
[Build] Inserted 17500/50000 points, avg insert time: 1.727 ms
[Build] Inserted 17600/50000 points, avg insert time: 1.555 ms
[Build] Inserted 17700/50000 points, avg insert time: 1.328 ms
[Build] Inserted 17800/50000 points, avg insert time: 1.890 ms
[Build] Inserted 17900/50000 points, avg insert time: 1.479 ms
[Build] Inserted 18000/50000 points, avg insert time: 3.736 ms
[Build] Inserted 18100/50000 points, avg insert time: 1.871 ms
[Build] Inserted 18200/50000 points, avg insert time: 1.971 ms
[Build] Inserted 18300/50000 points, avg insert time: 2.645 ms
[Build] Inserted 18400/50000 points, avg insert time: 1.656 ms
[Build] Inserted 18500/50000 points, avg insert time: 1.678 ms
[Build] Inserted 18600/50000 points, avg insert time: 1.695 ms
[Build] Inserted 18700/50000 points, avg insert time: 1.817 ms
[Build] Inserted 18800/50000 points, avg insert time: 1.614 ms
[Build] Inserted 18900/50000 points, avg insert time: 1.945 ms
[Build] Inserted 19000/50000 points, avg insert time: 2.014 ms
[Build] Inserted 19100/50000 points, avg insert time: 1.504 ms
[Build] Inserted 19200/50000 points, avg insert time: 1.707 ms
[Build] Inserted 19300/50000 points, avg insert time: 1.365 ms
[Build] Inserted 19400/50000 points, avg insert time: 1.391 ms
[Build] Inserted 19500/50000 points, avg insert time: 1.742 ms
[Build] Inserted 19600/50000 points, avg insert time: 1.824 ms
[Build] Inserted 19700/50000 points, avg insert time: 2.103 ms
[Build] Inserted 19800/50000 points, avg insert time: 2.156 ms
[Build] Inserted 19900/50000 points, avg insert time: 1.524 ms
[Build] Inserted 20000/50000 points, avg insert time: 1.650 ms
[Build] Inserted 20100/50000 points, avg insert time: 1.562 ms
[Build] Inserted 20200/50000 points, avg insert time: 11.735 ms
[Build] Inserted 20300/50000 points, avg insert time: 1.721 ms
[Build] Inserted 20400/50000 points, avg insert time: 1.674 ms
[Build] Inserted 20500/50000 points, avg insert time: 2.023 ms
[Build] Inserted 20600/50000 points, avg insert time: 2.155 ms
[Build] Inserted 20700/50000 points, avg insert time: 1.688 ms
[Build] Inserted 20800/50000 points, avg insert time: 1.644 ms
[Build] Inserted 20900/50000 points, avg insert time: 1.755 ms
[Build] Inserted 21000/50000 points, avg insert time: 1.821 ms
[Build] Inserted 21100/50000 points, avg insert time: 1.765 ms
[Build] Inserted 21200/50000 points, avg insert time: 1.617 ms
[Build] Inserted 21300/50000 points, avg insert time: 1.834 ms
[Build] Inserted 21400/50000 points, avg insert time: 1.871 ms
[Build] Inserted 21500/50000 points, avg insert time: 1.468 ms
[Build] Inserted 21600/50000 points, avg insert time: 2.380 ms
[Build] Inserted 21700/50000 points, avg insert time: 1.776 ms
[Build] Inserted 21800/50000 points, avg insert time: 1.862 ms
[Build] Inserted 21900/50000 points, avg insert time: 1.489 ms
[Build] Inserted 22000/50000 points, avg insert time: 1.920 ms
[Build] Inserted 22100/50000 points, avg insert time: 1.528 ms
[Build] Inserted 22200/50000 points, avg insert time: 1.907 ms
[Build] Inserted 22300/50000 points, avg insert time: 1.796 ms
[Build] Inserted 22400/50000 points, avg insert time: 1.775 ms
[Build] Inserted 22500/50000 points, avg insert time: 2.363 ms
[Build] Inserted 22600/50000 points, avg insert time: 2.246 ms
[Build] Inserted 22700/50000 points, avg insert time: 2.000 ms
[Build] Inserted 22800/50000 points, avg insert time: 2.098 ms
[Build] Inserted 22900/50000 points, avg insert time: 1.740 ms
[Build] Inserted 23000/50000 points, avg insert time: 1.511 ms
[Build] Inserted 23100/50000 points, avg insert time: 1.618 ms
[Build] Inserted 23200/50000 points, avg insert time: 1.365 ms
[Build] Inserted 23300/50000 points, avg insert time: 1.381 ms
[Build] Inserted 23400/50000 points, avg insert time: 1.865 ms
[Build] Inserted 23500/50000 points, avg insert time: 1.764 ms
[Build] Inserted 23600/50000 points, avg insert time: 1.740 ms
[Build] Inserted 23700/50000 points, avg insert time: 1.963 ms
[Build] Inserted 23800/50000 points, avg insert time: 2.506 ms
[Build] Inserted 23900/50000 points, avg insert time: 1.961 ms
[Build] Inserted 24000/50000 points, avg insert time: 2.248 ms
[Build] Inserted 24100/50000 points, avg insert time: 1.589 ms
[Build] Inserted 24200/50000 points, avg insert time: 2.090 ms
[Build] Inserted 24300/50000 points, avg insert time: 1.899 ms
[Build] Inserted 24400/50000 points, avg insert time: 1.566 ms
[Build] Inserted 24500/50000 points, avg insert time: 1.265 ms
[Build] Inserted 24600/50000 points, avg insert time: 1.731 ms
[Build] Inserted 24700/50000 points, avg insert time: 1.690 ms
[Build] Inserted 24800/50000 points, avg insert time: 2.445 ms
[Build] Inserted 24900/50000 points, avg insert time: 1.315 ms
[Build] Inserted 25000/50000 points, avg insert time: 1.829 ms
[Build] Inserted 25100/50000 points, avg insert time: 1.481 ms
[Build] Inserted 25200/50000 points, avg insert time: 1.507 ms
[Build] Inserted 25300/50000 points, avg insert time: 2.465 ms
[Build] Inserted 25400/50000 points, avg insert time: 1.478 ms
[Build] Inserted 25500/50000 points, avg insert time: 1.588 ms
[Build] Inserted 25600/50000 points, avg insert time: 1.667 ms
[Build] Inserted 25700/50000 points, avg insert time: 2.342 ms
[Build] Inserted 25800/50000 points, avg insert time: 1.654 ms
[Build] Inserted 25900/50000 points, avg insert time: 1.758 ms
[Build] Inserted 26000/50000 points, avg insert time: 1.521 ms
[Build] Inserted 26100/50000 points, avg insert time: 1.684 ms
[Build] Inserted 26200/50000 points, avg insert time: 1.839 ms
[Build] Inserted 26300/50000 points, avg insert time: 1.483 ms
[Build] Inserted 26400/50000 points, avg insert time: 1.908 ms
[Build] Inserted 26500/50000 points, avg insert time: 1.852 ms
[Build] Inserted 26600/50000 points, avg insert time: 4.652 ms
[Build] Inserted 26700/50000 points, avg insert time: 1.414 ms
[Build] Inserted 26800/50000 points, avg insert time: 1.362 ms
[Build] Inserted 26900/50000 points, avg insert time: 1.826 ms
[Build] Inserted 27000/50000 points, avg insert time: 1.713 ms
[Build] Inserted 27100/50000 points, avg insert time: 1.793 ms
[Build] Inserted 27200/50000 points, avg insert time: 1.976 ms
[Build] Inserted 27300/50000 points, avg insert time: 2.070 ms
[Build] Inserted 27400/50000 points, avg insert time: 1.651 ms
[Build] Inserted 27500/50000 points, avg insert time: 1.940 ms
[Build] Inserted 27600/50000 points, avg insert time: 1.960 ms
[Build] Inserted 27700/50000 points, avg insert time: 2.257 ms
[Build] Inserted 27800/50000 points, avg insert time: 1.575 ms
[Build] Inserted 27900/50000 points, avg insert time: 1.796 ms
[Build] Inserted 28000/50000 points, avg insert time: 1.793 ms
[Build] Inserted 28100/50000 points, avg insert time: 1.638 ms
[Build] Inserted 28200/50000 points, avg insert time: 2.278 ms
[Build] Inserted 28300/50000 points, avg insert time: 2.437 ms
[Build] Inserted 28400/50000 points, avg insert time: 2.625 ms
[Build] Inserted 28500/50000 points, avg insert time: 2.216 ms
[Build] Inserted 28600/50000 points, avg insert time: 1.850 ms
[Build] Inserted 28700/50000 points, avg insert time: 2.536 ms
[Build] Inserted 28800/50000 points, avg insert time: 1.742 ms
[Build] Inserted 28900/50000 points, avg insert time: 1.733 ms
[Build] Inserted 29000/50000 points, avg insert time: 1.910 ms
[Build] Inserted 29100/50000 points, avg insert time: 1.818 ms
[Build] Inserted 29200/50000 points, avg insert time: 1.980 ms
[Build] Inserted 29300/50000 points, avg insert time: 2.315 ms
[Build] Inserted 29400/50000 points, avg insert time: 1.837 ms
[Build] Inserted 29500/50000 points, avg insert time: 1.607 ms
[Build] Inserted 29600/50000 points, avg insert time: 2.139 ms
[Build] Inserted 29700/50000 points, avg insert time: 1.884 ms
[Build] Inserted 29800/50000 points, avg insert time: 1.881 ms
[Build] Inserted 29900/50000 points, avg insert time: 1.769 ms
[Build] Inserted 30000/50000 points, avg insert time: 2.167 ms
[Build] Inserted 30100/50000 points, avg insert time: 1.674 ms
[Build] Inserted 30200/50000 points, avg insert time: 2.020 ms
[Build] Inserted 30300/50000 points, avg insert time: 1.991 ms
[Build] Inserted 30400/50000 points, avg insert time: 2.403 ms
[Build] Inserted 30500/50000 points, avg insert time: 1.544 ms
[Build] Inserted 30600/50000 points, avg insert time: 2.092 ms
[Build] Inserted 30700/50000 points, avg insert time: 1.907 ms
[Build] Inserted 30800/50000 points, avg insert time: 2.455 ms
[Build] Inserted 30900/50000 points, avg insert time: 2.065 ms
[Build] Inserted 31000/50000 points, avg insert time: 1.657 ms
[Build] Inserted 31100/50000 points, avg insert time: 1.246 ms
[Build] Inserted 31200/50000 points, avg insert time: 1.761 ms
[Build] Inserted 31300/50000 points, avg insert time: 2.085 ms
[Build] Inserted 31400/50000 points, avg insert time: 1.806 ms
[Build] Inserted 31500/50000 points, avg insert time: 2.203 ms
[Build] Inserted 31600/50000 points, avg insert time: 2.120 ms
[Build] Inserted 31700/50000 points, avg insert time: 1.826 ms
[Build] Inserted 31800/50000 points, avg insert time: 2.126 ms
[Build] Inserted 31900/50000 points, avg insert time: 1.675 ms
[Build] Inserted 32000/50000 points, avg insert time: 1.656 ms
[Build] Inserted 32100/50000 points, avg insert time: 1.657 ms
[Build] Inserted 32200/50000 points, avg insert time: 1.586 ms
[Build] Inserted 32300/50000 points, avg insert time: 1.645 ms
[Build] Inserted 32400/50000 points, avg insert time: 1.628 ms
[Build] Inserted 32500/50000 points, avg insert time: 1.241 ms
[Build] Inserted 32600/50000 points, avg insert time: 1.594 ms
[Build] Inserted 32700/50000 points, avg insert time: 2.448 ms
[Build] Inserted 32800/50000 points, avg insert time: 1.994 ms
[Build] Inserted 32900/50000 points, avg insert time: 1.958 ms
[Build] Inserted 33000/50000 points, avg insert time: 2.025 ms
[Build] Inserted 33100/50000 points, avg insert time: 2.340 ms
[Build] Inserted 33200/50000 points, avg insert time: 1.697 ms
[Build] Inserted 33300/50000 points, avg insert time: 1.715 ms
[Build] Inserted 33400/50000 points, avg insert time: 2.010 ms
[Build] Inserted 33500/50000 points, avg insert time: 1.681 ms
[Build] Inserted 33600/50000 points, avg insert time: 2.038 ms
[Build] Inserted 33700/50000 points, avg insert time: 1.709 ms
[Build] Inserted 33800/50000 points, avg insert time: 1.746 ms
[Build] Inserted 33900/50000 points, avg insert time: 1.321 ms
[Build] Inserted 34000/50000 points, avg insert time: 1.671 ms
[Build] Inserted 34100/50000 points, avg insert time: 1.619 ms
[Build] Inserted 34200/50000 points, avg insert time: 1.579 ms
[Build] Inserted 34300/50000 points, avg insert time: 2.034 ms
[Build] Inserted 34400/50000 points, avg insert time: 1.941 ms
[Build] Inserted 34500/50000 points, avg insert time: 1.788 ms
[Build] Inserted 34600/50000 points, avg insert time: 1.758 ms
[Build] Inserted 34700/50000 points, avg insert time: 1.695 ms
[Build] Inserted 34800/50000 points, avg insert time: 2.010 ms
[Build] Inserted 34900/50000 points, avg insert time: 1.454 ms
[Build] Inserted 35000/50000 points, avg insert time: 1.431 ms
[Build] Inserted 35100/50000 points, avg insert time: 1.933 ms
[Build] Inserted 35200/50000 points, avg insert time: 1.373 ms
[Build] Inserted 35300/50000 points, avg insert time: 1.824 ms
[Build] Inserted 35400/50000 points, avg insert time: 1.750 ms
[Build] Inserted 35500/50000 points, avg insert time: 1.821 ms
[Build] Inserted 35600/50000 points, avg insert time: 1.847 ms
[Build] Inserted 35700/50000 points, avg insert time: 1.544 ms
[Build] Inserted 35800/50000 points, avg insert time: 1.519 ms
[Build] Inserted 35900/50000 points, avg insert time: 1.534 ms
[Build] Inserted 36000/50000 points, avg insert time: 1.468 ms
[Build] Inserted 36100/50000 points, avg insert time: 1.798 ms
[Build] Inserted 36200/50000 points, avg insert time: 1.517 ms
[Build] Inserted 36300/50000 points, avg insert time: 1.806 ms
[Build] Inserted 36400/50000 points, avg insert time: 2.005 ms
[Build] Inserted 36500/50000 points, avg insert time: 1.941 ms
[Build] Inserted 36600/50000 points, avg insert time: 1.612 ms
[Build] Inserted 36700/50000 points, avg insert time: 3.109 ms
[Build] Inserted 36800/50000 points, avg insert time: 2.385 ms
[Build] Inserted 36900/50000 points, avg insert time: 2.235 ms
[Build] Inserted 37000/50000 points, avg insert time: 1.901 ms
[Build] Inserted 37100/50000 points, avg insert time: 1.683 ms
[Build] Inserted 37200/50000 points, avg insert time: 1.755 ms
[Build] Inserted 37300/50000 points, avg insert time: 1.786 ms
[Build] Inserted 37400/50000 points, avg insert time: 10.915 ms
[Build] Inserted 37500/50000 points, avg insert time: 1.842 ms
[Build] Inserted 37600/50000 points, avg insert time: 1.336 ms
[Build] Inserted 37700/50000 points, avg insert time: 2.238 ms
[Build] Inserted 37800/50000 points, avg insert time: 1.565 ms
[Build] Inserted 37900/50000 points, avg insert time: 1.369 ms
[Build] Inserted 38000/50000 points, avg insert time: 2.085 ms
[Build] Inserted 38100/50000 points, avg insert time: 1.753 ms
[Build] Inserted 38200/50000 points, avg insert time: 1.450 ms
[Build] Inserted 38300/50000 points, avg insert time: 1.477 ms
[Build] Inserted 38400/50000 points, avg insert time: 1.687 ms
[Build] Inserted 38500/50000 points, avg insert time: 1.513 ms
[Build] Inserted 38600/50000 points, avg insert time: 1.298 ms
[Build] Inserted 38700/50000 points, avg insert time: 1.908 ms
[Build] Inserted 38800/50000 points, avg insert time: 2.522 ms
[Build] Inserted 38900/50000 points, avg insert time: 1.406 ms
[Build] Inserted 39000/50000 points, avg insert time: 1.159 ms
[Build] Inserted 39100/50000 points, avg insert time: 1.593 ms
[Build] Inserted 39200/50000 points, avg insert time: 1.784 ms
[Build] Inserted 39300/50000 points, avg insert time: 1.523 ms
[Build] Inserted 39400/50000 points, avg insert time: 1.477 ms
[Build] Inserted 39500/50000 points, avg insert time: 2.264 ms
[Build] Inserted 39600/50000 points, avg insert time: 4.908 ms
[Build] Inserted 39700/50000 points, avg insert time: 1.454 ms
[Build] Inserted 39800/50000 points, avg insert time: 1.565 ms
[Build] Inserted 39900/50000 points, avg insert time: 1.557 ms
[Build] Inserted 40000/50000 points, avg insert time: 1.459 ms
[Build] Inserted 40100/50000 points, avg insert time: 1.663 ms
[Build] Inserted 40200/50000 points, avg insert time: 1.485 ms
[Build] Inserted 40300/50000 points, avg insert time: 1.832 ms
[Build] Inserted 40400/50000 points, avg insert time: 2.079 ms
[Build] Inserted 40500/50000 points, avg insert time: 1.702 ms
[Build] Inserted 40600/50000 points, avg insert time: 1.791 ms
[Build] Inserted 40700/50000 points, avg insert time: 2.059 ms
[Build] Inserted 40800/50000 points, avg insert time: 2.107 ms
[Build] Inserted 40900/50000 points, avg insert time: 1.874 ms
[Build] Inserted 41000/50000 points, avg insert time: 1.466 ms
[Build] Inserted 41100/50000 points, avg insert time: 1.885 ms
[Build] Inserted 41200/50000 points, avg insert time: 1.662 ms
[Build] Inserted 41300/50000 points, avg insert time: 2.244 ms
[Build] Inserted 41400/50000 points, avg insert time: 1.705 ms
[Build] Inserted 41500/50000 points, avg insert time: 1.273 ms
[Build] Inserted 41600/50000 points, avg insert time: 1.372 ms
[Build] Inserted 41700/50000 points, avg insert time: 1.448 ms
[Build] Inserted 41800/50000 points, avg insert time: 2.040 ms
[Build] Inserted 41900/50000 points, avg insert time: 1.688 ms
[Build] Inserted 42000/50000 points, avg insert time: 1.307 ms
[Build] Inserted 42100/50000 points, avg insert time: 1.950 ms
[Build] Inserted 42200/50000 points, avg insert time: 2.119 ms
[Build] Inserted 42300/50000 points, avg insert time: 1.416 ms
[Build] Inserted 42400/50000 points, avg insert time: 1.703 ms
[Build] Inserted 42500/50000 points, avg insert time: 1.705 ms
[Build] Inserted 42600/50000 points, avg insert time: 1.453 ms
[Build] Inserted 42700/50000 points, avg insert time: 1.869 ms
[Build] Inserted 42800/50000 points, avg insert time: 1.598 ms
[Build] Inserted 42900/50000 points, avg insert time: 1.664 ms
[Build] Inserted 43000/50000 points, avg insert time: 1.716 ms
[Build] Inserted 43100/50000 points, avg insert time: 1.957 ms
[Build] Inserted 43200/50000 points, avg insert time: 1.840 ms
[Build] Inserted 43300/50000 points, avg insert time: 1.315 ms
[Build] Inserted 43400/50000 points, avg insert time: 1.697 ms
[Build] Inserted 43500/50000 points, avg insert time: 2.375 ms
[Build] Inserted 43600/50000 points, avg insert time: 1.586 ms
[Build] Inserted 43700/50000 points, avg insert time: 1.430 ms
[Build] Inserted 43800/50000 points, avg insert time: 1.491 ms
[Build] Inserted 43900/50000 points, avg insert time: 1.195 ms
[Build] Inserted 44000/50000 points, avg insert time: 1.914 ms
[Build] Inserted 44100/50000 points, avg insert time: 1.639 ms
[Build] Inserted 44200/50000 points, avg insert time: 1.858 ms
[Build] Inserted 44300/50000 points, avg insert time: 1.694 ms
[Build] Inserted 44400/50000 points, avg insert time: 1.546 ms
[Build] Inserted 44500/50000 points, avg insert time: 1.711 ms
[Build] Inserted 44600/50000 points, avg insert time: 1.473 ms
[Build] Inserted 44700/50000 points, avg insert time: 1.629 ms
[Build] Inserted 44800/50000 points, avg insert time: 1.674 ms
[Build] Inserted 44900/50000 points, avg insert time: 1.625 ms
[Build] Inserted 45000/50000 points, avg insert time: 1.736 ms
[Build] Inserted 45100/50000 points, avg insert time: 1.482 ms
[Build] Inserted 45200/50000 points, avg insert time: 1.427 ms
[Build] Inserted 45300/50000 points, avg insert time: 1.730 ms
[Build] Inserted 45400/50000 points, avg insert time: 2.202 ms
[Build] Inserted 45500/50000 points, avg insert time: 1.865 ms
[Build] Inserted 45600/50000 points, avg insert time: 2.508 ms
[Build] Inserted 45700/50000 points, avg insert time: 1.882 ms
[Build] Inserted 45800/50000 points, avg insert time: 1.483 ms
[Build] Inserted 45900/50000 points, avg insert time: 1.853 ms
[Build] Inserted 46000/50000 points, avg insert time: 1.698 ms
[Build] Inserted 46100/50000 points, avg insert time: 1.954 ms
[Build] Inserted 46200/50000 points, avg insert time: 1.142 ms
[Build] Inserted 46300/50000 points, avg insert time: 1.180 ms
[Build] Inserted 46400/50000 points, avg insert time: 1.654 ms
[Build] Inserted 46500/50000 points, avg insert time: 1.158 ms
[Build] Inserted 46600/50000 points, avg insert time: 1.067 ms
[Build] Inserted 46700/50000 points, avg insert time: 1.119 ms
[Build] Inserted 46800/50000 points, avg insert time: 1.740 ms
[Build] Inserted 46900/50000 points, avg insert time: 1.918 ms
[Build] Inserted 47000/50000 points, avg insert time: 1.686 ms
[Build] Inserted 47100/50000 points, avg insert time: 1.761 ms
[Build] Inserted 47200/50000 points, avg insert time: 1.626 ms
[Build] Inserted 47300/50000 points, avg insert time: 1.527 ms
[Build] Inserted 47400/50000 points, avg insert time: 1.813 ms
[Build] Inserted 47500/50000 points, avg insert time: 1.265 ms
[Build] Inserted 47600/50000 points, avg insert time: 1.453 ms
[Build] Inserted 47700/50000 points, avg insert time: 1.607 ms
[Build] Inserted 47800/50000 points, avg insert time: 2.091 ms
[Build] Inserted 47900/50000 points, avg insert time: 1.695 ms
[Build] Inserted 48000/50000 points, avg insert time: 1.831 ms
[Build] Inserted 48100/50000 points, avg insert time: 1.419 ms
[Build] Inserted 48200/50000 points, avg insert time: 1.135 ms
[Build] Inserted 48300/50000 points, avg insert time: 1.478 ms
[Build] Inserted 48400/50000 points, avg insert time: 1.569 ms
[Build] Inserted 48500/50000 points, avg insert time: 1.695 ms
[Build] Inserted 48600/50000 points, avg insert time: 1.864 ms
[Build] Inserted 48700/50000 points, avg insert time: 1.533 ms
[Build] Inserted 48800/50000 points, avg insert time: 1.119 ms
[Build] Inserted 48900/50000 points, avg insert time: 1.626 ms
[Build] Inserted 49000/50000 points, avg insert time: 1.809 ms
[Build] Inserted 49100/50000 points, avg insert time: 1.577 ms
[Build] Inserted 49200/50000 points, avg insert time: 1.834 ms
[Build] Inserted 49300/50000 points, avg insert time: 1.631 ms
[Build] Inserted 49400/50000 points, avg insert time: 2.114 ms
[Build] Inserted 49500/50000 points, avg insert time: 1.332 ms
[Build] Inserted 49600/50000 points, avg insert time: 1.698 ms
[Build] Inserted 49700/50000 points, avg insert time: 1.368 ms
[Build] Inserted 49800/50000 points, avg insert time: 2.189 ms
[Build] Inserted 49900/50000 points, avg insert time: 1.793 ms
[Build] Inserted 50000/50000 points, avg insert time: 1.835 ms
[Build] Starting queries...
[Query] Processed 100/5000 queries, avg query time: 17.119 ms
[Query] Processed 200/5000 queries, avg query time: 17.595 ms
[Query] Processed 300/5000 queries, avg query time: 17.323 ms
[Query] Processed 400/5000 queries, avg query time: 17.480 ms
[Query] Processed 500/5000 queries, avg query time: 17.456 ms
[Query] Processed 600/5000 queries, avg query time: 19.650 ms
[Query] Processed 700/5000 queries, avg query time: 19.872 ms
[Query] Processed 800/5000 queries, avg query time: 19.686 ms
[Query] Processed 900/5000 queries, avg query time: 19.652 ms
[Query] Processed 1000/5000 queries, avg query time: 19.656 ms
[Query] Processed 1100/5000 queries, avg query time: 19.438 ms
[Query] Processed 1200/5000 queries, avg query time: 19.415 ms
[Query] Processed 1300/5000 queries, avg query time: 19.252 ms
[Query] Processed 1400/5000 queries, avg query time: 19.320 ms
[Query] Processed 1500/5000 queries, avg query time: 19.277 ms
[Query] Processed 1600/5000 queries, avg query time: 19.177 ms
[Query] Processed 1700/5000 queries, avg query time: 19.216 ms
[Query] Processed 1800/5000 queries, avg query time: 19.220 ms
[Query] Processed 1900/5000 queries, avg query time: 19.200 ms
[Query] Processed 2000/5000 queries, avg query time: 19.229 ms
[Query] Processed 2100/5000 queries, avg query time: 19.087 ms
[Query] Processed 2200/5000 queries, avg query time: 19.015 ms
[Query] Processed 2300/5000 queries, avg query time: 18.936 ms
[Query] Processed 2400/5000 queries, avg query time: 19.226 ms
[Query] Processed 2500/5000 queries, avg query time: 19.285 ms
[Query] Processed 2600/5000 queries, avg query time: 19.331 ms
[Query] Processed 2700/5000 queries, avg query time: 19.410 ms
[Query] Processed 2800/5000 queries, avg query time: 19.405 ms
[Query] Processed 2900/5000 queries, avg query time: 19.314 ms
[Query] Processed 3000/5000 queries, avg query time: 19.293 ms
[Query] Processed 3100/5000 queries, avg query time: 19.251 ms
[Query] Processed 3200/5000 queries, avg query time: 19.284 ms
[Query] Processed 3300/5000 queries, avg query time: 19.265 ms
[Query] Processed 3400/5000 queries, avg query time: 19.282 ms
[Query] Processed 3500/5000 queries, avg query time: 19.253 ms
[Query] Processed 3600/5000 queries, avg query time: 19.190 ms
[Query] Processed 3700/5000 queries, avg query time: 19.152 ms
[Query] Processed 3800/5000 queries, avg query time: 19.112 ms
[Query] Processed 3900/5000 queries, avg query time: 19.078 ms
[Query] Processed 4000/5000 queries, avg query time: 19.065 ms
[Query] Processed 4100/5000 queries, avg query time: 19.294 ms
[Query] Processed 4200/5000 queries, avg query time: 19.280 ms
[Query] Processed 4300/5000 queries, avg query time: 19.295 ms
[Query] Processed 4400/5000 queries, avg query time: 19.256 ms
[Query] Processed 4500/5000 queries, avg query time: 19.225 ms
[Query] Processed 4600/5000 queries, avg query time: 19.213 ms
[Query] Processed 4700/5000 queries, avg query time: 19.204 ms
[Query] Processed 4800/5000 queries, avg query time: 19.196 ms
[Query] Processed 4900/5000 queries, avg query time: 19.234 ms
[Query] Processed 5000/5000 queries, avg query time: 19.217 ms
[Sanity Check] Total Relevant =  3722
[Result] Memory breakdown (MB): {'hash_functions_MB': 3.36029052734375, 'bucket_ids_MB': 19.902084350585938, 'num_ids': 5217212, 'num_buckets': 1286050, 'hash_tables_overhead_MB': 107.92961120605469, 'total_MB': 131.19198608398438}
[Result] Epsilon-recall: 1.0000
[Result] (c,r)-ANN accuracy: 1.0000
[SUMMARY] r=0.5, eps=0.8, eta=0.1, recall=1.0000, (c,r)-ANN accuracy=1.0, memory=131.19198608398438
