[Init] Inputs : eta=0.20, epsilon=0.10, r=1.00
[Init] LSH Parameters : w=2.660, p1=0.7010, p2=0.6722, rho=0.8945
[Init] Data Structure Parameters : k=28, L=22773, key_bits=896, mode=speed
[Build] Starting insertion...
[Build] Inserted 100/50000 points, avg insert time: 42.653 ms
[Build] Inserted 200/50000 points, avg insert time: 31.218 ms
[Build] Inserted 300/50000 points, avg insert time: 33.883 ms
[Build] Inserted 400/50000 points, avg insert time: 48.220 ms
[Build] Inserted 500/50000 points, avg insert time: 16.123 ms
[Build] Inserted 600/50000 points, avg insert time: 20.614 ms
[Build] Inserted 700/50000 points, avg insert time: 17.551 ms
[Build] Inserted 800/50000 points, avg insert time: 39.873 ms
[Build] Inserted 900/50000 points, avg insert time: 17.592 ms
[Build] Inserted 1000/50000 points, avg insert time: 8.878 ms
[Build] Inserted 1100/50000 points, avg insert time: 50.563 ms
[Build] Inserted 1200/50000 points, avg insert time: 43.842 ms
[Build] Inserted 1300/50000 points, avg insert time: 29.684 ms
[Build] Inserted 1400/50000 points, avg insert time: 41.568 ms
[Build] Inserted 1500/50000 points, avg insert time: 23.744 ms
[Build] Inserted 1600/50000 points, avg insert time: 20.787 ms
[Build] Inserted 1700/50000 points, avg insert time: 32.928 ms
[Build] Inserted 1800/50000 points, avg insert time: 38.602 ms
[Build] Inserted 1900/50000 points, avg insert time: 20.636 ms
[Build] Inserted 2000/50000 points, avg insert time: 38.861 ms
[Build] Inserted 2100/50000 points, avg insert time: 17.883 ms
[Build] Inserted 2200/50000 points, avg insert time: 51.794 ms
[Build] Inserted 2300/50000 points, avg insert time: 44.870 ms
[Build] Inserted 2400/50000 points, avg insert time: 32.976 ms
[Build] Inserted 2500/50000 points, avg insert time: 32.905 ms
[Build] Inserted 2600/50000 points, avg insert time: 41.946 ms
[Build] Inserted 2700/50000 points, avg insert time: 29.916 ms
[Build] Inserted 2800/50000 points, avg insert time: 1.988 ms
[Build] Inserted 2900/50000 points, avg insert time: 31.665 ms
[Build] Inserted 3000/50000 points, avg insert time: 53.939 ms
[Build] Inserted 3100/50000 points, avg insert time: 32.928 ms
[Build] Inserted 3200/50000 points, avg insert time: 35.820 ms
[Build] Inserted 3300/50000 points, avg insert time: 29.915 ms
[Build] Inserted 3400/50000 points, avg insert time: 42.064 ms
[Build] Inserted 3500/50000 points, avg insert time: 30.055 ms
[Build] Inserted 3600/50000 points, avg insert time: 39.164 ms
[Build] Inserted 3700/50000 points, avg insert time: 5.397 ms
[Build] Inserted 3800/50000 points, avg insert time: 35.944 ms
[Build] Inserted 3900/50000 points, avg insert time: 48.018 ms
[Build] Inserted 4000/50000 points, avg insert time: 30.029 ms
[Build] Inserted 4100/50000 points, avg insert time: 33.247 ms
[Build] Inserted 4200/50000 points, avg insert time: 30.250 ms
[Build] Inserted 4300/50000 points, avg insert time: 36.054 ms
[Build] Inserted 4400/50000 points, avg insert time: 36.307 ms
[Build] Inserted 4500/50000 points, avg insert time: 27.044 ms
[Build] Inserted 4600/50000 points, avg insert time: 26.941 ms
[Build] Inserted 4700/50000 points, avg insert time: 1.893 ms
[Build] Inserted 4800/50000 points, avg insert time: 21.107 ms
[Build] Inserted 4900/50000 points, avg insert time: 24.047 ms
[Build] Inserted 5000/50000 points, avg insert time: 35.972 ms
[Build] Inserted 5100/50000 points, avg insert time: 48.166 ms
[Build] Inserted 5200/50000 points, avg insert time: 36.407 ms
[Build] Inserted 5300/50000 points, avg insert time: 46.444 ms
[Build] Inserted 5400/50000 points, avg insert time: 48.215 ms
[Build] Inserted 5500/50000 points, avg insert time: 30.161 ms
[Build] Inserted 5600/50000 points, avg insert time: 5.403 ms
[Build] Inserted 5700/50000 points, avg insert time: 27.081 ms
[Build] Inserted 5800/50000 points, avg insert time: 33.546 ms
[Build] Inserted 5900/50000 points, avg insert time: 57.216 ms
[Build] Inserted 6000/50000 points, avg insert time: 30.214 ms
[Build] Inserted 6100/50000 points, avg insert time: 60.252 ms
[Build] Inserted 6200/50000 points, avg insert time: 30.189 ms
[Build] Inserted 6300/50000 points, avg insert time: 35.911 ms
[Build] Inserted 6400/50000 points, avg insert time: 14.196 ms
[Build] Inserted 6500/50000 points, avg insert time: 45.252 ms
[Build] Inserted 6600/50000 points, avg insert time: 45.392 ms
[Build] Inserted 6700/50000 points, avg insert time: 36.220 ms
[Build] Inserted 6800/50000 points, avg insert time: 24.063 ms
[Build] Inserted 6900/50000 points, avg insert time: 30.135 ms
[Build] Inserted 7000/50000 points, avg insert time: 42.283 ms
[Build] Inserted 7100/50000 points, avg insert time: 42.564 ms
[Build] Inserted 7200/50000 points, avg insert time: 54.539 ms
[Build] Inserted 7300/50000 points, avg insert time: 20.373 ms
[Build] Inserted 7400/50000 points, avg insert time: 39.249 ms
[Build] Inserted 7500/50000 points, avg insert time: 54.764 ms
[Build] Inserted 7600/50000 points, avg insert time: 27.105 ms
[Build] Inserted 7700/50000 points, avg insert time: 24.339 ms
[Build] Inserted 7800/50000 points, avg insert time: 58.116 ms
[Build] Inserted 7900/50000 points, avg insert time: 30.471 ms
[Build] Inserted 8000/50000 points, avg insert time: 30.453 ms
[Build] Inserted 8100/50000 points, avg insert time: 20.646 ms
[Build] Inserted 8200/50000 points, avg insert time: 45.529 ms
[Build] Inserted 8300/50000 points, avg insert time: 39.413 ms
[Build] Inserted 8400/50000 points, avg insert time: 49.339 ms
[Build] Inserted 8500/50000 points, avg insert time: 42.975 ms
[Build] Inserted 8600/50000 points, avg insert time: 42.532 ms
[Build] Inserted 8700/50000 points, avg insert time: 24.151 ms
[Build] Inserted 8800/50000 points, avg insert time: 33.285 ms
[Build] Inserted 8900/50000 points, avg insert time: 14.756 ms
[Build] Inserted 9000/50000 points, avg insert time: 27.746 ms
[Build] Inserted 9100/50000 points, avg insert time: 30.325 ms
[Build] Inserted 9200/50000 points, avg insert time: 39.372 ms
[Build] Inserted 9300/50000 points, avg insert time: 48.499 ms
[Build] Inserted 9400/50000 points, avg insert time: 30.398 ms
[Build] Inserted 9500/50000 points, avg insert time: 33.248 ms
[Build] Inserted 9600/50000 points, avg insert time: 48.480 ms
[Build] Inserted 9700/50000 points, avg insert time: 33.409 ms
[Build] Inserted 9800/50000 points, avg insert time: 41.678 ms
[Build] Inserted 9900/50000 points, avg insert time: 42.400 ms
[Build] Inserted 10000/50000 points, avg insert time: 33.244 ms
[Build] Inserted 10100/50000 points, avg insert time: 45.235 ms
[Build] Inserted 10200/50000 points, avg insert time: 33.194 ms
[Build] Inserted 10300/50000 points, avg insert time: 42.435 ms
[Build] Inserted 10400/50000 points, avg insert time: 33.289 ms
[Build] Inserted 10500/50000 points, avg insert time: 33.860 ms
[Build] Inserted 10600/50000 points, avg insert time: 21.958 ms
[Build] Inserted 10700/50000 points, avg insert time: 42.782 ms
[Build] Inserted 10800/50000 points, avg insert time: 49.295 ms
[Build] Inserted 10900/50000 points, avg insert time: 27.289 ms
[Build] Inserted 11000/50000 points, avg insert time: 36.592 ms
[Build] Inserted 11100/50000 points, avg insert time: 33.354 ms
[Build] Inserted 11200/50000 points, avg insert time: 27.299 ms
[Build] Inserted 11300/50000 points, avg insert time: 54.585 ms
[Build] Inserted 11400/50000 points, avg insert time: 17.745 ms
[Build] Inserted 11500/50000 points, avg insert time: 42.435 ms
[Build] Inserted 11600/50000 points, avg insert time: 30.274 ms
[Build] Inserted 11700/50000 points, avg insert time: 39.319 ms
[Build] Inserted 11800/50000 points, avg insert time: 48.406 ms
[Build] Inserted 11900/50000 points, avg insert time: 33.310 ms
[Build] Inserted 12000/50000 points, avg insert time: 18.168 ms
[Build] Inserted 12100/50000 points, avg insert time: 27.231 ms
[Build] Inserted 12200/50000 points, avg insert time: 29.561 ms
[Build] Inserted 12300/50000 points, avg insert time: 42.393 ms
[Build] Inserted 12400/50000 points, avg insert time: 18.077 ms
[Build] Inserted 12500/50000 points, avg insert time: 27.285 ms
[Build] Inserted 12600/50000 points, avg insert time: 42.496 ms
[Build] Inserted 12700/50000 points, avg insert time: 36.318 ms
[Build] Inserted 12800/50000 points, avg insert time: 36.418 ms
[Build] Inserted 12900/50000 points, avg insert time: 36.508 ms
[Build] Inserted 13000/50000 points, avg insert time: 24.233 ms
[Build] Inserted 13100/50000 points, avg insert time: 21.106 ms
[Build] Inserted 13200/50000 points, avg insert time: 14.327 ms
[Build] Inserted 13300/50000 points, avg insert time: 24.213 ms
[Build] Inserted 13400/50000 points, avg insert time: 24.275 ms
[Build] Inserted 13500/50000 points, avg insert time: 42.388 ms
[Build] Inserted 13600/50000 points, avg insert time: 36.411 ms
[Build] Inserted 13700/50000 points, avg insert time: 43.557 ms
[Build] Inserted 13800/50000 points, avg insert time: 48.273 ms
[Build] Inserted 13900/50000 points, avg insert time: 45.711 ms
[Build] Inserted 14000/50000 points, avg insert time: 33.225 ms
[Build] Inserted 14100/50000 points, avg insert time: 2.645 ms
[Build] Inserted 14200/50000 points, avg insert time: 27.369 ms
[Build] Inserted 14300/50000 points, avg insert time: 36.466 ms
[Build] Inserted 14400/50000 points, avg insert time: 24.395 ms
[Build] Inserted 14500/50000 points, avg insert time: 33.460 ms
[Build] Inserted 14600/50000 points, avg insert time: 24.305 ms
[Build] Inserted 14700/50000 points, avg insert time: 39.597 ms
[Build] Inserted 14800/50000 points, avg insert time: 36.435 ms
[Build] Inserted 14900/50000 points, avg insert time: 48.743 ms
[Build] Inserted 15000/50000 points, avg insert time: 42.475 ms
[Build] Inserted 15100/50000 points, avg insert time: 8.613 ms
[Build] Inserted 15200/50000 points, avg insert time: 39.512 ms
[Build] Inserted 15300/50000 points, avg insert time: 36.536 ms
[Build] Inserted 15400/50000 points, avg insert time: 27.329 ms
[Build] Inserted 15500/50000 points, avg insert time: 30.375 ms
[Build] Inserted 15600/50000 points, avg insert time: 33.588 ms
[Build] Inserted 15700/50000 points, avg insert time: 47.972 ms
[Build] Inserted 15800/50000 points, avg insert time: 33.614 ms
[Build] Inserted 15900/50000 points, avg insert time: 21.375 ms
[Build] Inserted 16000/50000 points, avg insert time: 22.237 ms
[Build] Inserted 16100/50000 points, avg insert time: 16.076 ms
[Build] Inserted 16200/50000 points, avg insert time: 30.935 ms
[Build] Inserted 16300/50000 points, avg insert time: 24.496 ms
[Build] Inserted 16400/50000 points, avg insert time: 21.904 ms
[Build] Inserted 16500/50000 points, avg insert time: 39.834 ms
[Build] Inserted 16600/50000 points, avg insert time: 30.443 ms
[Build] Inserted 16700/50000 points, avg insert time: 33.635 ms
[Build] Inserted 16800/50000 points, avg insert time: 33.677 ms
[Build] Inserted 16900/50000 points, avg insert time: 45.712 ms
[Build] Inserted 17000/50000 points, avg insert time: 20.797 ms
[Build] Inserted 17100/50000 points, avg insert time: 36.736 ms
[Build] Inserted 17200/50000 points, avg insert time: 42.837 ms
[Build] Inserted 17300/50000 points, avg insert time: 27.446 ms
[Build] Inserted 17400/50000 points, avg insert time: 30.491 ms
[Build] Inserted 17500/50000 points, avg insert time: 24.403 ms
[Build] Inserted 17600/50000 points, avg insert time: 30.319 ms
[Build] Inserted 17700/50000 points, avg insert time: 30.371 ms
[Build] Inserted 17800/50000 points, avg insert time: 12.127 ms
[Build] Inserted 17900/50000 points, avg insert time: 39.634 ms
[Build] Inserted 18000/50000 points, avg insert time: 18.181 ms
[Build] Inserted 18100/50000 points, avg insert time: 11.365 ms
[Build] Inserted 18200/50000 points, avg insert time: 30.483 ms
[Build] Inserted 18300/50000 points, avg insert time: 27.345 ms
[Build] Inserted 18400/50000 points, avg insert time: 24.410 ms
[Build] Inserted 18500/50000 points, avg insert time: 24.245 ms
[Build] Inserted 18600/50000 points, avg insert time: 27.336 ms
[Build] Inserted 18700/50000 points, avg insert time: 24.262 ms
[Build] Inserted 18800/50000 points, avg insert time: 30.228 ms
[Build] Inserted 18900/50000 points, avg insert time: 42.519 ms
[Build] Inserted 19000/50000 points, avg insert time: 54.589 ms
[Build] Inserted 19100/50000 points, avg insert time: 11.450 ms
[Build] Inserted 19200/50000 points, avg insert time: 36.447 ms
[Build] Inserted 19300/50000 points, avg insert time: 24.332 ms
[Build] Inserted 19400/50000 points, avg insert time: 30.556 ms
[Build] Inserted 19500/50000 points, avg insert time: 59.722 ms
[Build] Inserted 19600/50000 points, avg insert time: 38.327 ms
[Build] Inserted 19700/50000 points, avg insert time: 53.532 ms
[Build] Inserted 19800/50000 points, avg insert time: 44.252 ms
[Build] Inserted 19900/50000 points, avg insert time: -6.083 ms
[Build] Inserted 20000/50000 points, avg insert time: 24.767 ms
[Build] Inserted 20100/50000 points, avg insert time: 36.417 ms
[Build] Inserted 20200/50000 points, avg insert time: 33.399 ms
[Build] Inserted 20300/50000 points, avg insert time: 49.129 ms
[Build] Inserted 20400/50000 points, avg insert time: 33.464 ms
[Build] Inserted 20500/50000 points, avg insert time: 33.401 ms
[Build] Inserted 20600/50000 points, avg insert time: 51.621 ms
[Build] Inserted 20700/50000 points, avg insert time: 48.587 ms
[Build] Inserted 20800/50000 points, avg insert time: 17.409 ms
[Build] Inserted 20900/50000 points, avg insert time: 54.879 ms
[Build] Inserted 21000/50000 points, avg insert time: 30.547 ms
[Build] Inserted 21100/50000 points, avg insert time: 30.407 ms
[Build] Inserted 21200/50000 points, avg insert time: 21.210 ms
[Build] Inserted 21300/50000 points, avg insert time: 48.555 ms
[Build] Inserted 21400/50000 points, avg insert time: 42.443 ms
[Build] Inserted 21500/50000 points, avg insert time: 33.366 ms
[Build] Inserted 21600/50000 points, avg insert time: 14.839 ms
[Build] Inserted 21700/50000 points, avg insert time: 42.581 ms
[Build] Inserted 21800/50000 points, avg insert time: 33.519 ms
[Build] Inserted 21900/50000 points, avg insert time: 57.851 ms
[Build] Inserted 22000/50000 points, avg insert time: 36.497 ms
[Build] Inserted 22100/50000 points, avg insert time: 36.497 ms
[Build] Inserted 22200/50000 points, avg insert time: 30.380 ms
[Build] Inserted 22300/50000 points, avg insert time: 42.596 ms
[Build] Inserted 22400/50000 points, avg insert time: 14.885 ms
[Build] Inserted 22500/50000 points, avg insert time: 46.611 ms
[Build] Inserted 22600/50000 points, avg insert time: 36.432 ms
[Build] Inserted 22700/50000 points, avg insert time: 30.338 ms
[Build] Inserted 22800/50000 points, avg insert time: 33.336 ms
[Build] Inserted 22900/50000 points, avg insert time: 24.345 ms
[Build] Inserted 23000/50000 points, avg insert time: 45.410 ms
[Build] Inserted 23100/50000 points, avg insert time: 51.547 ms
[Build] Inserted 23200/50000 points, avg insert time: 21.199 ms
[Build] Inserted 23300/50000 points, avg insert time: 15.213 ms
[Build] Inserted 23400/50000 points, avg insert time: 20.706 ms
[Build] Inserted 23500/50000 points, avg insert time: 33.421 ms
[Build] Inserted 23600/50000 points, avg insert time: 39.465 ms
[Build] Inserted 23700/50000 points, avg insert time: 15.205 ms
[Build] Inserted 23800/50000 points, avg insert time: 33.356 ms
[Build] Inserted 23900/50000 points, avg insert time: 30.345 ms
[Build] Inserted 24000/50000 points, avg insert time: 36.315 ms
[Build] Inserted 24100/50000 points, avg insert time: 51.539 ms
[Build] Inserted 24200/50000 points, avg insert time: 45.403 ms
[Build] Inserted 24300/50000 points, avg insert time: 2.532 ms
[Build] Inserted 24400/50000 points, avg insert time: 45.501 ms
[Build] Inserted 24500/50000 points, avg insert time: 15.127 ms
[Build] Inserted 24600/50000 points, avg insert time: 36.419 ms
[Build] Inserted 24700/50000 points, avg insert time: 30.257 ms
[Build] Inserted 24800/50000 points, avg insert time: 24.230 ms
[Build] Inserted 24900/50000 points, avg insert time: 36.345 ms
[Build] Inserted 25000/50000 points, avg insert time: 48.647 ms
[Build] Inserted 25100/50000 points, avg insert time: 33.551 ms
[Build] Inserted 25200/50000 points, avg insert time: 17.513 ms
[Build] Inserted 25300/50000 points, avg insert time: 42.546 ms
[Build] Inserted 25400/50000 points, avg insert time: 33.424 ms
[Build] Inserted 25500/50000 points, avg insert time: 45.432 ms
[Build] Inserted 25600/50000 points, avg insert time: 36.300 ms
[Build] Inserted 25700/50000 points, avg insert time: 48.530 ms
[Build] Inserted 25800/50000 points, avg insert time: 42.452 ms
[Build] Inserted 25900/50000 points, avg insert time: 30.239 ms
[Build] Inserted 26000/50000 points, avg insert time: 24.270 ms
[Build] Inserted 26100/50000 points, avg insert time: -0.270 ms
[Build] Inserted 26200/50000 points, avg insert time: 33.497 ms
[Build] Inserted 26300/50000 points, avg insert time: 27.244 ms
[Build] Inserted 26400/50000 points, avg insert time: 36.305 ms
[Build] Inserted 26500/50000 points, avg insert time: 30.325 ms
[Build] Inserted 26600/50000 points, avg insert time: 36.394 ms
[Build] Inserted 26700/50000 points, avg insert time: 24.220 ms
[Build] Inserted 26800/50000 points, avg insert time: 39.507 ms
[Build] Inserted 26900/50000 points, avg insert time: 27.342 ms
[Build] Inserted 27000/50000 points, avg insert time: 24.329 ms
[Build] Inserted 27100/50000 points, avg insert time: 24.371 ms
[Build] Inserted 27200/50000 points, avg insert time: 20.621 ms
[Build] Inserted 27300/50000 points, avg insert time: 33.343 ms
[Build] Inserted 27400/50000 points, avg insert time: 33.417 ms
[Build] Inserted 27500/50000 points, avg insert time: 42.554 ms
[Build] Inserted 27600/50000 points, avg insert time: 51.585 ms
[Build] Inserted 27700/50000 points, avg insert time: 24.277 ms
[Build] Inserted 27800/50000 points, avg insert time: 39.352 ms
[Build] Inserted 27900/50000 points, avg insert time: 27.302 ms
[Build] Inserted 28000/50000 points, avg insert time: 5.392 ms
[Build] Inserted 28100/50000 points, avg insert time: 33.438 ms
[Build] Inserted 28200/50000 points, avg insert time: 18.242 ms
[Build] Inserted 28300/50000 points, avg insert time: 42.546 ms
[Build] Inserted 28400/50000 points, avg insert time: 36.258 ms
[Build] Inserted 28500/50000 points, avg insert time: 42.532 ms
[Build] Inserted 28600/50000 points, avg insert time: 27.303 ms
[Build] Inserted 28700/50000 points, avg insert time: 36.288 ms
[Build] Inserted 28800/50000 points, avg insert time: 30.310 ms
[Build] Inserted 28900/50000 points, avg insert time: 39.465 ms
[Build] Inserted 29000/50000 points, avg insert time: 17.768 ms
[Build] Inserted 29100/50000 points, avg insert time: 45.658 ms
[Build] Inserted 29200/50000 points, avg insert time: 27.291 ms
[Build] Inserted 29300/50000 points, avg insert time: 42.047 ms
[Build] Inserted 29400/50000 points, avg insert time: 57.700 ms
[Build] Inserted 29500/50000 points, avg insert time: 39.335 ms
[Build] Inserted 29600/50000 points, avg insert time: 48.572 ms
[Build] Inserted 29700/50000 points, avg insert time: 17.677 ms
[Build] Inserted 29800/50000 points, avg insert time: 21.241 ms
[Build] Inserted 29900/50000 points, avg insert time: 33.452 ms
[Build] Inserted 30000/50000 points, avg insert time: 33.286 ms
[Build] Inserted 30100/50000 points, avg insert time: 18.257 ms
[Build] Inserted 30200/50000 points, avg insert time: 63.592 ms
[Build] Inserted 30300/50000 points, avg insert time: 24.364 ms
[Build] Inserted 30400/50000 points, avg insert time: 33.439 ms
[Build] Inserted 30500/50000 points, avg insert time: 24.320 ms
[Build] Inserted 30600/50000 points, avg insert time: 24.209 ms
[Build] Inserted 30700/50000 points, avg insert time: 20.700 ms
[Build] Inserted 30800/50000 points, avg insert time: 30.353 ms
[Build] Inserted 30900/50000 points, avg insert time: 36.489 ms
[Build] Inserted 31000/50000 points, avg insert time: 33.416 ms
[Build] Inserted 31100/50000 points, avg insert time: 24.275 ms
[Build] Inserted 31200/50000 points, avg insert time: 42.653 ms
[Build] Inserted 31300/50000 points, avg insert time: 45.537 ms
[Build] Inserted 31400/50000 points, avg insert time: 33.424 ms
[Build] Inserted 31500/50000 points, avg insert time: 51.594 ms
[Build] Inserted 31600/50000 points, avg insert time: 11.752 ms
[Build] Inserted 31700/50000 points, avg insert time: 30.295 ms
[Build] Inserted 31800/50000 points, avg insert time: 45.430 ms
[Build] Inserted 31900/50000 points, avg insert time: 36.472 ms
[Build] Inserted 32000/50000 points, avg insert time: 30.285 ms
[Build] Inserted 32100/50000 points, avg insert time: 51.665 ms
[Build] Inserted 32200/50000 points, avg insert time: 27.367 ms
[Build] Inserted 32300/50000 points, avg insert time: 30.467 ms
[Build] Inserted 32400/50000 points, avg insert time: 24.330 ms
[Build] Inserted 32500/50000 points, avg insert time: 11.305 ms
[Build] Inserted 32600/50000 points, avg insert time: 30.313 ms
[Build] Inserted 32700/50000 points, avg insert time: 36.531 ms
[Build] Inserted 32800/50000 points, avg insert time: 39.520 ms
[Build] Inserted 32900/50000 points, avg insert time: 15.206 ms
[Build] Inserted 33000/50000 points, avg insert time: 45.504 ms
[Build] Inserted 33100/50000 points, avg insert time: 30.297 ms
[Build] Inserted 33200/50000 points, avg insert time: 39.531 ms
[Build] Inserted 33300/50000 points, avg insert time: 30.451 ms
[Build] Inserted 33400/50000 points, avg insert time: 21.255 ms
[Build] Inserted 33500/50000 points, avg insert time: 15.146 ms
[Build] Inserted 33600/50000 points, avg insert time: 2.351 ms
[Build] Inserted 33700/50000 points, avg insert time: 48.506 ms
[Build] Inserted 33800/50000 points, avg insert time: 30.408 ms
[Build] Inserted 33900/50000 points, avg insert time: 42.615 ms
[Build] Inserted 34000/50000 points, avg insert time: 39.431 ms
[Build] Inserted 34100/50000 points, avg insert time: 42.544 ms
[Build] Inserted 34200/50000 points, avg insert time: 33.375 ms
[Build] Inserted 34300/50000 points, avg insert time: 33.432 ms
[Build] Inserted 34400/50000 points, avg insert time: 27.320 ms
[Build] Inserted 34500/50000 points, avg insert time: 14.896 ms
[Build] Inserted 34600/50000 points, avg insert time: 42.576 ms
[Build] Inserted 34700/50000 points, avg insert time: 45.726 ms
[Build] Inserted 34800/50000 points, avg insert time: 24.245 ms
[Build] Inserted 34900/50000 points, avg insert time: 27.376 ms
[Build] Inserted 35000/50000 points, avg insert time: 27.391 ms
[Build] Inserted 35100/50000 points, avg insert time: 36.450 ms
[Build] Inserted 35200/50000 points, avg insert time: 30.434 ms
[Build] Inserted 35300/50000 points, avg insert time: 36.602 ms
[Build] Inserted 35400/50000 points, avg insert time: 21.012 ms
[Build] Inserted 35500/50000 points, avg insert time: 33.296 ms
[Build] Inserted 35600/50000 points, avg insert time: 30.482 ms
[Build] Inserted 35700/50000 points, avg insert time: 24.185 ms
[Build] Inserted 35800/50000 points, avg insert time: 24.347 ms
[Build] Inserted 35900/50000 points, avg insert time: 30.300 ms
[Build] Inserted 36000/50000 points, avg insert time: 27.314 ms
[Build] Inserted 36100/50000 points, avg insert time: 27.397 ms
[Build] Inserted 36200/50000 points, avg insert time: 37.677 ms
[Build] Inserted 36300/50000 points, avg insert time: 36.953 ms
[Build] Inserted 36400/50000 points, avg insert time: 27.559 ms
[Build] Inserted 36500/50000 points, avg insert time: 0.925 ms
[Build] Inserted 36600/50000 points, avg insert time: 31.887 ms
[Build] Inserted 36700/50000 points, avg insert time: 15.589 ms
[Build] Inserted 36800/50000 points, avg insert time: 34.200 ms
[Build] Inserted 36900/50000 points, avg insert time: 34.062 ms
[Build] Inserted 37000/50000 points, avg insert time: 43.067 ms
[Build] Inserted 37100/50000 points, avg insert time: 33.873 ms
[Build] Inserted 37200/50000 points, avg insert time: 46.073 ms
[Build] Inserted 37300/50000 points, avg insert time: 24.671 ms
[Build] Inserted 37400/50000 points, avg insert time: 33.731 ms
[Build] Inserted 37500/50000 points, avg insert time: 11.741 ms
[Build] Inserted 37600/50000 points, avg insert time: 12.309 ms
[Build] Inserted 37700/50000 points, avg insert time: 30.581 ms
[Build] Inserted 37800/50000 points, avg insert time: 42.901 ms
[Build] Inserted 37900/50000 points, avg insert time: 33.840 ms
[Build] Inserted 38000/50000 points, avg insert time: 24.482 ms
[Build] Inserted 38100/50000 points, avg insert time: 27.352 ms
[Build] Inserted 38200/50000 points, avg insert time: 18.349 ms
[Build] Inserted 38300/50000 points, avg insert time: 27.630 ms
[Build] Inserted 38400/50000 points, avg insert time: 21.302 ms
[Build] Inserted 38500/50000 points, avg insert time: 33.473 ms
[Build] Inserted 38600/50000 points, avg insert time: 14.794 ms
[Build] Inserted 38700/50000 points, avg insert time: 15.312 ms
[Build] Inserted 38800/50000 points, avg insert time: 33.643 ms
[Build] Inserted 38900/50000 points, avg insert time: 42.656 ms
[Build] Inserted 39000/50000 points, avg insert time: 21.278 ms
[Build] Inserted 39100/50000 points, avg insert time: 67.313 ms
[Build] Inserted 39200/50000 points, avg insert time: 45.583 ms
[Build] Inserted 39300/50000 points, avg insert time: 39.732 ms
[Build] Inserted 39400/50000 points, avg insert time: 30.445 ms
[Build] Inserted 39500/50000 points, avg insert time: 11.491 ms
[Build] Inserted 39600/50000 points, avg insert time: 48.822 ms
[Build] Inserted 39700/50000 points, avg insert time: 30.418 ms
[Build] Inserted 39800/50000 points, avg insert time: 30.428 ms
[Build] Inserted 39900/50000 points, avg insert time: 33.427 ms
[Build] Inserted 40000/50000 points, avg insert time: 36.617 ms
[Build] Inserted 40100/50000 points, avg insert time: 33.383 ms
[Build] Inserted 40200/50000 points, avg insert time: 33.570 ms
[Build] Inserted 40300/50000 points, avg insert time: 27.513 ms
[Build] Inserted 40400/50000 points, avg insert time: 5.760 ms
[Build] Inserted 40500/50000 points, avg insert time: 27.359 ms
[Build] Inserted 40600/50000 points, avg insert time: 27.416 ms
[Build] Inserted 40700/50000 points, avg insert time: 27.391 ms
[Build] Inserted 40800/50000 points, avg insert time: 18.201 ms
[Build] Inserted 40900/50000 points, avg insert time: 42.590 ms
[Build] Inserted 41000/50000 points, avg insert time: 39.616 ms
[Build] Inserted 41100/50000 points, avg insert time: 30.373 ms
[Build] Inserted 41200/50000 points, avg insert time: 33.571 ms
[Build] Inserted 41300/50000 points, avg insert time: 45.761 ms
[Build] Inserted 41400/50000 points, avg insert time: 21.229 ms
[Build] Inserted 41500/50000 points, avg insert time: 20.871 ms
[Build] Inserted 41600/50000 points, avg insert time: 24.413 ms
[Build] Inserted 41700/50000 points, avg insert time: 51.642 ms
[Build] Inserted 41800/50000 points, avg insert time: 27.440 ms
[Build] Inserted 41900/50000 points, avg insert time: 36.688 ms
[Build] Inserted 42000/50000 points, avg insert time: 27.361 ms
[Build] Inserted 42100/50000 points, avg insert time: 33.502 ms
[Build] Inserted 42200/50000 points, avg insert time: 21.188 ms
[Build] Inserted 42300/50000 points, avg insert time: 36.644 ms
[Build] Inserted 42400/50000 points, avg insert time: 24.400 ms
[Build] Inserted 42500/50000 points, avg insert time: 2.087 ms
[Build] Inserted 42600/50000 points, avg insert time: 27.426 ms
[Build] Inserted 42700/50000 points, avg insert time: 36.575 ms
[Build] Inserted 42800/50000 points, avg insert time: 33.611 ms
[Build] Inserted 42900/50000 points, avg insert time: 45.810 ms
[Build] Inserted 43000/50000 points, avg insert time: 30.469 ms
[Build] Inserted 43100/50000 points, avg insert time: 30.392 ms
[Build] Inserted 43200/50000 points, avg insert time: 27.412 ms
[Build] Inserted 43300/50000 points, avg insert time: 36.337 ms
[Build] Inserted 43400/50000 points, avg insert time: 11.537 ms
[Build] Inserted 43500/50000 points, avg insert time: 21.324 ms
[Build] Inserted 43600/50000 points, avg insert time: 72.851 ms
[Build] Inserted 43700/50000 points, avg insert time: 42.654 ms
[Build] Inserted 43800/50000 points, avg insert time: 24.423 ms
[Build] Inserted 43900/50000 points, avg insert time: 24.464 ms
[Build] Inserted 44000/50000 points, avg insert time: 21.299 ms
[Build] Inserted 44100/50000 points, avg insert time: 39.404 ms
[Build] Inserted 44200/50000 points, avg insert time: 48.663 ms
[Build] Inserted 44300/50000 points, avg insert time: 15.043 ms
[Build] Inserted 44400/50000 points, avg insert time: 24.308 ms
[Build] Inserted 44500/50000 points, avg insert time: 61.022 ms
[Build] Inserted 44600/50000 points, avg insert time: 33.572 ms
[Build] Inserted 44700/50000 points, avg insert time: 39.586 ms
[Build] Inserted 44800/50000 points, avg insert time: 27.636 ms
[Build] Inserted 44900/50000 points, avg insert time: 42.637 ms
[Build] Inserted 45000/50000 points, avg insert time: 30.616 ms
[Build] Inserted 45100/50000 points, avg insert time: 27.361 ms
[Build] Inserted 45200/50000 points, avg insert time: 14.539 ms
[Build] Inserted 45300/50000 points, avg insert time: 21.314 ms
[Build] Inserted 45400/50000 points, avg insert time: 30.548 ms
[Build] Inserted 45500/50000 points, avg insert time: 24.408 ms
[Build] Inserted 45600/50000 points, avg insert time: 24.372 ms
[Build] Inserted 45700/50000 points, avg insert time: 27.312 ms
[Build] Inserted 45800/50000 points, avg insert time: 39.520 ms
[Build] Inserted 45900/50000 points, avg insert time: 36.452 ms
[Build] Inserted 46000/50000 points, avg insert time: 36.561 ms
[Build] Inserted 46100/50000 points, avg insert time: 27.457 ms
[Build] Inserted 46200/50000 points, avg insert time: 18.389 ms
[Build] Inserted 46300/50000 points, avg insert time: 2.269 ms
[Build] Inserted 46400/50000 points, avg insert time: 39.610 ms
[Build] Inserted 46500/50000 points, avg insert time: 39.701 ms
[Build] Inserted 46600/50000 points, avg insert time: 45.565 ms
[Build] Inserted 46700/50000 points, avg insert time: 36.547 ms
[Build] Inserted 46800/50000 points, avg insert time: 27.404 ms
[Build] Inserted 46900/50000 points, avg insert time: 27.423 ms
[Build] Inserted 47000/50000 points, avg insert time: 21.265 ms
[Build] Inserted 47100/50000 points, avg insert time: 30.463 ms
[Build] Inserted 47200/50000 points, avg insert time: 15.200 ms
[Build] Inserted 47300/50000 points, avg insert time: 27.351 ms
[Build] Inserted 47400/50000 points, avg insert time: -3.739 ms
[Build] Inserted 47500/50000 points, avg insert time: 45.642 ms
[Build] Inserted 47600/50000 points, avg insert time: 48.717 ms
[Build] Inserted 47700/50000 points, avg insert time: 45.563 ms
[Build] Inserted 47800/50000 points, avg insert time: 36.533 ms
[Build] Inserted 47900/50000 points, avg insert time: 42.601 ms
[Build] Inserted 48000/50000 points, avg insert time: 30.477 ms
[Build] Inserted 48100/50000 points, avg insert time: 48.711 ms
[Build] Inserted 48200/50000 points, avg insert time: 24.221 ms
[Build] Inserted 48300/50000 points, avg insert time: 30.482 ms
[Build] Inserted 48400/50000 points, avg insert time: 45.638 ms
[Build] Inserted 48500/50000 points, avg insert time: 36.648 ms
[Build] Inserted 48600/50000 points, avg insert time: 24.288 ms
[Build] Inserted 48700/50000 points, avg insert time: 39.738 ms
[Build] Inserted 48800/50000 points, avg insert time: 30.434 ms
[Build] Inserted 48900/50000 points, avg insert time: 48.845 ms
[Build] Inserted 49000/50000 points, avg insert time: 15.234 ms
[Build] Inserted 49100/50000 points, avg insert time: 5.586 ms
[Build] Inserted 49200/50000 points, avg insert time: 61.156 ms
[Build] Inserted 49300/50000 points, avg insert time: 42.486 ms
[Build] Inserted 49400/50000 points, avg insert time: 30.490 ms
[Build] Inserted 49500/50000 points, avg insert time: 48.755 ms
[Build] Inserted 49600/50000 points, avg insert time: 24.287 ms
[Build] Inserted 49700/50000 points, avg insert time: 33.629 ms
[Build] Inserted 49800/50000 points, avg insert time: 33.512 ms
[Build] Inserted 49900/50000 points, avg insert time: 23.991 ms
[Build] Inserted 50000/50000 points, avg insert time: 39.587 ms
[Build] Starting queries...
[Query] Processed 100/5000 queries, avg query time: 97.848 ms
[Query] Processed 200/5000 queries, avg query time: 97.705 ms
[Query] Processed 300/5000 queries, avg query time: 89.358 ms
[Query] Processed 400/5000 queries, avg query time: 91.548 ms
[Query] Processed 500/5000 queries, avg query time: 92.973 ms
[Query] Processed 600/5000 queries, avg query time: 93.853 ms
[Query] Processed 700/5000 queries, avg query time: 90.842 ms
[Query] Processed 800/5000 queries, avg query time: 91.981 ms
[Query] Processed 900/5000 queries, avg query time: 92.691 ms
[Query] Processed 1000/5000 queries, avg query time: 90.846 ms
[Query] Processed 1100/5000 queries, avg query time: 91.398 ms
[Query] Processed 1200/5000 queries, avg query time: 91.880 ms
[Query] Processed 1300/5000 queries, avg query time: 90.465 ms
[Query] Processed 1400/5000 queries, avg query time: 90.932 ms
[Query] Processed 1500/5000 queries, avg query time: 91.390 ms
[Query] Processed 1600/5000 queries, avg query time: 90.162 ms
[Query] Processed 1700/5000 queries, avg query time: 90.554 ms
[Query] Processed 1800/5000 queries, avg query time: 90.916 ms
[Query] Processed 1900/5000 queries, avg query time: 91.305 ms
[Query] Processed 2000/5000 queries, avg query time: 90.333 ms
[Query] Processed 2100/5000 queries, avg query time: 90.770 ms
[Query] Processed 2200/5000 queries, avg query time: 91.045 ms
[Query] Processed 2300/5000 queries, avg query time: 90.285 ms
[Query] Processed 2400/5000 queries, avg query time: 90.626 ms
[Query] Processed 2500/5000 queries, avg query time: 90.935 ms
[Query] Processed 2600/5000 queries, avg query time: 90.232 ms
[Query] Processed 2700/5000 queries, avg query time: 90.502 ms
[Query] Processed 2800/5000 queries, avg query time: 90.805 ms
[Query] Processed 2900/5000 queries, avg query time: 91.027 ms
[Query] Processed 3000/5000 queries, avg query time: 90.439 ms
[Query] Processed 3100/5000 queries, avg query time: 90.691 ms
[Query] Processed 3200/5000 queries, avg query time: 90.932 ms
[Query] Processed 3300/5000 queries, avg query time: 90.403 ms
[Query] Processed 3400/5000 queries, avg query time: 90.607 ms
[Query] Processed 3500/5000 queries, avg query time: 90.838 ms
[Query] Processed 3600/5000 queries, avg query time: 90.347 ms
[Query] Processed 3700/5000 queries, avg query time: 90.584 ms
[Query] Processed 3800/5000 queries, avg query time: 90.754 ms
[Query] Processed 3900/5000 queries, avg query time: 90.957 ms
[Query] Processed 4000/5000 queries, avg query time: 90.515 ms
[Query] Processed 4100/5000 queries, avg query time: 90.737 ms
[Query] Processed 4200/5000 queries, avg query time: 90.906 ms
[Query] Processed 4300/5000 queries, avg query time: 90.502 ms
[Query] Processed 4400/5000 queries, avg query time: 90.660 ms
[Query] Processed 4500/5000 queries, avg query time: 90.817 ms
[Query] Processed 4600/5000 queries, avg query time: 90.436 ms
[Query] Processed 4700/5000 queries, avg query time: 90.595 ms
[Query] Processed 4800/5000 queries, avg query time: 90.763 ms
[Query] Processed 4900/5000 queries, avg query time: 90.906 ms
[Query] Processed 5000/5000 queries, avg query time: 90.536 ms
[Sanity Check] Total Relevant =  5000
[Result] Memory breakdown (MB): {'hash_functions_MB': 316.2144470214844, 'bucket_ids_MB': 496.3871841430664, 'num_ids': 130124922, 'num_buckets': 27853014, 'hash_tables_overhead_MB': 2337.5179595947266, 'total_MB': 3150.1195907592773}
[Result] Epsilon-recall: 0.6126
[Result] (c,r)-ANN accuracy: 1.0000
[SUMMARY] r=1.0, eps=0.1, eta=0.2, recall=0.6126, (c,r)-ANN accuracy=1.0, memory=3150.1195907592773
