[Init] Inputs : eta=0.10, epsilon=0.10, r=1.00
[Init] LSH Parameters : w=2.660, p1=0.7010, p2=0.6722, rho=0.8945
[Init] Data Structure Parameters : k=18, L=688, key_bits=576, mode=speed
[Build] Starting insertion...
[Build] Inserted 100/1000 points, avg insert time: 9.708 ms
[Build] Inserted 200/1000 points, avg insert time: 8.406 ms
[Build] Inserted 300/1000 points, avg insert time: 8.082 ms
[Build] Inserted 400/1000 points, avg insert time: 9.081 ms
[Build] Inserted 500/1000 points, avg insert time: 7.658 ms
[Build] Inserted 600/1000 points, avg insert time: 5.248 ms
[Build] Inserted 700/1000 points, avg insert time: 9.123 ms
[Build] Inserted 800/1000 points, avg insert time: 7.533 ms
[Build] Inserted 900/1000 points, avg insert time: 6.444 ms
[Build] Inserted 1000/1000 points, avg insert time: 4.753 ms
[Build] Starting queries...
[Query] Processed 100/500 queries, avg query time: 12.094 ms
[Query] Processed 200/500 queries, avg query time: 11.744 ms
[Query] Processed 300/500 queries, avg query time: 11.481 ms
[Query] Processed 400/500 queries, avg query time: 11.342 ms
[Query] Processed 500/500 queries, avg query time: 11.312 ms
[Result] Memory breakdown (MB): {'hash_functions_MB': 18.235107421875, 'bucket_ids_MB': 1.28076171875, 'num_ids': 335744, 'num_buckets': 161087, 'hash_tables_overhead_MB': 13.518959045410156, 'total_MB': 33.034828186035156}
[Result] Epsilon-recall: 1.0000
[SUMMARY] eps=0.1, eta=0.1, recall=1.0000, memory=33.034828186035156
