[Init] Inputs : eta=0.15, epsilon=0.20, r=1.00
[Init] LSH Parameters : w=2.785, p1=0.7141, p2=0.6591, rho=0.8080
[Init] Data Structure Parameters : k=17, L=371, key_bits=544, mode=speed
[Build] Starting insertion...
[Build] Inserted 100/1000 points, avg insert time: 2.196 ms
[Build] Inserted 200/1000 points, avg insert time: 2.383 ms
[Build] Inserted 300/1000 points, avg insert time: 1.681 ms
[Build] Inserted 400/1000 points, avg insert time: 1.941 ms
[Build] Inserted 500/1000 points, avg insert time: 1.749 ms
[Build] Inserted 600/1000 points, avg insert time: 3.142 ms
[Build] Inserted 700/1000 points, avg insert time: 1.691 ms
[Build] Inserted 800/1000 points, avg insert time: 1.897 ms
[Build] Inserted 900/1000 points, avg insert time: 2.353 ms
[Build] Inserted 1000/1000 points, avg insert time: 2.101 ms
[Build] Starting queries...
[Query] Processed 100/500 queries, avg query time: 6.261 ms
[Query] Processed 200/500 queries, avg query time: 7.365 ms
[Query] Processed 300/500 queries, avg query time: 11.686 ms
[Query] Processed 400/500 queries, avg query time: 10.558 ms
[Query] Processed 500/500 queries, avg query time: 9.729 ms
[Result] Memory breakdown (MB): {'hash_functions_MB': 9.286888122558594, 'bucket_ids_MB': 0.4967536926269531, 'num_ids': 130221, 'num_buckets': 58071, 'hash_tables_overhead_MB': 4.873512268066406, 'total_MB': 14.657154083251953}
[Result] Epsilon-recall: 1.0000
[SUMMARY] eps=0.2, eta=0.15, recall=1.0000, memory=14.657154083251953
