[Init] Inputs : eta=0.30, epsilon=0.10, r=1.00
[Init] LSH Parameters : w=2.660, p1=0.7010, p2=0.6722, rho=0.8945
[Init] Data Structure Parameters : k=18, L=688, key_bits=576, mode=speed
[Build] Starting insertion...
[Build] Inserted 100/1000 points, avg insert time: 2.041 ms
[Build] Inserted 200/1000 points, avg insert time: 2.065 ms
[Build] Inserted 300/1000 points, avg insert time: 1.460 ms
[Build] Inserted 400/1000 points, avg insert time: 1.768 ms
[Build] Inserted 500/1000 points, avg insert time: 1.182 ms
[Build] Inserted 600/1000 points, avg insert time: 1.649 ms
[Build] Inserted 700/1000 points, avg insert time: 1.168 ms
[Build] Inserted 800/1000 points, avg insert time: 1.156 ms
[Build] Inserted 900/1000 points, avg insert time: 1.057 ms
[Build] Inserted 1000/1000 points, avg insert time: 2.801 ms
[Build] Starting queries...
[Query] Processed 100/500 queries, avg query time: 13.554 ms
[Query] Processed 200/500 queries, avg query time: 14.145 ms
[Query] Processed 300/500 queries, avg query time: 14.209 ms
[Query] Processed 400/500 queries, avg query time: 14.314 ms
[Query] Processed 500/500 queries, avg query time: 13.779 ms
[Result] Memory breakdown (MB): {'hash_functions_MB': 18.235107421875, 'bucket_ids_MB': 0.3359375, 'num_ids': 88064, 'num_buckets': 59527, 'hash_tables_overhead_MB': 4.995704650878906, 'total_MB': 23.566749572753906}
[Result] Epsilon-recall: 0.9066
[SUMMARY] eps=0.1, eta=0.3, recall=0.9066, memory=23.566749572753906
