[Init] Inputs : eta=0.10, epsilon=0.20, r=1.00
[Init] LSH Parameters : w=2.785, p1=0.7141, p2=0.6591, rho=0.8080
[Init] Data Structure Parameters : k=17, L=371, key_bits=544, mode=speed
[Build] Starting insertion...
[Build] Inserted 100/1000 points, avg insert time: 3.118 ms
[Build] Inserted 200/1000 points, avg insert time: 2.851 ms
[Build] Inserted 300/1000 points, avg insert time: 2.817 ms
[Build] Inserted 400/1000 points, avg insert time: 3.012 ms
[Build] Inserted 500/1000 points, avg insert time: 3.407 ms
[Build] Inserted 600/1000 points, avg insert time: 4.031 ms
[Build] Inserted 700/1000 points, avg insert time: 3.519 ms
[Build] Inserted 800/1000 points, avg insert time: 3.283 ms
[Build] Inserted 900/1000 points, avg insert time: 3.083 ms
[Build] Inserted 1000/1000 points, avg insert time: 3.494 ms
[Build] Starting queries...
[Query] Processed 100/500 queries, avg query time: 6.373 ms
[Query] Processed 200/500 queries, avg query time: 7.457 ms
[Query] Processed 300/500 queries, avg query time: 7.624 ms
[Query] Processed 400/500 queries, avg query time: 7.631 ms
[Query] Processed 500/500 queries, avg query time: 7.747 ms
[Result] Memory breakdown (MB): {'hash_functions_MB': 9.286888122558594, 'bucket_ids_MB': 0.7076263427734375, 'num_ids': 185500, 'num_buckets': 73801, 'hash_tables_overhead_MB': 6.193626403808594, 'total_MB': 16.188140869140625}
[Result] Epsilon-recall: 1.0000
[SUMMARY] eps=0.2, eta=0.1, recall=1.0000, memory=16.188140869140625
