[Init] Inputs : eta=0.25, epsilon=0.50, r=1.00
[Init] LSH Parameters : w=3.154, p1=0.7472, p2=0.6267, rho=0.6236
[Init] Data Structure Parameters : k=15, L=99, key_bits=480, mode=speed
[Build] Starting insertion...
[Build] Inserted 100/1000 points, avg insert time: 0.283 ms
[Build] Inserted 200/1000 points, avg insert time: 0.353 ms
[Build] Inserted 300/1000 points, avg insert time: 0.279 ms
[Build] Inserted 400/1000 points, avg insert time: 0.157 ms
[Build] Inserted 500/1000 points, avg insert time: 0.211 ms
[Build] Inserted 600/1000 points, avg insert time: 0.189 ms
[Build] Inserted 700/1000 points, avg insert time: 0.135 ms
[Build] Inserted 800/1000 points, avg insert time: 0.125 ms
[Build] Inserted 900/1000 points, avg insert time: 0.325 ms
[Build] Inserted 1000/1000 points, avg insert time: 0.188 ms
[Build] Starting queries...
[Query] Processed 100/500 queries, avg query time: 3.356 ms
[Query] Processed 200/500 queries, avg query time: 2.909 ms
[Query] Processed 300/500 queries, avg query time: 2.630 ms
[Query] Processed 400/500 queries, avg query time: 2.627 ms
[Query] Processed 500/500 queries, avg query time: 2.508 ms
[Result] Memory breakdown (MB): {'hash_functions_MB': 2.1866226196289062, 'bucket_ids_MB': 0.063446044921875, 'num_ids': 16632, 'num_buckets': 6657, 'hash_tables_overhead_MB': 0.5586776733398438, 'total_MB': 2.808746337890625}
[Result] Epsilon-recall: 1.0000
[SUMMARY] eps=0.5, eta=0.25, recall=1.0000, memory=2.808746337890625
