[Init] Inputs : eta=0.00, epsilon=0.50, r=1.00
[Init] LSH Parameters : w=3.154, p1=0.7472, p2=0.6267, rho=0.6236
[Init] Data Structure Parameters : k=15, L=99, key_bits=480, mode=speed
[Build] Starting insertion...
[Build] Inserted 100/1000 points, avg insert time: 1.332 ms
[Build] Inserted 200/1000 points, avg insert time: 1.965 ms
[Build] Inserted 300/1000 points, avg insert time: 1.638 ms
[Build] Inserted 400/1000 points, avg insert time: 2.029 ms
[Build] Inserted 500/1000 points, avg insert time: 2.166 ms
[Build] Inserted 600/1000 points, avg insert time: 1.764 ms
[Build] Inserted 700/1000 points, avg insert time: 1.194 ms
[Build] Inserted 800/1000 points, avg insert time: 1.422 ms
[Build] Inserted 900/1000 points, avg insert time: 1.012 ms
[Build] Inserted 1000/1000 points, avg insert time: 1.146 ms
[Build] Starting queries...
[Query] Processed 100/500 queries, avg query time: 4.685 ms
[Query] Processed 200/500 queries, avg query time: 4.464 ms
[Query] Processed 300/500 queries, avg query time: 4.755 ms
[Query] Processed 400/500 queries, avg query time: 4.384 ms
[Query] Processed 500/500 queries, avg query time: 4.316 ms
[Result] Memory breakdown (MB): {'hash_functions_MB': 2.1866226196289062, 'bucket_ids_MB': 0.377655029296875, 'num_ids': 99000, 'num_buckets': 15997, 'hash_tables_overhead_MB': 1.3425216674804688, 'total_MB': 3.90679931640625}
[Result] Epsilon-recall: 1.0000
[SUMMARY] eps=0.5, eta=0.0, recall=1.0000, memory=3.90679931640625
