[Init] Inputs : eta=0.00, epsilon=0.10, r=1.00
[Init] LSH Parameters : w=2.660, p1=0.7010, p2=0.6722, rho=0.8945
[Init] Data Structure Parameters : k=18, L=688, key_bits=576, mode=speed
[Build] Starting insertion...
[Build] Inserted 100/1000 points, avg insert time: 16.321 ms
[Build] Inserted 200/1000 points, avg insert time: 16.231 ms
[Build] Inserted 300/1000 points, avg insert time: 16.832 ms
[Build] Inserted 400/1000 points, avg insert time: 15.040 ms
[Build] Inserted 500/1000 points, avg insert time: 14.129 ms
[Build] Inserted 600/1000 points, avg insert time: 13.573 ms
[Build] Inserted 700/1000 points, avg insert time: 13.862 ms
[Build] Inserted 800/1000 points, avg insert time: 11.929 ms
[Build] Inserted 900/1000 points, avg insert time: 11.697 ms
[Build] Inserted 1000/1000 points, avg insert time: 28.024 ms
[Build] Starting queries...
[Query] Processed 100/500 queries, avg query time: 13.980 ms
[Query] Processed 200/500 queries, avg query time: 13.931 ms
[Query] Processed 300/500 queries, avg query time: 14.030 ms
[Query] Processed 400/500 queries, avg query time: 13.559 ms
[Query] Processed 500/500 queries, avg query time: 13.477 ms
[Result] Memory breakdown (MB): {'hash_functions_MB': 18.235107421875, 'bucket_ids_MB': 2.62451171875, 'num_ids': 688000, 'num_buckets': 260739, 'hash_tables_overhead_MB': 21.88208770751953, 'total_MB': 42.74170684814453}
[Result] Epsilon-recall: 1.0000
[SUMMARY] eps=0.1, eta=0.0, recall=1.0000, memory=42.74170684814453
