[Init] Inputs : eta=0.70, epsilon=0.10, r=1.00
[Init] LSH Parameters : w=2.660, p1=0.7010, p2=0.6722, rho=0.8945
[Init] Data Structure Parameters : k=18, L=688, key_bits=576, mode=speed
[Build] Starting insertion...
[Build] Inserted 100/1000 points, avg insert time: 0.171 ms
[Build] Inserted 200/1000 points, avg insert time: 0.001 ms
[Build] Inserted 300/1000 points, avg insert time: 0.081 ms
[Build] Inserted 400/1000 points, avg insert time: 0.082 ms
[Build] Inserted 500/1000 points, avg insert time: 0.001 ms
[Build] Inserted 600/1000 points, avg insert time: 0.081 ms
[Build] Inserted 700/1000 points, avg insert time: 0.001 ms
[Build] Inserted 800/1000 points, avg insert time: 0.305 ms
[Build] Inserted 900/1000 points, avg insert time: 0.474 ms
[Build] Inserted 1000/1000 points, avg insert time: 0.085 ms
[Build] Starting queries...
[Query] Processed 100/500 queries, avg query time: 12.347 ms
[Query] Processed 200/500 queries, avg query time: 12.375 ms
[Query] Processed 300/500 queries, avg query time: 12.657 ms
[Query] Processed 400/500 queries, avg query time: 12.346 ms
[Query] Processed 500/500 queries, avg query time: 12.363 ms
[Result] Memory breakdown (MB): {'hash_functions_MB': 18.235107421875, 'bucket_ids_MB': 0.02886962890625, 'num_ids': 7568, 'num_buckets': 7081, 'hash_tables_overhead_MB': 0.5942611694335938, 'total_MB': 18.858238220214844}
[Result] Epsilon-recall: 0.1902
[SUMMARY] eps=0.1, eta=0.7, recall=0.1902, memory=18.858238220214844
