[Init] Inputs : eta=0.70, epsilon=0.20, r=1.00
[Init] LSH Parameters : w=2.785, p1=0.7141, p2=0.6591, rho=0.8080
[Init] Data Structure Parameters : k=17, L=371, key_bits=544, mode=speed
[Build] Starting insertion...
[Build] Inserted 100/1000 points, avg insert time: 0.001 ms
[Build] Inserted 200/1000 points, avg insert time: 0.001 ms
[Build] Inserted 300/1000 points, avg insert time: 0.257 ms
[Build] Inserted 400/1000 points, avg insert time: 0.001 ms
[Build] Inserted 500/1000 points, avg insert time: 0.078 ms
[Build] Inserted 600/1000 points, avg insert time: 0.001 ms
[Build] Inserted 700/1000 points, avg insert time: 0.051 ms
[Build] Inserted 800/1000 points, avg insert time: 0.001 ms
[Build] Inserted 900/1000 points, avg insert time: 0.001 ms
[Build] Inserted 1000/1000 points, avg insert time: 0.092 ms
[Build] Starting queries...
[Query] Processed 100/500 queries, avg query time: 5.229 ms
[Query] Processed 200/500 queries, avg query time: 5.604 ms
[Query] Processed 300/500 queries, avg query time: 5.826 ms
[Query] Processed 400/500 queries, avg query time: 6.036 ms
[Query] Processed 500/500 queries, avg query time: 5.951 ms
[Result] Memory breakdown (MB): {'hash_functions_MB': 9.286888122558594, 'bucket_ids_MB': 0.009906768798828125, 'num_ids': 2597, 'num_buckets': 2410, 'hash_tables_overhead_MB': 0.2022552490234375, 'total_MB': 9.49905014038086}
[Result] Epsilon-recall: 0.5436
[SUMMARY] eps=0.2, eta=0.7, recall=0.5436, memory=9.49905014038086
