[Init] Inputs : eta=0.90, epsilon=0.20, r=1.00
[Init] LSH Parameters : w=2.785, p1=0.7141, p2=0.6591, rho=0.8080
[Init] Data Structure Parameters : k=17, L=371, key_bits=544, mode=speed
[Build] Starting insertion...
[Build] Inserted 100/1000 points, avg insert time: 0.001 ms
[Build] Inserted 200/1000 points, avg insert time: 0.086 ms
[Build] Inserted 300/1000 points, avg insert time: 0.001 ms
[Build] Inserted 400/1000 points, avg insert time: 0.044 ms
[Build] Inserted 500/1000 points, avg insert time: 0.001 ms
[Build] Inserted 600/1000 points, avg insert time: 0.001 ms
[Build] Inserted 700/1000 points, avg insert time: 0.001 ms
[Build] Inserted 800/1000 points, avg insert time: 0.001 ms
[Build] Inserted 900/1000 points, avg insert time: 0.093 ms
[Build] Inserted 1000/1000 points, avg insert time: 0.001 ms
[Build] Starting queries...
[Query] Processed 100/500 queries, avg query time: 6.379 ms
[Query] Processed 200/500 queries, avg query time: 6.509 ms
[Query] Processed 300/500 queries, avg query time: 6.250 ms
[Query] Processed 400/500 queries, avg query time: 5.931 ms
[Query] Processed 500/500 queries, avg query time: 6.017 ms
[Result] Memory breakdown (MB): {'hash_functions_MB': 9.286888122558594, 'bucket_ids_MB': 0.004245758056640625, 'num_ids': 1113, 'num_buckets': 1088, 'hash_tables_overhead_MB': 0.09130859375, 'total_MB': 9.382442474365234}
[Result] Epsilon-recall: 0.2394
[SUMMARY] eps=0.2, eta=0.9, recall=0.2394, memory=9.382442474365234
