[Init] Inputs : eta=0.25, epsilon=0.20, r=1.00
[Init] LSH Parameters : w=2.785, p1=0.7141, p2=0.6591, rho=0.8080
[Init] Data Structure Parameters : k=17, L=371, key_bits=544, mode=speed
[Build] Starting insertion...
[Build] Inserted 100/1000 points, avg insert time: 1.690 ms
[Build] Inserted 200/1000 points, avg insert time: 1.462 ms
[Build] Inserted 300/1000 points, avg insert time: 0.675 ms
[Build] Inserted 400/1000 points, avg insert time: 2.082 ms
[Build] Inserted 500/1000 points, avg insert time: 1.436 ms
[Build] Inserted 600/1000 points, avg insert time: 1.540 ms
[Build] Inserted 700/1000 points, avg insert time: 1.705 ms
[Build] Inserted 800/1000 points, avg insert time: 1.068 ms
[Build] Inserted 900/1000 points, avg insert time: 1.073 ms
[Build] Inserted 1000/1000 points, avg insert time: 1.735 ms
[Build] Starting queries...
[Query] Processed 100/500 queries, avg query time: 7.988 ms
[Query] Processed 200/500 queries, avg query time: 7.381 ms
[Query] Processed 300/500 queries, avg query time: 7.252 ms
[Query] Processed 400/500 queries, avg query time: 7.338 ms
[Query] Processed 500/500 queries, avg query time: 7.340 ms
[Result] Memory breakdown (MB): {'hash_functions_MB': 9.286888122558594, 'bucket_ids_MB': 0.2788047790527344, 'num_ids': 73087, 'num_buckets': 39463, 'hash_tables_overhead_MB': 3.3118667602539062, 'total_MB': 12.877559661865234}
[Result] Epsilon-recall: 1.0000
[SUMMARY] eps=0.2, eta=0.25, recall=1.0000, memory=12.877559661865234
