[Init] Inputs : eta=0.20, epsilon=0.50, r=1.00
[Init] LSH Parameters : w=3.154, p1=0.7472, p2=0.6267, rho=0.6236
[Init] Data Structure Parameters : k=15, L=99, key_bits=480, mode=speed
[Build] Starting insertion...
[Build] Inserted 100/1000 points, avg insert time: 0.353 ms
[Build] Inserted 200/1000 points, avg insert time: 0.333 ms
[Build] Inserted 300/1000 points, avg insert time: 0.309 ms
[Build] Inserted 400/1000 points, avg insert time: 0.296 ms
[Build] Inserted 500/1000 points, avg insert time: 0.220 ms
[Build] Inserted 600/1000 points, avg insert time: 0.237 ms
[Build] Inserted 700/1000 points, avg insert time: 0.367 ms
[Build] Inserted 800/1000 points, avg insert time: 0.348 ms
[Build] Inserted 900/1000 points, avg insert time: 0.806 ms
[Build] Inserted 1000/1000 points, avg insert time: 0.306 ms
[Build] Starting queries...
[Query] Processed 100/500 queries, avg query time: 2.377 ms
[Query] Processed 200/500 queries, avg query time: 2.205 ms
[Query] Processed 300/500 queries, avg query time: 2.362 ms
[Query] Processed 400/500 queries, avg query time: 2.647 ms
[Query] Processed 500/500 queries, avg query time: 2.915 ms
[Result] Memory breakdown (MB): {'hash_functions_MB': 2.1866226196289062, 'bucket_ids_MB': 0.09063720703125, 'num_ids': 23760, 'num_buckets': 7622, 'hash_tables_overhead_MB': 0.6396636962890625, 'total_MB': 2.9169235229492188}
[Result] Epsilon-recall: 1.0000
[SUMMARY] eps=0.5, eta=0.2, recall=1.0000, memory=2.9169235229492188
