[Init] Inputs : eta=0.00, epsilon=0.20, r=1.00
[Init] LSH Parameters : w=2.785, p1=0.7141, p2=0.6591, rho=0.8080
[Init] Data Structure Parameters : k=17, L=371, key_bits=544, mode=speed
[Build] Starting insertion...
[Build] Inserted 100/1000 points, avg insert time: 5.878 ms
[Build] Inserted 200/1000 points, avg insert time: 6.224 ms
[Build] Inserted 300/1000 points, avg insert time: 7.010 ms
[Build] Inserted 400/1000 points, avg insert time: 6.824 ms
[Build] Inserted 500/1000 points, avg insert time: 6.456 ms
[Build] Inserted 600/1000 points, avg insert time: 7.705 ms
[Build] Inserted 700/1000 points, avg insert time: 6.961 ms
[Build] Inserted 800/1000 points, avg insert time: 7.047 ms
[Build] Inserted 900/1000 points, avg insert time: 5.788 ms
[Build] Inserted 1000/1000 points, avg insert time: 7.363 ms
[Build] Starting queries...
[Query] Processed 100/500 queries, avg query time: 9.174 ms
[Query] Processed 200/500 queries, avg query time: 9.037 ms
[Query] Processed 300/500 queries, avg query time: 13.708 ms
[Query] Processed 400/500 queries, avg query time: 12.666 ms
[Query] Processed 500/500 queries, avg query time: 12.078 ms
[Result] Memory breakdown (MB): {'hash_functions_MB': 9.286888122558594, 'bucket_ids_MB': 1.415252685546875, 'num_ids': 371000, 'num_buckets': 112280, 'hash_tables_overhead_MB': 9.42291259765625, 'total_MB': 20.12505340576172}
[Result] Epsilon-recall: 1.0000
[SUMMARY] eps=0.2, eta=0.0, recall=1.0000, memory=20.12505340576172
