[Init] Inputs : eta=0.25, epsilon=0.10, r=1.00
[Init] LSH Parameters : w=2.660, p1=0.7010, p2=0.6722, rho=0.8945
[Init] Data Structure Parameters : k=18, L=688, key_bits=576, mode=speed
[Build] Starting insertion...
[Build] Inserted 100/1000 points, avg insert time: 2.606 ms
[Build] Inserted 200/1000 points, avg insert time: 2.193 ms
[Build] Inserted 300/1000 points, avg insert time: 2.144 ms
[Build] Inserted 400/1000 points, avg insert time: 3.307 ms
[Build] Inserted 500/1000 points, avg insert time: 2.186 ms
[Build] Inserted 600/1000 points, avg insert time: 2.321 ms
[Build] Inserted 700/1000 points, avg insert time: 3.663 ms
[Build] Inserted 800/1000 points, avg insert time: 2.290 ms
[Build] Inserted 900/1000 points, avg insert time: 2.717 ms
[Build] Inserted 1000/1000 points, avg insert time: 2.056 ms
[Build] Starting queries...
[Query] Processed 100/500 queries, avg query time: 14.663 ms
[Query] Processed 200/500 queries, avg query time: 13.828 ms
[Query] Processed 300/500 queries, avg query time: 13.878 ms
[Query] Processed 400/500 queries, avg query time: 13.955 ms
[Query] Processed 500/500 queries, avg query time: 13.523 ms
[Result] Memory breakdown (MB): {'hash_functions_MB': 18.235107421875, 'bucket_ids_MB': 0.5458984375, 'num_ids': 143104, 'num_buckets': 85607, 'hash_tables_overhead_MB': 7.184425354003906, 'total_MB': 25.965431213378906}
[Result] Epsilon-recall: 0.9848
[SUMMARY] eps=0.1, eta=0.25, recall=0.9848, memory=25.965431213378906
