[Init] Inputs : eta=0.10, epsilon=0.50, r=1.00
[Init] LSH Parameters : w=3.154, p1=0.7472, p2=0.6267, rho=0.6236
[Init] Data Structure Parameters : k=15, L=99, key_bits=480, mode=speed
[Build] Starting insertion...
[Build] Inserted 100/1000 points, avg insert time: 0.731 ms
[Build] Inserted 200/1000 points, avg insert time: 0.730 ms
[Build] Inserted 300/1000 points, avg insert time: 0.600 ms
[Build] Inserted 400/1000 points, avg insert time: 0.837 ms
[Build] Inserted 500/1000 points, avg insert time: 0.940 ms
[Build] Inserted 600/1000 points, avg insert time: 0.562 ms
[Build] Inserted 700/1000 points, avg insert time: 0.614 ms
[Build] Inserted 800/1000 points, avg insert time: 0.759 ms
[Build] Inserted 900/1000 points, avg insert time: 0.993 ms
[Build] Inserted 1000/1000 points, avg insert time: 0.865 ms
[Build] Starting queries...
[Query] Processed 100/500 queries, avg query time: 3.999 ms
[Query] Processed 200/500 queries, avg query time: 3.530 ms
[Query] Processed 300/500 queries, avg query time: 3.633 ms
[Query] Processed 400/500 queries, avg query time: 3.557 ms
[Query] Processed 500/500 queries, avg query time: 3.552 ms
[Result] Memory breakdown (MB): {'hash_functions_MB': 2.1866226196289062, 'bucket_ids_MB': 0.18731689453125, 'num_ids': 49104, 'num_buckets': 12497, 'hash_tables_overhead_MB': 1.0487899780273438, 'total_MB': 3.4227294921875}
[Result] Epsilon-recall: 1.0000
[SUMMARY] eps=0.5, eta=0.1, recall=1.0000, memory=3.4227294921875
