[Init] Inputs : eta=0.50, epsilon=0.10, r=1.00
[Init] LSH Parameters : w=2.660, p1=0.7010, p2=0.6722, rho=0.8945
[Init] Data Structure Parameters : k=18, L=688, key_bits=576, mode=speed
[Build] Starting insertion...
[Build] Inserted 100/1000 points, avg insert time: 0.172 ms
[Build] Inserted 200/1000 points, avg insert time: 0.001 ms
[Build] Inserted 300/1000 points, avg insert time: 0.299 ms
[Build] Inserted 400/1000 points, avg insert time: 0.438 ms
[Build] Inserted 500/1000 points, avg insert time: 0.250 ms
[Build] Inserted 600/1000 points, avg insert time: 0.917 ms
[Build] Inserted 700/1000 points, avg insert time: 1.033 ms
[Build] Inserted 800/1000 points, avg insert time: 0.383 ms
[Build] Inserted 900/1000 points, avg insert time: 0.252 ms
[Build] Inserted 1000/1000 points, avg insert time: 0.419 ms
[Build] Starting queries...
[Query] Processed 100/500 queries, avg query time: 12.865 ms
[Query] Processed 200/500 queries, avg query time: 12.481 ms
[Query] Processed 300/500 queries, avg query time: 12.582 ms
[Query] Processed 400/500 queries, avg query time: 12.738 ms
[Query] Processed 500/500 queries, avg query time: 12.792 ms
[Result] Memory breakdown (MB): {'hash_functions_MB': 18.235107421875, 'bucket_ids_MB': 0.0997314453125, 'num_ids': 26144, 'num_buckets': 21489, 'hash_tables_overhead_MB': 1.8034286499023438, 'total_MB': 20.138267517089844}
[Result] Epsilon-recall: 0.5624
[SUMMARY] eps=0.1, eta=0.5, recall=0.5624, memory=20.138267517089844
