[Init] Inputs : eta=0.15, epsilon=0.10, r=1.00
[Init] LSH Parameters : w=2.660, p1=0.7010, p2=0.6722, rho=0.8945
[Init] Data Structure Parameters : k=18, L=688, key_bits=576, mode=speed
[Build] Starting insertion...
[Build] Inserted 100/1000 points, avg insert time: 5.994 ms
[Build] Inserted 200/1000 points, avg insert time: 5.339 ms
[Build] Inserted 300/1000 points, avg insert time: 5.059 ms
[Build] Inserted 400/1000 points, avg insert time: 6.793 ms
[Build] Inserted 500/1000 points, avg insert time: 4.364 ms
[Build] Inserted 600/1000 points, avg insert time: 6.218 ms
[Build] Inserted 700/1000 points, avg insert time: 5.296 ms
[Build] Inserted 800/1000 points, avg insert time: 5.922 ms
[Build] Inserted 900/1000 points, avg insert time: 4.274 ms
[Build] Inserted 1000/1000 points, avg insert time: 5.786 ms
[Build] Starting queries...
[Query] Processed 100/500 queries, avg query time: 13.032 ms
[Query] Processed 200/500 queries, avg query time: 12.331 ms
[Query] Processed 300/500 queries, avg query time: 12.126 ms
[Query] Processed 400/500 queries, avg query time: 11.826 ms
[Query] Processed 500/500 queries, avg query time: 11.828 ms
[Result] Memory breakdown (MB): {'hash_functions_MB': 18.235107421875, 'bucket_ids_MB': 0.93170166015625, 'num_ids': 244240, 'num_buckets': 129174, 'hash_tables_overhead_MB': 10.840713500976562, 'total_MB': 30.007522583007812}
[Result] Epsilon-recall: 0.9982
[SUMMARY] eps=0.1, eta=0.15, recall=0.9982, memory=30.007522583007812
