[Init] Inputs : eta=0.30, epsilon=0.50, r=1.00
[Init] LSH Parameters : w=3.154, p1=0.7472, p2=0.6267, rho=0.6236
[Init] Data Structure Parameters : k=15, L=99, key_bits=480, mode=speed
[Build] Starting insertion...
[Build] Inserted 100/1000 points, avg insert time: 0.124 ms
[Build] Inserted 200/1000 points, avg insert time: 0.097 ms
[Build] Inserted 300/1000 points, avg insert time: 0.123 ms
[Build] Inserted 400/1000 points, avg insert time: 0.140 ms
[Build] Inserted 500/1000 points, avg insert time: 0.148 ms
[Build] Inserted 600/1000 points, avg insert time: 0.103 ms
[Build] Inserted 700/1000 points, avg insert time: 0.127 ms
[Build] Inserted 800/1000 points, avg insert time: 0.096 ms
[Build] Inserted 900/1000 points, avg insert time: 0.113 ms
[Build] Inserted 1000/1000 points, avg insert time: 0.158 ms
[Build] Starting queries...
[Query] Processed 100/500 queries, avg query time: 2.581 ms
[Query] Processed 200/500 queries, avg query time: 2.419 ms
[Query] Processed 300/500 queries, avg query time: 2.316 ms
[Query] Processed 400/500 queries, avg query time: 2.394 ms
[Query] Processed 500/500 queries, avg query time: 2.309 ms
[Result] Memory breakdown (MB): {'hash_functions_MB': 2.1866226196289062, 'bucket_ids_MB': 0.046451568603515625, 'num_ids': 12177, 'num_buckets': 5293, 'hash_tables_overhead_MB': 0.44420623779296875, 'total_MB': 2.6772804260253906}
[Result] Epsilon-recall: 1.0000
[SUMMARY] eps=0.5, eta=0.3, recall=1.0000, memory=2.6772804260253906
