[Init] Inputs : eta=0.50, epsilon=0.50, r=1.00
[Init] LSH Parameters : w=3.154, p1=0.7472, p2=0.6267, rho=0.6236
[Init] Data Structure Parameters : k=15, L=99, key_bits=480, mode=speed
[Build] Starting insertion...
[Build] Inserted 100/1000 points, avg insert time: 0.046 ms
[Build] Inserted 200/1000 points, avg insert time: 0.033 ms
[Build] Inserted 300/1000 points, avg insert time: 0.073 ms
[Build] Inserted 400/1000 points, avg insert time: 0.065 ms
[Build] Inserted 500/1000 points, avg insert time: 0.011 ms
[Build] Inserted 600/1000 points, avg insert time: 0.077 ms
[Build] Inserted 700/1000 points, avg insert time: 0.032 ms
[Build] Inserted 800/1000 points, avg insert time: 0.089 ms
[Build] Inserted 900/1000 points, avg insert time: 0.067 ms
[Build] Inserted 1000/1000 points, avg insert time: 0.057 ms
[Build] Starting queries...
[Query] Processed 100/500 queries, avg query time: 2.002 ms
[Query] Processed 200/500 queries, avg query time: 2.033 ms
[Query] Processed 300/500 queries, avg query time: 2.125 ms
[Query] Processed 400/500 queries, avg query time: 2.023 ms
[Query] Processed 500/500 queries, avg query time: 2.142 ms
[Result] Memory breakdown (MB): {'hash_functions_MB': 2.1866226196289062, 'bucket_ids_MB': 0.015106201171875, 'num_ids': 3960, 'num_buckets': 2395, 'hash_tables_overhead_MB': 0.20099639892578125, 'total_MB': 2.4027252197265625}
[Result] Epsilon-recall: 1.0000
[SUMMARY] eps=0.5, eta=0.5, recall=1.0000, memory=2.4027252197265625
